nohup: ignoring input
Intel(R) Extension for Scikit-learn* enabled (https://github.com/intel/scikit-learn-intelex)
experiment: K562 eiip_svm
trainSet len:[X=71150,y=71150]
testSet len:[X=4147,y=4147]
Fitting, totalling 240 fits
[fit 1/240] END C=0.0625, gamma=0.0625, kernel=rbf; total=4147, TP=163, TN=877, FP=3073, FN=34; precision=0.050, recall=0.827
accuracy: (test=0.251) average_precision: (test=0.058) balanced_accuracy: (test=0.525) f1: (test=0.095) roc_auc: (test=0.535) 55.16s
[fit 2/240] END C=0.0625, gamma=0.125, kernel=rbf; total=4147, TP=163, TN=874, FP=3076, FN=34; precision=0.050, recall=0.827
accuracy: (test=0.250) average_precision: (test=0.058) balanced_accuracy: (test=0.524) f1: (test=0.095) roc_auc: (test=0.535) 55.63s
[fit 3/240] END C=0.0625, gamma=0.25, kernel=rbf; total=4147, TP=161, TN=881, FP=3069, FN=36; precision=0.050, recall=0.817
accuracy: (test=0.251) average_precision: (test=0.058) balanced_accuracy: (test=0.520) f1: (test=0.094) roc_auc: (test=0.535) 56.03s
[fit 4/240] END C=0.0625, gamma=0.5, kernel=rbf; total=4147, TP=161, TN=881, FP=3069, FN=36; precision=0.050, recall=0.817
accuracy: (test=0.251) average_precision: (test=0.058) balanced_accuracy: (test=0.520) f1: (test=0.094) roc_auc: (test=0.535) 56.15s
[fit 5/240] END C=0.0625, gamma=1.0, kernel=rbf; total=4147, TP=156, TN=968, FP=2982, FN=41; precision=0.050, recall=0.792
accuracy: (test=0.271) average_precision: (test=0.057) balanced_accuracy: (test=0.518) f1: (test=0.094) roc_auc: (test=0.535) 56.36s
[fit 6/240] END C=0.0625, gamma=2.0, kernel=rbf; total=4147, TP=28, TN=3547, FP=403, FN=169; precision=0.065, recall=0.142
accuracy: (test=0.862) average_precision: (test=0.057) balanced_accuracy: (test=0.520) f1: (test=0.089) roc_auc: (test=0.535) 56.78s
[fit 7/240] END C=0.0625, gamma=4.0, kernel=rbf; total=4147, TP=98, TN=2133, FP=1817, FN=99; precision=0.051, recall=0.497
accuracy: (test=0.538) average_precision: (test=0.060) balanced_accuracy: (test=0.519) f1: (test=0.093) roc_auc: (test=0.538) 57.14s
[fit 8/240] END C=0.0625, gamma=8.0, kernel=rbf; total=4147, TP=101, TN=2140, FP=1810, FN=96; precision=0.053, recall=0.513
accuracy: (test=0.540) average_precision: (test=0.060) balanced_accuracy: (test=0.527) f1: (test=0.096) roc_auc: (test=0.543) 57.30s
[fit 9/240] END C=0.0625, gamma=16.0, kernel=rbf; total=4147, TP=103, TN=2153, FP=1797, FN=94; precision=0.054, recall=0.523
accuracy: (test=0.544) average_precision: (test=0.062) balanced_accuracy: (test=0.534) f1: (test=0.098) roc_auc: (test=0.554) 57.21s
[fit 10/240] END C=0.0625, gamma=32.0, kernel=rbf; total=4147, TP=102, TN=2202, FP=1748, FN=95; precision=0.055, recall=0.518
accuracy: (test=0.556) average_precision: (test=0.065) balanced_accuracy: (test=0.538) f1: (test=0.100) roc_auc: (test=0.570) 56.49s
[fit 11/240] END C=0.0625, gamma=64.0, kernel=rbf; total=4147, TP=102, TN=2338, FP=1612, FN=95; precision=0.060, recall=0.518
accuracy: (test=0.588) average_precision: (test=0.068) balanced_accuracy: (test=0.555) f1: (test=0.107) roc_auc: (test=0.595) 55.90s
[fit 12/240] END C=0.0625, gamma=128.0, kernel=rbf; total=4147, TP=104, TN=2485, FP=1465, FN=93; precision=0.066, recall=0.528
accuracy: (test=0.624) average_precision: (test=0.080) balanced_accuracy: (test=0.579) f1: (test=0.118) roc_auc: (test=0.632) 55.63s
[fit 13/240] END C=0.0625, gamma=256.0, kernel=rbf; total=4147, TP=112, TN=2709, FP=1241, FN=85; precision=0.083, recall=0.569
accuracy: (test=0.680) average_precision: (test=0.108) balanced_accuracy: (test=0.627) f1: (test=0.145) roc_auc: (test=0.680) 54.24s
[fit 14/240] END C=0.0625, gamma=512.0, kernel=rbf; total=4147, TP=114, TN=3002, FP=948, FN=83; precision=0.107, recall=0.579
accuracy: (test=0.751) average_precision: (test=0.173) balanced_accuracy: (test=0.669) f1: (test=0.181) roc_auc: (test=0.735) 52.66s
Line search fails in two-class probability estimates
[fit 15/240] END C=0.0625, gamma=1024.0, kernel=rbf; total=4147, TP=112, TN=3303, FP=647, FN=85; precision=0.148, recall=0.569
accuracy: (test=0.823) average_precision: (test=0.314) balanced_accuracy: (test=0.702) f1: (test=0.234) roc_auc: (test=0.790) 52.61s
[fit 16/240] END C=0.0625, gamma=2048.0, kernel=rbf; total=4147, TP=113, TN=3568, FP=382, FN=84; precision=0.228, recall=0.574
accuracy: (test=0.888) average_precision: (test=0.424) balanced_accuracy: (test=0.738) f1: (test=0.327) roc_auc: (test=0.816) 54.70s
[fit 17/240] END C=0.125, gamma=0.0625, kernel=rbf; total=4147, TP=163, TN=874, FP=3076, FN=34; precision=0.050, recall=0.827
accuracy: (test=0.250) average_precision: (test=0.058) balanced_accuracy: (test=0.524) f1: (test=0.095) roc_auc: (test=0.535) 56.41s
[fit 18/240] END C=0.125, gamma=0.125, kernel=rbf; total=4147, TP=162, TN=881, FP=3069, FN=35; precision=0.050, recall=0.822
accuracy: (test=0.252) average_precision: (test=0.058) balanced_accuracy: (test=0.523) f1: (test=0.095) roc_auc: (test=0.535) 56.33s
[fit 19/240] END C=0.125, gamma=0.25, kernel=rbf; total=4147, TP=161, TN=881, FP=3069, FN=36; precision=0.050, recall=0.817
accuracy: (test=0.251) average_precision: (test=0.058) balanced_accuracy: (test=0.520) f1: (test=0.094) roc_auc: (test=0.535) 56.38s
[fit 20/240] END C=0.125, gamma=0.5, kernel=rbf; total=4147, TP=61, TN=2806, FP=1144, FN=136; precision=0.051, recall=0.310
accuracy: (test=0.691) average_precision: (test=0.057) balanced_accuracy: (test=0.510) f1: (test=0.087) roc_auc: (test=0.535) 56.47s
[fit 21/240] END C=0.125, gamma=1.0, kernel=rbf; total=4147, TP=189, TN=236, FP=3714, FN=8; precision=0.048, recall=0.959
accuracy: (test=0.102) average_precision: (test=0.057) balanced_accuracy: (test=0.510) f1: (test=0.092) roc_auc: (test=0.535) 56.95s
[fit 22/240] END C=0.125, gamma=2.0, kernel=rbf; total=4147, TP=98, TN=2132, FP=1818, FN=99; precision=0.051, recall=0.497
accuracy: (test=0.538) average_precision: (test=0.060) balanced_accuracy: (test=0.519) f1: (test=0.093) roc_auc: (test=0.537) 57.08s
[fit 23/240] END C=0.125, gamma=4.0, kernel=rbf; total=4147, TP=99, TN=2139, FP=1811, FN=98; precision=0.052, recall=0.503
accuracy: (test=0.540) average_precision: (test=0.060) balanced_accuracy: (test=0.522) f1: (test=0.094) roc_auc: (test=0.543) 57.07s
[fit 24/240] END C=0.125, gamma=8.0, kernel=rbf; total=4147, TP=101, TN=2156, FP=1794, FN=96; precision=0.053, recall=0.513
accuracy: (test=0.544) average_precision: (test=0.061) balanced_accuracy: (test=0.529) f1: (test=0.097) roc_auc: (test=0.552) 57.20s
Line search fails in two-class probability estimates
[fit 25/240] END C=0.125, gamma=16.0, kernel=rbf; total=4147, TP=103, TN=2191, FP=1759, FN=94; precision=0.055, recall=0.523
accuracy: (test=0.553) average_precision: (test=0.065) balanced_accuracy: (test=0.539) f1: (test=0.100) roc_auc: (test=0.568) 57.02s
Line search fails in two-class probability estimates
[fit 26/240] END C=0.125, gamma=32.0, kernel=rbf; total=4147, TP=102, TN=2330, FP=1620, FN=95; precision=0.059, recall=0.518
accuracy: (test=0.586) average_precision: (test=0.071) balanced_accuracy: (test=0.554) f1: (test=0.106) roc_auc: (test=0.592) 56.73s
[fit 27/240] END C=0.125, gamma=64.0, kernel=rbf; total=4147, TP=106, TN=2461, FP=1489, FN=91; precision=0.066, recall=0.538
accuracy: (test=0.619) average_precision: (test=0.078) balanced_accuracy: (test=0.581) f1: (test=0.118) roc_auc: (test=0.624) 57.43s
[fit 28/240] END C=0.125, gamma=128.0, kernel=rbf; total=4147, TP=109, TN=2636, FP=1314, FN=88; precision=0.077, recall=0.553
accuracy: (test=0.662) average_precision: (test=0.099) balanced_accuracy: (test=0.610) f1: (test=0.135) roc_auc: (test=0.667) 58.12s
Line search fails in two-class probability estimates
[fit 29/240] END C=0.125, gamma=256.0, kernel=rbf; total=4147, TP=112, TN=2922, FP=1028, FN=85; precision=0.098, recall=0.569
accuracy: (test=0.732) average_precision: (test=0.141) balanced_accuracy: (test=0.654) f1: (test=0.168) roc_auc: (test=0.722) 56.86s
[fit 30/240] END C=0.125, gamma=512.0, kernel=rbf; total=4147, TP=118, TN=3245, FP=705, FN=79; precision=0.143, recall=0.599
accuracy: (test=0.811) average_precision: (test=0.267) balanced_accuracy: (test=0.710) f1: (test=0.231) roc_auc: (test=0.788) 55.48s
[fit 31/240] END C=0.125, gamma=1024.0, kernel=rbf; total=4147, TP=120, TN=3607, FP=343, FN=77; precision=0.259, recall=0.609
accuracy: (test=0.899) average_precision: (test=0.488) balanced_accuracy: (test=0.761) f1: (test=0.364) roc_auc: (test=0.848) 54.71s
[fit 32/240] END C=0.125, gamma=2048.0, kernel=rbf; total=4147, TP=118, TN=3820, FP=130, FN=79; precision=0.476, recall=0.599
accuracy: (test=0.950) average_precision: (test=0.618) balanced_accuracy: (test=0.783) f1: (test=0.530) roc_auc: (test=0.871) 1.00min
[fit 33/240] END C=0.25, gamma=0.0625, kernel=rbf; total=4147, TP=161, TN=881, FP=3069, FN=36; precision=0.050, recall=0.817
accuracy: (test=0.251) average_precision: (test=0.058) balanced_accuracy: (test=0.520) f1: (test=0.094) roc_auc: (test=0.535) 56.23s
[fit 34/240] END C=0.25, gamma=0.125, kernel=rbf; total=4147, TP=162, TN=881, FP=3069, FN=35; precision=0.050, recall=0.822
accuracy: (test=0.252) average_precision: (test=0.058) balanced_accuracy: (test=0.523) f1: (test=0.095) roc_auc: (test=0.535) 56.09s
[fit 35/240] END C=0.25, gamma=0.25, kernel=rbf; total=4147, TP=157, TN=964, FP=2986, FN=40; precision=0.050, recall=0.797
accuracy: (test=0.270) average_precision: (test=0.057) balanced_accuracy: (test=0.521) f1: (test=0.094) roc_auc: (test=0.535) 56.33s
[fit 36/240] END C=0.25, gamma=0.5, kernel=rbf; total=4147, TP=6, TN=3887, FP=63, FN=191; precision=0.087, recall=0.030
accuracy: (test=0.939) average_precision: (test=0.057) balanced_accuracy: (test=0.507) f1: (test=0.045) roc_auc: (test=0.535) 56.66s
[fit 37/240] END C=0.25, gamma=1.0, kernel=rbf; total=4147, TP=98, TN=2132, FP=1818, FN=99; precision=0.051, recall=0.497
accuracy: (test=0.538) average_precision: (test=0.060) balanced_accuracy: (test=0.519) f1: (test=0.093) roc_auc: (test=0.537) 56.96s
[fit 38/240] END C=0.25, gamma=2.0, kernel=rbf; total=4147, TP=99, TN=2148, FP=1802, FN=98; precision=0.052, recall=0.503
accuracy: (test=0.542) average_precision: (test=0.060) balanced_accuracy: (test=0.523) f1: (test=0.094) roc_auc: (test=0.543) 57.25s
[fit 39/240] END C=0.25, gamma=4.0, kernel=rbf; total=4147, TP=102, TN=2153, FP=1797, FN=95; precision=0.054, recall=0.518
accuracy: (test=0.544) average_precision: (test=0.061) balanced_accuracy: (test=0.531) f1: (test=0.097) roc_auc: (test=0.552) 57.21s
[fit 40/240] END C=0.25, gamma=8.0, kernel=rbf; total=4147, TP=104, TN=2194, FP=1756, FN=93; precision=0.056, recall=0.528
accuracy: (test=0.554) average_precision: (test=0.065) balanced_accuracy: (test=0.542) f1: (test=0.101) roc_auc: (test=0.568) 57.21s
[fit 41/240] END C=0.25, gamma=16.0, kernel=rbf; total=4147, TP=103, TN=2319, FP=1631, FN=94; precision=0.059, recall=0.523
accuracy: (test=0.584) average_precision: (test=0.071) balanced_accuracy: (test=0.555) f1: (test=0.107) roc_auc: (test=0.589) 57.31s
[fit 42/240] END C=0.25, gamma=32.0, kernel=rbf; total=4147, TP=107, TN=2442, FP=1508, FN=90; precision=0.066, recall=0.543
accuracy: (test=0.615) average_precision: (test=0.076) balanced_accuracy: (test=0.581) f1: (test=0.118) roc_auc: (test=0.617) 58.67s
[fit 43/240] END C=0.25, gamma=64.0, kernel=rbf; total=4147, TP=105, TN=2582, FP=1368, FN=92; precision=0.071, recall=0.533
accuracy: (test=0.648) average_precision: (test=0.090) balanced_accuracy: (test=0.593) f1: (test=0.126) roc_auc: (test=0.653) 1.02min
Line search fails in two-class probability estimates
[fit 44/240] END C=0.25, gamma=128.0, kernel=rbf; total=4147, TP=110, TN=2814, FP=1136, FN=87; precision=0.088, recall=0.558
accuracy: (test=0.705) average_precision: (test=0.118) balanced_accuracy: (test=0.635) f1: (test=0.152) roc_auc: (test=0.700) 1.03min
[fit 45/240] END C=0.25, gamma=256.0, kernel=rbf; total=4147, TP=117, TN=3084, FP=866, FN=80; precision=0.119, recall=0.594
accuracy: (test=0.772) average_precision: (test=0.192) balanced_accuracy: (test=0.687) f1: (test=0.198) roc_auc: (test=0.763) 1.01min
[fit 46/240] END C=0.25, gamma=512.0, kernel=rbf; total=4147, TP=125, TN=3470, FP=480, FN=72; precision=0.207, recall=0.635
accuracy: (test=0.867) average_precision: (test=0.416) balanced_accuracy: (test=0.756) f1: (test=0.312) roc_auc: (test=0.836) 1.01min
[fit 47/240] END C=0.25, gamma=1024.0, kernel=rbf; total=4147, TP=122, TN=3792, FP=158, FN=75; precision=0.436, recall=0.619
accuracy: (test=0.944) average_precision: (test=0.625) balanced_accuracy: (test=0.790) f1: (test=0.512) roc_auc: (test=0.882) 1.03min
[fit 48/240] END C=0.25, gamma=2048.0, kernel=rbf; total=4147, TP=115, TN=3910, FP=40, FN=82; precision=0.742, recall=0.584
accuracy: (test=0.971) average_precision: (test=0.687) balanced_accuracy: (test=0.787) f1: (test=0.653) roc_auc: (test=0.894) 1.27min
[fit 49/240] END C=0.5, gamma=0.0625, kernel=rbf; total=4147, TP=161, TN=881, FP=3069, FN=36; precision=0.050, recall=0.817
accuracy: (test=0.251) average_precision: (test=0.058) balanced_accuracy: (test=0.520) f1: (test=0.094) roc_auc: (test=0.535) 56.48s
[fit 50/240] END C=0.5, gamma=0.125, kernel=rbf; total=4147, TP=140, TN=1294, FP=2656, FN=57; precision=0.050, recall=0.711
accuracy: (test=0.346) average_precision: (test=0.057) balanced_accuracy: (test=0.519) f1: (test=0.094) roc_auc: (test=0.535) 56.36s
Line search fails in two-class probability estimates
[fit 51/240] END C=0.5, gamma=0.25, kernel=rbf; total=4147, TP=28, TN=3549, FP=401, FN=169; precision=0.065, recall=0.142
accuracy: (test=0.863) average_precision: (test=0.057) balanced_accuracy: (test=0.520) f1: (test=0.089) roc_auc: (test=0.535) 56.86s
[fit 52/240] END C=0.5, gamma=0.5, kernel=rbf; total=4147, TP=98, TN=2136, FP=1814, FN=99; precision=0.051, recall=0.497
accuracy: (test=0.539) average_precision: (test=0.060) balanced_accuracy: (test=0.519) f1: (test=0.093) roc_auc: (test=0.537) 56.85s
[fit 53/240] END C=0.5, gamma=1.0, kernel=rbf; total=4147, TP=99, TN=2149, FP=1801, FN=98; precision=0.052, recall=0.503
accuracy: (test=0.542) average_precision: (test=0.060) balanced_accuracy: (test=0.523) f1: (test=0.094) roc_auc: (test=0.543) 57.08s
[fit 54/240] END C=0.5, gamma=2.0, kernel=rbf; total=4147, TP=102, TN=2154, FP=1796, FN=95; precision=0.054, recall=0.518
accuracy: (test=0.544) average_precision: (test=0.061) balanced_accuracy: (test=0.532) f1: (test=0.097) roc_auc: (test=0.552) 57.42s
[fit 55/240] END C=0.5, gamma=4.0, kernel=rbf; total=4147, TP=105, TN=2186, FP=1764, FN=92; precision=0.056, recall=0.533
accuracy: (test=0.552) average_precision: (test=0.065) balanced_accuracy: (test=0.543) f1: (test=0.102) roc_auc: (test=0.567) 57.28s
[fit 56/240] END C=0.5, gamma=8.0, kernel=rbf; total=4147, TP=100, TN=2310, FP=1640, FN=97; precision=0.057, recall=0.508
accuracy: (test=0.581) average_precision: (test=0.070) balanced_accuracy: (test=0.546) f1: (test=0.103) roc_auc: (test=0.587) 57.66s
[fit 57/240] END C=0.5, gamma=16.0, kernel=rbf; total=4147, TP=103, TN=2431, FP=1519, FN=94; precision=0.064, recall=0.523
accuracy: (test=0.611) average_precision: (test=0.075) balanced_accuracy: (test=0.569) f1: (test=0.113) roc_auc: (test=0.612) 1.00min
[fit 58/240] END C=0.5, gamma=32.0, kernel=rbf; total=4147, TP=104, TN=2545, FP=1405, FN=93; precision=0.069, recall=0.528
accuracy: (test=0.639) average_precision: (test=0.085) balanced_accuracy: (test=0.586) f1: (test=0.122) roc_auc: (test=0.642) 1.04min
Line search fails in two-class probability estimates
[fit 59/240] END C=0.5, gamma=64.0, kernel=rbf; total=4147, TP=114, TN=2729, FP=1221, FN=83; precision=0.085, recall=0.579
accuracy: (test=0.686) average_precision: (test=0.103) balanced_accuracy: (test=0.635) f1: (test=0.149) roc_auc: (test=0.680) 1.09min
[fit 60/240] END C=0.5, gamma=128.0, kernel=rbf; total=4147, TP=112, TN=2962, FP=988, FN=85; precision=0.102, recall=0.569
accuracy: (test=0.741) average_precision: (test=0.148) balanced_accuracy: (test=0.659) f1: (test=0.173) roc_auc: (test=0.733) 1.10min
[fit 61/240] END C=0.5, gamma=256.0, kernel=rbf; total=4147, TP=121, TN=3268, FP=682, FN=76; precision=0.151, recall=0.614
accuracy: (test=0.817) average_precision: (test=0.284) balanced_accuracy: (test=0.721) f1: (test=0.242) roc_auc: (test=0.805) 1.10min
[fit 62/240] END C=0.5, gamma=512.0, kernel=rbf; total=4147, TP=126, TN=3671, FP=279, FN=71; precision=0.311, recall=0.640
accuracy: (test=0.916) average_precision: (test=0.550) balanced_accuracy: (test=0.784) f1: (test=0.419) roc_auc: (test=0.868) 1.15min
[fit 63/240] END C=0.5, gamma=1024.0, kernel=rbf; total=4147, TP=121, TN=3888, FP=62, FN=76; precision=0.661, recall=0.614
accuracy: (test=0.967) average_precision: (test=0.683) balanced_accuracy: (test=0.799) f1: (test=0.637) roc_auc: (test=0.901) 1.33min
[fit 64/240] END C=0.5, gamma=2048.0, kernel=rbf; total=4147, TP=112, TN=3929, FP=21, FN=85; precision=0.842, recall=0.569
accuracy: (test=0.974) average_precision: (test=0.711) balanced_accuracy: (test=0.782) f1: (test=0.679) roc_auc: (test=0.899) 1.69min
[fit 65/240] END C=1.0, gamma=0.0625, kernel=rbf; total=4147, TP=140, TN=1294, FP=2656, FN=57; precision=0.050, recall=0.711
accuracy: (test=0.346) average_precision: (test=0.057) balanced_accuracy: (test=0.519) f1: (test=0.094) roc_auc: (test=0.535) 56.65s
[fit 66/240] END C=1.0, gamma=0.125, kernel=rbf; total=4147, TP=195, TN=110, FP=3840, FN=2; precision=0.048, recall=0.990
accuracy: (test=0.074) average_precision: (test=0.057) balanced_accuracy: (test=0.509) f1: (test=0.092) roc_auc: (test=0.535) 56.83s
[fit 67/240] END C=1.0, gamma=0.25, kernel=rbf; total=4147, TP=61, TN=2894, FP=1056, FN=136; precision=0.055, recall=0.310
accuracy: (test=0.713) average_precision: (test=0.059) balanced_accuracy: (test=0.521) f1: (test=0.093) roc_auc: (test=0.537) 57.14s
[fit 68/240] END C=1.0, gamma=0.5, kernel=rbf; total=4147, TP=99, TN=2151, FP=1799, FN=98; precision=0.052, recall=0.503
accuracy: (test=0.543) average_precision: (test=0.060) balanced_accuracy: (test=0.524) f1: (test=0.095) roc_auc: (test=0.542) 57.32s
[fit 69/240] END C=1.0, gamma=1.0, kernel=rbf; total=4147, TP=102, TN=2154, FP=1796, FN=95; precision=0.054, recall=0.518
accuracy: (test=0.544) average_precision: (test=0.061) balanced_accuracy: (test=0.532) f1: (test=0.097) roc_auc: (test=0.552) 57.53s
Line search fails in two-class probability estimates
[fit 70/240] END C=1.0, gamma=2.0, kernel=rbf; total=4147, TP=106, TN=2185, FP=1765, FN=91; precision=0.057, recall=0.538
accuracy: (test=0.552) average_precision: (test=0.065) balanced_accuracy: (test=0.546) f1: (test=0.103) roc_auc: (test=0.567) 57.47s
Line search fails in two-class probability estimates
[fit 71/240] END C=1.0, gamma=4.0, kernel=rbf; total=4147, TP=99, TN=2306, FP=1644, FN=98; precision=0.057, recall=0.503
accuracy: (test=0.580) average_precision: (test=0.070) balanced_accuracy: (test=0.543) f1: (test=0.102) roc_auc: (test=0.586) 58.03s
[fit 72/240] END C=1.0, gamma=8.0, kernel=rbf; total=4147, TP=98, TN=2420, FP=1530, FN=99; precision=0.060, recall=0.497
accuracy: (test=0.607) average_precision: (test=0.075) balanced_accuracy: (test=0.555) f1: (test=0.107) roc_auc: (test=0.610) 1.01min
[fit 73/240] END C=1.0, gamma=16.0, kernel=rbf; total=4147, TP=102, TN=2529, FP=1421, FN=95; precision=0.067, recall=0.518
accuracy: (test=0.634) average_precision: (test=0.081) balanced_accuracy: (test=0.579) f1: (test=0.119) roc_auc: (test=0.634) 1.07min
[fit 74/240] END C=1.0, gamma=32.0, kernel=rbf; total=4147, TP=108, TN=2644, FP=1306, FN=89; precision=0.076, recall=0.548
accuracy: (test=0.664) average_precision: (test=0.094) balanced_accuracy: (test=0.609) f1: (test=0.134) roc_auc: (test=0.664) 1.13min
Line search fails in two-class probability estimates
[fit 75/240] END C=1.0, gamma=64.0, kernel=rbf; total=4147, TP=111, TN=2836, FP=1114, FN=86; precision=0.091, recall=0.563
accuracy: (test=0.711) average_precision: (test=0.121) balanced_accuracy: (test=0.641) f1: (test=0.156) roc_auc: (test=0.706) 1.17min
[fit 76/240] END C=1.0, gamma=128.0, kernel=rbf; total=4147, TP=115, TN=3084, FP=866, FN=82; precision=0.117, recall=0.584
accuracy: (test=0.771) average_precision: (test=0.195) balanced_accuracy: (test=0.682) f1: (test=0.195) roc_auc: (test=0.769) 1.16min
[fit 77/240] END C=1.0, gamma=256.0, kernel=rbf; total=4147, TP=130, TN=3478, FP=472, FN=67; precision=0.216, recall=0.660
accuracy: (test=0.870) average_precision: (test=0.406) balanced_accuracy: (test=0.770) f1: (test=0.325) roc_auc: (test=0.841) 1.25min
[fit 78/240] END C=1.0, gamma=512.0, kernel=rbf; total=4147, TP=124, TN=3811, FP=139, FN=73; precision=0.471, recall=0.629
accuracy: (test=0.949) average_precision: (test=0.639) balanced_accuracy: (test=0.797) f1: (test=0.539) roc_auc: (test=0.892) 1.45min
Line search fails in two-class probability estimates
[fit 79/240] END C=1.0, gamma=1024.0, kernel=rbf; total=4147, TP=119, TN=3924, FP=26, FN=78; precision=0.821, recall=0.604
accuracy: (test=0.975) average_precision: (test=0.709) balanced_accuracy: (test=0.799) f1: (test=0.696) roc_auc: (test=0.909) 1.78min
[fit 80/240] END C=1.0, gamma=2048.0, kernel=rbf; total=4147, TP=112, TN=3940, FP=10, FN=85; precision=0.918, recall=0.569
accuracy: (test=0.977) average_precision: (test=0.717) balanced_accuracy: (test=0.783) f1: (test=0.702) roc_auc: (test=0.898) 2.00min
[fit 81/240] END C=2.0, gamma=0.0625, kernel=rbf; total=4147, TP=190, TN=235, FP=3715, FN=7; precision=0.049, recall=0.964
accuracy: (test=0.102) average_precision: (test=0.057) balanced_accuracy: (test=0.512) f1: (test=0.093) roc_auc: (test=0.535) 57.07s
[fit 82/240] END C=2.0, gamma=0.125, kernel=rbf; total=4147, TP=61, TN=2895, FP=1055, FN=136; precision=0.055, recall=0.310
accuracy: (test=0.713) average_precision: (test=0.059) balanced_accuracy: (test=0.521) f1: (test=0.093) roc_auc: (test=0.537) 57.35s
[fit 83/240] END C=2.0, gamma=0.25, kernel=rbf; total=4147, TP=98, TN=2152, FP=1798, FN=99; precision=0.052, recall=0.497
accuracy: (test=0.543) average_precision: (test=0.060) balanced_accuracy: (test=0.521) f1: (test=0.094) roc_auc: (test=0.542) 57.56s
[fit 84/240] END C=2.0, gamma=0.5, kernel=rbf; total=4147, TP=102, TN=2158, FP=1792, FN=95; precision=0.054, recall=0.518
accuracy: (test=0.545) average_precision: (test=0.061) balanced_accuracy: (test=0.532) f1: (test=0.098) roc_auc: (test=0.552) 57.61s
[fit 85/240] END C=2.0, gamma=1.0, kernel=rbf; total=4147, TP=106, TN=2183, FP=1767, FN=91; precision=0.057, recall=0.538
accuracy: (test=0.552) average_precision: (test=0.065) balanced_accuracy: (test=0.545) f1: (test=0.102) roc_auc: (test=0.568) 57.43s
[fit 86/240] END C=2.0, gamma=2.0, kernel=rbf; total=4147, TP=98, TN=2307, FP=1643, FN=99; precision=0.056, recall=0.497
accuracy: (test=0.580) average_precision: (test=0.070) balanced_accuracy: (test=0.541) f1: (test=0.101) roc_auc: (test=0.586) 57.81s
[fit 87/240] END C=2.0, gamma=4.0, kernel=rbf; total=4147, TP=96, TN=2402, FP=1548, FN=101; precision=0.058, recall=0.487
accuracy: (test=0.602) average_precision: (test=0.074) balanced_accuracy: (test=0.548) f1: (test=0.104) roc_auc: (test=0.608) 1.02min
[fit 88/240] END C=2.0, gamma=8.0, kernel=rbf; total=4147, TP=101, TN=2520, FP=1430, FN=96; precision=0.066, recall=0.513
accuracy: (test=0.632) average_precision: (test=0.080) balanced_accuracy: (test=0.575) f1: (test=0.117) roc_auc: (test=0.629) 1.08min
[fit 89/240] END C=2.0, gamma=16.0, kernel=rbf; total=4147, TP=104, TN=2596, FP=1354, FN=93; precision=0.071, recall=0.528
accuracy: (test=0.651) average_precision: (test=0.088) balanced_accuracy: (test=0.593) f1: (test=0.126) roc_auc: (test=0.653) 1.14min
[fit 90/240] END C=2.0, gamma=32.0, kernel=rbf; total=4147, TP=113, TN=2749, FP=1201, FN=84; precision=0.086, recall=0.574
accuracy: (test=0.690) average_precision: (test=0.105) balanced_accuracy: (test=0.635) f1: (test=0.150) roc_auc: (test=0.686) 1.18min
[fit 91/240] END C=2.0, gamma=64.0, kernel=rbf; total=4147, TP=110, TN=2940, FP=1010, FN=87; precision=0.098, recall=0.558
accuracy: (test=0.735) average_precision: (test=0.144) balanced_accuracy: (test=0.651) f1: (test=0.167) roc_auc: (test=0.733) 1.18min
[fit 92/240] END C=2.0, gamma=128.0, kernel=rbf; total=4147, TP=121, TN=3265, FP=685, FN=76; precision=0.150, recall=0.614
accuracy: (test=0.816) average_precision: (test=0.263) balanced_accuracy: (test=0.720) f1: (test=0.241) roc_auc: (test=0.807) 1.27min
[fit 93/240] END C=2.0, gamma=256.0, kernel=rbf; total=4147, TP=129, TN=3646, FP=304, FN=68; precision=0.298, recall=0.655
accuracy: (test=0.910) average_precision: (test=0.521) balanced_accuracy: (test=0.789) f1: (test=0.410) roc_auc: (test=0.867) 1.51min
[fit 94/240] END C=2.0, gamma=512.0, kernel=rbf; total=4147, TP=124, TN=3887, FP=63, FN=73; precision=0.663, recall=0.629
accuracy: (test=0.967) average_precision: (test=0.681) balanced_accuracy: (test=0.807) f1: (test=0.646) roc_auc: (test=0.905) 2.02min
[fit 95/240] END C=2.0, gamma=1024.0, kernel=rbf; total=4147, TP=116, TN=3936, FP=14, FN=81; precision=0.892, recall=0.589
accuracy: (test=0.977) average_precision: (test=0.723) balanced_accuracy: (test=0.793) f1: (test=0.709) roc_auc: (test=0.910) 2.33min
[fit 96/240] END C=2.0, gamma=2048.0, kernel=rbf; total=4147, TP=108, TN=3943, FP=7, FN=89; precision=0.939, recall=0.548
accuracy: (test=0.977) average_precision: (test=0.717) balanced_accuracy: (test=0.773) f1: (test=0.692) roc_auc: (test=0.896) 2.11min
[fit 97/240] END C=4.0, gamma=0.0625, kernel=rbf; total=4147, TP=58, TN=2926, FP=1024, FN=139; precision=0.054, recall=0.294
accuracy: (test=0.720) average_precision: (test=0.059) balanced_accuracy: (test=0.518) f1: (test=0.091) roc_auc: (test=0.536) 57.48s
[fit 98/240] END C=4.0, gamma=0.125, kernel=rbf; total=4147, TP=98, TN=2151, FP=1799, FN=99; precision=0.052, recall=0.497
accuracy: (test=0.542) average_precision: (test=0.060) balanced_accuracy: (test=0.521) f1: (test=0.094) roc_auc: (test=0.542) 57.47s
[fit 99/240] END C=4.0, gamma=0.25, kernel=rbf; total=4147, TP=102, TN=2159, FP=1791, FN=95; precision=0.054, recall=0.518
accuracy: (test=0.545) average_precision: (test=0.061) balanced_accuracy: (test=0.532) f1: (test=0.098) roc_auc: (test=0.552) 57.66s
Line search fails in two-class probability estimates
[fit 100/240] END C=4.0, gamma=0.5, kernel=rbf; total=4147, TP=105, TN=2189, FP=1761, FN=92; precision=0.056, recall=0.533
accuracy: (test=0.553) average_precision: (test=0.065) balanced_accuracy: (test=0.544) f1: (test=0.102) roc_auc: (test=0.567) 57.75s
Line search fails in two-class probability estimates
[fit 101/240] END C=4.0, gamma=1.0, kernel=rbf; total=4147, TP=99, TN=2307, FP=1643, FN=98; precision=0.057, recall=0.503
accuracy: (test=0.580) average_precision: (test=0.070) balanced_accuracy: (test=0.543) f1: (test=0.102) roc_auc: (test=0.586) 58.11s
[fit 102/240] END C=4.0, gamma=2.0, kernel=rbf; total=4147, TP=96, TN=2397, FP=1553, FN=101; precision=0.058, recall=0.487
accuracy: (test=0.601) average_precision: (test=0.074) balanced_accuracy: (test=0.547) f1: (test=0.104) roc_auc: (test=0.606) 1.02min
[fit 103/240] END C=4.0, gamma=4.0, kernel=rbf; total=4147, TP=102, TN=2511, FP=1439, FN=95; precision=0.066, recall=0.518
accuracy: (test=0.630) average_precision: (test=0.079) balanced_accuracy: (test=0.577) f1: (test=0.117) roc_auc: (test=0.626) 1.09min
[fit 104/240] END C=4.0, gamma=8.0, kernel=rbf; total=4147, TP=105, TN=2580, FP=1370, FN=92; precision=0.071, recall=0.533
accuracy: (test=0.647) average_precision: (test=0.085) balanced_accuracy: (test=0.593) f1: (test=0.126) roc_auc: (test=0.645) 1.15min
Line search fails in two-class probability estimates
[fit 105/240] END C=4.0, gamma=16.0, kernel=rbf; total=4147, TP=112, TN=2656, FP=1294, FN=85; precision=0.080, recall=0.569
accuracy: (test=0.667) average_precision: (test=0.095) balanced_accuracy: (test=0.620) f1: (test=0.140) roc_auc: (test=0.670) 1.20min
[fit 106/240] END C=4.0, gamma=32.0, kernel=rbf; total=4147, TP=115, TN=2815, FP=1135, FN=82; precision=0.092, recall=0.584
accuracy: (test=0.707) average_precision: (test=0.118) balanced_accuracy: (test=0.648) f1: (test=0.159) roc_auc: (test=0.707) 1.23min
[fit 107/240] END C=4.0, gamma=64.0, kernel=rbf; total=4147, TP=115, TN=3068, FP=882, FN=82; precision=0.115, recall=0.584
accuracy: (test=0.768) average_precision: (test=0.183) balanced_accuracy: (test=0.680) f1: (test=0.193) roc_auc: (test=0.765) 1.24min
[fit 108/240] END C=4.0, gamma=128.0, kernel=rbf; total=4147, TP=128, TN=3439, FP=511, FN=69; precision=0.200, recall=0.650
accuracy: (test=0.860) average_precision: (test=0.361) balanced_accuracy: (test=0.760) f1: (test=0.306) roc_auc: (test=0.838) 1.52min
[fit 109/240] END C=4.0, gamma=256.0, kernel=rbf; total=4147, TP=124, TN=3773, FP=177, FN=73; precision=0.412, recall=0.629
accuracy: (test=0.940) average_precision: (test=0.609) balanced_accuracy: (test=0.792) f1: (test=0.498) roc_auc: (test=0.889) 2.06min
[fit 110/240] END C=4.0, gamma=512.0, kernel=rbf; total=4147, TP=123, TN=3911, FP=39, FN=74; precision=0.759, recall=0.624
accuracy: (test=0.973) average_precision: (test=0.706) balanced_accuracy: (test=0.807) f1: (test=0.685) roc_auc: (test=0.910) 2.85min
[fit 111/240] END C=4.0, gamma=1024.0, kernel=rbf; total=4147, TP=111, TN=3943, FP=7, FN=86; precision=0.941, recall=0.563
accuracy: (test=0.978) average_precision: (test=0.723) balanced_accuracy: (test=0.781) f1: (test=0.705) roc_auc: (test=0.909) 2.70min
[fit 112/240] END C=4.0, gamma=2048.0, kernel=rbf; total=4147, TP=108, TN=3945, FP=5, FN=89; precision=0.956, recall=0.548
accuracy: (test=0.977) average_precision: (test=0.717) balanced_accuracy: (test=0.773) f1: (test=0.697) roc_auc: (test=0.896) 2.10min
[fit 113/240] END C=8.0, gamma=0.0625, kernel=rbf; total=4147, TP=98, TN=2151, FP=1799, FN=99; precision=0.052, recall=0.497
accuracy: (test=0.542) average_precision: (test=0.060) balanced_accuracy: (test=0.521) f1: (test=0.094) roc_auc: (test=0.542) 57.73s
[fit 114/240] END C=8.0, gamma=0.125, kernel=rbf; total=4147, TP=102, TN=2160, FP=1790, FN=95; precision=0.054, recall=0.518
accuracy: (test=0.545) average_precision: (test=0.061) balanced_accuracy: (test=0.532) f1: (test=0.098) roc_auc: (test=0.552) 57.86s
Line search fails in two-class probability estimates
[fit 115/240] END C=8.0, gamma=0.25, kernel=rbf; total=4147, TP=105, TN=2190, FP=1760, FN=92; precision=0.056, recall=0.533
accuracy: (test=0.553) average_precision: (test=0.064) balanced_accuracy: (test=0.544) f1: (test=0.102) roc_auc: (test=0.567) 57.70s
[fit 116/240] END C=8.0, gamma=0.5, kernel=rbf; total=4147, TP=99, TN=2308, FP=1642, FN=98; precision=0.057, recall=0.503
accuracy: (test=0.580) average_precision: (test=0.070) balanced_accuracy: (test=0.543) f1: (test=0.102) roc_auc: (test=0.586) 57.88s
[fit 117/240] END C=8.0, gamma=1.0, kernel=rbf; total=4147, TP=98, TN=2385, FP=1565, FN=99; precision=0.059, recall=0.497
accuracy: (test=0.599) average_precision: (test=0.074) balanced_accuracy: (test=0.551) f1: (test=0.105) roc_auc: (test=0.605) 1.01min
[fit 118/240] END C=8.0, gamma=2.0, kernel=rbf; total=4147, TP=102, TN=2512, FP=1438, FN=95; precision=0.066, recall=0.518
accuracy: (test=0.630) average_precision: (test=0.079) balanced_accuracy: (test=0.577) f1: (test=0.117) roc_auc: (test=0.624) 1.09min
[fit 119/240] END C=8.0, gamma=4.0, kernel=rbf; total=4147, TP=105, TN=2576, FP=1374, FN=92; precision=0.071, recall=0.533
accuracy: (test=0.646) average_precision: (test=0.083) balanced_accuracy: (test=0.593) f1: (test=0.125) roc_auc: (test=0.640) 1.15min
[fit 120/240] END C=8.0, gamma=8.0, kernel=rbf; total=4147, TP=105, TN=2624, FP=1326, FN=92; precision=0.073, recall=0.533
accuracy: (test=0.658) average_precision: (test=0.090) balanced_accuracy: (test=0.599) f1: (test=0.129) roc_auc: (test=0.660) 1.20min
Line search fails in two-class probability estimates
[fit 121/240] END C=8.0, gamma=16.0, kernel=rbf; total=4147, TP=116, TN=2740, FP=1210, FN=81; precision=0.087, recall=0.589
accuracy: (test=0.689) average_precision: (test=0.104) balanced_accuracy: (test=0.641) f1: (test=0.152) roc_auc: (test=0.686) 1.22min
[fit 122/240] END C=8.0, gamma=32.0, kernel=rbf; total=4147, TP=114, TN=2917, FP=1033, FN=83; precision=0.099, recall=0.579
accuracy: (test=0.731) average_precision: (test=0.139) balanced_accuracy: (test=0.659) f1: (test=0.170) roc_auc: (test=0.730) 1.26min
Line search fails in two-class probability estimates
[fit 123/240] END C=8.0, gamma=64.0, kernel=rbf; total=4147, TP=124, TN=3238, FP=712, FN=73; precision=0.148, recall=0.629
accuracy: (test=0.811) average_precision: (test=0.242) balanced_accuracy: (test=0.725) f1: (test=0.240) roc_auc: (test=0.803) 1.44min
[fit 124/240] END C=8.0, gamma=128.0, kernel=rbf; total=4147, TP=127, TN=3612, FP=338, FN=70; precision=0.273, recall=0.645
accuracy: (test=0.902) average_precision: (test=0.472) balanced_accuracy: (test=0.780) f1: (test=0.384) roc_auc: (test=0.865) 2.00min
[fit 125/240] END C=8.0, gamma=256.0, kernel=rbf; total=4147, TP=127, TN=3862, FP=88, FN=70; precision=0.591, recall=0.645
accuracy: (test=0.962) average_precision: (test=0.669) balanced_accuracy: (test=0.811) f1: (test=0.617) roc_auc: (test=0.904) 3.08min
[fit 126/240] END C=8.0, gamma=512.0, kernel=rbf; total=4147, TP=119, TN=3929, FP=21, FN=78; precision=0.850, recall=0.604
accuracy: (test=0.976) average_precision: (test=0.721) balanced_accuracy: (test=0.799) f1: (test=0.706) roc_auc: (test=0.912) 3.79min
[fit 127/240] END C=8.0, gamma=1024.0, kernel=rbf; total=4147, TP=106, TN=3942, FP=8, FN=91; precision=0.930, recall=0.538
accuracy: (test=0.976) average_precision: (test=0.722) balanced_accuracy: (test=0.768) f1: (test=0.682) roc_auc: (test=0.909) 2.79min
[fit 128/240] END C=8.0, gamma=2048.0, kernel=rbf; total=4147, TP=108, TN=3945, FP=5, FN=89; precision=0.956, recall=0.548
accuracy: (test=0.977) average_precision: (test=0.717) balanced_accuracy: (test=0.773) f1: (test=0.697) roc_auc: (test=0.896) 2.13min
[fit 129/240] END C=16.0, gamma=0.0625, kernel=rbf; total=4147, TP=102, TN=2162, FP=1788, FN=95; precision=0.054, recall=0.518
accuracy: (test=0.546) average_precision: (test=0.061) balanced_accuracy: (test=0.533) f1: (test=0.098) roc_auc: (test=0.552) 57.80s
Line search fails in two-class probability estimates
[fit 130/240] END C=16.0, gamma=0.125, kernel=rbf; total=4147, TP=105, TN=2190, FP=1760, FN=92; precision=0.056, recall=0.533
accuracy: (test=0.553) average_precision: (test=0.064) balanced_accuracy: (test=0.544) f1: (test=0.102) roc_auc: (test=0.567) 57.86s
Line search fails in two-class probability estimates
[fit 131/240] END C=16.0, gamma=0.25, kernel=rbf; total=4147, TP=99, TN=2305, FP=1645, FN=98; precision=0.057, recall=0.503
accuracy: (test=0.580) average_precision: (test=0.070) balanced_accuracy: (test=0.543) f1: (test=0.102) roc_auc: (test=0.586) 58.17s
[fit 132/240] END C=16.0, gamma=0.5, kernel=rbf; total=4147, TP=97, TN=2384, FP=1566, FN=100; precision=0.058, recall=0.492
accuracy: (test=0.598) average_precision: (test=0.074) balanced_accuracy: (test=0.548) f1: (test=0.104) roc_auc: (test=0.605) 1.01min
[fit 133/240] END C=16.0, gamma=1.0, kernel=rbf; total=4147, TP=104, TN=2506, FP=1444, FN=93; precision=0.067, recall=0.528
accuracy: (test=0.629) average_precision: (test=0.078) balanced_accuracy: (test=0.581) f1: (test=0.119) roc_auc: (test=0.623) 1.10min
[fit 134/240] END C=16.0, gamma=2.0, kernel=rbf; total=4147, TP=106, TN=2553, FP=1397, FN=91; precision=0.071, recall=0.538
accuracy: (test=0.641) average_precision: (test=0.082) balanced_accuracy: (test=0.592) f1: (test=0.125) roc_auc: (test=0.637) 1.16min
[fit 135/240] END C=16.0, gamma=4.0, kernel=rbf; total=4147, TP=104, TN=2599, FP=1351, FN=93; precision=0.071, recall=0.528
accuracy: (test=0.652) average_precision: (test=0.086) balanced_accuracy: (test=0.593) f1: (test=0.126) roc_auc: (test=0.652) 1.18min
Line search fails in two-class probability estimates
[fit 136/240] END C=16.0, gamma=8.0, kernel=rbf; total=4147, TP=111, TN=2668, FP=1282, FN=86; precision=0.080, recall=0.563
accuracy: (test=0.670) average_precision: (test=0.095) balanced_accuracy: (test=0.619) f1: (test=0.140) roc_auc: (test=0.672) 1.22min
[fit 137/240] END C=16.0, gamma=16.0, kernel=rbf; total=4147, TP=114, TN=2793, FP=1157, FN=83; precision=0.090, recall=0.579
accuracy: (test=0.701) average_precision: (test=0.115) balanced_accuracy: (test=0.643) f1: (test=0.155) roc_auc: (test=0.703) 1.27min
[fit 138/240] END C=16.0, gamma=32.0, kernel=rbf; total=4147, TP=117, TN=3048, FP=902, FN=80; precision=0.115, recall=0.594
accuracy: (test=0.763) average_precision: (test=0.171) balanced_accuracy: (test=0.683) f1: (test=0.192) roc_auc: (test=0.761) 1.41min
[fit 139/240] END C=16.0, gamma=64.0, kernel=rbf; total=4147, TP=129, TN=3419, FP=531, FN=68; precision=0.195, recall=0.655
accuracy: (test=0.856) average_precision: (test=0.330) balanced_accuracy: (test=0.760) f1: (test=0.301) roc_auc: (test=0.834) 1.97min
[fit 140/240] END C=16.0, gamma=128.0, kernel=rbf; total=4147, TP=124, TN=3744, FP=206, FN=73; precision=0.376, recall=0.629
accuracy: (test=0.933) average_precision: (test=0.569) balanced_accuracy: (test=0.789) f1: (test=0.471) roc_auc: (test=0.886) 2.96min
[fit 141/240] END C=16.0, gamma=256.0, kernel=rbf; total=4147, TP=124, TN=3900, FP=50, FN=73; precision=0.713, recall=0.629
accuracy: (test=0.970) average_precision: (test=0.697) balanced_accuracy: (test=0.808) f1: (test=0.668) roc_auc: (test=0.909) 4.54min
[fit 142/240] END C=16.0, gamma=512.0, kernel=rbf; total=4147, TP=113, TN=3935, FP=15, FN=84; precision=0.883, recall=0.574
accuracy: (test=0.976) average_precision: (test=0.718) balanced_accuracy: (test=0.785) f1: (test=0.695) roc_auc: (test=0.910) 4.40min
[fit 143/240] END C=16.0, gamma=1024.0, kernel=rbf; total=4147, TP=106, TN=3942, FP=8, FN=91; precision=0.930, recall=0.538
accuracy: (test=0.976) average_precision: (test=0.721) balanced_accuracy: (test=0.768) f1: (test=0.682) roc_auc: (test=0.909) 2.84min
[fit 144/240] END C=16.0, gamma=2048.0, kernel=rbf; total=4147, TP=108, TN=3945, FP=5, FN=89; precision=0.956, recall=0.548
accuracy: (test=0.977) average_precision: (test=0.716) balanced_accuracy: (test=0.773) f1: (test=0.697) roc_auc: (test=0.895) 2.15min
Line search fails in two-class probability estimates
[fit 145/240] END C=32.0, gamma=0.0625, kernel=rbf; total=4147, TP=105, TN=2189, FP=1761, FN=92; precision=0.056, recall=0.533
accuracy: (test=0.553) average_precision: (test=0.064) balanced_accuracy: (test=0.544) f1: (test=0.102) roc_auc: (test=0.567) 58.08s
Line search fails in two-class probability estimates
[fit 146/240] END C=32.0, gamma=0.125, kernel=rbf; total=4147, TP=99, TN=2301, FP=1649, FN=98; precision=0.057, recall=0.503
accuracy: (test=0.579) average_precision: (test=0.070) balanced_accuracy: (test=0.543) f1: (test=0.102) roc_auc: (test=0.586) 58.31s
[fit 147/240] END C=32.0, gamma=0.25, kernel=rbf; total=4147, TP=99, TN=2383, FP=1567, FN=98; precision=0.059, recall=0.503
accuracy: (test=0.599) average_precision: (test=0.074) balanced_accuracy: (test=0.553) f1: (test=0.106) roc_auc: (test=0.605) 1.01min
[fit 148/240] END C=32.0, gamma=0.5, kernel=rbf; total=4147, TP=104, TN=2498, FP=1452, FN=93; precision=0.067, recall=0.528
accuracy: (test=0.627) average_precision: (test=0.078) balanced_accuracy: (test=0.580) f1: (test=0.119) roc_auc: (test=0.622) 1.09min
[fit 149/240] END C=32.0, gamma=1.0, kernel=rbf; total=4147, TP=106, TN=2546, FP=1404, FN=91; precision=0.070, recall=0.538
accuracy: (test=0.639) average_precision: (test=0.081) balanced_accuracy: (test=0.591) f1: (test=0.124) roc_auc: (test=0.635) 1.15min
[fit 150/240] END C=32.0, gamma=2.0, kernel=rbf; total=4147, TP=101, TN=2590, FP=1360, FN=96; precision=0.069, recall=0.513
accuracy: (test=0.649) average_precision: (test=0.084) balanced_accuracy: (test=0.584) f1: (test=0.122) roc_auc: (test=0.648) 1.18min
[fit 151/240] END C=32.0, gamma=4.0, kernel=rbf; total=4147, TP=109, TN=2621, FP=1329, FN=88; precision=0.076, recall=0.553
accuracy: (test=0.658) average_precision: (test=0.089) balanced_accuracy: (test=0.608) f1: (test=0.133) roc_auc: (test=0.663) 1.22min
Line search fails in two-class probability estimates
[fit 152/240] END C=32.0, gamma=8.0, kernel=rbf; total=4147, TP=117, TN=2726, FP=1224, FN=80; precision=0.087, recall=0.594
accuracy: (test=0.686) average_precision: (test=0.101) balanced_accuracy: (test=0.642) f1: (test=0.152) roc_auc: (test=0.685) 1.28min
[fit 153/240] END C=32.0, gamma=16.0, kernel=rbf; total=4147, TP=115, TN=2907, FP=1043, FN=82; precision=0.099, recall=0.584
accuracy: (test=0.729) average_precision: (test=0.133) balanced_accuracy: (test=0.660) f1: (test=0.170) roc_auc: (test=0.726) 1.42min
[fit 154/240] END C=32.0, gamma=32.0, kernel=rbf; total=4147, TP=125, TN=3216, FP=734, FN=72; precision=0.146, recall=0.635
accuracy: (test=0.806) average_precision: (test=0.227) balanced_accuracy: (test=0.724) f1: (test=0.237) roc_auc: (test=0.799) 1.82min
[fit 155/240] END C=32.0, gamma=64.0, kernel=rbf; total=4147, TP=128, TN=3581, FP=369, FN=69; precision=0.258, recall=0.650
accuracy: (test=0.894) average_precision: (test=0.432) balanced_accuracy: (test=0.778) f1: (test=0.369) roc_auc: (test=0.861) 2.84min
[fit 156/240] END C=32.0, gamma=128.0, kernel=rbf; total=4147, TP=124, TN=3842, FP=108, FN=73; precision=0.534, recall=0.629
accuracy: (test=0.956) average_precision: (test=0.644) balanced_accuracy: (test=0.801) f1: (test=0.578) roc_auc: (test=0.901) 4.85min
[fit 157/240] END C=32.0, gamma=256.0, kernel=rbf; total=4147, TP=121, TN=3913, FP=37, FN=76; precision=0.766, recall=0.614
accuracy: (test=0.973) average_precision: (test=0.713) balanced_accuracy: (test=0.802) f1: (test=0.682) roc_auc: (test=0.912) 6.27min
[fit 158/240] END C=32.0, gamma=512.0, kernel=rbf; total=4147, TP=112, TN=3937, FP=13, FN=85; precision=0.896, recall=0.569
accuracy: (test=0.976) average_precision: (test=0.716) balanced_accuracy: (test=0.783) f1: (test=0.696) roc_auc: (test=0.910) 4.66min
[fit 159/240] END C=32.0, gamma=1024.0, kernel=rbf; total=4147, TP=106, TN=3943, FP=7, FN=91; precision=0.938, recall=0.538
accuracy: (test=0.976) average_precision: (test=0.721) balanced_accuracy: (test=0.768) f1: (test=0.684) roc_auc: (test=0.908) 2.80min
[fit 160/240] END C=32.0, gamma=2048.0, kernel=rbf; total=4147, TP=108, TN=3945, FP=5, FN=89; precision=0.956, recall=0.548
accuracy: (test=0.977) average_precision: (test=0.716) balanced_accuracy: (test=0.773) f1: (test=0.697) roc_auc: (test=0.895) 2.15min
Line search fails in two-class probability estimates
[fit 161/240] END C=64.0, gamma=0.0625, kernel=rbf; total=4147, TP=99, TN=2299, FP=1651, FN=98; precision=0.057, recall=0.503
accuracy: (test=0.578) average_precision: (test=0.070) balanced_accuracy: (test=0.542) f1: (test=0.102) roc_auc: (test=0.586) 58.16s
[fit 162/240] END C=64.0, gamma=0.125, kernel=rbf; total=4147, TP=98, TN=2387, FP=1563, FN=99; precision=0.059, recall=0.497
accuracy: (test=0.599) average_precision: (test=0.074) balanced_accuracy: (test=0.551) f1: (test=0.105) roc_auc: (test=0.605) 1.01min
[fit 163/240] END C=64.0, gamma=0.25, kernel=rbf; total=4147, TP=104, TN=2493, FP=1457, FN=93; precision=0.067, recall=0.528
accuracy: (test=0.626) average_precision: (test=0.078) balanced_accuracy: (test=0.580) f1: (test=0.118) roc_auc: (test=0.622) 1.09min
[fit 164/240] END C=64.0, gamma=0.5, kernel=rbf; total=4147, TP=107, TN=2555, FP=1395, FN=90; precision=0.071, recall=0.543
accuracy: (test=0.642) average_precision: (test=0.081) balanced_accuracy: (test=0.595) f1: (test=0.126) roc_auc: (test=0.634) 1.13min
[fit 165/240] END C=64.0, gamma=1.0, kernel=rbf; total=4147, TP=102, TN=2574, FP=1376, FN=95; precision=0.069, recall=0.518
accuracy: (test=0.645) average_precision: (test=0.084) balanced_accuracy: (test=0.585) f1: (test=0.122) roc_auc: (test=0.645) 1.19min
[fit 166/240] END C=64.0, gamma=2.0, kernel=rbf; total=4147, TP=107, TN=2601, FP=1349, FN=90; precision=0.073, recall=0.543
accuracy: (test=0.653) average_precision: (test=0.087) balanced_accuracy: (test=0.601) f1: (test=0.129) roc_auc: (test=0.657) 1.22min
[fit 167/240] END C=64.0, gamma=4.0, kernel=rbf; total=4147, TP=114, TN=2660, FP=1290, FN=83; precision=0.081, recall=0.579
accuracy: (test=0.669) average_precision: (test=0.094) balanced_accuracy: (test=0.626) f1: (test=0.142) roc_auc: (test=0.672) 1.28min
[fit 168/240] END C=64.0, gamma=8.0, kernel=rbf; total=4147, TP=118, TN=2787, FP=1163, FN=79; precision=0.092, recall=0.599
accuracy: (test=0.701) average_precision: (test=0.113) balanced_accuracy: (test=0.652) f1: (test=0.160) roc_auc: (test=0.701) 1.44min
[fit 169/240] END C=64.0, gamma=16.0, kernel=rbf; total=4147, TP=119, TN=3027, FP=923, FN=78; precision=0.114, recall=0.604
accuracy: (test=0.759) average_precision: (test=0.164) balanced_accuracy: (test=0.685) f1: (test=0.192) roc_auc: (test=0.758) 1.77min
[fit 170/240] END C=64.0, gamma=32.0, kernel=rbf; total=4147, TP=127, TN=3384, FP=566, FN=70; precision=0.183, recall=0.645
accuracy: (test=0.847) average_precision: (test=0.310) balanced_accuracy: (test=0.751) f1: (test=0.285) roc_auc: (test=0.831) 2.80min
[fit 171/240] END C=64.0, gamma=64.0, kernel=rbf; total=4147, TP=127, TN=3720, FP=230, FN=70; precision=0.356, recall=0.645
accuracy: (test=0.928) average_precision: (test=0.529) balanced_accuracy: (test=0.793) f1: (test=0.458) roc_auc: (test=0.882) 4.53min
[fit 172/240] END C=64.0, gamma=128.0, kernel=rbf; total=4147, TP=127, TN=3882, FP=68, FN=70; precision=0.651, recall=0.645
accuracy: (test=0.967) average_precision: (test=0.680) balanced_accuracy: (test=0.814) f1: (test=0.648) roc_auc: (test=0.908) 7.54min
[fit 173/240] END C=64.0, gamma=256.0, kernel=rbf; total=4147, TP=114, TN=3920, FP=30, FN=83; precision=0.792, recall=0.579
accuracy: (test=0.973) average_precision: (test=0.711) balanced_accuracy: (test=0.786) f1: (test=0.669) roc_auc: (test=0.910) 7.72min
[fit 174/240] END C=64.0, gamma=512.0, kernel=rbf; total=4147, TP=111, TN=3936, FP=14, FN=86; precision=0.888, recall=0.563
accuracy: (test=0.976) average_precision: (test=0.716) balanced_accuracy: (test=0.780) f1: (test=0.689) roc_auc: (test=0.909) 4.62min
[fit 175/240] END C=64.0, gamma=1024.0, kernel=rbf; total=4147, TP=106, TN=3943, FP=7, FN=91; precision=0.938, recall=0.538
accuracy: (test=0.976) average_precision: (test=0.721) balanced_accuracy: (test=0.768) f1: (test=0.684) roc_auc: (test=0.908) 2.83min
[fit 176/240] END C=64.0, gamma=2048.0, kernel=rbf; total=4147, TP=108, TN=3945, FP=5, FN=89; precision=0.956, recall=0.548
accuracy: (test=0.977) average_precision: (test=0.716) balanced_accuracy: (test=0.773) f1: (test=0.697) roc_auc: (test=0.895) 2.14min
[fit 177/240] END C=128.0, gamma=0.0625, kernel=rbf; total=4147, TP=98, TN=2386, FP=1564, FN=99; precision=0.059, recall=0.497
accuracy: (test=0.599) average_precision: (test=0.074) balanced_accuracy: (test=0.551) f1: (test=0.105) roc_auc: (test=0.605) 1.02min
[fit 178/240] END C=128.0, gamma=0.125, kernel=rbf; total=4147, TP=103, TN=2494, FP=1456, FN=94; precision=0.066, recall=0.523
accuracy: (test=0.626) average_precision: (test=0.078) balanced_accuracy: (test=0.577) f1: (test=0.117) roc_auc: (test=0.622) 1.09min
[fit 179/240] END C=128.0, gamma=0.25, kernel=rbf; total=4147, TP=107, TN=2551, FP=1399, FN=90; precision=0.071, recall=0.543
accuracy: (test=0.641) average_precision: (test=0.080) balanced_accuracy: (test=0.594) f1: (test=0.126) roc_auc: (test=0.633) 1.13min
[fit 180/240] END C=128.0, gamma=0.5, kernel=rbf; total=4147, TP=107, TN=2564, FP=1386, FN=90; precision=0.072, recall=0.543
accuracy: (test=0.644) average_precision: (test=0.083) balanced_accuracy: (test=0.596) f1: (test=0.127) roc_auc: (test=0.644) 1.18min
[fit 181/240] END C=128.0, gamma=1.0, kernel=rbf; total=4147, TP=106, TN=2592, FP=1358, FN=91; precision=0.072, recall=0.538
accuracy: (test=0.651) average_precision: (test=0.085) balanced_accuracy: (test=0.597) f1: (test=0.128) roc_auc: (test=0.653) 1.22min
[fit 182/240] END C=128.0, gamma=2.0, kernel=rbf; total=4147, TP=111, TN=2615, FP=1335, FN=86; precision=0.077, recall=0.563
accuracy: (test=0.657) average_precision: (test=0.089) balanced_accuracy: (test=0.613) f1: (test=0.135) roc_auc: (test=0.664) 1.29min
[fit 183/240] END C=128.0, gamma=4.0, kernel=rbf; total=4147, TP=117, TN=2723, FP=1227, FN=80; precision=0.087, recall=0.594
accuracy: (test=0.685) average_precision: (test=0.100) balanced_accuracy: (test=0.642) f1: (test=0.152) roc_auc: (test=0.683) 1.44min
[fit 184/240] END C=128.0, gamma=8.0, kernel=rbf; total=4147, TP=119, TN=2911, FP=1039, FN=78; precision=0.103, recall=0.604
accuracy: (test=0.731) average_precision: (test=0.131) balanced_accuracy: (test=0.671) f1: (test=0.176) roc_auc: (test=0.723) 1.76min
Line search fails in two-class probability estimates
[fit 185/240] END C=128.0, gamma=16.0, kernel=rbf; total=4147, TP=123, TN=3198, FP=752, FN=74; precision=0.141, recall=0.624
accuracy: (test=0.801) average_precision: (test=0.215) balanced_accuracy: (test=0.717) f1: (test=0.229) roc_auc: (test=0.795) 2.53min
[fit 186/240] END C=128.0, gamma=32.0, kernel=rbf; total=4147, TP=131, TN=3551, FP=399, FN=66; precision=0.247, recall=0.665
accuracy: (test=0.888) average_precision: (test=0.403) balanced_accuracy: (test=0.782) f1: (test=0.360) roc_auc: (test=0.858) 4.41min
[fit 187/240] END C=128.0, gamma=64.0, kernel=rbf; total=4147, TP=125, TN=3814, FP=136, FN=72; precision=0.479, recall=0.635
accuracy: (test=0.950) average_precision: (test=0.617) balanced_accuracy: (test=0.800) f1: (test=0.546) roc_auc: (test=0.897) 7.52min
[fit 188/240] END C=128.0, gamma=128.0, kernel=rbf; total=4147, TP=124, TN=3901, FP=49, FN=73; precision=0.717, recall=0.629
accuracy: (test=0.971) average_precision: (test=0.696) balanced_accuracy: (test=0.809) f1: (test=0.670) roc_auc: (test=0.911) 10.82min
[fit 189/240] END C=128.0, gamma=256.0, kernel=rbf; total=4147, TP=110, TN=3922, FP=28, FN=87; precision=0.797, recall=0.558
accuracy: (test=0.972) average_precision: (test=0.708) balanced_accuracy: (test=0.776) f1: (test=0.657) roc_auc: (test=0.910) 8.24min
[fit 190/240] END C=128.0, gamma=512.0, kernel=rbf; total=4147, TP=110, TN=3936, FP=14, FN=87; precision=0.887, recall=0.558
accuracy: (test=0.976) average_precision: (test=0.716) balanced_accuracy: (test=0.777) f1: (test=0.685) roc_auc: (test=0.908) 4.65min
[fit 191/240] END C=128.0, gamma=1024.0, kernel=rbf; total=4147, TP=106, TN=3943, FP=7, FN=91; precision=0.938, recall=0.538
accuracy: (test=0.976) average_precision: (test=0.721) balanced_accuracy: (test=0.768) f1: (test=0.684) roc_auc: (test=0.908) 2.83min
[fit 192/240] END C=128.0, gamma=2048.0, kernel=rbf; total=4147, TP=108, TN=3945, FP=5, FN=89; precision=0.956, recall=0.548
accuracy: (test=0.977) average_precision: (test=0.716) balanced_accuracy: (test=0.773) f1: (test=0.697) roc_auc: (test=0.895) 2.15min
[fit 193/240] END C=256.0, gamma=0.0625, kernel=rbf; total=4147, TP=103, TN=2491, FP=1459, FN=94; precision=0.066, recall=0.523
accuracy: (test=0.626) average_precision: (test=0.078) balanced_accuracy: (test=0.577) f1: (test=0.117) roc_auc: (test=0.622) 1.10min
[fit 194/240] END C=256.0, gamma=0.125, kernel=rbf; total=4147, TP=108, TN=2551, FP=1399, FN=89; precision=0.072, recall=0.548
accuracy: (test=0.641) average_precision: (test=0.080) balanced_accuracy: (test=0.597) f1: (test=0.127) roc_auc: (test=0.633) 1.15min
[fit 195/240] END C=256.0, gamma=0.25, kernel=rbf; total=4147, TP=107, TN=2554, FP=1396, FN=90; precision=0.071, recall=0.543
accuracy: (test=0.642) average_precision: (test=0.083) balanced_accuracy: (test=0.595) f1: (test=0.126) roc_auc: (test=0.643) 1.19min
[fit 196/240] END C=256.0, gamma=0.5, kernel=rbf; total=4147, TP=107, TN=2589, FP=1361, FN=90; precision=0.073, recall=0.543
accuracy: (test=0.650) average_precision: (test=0.084) balanced_accuracy: (test=0.599) f1: (test=0.129) roc_auc: (test=0.651) 1.22min
[fit 197/240] END C=256.0, gamma=1.0, kernel=rbf; total=4147, TP=108, TN=2600, FP=1350, FN=89; precision=0.074, recall=0.548
accuracy: (test=0.653) average_precision: (test=0.086) balanced_accuracy: (test=0.603) f1: (test=0.131) roc_auc: (test=0.658) 1.29min
[fit 198/240] END C=256.0, gamma=2.0, kernel=rbf; total=4147, TP=112, TN=2656, FP=1294, FN=85; precision=0.080, recall=0.569
accuracy: (test=0.667) average_precision: (test=0.093) balanced_accuracy: (test=0.620) f1: (test=0.140) roc_auc: (test=0.671) 1.46min
[fit 199/240] END C=256.0, gamma=4.0, kernel=rbf; total=4147, TP=118, TN=2786, FP=1164, FN=79; precision=0.092, recall=0.599
accuracy: (test=0.700) average_precision: (test=0.111) balanced_accuracy: (test=0.652) f1: (test=0.160) roc_auc: (test=0.699) 1.78min
[fit 200/240] END C=256.0, gamma=8.0, kernel=rbf; total=4147, TP=120, TN=3019, FP=931, FN=77; precision=0.114, recall=0.609
accuracy: (test=0.757) average_precision: (test=0.161) balanced_accuracy: (test=0.687) f1: (test=0.192) roc_auc: (test=0.756) 2.42min
[fit 201/240] END C=256.0, gamma=16.0, kernel=rbf; total=4147, TP=127, TN=3372, FP=578, FN=70; precision=0.180, recall=0.645
accuracy: (test=0.844) average_precision: (test=0.302) balanced_accuracy: (test=0.749) f1: (test=0.282) roc_auc: (test=0.828) 4.35min
Line search fails in two-class probability estimates
[fit 202/240] END C=256.0, gamma=32.0, kernel=rbf; total=4147, TP=126, TN=3696, FP=254, FN=71; precision=0.332, recall=0.640
accuracy: (test=0.922) average_precision: (test=0.501) balanced_accuracy: (test=0.788) f1: (test=0.437) roc_auc: (test=0.879) 7.31min
[fit 203/240] END C=256.0, gamma=64.0, kernel=rbf; total=4147, TP=127, TN=3860, FP=90, FN=70; precision=0.585, recall=0.645
accuracy: (test=0.961) average_precision: (test=0.663) balanced_accuracy: (test=0.811) f1: (test=0.614) roc_auc: (test=0.905) 12.56min
[fit 204/240] END C=256.0, gamma=128.0, kernel=rbf; total=4147, TP=116, TN=3907, FP=43, FN=81; precision=0.730, recall=0.589
accuracy: (test=0.970) average_precision: (test=0.699) balanced_accuracy: (test=0.789) f1: (test=0.652) roc_auc: (test=0.908) 13.60min
[fit 205/240] END C=256.0, gamma=256.0, kernel=rbf; total=4147, TP=109, TN=3923, FP=27, FN=88; precision=0.801, recall=0.553
accuracy: (test=0.972) average_precision: (test=0.707) balanced_accuracy: (test=0.773) f1: (test=0.655) roc_auc: (test=0.910) 8.27min
[fit 206/240] END C=256.0, gamma=512.0, kernel=rbf; total=4147, TP=110, TN=3936, FP=14, FN=87; precision=0.887, recall=0.558
accuracy: (test=0.976) average_precision: (test=0.716) balanced_accuracy: (test=0.777) f1: (test=0.685) roc_auc: (test=0.909) 4.65min
[fit 207/240] END C=256.0, gamma=1024.0, kernel=rbf; total=4147, TP=106, TN=3943, FP=7, FN=91; precision=0.938, recall=0.538
accuracy: (test=0.976) average_precision: (test=0.721) balanced_accuracy: (test=0.768) f1: (test=0.684) roc_auc: (test=0.908) 2.84min
[fit 208/240] END C=256.0, gamma=2048.0, kernel=rbf; total=4147, TP=108, TN=3945, FP=5, FN=89; precision=0.956, recall=0.548
accuracy: (test=0.977) average_precision: (test=0.716) balanced_accuracy: (test=0.773) f1: (test=0.697) roc_auc: (test=0.895) 2.15min
[fit 209/240] END C=512.0, gamma=0.0625, kernel=rbf; total=4147, TP=108, TN=2547, FP=1403, FN=89; precision=0.071, recall=0.548
accuracy: (test=0.640) average_precision: (test=0.080) balanced_accuracy: (test=0.597) f1: (test=0.126) roc_auc: (test=0.633) 1.15min
[fit 210/240] END C=512.0, gamma=0.125, kernel=rbf; total=4147, TP=109, TN=2555, FP=1395, FN=88; precision=0.072, recall=0.553
accuracy: (test=0.642) average_precision: (test=0.082) balanced_accuracy: (test=0.600) f1: (test=0.128) roc_auc: (test=0.642) 1.17min
[fit 211/240] END C=512.0, gamma=0.25, kernel=rbf; total=4147, TP=109, TN=2576, FP=1374, FN=88; precision=0.073, recall=0.553
accuracy: (test=0.647) average_precision: (test=0.084) balanced_accuracy: (test=0.603) f1: (test=0.130) roc_auc: (test=0.649) 1.22min
[fit 212/240] END C=512.0, gamma=0.5, kernel=rbf; total=4147, TP=109, TN=2594, FP=1356, FN=88; precision=0.074, recall=0.553
accuracy: (test=0.652) average_precision: (test=0.085) balanced_accuracy: (test=0.605) f1: (test=0.131) roc_auc: (test=0.654) 1.30min
[fit 213/240] END C=512.0, gamma=1.0, kernel=rbf; total=4147, TP=109, TN=2620, FP=1330, FN=88; precision=0.076, recall=0.553
accuracy: (test=0.658) average_precision: (test=0.089) balanced_accuracy: (test=0.608) f1: (test=0.133) roc_auc: (test=0.663) 1.47min
[fit 214/240] END C=512.0, gamma=2.0, kernel=rbf; total=4147, TP=114, TN=2706, FP=1244, FN=83; precision=0.084, recall=0.579
accuracy: (test=0.680) average_precision: (test=0.099) balanced_accuracy: (test=0.632) f1: (test=0.147) roc_auc: (test=0.682) 1.81min
[fit 215/240] END C=512.0, gamma=4.0, kernel=rbf; total=4147, TP=122, TN=2902, FP=1048, FN=75; precision=0.104, recall=0.619
accuracy: (test=0.729) average_precision: (test=0.129) balanced_accuracy: (test=0.677) f1: (test=0.178) roc_auc: (test=0.722) 2.42min
Line search fails in two-class probability estimates
[fit 216/240] END C=512.0, gamma=8.0, kernel=rbf; total=4147, TP=122, TN=3194, FP=756, FN=75; precision=0.139, recall=0.619
accuracy: (test=0.800) average_precision: (test=0.210) balanced_accuracy: (test=0.714) f1: (test=0.227) roc_auc: (test=0.793) 3.80min
[fit 217/240] END C=512.0, gamma=16.0, kernel=rbf; total=4147, TP=131, TN=3533, FP=417, FN=66; precision=0.239, recall=0.665
accuracy: (test=0.884) average_precision: (test=0.379) balanced_accuracy: (test=0.780) f1: (test=0.352) roc_auc: (test=0.854) 7.35min
[fit 218/240] END C=512.0, gamma=32.0, kernel=rbf; total=4147, TP=126, TN=3790, FP=160, FN=71; precision=0.441, recall=0.640
accuracy: (test=0.944) average_precision: (test=0.587) balanced_accuracy: (test=0.800) f1: (test=0.522) roc_auc: (test=0.893) 12.64min
[fit 219/240] END C=512.0, gamma=64.0, kernel=rbf; total=4147, TP=123, TN=3882, FP=68, FN=74; precision=0.644, recall=0.624
accuracy: (test=0.966) average_precision: (test=0.669) balanced_accuracy: (test=0.804) f1: (test=0.634) roc_auc: (test=0.908) 1h 25m 52s
[fit 220/240] END C=512.0, gamma=128.0, kernel=rbf; total=4147, TP=116, TN=3908, FP=42, FN=81; precision=0.734, recall=0.589
accuracy: (test=0.970) average_precision: (test=0.694) balanced_accuracy: (test=0.789) f1: (test=0.654) roc_auc: (test=0.907) 15.50min
[fit 221/240] END C=512.0, gamma=256.0, kernel=rbf; total=4147, TP=109, TN=3923, FP=27, FN=88; precision=0.801, recall=0.553
accuracy: (test=0.972) average_precision: (test=0.707) balanced_accuracy: (test=0.773) f1: (test=0.655) roc_auc: (test=0.910) 8.34min
[fit 222/240] END C=512.0, gamma=512.0, kernel=rbf; total=4147, TP=110, TN=3936, FP=14, FN=87; precision=0.887, recall=0.558
accuracy: (test=0.976) average_precision: (test=0.716) balanced_accuracy: (test=0.777) f1: (test=0.685) roc_auc: (test=0.909) 4.64min
[fit 223/240] END C=512.0, gamma=1024.0, kernel=rbf; total=4147, TP=106, TN=3943, FP=7, FN=91; precision=0.938, recall=0.538
accuracy: (test=0.976) average_precision: (test=0.721) balanced_accuracy: (test=0.768) f1: (test=0.684) roc_auc: (test=0.908) 2.83min
[fit 224/240] END C=512.0, gamma=2048.0, kernel=rbf; total=4147, TP=108, TN=3945, FP=5, FN=89; precision=0.956, recall=0.548
accuracy: (test=0.977) average_precision: (test=0.716) balanced_accuracy: (test=0.773) f1: (test=0.697) roc_auc: (test=0.895) 2.15min
[fit 225/240] END C=1024.0, gamma=0.0625, kernel=rbf; total=4147, TP=109, TN=2555, FP=1395, FN=88; precision=0.072, recall=0.553
accuracy: (test=0.642) average_precision: (test=0.083) balanced_accuracy: (test=0.600) f1: (test=0.128) roc_auc: (test=0.643) 1.18min
[fit 226/240] END C=1024.0, gamma=0.125, kernel=rbf; total=4147, TP=109, TN=2571, FP=1379, FN=88; precision=0.073, recall=0.553
accuracy: (test=0.646) average_precision: (test=0.083) balanced_accuracy: (test=0.602) f1: (test=0.129) roc_auc: (test=0.648) 1.20min
[fit 227/240] END C=1024.0, gamma=0.25, kernel=rbf; total=4147, TP=108, TN=2578, FP=1372, FN=89; precision=0.073, recall=0.548
accuracy: (test=0.648) average_precision: (test=0.084) balanced_accuracy: (test=0.600) f1: (test=0.129) roc_auc: (test=0.652) 1.29min
[fit 228/240] END C=1024.0, gamma=0.5, kernel=rbf; total=4147, TP=109, TN=2609, FP=1341, FN=88; precision=0.075, recall=0.553
accuracy: (test=0.655) average_precision: (test=0.086) balanced_accuracy: (test=0.607) f1: (test=0.132) roc_auc: (test=0.657) 1.48min
[fit 229/240] END C=1024.0, gamma=1.0, kernel=rbf; total=4147, TP=109, TN=2656, FP=1294, FN=88; precision=0.078, recall=0.553
accuracy: (test=0.667) average_precision: (test=0.092) balanced_accuracy: (test=0.613) f1: (test=0.136) roc_auc: (test=0.670) 1.81min
[fit 230/240] END C=1024.0, gamma=2.0, kernel=rbf; total=4147, TP=118, TN=2768, FP=1182, FN=79; precision=0.091, recall=0.599
accuracy: (test=0.696) average_precision: (test=0.110) balanced_accuracy: (test=0.650) f1: (test=0.158) roc_auc: (test=0.698) 2.41min
[fit 231/240] END C=1024.0, gamma=4.0, kernel=rbf; total=4147, TP=120, TN=3019, FP=931, FN=77; precision=0.114, recall=0.609
accuracy: (test=0.757) average_precision: (test=0.159) balanced_accuracy: (test=0.687) f1: (test=0.192) roc_auc: (test=0.755) 3.62min
[fit 232/240] END C=1024.0, gamma=8.0, kernel=rbf; total=4147, TP=126, TN=3372, FP=578, FN=71; precision=0.179, recall=0.640
accuracy: (test=0.844) average_precision: (test=0.288) balanced_accuracy: (test=0.747) f1: (test=0.280) roc_auc: (test=0.826) 7.28min
[fit 233/240] END C=1024.0, gamma=16.0, kernel=rbf; total=4147, TP=126, TN=3674, FP=276, FN=71; precision=0.313, recall=0.640
accuracy: (test=0.916) average_precision: (test=0.477) balanced_accuracy: (test=0.785) f1: (test=0.421) roc_auc: (test=0.876) 13.01min
Line search fails in two-class probability estimates
[fit 234/240] END C=1024.0, gamma=32.0, kernel=rbf; total=4147, TP=129, TN=3812, FP=138, FN=68; precision=0.483, recall=0.655
accuracy: (test=0.950) average_precision: (test=0.597) balanced_accuracy: (test=0.810) f1: (test=0.556) roc_auc: (test=0.893) 41.39min
[fit 235/240] END C=1024.0, gamma=64.0, kernel=rbf; total=4147, TP=120, TN=3875, FP=75, FN=77; precision=0.615, recall=0.609
accuracy: (test=0.963) average_precision: (test=0.659) balanced_accuracy: (test=0.795) f1: (test=0.612) roc_auc: (test=0.905) 43.19min
[fit 236/240] END C=1024.0, gamma=128.0, kernel=rbf; total=4147, TP=112, TN=3909, FP=41, FN=85; precision=0.732, recall=0.569
accuracy: (test=0.970) average_precision: (test=0.694) balanced_accuracy: (test=0.779) f1: (test=0.640) roc_auc: (test=0.908) 15.84min
[fit 237/240] END C=1024.0, gamma=256.0, kernel=rbf; total=4147, TP=109, TN=3924, FP=26, FN=88; precision=0.807, recall=0.553
accuracy: (test=0.973) average_precision: (test=0.707) balanced_accuracy: (test=0.773) f1: (test=0.657) roc_auc: (test=0.910) 8.18min
[fit 238/240] END C=1024.0, gamma=512.0, kernel=rbf; total=4147, TP=110, TN=3936, FP=14, FN=87; precision=0.887, recall=0.558
accuracy: (test=0.976) average_precision: (test=0.716) balanced_accuracy: (test=0.777) f1: (test=0.685) roc_auc: (test=0.909) 4.63min
[fit 239/240] END C=1024.0, gamma=1024.0, kernel=rbf; total=4147, TP=106, TN=3943, FP=7, FN=91; precision=0.938, recall=0.538
accuracy: (test=0.976) average_precision: (test=0.721) balanced_accuracy: (test=0.768) f1: (test=0.684) roc_auc: (test=0.908) 2.82min
[fit 240/240] END C=1024.0, gamma=2048.0, kernel=rbf; total=4147, TP=108, TN=3945, FP=5, FN=89; precision=0.956, recall=0.548
accuracy: (test=0.977) average_precision: (test=0.716) balanced_accuracy: (test=0.773) f1: (test=0.697) roc_auc: (test=0.895) 2.14min
write rank test to csv!!!
write over!!!
clf.best_estimator_params: {'C': 32.0, 'gamma': 256.0, 'kernel': 'rbf'}
best params found in line [158] for metric [roc_auc] in rank file
best params found in fit [157] for metric [roc_auc] in run_and_score file
clf.best_scoring_result: [Total: (test=4147) TP: (test=121.000) TN: (test=3913.000) FP: (test=37.000) FN: (test=76.000) precision: (test=0.766) recall: (test=0.614) accuracy: (test=0.973) average_precision: (test=0.713) balanced_accuracy: (test=0.802) f1: (test=0.682) roc_auc: (test=0.912) ]
total time spending: 11h 32m 22s
