nohup: ignoring input
experiment: HeLa-S3 dpcp_rf
trainSet len:[X=62640,y=62640]
testSet len:[X=3654,y=3654]
第一次
{'bootstrap': True, 'ccp_alpha': 0.0, 'class_weight': None, 'criterion': 'gini', 'max_depth': None, 'max_features': 'auto', 'max_leaf_nodes': None, 'max_samples': None, 'min_impurity_decrease': 0.0, 'min_impurity_split': None, 'min_samples_leaf': 1, 'min_samples_split': 2, 'min_weight_fraction_leaf': 0.0, 'n_estimators': 100, 'n_jobs': 3, 'oob_score': False, 'random_state': None, 'verbose': 0, 'warm_start': False}
Fitting, totalling 34 fits
[fit 1/34] END n_estimators=10; total=3654, TP=97, TN=3391, FP=89, FN=77; precision=0.522, recall=0.557
accuracy: (test=0.955) average_precision: (test=0.510) balanced_accuracy: (test=0.766) f1: (test=0.539) roc_auc: (test=0.854) 4.90s
[fit 2/34] END n_estimators=20; total=3654, TP=105, TN=3432, FP=48, FN=69; precision=0.686, recall=0.603
accuracy: (test=0.968) average_precision: (test=0.612) balanced_accuracy: (test=0.795) f1: (test=0.642) roc_auc: (test=0.879) 7.89s
[fit 3/34] END n_estimators=30; total=3654, TP=110, TN=3430, FP=50, FN=64; precision=0.688, recall=0.632
accuracy: (test=0.969) average_precision: (test=0.628) balanced_accuracy: (test=0.809) f1: (test=0.659) roc_auc: (test=0.884) 11.11s
[fit 4/34] END n_estimators=40; total=3654, TP=106, TN=3445, FP=35, FN=68; precision=0.752, recall=0.609
accuracy: (test=0.972) average_precision: (test=0.655) balanced_accuracy: (test=0.800) f1: (test=0.673) roc_auc: (test=0.903) 14.48s
[fit 5/34] END n_estimators=50; total=3654, TP=108, TN=3434, FP=46, FN=66; precision=0.701, recall=0.621
accuracy: (test=0.969) average_precision: (test=0.658) balanced_accuracy: (test=0.804) f1: (test=0.659) roc_auc: (test=0.900) 17.87s
[fit 6/34] END n_estimators=60; total=3654, TP=113, TN=3435, FP=45, FN=61; precision=0.715, recall=0.649
accuracy: (test=0.971) average_precision: (test=0.660) balanced_accuracy: (test=0.818) f1: (test=0.681) roc_auc: (test=0.899) 21.71s
[fit 7/34] END n_estimators=70; total=3654, TP=111, TN=3438, FP=42, FN=63; precision=0.725, recall=0.638
accuracy: (test=0.971) average_precision: (test=0.663) balanced_accuracy: (test=0.813) f1: (test=0.679) roc_auc: (test=0.910) 25.22s
[fit 8/34] END n_estimators=80; total=3654, TP=111, TN=3443, FP=37, FN=63; precision=0.750, recall=0.638
accuracy: (test=0.973) average_precision: (test=0.670) balanced_accuracy: (test=0.814) f1: (test=0.689) roc_auc: (test=0.905) 28.46s
[fit 9/34] END n_estimators=90; total=3654, TP=112, TN=3440, FP=40, FN=62; precision=0.737, recall=0.644
accuracy: (test=0.972) average_precision: (test=0.680) balanced_accuracy: (test=0.816) f1: (test=0.687) roc_auc: (test=0.906) 30.82s
[fit 10/34] END n_estimators=100; total=3654, TP=111, TN=3445, FP=35, FN=63; precision=0.760, recall=0.638
accuracy: (test=0.973) average_precision: (test=0.672) balanced_accuracy: (test=0.814) f1: (test=0.694) roc_auc: (test=0.900) 35.69s
[fit 11/34] END n_estimators=110; total=3654, TP=113, TN=3441, FP=39, FN=61; precision=0.743, recall=0.649
accuracy: (test=0.973) average_precision: (test=0.666) balanced_accuracy: (test=0.819) f1: (test=0.693) roc_auc: (test=0.901) 39.01s
[fit 12/34] END n_estimators=120; total=3654, TP=109, TN=3446, FP=34, FN=65; precision=0.762, recall=0.626
accuracy: (test=0.973) average_precision: (test=0.679) balanced_accuracy: (test=0.808) f1: (test=0.688) roc_auc: (test=0.900) 42.20s
[fit 13/34] END n_estimators=130; total=3654, TP=112, TN=3440, FP=40, FN=62; precision=0.737, recall=0.644
accuracy: (test=0.972) average_precision: (test=0.677) balanced_accuracy: (test=0.816) f1: (test=0.687) roc_auc: (test=0.903) 45.82s
[fit 14/34] END n_estimators=140; total=3654, TP=113, TN=3447, FP=33, FN=61; precision=0.774, recall=0.649
accuracy: (test=0.974) average_precision: (test=0.675) balanced_accuracy: (test=0.820) f1: (test=0.706) roc_auc: (test=0.901) 49.24s
[fit 15/34] END n_estimators=150; total=3654, TP=116, TN=3443, FP=37, FN=58; precision=0.758, recall=0.667
accuracy: (test=0.974) average_precision: (test=0.682) balanced_accuracy: (test=0.828) f1: (test=0.709) roc_auc: (test=0.908) 51.79s
[fit 16/34] END n_estimators=160; total=3654, TP=112, TN=3443, FP=37, FN=62; precision=0.752, recall=0.644
accuracy: (test=0.973) average_precision: (test=0.679) balanced_accuracy: (test=0.817) f1: (test=0.693) roc_auc: (test=0.903) 55.28s
[fit 17/34] END n_estimators=170; total=3654, TP=112, TN=3449, FP=31, FN=62; precision=0.783, recall=0.644
accuracy: (test=0.975) average_precision: (test=0.672) balanced_accuracy: (test=0.817) f1: (test=0.707) roc_auc: (test=0.903) 59.66s
[fit 18/34] END n_estimators=180; total=3654, TP=113, TN=3440, FP=40, FN=61; precision=0.739, recall=0.649
accuracy: (test=0.972) average_precision: (test=0.676) balanced_accuracy: (test=0.819) f1: (test=0.691) roc_auc: (test=0.905) 1.05min
[fit 19/34] END n_estimators=190; total=3654, TP=113, TN=3446, FP=34, FN=61; precision=0.769, recall=0.649
accuracy: (test=0.974) average_precision: (test=0.683) balanced_accuracy: (test=0.820) f1: (test=0.704) roc_auc: (test=0.908) 1.20min
[fit 20/34] END n_estimators=200; total=3654, TP=111, TN=3444, FP=36, FN=63; precision=0.755, recall=0.638
accuracy: (test=0.973) average_precision: (test=0.686) balanced_accuracy: (test=0.814) f1: (test=0.692) roc_auc: (test=0.903) 1.28min
[fit 21/34] END n_estimators=210; total=3654, TP=112, TN=3445, FP=35, FN=62; precision=0.762, recall=0.644
accuracy: (test=0.973) average_precision: (test=0.690) balanced_accuracy: (test=0.817) f1: (test=0.698) roc_auc: (test=0.906) 1.33min
[fit 22/34] END n_estimators=220; total=3654, TP=111, TN=3445, FP=35, FN=63; precision=0.760, recall=0.638
accuracy: (test=0.973) average_precision: (test=0.693) balanced_accuracy: (test=0.814) f1: (test=0.694) roc_auc: (test=0.904) 1.41min
[fit 23/34] END n_estimators=230; total=3654, TP=113, TN=3444, FP=36, FN=61; precision=0.758, recall=0.649
accuracy: (test=0.973) average_precision: (test=0.685) balanced_accuracy: (test=0.820) f1: (test=0.700) roc_auc: (test=0.909) 1.41min
[fit 24/34] END n_estimators=240; total=3654, TP=113, TN=3443, FP=37, FN=61; precision=0.753, recall=0.649
accuracy: (test=0.973) average_precision: (test=0.678) balanced_accuracy: (test=0.819) f1: (test=0.698) roc_auc: (test=0.906) 1.39min
[fit 25/34] END n_estimators=250; total=3654, TP=111, TN=3447, FP=33, FN=63; precision=0.771, recall=0.638
accuracy: (test=0.974) average_precision: (test=0.682) balanced_accuracy: (test=0.814) f1: (test=0.698) roc_auc: (test=0.903) 1.43min
[fit 26/34] END n_estimators=260; total=3654, TP=111, TN=3447, FP=33, FN=63; precision=0.771, recall=0.638
accuracy: (test=0.974) average_precision: (test=0.681) balanced_accuracy: (test=0.814) f1: (test=0.698) roc_auc: (test=0.908) 1.55min
[fit 27/34] END n_estimators=270; total=3654, TP=113, TN=3448, FP=32, FN=61; precision=0.779, recall=0.649
accuracy: (test=0.975) average_precision: (test=0.684) balanced_accuracy: (test=0.820) f1: (test=0.708) roc_auc: (test=0.908) 1.58min
[fit 28/34] END n_estimators=280; total=3654, TP=112, TN=3442, FP=38, FN=62; precision=0.747, recall=0.644
accuracy: (test=0.973) average_precision: (test=0.676) balanced_accuracy: (test=0.816) f1: (test=0.691) roc_auc: (test=0.907) 1.62min
[fit 29/34] END n_estimators=290; total=3654, TP=112, TN=3440, FP=40, FN=62; precision=0.737, recall=0.644
accuracy: (test=0.972) average_precision: (test=0.681) balanced_accuracy: (test=0.816) f1: (test=0.687) roc_auc: (test=0.905) 1.67min
[fit 30/34] END n_estimators=300; total=3654, TP=113, TN=3446, FP=34, FN=61; precision=0.769, recall=0.649
accuracy: (test=0.974) average_precision: (test=0.684) balanced_accuracy: (test=0.820) f1: (test=0.704) roc_auc: (test=0.908) 1.73min
[fit 31/34] END n_estimators=310; total=3654, TP=112, TN=3443, FP=37, FN=62; precision=0.752, recall=0.644
accuracy: (test=0.973) average_precision: (test=0.676) balanced_accuracy: (test=0.817) f1: (test=0.693) roc_auc: (test=0.906) 1.80min
[fit 32/34] END n_estimators=320; total=3654, TP=114, TN=3443, FP=37, FN=60; precision=0.755, recall=0.655
accuracy: (test=0.973) average_precision: (test=0.686) balanced_accuracy: (test=0.822) f1: (test=0.702) roc_auc: (test=0.899) 2.00min
[fit 33/34] END n_estimators=330; total=3654, TP=112, TN=3441, FP=39, FN=62; precision=0.742, recall=0.644
accuracy: (test=0.972) average_precision: (test=0.680) balanced_accuracy: (test=0.816) f1: (test=0.689) roc_auc: (test=0.905) 2.13min
[fit 34/34] END n_estimators=340; total=3654, TP=112, TN=3444, FP=36, FN=62; precision=0.757, recall=0.644
accuracy: (test=0.973) average_precision: (test=0.685) balanced_accuracy: (test=0.817) f1: (test=0.696) roc_auc: (test=0.908) 2.10min
clf.best_estimator_params: {'n_estimators': 70}
best params found in line [8] for metric [roc_auc] in rank file
best params found in fit [7] for metric [roc_auc] in run_and_score file
clf.best_scoring_result: [Total: (test=3654) TP: (test=111.000) TN: (test=3438.000) FP: (test=42.000) FN: (test=63.000) precision: (test=0.725) recall: (test=0.638) accuracy: (test=0.971) average_precision: (test=0.663) balanced_accuracy: (test=0.813) f1: (test=0.679) roc_auc: (test=0.910) ]
write rank test to csv!!!
write over!!!
第二次
{'bootstrap': True, 'ccp_alpha': 0.0, 'class_weight': None, 'criterion': 'gini', 'max_depth': None, 'max_features': 'auto', 'max_leaf_nodes': None, 'max_samples': None, 'min_impurity_decrease': 0.0, 'min_impurity_split': None, 'min_samples_leaf': 1, 'min_samples_split': 2, 'min_weight_fraction_leaf': 0.0, 'n_estimators': 70, 'n_jobs': 3, 'oob_score': False, 'random_state': None, 'verbose': 0, 'warm_start': False}
Fitting, totalling 150 fits
[fit 1/150] END max_depth=None; total=3654, TP=107, TN=3440, FP=40, FN=67; precision=0.728, recall=0.615
accuracy: (test=0.971) average_precision: (test=0.668) balanced_accuracy: (test=0.802) f1: (test=0.667) roc_auc: (test=0.898) 25.55s
[fit 2/150] END max_depth=1; total=3654, TP=105, TN=1699, FP=1781, FN=69; precision=0.056, recall=0.603
accuracy: (test=0.494) average_precision: (test=0.060) balanced_accuracy: (test=0.546) f1: (test=0.102) roc_auc: (test=0.583) 2.57s
[fit 3/150] END max_depth=2; total=3654, TP=109, TN=1758, FP=1722, FN=65; precision=0.060, recall=0.626
accuracy: (test=0.511) average_precision: (test=0.083) balanced_accuracy: (test=0.566) f1: (test=0.109) roc_auc: (test=0.593) 4.19s
[fit 4/150] END max_depth=3; total=3654, TP=99, TN=1890, FP=1590, FN=75; precision=0.059, recall=0.569
accuracy: (test=0.544) average_precision: (test=0.100) balanced_accuracy: (test=0.556) f1: (test=0.106) roc_auc: (test=0.607) 6.03s
[fit 5/150] END max_depth=4; total=3654, TP=100, TN=1954, FP=1526, FN=74; precision=0.062, recall=0.575
accuracy: (test=0.562) average_precision: (test=0.113) balanced_accuracy: (test=0.568) f1: (test=0.111) roc_auc: (test=0.628) 7.33s
[fit 6/150] END max_depth=5; total=3654, TP=102, TN=2109, FP=1371, FN=72; precision=0.069, recall=0.586
accuracy: (test=0.605) average_precision: (test=0.150) balanced_accuracy: (test=0.596) f1: (test=0.124) roc_auc: (test=0.661) 8.72s
[fit 7/150] END max_depth=6; total=3654, TP=104, TN=2277, FP=1203, FN=70; precision=0.080, recall=0.598
accuracy: (test=0.652) average_precision: (test=0.165) balanced_accuracy: (test=0.626) f1: (test=0.140) roc_auc: (test=0.682) 9.90s
[fit 8/150] END max_depth=7; total=3654, TP=99, TN=2390, FP=1090, FN=75; precision=0.083, recall=0.569
accuracy: (test=0.681) average_precision: (test=0.213) balanced_accuracy: (test=0.628) f1: (test=0.145) roc_auc: (test=0.711) 11.54s
[fit 9/150] END max_depth=8; total=3654, TP=108, TN=2572, FP=908, FN=66; precision=0.106, recall=0.621
accuracy: (test=0.733) average_precision: (test=0.239) balanced_accuracy: (test=0.680) f1: (test=0.182) roc_auc: (test=0.755) 11.99s
[fit 10/150] END max_depth=9; total=3654, TP=110, TN=2697, FP=783, FN=64; precision=0.123, recall=0.632
accuracy: (test=0.768) average_precision: (test=0.287) balanced_accuracy: (test=0.704) f1: (test=0.206) roc_auc: (test=0.781) 14.00s
[fit 11/150] END max_depth=10; total=3654, TP=115, TN=2840, FP=640, FN=59; precision=0.152, recall=0.661
accuracy: (test=0.809) average_precision: (test=0.322) balanced_accuracy: (test=0.739) f1: (test=0.248) roc_auc: (test=0.807) 14.75s
[fit 12/150] END max_depth=11; total=3654, TP=117, TN=2962, FP=518, FN=57; precision=0.184, recall=0.672
accuracy: (test=0.843) average_precision: (test=0.363) balanced_accuracy: (test=0.762) f1: (test=0.289) roc_auc: (test=0.830) 16.71s
[fit 13/150] END max_depth=12; total=3654, TP=120, TN=3095, FP=385, FN=54; precision=0.238, recall=0.690
accuracy: (test=0.880) average_precision: (test=0.438) balanced_accuracy: (test=0.790) f1: (test=0.353) roc_auc: (test=0.854) 17.34s
[fit 14/150] END max_depth=13; total=3654, TP=123, TN=3141, FP=339, FN=51; precision=0.266, recall=0.707
accuracy: (test=0.893) average_precision: (test=0.468) balanced_accuracy: (test=0.805) f1: (test=0.387) roc_auc: (test=0.864) 18.31s
[fit 15/150] END max_depth=14; total=3654, TP=116, TN=3216, FP=264, FN=58; precision=0.305, recall=0.667
accuracy: (test=0.912) average_precision: (test=0.501) balanced_accuracy: (test=0.795) f1: (test=0.419) roc_auc: (test=0.866) 19.44s
[fit 16/150] END max_depth=15; total=3654, TP=117, TN=3245, FP=235, FN=57; precision=0.332, recall=0.672
accuracy: (test=0.920) average_precision: (test=0.548) balanced_accuracy: (test=0.802) f1: (test=0.445) roc_auc: (test=0.874) 20.44s
[fit 17/150] END max_depth=16; total=3654, TP=120, TN=3308, FP=172, FN=54; precision=0.411, recall=0.690
accuracy: (test=0.938) average_precision: (test=0.573) balanced_accuracy: (test=0.820) f1: (test=0.515) roc_auc: (test=0.884) 20.01s
[fit 18/150] END max_depth=17; total=3654, TP=117, TN=3341, FP=139, FN=57; precision=0.457, recall=0.672
accuracy: (test=0.946) average_precision: (test=0.589) balanced_accuracy: (test=0.816) f1: (test=0.544) roc_auc: (test=0.880) 21.36s
[fit 19/150] END max_depth=18; total=3654, TP=118, TN=3358, FP=122, FN=56; precision=0.492, recall=0.678
accuracy: (test=0.951) average_precision: (test=0.624) balanced_accuracy: (test=0.822) f1: (test=0.570) roc_auc: (test=0.885) 21.97s
[fit 20/150] END max_depth=19; total=3654, TP=118, TN=3379, FP=101, FN=56; precision=0.539, recall=0.678
accuracy: (test=0.957) average_precision: (test=0.628) balanced_accuracy: (test=0.825) f1: (test=0.601) roc_auc: (test=0.892) 22.70s
[fit 21/150] END max_depth=20; total=3654, TP=111, TN=3402, FP=78, FN=63; precision=0.587, recall=0.638
accuracy: (test=0.961) average_precision: (test=0.639) balanced_accuracy: (test=0.808) f1: (test=0.612) roc_auc: (test=0.895) 23.30s
[fit 22/150] END max_depth=21; total=3654, TP=111, TN=3396, FP=84, FN=63; precision=0.569, recall=0.638
accuracy: (test=0.960) average_precision: (test=0.639) balanced_accuracy: (test=0.807) f1: (test=0.602) roc_auc: (test=0.890) 23.61s
[fit 23/150] END max_depth=22; total=3654, TP=114, TN=3410, FP=70, FN=60; precision=0.620, recall=0.655
accuracy: (test=0.964) average_precision: (test=0.657) balanced_accuracy: (test=0.818) f1: (test=0.637) roc_auc: (test=0.903) 24.57s
[fit 24/150] END max_depth=23; total=3654, TP=112, TN=3418, FP=62, FN=62; precision=0.644, recall=0.644
accuracy: (test=0.966) average_precision: (test=0.661) balanced_accuracy: (test=0.813) f1: (test=0.644) roc_auc: (test=0.898) 23.87s
[fit 25/150] END max_depth=24; total=3654, TP=113, TN=3424, FP=56, FN=61; precision=0.669, recall=0.649
accuracy: (test=0.968) average_precision: (test=0.666) balanced_accuracy: (test=0.817) f1: (test=0.659) roc_auc: (test=0.912) 24.38s
[fit 26/150] END max_depth=25; total=3654, TP=116, TN=3429, FP=51, FN=58; precision=0.695, recall=0.667
accuracy: (test=0.970) average_precision: (test=0.674) balanced_accuracy: (test=0.826) f1: (test=0.680) roc_auc: (test=0.903) 24.14s
[fit 27/150] END max_depth=26; total=3654, TP=115, TN=3433, FP=47, FN=59; precision=0.710, recall=0.661
accuracy: (test=0.971) average_precision: (test=0.665) balanced_accuracy: (test=0.824) f1: (test=0.685) roc_auc: (test=0.902) 24.94s
[fit 28/150] END max_depth=27; total=3654, TP=110, TN=3431, FP=49, FN=64; precision=0.692, recall=0.632
accuracy: (test=0.969) average_precision: (test=0.659) balanced_accuracy: (test=0.809) f1: (test=0.661) roc_auc: (test=0.891) 24.88s
[fit 29/150] END max_depth=28; total=3654, TP=112, TN=3430, FP=50, FN=62; precision=0.691, recall=0.644
accuracy: (test=0.969) average_precision: (test=0.681) balanced_accuracy: (test=0.815) f1: (test=0.667) roc_auc: (test=0.912) 25.16s
[fit 30/150] END max_depth=29; total=3654, TP=113, TN=3434, FP=46, FN=61; precision=0.711, recall=0.649
accuracy: (test=0.971) average_precision: (test=0.668) balanced_accuracy: (test=0.818) f1: (test=0.679) roc_auc: (test=0.904) 24.31s
[fit 31/150] END max_depth=30; total=3654, TP=113, TN=3438, FP=42, FN=61; precision=0.729, recall=0.649
accuracy: (test=0.972) average_precision: (test=0.685) balanced_accuracy: (test=0.819) f1: (test=0.687) roc_auc: (test=0.905) 24.99s
[fit 32/150] END max_depth=31; total=3654, TP=114, TN=3436, FP=44, FN=60; precision=0.722, recall=0.655
accuracy: (test=0.972) average_precision: (test=0.670) balanced_accuracy: (test=0.821) f1: (test=0.687) roc_auc: (test=0.906) 26.06s
[fit 33/150] END max_depth=32; total=3654, TP=112, TN=3445, FP=35, FN=62; precision=0.762, recall=0.644
accuracy: (test=0.973) average_precision: (test=0.674) balanced_accuracy: (test=0.817) f1: (test=0.698) roc_auc: (test=0.917) 25.24s
[fit 34/150] END max_depth=33; total=3654, TP=110, TN=3434, FP=46, FN=64; precision=0.705, recall=0.632
accuracy: (test=0.970) average_precision: (test=0.669) balanced_accuracy: (test=0.809) f1: (test=0.667) roc_auc: (test=0.896) 24.77s
[fit 35/150] END max_depth=34; total=3654, TP=112, TN=3438, FP=42, FN=62; precision=0.727, recall=0.644
accuracy: (test=0.972) average_precision: (test=0.662) balanced_accuracy: (test=0.816) f1: (test=0.683) roc_auc: (test=0.902) 24.41s
[fit 36/150] END max_depth=35; total=3654, TP=112, TN=3435, FP=45, FN=62; precision=0.713, recall=0.644
accuracy: (test=0.971) average_precision: (test=0.671) balanced_accuracy: (test=0.815) f1: (test=0.677) roc_auc: (test=0.899) 24.96s
[fit 37/150] END max_depth=36; total=3654, TP=109, TN=3435, FP=45, FN=65; precision=0.708, recall=0.626
accuracy: (test=0.970) average_precision: (test=0.665) balanced_accuracy: (test=0.807) f1: (test=0.665) roc_auc: (test=0.907) 25.46s
[fit 38/150] END max_depth=37; total=3654, TP=113, TN=3443, FP=37, FN=61; precision=0.753, recall=0.649
accuracy: (test=0.973) average_precision: (test=0.673) balanced_accuracy: (test=0.819) f1: (test=0.698) roc_auc: (test=0.898) 25.05s
[fit 39/150] END max_depth=38; total=3654, TP=109, TN=3440, FP=40, FN=65; precision=0.732, recall=0.626
accuracy: (test=0.971) average_precision: (test=0.671) balanced_accuracy: (test=0.807) f1: (test=0.675) roc_auc: (test=0.908) 24.70s
[fit 40/150] END max_depth=39; total=3654, TP=107, TN=3437, FP=43, FN=67; precision=0.713, recall=0.615
accuracy: (test=0.970) average_precision: (test=0.671) balanced_accuracy: (test=0.801) f1: (test=0.660) roc_auc: (test=0.898) 25.45s
[fit 41/150] END max_depth=40; total=3654, TP=112, TN=3448, FP=32, FN=62; precision=0.778, recall=0.644
accuracy: (test=0.974) average_precision: (test=0.670) balanced_accuracy: (test=0.817) f1: (test=0.704) roc_auc: (test=0.907) 25.83s
[fit 42/150] END max_depth=41; total=3654, TP=113, TN=3445, FP=35, FN=61; precision=0.764, recall=0.649
accuracy: (test=0.974) average_precision: (test=0.672) balanced_accuracy: (test=0.820) f1: (test=0.702) roc_auc: (test=0.904) 26.83s
[fit 43/150] END max_depth=42; total=3654, TP=109, TN=3441, FP=39, FN=65; precision=0.736, recall=0.626
accuracy: (test=0.972) average_precision: (test=0.682) balanced_accuracy: (test=0.808) f1: (test=0.677) roc_auc: (test=0.908) 26.31s
[fit 44/150] END max_depth=43; total=3654, TP=113, TN=3442, FP=38, FN=61; precision=0.748, recall=0.649
accuracy: (test=0.973) average_precision: (test=0.680) balanced_accuracy: (test=0.819) f1: (test=0.695) roc_auc: (test=0.906) 25.53s
[fit 45/150] END max_depth=44; total=3654, TP=114, TN=3437, FP=43, FN=60; precision=0.726, recall=0.655
accuracy: (test=0.972) average_precision: (test=0.666) balanced_accuracy: (test=0.821) f1: (test=0.689) roc_auc: (test=0.908) 25.82s
[fit 46/150] END max_depth=45; total=3654, TP=112, TN=3438, FP=42, FN=62; precision=0.727, recall=0.644
accuracy: (test=0.972) average_precision: (test=0.690) balanced_accuracy: (test=0.816) f1: (test=0.683) roc_auc: (test=0.905) 25.95s
[fit 47/150] END max_depth=46; total=3654, TP=112, TN=3446, FP=34, FN=62; precision=0.767, recall=0.644
accuracy: (test=0.974) average_precision: (test=0.673) balanced_accuracy: (test=0.817) f1: (test=0.700) roc_auc: (test=0.894) 26.19s
[fit 48/150] END max_depth=47; total=3654, TP=108, TN=3439, FP=41, FN=66; precision=0.725, recall=0.621
accuracy: (test=0.971) average_precision: (test=0.664) balanced_accuracy: (test=0.804) f1: (test=0.669) roc_auc: (test=0.900) 25.93s
[fit 49/150] END max_depth=48; total=3654, TP=112, TN=3437, FP=43, FN=62; precision=0.723, recall=0.644
accuracy: (test=0.971) average_precision: (test=0.666) balanced_accuracy: (test=0.816) f1: (test=0.681) roc_auc: (test=0.901) 25.77s
[fit 50/150] END max_depth=49; total=3654, TP=107, TN=3442, FP=38, FN=67; precision=0.738, recall=0.615
accuracy: (test=0.971) average_precision: (test=0.666) balanced_accuracy: (test=0.802) f1: (test=0.671) roc_auc: (test=0.890) 26.33s
[fit 51/150] END max_depth=50; total=3654, TP=108, TN=3438, FP=42, FN=66; precision=0.720, recall=0.621
accuracy: (test=0.970) average_precision: (test=0.668) balanced_accuracy: (test=0.804) f1: (test=0.667) roc_auc: (test=0.897) 25.58s
[fit 52/150] END max_depth=51; total=3654, TP=112, TN=3450, FP=30, FN=62; precision=0.789, recall=0.644
accuracy: (test=0.975) average_precision: (test=0.666) balanced_accuracy: (test=0.818) f1: (test=0.709) roc_auc: (test=0.892) 25.28s
[fit 53/150] END max_depth=52; total=3654, TP=107, TN=3441, FP=39, FN=67; precision=0.733, recall=0.615
accuracy: (test=0.971) average_precision: (test=0.663) balanced_accuracy: (test=0.802) f1: (test=0.669) roc_auc: (test=0.909) 26.21s
[fit 54/150] END max_depth=53; total=3654, TP=111, TN=3439, FP=41, FN=63; precision=0.730, recall=0.638
accuracy: (test=0.972) average_precision: (test=0.653) balanced_accuracy: (test=0.813) f1: (test=0.681) roc_auc: (test=0.896) 24.96s
[fit 55/150] END max_depth=54; total=3654, TP=110, TN=3438, FP=42, FN=64; precision=0.724, recall=0.632
accuracy: (test=0.971) average_precision: (test=0.663) balanced_accuracy: (test=0.810) f1: (test=0.675) roc_auc: (test=0.900) 26.21s
[fit 56/150] END max_depth=55; total=3654, TP=108, TN=3446, FP=34, FN=66; precision=0.761, recall=0.621
accuracy: (test=0.973) average_precision: (test=0.645) balanced_accuracy: (test=0.805) f1: (test=0.684) roc_auc: (test=0.895) 24.93s
[fit 57/150] END max_depth=56; total=3654, TP=113, TN=3438, FP=42, FN=61; precision=0.729, recall=0.649
accuracy: (test=0.972) average_precision: (test=0.676) balanced_accuracy: (test=0.819) f1: (test=0.687) roc_auc: (test=0.906) 25.14s
[fit 58/150] END max_depth=57; total=3654, TP=110, TN=3438, FP=42, FN=64; precision=0.724, recall=0.632
accuracy: (test=0.971) average_precision: (test=0.664) balanced_accuracy: (test=0.810) f1: (test=0.675) roc_auc: (test=0.907) 25.18s
[fit 59/150] END max_depth=58; total=3654, TP=113, TN=3437, FP=43, FN=61; precision=0.724, recall=0.649
accuracy: (test=0.972) average_precision: (test=0.674) balanced_accuracy: (test=0.819) f1: (test=0.685) roc_auc: (test=0.898) 25.87s
[fit 60/150] END max_depth=59; total=3654, TP=108, TN=3440, FP=40, FN=66; precision=0.730, recall=0.621
accuracy: (test=0.971) average_precision: (test=0.661) balanced_accuracy: (test=0.805) f1: (test=0.671) roc_auc: (test=0.900) 25.38s
[fit 61/150] END max_depth=60; total=3654, TP=112, TN=3443, FP=37, FN=62; precision=0.752, recall=0.644
accuracy: (test=0.973) average_precision: (test=0.668) balanced_accuracy: (test=0.817) f1: (test=0.693) roc_auc: (test=0.903) 27.16s
[fit 62/150] END max_depth=61; total=3654, TP=112, TN=3442, FP=38, FN=62; precision=0.747, recall=0.644
accuracy: (test=0.973) average_precision: (test=0.688) balanced_accuracy: (test=0.816) f1: (test=0.691) roc_auc: (test=0.898) 27.32s
[fit 63/150] END max_depth=62; total=3654, TP=116, TN=3440, FP=40, FN=58; precision=0.744, recall=0.667
accuracy: (test=0.973) average_precision: (test=0.657) balanced_accuracy: (test=0.828) f1: (test=0.703) roc_auc: (test=0.897) 27.23s
[fit 64/150] END max_depth=63; total=3654, TP=112, TN=3441, FP=39, FN=62; precision=0.742, recall=0.644
accuracy: (test=0.972) average_precision: (test=0.675) balanced_accuracy: (test=0.816) f1: (test=0.689) roc_auc: (test=0.907) 26.97s
[fit 65/150] END max_depth=64; total=3654, TP=110, TN=3437, FP=43, FN=64; precision=0.719, recall=0.632
accuracy: (test=0.971) average_precision: (test=0.654) balanced_accuracy: (test=0.810) f1: (test=0.673) roc_auc: (test=0.893) 27.95s
[fit 66/150] END max_depth=65; total=3654, TP=110, TN=3450, FP=30, FN=64; precision=0.786, recall=0.632
accuracy: (test=0.974) average_precision: (test=0.659) balanced_accuracy: (test=0.812) f1: (test=0.701) roc_auc: (test=0.894) 27.33s
[fit 67/150] END max_depth=66; total=3654, TP=109, TN=3443, FP=37, FN=65; precision=0.747, recall=0.626
accuracy: (test=0.972) average_precision: (test=0.684) balanced_accuracy: (test=0.808) f1: (test=0.681) roc_auc: (test=0.910) 28.34s
[fit 68/150] END max_depth=67; total=3654, TP=111, TN=3444, FP=36, FN=63; precision=0.755, recall=0.638
accuracy: (test=0.973) average_precision: (test=0.663) balanced_accuracy: (test=0.814) f1: (test=0.692) roc_auc: (test=0.905) 27.45s
[fit 69/150] END max_depth=68; total=3654, TP=111, TN=3444, FP=36, FN=63; precision=0.755, recall=0.638
accuracy: (test=0.973) average_precision: (test=0.679) balanced_accuracy: (test=0.814) f1: (test=0.692) roc_auc: (test=0.903) 27.15s
[fit 70/150] END max_depth=69; total=3654, TP=107, TN=3442, FP=38, FN=67; precision=0.738, recall=0.615
accuracy: (test=0.971) average_precision: (test=0.658) balanced_accuracy: (test=0.802) f1: (test=0.671) roc_auc: (test=0.889) 27.70s
[fit 71/150] END max_depth=70; total=3654, TP=109, TN=3440, FP=40, FN=65; precision=0.732, recall=0.626
accuracy: (test=0.971) average_precision: (test=0.659) balanced_accuracy: (test=0.807) f1: (test=0.675) roc_auc: (test=0.903) 27.22s
[fit 72/150] END max_depth=71; total=3654, TP=111, TN=3440, FP=40, FN=63; precision=0.735, recall=0.638
accuracy: (test=0.972) average_precision: (test=0.667) balanced_accuracy: (test=0.813) f1: (test=0.683) roc_auc: (test=0.903) 27.09s
[fit 73/150] END max_depth=72; total=3654, TP=110, TN=3448, FP=32, FN=64; precision=0.775, recall=0.632
accuracy: (test=0.974) average_precision: (test=0.669) balanced_accuracy: (test=0.811) f1: (test=0.696) roc_auc: (test=0.904) 25.42s
[fit 74/150] END max_depth=73; total=3654, TP=111, TN=3440, FP=40, FN=63; precision=0.735, recall=0.638
accuracy: (test=0.972) average_precision: (test=0.663) balanced_accuracy: (test=0.813) f1: (test=0.683) roc_auc: (test=0.895) 25.41s
[fit 75/150] END max_depth=74; total=3654, TP=111, TN=3436, FP=44, FN=63; precision=0.716, recall=0.638
accuracy: (test=0.971) average_precision: (test=0.666) balanced_accuracy: (test=0.813) f1: (test=0.675) roc_auc: (test=0.908) 25.38s
[fit 76/150] END max_depth=75; total=3654, TP=113, TN=3441, FP=39, FN=61; precision=0.743, recall=0.649
accuracy: (test=0.973) average_precision: (test=0.676) balanced_accuracy: (test=0.819) f1: (test=0.693) roc_auc: (test=0.906) 25.48s
[fit 77/150] END max_depth=76; total=3654, TP=112, TN=3445, FP=35, FN=62; precision=0.762, recall=0.644
accuracy: (test=0.973) average_precision: (test=0.670) balanced_accuracy: (test=0.817) f1: (test=0.698) roc_auc: (test=0.904) 25.38s
[fit 78/150] END max_depth=77; total=3654, TP=108, TN=3444, FP=36, FN=66; precision=0.750, recall=0.621
accuracy: (test=0.972) average_precision: (test=0.663) balanced_accuracy: (test=0.805) f1: (test=0.679) roc_auc: (test=0.901) 25.38s
[fit 79/150] END max_depth=78; total=3654, TP=112, TN=3444, FP=36, FN=62; precision=0.757, recall=0.644
accuracy: (test=0.973) average_precision: (test=0.669) balanced_accuracy: (test=0.817) f1: (test=0.696) roc_auc: (test=0.894) 25.88s
[fit 80/150] END max_depth=79; total=3654, TP=109, TN=3444, FP=36, FN=65; precision=0.752, recall=0.626
accuracy: (test=0.972) average_precision: (test=0.669) balanced_accuracy: (test=0.808) f1: (test=0.683) roc_auc: (test=0.897) 26.46s
[fit 81/150] END max_depth=80; total=3654, TP=111, TN=3442, FP=38, FN=63; precision=0.745, recall=0.638
accuracy: (test=0.972) average_precision: (test=0.683) balanced_accuracy: (test=0.814) f1: (test=0.687) roc_auc: (test=0.904) 26.03s
[fit 82/150] END max_depth=81; total=3654, TP=109, TN=3435, FP=45, FN=65; precision=0.708, recall=0.626
accuracy: (test=0.970) average_precision: (test=0.656) balanced_accuracy: (test=0.807) f1: (test=0.665) roc_auc: (test=0.892) 25.86s
[fit 83/150] END max_depth=82; total=3654, TP=113, TN=3437, FP=43, FN=61; precision=0.724, recall=0.649
accuracy: (test=0.972) average_precision: (test=0.687) balanced_accuracy: (test=0.819) f1: (test=0.685) roc_auc: (test=0.904) 25.13s
[fit 84/150] END max_depth=83; total=3654, TP=113, TN=3439, FP=41, FN=61; precision=0.734, recall=0.649
accuracy: (test=0.972) average_precision: (test=0.680) balanced_accuracy: (test=0.819) f1: (test=0.689) roc_auc: (test=0.910) 25.44s
[fit 85/150] END max_depth=84; total=3654, TP=111, TN=3443, FP=37, FN=63; precision=0.750, recall=0.638
accuracy: (test=0.973) average_precision: (test=0.667) balanced_accuracy: (test=0.814) f1: (test=0.689) roc_auc: (test=0.899) 26.49s
[fit 86/150] END max_depth=85; total=3654, TP=110, TN=3442, FP=38, FN=64; precision=0.743, recall=0.632
accuracy: (test=0.972) average_precision: (test=0.669) balanced_accuracy: (test=0.811) f1: (test=0.683) roc_auc: (test=0.907) 24.80s
[fit 87/150] END max_depth=86; total=3654, TP=109, TN=3437, FP=43, FN=65; precision=0.717, recall=0.626
accuracy: (test=0.970) average_precision: (test=0.668) balanced_accuracy: (test=0.807) f1: (test=0.669) roc_auc: (test=0.909) 25.78s
[fit 88/150] END max_depth=87; total=3654, TP=112, TN=3448, FP=32, FN=62; precision=0.778, recall=0.644
accuracy: (test=0.974) average_precision: (test=0.680) balanced_accuracy: (test=0.817) f1: (test=0.704) roc_auc: (test=0.905) 25.59s
[fit 89/150] END max_depth=88; total=3654, TP=110, TN=3441, FP=39, FN=64; precision=0.738, recall=0.632
accuracy: (test=0.972) average_precision: (test=0.664) balanced_accuracy: (test=0.810) f1: (test=0.681) roc_auc: (test=0.895) 25.64s
[fit 90/150] END max_depth=89; total=3654, TP=113, TN=3448, FP=32, FN=61; precision=0.779, recall=0.649
accuracy: (test=0.975) average_precision: (test=0.667) balanced_accuracy: (test=0.820) f1: (test=0.708) roc_auc: (test=0.897) 26.41s
[fit 91/150] END max_depth=90; total=3654, TP=111, TN=3437, FP=43, FN=63; precision=0.721, recall=0.638
accuracy: (test=0.971) average_precision: (test=0.679) balanced_accuracy: (test=0.813) f1: (test=0.677) roc_auc: (test=0.904) 25.03s
[fit 92/150] END max_depth=91; total=3654, TP=110, TN=3440, FP=40, FN=64; precision=0.733, recall=0.632
accuracy: (test=0.972) average_precision: (test=0.670) balanced_accuracy: (test=0.810) f1: (test=0.679) roc_auc: (test=0.894) 24.07s
[fit 93/150] END max_depth=92; total=3654, TP=109, TN=3434, FP=46, FN=65; precision=0.703, recall=0.626
accuracy: (test=0.970) average_precision: (test=0.670) balanced_accuracy: (test=0.807) f1: (test=0.663) roc_auc: (test=0.903) 25.36s
[fit 94/150] END max_depth=93; total=3654, TP=114, TN=3443, FP=37, FN=60; precision=0.755, recall=0.655
accuracy: (test=0.973) average_precision: (test=0.666) balanced_accuracy: (test=0.822) f1: (test=0.702) roc_auc: (test=0.894) 25.03s
[fit 95/150] END max_depth=94; total=3654, TP=111, TN=3437, FP=43, FN=63; precision=0.721, recall=0.638
accuracy: (test=0.971) average_precision: (test=0.654) balanced_accuracy: (test=0.813) f1: (test=0.677) roc_auc: (test=0.896) 27.73s
[fit 96/150] END max_depth=95; total=3654, TP=111, TN=3437, FP=43, FN=63; precision=0.721, recall=0.638
accuracy: (test=0.971) average_precision: (test=0.664) balanced_accuracy: (test=0.813) f1: (test=0.677) roc_auc: (test=0.901) 27.95s
[fit 97/150] END max_depth=96; total=3654, TP=109, TN=3443, FP=37, FN=65; precision=0.747, recall=0.626
accuracy: (test=0.972) average_precision: (test=0.654) balanced_accuracy: (test=0.808) f1: (test=0.681) roc_auc: (test=0.901) 27.13s
[fit 98/150] END max_depth=97; total=3654, TP=110, TN=3438, FP=42, FN=64; precision=0.724, recall=0.632
accuracy: (test=0.971) average_precision: (test=0.659) balanced_accuracy: (test=0.810) f1: (test=0.675) roc_auc: (test=0.891) 27.30s
[fit 99/150] END max_depth=98; total=3654, TP=107, TN=3434, FP=46, FN=67; precision=0.699, recall=0.615
accuracy: (test=0.969) average_precision: (test=0.650) balanced_accuracy: (test=0.801) f1: (test=0.654) roc_auc: (test=0.892) 27.14s
[fit 100/150] END max_depth=99; total=3654, TP=112, TN=3445, FP=35, FN=62; precision=0.762, recall=0.644
accuracy: (test=0.973) average_precision: (test=0.681) balanced_accuracy: (test=0.817) f1: (test=0.698) roc_auc: (test=0.905) 27.50s
[fit 101/150] END max_depth=100; total=3654, TP=113, TN=3444, FP=36, FN=61; precision=0.758, recall=0.649
accuracy: (test=0.973) average_precision: (test=0.673) balanced_accuracy: (test=0.820) f1: (test=0.700) roc_auc: (test=0.900) 27.99s
[fit 102/150] END max_depth=101; total=3654, TP=113, TN=3443, FP=37, FN=61; precision=0.753, recall=0.649
accuracy: (test=0.973) average_precision: (test=0.676) balanced_accuracy: (test=0.819) f1: (test=0.698) roc_auc: (test=0.899) 27.09s
[fit 103/150] END max_depth=102; total=3654, TP=110, TN=3441, FP=39, FN=64; precision=0.738, recall=0.632
accuracy: (test=0.972) average_precision: (test=0.671) balanced_accuracy: (test=0.810) f1: (test=0.681) roc_auc: (test=0.903) 27.32s
[fit 104/150] END max_depth=103; total=3654, TP=114, TN=3441, FP=39, FN=60; precision=0.745, recall=0.655
accuracy: (test=0.973) average_precision: (test=0.676) balanced_accuracy: (test=0.822) f1: (test=0.697) roc_auc: (test=0.901) 27.35s
[fit 105/150] END max_depth=104; total=3654, TP=111, TN=3440, FP=40, FN=63; precision=0.735, recall=0.638
accuracy: (test=0.972) average_precision: (test=0.668) balanced_accuracy: (test=0.813) f1: (test=0.683) roc_auc: (test=0.894) 27.36s
[fit 106/150] END max_depth=105; total=3654, TP=110, TN=3440, FP=40, FN=64; precision=0.733, recall=0.632
accuracy: (test=0.972) average_precision: (test=0.662) balanced_accuracy: (test=0.810) f1: (test=0.679) roc_auc: (test=0.903) 26.91s
[fit 107/150] END max_depth=106; total=3654, TP=110, TN=3441, FP=39, FN=64; precision=0.738, recall=0.632
accuracy: (test=0.972) average_precision: (test=0.665) balanced_accuracy: (test=0.810) f1: (test=0.681) roc_auc: (test=0.895) 26.13s
[fit 108/150] END max_depth=107; total=3654, TP=113, TN=3436, FP=44, FN=61; precision=0.720, recall=0.649
accuracy: (test=0.971) average_precision: (test=0.658) balanced_accuracy: (test=0.818) f1: (test=0.683) roc_auc: (test=0.906) 25.08s
[fit 109/150] END max_depth=108; total=3654, TP=111, TN=3444, FP=36, FN=63; precision=0.755, recall=0.638
accuracy: (test=0.973) average_precision: (test=0.664) balanced_accuracy: (test=0.814) f1: (test=0.692) roc_auc: (test=0.903) 25.61s
[fit 110/150] END max_depth=109; total=3654, TP=107, TN=3443, FP=37, FN=67; precision=0.743, recall=0.615
accuracy: (test=0.972) average_precision: (test=0.659) balanced_accuracy: (test=0.802) f1: (test=0.673) roc_auc: (test=0.900) 24.82s
[fit 111/150] END max_depth=110; total=3654, TP=112, TN=3440, FP=40, FN=62; precision=0.737, recall=0.644
accuracy: (test=0.972) average_precision: (test=0.686) balanced_accuracy: (test=0.816) f1: (test=0.687) roc_auc: (test=0.904) 25.72s
[fit 112/150] END max_depth=111; total=3654, TP=110, TN=3442, FP=38, FN=64; precision=0.743, recall=0.632
accuracy: (test=0.972) average_precision: (test=0.662) balanced_accuracy: (test=0.811) f1: (test=0.683) roc_auc: (test=0.902) 24.85s
[fit 113/150] END max_depth=112; total=3654, TP=108, TN=3440, FP=40, FN=66; precision=0.730, recall=0.621
accuracy: (test=0.971) average_precision: (test=0.663) balanced_accuracy: (test=0.805) f1: (test=0.671) roc_auc: (test=0.904) 24.71s
[fit 114/150] END max_depth=113; total=3654, TP=108, TN=3443, FP=37, FN=66; precision=0.745, recall=0.621
accuracy: (test=0.972) average_precision: (test=0.665) balanced_accuracy: (test=0.805) f1: (test=0.677) roc_auc: (test=0.892) 25.69s
[fit 115/150] END max_depth=114; total=3654, TP=110, TN=3444, FP=36, FN=64; precision=0.753, recall=0.632
accuracy: (test=0.973) average_precision: (test=0.666) balanced_accuracy: (test=0.811) f1: (test=0.688) roc_auc: (test=0.903) 24.89s
[fit 116/150] END max_depth=115; total=3654, TP=112, TN=3441, FP=39, FN=62; precision=0.742, recall=0.644
accuracy: (test=0.972) average_precision: (test=0.654) balanced_accuracy: (test=0.816) f1: (test=0.689) roc_auc: (test=0.901) 25.61s
[fit 117/150] END max_depth=116; total=3654, TP=112, TN=3440, FP=40, FN=62; precision=0.737, recall=0.644
accuracy: (test=0.972) average_precision: (test=0.670) balanced_accuracy: (test=0.816) f1: (test=0.687) roc_auc: (test=0.904) 25.22s
[fit 118/150] END max_depth=117; total=3654, TP=107, TN=3441, FP=39, FN=67; precision=0.733, recall=0.615
accuracy: (test=0.971) average_precision: (test=0.665) balanced_accuracy: (test=0.802) f1: (test=0.669) roc_auc: (test=0.897) 24.68s
[fit 119/150] END max_depth=118; total=3654, TP=111, TN=3439, FP=41, FN=63; precision=0.730, recall=0.638
accuracy: (test=0.972) average_precision: (test=0.657) balanced_accuracy: (test=0.813) f1: (test=0.681) roc_auc: (test=0.905) 25.56s
[fit 120/150] END max_depth=119; total=3654, TP=116, TN=3440, FP=40, FN=58; precision=0.744, recall=0.667
accuracy: (test=0.973) average_precision: (test=0.683) balanced_accuracy: (test=0.828) f1: (test=0.703) roc_auc: (test=0.907) 25.10s
[fit 121/150] END max_depth=120; total=3654, TP=118, TN=3448, FP=32, FN=56; precision=0.787, recall=0.678
accuracy: (test=0.976) average_precision: (test=0.689) balanced_accuracy: (test=0.834) f1: (test=0.728) roc_auc: (test=0.896) 25.19s
[fit 122/150] END max_depth=121; total=3654, TP=109, TN=3437, FP=43, FN=65; precision=0.717, recall=0.626
accuracy: (test=0.970) average_precision: (test=0.670) balanced_accuracy: (test=0.807) f1: (test=0.669) roc_auc: (test=0.907) 25.19s
[fit 123/150] END max_depth=122; total=3654, TP=107, TN=3447, FP=33, FN=67; precision=0.764, recall=0.615
accuracy: (test=0.973) average_precision: (test=0.653) balanced_accuracy: (test=0.803) f1: (test=0.682) roc_auc: (test=0.893) 28.33s
[fit 124/150] END max_depth=123; total=3654, TP=107, TN=3446, FP=34, FN=67; precision=0.759, recall=0.615
accuracy: (test=0.972) average_precision: (test=0.683) balanced_accuracy: (test=0.803) f1: (test=0.679) roc_auc: (test=0.907) 27.22s
[fit 125/150] END max_depth=124; total=3654, TP=111, TN=3441, FP=39, FN=63; precision=0.740, recall=0.638
accuracy: (test=0.972) average_precision: (test=0.661) balanced_accuracy: (test=0.813) f1: (test=0.685) roc_auc: (test=0.897) 26.94s
[fit 126/150] END max_depth=125; total=3654, TP=106, TN=3446, FP=34, FN=68; precision=0.757, recall=0.609
accuracy: (test=0.972) average_precision: (test=0.664) balanced_accuracy: (test=0.800) f1: (test=0.675) roc_auc: (test=0.899) 27.89s
[fit 127/150] END max_depth=126; total=3654, TP=106, TN=3438, FP=42, FN=68; precision=0.716, recall=0.609
accuracy: (test=0.970) average_precision: (test=0.664) balanced_accuracy: (test=0.799) f1: (test=0.658) roc_auc: (test=0.903) 27.41s
[fit 128/150] END max_depth=127; total=3654, TP=104, TN=3436, FP=44, FN=70; precision=0.703, recall=0.598
accuracy: (test=0.969) average_precision: (test=0.661) balanced_accuracy: (test=0.793) f1: (test=0.646) roc_auc: (test=0.895) 27.71s
[fit 129/150] END max_depth=128; total=3654, TP=109, TN=3439, FP=41, FN=65; precision=0.727, recall=0.626
accuracy: (test=0.971) average_precision: (test=0.676) balanced_accuracy: (test=0.807) f1: (test=0.673) roc_auc: (test=0.904) 26.56s
[fit 130/150] END max_depth=129; total=3654, TP=111, TN=3446, FP=34, FN=63; precision=0.766, recall=0.638
accuracy: (test=0.973) average_precision: (test=0.674) balanced_accuracy: (test=0.814) f1: (test=0.696) roc_auc: (test=0.894) 27.25s
[fit 131/150] END max_depth=130; total=3654, TP=114, TN=3438, FP=42, FN=60; precision=0.731, recall=0.655
accuracy: (test=0.972) average_precision: (test=0.659) balanced_accuracy: (test=0.822) f1: (test=0.691) roc_auc: (test=0.910) 25.98s
[fit 132/150] END max_depth=131; total=3654, TP=113, TN=3441, FP=39, FN=61; precision=0.743, recall=0.649
accuracy: (test=0.973) average_precision: (test=0.662) balanced_accuracy: (test=0.819) f1: (test=0.693) roc_auc: (test=0.888) 26.80s
[fit 133/150] END max_depth=132; total=3654, TP=109, TN=3442, FP=38, FN=65; precision=0.741, recall=0.626
accuracy: (test=0.972) average_precision: (test=0.660) balanced_accuracy: (test=0.808) f1: (test=0.679) roc_auc: (test=0.902) 25.35s
[fit 134/150] END max_depth=133; total=3654, TP=109, TN=3437, FP=43, FN=65; precision=0.717, recall=0.626
accuracy: (test=0.970) average_precision: (test=0.659) balanced_accuracy: (test=0.807) f1: (test=0.669) roc_auc: (test=0.895) 25.85s
[fit 135/150] END max_depth=134; total=3654, TP=115, TN=3438, FP=42, FN=59; precision=0.732, recall=0.661
accuracy: (test=0.972) average_precision: (test=0.669) balanced_accuracy: (test=0.824) f1: (test=0.695) roc_auc: (test=0.898) 24.77s
[fit 136/150] END max_depth=135; total=3654, TP=115, TN=3443, FP=37, FN=59; precision=0.757, recall=0.661
accuracy: (test=0.974) average_precision: (test=0.688) balanced_accuracy: (test=0.825) f1: (test=0.706) roc_auc: (test=0.913) 24.77s
[fit 137/150] END max_depth=136; total=3654, TP=113, TN=3435, FP=45, FN=61; precision=0.715, recall=0.649
accuracy: (test=0.971) average_precision: (test=0.665) balanced_accuracy: (test=0.818) f1: (test=0.681) roc_auc: (test=0.891) 25.58s
[fit 138/150] END max_depth=137; total=3654, TP=109, TN=3438, FP=42, FN=65; precision=0.722, recall=0.626
accuracy: (test=0.971) average_precision: (test=0.652) balanced_accuracy: (test=0.807) f1: (test=0.671) roc_auc: (test=0.898) 25.23s
[fit 139/150] END max_depth=138; total=3654, TP=111, TN=3436, FP=44, FN=63; precision=0.716, recall=0.638
accuracy: (test=0.971) average_precision: (test=0.653) balanced_accuracy: (test=0.813) f1: (test=0.675) roc_auc: (test=0.902) 25.56s
[fit 140/150] END max_depth=139; total=3654, TP=112, TN=3438, FP=42, FN=62; precision=0.727, recall=0.644
accuracy: (test=0.972) average_precision: (test=0.659) balanced_accuracy: (test=0.816) f1: (test=0.683) roc_auc: (test=0.896) 25.23s
[fit 141/150] END max_depth=140; total=3654, TP=112, TN=3441, FP=39, FN=62; precision=0.742, recall=0.644
accuracy: (test=0.972) average_precision: (test=0.677) balanced_accuracy: (test=0.816) f1: (test=0.689) roc_auc: (test=0.891) 24.85s
[fit 142/150] END max_depth=141; total=3654, TP=113, TN=3435, FP=45, FN=61; precision=0.715, recall=0.649
accuracy: (test=0.971) average_precision: (test=0.669) balanced_accuracy: (test=0.818) f1: (test=0.681) roc_auc: (test=0.893) 25.55s
[fit 143/150] END max_depth=142; total=3654, TP=110, TN=3443, FP=37, FN=64; precision=0.748, recall=0.632
accuracy: (test=0.972) average_precision: (test=0.664) balanced_accuracy: (test=0.811) f1: (test=0.685) roc_auc: (test=0.897) 25.16s
[fit 144/150] END max_depth=143; total=3654, TP=112, TN=3437, FP=43, FN=62; precision=0.723, recall=0.644
accuracy: (test=0.971) average_precision: (test=0.659) balanced_accuracy: (test=0.816) f1: (test=0.681) roc_auc: (test=0.898) 25.61s
[fit 145/150] END max_depth=144; total=3654, TP=112, TN=3446, FP=34, FN=62; precision=0.767, recall=0.644
accuracy: (test=0.974) average_precision: (test=0.663) balanced_accuracy: (test=0.817) f1: (test=0.700) roc_auc: (test=0.902) 24.91s
[fit 146/150] END max_depth=145; total=3654, TP=109, TN=3438, FP=42, FN=65; precision=0.722, recall=0.626
accuracy: (test=0.971) average_precision: (test=0.654) balanced_accuracy: (test=0.807) f1: (test=0.671) roc_auc: (test=0.890) 26.26s
[fit 147/150] END max_depth=146; total=3654, TP=114, TN=3445, FP=35, FN=60; precision=0.765, recall=0.655
accuracy: (test=0.974) average_precision: (test=0.675) balanced_accuracy: (test=0.823) f1: (test=0.706) roc_auc: (test=0.905) 25.57s
[fit 148/150] END max_depth=147; total=3654, TP=108, TN=3444, FP=36, FN=66; precision=0.750, recall=0.621
accuracy: (test=0.972) average_precision: (test=0.673) balanced_accuracy: (test=0.805) f1: (test=0.679) roc_auc: (test=0.903) 27.20s
[fit 149/150] END max_depth=148; total=3654, TP=108, TN=3439, FP=41, FN=66; precision=0.725, recall=0.621
accuracy: (test=0.971) average_precision: (test=0.658) balanced_accuracy: (test=0.804) f1: (test=0.669) roc_auc: (test=0.901) 26.98s
[fit 150/150] END max_depth=149; total=3654, TP=110, TN=3438, FP=42, FN=64; precision=0.724, recall=0.632
accuracy: (test=0.971) average_precision: (test=0.666) balanced_accuracy: (test=0.810) f1: (test=0.675) roc_auc: (test=0.898) 27.31s
clf.best_estimator_params: {'max_depth': 32}
best params found in line [34] for metric [roc_auc] in rank file
best params found in fit [33] for metric [roc_auc] in run_and_score file
clf.best_scoring_result: [Total: (test=3654) TP: (test=112.000) TN: (test=3445.000) FP: (test=35.000) FN: (test=62.000) precision: (test=0.762) recall: (test=0.644) accuracy: (test=0.973) average_precision: (test=0.674) balanced_accuracy: (test=0.817) f1: (test=0.698) roc_auc: (test=0.917) ]
write rank test to csv!!!
write over!!!
第三次
{'bootstrap': True, 'ccp_alpha': 0.0, 'class_weight': None, 'criterion': 'gini', 'max_depth': 32, 'max_features': 'auto', 'max_leaf_nodes': None, 'max_samples': None, 'min_impurity_decrease': 0.0, 'min_impurity_split': None, 'min_samples_leaf': 1, 'min_samples_split': 2, 'min_weight_fraction_leaf': 0.0, 'n_estimators': 70, 'n_jobs': 3, 'oob_score': False, 'random_state': None, 'verbose': 0, 'warm_start': False}
Fitting, totalling 90 fits
[fit 1/90] END min_samples_leaf=1, min_samples_split=2; total=3654, TP=112, TN=3436, FP=44, FN=62; precision=0.718, recall=0.644
accuracy: (test=0.971) average_precision: (test=0.672) balanced_accuracy: (test=0.816) f1: (test=0.679) roc_auc: (test=0.898) 27.11s
[fit 2/90] END min_samples_leaf=1, min_samples_split=3; total=3654, TP=113, TN=3436, FP=44, FN=61; precision=0.720, recall=0.649
accuracy: (test=0.971) average_precision: (test=0.674) balanced_accuracy: (test=0.818) f1: (test=0.683) roc_auc: (test=0.897) 26.42s
[fit 3/90] END min_samples_leaf=1, min_samples_split=4; total=3654, TP=108, TN=3437, FP=43, FN=66; precision=0.715, recall=0.621
accuracy: (test=0.970) average_precision: (test=0.662) balanced_accuracy: (test=0.804) f1: (test=0.665) roc_auc: (test=0.906) 27.43s
[fit 4/90] END min_samples_leaf=1, min_samples_split=5; total=3654, TP=112, TN=3437, FP=43, FN=62; precision=0.723, recall=0.644
accuracy: (test=0.971) average_precision: (test=0.662) balanced_accuracy: (test=0.816) f1: (test=0.681) roc_auc: (test=0.897) 26.94s
[fit 5/90] END min_samples_leaf=1, min_samples_split=6; total=3654, TP=112, TN=3441, FP=39, FN=62; precision=0.742, recall=0.644
accuracy: (test=0.972) average_precision: (test=0.675) balanced_accuracy: (test=0.816) f1: (test=0.689) roc_auc: (test=0.909) 26.85s
[fit 6/90] END min_samples_leaf=1, min_samples_split=7; total=3654, TP=109, TN=3423, FP=57, FN=65; precision=0.657, recall=0.626
accuracy: (test=0.967) average_precision: (test=0.671) balanced_accuracy: (test=0.805) f1: (test=0.641) roc_auc: (test=0.902) 26.76s
[fit 7/90] END min_samples_leaf=1, min_samples_split=8; total=3654, TP=112, TN=3427, FP=53, FN=62; precision=0.679, recall=0.644
accuracy: (test=0.969) average_precision: (test=0.681) balanced_accuracy: (test=0.814) f1: (test=0.661) roc_auc: (test=0.912) 26.44s
[fit 8/90] END min_samples_leaf=1, min_samples_split=9; total=3654, TP=110, TN=3430, FP=50, FN=64; precision=0.688, recall=0.632
accuracy: (test=0.969) average_precision: (test=0.663) balanced_accuracy: (test=0.809) f1: (test=0.659) roc_auc: (test=0.887) 24.50s
[fit 9/90] END min_samples_leaf=1, min_samples_split=10; total=3654, TP=113, TN=3429, FP=51, FN=61; precision=0.689, recall=0.649
accuracy: (test=0.969) average_precision: (test=0.657) balanced_accuracy: (test=0.817) f1: (test=0.669) roc_auc: (test=0.899) 25.00s
[fit 10/90] END min_samples_leaf=2, min_samples_split=2; total=3654, TP=114, TN=3430, FP=50, FN=60; precision=0.695, recall=0.655
accuracy: (test=0.970) average_precision: (test=0.681) balanced_accuracy: (test=0.820) f1: (test=0.675) roc_auc: (test=0.906) 24.62s
[fit 11/90] END min_samples_leaf=2, min_samples_split=3; total=3654, TP=109, TN=3434, FP=46, FN=65; precision=0.703, recall=0.626
accuracy: (test=0.970) average_precision: (test=0.669) balanced_accuracy: (test=0.807) f1: (test=0.663) roc_auc: (test=0.897) 24.53s
[fit 12/90] END min_samples_leaf=2, min_samples_split=4; total=3654, TP=116, TN=3438, FP=42, FN=58; precision=0.734, recall=0.667
accuracy: (test=0.973) average_precision: (test=0.682) balanced_accuracy: (test=0.827) f1: (test=0.699) roc_auc: (test=0.902) 24.70s
[fit 13/90] END min_samples_leaf=2, min_samples_split=5; total=3654, TP=113, TN=3431, FP=49, FN=61; precision=0.698, recall=0.649
accuracy: (test=0.970) average_precision: (test=0.667) balanced_accuracy: (test=0.818) f1: (test=0.673) roc_auc: (test=0.898) 24.55s
[fit 14/90] END min_samples_leaf=2, min_samples_split=6; total=3654, TP=112, TN=3429, FP=51, FN=62; precision=0.687, recall=0.644
accuracy: (test=0.969) average_precision: (test=0.667) balanced_accuracy: (test=0.815) f1: (test=0.665) roc_auc: (test=0.904) 24.32s
[fit 15/90] END min_samples_leaf=2, min_samples_split=7; total=3654, TP=110, TN=3427, FP=53, FN=64; precision=0.675, recall=0.632
accuracy: (test=0.968) average_precision: (test=0.667) balanced_accuracy: (test=0.808) f1: (test=0.653) roc_auc: (test=0.906) 24.51s
[fit 16/90] END min_samples_leaf=2, min_samples_split=8; total=3654, TP=114, TN=3433, FP=47, FN=60; precision=0.708, recall=0.655
accuracy: (test=0.971) average_precision: (test=0.660) balanced_accuracy: (test=0.821) f1: (test=0.681) roc_auc: (test=0.903) 24.06s
[fit 17/90] END min_samples_leaf=2, min_samples_split=9; total=3654, TP=110, TN=3431, FP=49, FN=64; precision=0.692, recall=0.632
accuracy: (test=0.969) average_precision: (test=0.657) balanced_accuracy: (test=0.809) f1: (test=0.661) roc_auc: (test=0.898) 24.60s
[fit 18/90] END min_samples_leaf=2, min_samples_split=10; total=3654, TP=112, TN=3427, FP=53, FN=62; precision=0.679, recall=0.644
accuracy: (test=0.969) average_precision: (test=0.672) balanced_accuracy: (test=0.814) f1: (test=0.661) roc_auc: (test=0.902) 25.65s
[fit 19/90] END min_samples_leaf=3, min_samples_split=2; total=3654, TP=115, TN=3433, FP=47, FN=59; precision=0.710, recall=0.661
accuracy: (test=0.971) average_precision: (test=0.671) balanced_accuracy: (test=0.824) f1: (test=0.685) roc_auc: (test=0.894) 24.33s
[fit 20/90] END min_samples_leaf=3, min_samples_split=3; total=3654, TP=114, TN=3425, FP=55, FN=60; precision=0.675, recall=0.655
accuracy: (test=0.969) average_precision: (test=0.666) balanced_accuracy: (test=0.820) f1: (test=0.665) roc_auc: (test=0.901) 23.96s
[fit 21/90] END min_samples_leaf=3, min_samples_split=4; total=3654, TP=114, TN=3428, FP=52, FN=60; precision=0.687, recall=0.655
accuracy: (test=0.969) average_precision: (test=0.654) balanced_accuracy: (test=0.820) f1: (test=0.671) roc_auc: (test=0.896) 23.84s
[fit 22/90] END min_samples_leaf=3, min_samples_split=5; total=3654, TP=115, TN=3432, FP=48, FN=59; precision=0.706, recall=0.661
accuracy: (test=0.971) average_precision: (test=0.663) balanced_accuracy: (test=0.824) f1: (test=0.682) roc_auc: (test=0.906) 24.21s
[fit 23/90] END min_samples_leaf=3, min_samples_split=6; total=3654, TP=111, TN=3428, FP=52, FN=63; precision=0.681, recall=0.638
accuracy: (test=0.969) average_precision: (test=0.647) balanced_accuracy: (test=0.811) f1: (test=0.659) roc_auc: (test=0.891) 24.46s
[fit 24/90] END min_samples_leaf=3, min_samples_split=7; total=3654, TP=113, TN=3430, FP=50, FN=61; precision=0.693, recall=0.649
accuracy: (test=0.970) average_precision: (test=0.674) balanced_accuracy: (test=0.818) f1: (test=0.671) roc_auc: (test=0.907) 24.37s
[fit 25/90] END min_samples_leaf=3, min_samples_split=8; total=3654, TP=114, TN=3419, FP=61, FN=60; precision=0.651, recall=0.655
accuracy: (test=0.967) average_precision: (test=0.643) balanced_accuracy: (test=0.819) f1: (test=0.653) roc_auc: (test=0.895) 25.58s
[fit 26/90] END min_samples_leaf=3, min_samples_split=9; total=3654, TP=114, TN=3429, FP=51, FN=60; precision=0.691, recall=0.655
accuracy: (test=0.970) average_precision: (test=0.661) balanced_accuracy: (test=0.820) f1: (test=0.673) roc_auc: (test=0.898) 26.08s
[fit 27/90] END min_samples_leaf=3, min_samples_split=10; total=3654, TP=112, TN=3428, FP=52, FN=62; precision=0.683, recall=0.644
accuracy: (test=0.969) average_precision: (test=0.659) balanced_accuracy: (test=0.814) f1: (test=0.663) roc_auc: (test=0.895) 25.75s
[fit 28/90] END min_samples_leaf=4, min_samples_split=2; total=3654, TP=114, TN=3423, FP=57, FN=60; precision=0.667, recall=0.655
accuracy: (test=0.968) average_precision: (test=0.665) balanced_accuracy: (test=0.819) f1: (test=0.661) roc_auc: (test=0.901) 26.24s
[fit 29/90] END min_samples_leaf=4, min_samples_split=3; total=3654, TP=113, TN=3419, FP=61, FN=61; precision=0.649, recall=0.649
accuracy: (test=0.967) average_precision: (test=0.651) balanced_accuracy: (test=0.816) f1: (test=0.649) roc_auc: (test=0.898) 25.71s
[fit 30/90] END min_samples_leaf=4, min_samples_split=4; total=3654, TP=114, TN=3426, FP=54, FN=60; precision=0.679, recall=0.655
accuracy: (test=0.969) average_precision: (test=0.657) balanced_accuracy: (test=0.820) f1: (test=0.667) roc_auc: (test=0.898) 26.44s
[fit 31/90] END min_samples_leaf=4, min_samples_split=5; total=3654, TP=114, TN=3425, FP=55, FN=60; precision=0.675, recall=0.655
accuracy: (test=0.969) average_precision: (test=0.660) balanced_accuracy: (test=0.820) f1: (test=0.665) roc_auc: (test=0.905) 25.40s
[fit 32/90] END min_samples_leaf=4, min_samples_split=6; total=3654, TP=110, TN=3428, FP=52, FN=64; precision=0.679, recall=0.632
accuracy: (test=0.968) average_precision: (test=0.652) balanced_accuracy: (test=0.809) f1: (test=0.655) roc_auc: (test=0.897) 24.75s
[fit 33/90] END min_samples_leaf=4, min_samples_split=7; total=3654, TP=115, TN=3426, FP=54, FN=59; precision=0.680, recall=0.661
accuracy: (test=0.969) average_precision: (test=0.659) balanced_accuracy: (test=0.823) f1: (test=0.671) roc_auc: (test=0.892) 26.25s
[fit 34/90] END min_samples_leaf=4, min_samples_split=8; total=3654, TP=112, TN=3430, FP=50, FN=62; precision=0.691, recall=0.644
accuracy: (test=0.969) average_precision: (test=0.659) balanced_accuracy: (test=0.815) f1: (test=0.667) roc_auc: (test=0.897) 25.74s
[fit 35/90] END min_samples_leaf=4, min_samples_split=9; total=3654, TP=118, TN=3424, FP=56, FN=56; precision=0.678, recall=0.678
accuracy: (test=0.969) average_precision: (test=0.670) balanced_accuracy: (test=0.831) f1: (test=0.678) roc_auc: (test=0.905) 25.61s
[fit 36/90] END min_samples_leaf=4, min_samples_split=10; total=3654, TP=112, TN=3423, FP=57, FN=62; precision=0.663, recall=0.644
accuracy: (test=0.967) average_precision: (test=0.659) balanced_accuracy: (test=0.814) f1: (test=0.653) roc_auc: (test=0.893) 25.87s
[fit 37/90] END min_samples_leaf=5, min_samples_split=2; total=3654, TP=117, TN=3417, FP=63, FN=57; precision=0.650, recall=0.672
accuracy: (test=0.967) average_precision: (test=0.670) balanced_accuracy: (test=0.827) f1: (test=0.661) roc_auc: (test=0.900) 25.11s
[fit 38/90] END min_samples_leaf=5, min_samples_split=3; total=3654, TP=114, TN=3425, FP=55, FN=60; precision=0.675, recall=0.655
accuracy: (test=0.969) average_precision: (test=0.666) balanced_accuracy: (test=0.820) f1: (test=0.665) roc_auc: (test=0.899) 24.88s
[fit 39/90] END min_samples_leaf=5, min_samples_split=4; total=3654, TP=114, TN=3424, FP=56, FN=60; precision=0.671, recall=0.655
accuracy: (test=0.968) average_precision: (test=0.665) balanced_accuracy: (test=0.820) f1: (test=0.663) roc_auc: (test=0.900) 23.73s
[fit 40/90] END min_samples_leaf=5, min_samples_split=5; total=3654, TP=115, TN=3426, FP=54, FN=59; precision=0.680, recall=0.661
accuracy: (test=0.969) average_precision: (test=0.665) balanced_accuracy: (test=0.823) f1: (test=0.671) roc_auc: (test=0.897) 24.70s
[fit 41/90] END min_samples_leaf=5, min_samples_split=6; total=3654, TP=114, TN=3422, FP=58, FN=60; precision=0.663, recall=0.655
accuracy: (test=0.968) average_precision: (test=0.655) balanced_accuracy: (test=0.819) f1: (test=0.659) roc_auc: (test=0.890) 23.85s
[fit 42/90] END min_samples_leaf=5, min_samples_split=7; total=3654, TP=116, TN=3420, FP=60, FN=58; precision=0.659, recall=0.667
accuracy: (test=0.968) average_precision: (test=0.658) balanced_accuracy: (test=0.825) f1: (test=0.663) roc_auc: (test=0.893) 24.62s
[fit 43/90] END min_samples_leaf=5, min_samples_split=8; total=3654, TP=117, TN=3415, FP=65, FN=57; precision=0.643, recall=0.672
accuracy: (test=0.967) average_precision: (test=0.653) balanced_accuracy: (test=0.827) f1: (test=0.657) roc_auc: (test=0.897) 23.74s
[fit 44/90] END min_samples_leaf=5, min_samples_split=9; total=3654, TP=115, TN=3417, FP=63, FN=59; precision=0.646, recall=0.661
accuracy: (test=0.967) average_precision: (test=0.662) balanced_accuracy: (test=0.821) f1: (test=0.653) roc_auc: (test=0.901) 23.55s
[fit 45/90] END min_samples_leaf=5, min_samples_split=10; total=3654, TP=116, TN=3424, FP=56, FN=58; precision=0.674, recall=0.667
accuracy: (test=0.969) average_precision: (test=0.653) balanced_accuracy: (test=0.825) f1: (test=0.671) roc_auc: (test=0.896) 22.93s
[fit 46/90] END min_samples_leaf=6, min_samples_split=2; total=3654, TP=117, TN=3414, FP=66, FN=57; precision=0.639, recall=0.672
accuracy: (test=0.966) average_precision: (test=0.655) balanced_accuracy: (test=0.827) f1: (test=0.655) roc_auc: (test=0.900) 23.18s
[fit 47/90] END min_samples_leaf=6, min_samples_split=3; total=3654, TP=116, TN=3411, FP=69, FN=58; precision=0.627, recall=0.667
accuracy: (test=0.965) average_precision: (test=0.652) balanced_accuracy: (test=0.823) f1: (test=0.646) roc_auc: (test=0.887) 23.30s
[fit 48/90] END min_samples_leaf=6, min_samples_split=4; total=3654, TP=112, TN=3420, FP=60, FN=62; precision=0.651, recall=0.644
accuracy: (test=0.967) average_precision: (test=0.648) balanced_accuracy: (test=0.813) f1: (test=0.647) roc_auc: (test=0.894) 23.06s
[fit 49/90] END min_samples_leaf=6, min_samples_split=5; total=3654, TP=114, TN=3420, FP=60, FN=60; precision=0.655, recall=0.655
accuracy: (test=0.967) average_precision: (test=0.660) balanced_accuracy: (test=0.819) f1: (test=0.655) roc_auc: (test=0.890) 23.03s
[fit 50/90] END min_samples_leaf=6, min_samples_split=6; total=3654, TP=116, TN=3414, FP=66, FN=58; precision=0.637, recall=0.667
accuracy: (test=0.966) average_precision: (test=0.655) balanced_accuracy: (test=0.824) f1: (test=0.652) roc_auc: (test=0.886) 22.98s
[fit 51/90] END min_samples_leaf=6, min_samples_split=7; total=3654, TP=116, TN=3413, FP=67, FN=58; precision=0.634, recall=0.667
accuracy: (test=0.966) average_precision: (test=0.656) balanced_accuracy: (test=0.824) f1: (test=0.650) roc_auc: (test=0.898) 22.86s
[fit 52/90] END min_samples_leaf=6, min_samples_split=8; total=3654, TP=115, TN=3418, FP=62, FN=59; precision=0.650, recall=0.661
accuracy: (test=0.967) average_precision: (test=0.660) balanced_accuracy: (test=0.822) f1: (test=0.655) roc_auc: (test=0.894) 22.98s
[fit 53/90] END min_samples_leaf=6, min_samples_split=9; total=3654, TP=116, TN=3414, FP=66, FN=58; precision=0.637, recall=0.667
accuracy: (test=0.966) average_precision: (test=0.656) balanced_accuracy: (test=0.824) f1: (test=0.652) roc_auc: (test=0.900) 22.29s
[fit 54/90] END min_samples_leaf=6, min_samples_split=10; total=3654, TP=115, TN=3421, FP=59, FN=59; precision=0.661, recall=0.661
accuracy: (test=0.968) average_precision: (test=0.652) balanced_accuracy: (test=0.822) f1: (test=0.661) roc_auc: (test=0.895) 23.17s
[fit 55/90] END min_samples_leaf=7, min_samples_split=2; total=3654, TP=116, TN=3405, FP=75, FN=58; precision=0.607, recall=0.667
accuracy: (test=0.964) average_precision: (test=0.642) balanced_accuracy: (test=0.823) f1: (test=0.636) roc_auc: (test=0.888) 22.80s
[fit 56/90] END min_samples_leaf=7, min_samples_split=3; total=3654, TP=112, TN=3403, FP=77, FN=62; precision=0.593, recall=0.644
accuracy: (test=0.962) average_precision: (test=0.630) balanced_accuracy: (test=0.811) f1: (test=0.617) roc_auc: (test=0.892) 22.63s
[fit 57/90] END min_samples_leaf=7, min_samples_split=4; total=3654, TP=116, TN=3410, FP=70, FN=58; precision=0.624, recall=0.667
accuracy: (test=0.965) average_precision: (test=0.658) balanced_accuracy: (test=0.823) f1: (test=0.644) roc_auc: (test=0.899) 22.89s
[fit 58/90] END min_samples_leaf=7, min_samples_split=5; total=3654, TP=114, TN=3413, FP=67, FN=60; precision=0.630, recall=0.655
accuracy: (test=0.965) average_precision: (test=0.651) balanced_accuracy: (test=0.818) f1: (test=0.642) roc_auc: (test=0.899) 23.36s
[fit 59/90] END min_samples_leaf=7, min_samples_split=6; total=3654, TP=117, TN=3410, FP=70, FN=57; precision=0.626, recall=0.672
accuracy: (test=0.965) average_precision: (test=0.647) balanced_accuracy: (test=0.826) f1: (test=0.648) roc_auc: (test=0.890) 22.84s
[fit 60/90] END min_samples_leaf=7, min_samples_split=7; total=3654, TP=117, TN=3417, FP=63, FN=57; precision=0.650, recall=0.672
accuracy: (test=0.967) average_precision: (test=0.656) balanced_accuracy: (test=0.827) f1: (test=0.661) roc_auc: (test=0.893) 22.96s
[fit 61/90] END min_samples_leaf=7, min_samples_split=8; total=3654, TP=112, TN=3416, FP=64, FN=62; precision=0.636, recall=0.644
accuracy: (test=0.966) average_precision: (test=0.640) balanced_accuracy: (test=0.813) f1: (test=0.640) roc_auc: (test=0.888) 22.52s
[fit 62/90] END min_samples_leaf=7, min_samples_split=9; total=3654, TP=116, TN=3404, FP=76, FN=58; precision=0.604, recall=0.667
accuracy: (test=0.963) average_precision: (test=0.666) balanced_accuracy: (test=0.822) f1: (test=0.634) roc_auc: (test=0.893) 22.80s
[fit 63/90] END min_samples_leaf=7, min_samples_split=10; total=3654, TP=118, TN=3392, FP=88, FN=56; precision=0.573, recall=0.678
accuracy: (test=0.961) average_precision: (test=0.642) balanced_accuracy: (test=0.826) f1: (test=0.621) roc_auc: (test=0.895) 25.02s
[fit 64/90] END min_samples_leaf=8, min_samples_split=2; total=3654, TP=114, TN=3403, FP=77, FN=60; precision=0.597, recall=0.655
accuracy: (test=0.963) average_precision: (test=0.640) balanced_accuracy: (test=0.817) f1: (test=0.625) roc_auc: (test=0.884) 24.87s
[fit 65/90] END min_samples_leaf=8, min_samples_split=3; total=3654, TP=116, TN=3403, FP=77, FN=58; precision=0.601, recall=0.667
accuracy: (test=0.963) average_precision: (test=0.649) balanced_accuracy: (test=0.822) f1: (test=0.632) roc_auc: (test=0.895) 24.58s
[fit 66/90] END min_samples_leaf=8, min_samples_split=4; total=3654, TP=117, TN=3409, FP=71, FN=57; precision=0.622, recall=0.672
accuracy: (test=0.965) average_precision: (test=0.657) balanced_accuracy: (test=0.826) f1: (test=0.646) roc_auc: (test=0.897) 24.50s
[fit 67/90] END min_samples_leaf=8, min_samples_split=5; total=3654, TP=116, TN=3409, FP=71, FN=58; precision=0.620, recall=0.667
accuracy: (test=0.965) average_precision: (test=0.636) balanced_accuracy: (test=0.823) f1: (test=0.643) roc_auc: (test=0.895) 24.26s
[fit 68/90] END min_samples_leaf=8, min_samples_split=6; total=3654, TP=117, TN=3407, FP=73, FN=57; precision=0.616, recall=0.672
accuracy: (test=0.964) average_precision: (test=0.650) balanced_accuracy: (test=0.826) f1: (test=0.643) roc_auc: (test=0.890) 25.79s
[fit 69/90] END min_samples_leaf=8, min_samples_split=7; total=3654, TP=121, TN=3414, FP=66, FN=53; precision=0.647, recall=0.695
accuracy: (test=0.967) average_precision: (test=0.660) balanced_accuracy: (test=0.838) f1: (test=0.670) roc_auc: (test=0.898) 23.85s
[fit 70/90] END min_samples_leaf=8, min_samples_split=8; total=3654, TP=115, TN=3407, FP=73, FN=59; precision=0.612, recall=0.661
accuracy: (test=0.964) average_precision: (test=0.646) balanced_accuracy: (test=0.820) f1: (test=0.635) roc_auc: (test=0.893) 24.56s
[fit 71/90] END min_samples_leaf=8, min_samples_split=9; total=3654, TP=122, TN=3401, FP=79, FN=52; precision=0.607, recall=0.701
accuracy: (test=0.964) average_precision: (test=0.663) balanced_accuracy: (test=0.839) f1: (test=0.651) roc_auc: (test=0.894) 24.22s
[fit 72/90] END min_samples_leaf=8, min_samples_split=10; total=3654, TP=116, TN=3410, FP=70, FN=58; precision=0.624, recall=0.667
accuracy: (test=0.965) average_precision: (test=0.645) balanced_accuracy: (test=0.823) f1: (test=0.644) roc_auc: (test=0.886) 24.77s
[fit 73/90] END min_samples_leaf=9, min_samples_split=2; total=3654, TP=115, TN=3394, FP=86, FN=59; precision=0.572, recall=0.661
accuracy: (test=0.960) average_precision: (test=0.629) balanced_accuracy: (test=0.818) f1: (test=0.613) roc_auc: (test=0.890) 24.41s
[fit 74/90] END min_samples_leaf=9, min_samples_split=3; total=3654, TP=117, TN=3412, FP=68, FN=57; precision=0.632, recall=0.672
accuracy: (test=0.966) average_precision: (test=0.652) balanced_accuracy: (test=0.826) f1: (test=0.652) roc_auc: (test=0.895) 23.87s
[fit 75/90] END min_samples_leaf=9, min_samples_split=4; total=3654, TP=115, TN=3399, FP=81, FN=59; precision=0.587, recall=0.661
accuracy: (test=0.962) average_precision: (test=0.633) balanced_accuracy: (test=0.819) f1: (test=0.622) roc_auc: (test=0.886) 23.05s
[fit 76/90] END min_samples_leaf=9, min_samples_split=5; total=3654, TP=118, TN=3398, FP=82, FN=56; precision=0.590, recall=0.678
accuracy: (test=0.962) average_precision: (test=0.663) balanced_accuracy: (test=0.827) f1: (test=0.631) roc_auc: (test=0.896) 22.93s
[fit 77/90] END min_samples_leaf=9, min_samples_split=6; total=3654, TP=115, TN=3398, FP=82, FN=59; precision=0.584, recall=0.661
accuracy: (test=0.961) average_precision: (test=0.640) balanced_accuracy: (test=0.819) f1: (test=0.620) roc_auc: (test=0.892) 22.60s
[fit 78/90] END min_samples_leaf=9, min_samples_split=7; total=3654, TP=112, TN=3397, FP=83, FN=62; precision=0.574, recall=0.644
accuracy: (test=0.960) average_precision: (test=0.639) balanced_accuracy: (test=0.810) f1: (test=0.607) roc_auc: (test=0.891) 22.87s
[fit 79/90] END min_samples_leaf=9, min_samples_split=8; total=3654, TP=111, TN=3394, FP=86, FN=63; precision=0.563, recall=0.638
accuracy: (test=0.959) average_precision: (test=0.622) balanced_accuracy: (test=0.807) f1: (test=0.598) roc_auc: (test=0.896) 22.67s
[fit 80/90] END min_samples_leaf=9, min_samples_split=9; total=3654, TP=116, TN=3401, FP=79, FN=58; precision=0.595, recall=0.667
accuracy: (test=0.963) average_precision: (test=0.653) balanced_accuracy: (test=0.822) f1: (test=0.629) roc_auc: (test=0.894) 22.77s
[fit 81/90] END min_samples_leaf=9, min_samples_split=10; total=3654, TP=116, TN=3402, FP=78, FN=58; precision=0.598, recall=0.667
accuracy: (test=0.963) average_precision: (test=0.651) balanced_accuracy: (test=0.822) f1: (test=0.630) roc_auc: (test=0.895) 22.74s
[fit 82/90] END min_samples_leaf=10, min_samples_split=2; total=3654, TP=112, TN=3393, FP=87, FN=62; precision=0.563, recall=0.644
accuracy: (test=0.959) average_precision: (test=0.625) balanced_accuracy: (test=0.809) f1: (test=0.601) roc_auc: (test=0.886) 22.33s
[fit 83/90] END min_samples_leaf=10, min_samples_split=3; total=3654, TP=117, TN=3390, FP=90, FN=57; precision=0.565, recall=0.672
accuracy: (test=0.960) average_precision: (test=0.628) balanced_accuracy: (test=0.823) f1: (test=0.614) roc_auc: (test=0.893) 22.18s
[fit 84/90] END min_samples_leaf=10, min_samples_split=4; total=3654, TP=116, TN=3395, FP=85, FN=58; precision=0.577, recall=0.667
accuracy: (test=0.961) average_precision: (test=0.630) balanced_accuracy: (test=0.821) f1: (test=0.619) roc_auc: (test=0.890) 22.39s
[fit 85/90] END min_samples_leaf=10, min_samples_split=5; total=3654, TP=114, TN=3396, FP=84, FN=60; precision=0.576, recall=0.655
accuracy: (test=0.961) average_precision: (test=0.647) balanced_accuracy: (test=0.816) f1: (test=0.613) roc_auc: (test=0.895) 22.34s
[fit 86/90] END min_samples_leaf=10, min_samples_split=6; total=3654, TP=115, TN=3384, FP=96, FN=59; precision=0.545, recall=0.661
accuracy: (test=0.958) average_precision: (test=0.634) balanced_accuracy: (test=0.817) f1: (test=0.597) roc_auc: (test=0.887) 22.25s
[fit 87/90] END min_samples_leaf=10, min_samples_split=7; total=3654, TP=112, TN=3393, FP=87, FN=62; precision=0.563, recall=0.644
accuracy: (test=0.959) average_precision: (test=0.627) balanced_accuracy: (test=0.809) f1: (test=0.601) roc_auc: (test=0.890) 22.09s
[fit 88/90] END min_samples_leaf=10, min_samples_split=8; total=3654, TP=116, TN=3403, FP=77, FN=58; precision=0.601, recall=0.667
accuracy: (test=0.963) average_precision: (test=0.627) balanced_accuracy: (test=0.822) f1: (test=0.632) roc_auc: (test=0.891) 22.95s
[fit 89/90] END min_samples_leaf=10, min_samples_split=9; total=3654, TP=114, TN=3389, FP=91, FN=60; precision=0.556, recall=0.655
accuracy: (test=0.959) average_precision: (test=0.627) balanced_accuracy: (test=0.815) f1: (test=0.602) roc_auc: (test=0.893) 21.57s
[fit 90/90] END min_samples_leaf=10, min_samples_split=10; total=3654, TP=117, TN=3399, FP=81, FN=57; precision=0.591, recall=0.672
accuracy: (test=0.962) average_precision: (test=0.645) balanced_accuracy: (test=0.825) f1: (test=0.629) roc_auc: (test=0.896) 21.90s
clf.best_estimator_params: {'min_samples_leaf': 1, 'min_samples_split': 8}
best params found in line [8] for metric [roc_auc] in rank file
best params found in fit [7] for metric [roc_auc] in run_and_score file
clf.best_scoring_result: [Total: (test=3654) TP: (test=112.000) TN: (test=3427.000) FP: (test=53.000) FN: (test=62.000) precision: (test=0.679) recall: (test=0.644) accuracy: (test=0.969) average_precision: (test=0.681) balanced_accuracy: (test=0.814) f1: (test=0.661) roc_auc: (test=0.912) ]
write rank test to csv!!!
write over!!!
第四次
{'bootstrap': True, 'ccp_alpha': 0.0, 'class_weight': None, 'criterion': 'gini', 'max_depth': 32, 'max_features': 'auto', 'max_leaf_nodes': None, 'max_samples': None, 'min_impurity_decrease': 0.0, 'min_impurity_split': None, 'min_samples_leaf': 1, 'min_samples_split': 8, 'min_weight_fraction_leaf': 0.0, 'n_estimators': 70, 'n_jobs': 3, 'oob_score': False, 'random_state': None, 'verbose': 0, 'warm_start': False}
Fitting, totalling 4 fits
[fit 1/4] END max_features=auto; total=3654, TP=111, TN=3432, FP=48, FN=63; precision=0.698, recall=0.638
accuracy: (test=0.970) average_precision: (test=0.667) balanced_accuracy: (test=0.812) f1: (test=0.667) roc_auc: (test=0.897) 24.82s
[fit 2/4] END max_features=sqrt; total=3654, TP=111, TN=3427, FP=53, FN=63; precision=0.677, recall=0.638
accuracy: (test=0.968) average_precision: (test=0.668) balanced_accuracy: (test=0.811) f1: (test=0.657) roc_auc: (test=0.905) 25.00s
[fit 3/4] END max_features=log2; total=3654, TP=110, TN=3442, FP=38, FN=64; precision=0.743, recall=0.632
accuracy: (test=0.972) average_precision: (test=0.677) balanced_accuracy: (test=0.811) f1: (test=0.683) roc_auc: (test=0.904) 10.45s
[fit 4/4] END max_features=None; total=3654, TP=115, TN=3410, FP=70, FN=59; precision=0.622, recall=0.661
accuracy: (test=0.965) average_precision: (test=0.648) balanced_accuracy: (test=0.820) f1: (test=0.641) roc_auc: (test=0.891) 11.36min
clf.best_estimator_params: {'max_features': 'sqrt'}
best params found in line [3] for metric [roc_auc] in rank file
best params found in fit [2] for metric [roc_auc] in run_and_score file
clf.best_scoring_result: [Total: (test=3654) TP: (test=111.000) TN: (test=3427.000) FP: (test=53.000) FN: (test=63.000) precision: (test=0.677) recall: (test=0.638) accuracy: (test=0.968) average_precision: (test=0.668) balanced_accuracy: (test=0.811) f1: (test=0.657) roc_auc: (test=0.905) ]
write rank test to csv!!!
write over!!!
total time spending: 2h 27m 2s
best_params_result: {'n_estimators': 70, 'max_depth': 32, 'min_samples_leaf': 1, 'min_samples_split': 8, 'max_features': 'sqrt'}
