device: cuda
use longformer
trainSet data len: 45080
trainLoader len: 2818
use longformer
========================================
==USE_GPU: True
==DEVICE: cuda
==CELL_NAME: IMR90
==FEATURE_NAME: longformer-hug
==MODEL_NAME: model.model_longformer_lstm
==N_EPOCHS: 40
==batch_size: 16
==lr: 1e-05
========================================
[0h 4m 18s] Epoch 1 [1920/45080]loss = 0.6874445095658303
[0h 8m 35s] Epoch 1 [3840/45080]loss = 0.6842128338913123
[0h 12m 50s] Epoch 1 [5760/45080]loss = 0.6834255986743503
[0h 17m 3s] Epoch 1 [7680/45080]loss = 0.682920831690232
[0h 21m 14s] Epoch 1 [9600/45080]loss = 0.6819742289185524
[0h 25m 25s] Epoch 1 [11520/45080]loss = 0.6808158969713582
[0h 29m 35s] Epoch 1 [13440/45080]loss = 0.6798718944191933
[0h 33m 44s] Epoch 1 [15360/45080]loss = 0.6785679926474889
[0h 37m 52s] Epoch 1 [17280/45080]loss = 0.677104138886487
[0h 42m 0s] Epoch 1 [19200/45080]loss = 0.6762322230140368
[0h 46m 7s] Epoch 1 [21120/45080]loss = 0.6755508982773983
[0h 50m 13s] Epoch 1 [23040/45080]loss = 0.6749103595399194
[0h 54m 19s] Epoch 1 [24960/45080]loss = 0.6744309867039705
[0h 58m 25s] Epoch 1 [26880/45080]loss = 0.674097486301547
[1h 2m 30s] Epoch 1 [28800/45080]loss = 0.6733363359835413
[1h 6m 34s] Epoch 1 [30720/45080]loss = 0.6726098855026066
[1h 10m 39s] Epoch 1 [32640/45080]loss = 0.6719828059568125
[1h 14m 43s] Epoch 1 [34560/45080]loss = 0.6713263731035921
[1h 18m 46s] Epoch 1 [36480/45080]loss = 0.670749731701717
[1h 22m 49s] Epoch 1 [38400/45080]loss = 0.6703151626388232
[1h 26m 52s] Epoch 1 [40320/45080]loss = 0.6698316975718452
[1h 30m 54s] Epoch 1 [42240/45080]loss = 0.6690942988251195
[1h 34m 56s] Epoch 1 [44160/45080]loss = 0.6686648379849351
train AUC :  0.6449131217399863
train AUPR :  0.6459560675722879
============================[1h 36m 53s]train: EPOCH 1 is over!================
第1个epoch的学习率：0.000010
test AUC :  0.5945962384953982
test AUPR :  0.0716020903812436
============================[1h 42m 5s]test: EPOCH 1 is over!================
============================saved model ! =======================================
[1h 45m 54s] Epoch 2 [1920/45080]loss = 0.6558799584706624
[1h 49m 42s] Epoch 2 [3840/45080]loss = 0.65746967146794
[1h 53m 30s] Epoch 2 [5760/45080]loss = 0.6550950633154975
[1h 57m 18s] Epoch 2 [7680/45080]loss = 0.653991287574172
[2h 1m 5s] Epoch 2 [9600/45080]loss = 0.6534657127658526
[2h 4m 53s] Epoch 2 [11520/45080]loss = 0.6536268663075235
[2h 8m 41s] Epoch 2 [13440/45080]loss = 0.652361085159438
[2h 12m 29s] Epoch 2 [15360/45080]loss = 0.6510930852343638
[2h 16m 17s] Epoch 2 [17280/45080]loss = 0.6492795565338046
[2h 20m 5s] Epoch 2 [19200/45080]loss = 0.6492196412136158
[2h 23m 52s] Epoch 2 [21120/45080]loss = 0.6478280041931254
[2h 27m 40s] Epoch 2 [23040/45080]loss = 0.6468331147192253
[2h 31m 28s] Epoch 2 [24960/45080]loss = 0.6459624925293983
[2h 35m 16s] Epoch 2 [26880/45080]loss = 0.645533378298084
[2h 39m 7s] Epoch 2 [28800/45080]loss = 0.6448767341673374
[2h 43m 5s] Epoch 2 [30720/45080]loss = 0.6435678247828036
[2h 47m 4s] Epoch 2 [32640/45080]loss = 0.6423951658402004
[2h 51m 3s] Epoch 2 [34560/45080]loss = 0.6417129135104241
[2h 55m 3s] Epoch 2 [36480/45080]loss = 0.6411170201343402
[2h 59m 4s] Epoch 2 [38400/45080]loss = 0.6397335900117954
[3h 3m 7s] Epoch 2 [40320/45080]loss = 0.6384928824764395
[3h 7m 5s] Epoch 2 [42240/45080]loss = 0.6379609227857806
[3h 10m 53s] Epoch 2 [44160/45080]loss = 0.6371855430412984
train AUC :  0.706376670603287
train AUPR :  0.703332590728016
============================[3h 12m 42s]train: EPOCH 2 is over!================
第2个epoch的学习率：0.000010
test AUC :  0.6496134453781511
test AUPR :  0.09417351321786016
============================[3h 17m 43s]test: EPOCH 2 is over!================
============================saved model ! =======================================
[3h 21m 41s] Epoch 3 [1920/45080]loss = 0.6240762879451116
[3h 25m 40s] Epoch 3 [3840/45080]loss = 0.6144195965180794
[3h 29m 39s] Epoch 3 [5760/45080]loss = 0.6093809314899974
[3h 33m 40s] Epoch 3 [7680/45080]loss = 0.6062857581923405
[3h 37m 41s] Epoch 3 [9600/45080]loss = 0.6062949806948503
[3h 41m 42s] Epoch 3 [11520/45080]loss = 0.6052996658202675
[3h 45m 43s] Epoch 3 [13440/45080]loss = 0.6028484384928431
[3h 49m 42s] Epoch 3 [15360/45080]loss = 0.6011261603794992
[3h 53m 41s] Epoch 3 [17280/45080]loss = 0.5985973467153531
[3h 57m 41s] Epoch 3 [19200/45080]loss = 0.5974763830502828
[4h 1m 40s] Epoch 3 [21120/45080]loss = 0.5976225521754135
[4h 5m 39s] Epoch 3 [23040/45080]loss = 0.5958169674914744
[4h 9m 38s] Epoch 3 [24960/45080]loss = 0.5939931322939885
[4h 13m 37s] Epoch 3 [26880/45080]loss = 0.5934983795597439
[4h 17m 36s] Epoch 3 [28800/45080]loss = 0.592284819483757
[4h 21m 35s] Epoch 3 [30720/45080]loss = 0.591863994533196
[4h 25m 34s] Epoch 3 [32640/45080]loss = 0.5905625456104091
[4h 29m 33s] Epoch 3 [34560/45080]loss = 0.5889573766815441
[4h 33m 32s] Epoch 3 [36480/45080]loss = 0.5877977631071157
[4h 37m 32s] Epoch 3 [38400/45080]loss = 0.5866591035947204
[4h 41m 31s] Epoch 3 [40320/45080]loss = 0.5854689258431631
[4h 45m 30s] Epoch 3 [42240/45080]loss = 0.5846042272155032
[4h 49m 29s] Epoch 3 [44160/45080]loss = 0.5829647261919318
train AUC :  0.7750287934258439
train AUPR :  0.7713503583442196
============================[4h 51m 23s]train: EPOCH 3 is over!================
第3个epoch的学习率：0.000010
test AUC :  0.7197246898759504
test AUPR :  0.17123916394361866
============================[4h 56m 31s]test: EPOCH 3 is over!================
============================saved model ! =======================================
[5h 0m 31s] Epoch 4 [1920/45080]loss = 0.5379087291657925
[5h 4m 30s] Epoch 4 [3840/45080]loss = 0.5446886252611876
[5h 8m 30s] Epoch 4 [5760/45080]loss = 0.5373680536117819
[5h 12m 29s] Epoch 4 [7680/45080]loss = 0.5410017670442661
[5h 16m 28s] Epoch 4 [9600/45080]loss = 0.5415329677363236
[5h 20m 27s] Epoch 4 [11520/45080]loss = 0.5389745844321119
[5h 24m 26s] Epoch 4 [13440/45080]loss = 0.5385600105637596
[5h 28m 25s] Epoch 4 [15360/45080]loss = 0.5365632578420142
[5h 32m 24s] Epoch 4 [17280/45080]loss = 0.5352775768273407
[5h 36m 23s] Epoch 4 [19200/45080]loss = 0.532709326595068
[5h 40m 22s] Epoch 4 [21120/45080]loss = 0.5310577109230287
[5h 44m 21s] Epoch 4 [23040/45080]loss = 0.5292616309598088
[5h 48m 20s] Epoch 4 [24960/45080]loss = 0.526766033948232
[5h 52m 20s] Epoch 4 [26880/45080]loss = 0.5240125157826003
[5h 56m 19s] Epoch 4 [28800/45080]loss = 0.5223838009436925
[6h 0m 18s] Epoch 4 [30720/45080]loss = 0.5210048785433173
[6h 4m 17s] Epoch 4 [32640/45080]loss = 0.518276938701085
[6h 8m 16s] Epoch 4 [34560/45080]loss = 0.516276203972046
[6h 12m 15s] Epoch 4 [36480/45080]loss = 0.5131387593910882
[6h 16m 14s] Epoch 4 [38400/45080]loss = 0.5107146034451823
[6h 20m 13s] Epoch 4 [40320/45080]loss = 0.5099277366780572
[6h 24m 12s] Epoch 4 [42240/45080]loss = 0.5083344083900253
[6h 28m 12s] Epoch 4 [44160/45080]loss = 0.506719466212435
train AUC :  0.8440648075976773
train AUPR :  0.8409194080498281
============================[6h 30m 6s]train: EPOCH 4 is over!================
第4个epoch的学习率：0.000010
test AUC :  0.7952781112444978
test AUPR :  0.27677768428034055
============================[6h 35m 14s]test: EPOCH 4 is over!================
============================saved model ! =======================================
[6h 39m 14s] Epoch 5 [1920/45080]loss = 0.4663553158442179
[6h 43m 13s] Epoch 5 [3840/45080]loss = 0.4527467392385006
[6h 47m 12s] Epoch 5 [5760/45080]loss = 0.4483876492000288
[6h 51m 11s] Epoch 5 [7680/45080]loss = 0.4479730162459115
[6h 55m 10s] Epoch 5 [9600/45080]loss = 0.4510725219796101
[6h 59m 9s] Epoch 5 [11520/45080]loss = 0.44485976449731324
[7h 3m 8s] Epoch 5 [13440/45080]loss = 0.4451964473617928
[7h 7m 7s] Epoch 5 [15360/45080]loss = 0.4446030970507612
[7h 11m 7s] Epoch 5 [17280/45080]loss = 0.4434500116303011
[7h 15m 6s] Epoch 5 [19200/45080]loss = 0.4399096626788378
[7h 19m 5s] Epoch 5 [21120/45080]loss = 0.4375552617916555
[7h 23m 4s] Epoch 5 [23040/45080]loss = 0.4356722463543216
[7h 27m 3s] Epoch 5 [24960/45080]loss = 0.43408723114392694
[7h 31m 2s] Epoch 5 [26880/45080]loss = 0.43287775437569337
[7h 35m 2s] Epoch 5 [28800/45080]loss = 0.43160167943272326
[7h 39m 1s] Epoch 5 [30720/45080]loss = 0.43159502604976296
[7h 43m 0s] Epoch 5 [32640/45080]loss = 0.43189883351910346
[7h 46m 59s] Epoch 5 [34560/45080]loss = 0.42912760198254274
[7h 50m 58s] Epoch 5 [36480/45080]loss = 0.428900450004036
[7h 54m 57s] Epoch 5 [38400/45080]loss = 0.42737640044341485
[7h 58m 56s] Epoch 5 [40320/45080]loss = 0.4268414949436509
[8h 2m 55s] Epoch 5 [42240/45080]loss = 0.42460443841462786
[8h 6m 55s] Epoch 5 [44160/45080]loss = 0.4232716175849023
train AUC :  0.8937741954532035
train AUPR :  0.890319653349901
============================[8h 8m 49s]train: EPOCH 5 is over!================
第5个epoch的学习率：0.000010
test AUC :  0.816499399759904
test AUPR :  0.3065908577919801
============================[8h 13m 57s]test: EPOCH 5 is over!================
============================saved model ! =======================================
[8h 17m 57s] Epoch 6 [1920/45080]loss = 0.38287092645963033
[8h 21m 56s] Epoch 6 [3840/45080]loss = 0.3831198327243328
[8h 25m 55s] Epoch 6 [5760/45080]loss = 0.3753439423938592
[8h 29m 55s] Epoch 6 [7680/45080]loss = 0.37074379666397966
[8h 33m 54s] Epoch 6 [9600/45080]loss = 0.3718968106309573
[8h 37m 53s] Epoch 6 [11520/45080]loss = 0.3708555108557145
[8h 41m 52s] Epoch 6 [13440/45080]loss = 0.3684499479120686
[8h 45m 51s] Epoch 6 [15360/45080]loss = 0.3688491307354222
[8h 49m 50s] Epoch 6 [17280/45080]loss = 0.3671853954041446
[8h 53m 49s] Epoch 6 [19200/45080]loss = 0.3678033550207814
[8h 57m 48s] Epoch 6 [21120/45080]loss = 0.3673118570085728
[9h 1m 47s] Epoch 6 [23040/45080]loss = 0.36601551063876187
[9h 5m 47s] Epoch 6 [24960/45080]loss = 0.36729277934496984
[9h 9m 46s] Epoch 6 [26880/45080]loss = 0.36854113116416903
[9h 13m 45s] Epoch 6 [28800/45080]loss = 0.3673312519946032
[9h 17m 44s] Epoch 6 [30720/45080]loss = 0.36489643156916524
[9h 21m 43s] Epoch 6 [32640/45080]loss = 0.3640778950360768
[9h 25m 42s] Epoch 6 [34560/45080]loss = 0.36502823387790057
[9h 29m 41s] Epoch 6 [36480/45080]loss = 0.36577937202037947
[9h 33m 40s] Epoch 6 [38400/45080]loss = 0.36440394146057464
[9h 37m 39s] Epoch 6 [40320/45080]loss = 0.3631690363946652
[9h 41m 38s] Epoch 6 [42240/45080]loss = 0.3621603982381974
[9h 45m 37s] Epoch 6 [44160/45080]loss = 0.36116008122816035
train AUC :  0.9212038431256766
train AUPR :  0.9147193074549452
============================[9h 47m 32s]train: EPOCH 6 is over!================
第6个epoch的学习率：0.000010
test AUC :  0.8374549819927971
test AUPR :  0.28304242409475083
============================[9h 52m 39s]test: EPOCH 6 is over!================
============================saved model ! =======================================
[9h 56m 39s] Epoch 7 [1920/45080]loss = 0.3302346055706342
[10h 0m 38s] Epoch 7 [3840/45080]loss = 0.32595142144709827
[10h 4m 37s] Epoch 7 [5760/45080]loss = 0.330842562392354
[10h 8m 36s] Epoch 7 [7680/45080]loss = 0.32867439539792637
[10h 12m 35s] Epoch 7 [9600/45080]loss = 0.3272660510987043
[10h 16m 34s] Epoch 7 [11520/45080]loss = 0.3267817695418166
[10h 20m 33s] Epoch 7 [13440/45080]loss = 0.326873758887606
[10h 24m 32s] Epoch 7 [15360/45080]loss = 0.3255040017422289
[10h 28m 31s] Epoch 7 [17280/45080]loss = 0.32717177809940445
[10h 32m 30s] Epoch 7 [19200/45080]loss = 0.3283449526379506
[10h 36m 29s] Epoch 7 [21120/45080]loss = 0.3320027314295823
[10h 40m 28s] Epoch 7 [23040/45080]loss = 0.33339705110734535
[10h 44m 27s] Epoch 7 [24960/45080]loss = 0.3342927022956503
[10h 48m 26s] Epoch 7 [26880/45080]loss = 0.33601910601414386
[10h 52m 25s] Epoch 7 [28800/45080]loss = 0.33394267575194436
[10h 56m 24s] Epoch 7 [30720/45080]loss = 0.33434932321542876
[11h 0m 24s] Epoch 7 [32640/45080]loss = 0.33524913848103843
[11h 4m 23s] Epoch 7 [34560/45080]loss = 0.3349786305317172
[11h 8m 22s] Epoch 7 [36480/45080]loss = 0.3357371692464017
[11h 12m 21s] Epoch 7 [38400/45080]loss = 0.335775786107406
[11h 16m 20s] Epoch 7 [40320/45080]loss = 0.3359843648408377
[11h 20m 19s] Epoch 7 [42240/45080]loss = 0.33452904843301934
[11h 24m 18s] Epoch 7 [44160/45080]loss = 0.33315027923849616
train AUC :  0.9331918246235607
train AUPR :  0.9259791635424188
============================[11h 26m 12s]train: EPOCH 7 is over!================
第7个epoch的学习率：0.000010
test AUC :  0.8575590236094438
test AUPR :  0.3789253957070313
============================[11h 31m 20s]test: EPOCH 7 is over!================
============================saved model ! =======================================
[11h 35m 20s] Epoch 8 [1920/45080]loss = 0.287635814708968
[11h 39m 19s] Epoch 8 [3840/45080]loss = 0.289511931873858
[11h 43m 18s] Epoch 8 [5760/45080]loss = 0.29940854428956903
[11h 47m 17s] Epoch 8 [7680/45080]loss = 0.30867821153563757
[11h 51m 16s] Epoch 8 [9600/45080]loss = 0.31142064111928147
[11h 55m 15s] Epoch 8 [11520/45080]loss = 0.31099123327682415
[11h 59m 14s] Epoch 8 [13440/45080]loss = 0.3064441078652938
[12h 3m 14s] Epoch 8 [15360/45080]loss = 0.30324430561934906
[12h 7m 13s] Epoch 8 [17280/45080]loss = 0.3039424734259093
[12h 11m 12s] Epoch 8 [19200/45080]loss = 0.3010901787939171
[12h 15m 11s] Epoch 8 [21120/45080]loss = 0.3011333490072778
[12h 19m 10s] Epoch 8 [23040/45080]loss = 0.3008149313636952
[12h 23m 9s] Epoch 8 [24960/45080]loss = 0.2994641557001533
[12h 27m 8s] Epoch 8 [26880/45080]loss = 0.3003045043996757
[12h 31m 7s] Epoch 8 [28800/45080]loss = 0.29964462551391785
[12h 35m 6s] Epoch 8 [30720/45080]loss = 0.2976702602269749
[12h 39m 5s] Epoch 8 [32640/45080]loss = 0.29685351455985914
[12h 43m 5s] Epoch 8 [34560/45080]loss = 0.2962124346582978
[12h 47m 4s] Epoch 8 [36480/45080]loss = 0.2953240779114136
[12h 51m 3s] Epoch 8 [38400/45080]loss = 0.2952574784588069
[12h 55m 2s] Epoch 8 [40320/45080]loss = 0.29503689859772014
[12h 59m 1s] Epoch 8 [42240/45080]loss = 0.2940144629245906
[13h 3m 0s] Epoch 8 [44160/45080]loss = 0.29237592428976644
train AUC :  0.9471261066824131
train AUPR :  0.9375615526744832
============================[13h 4m 55s]train: EPOCH 8 is over!================
第8个epoch的学习率：0.000010
test AUC :  0.8701016406562625
test AUPR :  0.38406870385843705
============================[13h 10m 2s]test: EPOCH 8 is over!================
============================saved model ! =======================================
[13h 14m 3s] Epoch 9 [1920/45080]loss = 0.2605055136606097
[13h 18m 1s] Epoch 9 [3840/45080]loss = 0.2727152034329871
[13h 22m 0s] Epoch 9 [5760/45080]loss = 0.2689967056115468
[13h 26m 0s] Epoch 9 [7680/45080]loss = 0.272219560885181
[13h 29m 59s] Epoch 9 [9600/45080]loss = 0.2737251976504922
[13h 33m 58s] Epoch 9 [11520/45080]loss = 0.27263932292246157
[13h 37m 57s] Epoch 9 [13440/45080]loss = 0.27274003764170973
[13h 41m 56s] Epoch 9 [15360/45080]loss = 0.2718542995086561
[13h 45m 55s] Epoch 9 [17280/45080]loss = 0.27253338353087503
[13h 49m 47s] Epoch 9 [19200/45080]loss = 0.2732146618918826
[13h 53m 35s] Epoch 9 [21120/45080]loss = 0.2746005421955929
[13h 57m 23s] Epoch 9 [23040/45080]loss = 0.2748946675047692
[14h 1m 10s] Epoch 9 [24960/45080]loss = 0.2748412492422339
[14h 4m 58s] Epoch 9 [26880/45080]loss = 0.27390225323892775
[14h 8m 46s] Epoch 9 [28800/45080]loss = 0.27440274375594326
[14h 12m 33s] Epoch 9 [30720/45080]loss = 0.27451390388887376
[14h 16m 21s] Epoch 9 [32640/45080]loss = 0.27475987660022927
[14h 20m 9s] Epoch 9 [34560/45080]loss = 0.2750233711605823
[14h 23m 56s] Epoch 9 [36480/45080]loss = 0.27386923988856243
[14h 27m 44s] Epoch 9 [38400/45080]loss = 0.2728340686298907
[14h 31m 32s] Epoch 9 [40320/45080]loss = 0.27206236767981734
[14h 35m 20s] Epoch 9 [42240/45080]loss = 0.27216979781250383
[14h 39m 8s] Epoch 9 [44160/45080]loss = 0.27144205350617784
train AUC :  0.9533907440212577
train AUPR :  0.9432089824051243
============================[14h 40m 57s]train: EPOCH 9 is over!================
第9个epoch的学习率：0.000010
test AUC :  0.8786426570628252
test AUPR :  0.374497550335305
============================[14h 45m 50s]test: EPOCH 9 is over!================
============================saved model ! =======================================
[14h 49m 39s] Epoch 10 [1920/45080]loss = 0.24828217731167873
[14h 53m 27s] Epoch 10 [3840/45080]loss = 0.24908446132515868
[14h 57m 14s] Epoch 10 [5760/45080]loss = 0.2498639993990461
[15h 1m 2s] Epoch 10 [7680/45080]loss = 0.2526941920320193
[15h 4m 51s] Epoch 10 [9600/45080]loss = 0.25053958940009274
[15h 8m 49s] Epoch 10 [11520/45080]loss = 0.2528477844419993
[15h 12m 47s] Epoch 10 [13440/45080]loss = 0.25052931880401
[15h 16m 46s] Epoch 10 [15360/45080]loss = 0.24988769410410896
[15h 20m 46s] Epoch 10 [17280/45080]loss = 0.2507041044636733
[15h 24m 48s] Epoch 10 [19200/45080]loss = 0.25414450217969714
[15h 28m 37s] Epoch 10 [21120/45080]loss = 0.25634479811697297
[15h 32m 25s] Epoch 10 [23040/45080]loss = 0.25373585910743307
[15h 36m 12s] Epoch 10 [24960/45080]loss = 0.25358004863732136
[15h 40m 0s] Epoch 10 [26880/45080]loss = 0.25271818432956933
[15h 43m 48s] Epoch 10 [28800/45080]loss = 0.2534938406012952
[15h 47m 36s] Epoch 10 [30720/45080]loss = 0.25310677678207866
[15h 51m 23s] Epoch 10 [32640/45080]loss = 0.2537493199603084
[15h 55m 11s] Epoch 10 [34560/45080]loss = 0.2545481484849006
[15h 58m 59s] Epoch 10 [36480/45080]loss = 0.25409588491576807
[16h 2m 47s] Epoch 10 [38400/45080]loss = 0.2538136436433221
[16h 6m 34s] Epoch 10 [40320/45080]loss = 0.2535964156648824
[16h 10m 22s] Epoch 10 [42240/45080]loss = 0.252389576397554
[16h 14m 10s] Epoch 10 [44160/45080]loss = 0.25194503906979293
train AUC :  0.9592734593051866
train AUPR :  0.9498108359906152
============================[16h 15m 59s]train: EPOCH 10 is over!================
第10个epoch的学习率：0.000010
test AUC :  0.8558079231692678
test AUPR :  0.2880555494739364
============================[16h 20m 52s]test: EPOCH 10 is over!================
============================saved model ! =======================================
[16h 24m 41s] Epoch 11 [1920/45080]loss = 0.2348178439773619
[16h 28m 29s] Epoch 11 [3840/45080]loss = 0.23613934476549428
[16h 32m 16s] Epoch 11 [5760/45080]loss = 0.23827136213787728
[16h 36m 4s] Epoch 11 [7680/45080]loss = 0.2396355270873755
[16h 39m 52s] Epoch 11 [9600/45080]loss = 0.2451518528846403
[16h 43m 39s] Epoch 11 [11520/45080]loss = 0.2429215500778001
[16h 47m 27s] Epoch 11 [13440/45080]loss = 0.24264547017048158
[16h 51m 15s] Epoch 11 [15360/45080]loss = 0.24200145461169692
[16h 55m 3s] Epoch 11 [17280/45080]loss = 0.2425522571860778
[16h 58m 50s] Epoch 11 [19200/45080]loss = 0.24185027800966055
[17h 2m 38s] Epoch 11 [21120/45080]loss = 0.24097043901935897
[17h 6m 26s] Epoch 11 [23040/45080]loss = 0.24171395691034073
[17h 10m 13s] Epoch 11 [24960/45080]loss = 0.2419188452180093
[17h 14m 1s] Epoch 11 [26880/45080]loss = 0.23986689347352477
[17h 17m 49s] Epoch 11 [28800/45080]loss = 0.24002912224270403
[17h 21m 36s] Epoch 11 [30720/45080]loss = 0.23895957931623948
[17h 25m 24s] Epoch 11 [32640/45080]loss = 0.23866998645586565
[17h 29m 12s] Epoch 11 [34560/45080]loss = 0.23901352470102546
[17h 32m 59s] Epoch 11 [36480/45080]loss = 0.23958671472623552
[17h 36m 47s] Epoch 11 [38400/45080]loss = 0.24145473379874602
[17h 40m 35s] Epoch 11 [40320/45080]loss = 0.242560425936614
[17h 44m 23s] Epoch 11 [42240/45080]loss = 0.241660021392939
[17h 48m 11s] Epoch 11 [44160/45080]loss = 0.24224554835008863
train AUC :  0.9621553301840371
train AUPR :  0.9528958973326264
============================[17h 50m 0s]train: EPOCH 11 is over!================
第11个epoch的学习率：0.000010
test AUC :  0.8791484593837535
test AUPR :  0.4148015078313806
============================[17h 54m 53s]test: EPOCH 11 is over!================
============================saved model ! =======================================
[17h 58m 42s] Epoch 12 [1920/45080]loss = 0.2608277499054869
[18h 2m 30s] Epoch 12 [3840/45080]loss = 0.26041604603330293
[18h 6m 18s] Epoch 12 [5760/45080]loss = 0.2547832877271705
[18h 10m 6s] Epoch 12 [7680/45080]loss = 0.25295998559643823
[18h 13m 54s] Epoch 12 [9600/45080]loss = 0.24748462500050664
[18h 17m 42s] Epoch 12 [11520/45080]loss = 0.24434249627196955
[18h 21m 30s] Epoch 12 [13440/45080]loss = 0.24217630321869538
[18h 25m 18s] Epoch 12 [15360/45080]loss = 0.24341139426687733
[18h 29m 5s] Epoch 12 [17280/45080]loss = 0.24434336617037103
[18h 32m 53s] Epoch 12 [19200/45080]loss = 0.242598856696859
[18h 36m 41s] Epoch 12 [21120/45080]loss = 0.24203874535971517
[18h 40m 29s] Epoch 12 [23040/45080]loss = 0.23990104478111285
[18h 44m 17s] Epoch 12 [24960/45080]loss = 0.2386124326656453
[18h 48m 5s] Epoch 12 [26880/45080]loss = 0.238769308007544
[18h 51m 53s] Epoch 12 [28800/45080]loss = 0.23892929901886317
[18h 55m 40s] Epoch 12 [30720/45080]loss = 0.2395389331349482
[18h 59m 28s] Epoch 12 [32640/45080]loss = 0.23939124259403816
[19h 3m 16s] Epoch 12 [34560/45080]loss = 0.23864561439043394
[19h 7m 4s] Epoch 12 [36480/45080]loss = 0.23831279186139764
[19h 10m 52s] Epoch 12 [38400/45080]loss = 0.23631209598543743
[19h 14m 40s] Epoch 12 [40320/45080]loss = 0.2363461811538963
[19h 18m 28s] Epoch 12 [42240/45080]loss = 0.23600372103409786
[19h 22m 16s] Epoch 12 [44160/45080]loss = 0.23707820133211605
train AUC :  0.964009894695404
train AUPR :  0.9564116318418325
============================[19h 24m 5s]train: EPOCH 12 is over!================
第12个epoch的学习率：0.000010
test AUC :  0.8795998399359743
test AUPR :  0.39872433353352565
============================[19h 28m 58s]test: EPOCH 12 is over!================
============================saved model ! =======================================
[19h 32m 47s] Epoch 13 [1920/45080]loss = 0.20049688924724857
[19h 36m 35s] Epoch 13 [3840/45080]loss = 0.22530857451880973
[19h 40m 23s] Epoch 13 [5760/45080]loss = 0.22366545607025426
[19h 44m 11s] Epoch 13 [7680/45080]loss = 0.22657004095769176
[19h 48m 3s] Epoch 13 [9600/45080]loss = 0.2254838819988072
[19h 52m 1s] Epoch 13 [11520/45080]loss = 0.22266230186602723
[19h 56m 0s] Epoch 13 [13440/45080]loss = 0.22019083245568688
[19h 59m 59s] Epoch 13 [15360/45080]loss = 0.2210727666252448
[20h 4m 0s] Epoch 13 [17280/45080]loss = 0.22152973789273314
[20h 8m 2s] Epoch 13 [19200/45080]loss = 0.2238749148743227
[20h 12m 4s] Epoch 13 [21120/45080]loss = 0.22320382747883824
[20h 16m 4s] Epoch 13 [23040/45080]loss = 0.22298312926432118
[20h 20m 4s] Epoch 13 [24960/45080]loss = 0.22340528082389097
[20h 24m 3s] Epoch 13 [26880/45080]loss = 0.22169420367239842
[20h 28m 2s] Epoch 13 [28800/45080]loss = 0.22147335017513897
[20h 32m 2s] Epoch 13 [30720/45080]loss = 0.21907755056551348
[20h 36m 1s] Epoch 13 [32640/45080]loss = 0.21885063163479607
[20h 40m 0s] Epoch 13 [34560/45080]loss = 0.21856085866844902
[20h 44m 0s] Epoch 13 [36480/45080]loss = 0.2178779850093027
[20h 47m 59s] Epoch 13 [38400/45080]loss = 0.21644593874768664
[20h 51m 59s] Epoch 13 [40320/45080]loss = 0.21578183754509878
[20h 55m 58s] Epoch 13 [42240/45080]loss = 0.21603022817042516
[20h 59m 57s] Epoch 13 [44160/45080]loss = 0.2161387655965012
train AUC :  0.9691016336974707
train AUPR :  0.9623722030287969
============================[21h 1m 52s]train: EPOCH 13 is over!================
第13个epoch的学习率：0.000010
test AUC :  0.8868283313325329
test AUPR :  0.4260580873435512
============================[21h 7m 0s]test: EPOCH 13 is over!================
============================saved model ! =======================================
[21h 11m 0s] Epoch 14 [1920/45080]loss = 0.20773779548083743
[21h 15m 0s] Epoch 14 [3840/45080]loss = 0.21175693166442217
[21h 18m 59s] Epoch 14 [5760/45080]loss = 0.20192567380145193
[21h 22m 59s] Epoch 14 [7680/45080]loss = 0.20062568473319212
[21h 26m 58s] Epoch 14 [9600/45080]loss = 0.20292619535389045
[21h 30m 57s] Epoch 14 [11520/45080]loss = 0.20481027756662418
[21h 34m 57s] Epoch 14 [13440/45080]loss = 0.20331449809129395
[21h 38m 56s] Epoch 14 [15360/45080]loss = 0.20155786549633678
[21h 42m 56s] Epoch 14 [17280/45080]loss = 0.20366532837592619
[21h 46m 55s] Epoch 14 [19200/45080]loss = 0.2035462236497551
[21h 50m 54s] Epoch 14 [21120/45080]loss = 0.20458456007481524
[21h 54m 54s] Epoch 14 [23040/45080]loss = 0.20403911487535678
[21h 58m 53s] Epoch 14 [24960/45080]loss = 0.20395753900998104
[22h 2m 52s] Epoch 14 [26880/45080]loss = 0.20278166867238248
[22h 6m 52s] Epoch 14 [28800/45080]loss = 0.20361788445462783
[22h 10m 51s] Epoch 14 [30720/45080]loss = 0.20273607055811832
[22h 14m 51s] Epoch 14 [32640/45080]loss = 0.20286757442917602
[22h 18m 50s] Epoch 14 [34560/45080]loss = 0.20299243890611385
[22h 22m 49s] Epoch 14 [36480/45080]loss = 0.20463092619259107
[22h 26m 49s] Epoch 14 [38400/45080]loss = 0.20398591073850791
[22h 30m 48s] Epoch 14 [40320/45080]loss = 0.20395287987406527
[22h 34m 47s] Epoch 14 [42240/45080]loss = 0.2034284194381061
[22h 38m 47s] Epoch 14 [44160/45080]loss = 0.20384784596162323
train AUC :  0.9721600649542368
train AUPR :  0.9651943193327197
============================[22h 40m 41s]train: EPOCH 14 is over!================
第14个epoch的学习率：0.000010
test AUC :  0.8898791516606643
test AUPR :  0.4064391907870831
============================[22h 45m 49s]test: EPOCH 14 is over!================
============================saved model ! =======================================
[22h 49m 50s] Epoch 15 [1920/45080]loss = 0.20741199015950162
[22h 53m 50s] Epoch 15 [3840/45080]loss = 0.19673510071200628
[22h 57m 49s] Epoch 15 [5760/45080]loss = 0.19563460799141064
[23h 1m 48s] Epoch 15 [7680/45080]loss = 0.19038009852326165
[23h 5m 48s] Epoch 15 [9600/45080]loss = 0.1882278216506044
[23h 9m 47s] Epoch 15 [11520/45080]loss = 0.19230926527848674
[23h 13m 46s] Epoch 15 [13440/45080]loss = 0.19479766573668236
[23h 17m 46s] Epoch 15 [15360/45080]loss = 0.1913068367653371
[23h 21m 45s] Epoch 15 [17280/45080]loss = 0.19115120427579516
[23h 25m 45s] Epoch 15 [19200/45080]loss = 0.19284856509727735
[23h 29m 44s] Epoch 15 [21120/45080]loss = 0.19484210514153044
[23h 33m 43s] Epoch 15 [23040/45080]loss = 0.19498838967798898
[23h 37m 43s] Epoch 15 [24960/45080]loss = 0.19379235096275807
[23h 41m 42s] Epoch 15 [26880/45080]loss = 0.19420820966451652
[23h 45m 42s] Epoch 15 [28800/45080]loss = 0.19486287319411835
[23h 49m 41s] Epoch 15 [30720/45080]loss = 0.19607641899589603
[23h 53m 41s] Epoch 15 [32640/45080]loss = 0.1953586605103577
[23h 57m 40s] Epoch 15 [34560/45080]loss = 0.19576298430199837
[24h 1m 39s] Epoch 15 [36480/45080]loss = 0.19585145199589693
[24h 5m 39s] Epoch 15 [38400/45080]loss = 0.1957516410566556
[24h 9m 38s] Epoch 15 [40320/45080]loss = 0.19435533543619962
[24h 13m 38s] Epoch 15 [42240/45080]loss = 0.19442432490106898
[24h 17m 37s] Epoch 15 [44160/45080]loss = 0.19538278226956618
train AUC :  0.9745074510382835
train AUPR :  0.9686858572122963
============================[24h 19m 32s]train: EPOCH 15 is over!================
第15个epoch的学习率：0.000010
test AUC :  0.8933877551020409
test AUPR :  0.42604968082752565
============================[24h 24m 40s]test: EPOCH 15 is over!================
============================saved model ! =======================================
[24h 28m 41s] Epoch 16 [1920/45080]loss = 0.1755941561733683
[24h 32m 40s] Epoch 16 [3840/45080]loss = 0.18060941202566028
[24h 36m 39s] Epoch 16 [5760/45080]loss = 0.18050108497651915
[24h 40m 39s] Epoch 16 [7680/45080]loss = 0.18832196485794458
[24h 44m 38s] Epoch 16 [9600/45080]loss = 0.18756628070026637
[24h 48m 38s] Epoch 16 [11520/45080]loss = 0.18700650688260795
[24h 52m 37s] Epoch 16 [13440/45080]loss = 0.1841273930500306
[24h 56m 36s] Epoch 16 [15360/45080]loss = 0.1829317616027159
[25h 0m 36s] Epoch 16 [17280/45080]loss = 0.1841588065856033
[25h 4m 35s] Epoch 16 [19200/45080]loss = 0.185475211700735
[25h 8m 34s] Epoch 16 [21120/45080]loss = 0.18463058339177885
[25h 12m 34s] Epoch 16 [23040/45080]loss = 0.1843818972262347
[25h 16m 33s] Epoch 16 [24960/45080]loss = 0.1844217756810861
[25h 20m 33s] Epoch 16 [26880/45080]loss = 0.18455664586896697
[25h 24m 32s] Epoch 16 [28800/45080]loss = 0.18335794081290563
[25h 28m 32s] Epoch 16 [30720/45080]loss = 0.18357419795841753
[25h 32m 31s] Epoch 16 [32640/45080]loss = 0.18251629882839088
[25h 36m 30s] Epoch 16 [34560/45080]loss = 0.18225861796246912
[25h 40m 30s] Epoch 16 [36480/45080]loss = 0.18323386071184486
[25h 44m 29s] Epoch 16 [38400/45080]loss = 0.1836608429097881
[25h 48m 29s] Epoch 16 [40320/45080]loss = 0.18388476855535474
[25h 52m 28s] Epoch 16 [42240/45080]loss = 0.18394194683130605
[25h 56m 28s] Epoch 16 [44160/45080]loss = 0.18399448387959189
train AUC :  0.9770226936325165
train AUPR :  0.971745574021756
============================[25h 58m 22s]train: EPOCH 16 is over!================
第16个epoch的学习率：0.000010
test AUC :  0.8882625050020007
test AUPR :  0.43994917394077826
============================[26h 3m 30s]test: EPOCH 16 is over!================
============================saved model ! =======================================
[26h 7m 31s] Epoch 17 [1920/45080]loss = 0.1653496419545263
[26h 11m 30s] Epoch 17 [3840/45080]loss = 0.1677777845490103
[26h 15m 30s] Epoch 17 [5760/45080]loss = 0.1756842106787695
[26h 19m 29s] Epoch 17 [7680/45080]loss = 0.17222051502515873
[26h 23m 29s] Epoch 17 [9600/45080]loss = 0.17244996468226115
[26h 27m 28s] Epoch 17 [11520/45080]loss = 0.17324534610896888
[26h 31m 28s] Epoch 17 [13440/45080]loss = 0.17696882098514055
[26h 35m 27s] Epoch 17 [15360/45080]loss = 0.17723097837103222
[26h 39m 27s] Epoch 17 [17280/45080]loss = 0.17829775449957835
[26h 43m 26s] Epoch 17 [19200/45080]loss = 0.1776214329417174
[26h 47m 25s] Epoch 17 [21120/45080]loss = 0.17634987259481216
[26h 51m 25s] Epoch 17 [23040/45080]loss = 0.17601920221544182
[26h 55m 24s] Epoch 17 [24960/45080]loss = 0.17608480133378926
[26h 59m 23s] Epoch 17 [26880/45080]loss = 0.17695916189058197
[27h 3m 23s] Epoch 17 [28800/45080]loss = 0.17818637921992275
[27h 7m 22s] Epoch 17 [30720/45080]loss = 0.17946056963701268
[27h 11m 22s] Epoch 17 [32640/45080]loss = 0.17950779792359647
[27h 15m 21s] Epoch 17 [34560/45080]loss = 0.178572557868298
[27h 19m 21s] Epoch 17 [36480/45080]loss = 0.17795575628906748
[27h 23m 20s] Epoch 17 [38400/45080]loss = 0.17773216153960675
[27h 27m 19s] Epoch 17 [40320/45080]loss = 0.17753333321713385
[27h 31m 19s] Epoch 17 [42240/45080]loss = 0.1781157577495006
[27h 35m 18s] Epoch 17 [44160/45080]loss = 0.17759422601969993
train AUC :  0.9790651343371713
train AUPR :  0.9748347535997532
============================[27h 37m 13s]train: EPOCH 17 is over!================
第17个epoch的学习率：0.000010
test AUC :  0.8698359343737494
test AUPR :  0.420203204360829
============================[27h 42m 21s]test: EPOCH 17 is over!================
============================saved model ! =======================================
[27h 46m 21s] Epoch 18 [1920/45080]loss = 0.15407332411656777
[27h 50m 20s] Epoch 18 [3840/45080]loss = 0.16157554074501
[27h 54m 20s] Epoch 18 [5760/45080]loss = 0.1694164451211691
[27h 58m 19s] Epoch 18 [7680/45080]loss = 0.1726434028785055
[28h 2m 18s] Epoch 18 [9600/45080]loss = 0.17284381993425388
[28h 6m 18s] Epoch 18 [11520/45080]loss = 0.1696886090716968
[28h 10m 17s] Epoch 18 [13440/45080]loss = 0.17110621154397015
[28h 14m 16s] Epoch 18 [15360/45080]loss = 0.17262454875356828
[28h 18m 15s] Epoch 18 [17280/45080]loss = 0.17305090346166657
[28h 22m 15s] Epoch 18 [19200/45080]loss = 0.17146560141971956
[28h 26m 14s] Epoch 18 [21120/45080]loss = 0.17096598490677548
[28h 30m 13s] Epoch 18 [23040/45080]loss = 0.17049333969933084
[28h 34m 12s] Epoch 18 [24960/45080]loss = 0.1683115471393252
[28h 38m 11s] Epoch 18 [26880/45080]loss = 0.16765633147609021
[28h 42m 11s] Epoch 18 [28800/45080]loss = 0.16813093677473565
[28h 46m 10s] Epoch 18 [30720/45080]loss = 0.16796620207702898
[28h 50m 9s] Epoch 18 [32640/45080]loss = 0.16893739080166115
[28h 54m 9s] Epoch 18 [34560/45080]loss = 0.16857131791076865
[28h 58m 8s] Epoch 18 [36480/45080]loss = 0.16913750782658002
[29h 2m 7s] Epoch 18 [38400/45080]loss = 0.1696962804114446
[29h 6m 6s] Epoch 18 [40320/45080]loss = 0.16935881052742757
[29h 10m 6s] Epoch 18 [42240/45080]loss = 0.16894622244378268
[29h 14m 5s] Epoch 18 [44160/45080]loss = 0.16873031764601668
train AUC :  0.9802693002657219
train AUPR :  0.9757490540217806
============================[29h 15m 59s]train: EPOCH 18 is over!================
第18个epoch的学习率：0.000010
test AUC :  0.8850836334533813
test AUPR :  0.4448442279048133
============================[29h 21m 7s]test: EPOCH 18 is over!================
============================saved model ! =======================================
[29h 25m 8s] Epoch 19 [1920/45080]loss = 0.16666432012182972
[29h 29m 7s] Epoch 19 [3840/45080]loss = 0.15881518518629795
[29h 33m 6s] Epoch 19 [5760/45080]loss = 0.1589395554865607
[29h 37m 6s] Epoch 19 [7680/45080]loss = 0.15996185247204267
[29h 41m 5s] Epoch 19 [9600/45080]loss = 0.16259983233020953
[29h 45m 4s] Epoch 19 [11520/45080]loss = 0.16281508433037542
[29h 49m 3s] Epoch 19 [13440/45080]loss = 0.1628034667677379
[29h 53m 3s] Epoch 19 [15360/45080]loss = 0.16257723786693531
[29h 57m 2s] Epoch 19 [17280/45080]loss = 0.16002328546666023
[30h 1m 1s] Epoch 19 [19200/45080]loss = 0.1594653166946955
[30h 5m 0s] Epoch 19 [21120/45080]loss = 0.1620990533134759
[30h 9m 0s] Epoch 19 [23040/45080]loss = 0.1638743242850372
[30h 12m 59s] Epoch 19 [24960/45080]loss = 0.16219169881899292
[30h 16m 58s] Epoch 19 [26880/45080]loss = 0.16178157853261968
[30h 20m 57s] Epoch 19 [28800/45080]loss = 0.16064377560228524
[30h 24m 57s] Epoch 19 [30720/45080]loss = 0.1604161726500024
[30h 28m 56s] Epoch 19 [32640/45080]loss = 0.16110489636559186
[30h 32m 55s] Epoch 19 [34560/45080]loss = 0.1614832403500461
[30h 36m 55s] Epoch 19 [36480/45080]loss = 0.1618476847080481
[30h 40m 54s] Epoch 19 [38400/45080]loss = 0.161561504767742
[30h 44m 53s] Epoch 19 [40320/45080]loss = 0.16253289571918902
[30h 48m 52s] Epoch 19 [42240/45080]loss = 0.16211605571125717
[30h 52m 51s] Epoch 19 [44160/45080]loss = 0.16235371507009141
train AUC :  0.9821829101466392
train AUPR :  0.9785316644415535
============================[30h 54m 46s]train: EPOCH 19 is over!================
第19个epoch的学习率：0.000010
test AUC :  0.8742697078831533
test AUPR :  0.38067331131593873
============================[30h 59m 54s]test: EPOCH 19 is over!================
============================saved model ! =======================================
[31h 3m 54s] Epoch 20 [1920/45080]loss = 0.16388031401050587
[31h 7m 54s] Epoch 20 [3840/45080]loss = 0.1648257246396194
[31h 11m 53s] Epoch 20 [5760/45080]loss = 0.15965315430528587
[31h 15m 52s] Epoch 20 [7680/45080]loss = 0.1610492418714178
[31h 19m 51s] Epoch 20 [9600/45080]loss = 0.16194188545147578
[31h 23m 51s] Epoch 20 [11520/45080]loss = 0.1605377041320834
[31h 27m 50s] Epoch 20 [13440/45080]loss = 0.16012361068278552
[31h 31m 49s] Epoch 20 [15360/45080]loss = 0.15855485632491764
[31h 35m 48s] Epoch 20 [17280/45080]loss = 0.1559889032100155
[31h 39m 48s] Epoch 20 [19200/45080]loss = 0.15594187604185814
[31h 43m 47s] Epoch 20 [21120/45080]loss = 0.15495179918185442
[31h 47m 46s] Epoch 20 [23040/45080]loss = 0.15505355722335581
[31h 51m 45s] Epoch 20 [24960/45080]loss = 0.1552203547872173
[31h 55m 45s] Epoch 20 [26880/45080]loss = 0.15401403063387123
[31h 59m 44s] Epoch 20 [28800/45080]loss = 0.1541543078277674
[32h 3m 43s] Epoch 20 [30720/45080]loss = 0.1547627769080767
[32h 7m 42s] Epoch 20 [32640/45080]loss = 0.15508726196199218
[32h 11m 42s] Epoch 20 [34560/45080]loss = 0.15548561735216665
[32h 15m 41s] Epoch 20 [36480/45080]loss = 0.1555370195858638
[32h 19m 40s] Epoch 20 [38400/45080]loss = 0.15612836015061476
[32h 23m 40s] Epoch 20 [40320/45080]loss = 0.15574515861466467
[32h 27m 39s] Epoch 20 [42240/45080]loss = 0.15715664294089726
[32h 31m 38s] Epoch 20 [44160/45080]loss = 0.15705534444305289
train AUC :  0.9835080936915656
train AUPR :  0.9805901261881348
============================[32h 33m 33s]train: EPOCH 20 is over!================
第20个epoch的学习率：0.000001
test AUC :  0.8914797919167667
test AUPR :  0.4890485054271721
============================[32h 38m 41s]test: EPOCH 20 is over!================
============================saved model ! =======================================
[32h 42m 41s] Epoch 21 [1920/45080]loss = 0.13286211903517445
[32h 46m 41s] Epoch 21 [3840/45080]loss = 0.1282720062144411
[32h 50m 40s] Epoch 21 [5760/45080]loss = 0.12961230963830733
[32h 54m 39s] Epoch 21 [7680/45080]loss = 0.12533329597402673
[32h 58m 39s] Epoch 21 [9600/45080]loss = 0.128308442531464
[33h 2m 38s] Epoch 21 [11520/45080]loss = 0.12892435191638973
[33h 6m 37s] Epoch 21 [13440/45080]loss = 0.12779620096996605
[33h 10m 37s] Epoch 21 [15360/45080]loss = 0.12666287477768493
[33h 14m 36s] Epoch 21 [17280/45080]loss = 0.1261872976914876
[33h 18m 35s] Epoch 21 [19200/45080]loss = 0.1262365433294326
[33h 22m 35s] Epoch 21 [21120/45080]loss = 0.12514179470017553
[33h 26m 34s] Epoch 21 [23040/45080]loss = 0.12506059919703855
[33h 30m 33s] Epoch 21 [24960/45080]loss = 0.12641605782286766
[33h 34m 33s] Epoch 21 [26880/45080]loss = 0.12579761936185171
[33h 38m 32s] Epoch 21 [28800/45080]loss = 0.12470010910648853
[33h 42m 31s] Epoch 21 [30720/45080]loss = 0.1243161411335071
[33h 46m 30s] Epoch 21 [32640/45080]loss = 0.12397543690030408
[33h 50m 30s] Epoch 21 [34560/45080]loss = 0.12366956901451986
[33h 54m 29s] Epoch 21 [36480/45080]loss = 0.12357710886893696
[33h 58m 28s] Epoch 21 [38400/45080]loss = 0.1240057048217083
[34h 2m 28s] Epoch 21 [40320/45080]loss = 0.12411252502721572
[34h 6m 27s] Epoch 21 [42240/45080]loss = 0.12343238508434627
[34h 10m 26s] Epoch 21 [44160/45080]loss = 0.12365014415699989
train AUC :  0.9897196712921957
train AUPR :  0.9880387157979145
============================[34h 12m 21s]train: EPOCH 21 is over!================
第21个epoch的学习率：0.000001
test AUC :  0.8936502601040418
test AUPR :  0.5190258774309534
============================[34h 17m 29s]test: EPOCH 21 is over!================
============================saved model ! =======================================
[34h 21m 30s] Epoch 22 [1920/45080]loss = 0.11189185415084163
[34h 25m 29s] Epoch 22 [3840/45080]loss = 0.11412188911344856
[34h 29m 28s] Epoch 22 [5760/45080]loss = 0.11677850972757571
[34h 33m 28s] Epoch 22 [7680/45080]loss = 0.1125403630527823
[34h 37m 27s] Epoch 22 [9600/45080]loss = 0.11255344783732046
[34h 41m 26s] Epoch 22 [11520/45080]loss = 0.11202757055224437
[34h 45m 25s] Epoch 22 [13440/45080]loss = 0.11206694916888539
[34h 49m 25s] Epoch 22 [15360/45080]loss = 0.11406150227412581
[34h 53m 24s] Epoch 22 [17280/45080]loss = 0.11512423242028388
[34h 57m 23s] Epoch 22 [19200/45080]loss = 0.11469592824733506
[35h 1m 22s] Epoch 22 [21120/45080]loss = 0.11458657521571061
[35h 5m 22s] Epoch 22 [23040/45080]loss = 0.11431690776112696
[35h 9m 21s] Epoch 22 [24960/45080]loss = 0.11433709488214495
[35h 13m 20s] Epoch 22 [26880/45080]loss = 0.11416769393309507
[35h 17m 20s] Epoch 22 [28800/45080]loss = 0.11412508088836654
[35h 21m 19s] Epoch 22 [30720/45080]loss = 0.11398190225833484
[35h 25m 18s] Epoch 22 [32640/45080]loss = 0.11439024295849616
[35h 29m 17s] Epoch 22 [34560/45080]loss = 0.1143059650996562
[35h 33m 17s] Epoch 22 [36480/45080]loss = 0.11465346986558615
[35h 37m 16s] Epoch 22 [38400/45080]loss = 0.11468039860134013
[35h 41m 15s] Epoch 22 [40320/45080]loss = 0.1143694422821263
[35h 45m 14s] Epoch 22 [42240/45080]loss = 0.115025206165614
[35h 49m 14s] Epoch 22 [44160/45080]loss = 0.11516541013548123
train AUC :  0.9908252238952858
train AUPR :  0.9891700066440612
============================[35h 51m 8s]train: EPOCH 22 is over!================
第22个epoch的学习率：0.000001
test AUC :  0.8916046418567427
test AUPR :  0.5149921676659174
============================[35h 56m 16s]test: EPOCH 22 is over!================
============================saved model ! =======================================
[36h 0m 17s] Epoch 23 [1920/45080]loss = 0.11889887189803024
[36h 4m 16s] Epoch 23 [3840/45080]loss = 0.11879240354367843
[36h 8m 15s] Epoch 23 [5760/45080]loss = 0.12343025838490576
[36h 12m 15s] Epoch 23 [7680/45080]loss = 0.1237883623864036
[36h 16m 14s] Epoch 23 [9600/45080]loss = 0.11919370506890119
[36h 20m 13s] Epoch 23 [11520/45080]loss = 0.1176208732326308
[36h 24m 12s] Epoch 23 [13440/45080]loss = 0.11751205670824717
[36h 28m 12s] Epoch 23 [15360/45080]loss = 0.11698038769779183
[36h 32m 11s] Epoch 23 [17280/45080]loss = 0.1164681247155251
[36h 36m 10s] Epoch 23 [19200/45080]loss = 0.11725178670332147
[36h 40m 9s] Epoch 23 [21120/45080]loss = 0.11626788902301059
[36h 44m 8s] Epoch 23 [23040/45080]loss = 0.11642525185630398
[36h 48m 8s] Epoch 23 [24960/45080]loss = 0.11594302964498265
[36h 52m 7s] Epoch 23 [26880/45080]loss = 0.11566757871741651
[36h 56m 6s] Epoch 23 [28800/45080]loss = 0.11560101752712702
[37h 0m 5s] Epoch 23 [30720/45080]loss = 0.11556003190077414
[37h 4m 5s] Epoch 23 [32640/45080]loss = 0.11509797456149268
[37h 8m 4s] Epoch 23 [34560/45080]loss = 0.11506175386085589
[37h 12m 3s] Epoch 23 [36480/45080]loss = 0.11558229611602432
[37h 16m 2s] Epoch 23 [38400/45080]loss = 0.11624110434301353
[37h 20m 2s] Epoch 23 [40320/45080]loss = 0.11641901277046325
[37h 24m 1s] Epoch 23 [42240/45080]loss = 0.11653748169721273
[37h 28m 0s] Epoch 23 [44160/45080]loss = 0.11601853445661592
train AUC :  0.9908332093297904
train AUPR :  0.9892591150573088
============================[37h 29m 54s]train: EPOCH 23 is over!================
第23个epoch的学习率：0.000001
test AUC :  0.8878303321328532
test AUPR :  0.5073813607596317
============================[37h 35m 2s]test: EPOCH 23 is over!================
============================saved model ! =======================================
[37h 39m 3s] Epoch 24 [1920/45080]loss = 0.12363033966782193
[37h 43m 2s] Epoch 24 [3840/45080]loss = 0.11310832862897466
[37h 47m 1s] Epoch 24 [5760/45080]loss = 0.11148625823876096
[37h 51m 0s] Epoch 24 [7680/45080]loss = 0.11049845305775913
[37h 54m 59s] Epoch 24 [9600/45080]loss = 0.10701013104058803
[37h 58m 59s] Epoch 24 [11520/45080]loss = 0.10893160707912304
[38h 2m 58s] Epoch 24 [13440/45080]loss = 0.10822074307084438
[38h 6m 57s] Epoch 24 [15360/45080]loss = 0.10830394871882162
[38h 10m 56s] Epoch 24 [17280/45080]loss = 0.1085894332012955
[38h 14m 55s] Epoch 24 [19200/45080]loss = 0.10870318889811946
[38h 18m 54s] Epoch 24 [21120/45080]loss = 0.10886359132551164
[38h 22m 53s] Epoch 24 [23040/45080]loss = 0.10875296965920521
[38h 26m 53s] Epoch 24 [24960/45080]loss = 0.10910146824317053
[38h 30m 52s] Epoch 24 [26880/45080]loss = 0.10933403736839648
[38h 34m 51s] Epoch 24 [28800/45080]loss = 0.10983296810830426
[38h 38m 51s] Epoch 24 [30720/45080]loss = 0.11032054811827645
[38h 42m 50s] Epoch 24 [32640/45080]loss = 0.11011383166678214
[38h 46m 49s] Epoch 24 [34560/45080]loss = 0.11024673787156913
[38h 50m 49s] Epoch 24 [36480/45080]loss = 0.111369711185781
[38h 54m 48s] Epoch 24 [38400/45080]loss = 0.11121838419135505
[38h 58m 47s] Epoch 24 [40320/45080]loss = 0.11133621521312595
[39h 2m 46s] Epoch 24 [42240/45080]loss = 0.1118379715676631
[39h 6m 46s] Epoch 24 [44160/45080]loss = 0.11183369380027136
train AUC :  0.9912724790867039
train AUPR :  0.9896040807916859
============================[39h 8m 40s]train: EPOCH 24 is over!================
第24个epoch的学习率：0.000001
test AUC :  0.8926258503401361
test AUPR :  0.5195047517008019
============================[39h 13m 48s]test: EPOCH 24 is over!================
============================saved model ! =======================================
[39h 17m 49s] Epoch 25 [1920/45080]loss = 0.11712396336564174
[39h 21m 48s] Epoch 25 [3840/45080]loss = 0.11381213317702835
[39h 25m 47s] Epoch 25 [5760/45080]loss = 0.10738225198195626
[39h 29m 47s] Epoch 25 [7680/45080]loss = 0.10645936842386922
[39h 33m 46s] Epoch 25 [9600/45080]loss = 0.1067951341276057
[39h 37m 45s] Epoch 25 [11520/45080]loss = 0.10768698754966155
[39h 41m 44s] Epoch 25 [13440/45080]loss = 0.10595596671780749
[39h 45m 44s] Epoch 25 [15360/45080]loss = 0.1072956228342567
[39h 49m 43s] Epoch 25 [17280/45080]loss = 0.10844947305137154
[39h 53m 42s] Epoch 25 [19200/45080]loss = 0.10841317228158004
[39h 57m 41s] Epoch 25 [21120/45080]loss = 0.10952444239695923
[40h 1m 40s] Epoch 25 [23040/45080]loss = 0.10882567926407015
[40h 5m 39s] Epoch 25 [24960/45080]loss = 0.10883025901290612
[40h 9m 38s] Epoch 25 [26880/45080]loss = 0.10877729264958318
[40h 13m 37s] Epoch 25 [28800/45080]loss = 0.10916744643692962
[40h 17m 36s] Epoch 25 [30720/45080]loss = 0.10817818583818735
[40h 21m 36s] Epoch 25 [32640/45080]loss = 0.10822572810917765
[40h 25m 35s] Epoch 25 [34560/45080]loss = 0.10863718355518628
[40h 29m 34s] Epoch 25 [36480/45080]loss = 0.10899995324965729
[40h 33m 33s] Epoch 25 [38400/45080]loss = 0.1096164538251469
[40h 37m 32s] Epoch 25 [40320/45080]loss = 0.10983511708281372
[40h 41m 32s] Epoch 25 [42240/45080]loss = 0.10930013808538205
[40h 45m 31s] Epoch 25 [44160/45080]loss = 0.1099472489074696
train AUC :  0.9918155250467473
train AUPR :  0.9904144739651896
============================[40h 47m 25s]train: EPOCH 25 is over!================
第25个epoch的学习率：0.000001
test AUC :  0.8915278111244498
test AUPR :  0.5314784588168241
============================[40h 52m 34s]test: EPOCH 25 is over!================
============================saved model ! =======================================
[40h 56m 34s] Epoch 26 [1920/45080]loss = 0.10411291779018939
[41h 0m 34s] Epoch 26 [3840/45080]loss = 0.10340308685554192
[41h 4m 33s] Epoch 26 [5760/45080]loss = 0.105304924525424
[41h 8m 33s] Epoch 26 [7680/45080]loss = 0.10558529058277297
[41h 12m 32s] Epoch 26 [9600/45080]loss = 0.10719325590568284
[41h 16m 32s] Epoch 26 [11520/45080]loss = 0.10835758892353624
[41h 20m 31s] Epoch 26 [13440/45080]loss = 0.1091924855197292
[41h 24m 31s] Epoch 26 [15360/45080]loss = 0.10886783526511863
[41h 28m 30s] Epoch 26 [17280/45080]loss = 0.10778146777733194
[41h 32m 29s] Epoch 26 [19200/45080]loss = 0.1078766681564351
[41h 36m 29s] Epoch 26 [21120/45080]loss = 0.10662437031525328
[41h 40m 28s] Epoch 26 [23040/45080]loss = 0.10684166978947664
[41h 44m 28s] Epoch 26 [24960/45080]loss = 0.10652946707440349
[41h 48m 28s] Epoch 26 [26880/45080]loss = 0.10673221992966275
[41h 52m 27s] Epoch 26 [28800/45080]loss = 0.10686104595583554
[41h 56m 27s] Epoch 26 [30720/45080]loss = 0.10690693201007283
[42h 0m 26s] Epoch 26 [32640/45080]loss = 0.10685580738422953
[42h 4m 26s] Epoch 26 [34560/45080]loss = 0.1068257212800543
[42h 8m 26s] Epoch 26 [36480/45080]loss = 0.10810527192661538
[42h 12m 25s] Epoch 26 [38400/45080]loss = 0.10831662438596444
[42h 16m 25s] Epoch 26 [40320/45080]loss = 0.10818163328434503
[42h 20m 24s] Epoch 26 [42240/45080]loss = 0.10841290010068791
[42h 24m 24s] Epoch 26 [44160/45080]loss = 0.10862036667986895
train AUC :  0.9919779687038679
train AUPR :  0.9905264220060045
============================[42h 26m 18s]train: EPOCH 26 is over!================
第26个epoch的学习率：0.000001
test AUC :  0.8932308923569428
test AUPR :  0.5305494599764242
============================[42h 31m 27s]test: EPOCH 26 is over!================
============================saved model ! =======================================
[42h 35m 27s] Epoch 27 [1920/45080]loss = 0.11040209565932552
[42h 39m 27s] Epoch 27 [3840/45080]loss = 0.11219718136902278
[42h 43m 26s] Epoch 27 [5760/45080]loss = 0.11093183421115908
[42h 47m 25s] Epoch 27 [7680/45080]loss = 0.10888803577593838
[42h 51m 25s] Epoch 27 [9600/45080]loss = 0.107564617395401
[42h 55m 24s] Epoch 27 [11520/45080]loss = 0.10744997303829425
[42h 59m 23s] Epoch 27 [13440/45080]loss = 0.10901333526486442
[43h 3m 23s] Epoch 27 [15360/45080]loss = 0.1097289803661018
[43h 7m 22s] Epoch 27 [17280/45080]loss = 0.10887525946815947
[43h 11m 21s] Epoch 27 [19200/45080]loss = 0.10742761680623517
[43h 15m 21s] Epoch 27 [21120/45080]loss = 0.10889854508550895
[43h 19m 20s] Epoch 27 [23040/45080]loss = 0.10850851115279106
[43h 23m 19s] Epoch 27 [24960/45080]loss = 0.10896798953270682
[43h 27m 19s] Epoch 27 [26880/45080]loss = 0.10916231197659813
[43h 31m 18s] Epoch 27 [28800/45080]loss = 0.10889695905925086
[43h 35m 17s] Epoch 27 [30720/45080]loss = 0.10828105178613139
[43h 39m 17s] Epoch 27 [32640/45080]loss = 0.10805533210217369
[43h 43m 16s] Epoch 27 [34560/45080]loss = 0.10740007651987037
[43h 47m 16s] Epoch 27 [36480/45080]loss = 0.10777203572154241
[43h 51m 15s] Epoch 27 [38400/45080]loss = 0.10772883176648368
[43h 55m 14s] Epoch 27 [40320/45080]loss = 0.10756989930874654
[43h 59m 14s] Epoch 27 [42240/45080]loss = 0.1070629845514442
[44h 3m 13s] Epoch 27 [44160/45080]loss = 0.10671204270565532
train AUC :  0.992290505855723
train AUPR :  0.9909490217277976
============================[44h 5m 8s]train: EPOCH 27 is over!================
第27个epoch的学习率：0.000001
test AUC :  0.8898503401360545
test AUPR :  0.5335496590848438
============================[44h 10m 16s]test: EPOCH 27 is over!================
============================saved model ! =======================================
[44h 14m 17s] Epoch 28 [1920/45080]loss = 0.12317942990145335
[44h 18m 16s] Epoch 28 [3840/45080]loss = 0.12012088297245403
[44h 22m 16s] Epoch 28 [5760/45080]loss = 0.11484888600599434
[44h 26m 15s] Epoch 28 [7680/45080]loss = 0.11400510078722921
[44h 30m 14s] Epoch 28 [9600/45080]loss = 0.11209152050005892
[44h 34m 14s] Epoch 28 [11520/45080]loss = 0.10908579245183823
[44h 38m 13s] Epoch 28 [13440/45080]loss = 0.10754064991404967
[44h 42m 13s] Epoch 28 [15360/45080]loss = 0.10650537649926264
[44h 46m 12s] Epoch 28 [17280/45080]loss = 0.10512230474570836
[44h 50m 12s] Epoch 28 [19200/45080]loss = 0.10718334582013389
[44h 54m 11s] Epoch 28 [21120/45080]loss = 0.10631694831306848
[44h 58m 10s] Epoch 28 [23040/45080]loss = 0.1063416962143189
[45h 2m 10s] Epoch 28 [24960/45080]loss = 0.10643468347515385
[45h 6m 9s] Epoch 28 [26880/45080]loss = 0.10674036446809103
[45h 10m 9s] Epoch 28 [28800/45080]loss = 0.10770566043521589
[45h 14m 1s] Epoch 28 [30720/45080]loss = 0.10767108339083885
[45h 17m 49s] Epoch 28 [32640/45080]loss = 0.10770999839022646
[45h 21m 37s] Epoch 28 [34560/45080]loss = 0.10693726366993764
[45h 25m 25s] Epoch 28 [36480/45080]loss = 0.10654926776677665
[45h 29m 14s] Epoch 28 [38400/45080]loss = 0.10721677050479532
[45h 33m 2s] Epoch 28 [40320/45080]loss = 0.10757495288160585
[45h 36m 50s] Epoch 28 [42240/45080]loss = 0.10726926031444843
[45h 40m 38s] Epoch 28 [44160/45080]loss = 0.10718925316932787
train AUC :  0.9920756205097924
train AUPR :  0.9906417316027833
============================[45h 42m 27s]train: EPOCH 28 is over!================
第28个epoch的学习率：0.000001
test AUC :  0.8899047619047619
test AUPR :  0.5312926530341132
============================[45h 47m 21s]test: EPOCH 28 is over!================
============================saved model ! =======================================
[45h 51m 10s] Epoch 29 [1920/45080]loss = 0.09822203326039017
[45h 54m 58s] Epoch 29 [3840/45080]loss = 0.10496704201990117
[45h 58m 54s] Epoch 29 [5760/45080]loss = 0.09906837233963112
[46h 2m 52s] Epoch 29 [7680/45080]loss = 0.09865900705529687
[46h 6m 51s] Epoch 29 [9600/45080]loss = 0.09960068471884975
[46h 10m 51s] Epoch 29 [11520/45080]loss = 0.10288446789038264
[46h 14m 52s] Epoch 29 [13440/45080]loss = 0.10464967748904157
[46h 18m 54s] Epoch 29 [15360/45080]loss = 0.10448016463487875
[46h 22m 55s] Epoch 29 [17280/45080]loss = 0.10349469666748687
[46h 26m 56s] Epoch 29 [19200/45080]loss = 0.10421143653104081
[46h 30m 55s] Epoch 29 [21120/45080]loss = 0.10317394334512452
[46h 34m 55s] Epoch 29 [23040/45080]loss = 0.1038508054379943
[46h 38m 54s] Epoch 29 [24960/45080]loss = 0.10375231643601392
[46h 42m 53s] Epoch 29 [26880/45080]loss = 0.10343083410934058
[46h 46m 53s] Epoch 29 [28800/45080]loss = 0.10278407825881408
[46h 50m 52s] Epoch 29 [30720/45080]loss = 0.10257064969288573
[46h 54m 52s] Epoch 29 [32640/45080]loss = 0.10302434775969196
[46h 58m 51s] Epoch 29 [34560/45080]loss = 0.10331722697786366
[47h 2m 50s] Epoch 29 [36480/45080]loss = 0.10316021506993198
[47h 6m 50s] Epoch 29 [38400/45080]loss = 0.10309986029751599
[47h 10m 49s] Epoch 29 [40320/45080]loss = 0.1025945156099393
[47h 14m 49s] Epoch 29 [42240/45080]loss = 0.10312868526494695
[47h 18m 48s] Epoch 29 [44160/45080]loss = 0.10271902876683389
train AUC :  0.9929789518748153
train AUPR :  0.9916711736140812
============================[47h 20m 43s]train: EPOCH 29 is over!================
第29个epoch的学习率：0.000001
test AUC :  0.8918415366146457
test AUPR :  0.5469662878162905
============================[47h 25m 51s]test: EPOCH 29 is over!================
============================saved model ! =======================================
[47h 29m 52s] Epoch 30 [1920/45080]loss = 0.10594194042496383
[47h 33m 51s] Epoch 30 [3840/45080]loss = 0.10353112438460813
[47h 37m 50s] Epoch 30 [5760/45080]loss = 0.10209073167966885
[47h 41m 50s] Epoch 30 [7680/45080]loss = 0.10224974252050742
[47h 45m 49s] Epoch 30 [9600/45080]loss = 0.09989623405194531
[47h 49m 49s] Epoch 30 [11520/45080]loss = 0.10185641810530796
[47h 53m 48s] Epoch 30 [13440/45080]loss = 0.10229574683831916
[47h 57m 48s] Epoch 30 [15360/45080]loss = 0.10342302777765629
[48h 1m 40s] Epoch 30 [17280/45080]loss = 0.10430416507749922
[48h 5m 28s] Epoch 30 [19200/45080]loss = 0.10323237740512316
[48h 9m 26s] Epoch 30 [21120/45080]loss = 0.1039972159461203
[48h 13m 26s] Epoch 30 [23040/45080]loss = 0.10344484984008077
[48h 17m 25s] Epoch 30 [24960/45080]loss = 0.10334845695238656
[48h 21m 25s] Epoch 30 [26880/45080]loss = 0.10306357069168284
[48h 25m 27s] Epoch 30 [28800/45080]loss = 0.10337577392269547
[48h 29m 28s] Epoch 30 [30720/45080]loss = 0.10295254107695655
[48h 33m 29s] Epoch 30 [32640/45080]loss = 0.10220880880746443
[48h 37m 30s] Epoch 30 [34560/45080]loss = 0.10179161998137176
[48h 41m 29s] Epoch 30 [36480/45080]loss = 0.10136099592721286
[48h 45m 24s] Epoch 30 [38400/45080]loss = 0.10149328750073133
[48h 49m 12s] Epoch 30 [40320/45080]loss = 0.10182813897983925
[48h 53m 0s] Epoch 30 [42240/45080]loss = 0.10164454700689847
[48h 56m 48s] Epoch 30 [44160/45080]loss = 0.10119340751249262
train AUC :  0.9930284342092313
train AUPR :  0.991880095091755
============================[48h 58m 37s]train: EPOCH 30 is over!================
第30个epoch的学习率：0.000001
test AUC :  0.8903881552621048
test AUPR :  0.540506679272992
============================[49h 3m 31s]test: EPOCH 30 is over!================
============================saved model ! =======================================
[49h 7m 20s] Epoch 31 [1920/45080]loss = 0.09206919504795223
[49h 11m 8s] Epoch 31 [3840/45080]loss = 0.10620494148461149
[49h 14m 56s] Epoch 31 [5760/45080]loss = 0.10433498383370332
[49h 18m 44s] Epoch 31 [7680/45080]loss = 0.10334534863456307
[49h 22m 32s] Epoch 31 [9600/45080]loss = 0.10106445240555331
[49h 26m 20s] Epoch 31 [11520/45080]loss = 0.0993402261461597
[49h 30m 8s] Epoch 31 [13440/45080]loss = 0.10038328625073302
[49h 33m 56s] Epoch 31 [15360/45080]loss = 0.0991850175933602
[49h 37m 44s] Epoch 31 [17280/45080]loss = 0.10016516198197173
[49h 41m 32s] Epoch 31 [19200/45080]loss = 0.10154066969485333
[49h 45m 20s] Epoch 31 [21120/45080]loss = 0.10122725780009094
[49h 49m 8s] Epoch 31 [23040/45080]loss = 0.10118794334444424
[49h 52m 56s] Epoch 31 [24960/45080]loss = 0.10059701425787539
[49h 56m 44s] Epoch 31 [26880/45080]loss = 0.10049438298447058
[50h 0m 32s] Epoch 31 [28800/45080]loss = 0.10040227164980024
[50h 4m 20s] Epoch 31 [30720/45080]loss = 0.10065598563208672
[50h 8m 8s] Epoch 31 [32640/45080]loss = 0.10018030933866862
[50h 11m 56s] Epoch 31 [34560/45080]loss = 0.10039635195107958
[50h 15m 44s] Epoch 31 [36480/45080]loss = 0.100120148074756
[50h 19m 32s] Epoch 31 [38400/45080]loss = 0.10033842122783729
[50h 23m 20s] Epoch 31 [40320/45080]loss = 0.10165563710976304
[50h 27m 8s] Epoch 31 [42240/45080]loss = 0.10200301468615759
[50h 30m 57s] Epoch 31 [44160/45080]loss = 0.10175244392560578
train AUC :  0.992987138076961
train AUPR :  0.9918124729890221
============================[50h 32m 46s]train: EPOCH 31 is over!================
第31个epoch的学习率：0.000001
test AUC :  0.8914413765506203
test AUPR :  0.5480585190513677
============================[50h 37m 39s]test: EPOCH 31 is over!================
============================saved model ! =======================================
[50h 41m 28s] Epoch 32 [1920/45080]loss = 0.09506028266623616
[50h 45m 17s] Epoch 32 [3840/45080]loss = 0.09695895054222395
[50h 49m 5s] Epoch 32 [5760/45080]loss = 0.1054685864248313
[50h 52m 53s] Epoch 32 [7680/45080]loss = 0.10313415525112456
[50h 56m 41s] Epoch 32 [9600/45080]loss = 0.10322085898447161
[51h 0m 29s] Epoch 32 [11520/45080]loss = 0.10202181528050763
[51h 4m 17s] Epoch 32 [13440/45080]loss = 0.10225120867724485
[51h 8m 5s] Epoch 32 [15360/45080]loss = 0.1003748803724496
[51h 11m 53s] Epoch 32 [17280/45080]loss = 0.10219220679417183
[51h 15m 41s] Epoch 32 [19200/45080]loss = 0.10031608506455086
[51h 19m 29s] Epoch 32 [21120/45080]loss = 0.10129019675712864
[51h 23m 17s] Epoch 32 [23040/45080]loss = 0.10146600113205043
[51h 27m 5s] Epoch 32 [24960/45080]loss = 0.10156428947632845
[51h 30m 53s] Epoch 32 [26880/45080]loss = 0.10149491173132057
[51h 34m 41s] Epoch 32 [28800/45080]loss = 0.10132926641627112
[51h 38m 29s] Epoch 32 [30720/45080]loss = 0.1023011605446906
[51h 42m 17s] Epoch 32 [32640/45080]loss = 0.10134320580857058
[51h 46m 5s] Epoch 32 [34560/45080]loss = 0.10077714629134991
[51h 49m 53s] Epoch 32 [36480/45080]loss = 0.1000020989931695
[51h 53m 41s] Epoch 32 [38400/45080]loss = 0.10010479682978864
[51h 57m 29s] Epoch 32 [40320/45080]loss = 0.10105179171817052
[52h 1m 17s] Epoch 32 [42240/45080]loss = 0.10154211659435973
[52h 5m 5s] Epoch 32 [44160/45080]loss = 0.1010827803545618
train AUC :  0.9929716966833972
train AUPR :  0.9919113299963463
============================[52h 6m 54s]train: EPOCH 32 is over!================
第32个epoch的学习率：0.000001
test AUC :  0.8885858343337335
test AUPR :  0.5274175001784422
============================[52h 11m 48s]test: EPOCH 32 is over!================
============================saved model ! =======================================
[52h 15m 37s] Epoch 33 [1920/45080]loss = 0.10815419317999234
[52h 19m 25s] Epoch 33 [3840/45080]loss = 0.10402839371236042
[52h 23m 13s] Epoch 33 [5760/45080]loss = 0.101637059253537
[52h 27m 1s] Epoch 33 [7680/45080]loss = 0.09719891780017255
[52h 30m 49s] Epoch 33 [9600/45080]loss = 0.09959895006536196
[52h 34m 37s] Epoch 33 [11520/45080]loss = 0.10090460049169551
[52h 38m 25s] Epoch 33 [13440/45080]loss = 0.10000888933261325
[52h 42m 13s] Epoch 33 [15360/45080]loss = 0.09950408407457871
[52h 46m 1s] Epoch 33 [17280/45080]loss = 0.09987978853017988
[52h 49m 49s] Epoch 33 [19200/45080]loss = 0.09881043759911942
[52h 53m 37s] Epoch 33 [21120/45080]loss = 0.0983228562198664
[52h 57m 24s] Epoch 33 [23040/45080]loss = 0.0988094776548678
[53h 1m 12s] Epoch 33 [24960/45080]loss = 0.09871468493350757
[53h 5m 0s] Epoch 33 [26880/45080]loss = 0.09875937253042745
[53h 8m 48s] Epoch 33 [28800/45080]loss = 0.09919773184176948
[53h 12m 36s] Epoch 33 [30720/45080]loss = 0.09922929202245238
[53h 16m 24s] Epoch 33 [32640/45080]loss = 0.0990335185605777
[53h 20m 12s] Epoch 33 [34560/45080]loss = 0.09916774170856957
[53h 24m 0s] Epoch 33 [36480/45080]loss = 0.09918559432099165
[53h 27m 48s] Epoch 33 [38400/45080]loss = 0.09854417104274034
[53h 31m 36s] Epoch 33 [40320/45080]loss = 0.09809773491865527
[53h 35m 24s] Epoch 33 [42240/45080]loss = 0.09852511896434325
[53h 39m 12s] Epoch 33 [44160/45080]loss = 0.09853790032785331
train AUC :  0.9933511652396417
train AUPR :  0.9921423236996081
============================[53h 41m 1s]train: EPOCH 33 is over!================
第33个epoch的学习率：0.000001
test AUC :  0.8903497398959584
test AUPR :  0.5426557261420257
============================[53h 45m 55s]test: EPOCH 33 is over!================
============================saved model ! =======================================
[53h 49m 44s] Epoch 34 [1920/45080]loss = 0.1034865785157308
[53h 53m 32s] Epoch 34 [3840/45080]loss = 0.10063507521602635
[53h 57m 20s] Epoch 34 [5760/45080]loss = 0.09913533300730504
[54h 1m 8s] Epoch 34 [7680/45080]loss = 0.09769868424433904
[54h 4m 56s] Epoch 34 [9600/45080]loss = 0.09834939209899554
[54h 8m 43s] Epoch 34 [11520/45080]loss = 0.09766724235507557
[54h 12m 31s] Epoch 34 [13440/45080]loss = 0.09702473707563643
[54h 16m 19s] Epoch 34 [15360/45080]loss = 0.0972449821109573
[54h 20m 7s] Epoch 34 [17280/45080]loss = 0.09668601222068968
[54h 23m 55s] Epoch 34 [19200/45080]loss = 0.09641175387310795
[54h 27m 43s] Epoch 34 [21120/45080]loss = 0.09683300476754084
[54h 31m 31s] Epoch 34 [23040/45080]loss = 0.09703219483522439
[54h 35m 19s] Epoch 34 [24960/45080]loss = 0.09698670725069511
[54h 39m 7s] Epoch 34 [26880/45080]loss = 0.09619902823192422
[54h 42m 55s] Epoch 34 [28800/45080]loss = 0.09633730990838052
[54h 46m 43s] Epoch 34 [30720/45080]loss = 0.0953066954871853
[54h 50m 31s] Epoch 34 [32640/45080]loss = 0.09533815502106924
[54h 54m 19s] Epoch 34 [34560/45080]loss = 0.09499639568578762
[54h 58m 7s] Epoch 34 [36480/45080]loss = 0.09559021291032989
[55h 1m 55s] Epoch 34 [38400/45080]loss = 0.09624939675345862
[55h 5m 43s] Epoch 34 [40320/45080]loss = 0.09666002781097112
[55h 9m 31s] Epoch 34 [42240/45080]loss = 0.09698517156013457
[55h 13m 19s] Epoch 34 [44160/45080]loss = 0.09700929463311248
train AUC :  0.9936479568940064
train AUPR :  0.9925708227670411
============================[55h 15m 9s]train: EPOCH 34 is over!================
第34个epoch的学习率：0.000001
test AUC :  0.8898951580632254
test AUPR :  0.5488997625474157
============================[55h 20m 2s]test: EPOCH 34 is over!================
============================saved model ! =======================================
[55h 23m 51s] Epoch 35 [1920/45080]loss = 0.09913936310137311
[55h 27m 39s] Epoch 35 [3840/45080]loss = 0.09751933678247345
[55h 31m 27s] Epoch 35 [5760/45080]loss = 0.09855386456345311
[55h 35m 15s] Epoch 35 [7680/45080]loss = 0.09628102741262409
[55h 39m 3s] Epoch 35 [9600/45080]loss = 0.097163304243392
[55h 42m 51s] Epoch 35 [11520/45080]loss = 0.09672781551295581
[55h 46m 39s] Epoch 35 [13440/45080]loss = 0.09595640889435475
[55h 50m 27s] Epoch 35 [15360/45080]loss = 0.09460005395521875
[55h 54m 15s] Epoch 35 [17280/45080]loss = 0.09600416456124987
[55h 58m 3s] Epoch 35 [19200/45080]loss = 0.09560966330658023
[56h 1m 51s] Epoch 35 [21120/45080]loss = 0.0964966870618589
[56h 5m 39s] Epoch 35 [23040/45080]loss = 0.09819707911487462
[56h 9m 27s] Epoch 35 [24960/45080]loss = 0.09831211009027006
[56h 13m 15s] Epoch 35 [26880/45080]loss = 0.09812339276651896
[56h 17m 3s] Epoch 35 [28800/45080]loss = 0.09774277548848961
[56h 20m 51s] Epoch 35 [30720/45080]loss = 0.09789637993065602
[56h 24m 39s] Epoch 35 [32640/45080]loss = 0.09708527286751562
[56h 28m 27s] Epoch 35 [34560/45080]loss = 0.0973606603114469
[56h 32m 15s] Epoch 35 [36480/45080]loss = 0.09697468592642333
[56h 36m 3s] Epoch 35 [38400/45080]loss = 0.09745198842584311
[56h 39m 51s] Epoch 35 [40320/45080]loss = 0.0972396186698923
[56h 43m 39s] Epoch 35 [42240/45080]loss = 0.09717394673180851
[56h 47m 27s] Epoch 35 [44160/45080]loss = 0.09637554671937613
train AUC :  0.9938319683102057
train AUPR :  0.9928379750807849
============================[56h 49m 16s]train: EPOCH 35 is over!================
第35个epoch的学习率：0.000001
test AUC :  0.8906058423369348
test AUPR :  0.5491297418681336
============================[56h 54m 10s]test: EPOCH 35 is over!================
============================saved model ! =======================================
[56h 57m 59s] Epoch 36 [1920/45080]loss = 0.08507951387825112
[57h 1m 47s] Epoch 36 [3840/45080]loss = 0.08894277474998186
[57h 5m 34s] Epoch 36 [5760/45080]loss = 0.08882284618448466
[57h 9m 22s] Epoch 36 [7680/45080]loss = 0.09016198378521949
[57h 13m 10s] Epoch 36 [9600/45080]loss = 0.08976772299657265
[57h 16m 58s] Epoch 36 [11520/45080]loss = 0.09189685971424398
[57h 20m 46s] Epoch 36 [13440/45080]loss = 0.09367089370221254
[57h 24m 34s] Epoch 36 [15360/45080]loss = 0.09435707749992919
[57h 28m 22s] Epoch 36 [17280/45080]loss = 0.09465890804486764
[57h 32m 10s] Epoch 36 [19200/45080]loss = 0.09325463779697506
[57h 35m 58s] Epoch 36 [21120/45080]loss = 0.09287238879178679
[57h 39m 46s] Epoch 36 [23040/45080]loss = 0.09431958203300989
[57h 43m 34s] Epoch 36 [24960/45080]loss = 0.09391270847543358
[57h 47m 22s] Epoch 36 [26880/45080]loss = 0.09329586454717043
[57h 51m 10s] Epoch 36 [28800/45080]loss = 0.09374433288687012
[57h 54m 57s] Epoch 36 [30720/45080]loss = 0.09356932404601442
[57h 58m 45s] Epoch 36 [32640/45080]loss = 0.09402387654043588
[58h 2m 33s] Epoch 36 [34560/45080]loss = 0.09379819391459157
[58h 6m 21s] Epoch 36 [36480/45080]loss = 0.09309512948078152
[58h 10m 9s] Epoch 36 [38400/45080]loss = 0.09330280105466954
[58h 13m 57s] Epoch 36 [40320/45080]loss = 0.09378826256771203
[58h 17m 45s] Epoch 36 [42240/45080]loss = 0.09438029598801001
[58h 21m 33s] Epoch 36 [44160/45080]loss = 0.09432101351819744
train AUC :  0.993966068300364
train AUPR :  0.9930591114091563
============================[58h 23m 22s]train: EPOCH 36 is over!================
第36个epoch的学习率：0.000001
test AUC :  0.8929619847939175
test AUPR :  0.5557524841356903
============================[58h 28m 15s]test: EPOCH 36 is over!================
============================saved model ! =======================================
[58h 32m 4s] Epoch 37 [1920/45080]loss = 0.0934322079954048
[58h 35m 52s] Epoch 37 [3840/45080]loss = 0.09147533397966374
[58h 39m 40s] Epoch 37 [5760/45080]loss = 0.09301089773265024
[58h 43m 28s] Epoch 37 [7680/45080]loss = 0.09426761293822589
[58h 47m 16s] Epoch 37 [9600/45080]loss = 0.09409421104627351
[58h 51m 4s] Epoch 37 [11520/45080]loss = 0.09492338742388205
[58h 54m 52s] Epoch 37 [13440/45080]loss = 0.09565990806634848
[58h 58m 40s] Epoch 37 [15360/45080]loss = 0.09593338811294719
[59h 2m 28s] Epoch 37 [17280/45080]loss = 0.09507332184929745
[59h 6m 16s] Epoch 37 [19200/45080]loss = 0.09460515371795433
[59h 10m 4s] Epoch 37 [21120/45080]loss = 0.09523843668972734
[59h 13m 51s] Epoch 37 [23040/45080]loss = 0.09592280597231971
[59h 17m 39s] Epoch 37 [24960/45080]loss = 0.09427384431921662
[59h 21m 27s] Epoch 37 [26880/45080]loss = 0.09423323182633057
[59h 25m 15s] Epoch 37 [28800/45080]loss = 0.09384498462520746
[59h 29m 3s] Epoch 37 [30720/45080]loss = 0.09391741942163208
[59h 32m 51s] Epoch 37 [32640/45080]loss = 0.09423198289233352
[59h 36m 39s] Epoch 37 [34560/45080]loss = 0.09409290681101588
[59h 40m 27s] Epoch 37 [36480/45080]loss = 0.09409489120283213
[59h 44m 15s] Epoch 37 [38400/45080]loss = 0.09444129439614092
[59h 48m 3s] Epoch 37 [40320/45080]loss = 0.0940258934580174
[59h 51m 51s] Epoch 37 [42240/45080]loss = 0.09444587385073784
[59h 55m 39s] Epoch 37 [44160/45080]loss = 0.09438445147943507
train AUC :  0.9939479391792146
train AUPR :  0.9928689908882629
============================[59h 57m 28s]train: EPOCH 37 is over!================
第37个epoch的学习率：0.000001
test AUC :  0.8943577430972388
test AUPR :  0.5428341443382281
============================[60h 2m 21s]test: EPOCH 37 is over!================
============================saved model ! =======================================
[60h 6m 10s] Epoch 38 [1920/45080]loss = 0.11387387129167716
[60h 9m 58s] Epoch 38 [3840/45080]loss = 0.09993658571814497
[60h 13m 46s] Epoch 38 [5760/45080]loss = 0.0945655165382454
[60h 17m 34s] Epoch 38 [7680/45080]loss = 0.08970763088436798
[60h 21m 22s] Epoch 38 [9600/45080]loss = 0.09174848487445464
[60h 25m 10s] Epoch 38 [11520/45080]loss = 0.09091342583156398
[60h 28m 58s] Epoch 38 [13440/45080]loss = 0.09192414292345001
[60h 32m 46s] Epoch 38 [15360/45080]loss = 0.09121707386075287
[60h 36m 33s] Epoch 38 [17280/45080]loss = 0.09268034740859919
[60h 40m 21s] Epoch 38 [19200/45080]loss = 0.09324960772724201
[60h 44m 9s] Epoch 38 [21120/45080]loss = 0.09362506824475007
[60h 47m 57s] Epoch 38 [23040/45080]loss = 0.09377342226863321
[60h 51m 45s] Epoch 38 [24960/45080]loss = 0.09392279327476923
[60h 55m 32s] Epoch 38 [26880/45080]loss = 0.09336742533126935
[60h 59m 20s] Epoch 38 [28800/45080]loss = 0.09309328175253338
[61h 3m 8s] Epoch 38 [30720/45080]loss = 0.09277312908767878
[61h 6m 56s] Epoch 38 [32640/45080]loss = 0.09286776293416088
[61h 10m 44s] Epoch 38 [34560/45080]loss = 0.09382828598048676
[61h 14m 32s] Epoch 38 [36480/45080]loss = 0.09383318321084963
[61h 18m 20s] Epoch 38 [38400/45080]loss = 0.09385466981912031
[61h 22m 8s] Epoch 38 [40320/45080]loss = 0.09413820981558058
[61h 25m 56s] Epoch 38 [42240/45080]loss = 0.09385340766748414
[61h 29m 44s] Epoch 38 [44160/45080]loss = 0.09381952158570209
train AUC :  0.9941096899911426
train AUPR :  0.993300470909233
============================[61h 31m 33s]train: EPOCH 38 is over!================
第38个epoch的学习率：0.000001
test AUC :  0.8882208883553421
test AUPR :  0.5438070677924559
============================[61h 36m 27s]test: EPOCH 38 is over!================
============================saved model ! =======================================
[61h 40m 16s] Epoch 39 [1920/45080]loss = 0.0832379324051241
[61h 44m 4s] Epoch 39 [3840/45080]loss = 0.0954550123909333
[61h 47m 52s] Epoch 39 [5760/45080]loss = 0.09562283232937463
[61h 51m 40s] Epoch 39 [7680/45080]loss = 0.09813597460063951
[61h 55m 28s] Epoch 39 [9600/45080]loss = 0.0970658738981001
[61h 59m 16s] Epoch 39 [11520/45080]loss = 0.09671848748694174
[62h 3m 4s] Epoch 39 [13440/45080]loss = 0.09636919708822721
[62h 6m 52s] Epoch 39 [15360/45080]loss = 0.09705181871686364
[62h 10m 40s] Epoch 39 [17280/45080]loss = 0.09659527161167245
[62h 14m 28s] Epoch 39 [19200/45080]loss = 0.09557333835594667
[62h 18m 16s] Epoch 39 [21120/45080]loss = 0.09528085917629528
[62h 22m 4s] Epoch 39 [23040/45080]loss = 0.09554772725322336
[62h 25m 52s] Epoch 39 [24960/45080]loss = 0.09497396359667898
[62h 29m 40s] Epoch 39 [26880/45080]loss = 0.0946613316410332
[62h 33m 28s] Epoch 39 [28800/45080]loss = 0.09403384047638004
[62h 37m 16s] Epoch 39 [30720/45080]loss = 0.09379590918761097
[62h 41m 3s] Epoch 39 [32640/45080]loss = 0.09375278159642739
[62h 44m 51s] Epoch 39 [34560/45080]loss = 0.09300917908441517
[62h 48m 39s] Epoch 39 [36480/45080]loss = 0.09321632022405729
[62h 52m 27s] Epoch 39 [38400/45080]loss = 0.09314980747061781
[62h 56m 15s] Epoch 39 [40320/45080]loss = 0.09336254343608512
[63h 0m 3s] Epoch 39 [42240/45080]loss = 0.0931573156018699
[63h 3m 51s] Epoch 39 [44160/45080]loss = 0.09311608757530136
train AUC :  0.9941361942722174
train AUPR :  0.9933252638131145
============================[63h 5m 41s]train: EPOCH 39 is over!================
第39个epoch的学习率：0.000001
test AUC :  0.8896870748299318
test AUPR :  0.561062246362637
============================[63h 10m 34s]test: EPOCH 39 is over!================
============================saved model ! =======================================
[63h 14m 23s] Epoch 40 [1920/45080]loss = 0.09339500014514973
[63h 18m 12s] Epoch 40 [3840/45080]loss = 0.0891187868527292
[63h 21m 59s] Epoch 40 [5760/45080]loss = 0.09459737613409137
[63h 25m 48s] Epoch 40 [7680/45080]loss = 0.09350028218274625
[63h 29m 36s] Epoch 40 [9600/45080]loss = 0.0959558233176358
[63h 33m 24s] Epoch 40 [11520/45080]loss = 0.09486156777194184
[63h 37m 12s] Epoch 40 [13440/45080]loss = 0.09304491166313666
[63h 41m 0s] Epoch 40 [15360/45080]loss = 0.093124744144734
[63h 44m 47s] Epoch 40 [17280/45080]loss = 0.09266378413972065
[63h 48m 35s] Epoch 40 [19200/45080]loss = 0.09375825003177549
[63h 52m 23s] Epoch 40 [21120/45080]loss = 0.09275606063081686
[63h 56m 11s] Epoch 40 [23040/45080]loss = 0.09320084561800791
[63h 59m 59s] Epoch 40 [24960/45080]loss = 0.09282147448677092
[64h 3m 47s] Epoch 40 [26880/45080]loss = 0.0931174312551905
[64h 7m 35s] Epoch 40 [28800/45080]loss = 0.09307810665056523
[64h 11m 23s] Epoch 40 [30720/45080]loss = 0.09325106984664065
[64h 15m 11s] Epoch 40 [32640/45080]loss = 0.09336340821749878
[64h 18m 59s] Epoch 40 [34560/45080]loss = 0.0934741221338131
[64h 22m 47s] Epoch 40 [36480/45080]loss = 0.0929082073044571
[64h 26m 34s] Epoch 40 [38400/45080]loss = 0.09263263158209156
[64h 30m 22s] Epoch 40 [40320/45080]loss = 0.09236027689480651
[64h 34m 10s] Epoch 40 [42240/45080]loss = 0.09227207984217922
[64h 37m 58s] Epoch 40 [44160/45080]loss = 0.09149286591336536
train AUC :  0.994384315520126
train AUPR :  0.9934443571227385
============================[64h 39m 48s]train: EPOCH 40 is over!================
第40个epoch的学习率：0.000000
test AUC :  0.8902216886754702
test AUPR :  0.5574839226863407
============================[64h 44m 41s]test: EPOCH 40 is over!================
============================saved model ! =======================================


[CELL_NAME: IMR90 FEATURE_NAME: longformer-hug MODEL_NAME: model.model_longformer_lstm ]
