nohup: ignoring input
Intel(R) Extension for Scikit-learn* enabled (https://github.com/intel/scikit-learn-intelex)
experiment: K562 dpcp_svm
trainSet len:[X=71150,y=71150]
testSet len:[X=4147,y=4147]
Fitting, totalling 240 fits
[fit 1/240] END C=0.0625, gamma=0.0625, kernel=rbf; total=4147, TP=100, TN=2053, FP=1897, FN=97; precision=0.050, recall=0.508
accuracy: (test=0.519) average_precision: (test=0.058) balanced_accuracy: (test=0.514) f1: (test=0.091) roc_auc: (test=0.529) 1.77min
[fit 2/240] END C=0.0625, gamma=0.125, kernel=rbf; total=4147, TP=104, TN=2082, FP=1868, FN=93; precision=0.053, recall=0.528
accuracy: (test=0.527) average_precision: (test=0.057) balanced_accuracy: (test=0.528) f1: (test=0.096) roc_auc: (test=0.532) 1.75min
[fit 3/240] END C=0.0625, gamma=0.25, kernel=rbf; total=4147, TP=107, TN=2072, FP=1878, FN=90; precision=0.054, recall=0.543
accuracy: (test=0.525) average_precision: (test=0.058) balanced_accuracy: (test=0.534) f1: (test=0.098) roc_auc: (test=0.538) 1.77min
Line search fails in two-class probability estimates
[fit 4/240] END C=0.0625, gamma=0.5, kernel=rbf; total=4147, TP=105, TN=2105, FP=1845, FN=92; precision=0.054, recall=0.533
accuracy: (test=0.533) average_precision: (test=0.056) balanced_accuracy: (test=0.533) f1: (test=0.098) roc_auc: (test=0.553) 1.75min
[fit 5/240] END C=0.0625, gamma=1.0, kernel=rbf; total=4147, TP=111, TN=2163, FP=1787, FN=86; precision=0.058, recall=0.563
accuracy: (test=0.548) average_precision: (test=0.060) balanced_accuracy: (test=0.556) f1: (test=0.106) roc_auc: (test=0.574) 1.77min
Line search fails in two-class probability estimates
[fit 6/240] END C=0.0625, gamma=2.0, kernel=rbf; total=4147, TP=117, TN=2279, FP=1671, FN=80; precision=0.065, recall=0.594
accuracy: (test=0.578) average_precision: (test=0.067) balanced_accuracy: (test=0.585) f1: (test=0.118) roc_auc: (test=0.600) 1.77min
[fit 7/240] END C=0.0625, gamma=4.0, kernel=rbf; total=4147, TP=117, TN=2430, FP=1520, FN=80; precision=0.071, recall=0.594
accuracy: (test=0.614) average_precision: (test=0.078) balanced_accuracy: (test=0.605) f1: (test=0.128) roc_auc: (test=0.631) 1.73min
[fit 8/240] END C=0.0625, gamma=8.0, kernel=rbf; total=4147, TP=117, TN=2636, FP=1314, FN=80; precision=0.082, recall=0.594
accuracy: (test=0.664) average_precision: (test=0.102) balanced_accuracy: (test=0.631) f1: (test=0.144) roc_auc: (test=0.668) 1.62min
Line search fails in two-class probability estimates
[fit 9/240] END C=0.0625, gamma=16.0, kernel=rbf; total=4147, TP=114, TN=2946, FP=1004, FN=83; precision=0.102, recall=0.579
accuracy: (test=0.738) average_precision: (test=0.146) balanced_accuracy: (test=0.662) f1: (test=0.173) roc_auc: (test=0.714) 1.60min
[fit 10/240] END C=0.0625, gamma=32.0, kernel=rbf; total=4147, TP=112, TN=3236, FP=714, FN=85; precision=0.136, recall=0.569
accuracy: (test=0.807) average_precision: (test=0.226) balanced_accuracy: (test=0.694) f1: (test=0.219) roc_auc: (test=0.748) 1.64min
[fit 11/240] END C=0.0625, gamma=64.0, kernel=rbf; total=4147, TP=105, TN=3422, FP=528, FN=92; precision=0.166, recall=0.533
accuracy: (test=0.850) average_precision: (test=0.304) balanced_accuracy: (test=0.700) f1: (test=0.253) roc_auc: (test=0.771) 1.72min
[fit 12/240] END C=0.0625, gamma=128.0, kernel=rbf; total=4147, TP=91, TN=3837, FP=113, FN=106; precision=0.446, recall=0.462
accuracy: (test=0.947) average_precision: (test=0.472) balanced_accuracy: (test=0.717) f1: (test=0.454) roc_auc: (test=0.794) 1.72min
[fit 13/240] END C=0.0625, gamma=256.0, kernel=rbf; total=4147, TP=33, TN=3950, FP=0, FN=164; precision=1.000, recall=0.168
accuracy: (test=0.960) average_precision: (test=0.565) balanced_accuracy: (test=0.584) f1: (test=0.287) roc_auc: (test=0.798) 1.74min
[fit 14/240] END C=0.0625, gamma=512.0, kernel=rbf; total=4147, TP=33, TN=3950, FP=0, FN=164; precision=1.000, recall=0.168
accuracy: (test=0.960) average_precision: (test=0.567) balanced_accuracy: (test=0.584) f1: (test=0.287) roc_auc: (test=0.776) 1.76min
Line search fails in two-class probability estimates
[fit 15/240] END C=0.0625, gamma=1024.0, kernel=rbf; total=4147, TP=28, TN=3950, FP=0, FN=169; precision=1.000, recall=0.142
accuracy: (test=0.959) average_precision: (test=0.537) balanced_accuracy: (test=0.571) f1: (test=0.249) roc_auc: (test=0.749) 1.78min
[fit 16/240] END C=0.0625, gamma=2048.0, kernel=rbf; total=4147, TP=21, TN=3950, FP=0, FN=176; precision=1.000, recall=0.107
accuracy: (test=0.958) average_precision: (test=0.447) balanced_accuracy: (test=0.553) f1: (test=0.193) roc_auc: (test=0.709) 1.74min
[fit 17/240] END C=0.125, gamma=0.0625, kernel=rbf; total=4147, TP=105, TN=2074, FP=1876, FN=92; precision=0.053, recall=0.533
accuracy: (test=0.525) average_precision: (test=0.057) balanced_accuracy: (test=0.529) f1: (test=0.096) roc_auc: (test=0.530) 1.76min
[fit 18/240] END C=0.125, gamma=0.125, kernel=rbf; total=4147, TP=108, TN=2054, FP=1896, FN=89; precision=0.054, recall=0.548
accuracy: (test=0.521) average_precision: (test=0.058) balanced_accuracy: (test=0.534) f1: (test=0.098) roc_auc: (test=0.535) 1.78min
[fit 19/240] END C=0.125, gamma=0.25, kernel=rbf; total=4147, TP=104, TN=2092, FP=1858, FN=93; precision=0.053, recall=0.528
accuracy: (test=0.530) average_precision: (test=0.060) balanced_accuracy: (test=0.529) f1: (test=0.096) roc_auc: (test=0.545) 1.79min
[fit 20/240] END C=0.125, gamma=0.5, kernel=rbf; total=4147, TP=111, TN=2135, FP=1815, FN=86; precision=0.058, recall=0.563
accuracy: (test=0.542) average_precision: (test=0.058) balanced_accuracy: (test=0.552) f1: (test=0.105) roc_auc: (test=0.563) 1.88min
[fit 21/240] END C=0.125, gamma=1.0, kernel=rbf; total=4147, TP=116, TN=2214, FP=1736, FN=81; precision=0.063, recall=0.589
accuracy: (test=0.562) average_precision: (test=0.064) balanced_accuracy: (test=0.575) f1: (test=0.113) roc_auc: (test=0.587) 1.93min
[fit 22/240] END C=0.125, gamma=2.0, kernel=rbf; total=4147, TP=119, TN=2350, FP=1600, FN=78; precision=0.069, recall=0.604
accuracy: (test=0.595) average_precision: (test=0.071) balanced_accuracy: (test=0.599) f1: (test=0.124) roc_auc: (test=0.617) 1.93min
[fit 23/240] END C=0.125, gamma=4.0, kernel=rbf; total=4147, TP=116, TN=2524, FP=1426, FN=81; precision=0.075, recall=0.589
accuracy: (test=0.637) average_precision: (test=0.085) balanced_accuracy: (test=0.614) f1: (test=0.133) roc_auc: (test=0.649) 1.92min
[fit 24/240] END C=0.125, gamma=8.0, kernel=rbf; total=4147, TP=111, TN=2811, FP=1139, FN=86; precision=0.089, recall=0.563
accuracy: (test=0.705) average_precision: (test=0.119) balanced_accuracy: (test=0.638) f1: (test=0.153) roc_auc: (test=0.694) 1.76min
[fit 25/240] END C=0.125, gamma=16.0, kernel=rbf; total=4147, TP=115, TN=3165, FP=785, FN=82; precision=0.128, recall=0.584
accuracy: (test=0.791) average_precision: (test=0.191) balanced_accuracy: (test=0.693) f1: (test=0.210) roc_auc: (test=0.746) 1.64min
[fit 26/240] END C=0.125, gamma=32.0, kernel=rbf; total=4147, TP=114, TN=3446, FP=504, FN=83; precision=0.184, recall=0.579
accuracy: (test=0.858) average_precision: (test=0.334) balanced_accuracy: (test=0.726) f1: (test=0.280) roc_auc: (test=0.786) 1.73min
Line search fails in two-class probability estimates
[fit 27/240] END C=0.125, gamma=64.0, kernel=rbf; total=4147, TP=105, TN=3609, FP=341, FN=92; precision=0.235, recall=0.533
accuracy: (test=0.896) average_precision: (test=0.441) balanced_accuracy: (test=0.723) f1: (test=0.327) roc_auc: (test=0.805) 1.94min
[fit 28/240] END C=0.125, gamma=128.0, kernel=rbf; total=4147, TP=106, TN=3765, FP=185, FN=91; precision=0.364, recall=0.538
accuracy: (test=0.933) average_precision: (test=0.500) balanced_accuracy: (test=0.746) f1: (test=0.434) roc_auc: (test=0.800) 1.94min
[fit 29/240] END C=0.125, gamma=256.0, kernel=rbf; total=4147, TP=84, TN=3936, FP=14, FN=113; precision=0.857, recall=0.426
accuracy: (test=0.969) average_precision: (test=0.565) balanced_accuracy: (test=0.711) f1: (test=0.569) roc_auc: (test=0.798) 1.75min
[fit 30/240] END C=0.125, gamma=512.0, kernel=rbf; total=4147, TP=33, TN=3950, FP=0, FN=164; precision=1.000, recall=0.168
accuracy: (test=0.960) average_precision: (test=0.568) balanced_accuracy: (test=0.584) f1: (test=0.287) roc_auc: (test=0.776) 1.76min
[fit 31/240] END C=0.125, gamma=1024.0, kernel=rbf; total=4147, TP=28, TN=3950, FP=0, FN=169; precision=1.000, recall=0.142
accuracy: (test=0.959) average_precision: (test=0.543) balanced_accuracy: (test=0.571) f1: (test=0.249) roc_auc: (test=0.763) 1.79min
Line search fails in two-class probability estimates
[fit 32/240] END C=0.125, gamma=2048.0, kernel=rbf; total=4147, TP=21, TN=3950, FP=0, FN=176; precision=1.000, recall=0.107
accuracy: (test=0.958) average_precision: (test=0.429) balanced_accuracy: (test=0.553) f1: (test=0.193) roc_auc: (test=0.698) 1.80min
[fit 33/240] END C=0.25, gamma=0.0625, kernel=rbf; total=4147, TP=108, TN=2055, FP=1895, FN=89; precision=0.054, recall=0.548
accuracy: (test=0.522) average_precision: (test=0.058) balanced_accuracy: (test=0.534) f1: (test=0.098) roc_auc: (test=0.532) 1.84min
Line search fails in two-class probability estimates
[fit 34/240] END C=0.25, gamma=0.125, kernel=rbf; total=4147, TP=102, TN=2061, FP=1889, FN=95; precision=0.051, recall=0.518
accuracy: (test=0.522) average_precision: (test=0.059) balanced_accuracy: (test=0.520) f1: (test=0.093) roc_auc: (test=0.540) 1.82min
Line search fails in two-class probability estimates
[fit 35/240] END C=0.25, gamma=0.25, kernel=rbf; total=4147, TP=105, TN=2140, FP=1810, FN=92; precision=0.055, recall=0.533
accuracy: (test=0.541) average_precision: (test=0.058) balanced_accuracy: (test=0.537) f1: (test=0.099) roc_auc: (test=0.554) 1.94min
Line search fails in two-class probability estimates
[fit 36/240] END C=0.25, gamma=0.5, kernel=rbf; total=4147, TP=113, TN=2176, FP=1774, FN=84; precision=0.060, recall=0.574
accuracy: (test=0.552) average_precision: (test=0.060) balanced_accuracy: (test=0.562) f1: (test=0.108) roc_auc: (test=0.574) 2.05min
[fit 37/240] END C=0.25, gamma=1.0, kernel=rbf; total=4147, TP=117, TN=2278, FP=1672, FN=80; precision=0.065, recall=0.594
accuracy: (test=0.578) average_precision: (test=0.067) balanced_accuracy: (test=0.585) f1: (test=0.118) roc_auc: (test=0.601) 2.08min
[fit 38/240] END C=0.25, gamma=2.0, kernel=rbf; total=4147, TP=116, TN=2429, FP=1521, FN=81; precision=0.071, recall=0.589
accuracy: (test=0.614) average_precision: (test=0.076) balanced_accuracy: (test=0.602) f1: (test=0.126) roc_auc: (test=0.633) 2.10min
[fit 39/240] END C=0.25, gamma=4.0, kernel=rbf; total=4147, TP=117, TN=2611, FP=1339, FN=80; precision=0.080, recall=0.594
accuracy: (test=0.658) average_precision: (test=0.097) balanced_accuracy: (test=0.627) f1: (test=0.142) roc_auc: (test=0.667) 2.03min
[fit 40/240] END C=0.25, gamma=8.0, kernel=rbf; total=4147, TP=112, TN=2951, FP=999, FN=85; precision=0.101, recall=0.569
accuracy: (test=0.739) average_precision: (test=0.140) balanced_accuracy: (test=0.658) f1: (test=0.171) roc_auc: (test=0.717) 1.90min
[fit 41/240] END C=0.25, gamma=16.0, kernel=rbf; total=4147, TP=116, TN=3333, FP=617, FN=81; precision=0.158, recall=0.589
accuracy: (test=0.832) average_precision: (test=0.257) balanced_accuracy: (test=0.716) f1: (test=0.249) roc_auc: (test=0.773) 1.86min
Line search fails in two-class probability estimates
[fit 42/240] END C=0.25, gamma=32.0, kernel=rbf; total=4147, TP=111, TN=3607, FP=343, FN=86; precision=0.244, recall=0.563
accuracy: (test=0.897) average_precision: (test=0.422) balanced_accuracy: (test=0.738) f1: (test=0.341) roc_auc: (test=0.807) 2.04min
[fit 43/240] END C=0.25, gamma=64.0, kernel=rbf; total=4147, TP=105, TN=3755, FP=195, FN=92; precision=0.350, recall=0.533
accuracy: (test=0.931) average_precision: (test=0.513) balanced_accuracy: (test=0.742) f1: (test=0.423) roc_auc: (test=0.816) 2.45min
Line search fails in two-class probability estimates
[fit 44/240] END C=0.25, gamma=128.0, kernel=rbf; total=4147, TP=105, TN=3836, FP=114, FN=92; precision=0.479, recall=0.533
accuracy: (test=0.950) average_precision: (test=0.549) balanced_accuracy: (test=0.752) f1: (test=0.505) roc_auc: (test=0.802) 3.10min
[fit 45/240] END C=0.25, gamma=256.0, kernel=rbf; total=4147, TP=99, TN=3905, FP=45, FN=98; precision=0.688, recall=0.503
accuracy: (test=0.966) average_precision: (test=0.565) balanced_accuracy: (test=0.746) f1: (test=0.581) roc_auc: (test=0.794) 3.51min
[fit 46/240] END C=0.25, gamma=512.0, kernel=rbf; total=4147, TP=69, TN=3949, FP=1, FN=128; precision=0.986, recall=0.350
accuracy: (test=0.969) average_precision: (test=0.568) balanced_accuracy: (test=0.675) f1: (test=0.517) roc_auc: (test=0.776) 2.25min
[fit 47/240] END C=0.25, gamma=1024.0, kernel=rbf; total=4147, TP=28, TN=3950, FP=0, FN=169; precision=1.000, recall=0.142
accuracy: (test=0.959) average_precision: (test=0.536) balanced_accuracy: (test=0.571) f1: (test=0.249) roc_auc: (test=0.753) 1.79min
[fit 48/240] END C=0.25, gamma=2048.0, kernel=rbf; total=4147, TP=21, TN=3950, FP=0, FN=176; precision=1.000, recall=0.107
accuracy: (test=0.958) average_precision: (test=0.438) balanced_accuracy: (test=0.553) f1: (test=0.193) roc_auc: (test=0.705) 1.79min
[fit 49/240] END C=0.5, gamma=0.0625, kernel=rbf; total=4147, TP=102, TN=2069, FP=1881, FN=95; precision=0.051, recall=0.518
accuracy: (test=0.524) average_precision: (test=0.059) balanced_accuracy: (test=0.521) f1: (test=0.094) roc_auc: (test=0.538) 1.90min
[fit 50/240] END C=0.5, gamma=0.125, kernel=rbf; total=4147, TP=99, TN=2101, FP=1849, FN=98; precision=0.051, recall=0.503
accuracy: (test=0.531) average_precision: (test=0.060) balanced_accuracy: (test=0.517) f1: (test=0.092) roc_auc: (test=0.547) 2.07min
[fit 51/240] END C=0.5, gamma=0.25, kernel=rbf; total=4147, TP=108, TN=2156, FP=1794, FN=89; precision=0.057, recall=0.548
accuracy: (test=0.546) average_precision: (test=0.059) balanced_accuracy: (test=0.547) f1: (test=0.103) roc_auc: (test=0.563) 2.13min
Line search fails in two-class probability estimates
[fit 52/240] END C=0.5, gamma=0.5, kernel=rbf; total=4147, TP=115, TN=2220, FP=1730, FN=82; precision=0.062, recall=0.584
accuracy: (test=0.563) average_precision: (test=0.063) balanced_accuracy: (test=0.573) f1: (test=0.113) roc_auc: (test=0.585) 2.25min
[fit 53/240] END C=0.5, gamma=1.0, kernel=rbf; total=4147, TP=117, TN=2340, FP=1610, FN=80; precision=0.068, recall=0.594
accuracy: (test=0.592) average_precision: (test=0.070) balanced_accuracy: (test=0.593) f1: (test=0.122) roc_auc: (test=0.617) 2.20min
[fit 54/240] END C=0.5, gamma=2.0, kernel=rbf; total=4147, TP=115, TN=2500, FP=1450, FN=82; precision=0.073, recall=0.584
accuracy: (test=0.631) average_precision: (test=0.080) balanced_accuracy: (test=0.608) f1: (test=0.131) roc_auc: (test=0.646) 2.23min
[fit 55/240] END C=0.5, gamma=4.0, kernel=rbf; total=4147, TP=112, TN=2737, FP=1213, FN=85; precision=0.085, recall=0.569
accuracy: (test=0.687) average_precision: (test=0.107) balanced_accuracy: (test=0.631) f1: (test=0.147) roc_auc: (test=0.683) 2.21min
[fit 56/240] END C=0.5, gamma=8.0, kernel=rbf; total=4147, TP=113, TN=3099, FP=851, FN=84; precision=0.117, recall=0.574
accuracy: (test=0.775) average_precision: (test=0.173) balanced_accuracy: (test=0.679) f1: (test=0.195) roc_auc: (test=0.742) 2.24min
[fit 57/240] END C=0.5, gamma=16.0, kernel=rbf; total=4147, TP=112, TN=3461, FP=489, FN=85; precision=0.186, recall=0.569
accuracy: (test=0.862) average_precision: (test=0.331) balanced_accuracy: (test=0.722) f1: (test=0.281) roc_auc: (test=0.795) 2.26min
[fit 58/240] END C=0.5, gamma=32.0, kernel=rbf; total=4147, TP=108, TN=3714, FP=236, FN=89; precision=0.314, recall=0.548
accuracy: (test=0.922) average_precision: (test=0.476) balanced_accuracy: (test=0.744) f1: (test=0.399) roc_auc: (test=0.816) 2.56min
[fit 59/240] END C=0.5, gamma=64.0, kernel=rbf; total=4147, TP=104, TN=3835, FP=115, FN=93; precision=0.475, recall=0.528
accuracy: (test=0.950) average_precision: (test=0.545) balanced_accuracy: (test=0.749) f1: (test=0.500) roc_auc: (test=0.815) 3.35min
[fit 60/240] END C=0.5, gamma=128.0, kernel=rbf; total=4147, TP=98, TN=3880, FP=70, FN=99; precision=0.583, recall=0.497
accuracy: (test=0.959) average_precision: (test=0.566) balanced_accuracy: (test=0.740) f1: (test=0.537) roc_auc: (test=0.802) 3.97min
[fit 61/240] END C=0.5, gamma=256.0, kernel=rbf; total=4147, TP=90, TN=3925, FP=25, FN=107; precision=0.783, recall=0.457
accuracy: (test=0.968) average_precision: (test=0.573) balanced_accuracy: (test=0.725) f1: (test=0.577) roc_auc: (test=0.795) 4.79min
[fit 62/240] END C=0.5, gamma=512.0, kernel=rbf; total=4147, TP=75, TN=3948, FP=2, FN=122; precision=0.974, recall=0.381
accuracy: (test=0.970) average_precision: (test=0.570) balanced_accuracy: (test=0.690) f1: (test=0.547) roc_auc: (test=0.777) 4.31min
[fit 63/240] END C=0.5, gamma=1024.0, kernel=rbf; total=4147, TP=58, TN=3950, FP=0, FN=139; precision=1.000, recall=0.294
accuracy: (test=0.966) average_precision: (test=0.547) balanced_accuracy: (test=0.647) f1: (test=0.455) roc_auc: (test=0.757) 3.60min
Line search fails in two-class probability estimates
[fit 64/240] END C=0.5, gamma=2048.0, kernel=rbf; total=4147, TP=21, TN=3950, FP=0, FN=176; precision=1.000, recall=0.107
accuracy: (test=0.958) average_precision: (test=0.438) balanced_accuracy: (test=0.553) f1: (test=0.193) roc_auc: (test=0.706) 1.81min
Line search fails in two-class probability estimates
[fit 65/240] END C=1.0, gamma=0.0625, kernel=rbf; total=4147, TP=99, TN=2086, FP=1864, FN=98; precision=0.050, recall=0.503
accuracy: (test=0.527) average_precision: (test=0.060) balanced_accuracy: (test=0.515) f1: (test=0.092) roc_auc: (test=0.543) 2.07min
[fit 66/240] END C=1.0, gamma=0.125, kernel=rbf; total=4147, TP=103, TN=2150, FP=1800, FN=94; precision=0.054, recall=0.523
accuracy: (test=0.543) average_precision: (test=0.058) balanced_accuracy: (test=0.534) f1: (test=0.098) roc_auc: (test=0.554) 2.29min
Line search fails in two-class probability estimates
[fit 67/240] END C=1.0, gamma=0.25, kernel=rbf; total=4147, TP=110, TN=2162, FP=1788, FN=87; precision=0.058, recall=0.558
accuracy: (test=0.548) average_precision: (test=0.060) balanced_accuracy: (test=0.553) f1: (test=0.105) roc_auc: (test=0.572) 2.40min
[fit 68/240] END C=1.0, gamma=0.5, kernel=rbf; total=4147, TP=118, TN=2270, FP=1680, FN=79; precision=0.066, recall=0.599
accuracy: (test=0.576) average_precision: (test=0.066) balanced_accuracy: (test=0.587) f1: (test=0.118) roc_auc: (test=0.598) 2.35min
[fit 69/240] END C=1.0, gamma=1.0, kernel=rbf; total=4147, TP=120, TN=2412, FP=1538, FN=77; precision=0.072, recall=0.609
accuracy: (test=0.611) average_precision: (test=0.074) balanced_accuracy: (test=0.610) f1: (test=0.129) roc_auc: (test=0.630) 2.40min
[fit 70/240] END C=1.0, gamma=2.0, kernel=rbf; total=4147, TP=121, TN=2558, FP=1392, FN=76; precision=0.080, recall=0.614
accuracy: (test=0.646) average_precision: (test=0.087) balanced_accuracy: (test=0.631) f1: (test=0.142) roc_auc: (test=0.657) 2.44min
[fit 71/240] END C=1.0, gamma=4.0, kernel=rbf; total=4147, TP=112, TN=2835, FP=1115, FN=85; precision=0.091, recall=0.569
accuracy: (test=0.711) average_precision: (test=0.122) balanced_accuracy: (test=0.643) f1: (test=0.157) roc_auc: (test=0.702) 2.48min
[fit 72/240] END C=1.0, gamma=8.0, kernel=rbf; total=4147, TP=119, TN=3232, FP=718, FN=78; precision=0.142, recall=0.604
accuracy: (test=0.808) average_precision: (test=0.213) balanced_accuracy: (test=0.711) f1: (test=0.230) roc_auc: (test=0.764) 2.80min
[fit 73/240] END C=1.0, gamma=16.0, kernel=rbf; total=4147, TP=114, TN=3564, FP=386, FN=83; precision=0.228, recall=0.579
accuracy: (test=0.887) average_precision: (test=0.390) balanced_accuracy: (test=0.740) f1: (test=0.327) roc_auc: (test=0.810) 3.11min
[fit 74/240] END C=1.0, gamma=32.0, kernel=rbf; total=4147, TP=105, TN=3775, FP=175, FN=92; precision=0.375, recall=0.533
accuracy: (test=0.936) average_precision: (test=0.506) balanced_accuracy: (test=0.744) f1: (test=0.440) roc_auc: (test=0.818) 3.55min
[fit 75/240] END C=1.0, gamma=64.0, kernel=rbf; total=4147, TP=102, TN=3861, FP=89, FN=95; precision=0.534, recall=0.518
accuracy: (test=0.956) average_precision: (test=0.560) balanced_accuracy: (test=0.748) f1: (test=0.526) roc_auc: (test=0.814) 4.04min
[fit 76/240] END C=1.0, gamma=128.0, kernel=rbf; total=4147, TP=97, TN=3897, FP=53, FN=100; precision=0.647, recall=0.492
accuracy: (test=0.963) average_precision: (test=0.567) balanced_accuracy: (test=0.739) f1: (test=0.559) roc_auc: (test=0.799) 4.99min
Line search fails in two-class probability estimates
[fit 77/240] END C=1.0, gamma=256.0, kernel=rbf; total=4147, TP=90, TN=3931, FP=19, FN=107; precision=0.826, recall=0.457
accuracy: (test=0.970) average_precision: (test=0.573) balanced_accuracy: (test=0.726) f1: (test=0.588) roc_auc: (test=0.795) 5.64min
[fit 78/240] END C=1.0, gamma=512.0, kernel=rbf; total=4147, TP=65, TN=3950, FP=0, FN=132; precision=1.000, recall=0.330
accuracy: (test=0.968) average_precision: (test=0.570) balanced_accuracy: (test=0.665) f1: (test=0.496) roc_auc: (test=0.775) 6.28min
[fit 79/240] END C=1.0, gamma=1024.0, kernel=rbf; total=4147, TP=48, TN=3950, FP=0, FN=149; precision=1.000, recall=0.244
accuracy: (test=0.964) average_precision: (test=0.544) balanced_accuracy: (test=0.622) f1: (test=0.392) roc_auc: (test=0.759) 5.62min
[fit 80/240] END C=1.0, gamma=2048.0, kernel=rbf; total=4147, TP=34, TN=3950, FP=0, FN=163; precision=1.000, recall=0.173
accuracy: (test=0.961) average_precision: (test=0.457) balanced_accuracy: (test=0.586) f1: (test=0.294) roc_auc: (test=0.716) 4.87min
[fit 81/240] END C=2.0, gamma=0.0625, kernel=rbf; total=4147, TP=102, TN=2120, FP=1830, FN=95; precision=0.053, recall=0.518
accuracy: (test=0.536) average_precision: (test=0.057) balanced_accuracy: (test=0.527) f1: (test=0.096) roc_auc: (test=0.548) 2.38min
Line search fails in two-class probability estimates
[fit 82/240] END C=2.0, gamma=0.125, kernel=rbf; total=4147, TP=105, TN=2142, FP=1808, FN=92; precision=0.055, recall=0.533
accuracy: (test=0.542) average_precision: (test=0.059) balanced_accuracy: (test=0.538) f1: (test=0.100) roc_auc: (test=0.563) 2.46min
[fit 83/240] END C=2.0, gamma=0.25, kernel=rbf; total=4147, TP=117, TN=2190, FP=1760, FN=80; precision=0.062, recall=0.594
accuracy: (test=0.556) average_precision: (test=0.062) balanced_accuracy: (test=0.574) f1: (test=0.113) roc_auc: (test=0.583) 2.47min
[fit 84/240] END C=2.0, gamma=0.5, kernel=rbf; total=4147, TP=116, TN=2326, FP=1624, FN=81; precision=0.067, recall=0.589
accuracy: (test=0.589) average_precision: (test=0.069) balanced_accuracy: (test=0.589) f1: (test=0.120) roc_auc: (test=0.612) 2.51min
[fit 85/240] END C=2.0, gamma=1.0, kernel=rbf; total=4147, TP=120, TN=2457, FP=1493, FN=77; precision=0.074, recall=0.609
accuracy: (test=0.621) average_precision: (test=0.076) balanced_accuracy: (test=0.616) f1: (test=0.133) roc_auc: (test=0.641) 2.54min
Line search fails in two-class probability estimates
[fit 86/240] END C=2.0, gamma=2.0, kernel=rbf; total=4147, TP=116, TN=2647, FP=1303, FN=81; precision=0.082, recall=0.589
accuracy: (test=0.666) average_precision: (test=0.093) balanced_accuracy: (test=0.629) f1: (test=0.144) roc_auc: (test=0.668) 2.55min
[fit 87/240] END C=2.0, gamma=4.0, kernel=rbf; total=4147, TP=113, TN=2969, FP=981, FN=84; precision=0.103, recall=0.574
accuracy: (test=0.743) average_precision: (test=0.133) balanced_accuracy: (test=0.663) f1: (test=0.175) roc_auc: (test=0.722) 2.89min
[fit 88/240] END C=2.0, gamma=8.0, kernel=rbf; total=4147, TP=115, TN=3348, FP=602, FN=82; precision=0.160, recall=0.584
accuracy: (test=0.835) average_precision: (test=0.264) balanced_accuracy: (test=0.716) f1: (test=0.252) roc_auc: (test=0.784) 3.68min
[fit 89/240] END C=2.0, gamma=16.0, kernel=rbf; total=4147, TP=108, TN=3645, FP=305, FN=89; precision=0.262, recall=0.548
accuracy: (test=0.905) average_precision: (test=0.425) balanced_accuracy: (test=0.736) f1: (test=0.354) roc_auc: (test=0.814) 4.66min
Line search fails in two-class probability estimates
[fit 90/240] END C=2.0, gamma=32.0, kernel=rbf; total=4147, TP=106, TN=3807, FP=143, FN=91; precision=0.426, recall=0.538
accuracy: (test=0.944) average_precision: (test=0.522) balanced_accuracy: (test=0.751) f1: (test=0.475) roc_auc: (test=0.812) 4.82min
[fit 91/240] END C=2.0, gamma=64.0, kernel=rbf; total=4147, TP=101, TN=3878, FP=72, FN=96; precision=0.584, recall=0.513
accuracy: (test=0.959) average_precision: (test=0.560) balanced_accuracy: (test=0.747) f1: (test=0.546) roc_auc: (test=0.811) 4.56min
[fit 92/240] END C=2.0, gamma=128.0, kernel=rbf; total=4147, TP=97, TN=3899, FP=51, FN=100; precision=0.655, recall=0.492
accuracy: (test=0.964) average_precision: (test=0.567) balanced_accuracy: (test=0.740) f1: (test=0.562) roc_auc: (test=0.799) 5.28min
Line search fails in two-class probability estimates
[fit 93/240] END C=2.0, gamma=256.0, kernel=rbf; total=4147, TP=89, TN=3932, FP=18, FN=108; precision=0.832, recall=0.452
accuracy: (test=0.970) average_precision: (test=0.573) balanced_accuracy: (test=0.724) f1: (test=0.586) roc_auc: (test=0.795) 6.01min
[fit 94/240] END C=2.0, gamma=512.0, kernel=rbf; total=4147, TP=64, TN=3950, FP=0, FN=133; precision=1.000, recall=0.325
accuracy: (test=0.968) average_precision: (test=0.569) balanced_accuracy: (test=0.662) f1: (test=0.490) roc_auc: (test=0.775) 6.30min
[fit 95/240] END C=2.0, gamma=1024.0, kernel=rbf; total=4147, TP=47, TN=3950, FP=0, FN=150; precision=1.000, recall=0.239
accuracy: (test=0.964) average_precision: (test=0.544) balanced_accuracy: (test=0.619) f1: (test=0.385) roc_auc: (test=0.755) 5.68min
[fit 96/240] END C=2.0, gamma=2048.0, kernel=rbf; total=4147, TP=34, TN=3950, FP=0, FN=163; precision=1.000, recall=0.173
accuracy: (test=0.961) average_precision: (test=0.461) balanced_accuracy: (test=0.586) f1: (test=0.294) roc_auc: (test=0.716) 5.36min
Line search fails in two-class probability estimates
[fit 97/240] END C=4.0, gamma=0.0625, kernel=rbf; total=4147, TP=103, TN=2139, FP=1811, FN=94; precision=0.054, recall=0.523
accuracy: (test=0.541) average_precision: (test=0.058) balanced_accuracy: (test=0.532) f1: (test=0.098) roc_auc: (test=0.555) 2.65min
[fit 98/240] END C=4.0, gamma=0.125, kernel=rbf; total=4147, TP=109, TN=2159, FP=1791, FN=88; precision=0.057, recall=0.553
accuracy: (test=0.547) average_precision: (test=0.060) balanced_accuracy: (test=0.550) f1: (test=0.104) roc_auc: (test=0.571) 2.69min
[fit 99/240] END C=4.0, gamma=0.25, kernel=rbf; total=4147, TP=116, TN=2262, FP=1688, FN=81; precision=0.064, recall=0.589
accuracy: (test=0.573) average_precision: (test=0.065) balanced_accuracy: (test=0.581) f1: (test=0.116) roc_auc: (test=0.595) 2.62min
[fit 100/240] END C=4.0, gamma=0.5, kernel=rbf; total=4147, TP=124, TN=2372, FP=1578, FN=73; precision=0.073, recall=0.629
accuracy: (test=0.602) average_precision: (test=0.072) balanced_accuracy: (test=0.615) f1: (test=0.131) roc_auc: (test=0.625) 2.75min
[fit 101/240] END C=4.0, gamma=1.0, kernel=rbf; total=4147, TP=119, TN=2516, FP=1434, FN=78; precision=0.077, recall=0.604
accuracy: (test=0.635) average_precision: (test=0.081) balanced_accuracy: (test=0.621) f1: (test=0.136) roc_auc: (test=0.650) 2.86min
[fit 102/240] END C=4.0, gamma=2.0, kernel=rbf; total=4147, TP=114, TN=2738, FP=1212, FN=83; precision=0.086, recall=0.579
accuracy: (test=0.688) average_precision: (test=0.101) balanced_accuracy: (test=0.636) f1: (test=0.150) roc_auc: (test=0.683) 3.05min
Line search fails in two-class probability estimates
[fit 103/240] END C=4.0, gamma=4.0, kernel=rbf; total=4147, TP=114, TN=3095, FP=855, FN=83; precision=0.118, recall=0.579
accuracy: (test=0.774) average_precision: (test=0.156) balanced_accuracy: (test=0.681) f1: (test=0.196) roc_auc: (test=0.743) 4.01min
Line search fails in two-class probability estimates
[fit 104/240] END C=4.0, gamma=8.0, kernel=rbf; total=4147, TP=111, TN=3431, FP=519, FN=86; precision=0.176, recall=0.563
accuracy: (test=0.854) average_precision: (test=0.323) balanced_accuracy: (test=0.716) f1: (test=0.268) roc_auc: (test=0.800) 5.34min
[fit 105/240] END C=4.0, gamma=16.0, kernel=rbf; total=4147, TP=105, TN=3704, FP=246, FN=92; precision=0.299, recall=0.533
accuracy: (test=0.918) average_precision: (test=0.455) balanced_accuracy: (test=0.735) f1: (test=0.383) roc_auc: (test=0.812) 6.64min
[fit 106/240] END C=4.0, gamma=32.0, kernel=rbf; total=4147, TP=101, TN=3819, FP=131, FN=96; precision=0.435, recall=0.513
accuracy: (test=0.945) average_precision: (test=0.521) balanced_accuracy: (test=0.740) f1: (test=0.471) roc_auc: (test=0.809) 5.66min
[fit 107/240] END C=4.0, gamma=64.0, kernel=rbf; total=4147, TP=101, TN=3873, FP=77, FN=96; precision=0.567, recall=0.513
accuracy: (test=0.958) average_precision: (test=0.560) balanced_accuracy: (test=0.747) f1: (test=0.539) roc_auc: (test=0.811) 4.51min
[fit 108/240] END C=4.0, gamma=128.0, kernel=rbf; total=4147, TP=97, TN=3899, FP=51, FN=100; precision=0.655, recall=0.492
accuracy: (test=0.964) average_precision: (test=0.567) balanced_accuracy: (test=0.740) f1: (test=0.562) roc_auc: (test=0.799) 5.31min
[fit 109/240] END C=4.0, gamma=256.0, kernel=rbf; total=4147, TP=89, TN=3932, FP=18, FN=108; precision=0.832, recall=0.452
accuracy: (test=0.970) average_precision: (test=0.573) balanced_accuracy: (test=0.724) f1: (test=0.586) roc_auc: (test=0.795) 6.32min
[fit 110/240] END C=4.0, gamma=512.0, kernel=rbf; total=4147, TP=64, TN=3950, FP=0, FN=133; precision=1.000, recall=0.325
accuracy: (test=0.968) average_precision: (test=0.569) balanced_accuracy: (test=0.662) f1: (test=0.490) roc_auc: (test=0.775) 6.63min
[fit 111/240] END C=4.0, gamma=1024.0, kernel=rbf; total=4147, TP=47, TN=3950, FP=0, FN=150; precision=1.000, recall=0.239
accuracy: (test=0.964) average_precision: (test=0.544) balanced_accuracy: (test=0.619) f1: (test=0.385) roc_auc: (test=0.755) 5.96min
[fit 112/240] END C=4.0, gamma=2048.0, kernel=rbf; total=4147, TP=34, TN=3950, FP=0, FN=163; precision=1.000, recall=0.173
accuracy: (test=0.961) average_precision: (test=0.461) balanced_accuracy: (test=0.586) f1: (test=0.294) roc_auc: (test=0.716) 5.44min
Line search fails in two-class probability estimates
[fit 113/240] END C=8.0, gamma=0.0625, kernel=rbf; total=4147, TP=106, TN=2158, FP=1792, FN=91; precision=0.056, recall=0.538
accuracy: (test=0.546) average_precision: (test=0.059) balanced_accuracy: (test=0.542) f1: (test=0.101) roc_auc: (test=0.562) 2.68min
[fit 114/240] END C=8.0, gamma=0.125, kernel=rbf; total=4147, TP=116, TN=2180, FP=1770, FN=81; precision=0.062, recall=0.589
accuracy: (test=0.554) average_precision: (test=0.062) balanced_accuracy: (test=0.570) f1: (test=0.111) roc_auc: (test=0.581) 2.60min
[fit 115/240] END C=8.0, gamma=0.25, kernel=rbf; total=4147, TP=118, TN=2319, FP=1631, FN=79; precision=0.067, recall=0.599
accuracy: (test=0.588) average_precision: (test=0.068) balanced_accuracy: (test=0.593) f1: (test=0.121) roc_auc: (test=0.607) 2.71min
[fit 116/240] END C=8.0, gamma=0.5, kernel=rbf; total=4147, TP=122, TN=2436, FP=1514, FN=75; precision=0.075, recall=0.619
accuracy: (test=0.617) average_precision: (test=0.075) balanced_accuracy: (test=0.618) f1: (test=0.133) roc_auc: (test=0.636) 2.84min
[fit 117/240] END C=8.0, gamma=1.0, kernel=rbf; total=4147, TP=117, TN=2566, FP=1384, FN=80; precision=0.078, recall=0.594
accuracy: (test=0.647) average_precision: (test=0.085) balanced_accuracy: (test=0.622) f1: (test=0.138) roc_auc: (test=0.659) 3.07min
[fit 118/240] END C=8.0, gamma=2.0, kernel=rbf; total=4147, TP=117, TN=2821, FP=1129, FN=80; precision=0.094, recall=0.594
accuracy: (test=0.708) average_precision: (test=0.112) balanced_accuracy: (test=0.654) f1: (test=0.162) roc_auc: (test=0.702) 3.59min
[fit 119/240] END C=8.0, gamma=4.0, kernel=rbf; total=4147, TP=116, TN=3209, FP=741, FN=81; precision=0.135, recall=0.589
accuracy: (test=0.802) average_precision: (test=0.183) balanced_accuracy: (test=0.701) f1: (test=0.220) roc_auc: (test=0.764) 5.50min
[fit 120/240] END C=8.0, gamma=8.0, kernel=rbf; total=4147, TP=116, TN=3505, FP=445, FN=81; precision=0.207, recall=0.589
accuracy: (test=0.873) average_precision: (test=0.366) balanced_accuracy: (test=0.738) f1: (test=0.306) roc_auc: (test=0.808) 7.97min
Line search fails in two-class probability estimates
[fit 121/240] END C=8.0, gamma=16.0, kernel=rbf; total=4147, TP=103, TN=3741, FP=209, FN=94; precision=0.330, recall=0.523
accuracy: (test=0.927) average_precision: (test=0.469) balanced_accuracy: (test=0.735) f1: (test=0.405) roc_auc: (test=0.805) 9.77min
[fit 122/240] END C=8.0, gamma=32.0, kernel=rbf; total=4147, TP=100, TN=3829, FP=121, FN=97; precision=0.452, recall=0.508
accuracy: (test=0.947) average_precision: (test=0.517) balanced_accuracy: (test=0.738) f1: (test=0.478) roc_auc: (test=0.808) 6.81min
[fit 123/240] END C=8.0, gamma=64.0, kernel=rbf; total=4147, TP=101, TN=3874, FP=76, FN=96; precision=0.571, recall=0.513
accuracy: (test=0.959) average_precision: (test=0.560) balanced_accuracy: (test=0.747) f1: (test=0.540) roc_auc: (test=0.811) 4.72min
[fit 124/240] END C=8.0, gamma=128.0, kernel=rbf; total=4147, TP=97, TN=3899, FP=51, FN=100; precision=0.655, recall=0.492
accuracy: (test=0.964) average_precision: (test=0.567) balanced_accuracy: (test=0.740) f1: (test=0.562) roc_auc: (test=0.799) 5.45min
[fit 125/240] END C=8.0, gamma=256.0, kernel=rbf; total=4147, TP=89, TN=3932, FP=18, FN=108; precision=0.832, recall=0.452
accuracy: (test=0.970) average_precision: (test=0.573) balanced_accuracy: (test=0.724) f1: (test=0.586) roc_auc: (test=0.795) 6.30min
[fit 126/240] END C=8.0, gamma=512.0, kernel=rbf; total=4147, TP=64, TN=3950, FP=0, FN=133; precision=1.000, recall=0.325
accuracy: (test=0.968) average_precision: (test=0.569) balanced_accuracy: (test=0.662) f1: (test=0.490) roc_auc: (test=0.775) 6.67min
[fit 127/240] END C=8.0, gamma=1024.0, kernel=rbf; total=4147, TP=47, TN=3950, FP=0, FN=150; precision=1.000, recall=0.239
accuracy: (test=0.964) average_precision: (test=0.544) balanced_accuracy: (test=0.619) f1: (test=0.385) roc_auc: (test=0.755) 5.97min
[fit 128/240] END C=8.0, gamma=2048.0, kernel=rbf; total=4147, TP=34, TN=3950, FP=0, FN=163; precision=1.000, recall=0.173
accuracy: (test=0.961) average_precision: (test=0.461) balanced_accuracy: (test=0.586) f1: (test=0.294) roc_auc: (test=0.716) 5.43min
[fit 129/240] END C=16.0, gamma=0.0625, kernel=rbf; total=4147, TP=109, TN=2161, FP=1789, FN=88; precision=0.057, recall=0.553
accuracy: (test=0.547) average_precision: (test=0.061) balanced_accuracy: (test=0.550) f1: (test=0.104) roc_auc: (test=0.571) 2.69min
[fit 130/240] END C=16.0, gamma=0.125, kernel=rbf; total=4147, TP=115, TN=2242, FP=1708, FN=82; precision=0.063, recall=0.584
accuracy: (test=0.568) average_precision: (test=0.065) balanced_accuracy: (test=0.576) f1: (test=0.114) roc_auc: (test=0.592) 2.70min
[fit 131/240] END C=16.0, gamma=0.25, kernel=rbf; total=4147, TP=121, TN=2361, FP=1589, FN=76; precision=0.071, recall=0.614
accuracy: (test=0.599) average_precision: (test=0.072) balanced_accuracy: (test=0.606) f1: (test=0.127) roc_auc: (test=0.619) 2.87min
Line search fails in two-class probability estimates
[fit 132/240] END C=16.0, gamma=0.5, kernel=rbf; total=4147, TP=121, TN=2477, FP=1473, FN=76; precision=0.076, recall=0.614
accuracy: (test=0.626) average_precision: (test=0.078) balanced_accuracy: (test=0.621) f1: (test=0.135) roc_auc: (test=0.644) 3.08min
[fit 133/240] END C=16.0, gamma=1.0, kernel=rbf; total=4147, TP=117, TN=2659, FP=1291, FN=80; precision=0.083, recall=0.594
accuracy: (test=0.669) average_precision: (test=0.091) balanced_accuracy: (test=0.634) f1: (test=0.146) roc_auc: (test=0.669) 3.56min
[fit 134/240] END C=16.0, gamma=2.0, kernel=rbf; total=4147, TP=115, TN=2943, FP=1007, FN=82; precision=0.102, recall=0.584
accuracy: (test=0.737) average_precision: (test=0.124) balanced_accuracy: (test=0.664) f1: (test=0.174) roc_auc: (test=0.718) 4.73min
[fit 135/240] END C=16.0, gamma=4.0, kernel=rbf; total=4147, TP=116, TN=3299, FP=651, FN=81; precision=0.151, recall=0.589
accuracy: (test=0.823) average_precision: (test=0.222) balanced_accuracy: (test=0.712) f1: (test=0.241) roc_auc: (test=0.778) 8.22min
[fit 136/240] END C=16.0, gamma=8.0, kernel=rbf; total=4147, TP=110, TN=3580, FP=370, FN=87; precision=0.229, recall=0.558
accuracy: (test=0.890) average_precision: (test=0.392) balanced_accuracy: (test=0.732) f1: (test=0.325) roc_auc: (test=0.808) 11.29min
[fit 137/240] END C=16.0, gamma=16.0, kernel=rbf; total=4147, TP=101, TN=3750, FP=200, FN=96; precision=0.336, recall=0.513
accuracy: (test=0.929) average_precision: (test=0.467) balanced_accuracy: (test=0.731) f1: (test=0.406) roc_auc: (test=0.802) 6.24min
[fit 138/240] END C=16.0, gamma=32.0, kernel=rbf; total=4147, TP=100, TN=3829, FP=121, FN=97; precision=0.452, recall=0.508
accuracy: (test=0.947) average_precision: (test=0.513) balanced_accuracy: (test=0.738) f1: (test=0.478) roc_auc: (test=0.808) 3.34min
[fit 139/240] END C=16.0, gamma=64.0, kernel=rbf; total=4147, TP=101, TN=3874, FP=76, FN=96; precision=0.571, recall=0.513
accuracy: (test=0.959) average_precision: (test=0.560) balanced_accuracy: (test=0.747) f1: (test=0.540) roc_auc: (test=0.812) 2.27min
[fit 140/240] END C=16.0, gamma=128.0, kernel=rbf; total=4147, TP=97, TN=3899, FP=51, FN=100; precision=0.655, recall=0.492
accuracy: (test=0.964) average_precision: (test=0.567) balanced_accuracy: (test=0.740) f1: (test=0.562) roc_auc: (test=0.799) 2.60min
[fit 141/240] END C=16.0, gamma=256.0, kernel=rbf; total=4147, TP=89, TN=3932, FP=18, FN=108; precision=0.832, recall=0.452
accuracy: (test=0.970) average_precision: (test=0.573) balanced_accuracy: (test=0.724) f1: (test=0.586) roc_auc: (test=0.795) 3.01min
[fit 142/240] END C=16.0, gamma=512.0, kernel=rbf; total=4147, TP=64, TN=3950, FP=0, FN=133; precision=1.000, recall=0.325
accuracy: (test=0.968) average_precision: (test=0.569) balanced_accuracy: (test=0.662) f1: (test=0.490) roc_auc: (test=0.775) 3.20min
[fit 143/240] END C=16.0, gamma=1024.0, kernel=rbf; total=4147, TP=47, TN=3950, FP=0, FN=150; precision=1.000, recall=0.239
accuracy: (test=0.964) average_precision: (test=0.544) balanced_accuracy: (test=0.619) f1: (test=0.385) roc_auc: (test=0.755) 2.86min
[fit 144/240] END C=16.0, gamma=2048.0, kernel=rbf; total=4147, TP=34, TN=3950, FP=0, FN=163; precision=1.000, recall=0.173
accuracy: (test=0.961) average_precision: (test=0.461) balanced_accuracy: (test=0.586) f1: (test=0.294) roc_auc: (test=0.716) 2.60min
[fit 145/240] END C=32.0, gamma=0.0625, kernel=rbf; total=4147, TP=113, TN=2176, FP=1774, FN=84; precision=0.060, recall=0.574
accuracy: (test=0.552) average_precision: (test=0.062) balanced_accuracy: (test=0.562) f1: (test=0.108) roc_auc: (test=0.580) 1.37min
[fit 146/240] END C=32.0, gamma=0.125, kernel=rbf; total=4147, TP=118, TN=2292, FP=1658, FN=79; precision=0.066, recall=0.599
accuracy: (test=0.581) average_precision: (test=0.067) balanced_accuracy: (test=0.590) f1: (test=0.120) roc_auc: (test=0.603) 1.43min
[fit 147/240] END C=32.0, gamma=0.25, kernel=rbf; total=4147, TP=122, TN=2395, FP=1555, FN=75; precision=0.073, recall=0.619
accuracy: (test=0.607) average_precision: (test=0.075) balanced_accuracy: (test=0.613) f1: (test=0.130) roc_auc: (test=0.631) 1.55min
[fit 148/240] END C=32.0, gamma=0.5, kernel=rbf; total=4147, TP=116, TN=2516, FP=1434, FN=81; precision=0.075, recall=0.589
accuracy: (test=0.635) average_precision: (test=0.082) balanced_accuracy: (test=0.613) f1: (test=0.133) roc_auc: (test=0.651) 1.77min
[fit 149/240] END C=32.0, gamma=1.0, kernel=rbf; total=4147, TP=116, TN=2705, FP=1245, FN=81; precision=0.085, recall=0.589
accuracy: (test=0.680) average_precision: (test=0.097) balanced_accuracy: (test=0.637) f1: (test=0.149) roc_auc: (test=0.683) 2.20min
[fit 150/240] END C=32.0, gamma=2.0, kernel=rbf; total=4147, TP=119, TN=3046, FP=904, FN=78; precision=0.116, recall=0.604
accuracy: (test=0.763) average_precision: (test=0.139) balanced_accuracy: (test=0.688) f1: (test=0.195) roc_auc: (test=0.737) 3.73min
[fit 151/240] END C=32.0, gamma=4.0, kernel=rbf; total=4147, TP=118, TN=3355, FP=595, FN=79; precision=0.165, recall=0.599
accuracy: (test=0.837) average_precision: (test=0.256) balanced_accuracy: (test=0.724) f1: (test=0.259) roc_auc: (test=0.789) 6.52min
[fit 152/240] END C=32.0, gamma=8.0, kernel=rbf; total=4147, TP=105, TN=3633, FP=317, FN=92; precision=0.249, recall=0.533
accuracy: (test=0.901) average_precision: (test=0.403) balanced_accuracy: (test=0.726) f1: (test=0.339) roc_auc: (test=0.801) 9.41min
Line search fails in two-class probability estimates
[fit 153/240] END C=32.0, gamma=16.0, kernel=rbf; total=4147, TP=102, TN=3755, FP=195, FN=95; precision=0.343, recall=0.518
accuracy: (test=0.930) average_precision: (test=0.447) balanced_accuracy: (test=0.734) f1: (test=0.413) roc_auc: (test=0.799) 7.56min
[fit 154/240] END C=32.0, gamma=32.0, kernel=rbf; total=4147, TP=99, TN=3830, FP=120, FN=98; precision=0.452, recall=0.503
accuracy: (test=0.947) average_precision: (test=0.512) balanced_accuracy: (test=0.736) f1: (test=0.476) roc_auc: (test=0.808) 3.33min
[fit 155/240] END C=32.0, gamma=64.0, kernel=rbf; total=4147, TP=101, TN=3874, FP=76, FN=96; precision=0.571, recall=0.513
accuracy: (test=0.959) average_precision: (test=0.560) balanced_accuracy: (test=0.747) f1: (test=0.540) roc_auc: (test=0.812) 2.27min
[fit 156/240] END C=32.0, gamma=128.0, kernel=rbf; total=4147, TP=97, TN=3899, FP=51, FN=100; precision=0.655, recall=0.492
accuracy: (test=0.964) average_precision: (test=0.567) balanced_accuracy: (test=0.740) f1: (test=0.562) roc_auc: (test=0.799) 2.60min
[fit 157/240] END C=32.0, gamma=256.0, kernel=rbf; total=4147, TP=89, TN=3932, FP=18, FN=108; precision=0.832, recall=0.452
accuracy: (test=0.970) average_precision: (test=0.573) balanced_accuracy: (test=0.724) f1: (test=0.586) roc_auc: (test=0.795) 3.01min
[fit 158/240] END C=32.0, gamma=512.0, kernel=rbf; total=4147, TP=64, TN=3950, FP=0, FN=133; precision=1.000, recall=0.325
accuracy: (test=0.968) average_precision: (test=0.569) balanced_accuracy: (test=0.662) f1: (test=0.490) roc_auc: (test=0.775) 3.19min
[fit 159/240] END C=32.0, gamma=1024.0, kernel=rbf; total=4147, TP=47, TN=3950, FP=0, FN=150; precision=1.000, recall=0.239
accuracy: (test=0.964) average_precision: (test=0.544) balanced_accuracy: (test=0.619) f1: (test=0.385) roc_auc: (test=0.755) 2.86min
[fit 160/240] END C=32.0, gamma=2048.0, kernel=rbf; total=4147, TP=34, TN=3950, FP=0, FN=163; precision=1.000, recall=0.173
accuracy: (test=0.961) average_precision: (test=0.461) balanced_accuracy: (test=0.586) f1: (test=0.294) roc_auc: (test=0.716) 2.60min
[fit 161/240] END C=64.0, gamma=0.0625, kernel=rbf; total=4147, TP=114, TN=2235, FP=1715, FN=83; precision=0.062, recall=0.579
accuracy: (test=0.566) average_precision: (test=0.064) balanced_accuracy: (test=0.572) f1: (test=0.113) roc_auc: (test=0.590) 1.44min
[fit 162/240] END C=64.0, gamma=0.125, kernel=rbf; total=4147, TP=120, TN=2342, FP=1608, FN=77; precision=0.069, recall=0.609
accuracy: (test=0.594) average_precision: (test=0.071) balanced_accuracy: (test=0.601) f1: (test=0.125) roc_auc: (test=0.614) 1.54min
[fit 163/240] END C=64.0, gamma=0.25, kernel=rbf; total=4147, TP=121, TN=2438, FP=1512, FN=76; precision=0.074, recall=0.614
accuracy: (test=0.617) average_precision: (test=0.078) balanced_accuracy: (test=0.616) f1: (test=0.132) roc_auc: (test=0.639) 1.76min
[fit 164/240] END C=64.0, gamma=0.5, kernel=rbf; total=4147, TP=116, TN=2571, FP=1379, FN=81; precision=0.078, recall=0.589
accuracy: (test=0.648) average_precision: (test=0.085) balanced_accuracy: (test=0.620) f1: (test=0.137) roc_auc: (test=0.659) 2.14min
[fit 165/240] END C=64.0, gamma=1.0, kernel=rbf; total=4147, TP=117, TN=2795, FP=1155, FN=80; precision=0.092, recall=0.594
accuracy: (test=0.702) average_precision: (test=0.106) balanced_accuracy: (test=0.651) f1: (test=0.159) roc_auc: (test=0.697) 3.02min
[fit 166/240] END C=64.0, gamma=2.0, kernel=rbf; total=4147, TP=120, TN=3131, FP=819, FN=77; precision=0.128, recall=0.609
accuracy: (test=0.784) average_precision: (test=0.157) balanced_accuracy: (test=0.701) f1: (test=0.211) roc_auc: (test=0.755) 6.03min
[fit 167/240] END C=64.0, gamma=4.0, kernel=rbf; total=4147, TP=111, TN=3425, FP=525, FN=86; precision=0.175, recall=0.563
accuracy: (test=0.853) average_precision: (test=0.275) balanced_accuracy: (test=0.715) f1: (test=0.267) roc_auc: (test=0.794) 10.62min
Line search fails in two-class probability estimates
[fit 168/240] END C=64.0, gamma=8.0, kernel=rbf; total=4147, TP=104, TN=3680, FP=270, FN=93; precision=0.278, recall=0.528
accuracy: (test=0.912) average_precision: (test=0.403) balanced_accuracy: (test=0.730) f1: (test=0.364) roc_auc: (test=0.797) 14.02min
[fit 169/240] END C=64.0, gamma=16.0, kernel=rbf; total=4147, TP=99, TN=3754, FP=196, FN=98; precision=0.336, recall=0.503
accuracy: (test=0.929) average_precision: (test=0.431) balanced_accuracy: (test=0.726) f1: (test=0.402) roc_auc: (test=0.800) 8.36min
[fit 170/240] END C=64.0, gamma=32.0, kernel=rbf; total=4147, TP=99, TN=3830, FP=120, FN=98; precision=0.452, recall=0.503
accuracy: (test=0.947) average_precision: (test=0.512) balanced_accuracy: (test=0.736) f1: (test=0.476) roc_auc: (test=0.808) 3.37min
[fit 171/240] END C=64.0, gamma=64.0, kernel=rbf; total=4147, TP=101, TN=3874, FP=76, FN=96; precision=0.571, recall=0.513
accuracy: (test=0.959) average_precision: (test=0.560) balanced_accuracy: (test=0.747) f1: (test=0.540) roc_auc: (test=0.812) 2.26min
[fit 172/240] END C=64.0, gamma=128.0, kernel=rbf; total=4147, TP=97, TN=3899, FP=51, FN=100; precision=0.655, recall=0.492
accuracy: (test=0.964) average_precision: (test=0.567) balanced_accuracy: (test=0.740) f1: (test=0.562) roc_auc: (test=0.799) 2.60min
[fit 173/240] END C=64.0, gamma=256.0, kernel=rbf; total=4147, TP=89, TN=3932, FP=18, FN=108; precision=0.832, recall=0.452
accuracy: (test=0.970) average_precision: (test=0.573) balanced_accuracy: (test=0.724) f1: (test=0.586) roc_auc: (test=0.795) 3.01min
[fit 174/240] END C=64.0, gamma=512.0, kernel=rbf; total=4147, TP=64, TN=3950, FP=0, FN=133; precision=1.000, recall=0.325
accuracy: (test=0.968) average_precision: (test=0.569) balanced_accuracy: (test=0.662) f1: (test=0.490) roc_auc: (test=0.775) 3.19min
[fit 175/240] END C=64.0, gamma=1024.0, kernel=rbf; total=4147, TP=47, TN=3950, FP=0, FN=150; precision=1.000, recall=0.239
accuracy: (test=0.964) average_precision: (test=0.544) balanced_accuracy: (test=0.619) f1: (test=0.385) roc_auc: (test=0.755) 2.85min
[fit 176/240] END C=64.0, gamma=2048.0, kernel=rbf; total=4147, TP=34, TN=3950, FP=0, FN=163; precision=1.000, recall=0.173
accuracy: (test=0.961) average_precision: (test=0.461) balanced_accuracy: (test=0.586) f1: (test=0.294) roc_auc: (test=0.716) 2.60min
[fit 177/240] END C=128.0, gamma=0.0625, kernel=rbf; total=4147, TP=116, TN=2271, FP=1679, FN=81; precision=0.065, recall=0.589
accuracy: (test=0.576) average_precision: (test=0.067) balanced_accuracy: (test=0.582) f1: (test=0.116) roc_auc: (test=0.600) 1.56min
[fit 178/240] END C=128.0, gamma=0.125, kernel=rbf; total=4147, TP=119, TN=2365, FP=1585, FN=78; precision=0.070, recall=0.604
accuracy: (test=0.599) average_precision: (test=0.074) balanced_accuracy: (test=0.601) f1: (test=0.125) roc_auc: (test=0.625) 1.75min
[fit 179/240] END C=128.0, gamma=0.25, kernel=rbf; total=4147, TP=117, TN=2470, FP=1480, FN=80; precision=0.073, recall=0.594
accuracy: (test=0.624) average_precision: (test=0.080) balanced_accuracy: (test=0.610) f1: (test=0.130) roc_auc: (test=0.647) 2.13min
[fit 180/240] END C=128.0, gamma=0.5, kernel=rbf; total=4147, TP=117, TN=2635, FP=1315, FN=80; precision=0.082, recall=0.594
accuracy: (test=0.664) average_precision: (test=0.089) balanced_accuracy: (test=0.630) f1: (test=0.144) roc_auc: (test=0.667) 2.86min
[fit 181/240] END C=128.0, gamma=1.0, kernel=rbf; total=4147, TP=117, TN=2884, FP=1066, FN=80; precision=0.099, recall=0.594
accuracy: (test=0.724) average_precision: (test=0.114) balanced_accuracy: (test=0.662) f1: (test=0.170) roc_auc: (test=0.710) 4.64min
Line search fails in two-class probability estimates
[fit 182/240] END C=128.0, gamma=2.0, kernel=rbf; total=4147, TP=122, TN=3209, FP=741, FN=75; precision=0.141, recall=0.619
accuracy: (test=0.803) average_precision: (test=0.176) balanced_accuracy: (test=0.716) f1: (test=0.230) roc_auc: (test=0.768) 10.54min
[fit 183/240] END C=128.0, gamma=4.0, kernel=rbf; total=4147, TP=108, TN=3499, FP=451, FN=89; precision=0.193, recall=0.548
accuracy: (test=0.870) average_precision: (test=0.293) balanced_accuracy: (test=0.717) f1: (test=0.286) roc_auc: (test=0.795) 23.55min
Line search fails in two-class probability estimates
[fit 184/240] END C=128.0, gamma=8.0, kernel=rbf; total=4147, TP=104, TN=3682, FP=268, FN=93; precision=0.280, recall=0.528
accuracy: (test=0.913) average_precision: (test=0.394) balanced_accuracy: (test=0.730) f1: (test=0.366) roc_auc: (test=0.793) 20.42min
[fit 185/240] END C=128.0, gamma=16.0, kernel=rbf; total=4147, TP=100, TN=3751, FP=199, FN=97; precision=0.334, recall=0.508
accuracy: (test=0.929) average_precision: (test=0.422) balanced_accuracy: (test=0.729) f1: (test=0.403) roc_auc: (test=0.799) 8.75min
[fit 186/240] END C=128.0, gamma=32.0, kernel=rbf; total=4147, TP=99, TN=3830, FP=120, FN=98; precision=0.452, recall=0.503
accuracy: (test=0.947) average_precision: (test=0.512) balanced_accuracy: (test=0.736) f1: (test=0.476) roc_auc: (test=0.808) 3.37min
[fit 187/240] END C=128.0, gamma=64.0, kernel=rbf; total=4147, TP=101, TN=3874, FP=76, FN=96; precision=0.571, recall=0.513
accuracy: (test=0.959) average_precision: (test=0.560) balanced_accuracy: (test=0.747) f1: (test=0.540) roc_auc: (test=0.812) 2.26min
[fit 188/240] END C=128.0, gamma=128.0, kernel=rbf; total=4147, TP=97, TN=3899, FP=51, FN=100; precision=0.655, recall=0.492
accuracy: (test=0.964) average_precision: (test=0.567) balanced_accuracy: (test=0.740) f1: (test=0.562) roc_auc: (test=0.799) 2.59min
[fit 189/240] END C=128.0, gamma=256.0, kernel=rbf; total=4147, TP=89, TN=3932, FP=18, FN=108; precision=0.832, recall=0.452
accuracy: (test=0.970) average_precision: (test=0.573) balanced_accuracy: (test=0.724) f1: (test=0.586) roc_auc: (test=0.795) 3.00min
[fit 190/240] END C=128.0, gamma=512.0, kernel=rbf; total=4147, TP=64, TN=3950, FP=0, FN=133; precision=1.000, recall=0.325
accuracy: (test=0.968) average_precision: (test=0.569) balanced_accuracy: (test=0.662) f1: (test=0.490) roc_auc: (test=0.775) 3.18min
[fit 191/240] END C=128.0, gamma=1024.0, kernel=rbf; total=4147, TP=47, TN=3950, FP=0, FN=150; precision=1.000, recall=0.239
accuracy: (test=0.964) average_precision: (test=0.544) balanced_accuracy: (test=0.619) f1: (test=0.385) roc_auc: (test=0.755) 2.85min
[fit 192/240] END C=128.0, gamma=2048.0, kernel=rbf; total=4147, TP=34, TN=3950, FP=0, FN=163; precision=1.000, recall=0.173
accuracy: (test=0.961) average_precision: (test=0.461) balanced_accuracy: (test=0.586) f1: (test=0.294) roc_auc: (test=0.716) 2.60min
[fit 193/240] END C=256.0, gamma=0.0625, kernel=rbf; total=4147, TP=121, TN=2309, FP=1641, FN=76; precision=0.069, recall=0.614
accuracy: (test=0.586) average_precision: (test=0.069) balanced_accuracy: (test=0.599) f1: (test=0.124) roc_auc: (test=0.611) 1.76min
Line search fails in two-class probability estimates
[fit 194/240] END C=256.0, gamma=0.125, kernel=rbf; total=4147, TP=122, TN=2400, FP=1550, FN=75; precision=0.073, recall=0.619
accuracy: (test=0.608) average_precision: (test=0.078) balanced_accuracy: (test=0.613) f1: (test=0.131) roc_auc: (test=0.635) 2.13min
Line search fails in two-class probability estimates
[fit 195/240] END C=256.0, gamma=0.25, kernel=rbf; total=4147, TP=113, TN=2516, FP=1434, FN=84; precision=0.073, recall=0.574
accuracy: (test=0.634) average_precision: (test=0.082) balanced_accuracy: (test=0.605) f1: (test=0.130) roc_auc: (test=0.653) 2.76min
[fit 196/240] END C=256.0, gamma=0.5, kernel=rbf; total=4147, TP=116, TN=2694, FP=1256, FN=81; precision=0.085, recall=0.589
accuracy: (test=0.678) average_precision: (test=0.094) balanced_accuracy: (test=0.635) f1: (test=0.148) roc_auc: (test=0.679) 4.18min
[fit 197/240] END C=256.0, gamma=1.0, kernel=rbf; total=4147, TP=118, TN=2987, FP=963, FN=79; precision=0.109, recall=0.599
accuracy: (test=0.749) average_precision: (test=0.125) balanced_accuracy: (test=0.678) f1: (test=0.185) roc_auc: (test=0.724) 11.07min
[fit 198/240] END C=256.0, gamma=2.0, kernel=rbf; total=4147, TP=121, TN=3238, FP=712, FN=76; precision=0.145, recall=0.614
accuracy: (test=0.810) average_precision: (test=0.186) balanced_accuracy: (test=0.717) f1: (test=0.235) roc_auc: (test=0.771) 58.97min
[fit 199/240] END C=256.0, gamma=4.0, kernel=rbf; total=4147, TP=111, TN=3482, FP=468, FN=86; precision=0.192, recall=0.563
accuracy: (test=0.866) average_precision: (test=0.269) balanced_accuracy: (test=0.722) f1: (test=0.286) roc_auc: (test=0.791) 30.87min
Line search fails in two-class probability estimates
[fit 200/240] END C=256.0, gamma=8.0, kernel=rbf; total=4147, TP=101, TN=3679, FP=271, FN=96; precision=0.272, recall=0.513
accuracy: (test=0.912) average_precision: (test=0.379) balanced_accuracy: (test=0.722) f1: (test=0.355) roc_auc: (test=0.787) 50.91min
Line search fails in two-class probability estimates
[fit 201/240] END C=256.0, gamma=16.0, kernel=rbf; total=4147, TP=100, TN=3752, FP=198, FN=97; precision=0.336, recall=0.508
accuracy: (test=0.929) average_precision: (test=0.423) balanced_accuracy: (test=0.729) f1: (test=0.404) roc_auc: (test=0.799) 8.70min
[fit 202/240] END C=256.0, gamma=32.0, kernel=rbf; total=4147, TP=99, TN=3830, FP=120, FN=98; precision=0.452, recall=0.503
accuracy: (test=0.947) average_precision: (test=0.512) balanced_accuracy: (test=0.736) f1: (test=0.476) roc_auc: (test=0.808) 3.38min
[fit 203/240] END C=256.0, gamma=64.0, kernel=rbf; total=4147, TP=101, TN=3874, FP=76, FN=96; precision=0.571, recall=0.513
accuracy: (test=0.959) average_precision: (test=0.560) balanced_accuracy: (test=0.747) f1: (test=0.540) roc_auc: (test=0.812) 2.27min
[fit 204/240] END C=256.0, gamma=128.0, kernel=rbf; total=4147, TP=97, TN=3899, FP=51, FN=100; precision=0.655, recall=0.492
accuracy: (test=0.964) average_precision: (test=0.567) balanced_accuracy: (test=0.740) f1: (test=0.562) roc_auc: (test=0.799) 2.60min
[fit 205/240] END C=256.0, gamma=256.0, kernel=rbf; total=4147, TP=89, TN=3932, FP=18, FN=108; precision=0.832, recall=0.452
accuracy: (test=0.970) average_precision: (test=0.573) balanced_accuracy: (test=0.724) f1: (test=0.586) roc_auc: (test=0.795) 3.02min
[fit 206/240] END C=256.0, gamma=512.0, kernel=rbf; total=4147, TP=64, TN=3950, FP=0, FN=133; precision=1.000, recall=0.325
accuracy: (test=0.968) average_precision: (test=0.569) balanced_accuracy: (test=0.662) f1: (test=0.490) roc_auc: (test=0.775) 3.20min
[fit 207/240] END C=256.0, gamma=1024.0, kernel=rbf; total=4147, TP=47, TN=3950, FP=0, FN=150; precision=1.000, recall=0.239
accuracy: (test=0.964) average_precision: (test=0.544) balanced_accuracy: (test=0.619) f1: (test=0.385) roc_auc: (test=0.755) 2.87min
[fit 208/240] END C=256.0, gamma=2048.0, kernel=rbf; total=4147, TP=34, TN=3950, FP=0, FN=163; precision=1.000, recall=0.173
accuracy: (test=0.961) average_precision: (test=0.461) balanced_accuracy: (test=0.586) f1: (test=0.294) roc_auc: (test=0.716) 2.60min
[fit 209/240] END C=512.0, gamma=0.0625, kernel=rbf; total=4147, TP=120, TN=2347, FP=1603, FN=77; precision=0.070, recall=0.609
accuracy: (test=0.595) average_precision: (test=0.073) balanced_accuracy: (test=0.602) f1: (test=0.125) roc_auc: (test=0.620) 2.13min
[fit 210/240] END C=512.0, gamma=0.125, kernel=rbf; total=4147, TP=119, TN=2454, FP=1496, FN=78; precision=0.074, recall=0.604
accuracy: (test=0.620) average_precision: (test=0.080) balanced_accuracy: (test=0.613) f1: (test=0.131) roc_auc: (test=0.642) 2.76min
[fit 211/240] END C=512.0, gamma=0.25, kernel=rbf; total=4147, TP=116, TN=2592, FP=1358, FN=81; precision=0.079, recall=0.589
accuracy: (test=0.653) average_precision: (test=0.085) balanced_accuracy: (test=0.623) f1: (test=0.139) roc_auc: (test=0.660) 4.09min
[fit 212/240] END C=512.0, gamma=0.5, kernel=rbf; total=4147, TP=117, TN=2770, FP=1180, FN=80; precision=0.090, recall=0.594
accuracy: (test=0.696) average_precision: (test=0.100) balanced_accuracy: (test=0.648) f1: (test=0.157) roc_auc: (test=0.691) 9.52min
[fit 213/240] END C=512.0, gamma=1.0, kernel=rbf; total=4147, TP=105, TN=2884, FP=1066, FN=92; precision=0.090, recall=0.533
accuracy: (test=0.721) average_precision: (test=0.117) balanced_accuracy: (test=0.632) f1: (test=0.154) roc_auc: (test=0.708) 29.38min
[fit 214/240] END C=512.0, gamma=2.0, kernel=rbf; total=4147, TP=116, TN=3046, FP=904, FN=81; precision=0.114, recall=0.589
accuracy: (test=0.762) average_precision: (test=0.159) balanced_accuracy: (test=0.680) f1: (test=0.191) roc_auc: (test=0.749) 20.48min
[fit 215/240] END C=512.0, gamma=4.0, kernel=rbf; total=4147, TP=112, TN=3383, FP=567, FN=85; precision=0.165, recall=0.569
accuracy: (test=0.843) average_precision: (test=0.245) balanced_accuracy: (test=0.712) f1: (test=0.256) roc_auc: (test=0.786) 30.53min
[fit 216/240] END C=512.0, gamma=8.0, kernel=rbf; total=4147, TP=103, TN=3640, FP=310, FN=94; precision=0.249, recall=0.523
accuracy: (test=0.903) average_precision: (test=0.338) balanced_accuracy: (test=0.722) f1: (test=0.338) roc_auc: (test=0.788) 2h 12m 37s
Line search fails in two-class probability estimates
[fit 217/240] END C=512.0, gamma=16.0, kernel=rbf; total=4147, TP=100, TN=3752, FP=198, FN=97; precision=0.336, recall=0.508
accuracy: (test=0.929) average_precision: (test=0.423) balanced_accuracy: (test=0.729) f1: (test=0.404) roc_auc: (test=0.799) 8.74min
[fit 218/240] END C=512.0, gamma=32.0, kernel=rbf; total=4147, TP=99, TN=3830, FP=120, FN=98; precision=0.452, recall=0.503
accuracy: (test=0.947) average_precision: (test=0.512) balanced_accuracy: (test=0.736) f1: (test=0.476) roc_auc: (test=0.808) 3.39min
[fit 219/240] END C=512.0, gamma=64.0, kernel=rbf; total=4147, TP=101, TN=3874, FP=76, FN=96; precision=0.571, recall=0.513
accuracy: (test=0.959) average_precision: (test=0.560) balanced_accuracy: (test=0.747) f1: (test=0.540) roc_auc: (test=0.812) 2.27min
[fit 220/240] END C=512.0, gamma=128.0, kernel=rbf; total=4147, TP=97, TN=3899, FP=51, FN=100; precision=0.655, recall=0.492
accuracy: (test=0.964) average_precision: (test=0.567) balanced_accuracy: (test=0.740) f1: (test=0.562) roc_auc: (test=0.799) 2.61min
[fit 221/240] END C=512.0, gamma=256.0, kernel=rbf; total=4147, TP=89, TN=3932, FP=18, FN=108; precision=0.832, recall=0.452
accuracy: (test=0.970) average_precision: (test=0.573) balanced_accuracy: (test=0.724) f1: (test=0.586) roc_auc: (test=0.795) 3.02min
[fit 222/240] END C=512.0, gamma=512.0, kernel=rbf; total=4147, TP=64, TN=3950, FP=0, FN=133; precision=1.000, recall=0.325
accuracy: (test=0.968) average_precision: (test=0.569) balanced_accuracy: (test=0.662) f1: (test=0.490) roc_auc: (test=0.775) 3.20min
[fit 223/240] END C=512.0, gamma=1024.0, kernel=rbf; total=4147, TP=47, TN=3950, FP=0, FN=150; precision=1.000, recall=0.239
accuracy: (test=0.964) average_precision: (test=0.544) balanced_accuracy: (test=0.619) f1: (test=0.385) roc_auc: (test=0.755) 2.87min
[fit 224/240] END C=512.0, gamma=2048.0, kernel=rbf; total=4147, TP=34, TN=3950, FP=0, FN=163; precision=1.000, recall=0.173
accuracy: (test=0.961) average_precision: (test=0.461) balanced_accuracy: (test=0.586) f1: (test=0.294) roc_auc: (test=0.716) 2.61min
[fit 225/240] END C=1024.0, gamma=0.0625, kernel=rbf; total=4147, TP=121, TN=2386, FP=1564, FN=76; precision=0.072, recall=0.614
accuracy: (test=0.605) average_precision: (test=0.077) balanced_accuracy: (test=0.609) f1: (test=0.129) roc_auc: (test=0.630) 2.81min
Line search fails in two-class probability estimates
[fit 226/240] END C=1024.0, gamma=0.125, kernel=rbf; total=4147, TP=119, TN=2484, FP=1466, FN=78; precision=0.075, recall=0.604
accuracy: (test=0.628) average_precision: (test=0.081) balanced_accuracy: (test=0.616) f1: (test=0.134) roc_auc: (test=0.650) 4.00min
[fit 227/240] END C=1024.0, gamma=0.25, kernel=rbf; total=4147, TP=116, TN=2625, FP=1325, FN=81; precision=0.080, recall=0.589
accuracy: (test=0.661) average_precision: (test=0.089) balanced_accuracy: (test=0.627) f1: (test=0.142) roc_auc: (test=0.667) 9.04min
[fit 228/240] END C=1024.0, gamma=0.5, kernel=rbf; total=4147, TP=106, TN=2618, FP=1332, FN=91; precision=0.074, recall=0.538
accuracy: (test=0.657) average_precision: (test=0.089) balanced_accuracy: (test=0.600) f1: (test=0.130) roc_auc: (test=0.665) 17.12min
[fit 229/240] END C=1024.0, gamma=1.0, kernel=rbf; total=4147, TP=108, TN=2697, FP=1253, FN=89; precision=0.079, recall=0.548
accuracy: (test=0.676) average_precision: (test=0.104) balanced_accuracy: (test=0.616) f1: (test=0.139) roc_auc: (test=0.688) 14.37min
[fit 230/240] END C=1024.0, gamma=2.0, kernel=rbf; total=4147, TP=117, TN=2961, FP=989, FN=80; precision=0.106, recall=0.594
accuracy: (test=0.742) average_precision: (test=0.144) balanced_accuracy: (test=0.672) f1: (test=0.180) roc_auc: (test=0.738) 21.39min
[fit 231/240] END C=1024.0, gamma=4.0, kernel=rbf; total=4147, TP=112, TN=3313, FP=637, FN=85; precision=0.150, recall=0.569
accuracy: (test=0.826) average_precision: (test=0.219) balanced_accuracy: (test=0.704) f1: (test=0.237) roc_auc: (test=0.780) 36.81min
[fit 232/240] END C=1024.0, gamma=8.0, kernel=rbf; total=4147, TP=100, TN=3621, FP=329, FN=97; precision=0.233, recall=0.508
accuracy: (test=0.897) average_precision: (test=0.325) balanced_accuracy: (test=0.712) f1: (test=0.319) roc_auc: (test=0.785) 1h 23m 6s
Line search fails in two-class probability estimates
[fit 233/240] END C=1024.0, gamma=16.0, kernel=rbf; total=4147, TP=100, TN=3752, FP=198, FN=97; precision=0.336, recall=0.508
accuracy: (test=0.929) average_precision: (test=0.423) balanced_accuracy: (test=0.729) f1: (test=0.404) roc_auc: (test=0.799) 8.75min
[fit 234/240] END C=1024.0, gamma=32.0, kernel=rbf; total=4147, TP=99, TN=3830, FP=120, FN=98; precision=0.452, recall=0.503
accuracy: (test=0.947) average_precision: (test=0.512) balanced_accuracy: (test=0.736) f1: (test=0.476) roc_auc: (test=0.808) 3.39min
[fit 235/240] END C=1024.0, gamma=64.0, kernel=rbf; total=4147, TP=101, TN=3874, FP=76, FN=96; precision=0.571, recall=0.513
accuracy: (test=0.959) average_precision: (test=0.560) balanced_accuracy: (test=0.747) f1: (test=0.540) roc_auc: (test=0.812) 2.28min
[fit 236/240] END C=1024.0, gamma=128.0, kernel=rbf; total=4147, TP=97, TN=3899, FP=51, FN=100; precision=0.655, recall=0.492
accuracy: (test=0.964) average_precision: (test=0.567) balanced_accuracy: (test=0.740) f1: (test=0.562) roc_auc: (test=0.799) 2.62min
[fit 237/240] END C=1024.0, gamma=256.0, kernel=rbf; total=4147, TP=89, TN=3932, FP=18, FN=108; precision=0.832, recall=0.452
accuracy: (test=0.970) average_precision: (test=0.573) balanced_accuracy: (test=0.724) f1: (test=0.586) roc_auc: (test=0.795) 3.03min
[fit 238/240] END C=1024.0, gamma=512.0, kernel=rbf; total=4147, TP=64, TN=3950, FP=0, FN=133; precision=1.000, recall=0.325
accuracy: (test=0.968) average_precision: (test=0.569) balanced_accuracy: (test=0.662) f1: (test=0.490) roc_auc: (test=0.775) 3.21min
[fit 239/240] END C=1024.0, gamma=1024.0, kernel=rbf; total=4147, TP=47, TN=3950, FP=0, FN=150; precision=1.000, recall=0.239
accuracy: (test=0.964) average_precision: (test=0.544) balanced_accuracy: (test=0.619) f1: (test=0.385) roc_auc: (test=0.755) 2.88min
[fit 240/240] END C=1024.0, gamma=2048.0, kernel=rbf; total=4147, TP=34, TN=3950, FP=0, FN=163; precision=1.000, recall=0.173
accuracy: (test=0.961) average_precision: (test=0.461) balanced_accuracy: (test=0.586) f1: (test=0.294) roc_auc: (test=0.716) 2.62min
write rank test to csv!!!
write over!!!
clf.best_estimator_params: {'C': 1.0, 'gamma': 32.0, 'kernel': 'rbf'}
best params found in line [75] for metric [roc_auc] in rank file
best params found in fit [74] for metric [roc_auc] in run_and_score file
clf.best_scoring_result: [Total: (test=4147) TP: (test=105.000) TN: (test=3775.000) FP: (test=175.000) FN: (test=92.000) precision: (test=0.375) recall: (test=0.533) accuracy: (test=0.936) average_precision: (test=0.506) balanced_accuracy: (test=0.744) f1: (test=0.440) roc_auc: (test=0.818) ]
total time spending: 22h 47m 27s
