nohup: ignoring input
experiment: HeLa-S3 cksnap_deepforest
trainSet len: 62640
testSet len: 3654
Fitting, totalling 210 fits
[fit 1/210] END max_layers=20, n_estimators=2, n_trees=50; total=3654, TP=102, TN=3469, FP=11, FN=72; precision=0.903, recall=0.586
accuracy: (test=0.977) average_precision: (test=0.747) balanced_accuracy: (test=0.792) f1: (test=0.711) roc_auc: (test=0.926) 42.76s
[fit 4/210] END max_layers=20, n_estimators=2, n_trees=200; total=3654, TP=96, TN=3471, FP=9, FN=78; precision=0.914, recall=0.552
accuracy: (test=0.976) average_precision: (test=0.764) balanced_accuracy: (test=0.775) f1: (test=0.688) roc_auc: (test=0.932) 2.05min
[fit 7/210] END max_layers=20, n_estimators=2, n_trees=400; total=3654, TP=91, TN=3474, FP=6, FN=83; precision=0.938, recall=0.523
accuracy: (test=0.976) average_precision: (test=0.735) balanced_accuracy: (test=0.761) f1: (test=0.672) roc_auc: (test=0.906) 4.51min
[fit 11/210] END max_layers=20, n_estimators=5, n_trees=200; total=3654, TP=96, TN=3471, FP=9, FN=78; precision=0.914, recall=0.552
accuracy: (test=0.976) average_precision: (test=0.756) balanced_accuracy: (test=0.775) f1: (test=0.688) roc_auc: (test=0.924) 4.57min
[fit 14/210] END max_layers=20, n_estimators=5, n_trees=400; total=3654, TP=96, TN=3471, FP=9, FN=78; precision=0.914, recall=0.552
accuracy: (test=0.976) average_precision: (test=0.759) balanced_accuracy: (test=0.775) f1: (test=0.688) roc_auc: (test=0.926) 8.61min
[fit 18/210] END max_layers=20, n_estimators=8, n_trees=200; total=3654, TP=96, TN=3470, FP=10, FN=78; precision=0.906, recall=0.552
accuracy: (test=0.976) average_precision: (test=0.750) balanced_accuracy: (test=0.774) f1: (test=0.686) roc_auc: (test=0.911) 7.16min
[fit 21/210] END max_layers=20, n_estimators=8, n_trees=400; total=3654, TP=96, TN=3471, FP=9, FN=78; precision=0.914, recall=0.552
accuracy: (test=0.976) average_precision: (test=0.753) balanced_accuracy: (test=0.775) f1: (test=0.688) roc_auc: (test=0.915) 13.68min
[fit 25/210] END max_layers=20, n_estimators=10, n_trees=200; total=3654, TP=89, TN=3473, FP=7, FN=85; precision=0.927, recall=0.511
accuracy: (test=0.975) average_precision: (test=0.696) balanced_accuracy: (test=0.755) f1: (test=0.659) roc_auc: (test=0.867) 10.74min
[fit 28/210] END max_layers=20, n_estimators=10, n_trees=400; total=3654, TP=98, TN=3470, FP=10, FN=76; precision=0.907, recall=0.563
accuracy: (test=0.976) average_precision: (test=0.752) balanced_accuracy: (test=0.780) f1: (test=0.695) roc_auc: (test=0.915) 17.08min
[fit 33/210] END max_layers=20, n_estimators=13, n_trees=250; total=3654, TP=85, TN=3475, FP=5, FN=89; precision=0.944, recall=0.489
accuracy: (test=0.974) average_precision: (test=0.696) balanced_accuracy: (test=0.744) f1: (test=0.644) roc_auc: (test=0.868) 16.37min
[fit 36/210] END max_layers=50, n_estimators=2, n_trees=50; total=3654, TP=102, TN=3469, FP=11, FN=72; precision=0.903, recall=0.586
accuracy: (test=0.977) average_precision: (test=0.747) balanced_accuracy: (test=0.792) f1: (test=0.711) roc_auc: (test=0.926) 42.49s
[fit 37/210] END max_layers=50, n_estimators=2, n_trees=100; total=3654, TP=94, TN=3470, FP=10, FN=80; precision=0.904, recall=0.540
accuracy: (test=0.975) average_precision: (test=0.713) balanced_accuracy: (test=0.769) f1: (test=0.676) roc_auc: (test=0.890) 1.37min
[fit 38/210] END max_layers=50, n_estimators=2, n_trees=150; total=3654, TP=93, TN=3471, FP=9, FN=81; precision=0.912, recall=0.534
accuracy: (test=0.975) average_precision: (test=0.737) balanced_accuracy: (test=0.766) f1: (test=0.674) roc_auc: (test=0.912) 1.97min
[fit 39/210] END max_layers=50, n_estimators=2, n_trees=200; total=3654, TP=96, TN=3471, FP=9, FN=78; precision=0.914, recall=0.552
accuracy: (test=0.976) average_precision: (test=0.764) balanced_accuracy: (test=0.775) f1: (test=0.688) roc_auc: (test=0.932) 2.12min
[fit 41/210] END max_layers=50, n_estimators=2, n_trees=300; total=3654, TP=96, TN=3472, FP=8, FN=78; precision=0.923, recall=0.552
accuracy: (test=0.976) average_precision: (test=0.764) balanced_accuracy: (test=0.775) f1: (test=0.691) roc_auc: (test=0.933) 3.14min
[fit 43/210] END max_layers=50, n_estimators=5, n_trees=50; total=3654, TP=97, TN=3470, FP=10, FN=77; precision=0.907, recall=0.557
accuracy: (test=0.976) average_precision: (test=0.679) balanced_accuracy: (test=0.777) f1: (test=0.690) roc_auc: (test=0.852) 1.96min
[fit 44/210] END max_layers=50, n_estimators=5, n_trees=100; total=3654, TP=92, TN=3472, FP=8, FN=82; precision=0.920, recall=0.529
accuracy: (test=0.975) average_precision: (test=0.701) balanced_accuracy: (test=0.763) f1: (test=0.672) roc_auc: (test=0.870) 3.22min
[fit 46/210] END max_layers=50, n_estimators=5, n_trees=200; total=3654, TP=96, TN=3471, FP=9, FN=78; precision=0.914, recall=0.552
accuracy: (test=0.976) average_precision: (test=0.756) balanced_accuracy: (test=0.775) f1: (test=0.688) roc_auc: (test=0.924) 4.77min
[fit 48/210] END max_layers=50, n_estimators=5, n_trees=300; total=3654, TP=97, TN=3471, FP=9, FN=77; precision=0.915, recall=0.557
accuracy: (test=0.976) average_precision: (test=0.758) balanced_accuracy: (test=0.777) f1: (test=0.693) roc_auc: (test=0.921) 6.81min
[fit 51/210] END max_layers=50, n_estimators=8, n_trees=100; total=3654, TP=93, TN=3473, FP=7, FN=81; precision=0.930, recall=0.534
accuracy: (test=0.976) average_precision: (test=0.702) balanced_accuracy: (test=0.766) f1: (test=0.679) roc_auc: (test=0.870) 4.69min
[fit 54/210] END max_layers=50, n_estimators=8, n_trees=250; total=3654, TP=98, TN=3471, FP=9, FN=76; precision=0.916, recall=0.563
accuracy: (test=0.977) average_precision: (test=0.750) balanced_accuracy: (test=0.780) f1: (test=0.698) roc_auc: (test=0.913) 8.81min
[fit 57/210] END max_layers=50, n_estimators=10, n_trees=50; total=3654, TP=96, TN=3467, FP=13, FN=78; precision=0.881, recall=0.552
accuracy: (test=0.975) average_precision: (test=0.672) balanced_accuracy: (test=0.774) f1: (test=0.678) roc_auc: (test=0.853) 4.15min
[fit 58/210] END max_layers=50, n_estimators=10, n_trees=100; total=3654, TP=92, TN=3473, FP=7, FN=82; precision=0.929, recall=0.529
accuracy: (test=0.976) average_precision: (test=0.700) balanced_accuracy: (test=0.763) f1: (test=0.674) roc_auc: (test=0.871) 6.15min
[fit 61/210] END max_layers=50, n_estimators=10, n_trees=250; total=3654, TP=88, TN=3476, FP=4, FN=86; precision=0.957, recall=0.506
accuracy: (test=0.975) average_precision: (test=0.716) balanced_accuracy: (test=0.752) f1: (test=0.662) roc_auc: (test=0.878) 12.93min
[fit 64/210] END max_layers=50, n_estimators=13, n_trees=50; total=3654, TP=94, TN=3471, FP=9, FN=80; precision=0.913, recall=0.540
accuracy: (test=0.976) average_precision: (test=0.640) balanced_accuracy: (test=0.769) f1: (test=0.679) roc_auc: (test=0.828) 6.04min
[fit 66/210] END max_layers=50, n_estimators=13, n_trees=150; total=3654, TP=90, TN=3472, FP=8, FN=84; precision=0.918, recall=0.517
accuracy: (test=0.975) average_precision: (test=0.697) balanced_accuracy: (test=0.757) f1: (test=0.662) roc_auc: (test=0.863) 11.10min
[fit 69/210] END max_layers=50, n_estimators=13, n_trees=300; total=3654, TP=87, TN=3473, FP=7, FN=87; precision=0.926, recall=0.500
accuracy: (test=0.974) average_precision: (test=0.702) balanced_accuracy: (test=0.749) f1: (test=0.649) roc_auc: (test=0.869) 19.82min
[fit 76/210] END max_layers=80, n_estimators=2, n_trees=300; total=3654, TP=96, TN=3472, FP=8, FN=78; precision=0.923, recall=0.552
accuracy: (test=0.976) average_precision: (test=0.764) balanced_accuracy: (test=0.775) f1: (test=0.691) roc_auc: (test=0.933) 3.05min
[fit 78/210] END max_layers=80, n_estimators=5, n_trees=50; total=3654, TP=97, TN=3470, FP=10, FN=77; precision=0.907, recall=0.557
accuracy: (test=0.976) average_precision: (test=0.679) balanced_accuracy: (test=0.777) f1: (test=0.690) roc_auc: (test=0.852) 2.11min
[fit 79/210] END max_layers=80, n_estimators=5, n_trees=100; total=3654, TP=92, TN=3472, FP=8, FN=82; precision=0.920, recall=0.529
accuracy: (test=0.975) average_precision: (test=0.701) balanced_accuracy: (test=0.763) f1: (test=0.672) roc_auc: (test=0.870) 3.18min
[fit 81/210] END max_layers=80, n_estimators=5, n_trees=200; total=3654, TP=96, TN=3471, FP=9, FN=78; precision=0.914, recall=0.552
accuracy: (test=0.976) average_precision: (test=0.756) balanced_accuracy: (test=0.775) f1: (test=0.688) roc_auc: (test=0.924) 4.71min
[fit 2/210] END max_layers=20, n_estimators=2, n_trees=100; total=3654, TP=94, TN=3470, FP=10, FN=80; precision=0.904, recall=0.540
accuracy: (test=0.975) average_precision: (test=0.713) balanced_accuracy: (test=0.769) f1: (test=0.676) roc_auc: (test=0.890) 1.32min
[fit 5/210] END max_layers=20, n_estimators=2, n_trees=250; total=3654, TP=94, TN=3473, FP=7, FN=80; precision=0.931, recall=0.540
accuracy: (test=0.976) average_precision: (test=0.737) balanced_accuracy: (test=0.769) f1: (test=0.684) roc_auc: (test=0.918) 3.00min
[fit 8/210] END max_layers=20, n_estimators=5, n_trees=50; total=3654, TP=97, TN=3470, FP=10, FN=77; precision=0.907, recall=0.557
accuracy: (test=0.976) average_precision: (test=0.679) balanced_accuracy: (test=0.777) f1: (test=0.690) roc_auc: (test=0.852) 1.99min
[fit 10/210] END max_layers=20, n_estimators=5, n_trees=150; total=3654, TP=92, TN=3474, FP=6, FN=82; precision=0.939, recall=0.529
accuracy: (test=0.976) average_precision: (test=0.716) balanced_accuracy: (test=0.764) f1: (test=0.676) roc_auc: (test=0.881) 4.24min
[fit 13/210] END max_layers=20, n_estimators=5, n_trees=300; total=3654, TP=97, TN=3471, FP=9, FN=77; precision=0.915, recall=0.557
accuracy: (test=0.976) average_precision: (test=0.758) balanced_accuracy: (test=0.777) f1: (test=0.693) roc_auc: (test=0.921) 6.85min
[fit 17/210] END max_layers=20, n_estimators=8, n_trees=150; total=3654, TP=90, TN=3474, FP=6, FN=84; precision=0.938, recall=0.517
accuracy: (test=0.975) average_precision: (test=0.711) balanced_accuracy: (test=0.758) f1: (test=0.667) roc_auc: (test=0.880) 6.49min
[fit 20/210] END max_layers=20, n_estimators=8, n_trees=300; total=3654, TP=89, TN=3473, FP=7, FN=85; precision=0.927, recall=0.511
accuracy: (test=0.975) average_precision: (test=0.724) balanced_accuracy: (test=0.755) f1: (test=0.659) roc_auc: (test=0.887) 11.96min
[fit 24/210] END max_layers=20, n_estimators=10, n_trees=150; total=3654, TP=90, TN=3473, FP=7, FN=84; precision=0.928, recall=0.517
accuracy: (test=0.975) average_precision: (test=0.699) balanced_accuracy: (test=0.758) f1: (test=0.664) roc_auc: (test=0.870) 8.42min
[fit 27/210] END max_layers=20, n_estimators=10, n_trees=300; total=3654, TP=99, TN=3471, FP=9, FN=75; precision=0.917, recall=0.569
accuracy: (test=0.977) average_precision: (test=0.748) balanced_accuracy: (test=0.783) f1: (test=0.702) roc_auc: (test=0.911) 13.40min
[fit 30/210] END max_layers=20, n_estimators=13, n_trees=100; total=3654, TP=93, TN=3472, FP=8, FN=81; precision=0.921, recall=0.534
accuracy: (test=0.976) average_precision: (test=0.693) balanced_accuracy: (test=0.766) f1: (test=0.676) roc_auc: (test=0.866) 8.10min
[fit 32/210] END max_layers=20, n_estimators=13, n_trees=200; total=3654, TP=90, TN=3474, FP=6, FN=84; precision=0.938, recall=0.517
accuracy: (test=0.975) average_precision: (test=0.707) balanced_accuracy: (test=0.758) f1: (test=0.667) roc_auc: (test=0.871) 13.74min
[fit 35/210] END max_layers=20, n_estimators=13, n_trees=400; total=3654, TP=83, TN=3475, FP=5, FN=91; precision=0.943, recall=0.477
accuracy: (test=0.974) average_precision: (test=0.693) balanced_accuracy: (test=0.738) f1: (test=0.634) roc_auc: (test=0.860) 25.38min
[fit 49/210] END max_layers=50, n_estimators=5, n_trees=400; total=3654, TP=96, TN=3471, FP=9, FN=78; precision=0.914, recall=0.552
accuracy: (test=0.976) average_precision: (test=0.759) balanced_accuracy: (test=0.775) f1: (test=0.688) roc_auc: (test=0.926) 8.66min
[fit 53/210] END max_layers=50, n_estimators=8, n_trees=200; total=3654, TP=96, TN=3470, FP=10, FN=78; precision=0.906, recall=0.552
accuracy: (test=0.976) average_precision: (test=0.750) balanced_accuracy: (test=0.774) f1: (test=0.686) roc_auc: (test=0.911) 7.04min
[fit 56/210] END max_layers=50, n_estimators=8, n_trees=400; total=3654, TP=96, TN=3471, FP=9, FN=78; precision=0.914, recall=0.552
accuracy: (test=0.976) average_precision: (test=0.753) balanced_accuracy: (test=0.775) f1: (test=0.688) roc_auc: (test=0.915) 13.50min
[fit 60/210] END max_layers=50, n_estimators=10, n_trees=200; total=3654, TP=89, TN=3473, FP=7, FN=85; precision=0.927, recall=0.511
accuracy: (test=0.975) average_precision: (test=0.696) balanced_accuracy: (test=0.755) f1: (test=0.659) roc_auc: (test=0.867) 10.63min
[fit 63/210] END max_layers=50, n_estimators=10, n_trees=400; total=3654, TP=98, TN=3470, FP=10, FN=76; precision=0.907, recall=0.563
accuracy: (test=0.976) average_precision: (test=0.752) balanced_accuracy: (test=0.780) f1: (test=0.695) roc_auc: (test=0.915) 17.15min
[fit 68/210] END max_layers=50, n_estimators=13, n_trees=250; total=3654, TP=85, TN=3475, FP=5, FN=89; precision=0.944, recall=0.489
accuracy: (test=0.974) average_precision: (test=0.696) balanced_accuracy: (test=0.744) f1: (test=0.644) roc_auc: (test=0.868) 16.51min
[fit 71/210] END max_layers=80, n_estimators=2, n_trees=50; total=3654, TP=102, TN=3469, FP=11, FN=72; precision=0.903, recall=0.586
accuracy: (test=0.977) average_precision: (test=0.747) balanced_accuracy: (test=0.792) f1: (test=0.711) roc_auc: (test=0.926) 44.05s
[fit 72/210] END max_layers=80, n_estimators=2, n_trees=100; total=3654, TP=94, TN=3470, FP=10, FN=80; precision=0.904, recall=0.540
accuracy: (test=0.975) average_precision: (test=0.713) balanced_accuracy: (test=0.769) f1: (test=0.676) roc_auc: (test=0.890) 1.42min
[fit 73/210] END max_layers=80, n_estimators=2, n_trees=150; total=3654, TP=93, TN=3471, FP=9, FN=81; precision=0.912, recall=0.534
accuracy: (test=0.975) average_precision: (test=0.737) balanced_accuracy: (test=0.766) f1: (test=0.674) roc_auc: (test=0.912) 1.96min
[fit 74/210] END max_layers=80, n_estimators=2, n_trees=200; total=3654, TP=96, TN=3471, FP=9, FN=78; precision=0.914, recall=0.552
accuracy: (test=0.976) average_precision: (test=0.764) balanced_accuracy: (test=0.775) f1: (test=0.688) roc_auc: (test=0.932) 2.18min
[fit 75/210] END max_layers=80, n_estimators=2, n_trees=250; total=3654, TP=94, TN=3473, FP=7, FN=80; precision=0.931, recall=0.540
accuracy: (test=0.976) average_precision: (test=0.737) balanced_accuracy: (test=0.769) f1: (test=0.684) roc_auc: (test=0.918) 2.96min
[fit 77/210] END max_layers=80, n_estimators=2, n_trees=400; total=3654, TP=91, TN=3474, FP=6, FN=83; precision=0.938, recall=0.523
accuracy: (test=0.976) average_precision: (test=0.735) balanced_accuracy: (test=0.761) f1: (test=0.672) roc_auc: (test=0.906) 4.69min
[fit 80/210] END max_layers=80, n_estimators=5, n_trees=150; total=3654, TP=92, TN=3474, FP=6, FN=82; precision=0.939, recall=0.529
accuracy: (test=0.976) average_precision: (test=0.716) balanced_accuracy: (test=0.764) f1: (test=0.676) roc_auc: (test=0.881) 4.32min
[fit 82/210] END max_layers=80, n_estimators=5, n_trees=250; total=3654, TP=98, TN=3471, FP=9, FN=76; precision=0.916, recall=0.563
accuracy: (test=0.977) average_precision: (test=0.759) balanced_accuracy: (test=0.780) f1: (test=0.698) roc_auc: (test=0.920) 5.68min
[fit 85/210] END max_layers=80, n_estimators=8, n_trees=50; total=3654, TP=94, TN=3470, FP=10, FN=80; precision=0.904, recall=0.540
accuracy: (test=0.975) average_precision: (test=0.647) balanced_accuracy: (test=0.769) f1: (test=0.676) roc_auc: (test=0.832) 3.75min
[fit 87/210] END max_layers=80, n_estimators=8, n_trees=150; total=3654, TP=90, TN=3474, FP=6, FN=84; precision=0.938, recall=0.517
accuracy: (test=0.975) average_precision: (test=0.711) balanced_accuracy: (test=0.758) f1: (test=0.667) roc_auc: (test=0.880) 6.47min
[fit 90/210] END max_layers=80, n_estimators=8, n_trees=300; total=3654, TP=89, TN=3473, FP=7, FN=85; precision=0.927, recall=0.511
accuracy: (test=0.975) average_precision: (test=0.724) balanced_accuracy: (test=0.755) f1: (test=0.659) roc_auc: (test=0.887) 11.85min
[fit 94/210] END max_layers=80, n_estimators=10, n_trees=150; total=3654, TP=90, TN=3473, FP=7, FN=84; precision=0.928, recall=0.517
accuracy: (test=0.975) average_precision: (test=0.699) balanced_accuracy: (test=0.758) f1: (test=0.664) roc_auc: (test=0.870) 8.28min
[fit 97/210] END max_layers=80, n_estimators=10, n_trees=300; total=3654, TP=99, TN=3471, FP=9, FN=75; precision=0.917, recall=0.569
accuracy: (test=0.977) average_precision: (test=0.748) balanced_accuracy: (test=0.783) f1: (test=0.702) roc_auc: (test=0.911) 13.26min
[fit 3/210] END max_layers=20, n_estimators=2, n_trees=150; total=3654, TP=93, TN=3471, FP=9, FN=81; precision=0.912, recall=0.534
accuracy: (test=0.975) average_precision: (test=0.737) balanced_accuracy: (test=0.766) f1: (test=0.674) roc_auc: (test=0.912) 1.86min
[fit 6/210] END max_layers=20, n_estimators=2, n_trees=300; total=3654, TP=96, TN=3472, FP=8, FN=78; precision=0.923, recall=0.552
accuracy: (test=0.976) average_precision: (test=0.764) balanced_accuracy: (test=0.775) f1: (test=0.691) roc_auc: (test=0.933) 3.07min
[fit 9/210] END max_layers=20, n_estimators=5, n_trees=100; total=3654, TP=92, TN=3472, FP=8, FN=82; precision=0.920, recall=0.529
accuracy: (test=0.975) average_precision: (test=0.701) balanced_accuracy: (test=0.763) f1: (test=0.672) roc_auc: (test=0.870) 3.05min
[fit 12/210] END max_layers=20, n_estimators=5, n_trees=250; total=3654, TP=98, TN=3471, FP=9, FN=76; precision=0.916, recall=0.563
accuracy: (test=0.977) average_precision: (test=0.759) balanced_accuracy: (test=0.780) f1: (test=0.698) roc_auc: (test=0.920) 5.61min
[fit 15/210] END max_layers=20, n_estimators=8, n_trees=50; total=3654, TP=94, TN=3470, FP=10, FN=80; precision=0.904, recall=0.540
accuracy: (test=0.975) average_precision: (test=0.647) balanced_accuracy: (test=0.769) f1: (test=0.676) roc_auc: (test=0.832) 3.77min
[fit 16/210] END max_layers=20, n_estimators=8, n_trees=100; total=3654, TP=93, TN=3473, FP=7, FN=81; precision=0.930, recall=0.534
accuracy: (test=0.976) average_precision: (test=0.702) balanced_accuracy: (test=0.766) f1: (test=0.679) roc_auc: (test=0.870) 4.81min
[fit 19/210] END max_layers=20, n_estimators=8, n_trees=250; total=3654, TP=98, TN=3471, FP=9, FN=76; precision=0.916, recall=0.563
accuracy: (test=0.977) average_precision: (test=0.750) balanced_accuracy: (test=0.780) f1: (test=0.698) roc_auc: (test=0.913) 8.97min
[fit 22/210] END max_layers=20, n_estimators=10, n_trees=50; total=3654, TP=96, TN=3467, FP=13, FN=78; precision=0.881, recall=0.552
accuracy: (test=0.975) average_precision: (test=0.672) balanced_accuracy: (test=0.774) f1: (test=0.678) roc_auc: (test=0.853) 4.08min
[fit 23/210] END max_layers=20, n_estimators=10, n_trees=100; total=3654, TP=92, TN=3473, FP=7, FN=82; precision=0.929, recall=0.529
accuracy: (test=0.976) average_precision: (test=0.700) balanced_accuracy: (test=0.763) f1: (test=0.674) roc_auc: (test=0.871) 6.36min
[fit 26/210] END max_layers=20, n_estimators=10, n_trees=250; total=3654, TP=88, TN=3476, FP=4, FN=86; precision=0.957, recall=0.506
accuracy: (test=0.975) average_precision: (test=0.716) balanced_accuracy: (test=0.752) f1: (test=0.662) roc_auc: (test=0.878) 12.96min
[fit 29/210] END max_layers=20, n_estimators=13, n_trees=50; total=3654, TP=94, TN=3471, FP=9, FN=80; precision=0.913, recall=0.540
accuracy: (test=0.976) average_precision: (test=0.640) balanced_accuracy: (test=0.769) f1: (test=0.679) roc_auc: (test=0.828) 5.98min
[fit 31/210] END max_layers=20, n_estimators=13, n_trees=150; total=3654, TP=90, TN=3472, FP=8, FN=84; precision=0.918, recall=0.517
accuracy: (test=0.975) average_precision: (test=0.697) balanced_accuracy: (test=0.757) f1: (test=0.662) roc_auc: (test=0.863) 11.13min
[fit 34/210] END max_layers=20, n_estimators=13, n_trees=300; total=3654, TP=87, TN=3473, FP=7, FN=87; precision=0.926, recall=0.500
accuracy: (test=0.974) average_precision: (test=0.702) balanced_accuracy: (test=0.749) f1: (test=0.649) roc_auc: (test=0.869) 19.66min
[fit 40/210] END max_layers=50, n_estimators=2, n_trees=250; total=3654, TP=94, TN=3473, FP=7, FN=80; precision=0.931, recall=0.540
accuracy: (test=0.976) average_precision: (test=0.737) balanced_accuracy: (test=0.769) f1: (test=0.684) roc_auc: (test=0.918) 3.02min
[fit 42/210] END max_layers=50, n_estimators=2, n_trees=400; total=3654, TP=91, TN=3474, FP=6, FN=83; precision=0.938, recall=0.523
accuracy: (test=0.976) average_precision: (test=0.735) balanced_accuracy: (test=0.761) f1: (test=0.672) roc_auc: (test=0.906) 4.74min
[fit 45/210] END max_layers=50, n_estimators=5, n_trees=150; total=3654, TP=92, TN=3474, FP=6, FN=82; precision=0.939, recall=0.529
accuracy: (test=0.976) average_precision: (test=0.716) balanced_accuracy: (test=0.764) f1: (test=0.676) roc_auc: (test=0.881) 4.35min
[fit 47/210] END max_layers=50, n_estimators=5, n_trees=250; total=3654, TP=98, TN=3471, FP=9, FN=76; precision=0.916, recall=0.563
accuracy: (test=0.977) average_precision: (test=0.759) balanced_accuracy: (test=0.780) f1: (test=0.698) roc_auc: (test=0.920) 5.66min
[fit 50/210] END max_layers=50, n_estimators=8, n_trees=50; total=3654, TP=94, TN=3470, FP=10, FN=80; precision=0.904, recall=0.540
accuracy: (test=0.975) average_precision: (test=0.647) balanced_accuracy: (test=0.769) f1: (test=0.676) roc_auc: (test=0.832) 3.73min
[fit 52/210] END max_layers=50, n_estimators=8, n_trees=150; total=3654, TP=90, TN=3474, FP=6, FN=84; precision=0.938, recall=0.517
accuracy: (test=0.975) average_precision: (test=0.711) balanced_accuracy: (test=0.758) f1: (test=0.667) roc_auc: (test=0.880) 6.49min
[fit 55/210] END max_layers=50, n_estimators=8, n_trees=300; total=3654, TP=89, TN=3473, FP=7, FN=85; precision=0.927, recall=0.511
accuracy: (test=0.975) average_precision: (test=0.724) balanced_accuracy: (test=0.755) f1: (test=0.659) roc_auc: (test=0.887) 11.87min
[fit 59/210] END max_layers=50, n_estimators=10, n_trees=150; total=3654, TP=90, TN=3473, FP=7, FN=84; precision=0.928, recall=0.517
accuracy: (test=0.975) average_precision: (test=0.699) balanced_accuracy: (test=0.758) f1: (test=0.664) roc_auc: (test=0.870) 8.29min
[fit 62/210] END max_layers=50, n_estimators=10, n_trees=300; total=3654, TP=99, TN=3471, FP=9, FN=75; precision=0.917, recall=0.569
accuracy: (test=0.977) average_precision: (test=0.748) balanced_accuracy: (test=0.783) f1: (test=0.702) roc_auc: (test=0.911) 13.08min
[fit 65/210] END max_layers=50, n_estimators=13, n_trees=100; total=3654, TP=93, TN=3472, FP=8, FN=81; precision=0.921, recall=0.534
accuracy: (test=0.976) average_precision: (test=0.693) balanced_accuracy: (test=0.766) f1: (test=0.676) roc_auc: (test=0.866) 8.31min
[fit 67/210] END max_layers=50, n_estimators=13, n_trees=200; total=3654, TP=90, TN=3474, FP=6, FN=84; precision=0.938, recall=0.517
accuracy: (test=0.975) average_precision: (test=0.707) balanced_accuracy: (test=0.758) f1: (test=0.667) roc_auc: (test=0.871) 13.74min
[fit 70/210] END max_layers=50, n_estimators=13, n_trees=400; total=3654, TP=83, TN=3475, FP=5, FN=91; precision=0.943, recall=0.477
accuracy: (test=0.974) average_precision: (test=0.693) balanced_accuracy: (test=0.738) f1: (test=0.634) roc_auc: (test=0.860) 25.35min
[fit 84/210] END max_layers=80, n_estimators=5, n_trees=400; total=3654, TP=96, TN=3471, FP=9, FN=78; precision=0.914, recall=0.552
accuracy: (test=0.976) average_precision: (test=0.759) balanced_accuracy: (test=0.775) f1: (test=0.688) roc_auc: (test=0.926) 8.62min
[fit 88/210] END max_layers=80, n_estimators=8, n_trees=200; total=3654, TP=96, TN=3470, FP=10, FN=78; precision=0.906, recall=0.552
accuracy: (test=0.976) average_precision: (test=0.750) balanced_accuracy: (test=0.774) f1: (test=0.686) roc_auc: (test=0.911) 7.17min
[fit 91/210] END max_layers=80, n_estimators=8, n_trees=400; total=3654, TP=96, TN=3471, FP=9, FN=78; precision=0.914, recall=0.552
accuracy: (test=0.976) average_precision: (test=0.753) balanced_accuracy: (test=0.775) f1: (test=0.688) roc_auc: (test=0.915) 13.32min
[fit 95/210] END max_layers=80, n_estimators=10, n_trees=200; total=3654, TP=89, TN=3473, FP=7, FN=85; precision=0.927, recall=0.511
accuracy: (test=0.975) average_precision: (test=0.696) balanced_accuracy: (test=0.755) f1: (test=0.659) roc_auc: (test=0.867) 10.71min
[fit 98/210] END max_layers=80, n_estimators=10, n_trees=400; total=3654, TP=98, TN=3470, FP=10, FN=76; precision=0.907, recall=0.563
accuracy: (test=0.976) average_precision: (test=0.752) balanced_accuracy: (test=0.780) f1: (test=0.695) roc_auc: (test=0.915) 17.02min
[fit 103/210] END max_layers=80, n_estimators=13, n_trees=250; total=3654, TP=85, TN=3475, FP=5, FN=89; precision=0.944, recall=0.489
accuracy: (test=0.974) average_precision: (test=0.696) balanced_accuracy: (test=0.744) f1: (test=0.644) roc_auc: (test=0.868) 16.31min
[fit 83/210] END max_layers=80, n_estimators=5, n_trees=300; total=3654, TP=97, TN=3471, FP=9, FN=77; precision=0.915, recall=0.557
accuracy: (test=0.976) average_precision: (test=0.758) balanced_accuracy: (test=0.777) f1: (test=0.693) roc_auc: (test=0.921) 6.75min
[fit 86/210] END max_layers=80, n_estimators=8, n_trees=100; total=3654, TP=93, TN=3473, FP=7, FN=81; precision=0.930, recall=0.534
accuracy: (test=0.976) average_precision: (test=0.702) balanced_accuracy: (test=0.766) f1: (test=0.679) roc_auc: (test=0.870) 4.72min
[fit 89/210] END max_layers=80, n_estimators=8, n_trees=250; total=3654, TP=98, TN=3471, FP=9, FN=76; precision=0.916, recall=0.563
accuracy: (test=0.977) average_precision: (test=0.750) balanced_accuracy: (test=0.780) f1: (test=0.698) roc_auc: (test=0.913) 8.77min
[fit 92/210] END max_layers=80, n_estimators=10, n_trees=50; total=3654, TP=96, TN=3467, FP=13, FN=78; precision=0.881, recall=0.552
accuracy: (test=0.975) average_precision: (test=0.672) balanced_accuracy: (test=0.774) f1: (test=0.678) roc_auc: (test=0.853) 4.21min
[fit 93/210] END max_layers=80, n_estimators=10, n_trees=100; total=3654, TP=92, TN=3473, FP=7, FN=82; precision=0.929, recall=0.529
accuracy: (test=0.976) average_precision: (test=0.700) balanced_accuracy: (test=0.763) f1: (test=0.674) roc_auc: (test=0.871) 6.33min
[fit 96/210] END max_layers=80, n_estimators=10, n_trees=250; total=3654, TP=88, TN=3476, FP=4, FN=86; precision=0.957, recall=0.506
accuracy: (test=0.975) average_precision: (test=0.716) balanced_accuracy: (test=0.752) f1: (test=0.662) roc_auc: (test=0.878) 12.99min
[fit 99/210] END max_layers=80, n_estimators=13, n_trees=50; total=3654, TP=94, TN=3471, FP=9, FN=80; precision=0.913, recall=0.540
accuracy: (test=0.976) average_precision: (test=0.640) balanced_accuracy: (test=0.769) f1: (test=0.679) roc_auc: (test=0.828) 6.04min
[fit 101/210] END max_layers=80, n_estimators=13, n_trees=150; total=3654, TP=90, TN=3472, FP=8, FN=84; precision=0.918, recall=0.517
accuracy: (test=0.975) average_precision: (test=0.697) balanced_accuracy: (test=0.757) f1: (test=0.662) roc_auc: (test=0.863) 11.00min
[fit 104/210] END max_layers=80, n_estimators=13, n_trees=300; total=3654, TP=87, TN=3473, FP=7, FN=87; precision=0.926, recall=0.500
accuracy: (test=0.974) average_precision: (test=0.702) balanced_accuracy: (test=0.749) f1: (test=0.649) roc_auc: (test=0.869) 19.59min
[fit 110/210] END max_layers=120, n_estimators=2, n_trees=250; total=3654, TP=94, TN=3473, FP=7, FN=80; precision=0.931, recall=0.540
accuracy: (test=0.976) average_precision: (test=0.737) balanced_accuracy: (test=0.769) f1: (test=0.684) roc_auc: (test=0.918) 3.07min
[fit 112/210] END max_layers=120, n_estimators=2, n_trees=400; total=3654, TP=91, TN=3474, FP=6, FN=83; precision=0.938, recall=0.523
accuracy: (test=0.976) average_precision: (test=0.735) balanced_accuracy: (test=0.761) f1: (test=0.672) roc_auc: (test=0.906) 4.67min
[fit 115/210] END max_layers=120, n_estimators=5, n_trees=150; total=3654, TP=92, TN=3474, FP=6, FN=82; precision=0.939, recall=0.529
accuracy: (test=0.976) average_precision: (test=0.716) balanced_accuracy: (test=0.764) f1: (test=0.676) roc_auc: (test=0.881) 4.36min
[fit 117/210] END max_layers=120, n_estimators=5, n_trees=250; total=3654, TP=98, TN=3471, FP=9, FN=76; precision=0.916, recall=0.563
accuracy: (test=0.977) average_precision: (test=0.759) balanced_accuracy: (test=0.780) f1: (test=0.698) roc_auc: (test=0.920) 5.63min
[fit 120/210] END max_layers=120, n_estimators=8, n_trees=50; total=3654, TP=94, TN=3470, FP=10, FN=80; precision=0.904, recall=0.540
accuracy: (test=0.975) average_precision: (test=0.647) balanced_accuracy: (test=0.769) f1: (test=0.676) roc_auc: (test=0.832) 3.69min
[fit 122/210] END max_layers=120, n_estimators=8, n_trees=150; total=3654, TP=90, TN=3474, FP=6, FN=84; precision=0.938, recall=0.517
accuracy: (test=0.975) average_precision: (test=0.711) balanced_accuracy: (test=0.758) f1: (test=0.667) roc_auc: (test=0.880) 6.53min
[fit 125/210] END max_layers=120, n_estimators=8, n_trees=300; total=3654, TP=89, TN=3473, FP=7, FN=85; precision=0.927, recall=0.511
accuracy: (test=0.975) average_precision: (test=0.724) balanced_accuracy: (test=0.755) f1: (test=0.659) roc_auc: (test=0.887) 11.89min
[fit 129/210] END max_layers=120, n_estimators=10, n_trees=150; total=3654, TP=90, TN=3473, FP=7, FN=84; precision=0.928, recall=0.517
accuracy: (test=0.975) average_precision: (test=0.699) balanced_accuracy: (test=0.758) f1: (test=0.664) roc_auc: (test=0.870) 8.32min
[fit 132/210] END max_layers=120, n_estimators=10, n_trees=300; total=3654, TP=99, TN=3471, FP=9, FN=75; precision=0.917, recall=0.569
accuracy: (test=0.977) average_precision: (test=0.748) balanced_accuracy: (test=0.783) f1: (test=0.702) roc_auc: (test=0.911) 13.09min
[fit 135/210] END max_layers=120, n_estimators=13, n_trees=100; total=3654, TP=93, TN=3472, FP=8, FN=81; precision=0.921, recall=0.534
accuracy: (test=0.976) average_precision: (test=0.693) balanced_accuracy: (test=0.766) f1: (test=0.676) roc_auc: (test=0.866) 8.19min
[fit 137/210] END max_layers=120, n_estimators=13, n_trees=200; total=3654, TP=90, TN=3474, FP=6, FN=84; precision=0.938, recall=0.517
accuracy: (test=0.975) average_precision: (test=0.707) balanced_accuracy: (test=0.758) f1: (test=0.667) roc_auc: (test=0.871) 13.80min
[fit 140/210] END max_layers=120, n_estimators=13, n_trees=400; total=3654, TP=83, TN=3475, FP=5, FN=91; precision=0.943, recall=0.477
accuracy: (test=0.974) average_precision: (test=0.693) balanced_accuracy: (test=0.738) f1: (test=0.634) roc_auc: (test=0.860) 25.31min
[fit 154/210] END max_layers=150, n_estimators=5, n_trees=400; total=3654, TP=96, TN=3471, FP=9, FN=78; precision=0.914, recall=0.552
accuracy: (test=0.976) average_precision: (test=0.759) balanced_accuracy: (test=0.775) f1: (test=0.688) roc_auc: (test=0.926) 8.51min
[fit 158/210] END max_layers=150, n_estimators=8, n_trees=200; total=3654, TP=96, TN=3470, FP=10, FN=78; precision=0.906, recall=0.552
accuracy: (test=0.976) average_precision: (test=0.750) balanced_accuracy: (test=0.774) f1: (test=0.686) roc_auc: (test=0.911) 7.03min
[fit 161/210] END max_layers=150, n_estimators=8, n_trees=400; total=3654, TP=96, TN=3471, FP=9, FN=78; precision=0.914, recall=0.552
accuracy: (test=0.976) average_precision: (test=0.753) balanced_accuracy: (test=0.775) f1: (test=0.688) roc_auc: (test=0.915) 13.13min
[fit 165/210] END max_layers=150, n_estimators=10, n_trees=200; total=3654, TP=89, TN=3473, FP=7, FN=85; precision=0.927, recall=0.511
accuracy: (test=0.975) average_precision: (test=0.696) balanced_accuracy: (test=0.755) f1: (test=0.659) roc_auc: (test=0.867) 10.51min
[fit 168/210] END max_layers=150, n_estimators=10, n_trees=400; total=3654, TP=98, TN=3470, FP=10, FN=76; precision=0.907, recall=0.563
accuracy: (test=0.976) average_precision: (test=0.752) balanced_accuracy: (test=0.780) f1: (test=0.695) roc_auc: (test=0.915) 16.69min
[fit 173/210] END max_layers=150, n_estimators=13, n_trees=250; total=3654, TP=85, TN=3475, FP=5, FN=89; precision=0.944, recall=0.489
accuracy: (test=0.974) average_precision: (test=0.696) balanced_accuracy: (test=0.744) f1: (test=0.644) roc_auc: (test=0.868) 16.26min
[fit 176/210] END max_layers=200, n_estimators=2, n_trees=50; total=3654, TP=102, TN=3469, FP=11, FN=72; precision=0.903, recall=0.586
accuracy: (test=0.977) average_precision: (test=0.747) balanced_accuracy: (test=0.792) f1: (test=0.711) roc_auc: (test=0.926) 43.60s
[fit 177/210] END max_layers=200, n_estimators=2, n_trees=100; total=3654, TP=94, TN=3470, FP=10, FN=80; precision=0.904, recall=0.540
accuracy: (test=0.975) average_precision: (test=0.713) balanced_accuracy: (test=0.769) f1: (test=0.676) roc_auc: (test=0.890) 1.40min
[fit 178/210] END max_layers=200, n_estimators=2, n_trees=150; total=3654, TP=93, TN=3471, FP=9, FN=81; precision=0.912, recall=0.534
accuracy: (test=0.975) average_precision: (test=0.737) balanced_accuracy: (test=0.766) f1: (test=0.674) roc_auc: (test=0.912) 1.99min
[fit 179/210] END max_layers=200, n_estimators=2, n_trees=200; total=3654, TP=96, TN=3471, FP=9, FN=78; precision=0.914, recall=0.552
accuracy: (test=0.976) average_precision: (test=0.764) balanced_accuracy: (test=0.775) f1: (test=0.688) roc_auc: (test=0.932) 2.08min
[fit 100/210] END max_layers=80, n_estimators=13, n_trees=100; total=3654, TP=93, TN=3472, FP=8, FN=81; precision=0.921, recall=0.534
accuracy: (test=0.976) average_precision: (test=0.693) balanced_accuracy: (test=0.766) f1: (test=0.676) roc_auc: (test=0.866) 8.15min
[fit 102/210] END max_layers=80, n_estimators=13, n_trees=200; total=3654, TP=90, TN=3474, FP=6, FN=84; precision=0.938, recall=0.517
accuracy: (test=0.975) average_precision: (test=0.707) balanced_accuracy: (test=0.758) f1: (test=0.667) roc_auc: (test=0.871) 13.76min
[fit 105/210] END max_layers=80, n_estimators=13, n_trees=400; total=3654, TP=83, TN=3475, FP=5, FN=91; precision=0.943, recall=0.477
accuracy: (test=0.974) average_precision: (test=0.693) balanced_accuracy: (test=0.738) f1: (test=0.634) roc_auc: (test=0.860) 25.11min
[fit 119/210] END max_layers=120, n_estimators=5, n_trees=400; total=3654, TP=96, TN=3471, FP=9, FN=78; precision=0.914, recall=0.552
accuracy: (test=0.976) average_precision: (test=0.759) balanced_accuracy: (test=0.775) f1: (test=0.688) roc_auc: (test=0.926) 8.48min
[fit 123/210] END max_layers=120, n_estimators=8, n_trees=200; total=3654, TP=96, TN=3470, FP=10, FN=78; precision=0.906, recall=0.552
accuracy: (test=0.976) average_precision: (test=0.750) balanced_accuracy: (test=0.774) f1: (test=0.686) roc_auc: (test=0.911) 7.12min
[fit 126/210] END max_layers=120, n_estimators=8, n_trees=400; total=3654, TP=96, TN=3471, FP=9, FN=78; precision=0.914, recall=0.552
accuracy: (test=0.976) average_precision: (test=0.753) balanced_accuracy: (test=0.775) f1: (test=0.688) roc_auc: (test=0.915) 13.61min
[fit 130/210] END max_layers=120, n_estimators=10, n_trees=200; total=3654, TP=89, TN=3473, FP=7, FN=85; precision=0.927, recall=0.511
accuracy: (test=0.975) average_precision: (test=0.696) balanced_accuracy: (test=0.755) f1: (test=0.659) roc_auc: (test=0.867) 10.49min
[fit 133/210] END max_layers=120, n_estimators=10, n_trees=400; total=3654, TP=98, TN=3470, FP=10, FN=76; precision=0.907, recall=0.563
accuracy: (test=0.976) average_precision: (test=0.752) balanced_accuracy: (test=0.780) f1: (test=0.695) roc_auc: (test=0.915) 16.86min
[fit 138/210] END max_layers=120, n_estimators=13, n_trees=250; total=3654, TP=85, TN=3475, FP=5, FN=89; precision=0.944, recall=0.489
accuracy: (test=0.974) average_precision: (test=0.696) balanced_accuracy: (test=0.744) f1: (test=0.644) roc_auc: (test=0.868) 16.44min
[fit 141/210] END max_layers=150, n_estimators=2, n_trees=50; total=3654, TP=102, TN=3469, FP=11, FN=72; precision=0.903, recall=0.586
accuracy: (test=0.977) average_precision: (test=0.747) balanced_accuracy: (test=0.792) f1: (test=0.711) roc_auc: (test=0.926) 43.27s
[fit 142/210] END max_layers=150, n_estimators=2, n_trees=100; total=3654, TP=94, TN=3470, FP=10, FN=80; precision=0.904, recall=0.540
accuracy: (test=0.975) average_precision: (test=0.713) balanced_accuracy: (test=0.769) f1: (test=0.676) roc_auc: (test=0.890) 1.38min
[fit 143/210] END max_layers=150, n_estimators=2, n_trees=150; total=3654, TP=93, TN=3471, FP=9, FN=81; precision=0.912, recall=0.534
accuracy: (test=0.975) average_precision: (test=0.737) balanced_accuracy: (test=0.766) f1: (test=0.674) roc_auc: (test=0.912) 2.00min
[fit 144/210] END max_layers=150, n_estimators=2, n_trees=200; total=3654, TP=96, TN=3471, FP=9, FN=78; precision=0.914, recall=0.552
accuracy: (test=0.976) average_precision: (test=0.764) balanced_accuracy: (test=0.775) f1: (test=0.688) roc_auc: (test=0.932) 2.06min
[fit 146/210] END max_layers=150, n_estimators=2, n_trees=300; total=3654, TP=96, TN=3472, FP=8, FN=78; precision=0.923, recall=0.552
accuracy: (test=0.976) average_precision: (test=0.764) balanced_accuracy: (test=0.775) f1: (test=0.691) roc_auc: (test=0.933) 3.08min
[fit 148/210] END max_layers=150, n_estimators=5, n_trees=50; total=3654, TP=97, TN=3470, FP=10, FN=77; precision=0.907, recall=0.557
accuracy: (test=0.976) average_precision: (test=0.679) balanced_accuracy: (test=0.777) f1: (test=0.690) roc_auc: (test=0.852) 2.09min
[fit 149/210] END max_layers=150, n_estimators=5, n_trees=100; total=3654, TP=92, TN=3472, FP=8, FN=82; precision=0.920, recall=0.529
accuracy: (test=0.975) average_precision: (test=0.701) balanced_accuracy: (test=0.763) f1: (test=0.672) roc_auc: (test=0.870) 3.21min
[fit 151/210] END max_layers=150, n_estimators=5, n_trees=200; total=3654, TP=96, TN=3471, FP=9, FN=78; precision=0.914, recall=0.552
accuracy: (test=0.976) average_precision: (test=0.756) balanced_accuracy: (test=0.775) f1: (test=0.688) roc_auc: (test=0.924) 4.79min
[fit 153/210] END max_layers=150, n_estimators=5, n_trees=300; total=3654, TP=97, TN=3471, FP=9, FN=77; precision=0.915, recall=0.557
accuracy: (test=0.976) average_precision: (test=0.758) balanced_accuracy: (test=0.777) f1: (test=0.693) roc_auc: (test=0.921) 6.80min
[fit 156/210] END max_layers=150, n_estimators=8, n_trees=100; total=3654, TP=93, TN=3473, FP=7, FN=81; precision=0.930, recall=0.534
accuracy: (test=0.976) average_precision: (test=0.702) balanced_accuracy: (test=0.766) f1: (test=0.679) roc_auc: (test=0.870) 4.74min
[fit 159/210] END max_layers=150, n_estimators=8, n_trees=250; total=3654, TP=98, TN=3471, FP=9, FN=76; precision=0.916, recall=0.563
accuracy: (test=0.977) average_precision: (test=0.750) balanced_accuracy: (test=0.780) f1: (test=0.698) roc_auc: (test=0.913) 8.84min
[fit 162/210] END max_layers=150, n_estimators=10, n_trees=50; total=3654, TP=96, TN=3467, FP=13, FN=78; precision=0.881, recall=0.552
accuracy: (test=0.975) average_precision: (test=0.672) balanced_accuracy: (test=0.774) f1: (test=0.678) roc_auc: (test=0.853) 4.15min
[fit 163/210] END max_layers=150, n_estimators=10, n_trees=100; total=3654, TP=92, TN=3473, FP=7, FN=82; precision=0.929, recall=0.529
accuracy: (test=0.976) average_precision: (test=0.700) balanced_accuracy: (test=0.763) f1: (test=0.674) roc_auc: (test=0.871) 6.22min
[fit 166/210] END max_layers=150, n_estimators=10, n_trees=250; total=3654, TP=88, TN=3476, FP=4, FN=86; precision=0.957, recall=0.506
accuracy: (test=0.975) average_precision: (test=0.716) balanced_accuracy: (test=0.752) f1: (test=0.662) roc_auc: (test=0.878) 12.80min
[fit 169/210] END max_layers=150, n_estimators=13, n_trees=50; total=3654, TP=94, TN=3471, FP=9, FN=80; precision=0.913, recall=0.540
accuracy: (test=0.976) average_precision: (test=0.640) balanced_accuracy: (test=0.769) f1: (test=0.679) roc_auc: (test=0.828) 6.04min
[fit 171/210] END max_layers=150, n_estimators=13, n_trees=150; total=3654, TP=90, TN=3472, FP=8, FN=84; precision=0.918, recall=0.517
accuracy: (test=0.975) average_precision: (test=0.697) balanced_accuracy: (test=0.757) f1: (test=0.662) roc_auc: (test=0.863) 10.96min
[fit 174/210] END max_layers=150, n_estimators=13, n_trees=300; total=3654, TP=87, TN=3473, FP=7, FN=87; precision=0.926, recall=0.500
accuracy: (test=0.974) average_precision: (test=0.702) balanced_accuracy: (test=0.749) f1: (test=0.649) roc_auc: (test=0.869) 19.37min
[fit 180/210] END max_layers=200, n_estimators=2, n_trees=250; total=3654, TP=94, TN=3473, FP=7, FN=80; precision=0.931, recall=0.540
accuracy: (test=0.976) average_precision: (test=0.737) balanced_accuracy: (test=0.769) f1: (test=0.684) roc_auc: (test=0.918) 2.97min
[fit 182/210] END max_layers=200, n_estimators=2, n_trees=400; total=3654, TP=91, TN=3474, FP=6, FN=83; precision=0.938, recall=0.523
accuracy: (test=0.976) average_precision: (test=0.735) balanced_accuracy: (test=0.761) f1: (test=0.672) roc_auc: (test=0.906) 4.68min
[fit 185/210] END max_layers=200, n_estimators=5, n_trees=150; total=3654, TP=92, TN=3474, FP=6, FN=82; precision=0.939, recall=0.529
accuracy: (test=0.976) average_precision: (test=0.716) balanced_accuracy: (test=0.764) f1: (test=0.676) roc_auc: (test=0.881) 4.32min
[fit 187/210] END max_layers=200, n_estimators=5, n_trees=250; total=3654, TP=98, TN=3471, FP=9, FN=76; precision=0.916, recall=0.563
accuracy: (test=0.977) average_precision: (test=0.759) balanced_accuracy: (test=0.780) f1: (test=0.698) roc_auc: (test=0.920) 5.63min
[fit 190/210] END max_layers=200, n_estimators=8, n_trees=50; total=3654, TP=94, TN=3470, FP=10, FN=80; precision=0.904, recall=0.540
accuracy: (test=0.975) average_precision: (test=0.647) balanced_accuracy: (test=0.769) f1: (test=0.676) roc_auc: (test=0.832) 3.71min
[fit 106/210] END max_layers=120, n_estimators=2, n_trees=50; total=3654, TP=102, TN=3469, FP=11, FN=72; precision=0.903, recall=0.586
accuracy: (test=0.977) average_precision: (test=0.747) balanced_accuracy: (test=0.792) f1: (test=0.711) roc_auc: (test=0.926) 41.58s
[fit 107/210] END max_layers=120, n_estimators=2, n_trees=100; total=3654, TP=94, TN=3470, FP=10, FN=80; precision=0.904, recall=0.540
accuracy: (test=0.975) average_precision: (test=0.713) balanced_accuracy: (test=0.769) f1: (test=0.676) roc_auc: (test=0.890) 1.40min
[fit 108/210] END max_layers=120, n_estimators=2, n_trees=150; total=3654, TP=93, TN=3471, FP=9, FN=81; precision=0.912, recall=0.534
accuracy: (test=0.975) average_precision: (test=0.737) balanced_accuracy: (test=0.766) f1: (test=0.674) roc_auc: (test=0.912) 1.98min
[fit 109/210] END max_layers=120, n_estimators=2, n_trees=200; total=3654, TP=96, TN=3471, FP=9, FN=78; precision=0.914, recall=0.552
accuracy: (test=0.976) average_precision: (test=0.764) balanced_accuracy: (test=0.775) f1: (test=0.688) roc_auc: (test=0.932) 2.08min
[fit 111/210] END max_layers=120, n_estimators=2, n_trees=300; total=3654, TP=96, TN=3472, FP=8, FN=78; precision=0.923, recall=0.552
accuracy: (test=0.976) average_precision: (test=0.764) balanced_accuracy: (test=0.775) f1: (test=0.691) roc_auc: (test=0.933) 3.03min
[fit 113/210] END max_layers=120, n_estimators=5, n_trees=50; total=3654, TP=97, TN=3470, FP=10, FN=77; precision=0.907, recall=0.557
accuracy: (test=0.976) average_precision: (test=0.679) balanced_accuracy: (test=0.777) f1: (test=0.690) roc_auc: (test=0.852) 2.05min
[fit 114/210] END max_layers=120, n_estimators=5, n_trees=100; total=3654, TP=92, TN=3472, FP=8, FN=82; precision=0.920, recall=0.529
accuracy: (test=0.975) average_precision: (test=0.701) balanced_accuracy: (test=0.763) f1: (test=0.672) roc_auc: (test=0.870) 3.18min
[fit 116/210] END max_layers=120, n_estimators=5, n_trees=200; total=3654, TP=96, TN=3471, FP=9, FN=78; precision=0.914, recall=0.552
accuracy: (test=0.976) average_precision: (test=0.756) balanced_accuracy: (test=0.775) f1: (test=0.688) roc_auc: (test=0.924) 4.68min
[fit 118/210] END max_layers=120, n_estimators=5, n_trees=300; total=3654, TP=97, TN=3471, FP=9, FN=77; precision=0.915, recall=0.557
accuracy: (test=0.976) average_precision: (test=0.758) balanced_accuracy: (test=0.777) f1: (test=0.693) roc_auc: (test=0.921) 6.74min
[fit 121/210] END max_layers=120, n_estimators=8, n_trees=100; total=3654, TP=93, TN=3473, FP=7, FN=81; precision=0.930, recall=0.534
accuracy: (test=0.976) average_precision: (test=0.702) balanced_accuracy: (test=0.766) f1: (test=0.679) roc_auc: (test=0.870) 4.66min
[fit 124/210] END max_layers=120, n_estimators=8, n_trees=250; total=3654, TP=98, TN=3471, FP=9, FN=76; precision=0.916, recall=0.563
accuracy: (test=0.977) average_precision: (test=0.750) balanced_accuracy: (test=0.780) f1: (test=0.698) roc_auc: (test=0.913) 8.86min
[fit 127/210] END max_layers=120, n_estimators=10, n_trees=50; total=3654, TP=96, TN=3467, FP=13, FN=78; precision=0.881, recall=0.552
accuracy: (test=0.975) average_precision: (test=0.672) balanced_accuracy: (test=0.774) f1: (test=0.678) roc_auc: (test=0.853) 4.10min
[fit 128/210] END max_layers=120, n_estimators=10, n_trees=100; total=3654, TP=92, TN=3473, FP=7, FN=82; precision=0.929, recall=0.529
accuracy: (test=0.976) average_precision: (test=0.700) balanced_accuracy: (test=0.763) f1: (test=0.674) roc_auc: (test=0.871) 6.19min
[fit 131/210] END max_layers=120, n_estimators=10, n_trees=250; total=3654, TP=88, TN=3476, FP=4, FN=86; precision=0.957, recall=0.506
accuracy: (test=0.975) average_precision: (test=0.716) balanced_accuracy: (test=0.752) f1: (test=0.662) roc_auc: (test=0.878) 12.78min
[fit 134/210] END max_layers=120, n_estimators=13, n_trees=50; total=3654, TP=94, TN=3471, FP=9, FN=80; precision=0.913, recall=0.540
accuracy: (test=0.976) average_precision: (test=0.640) balanced_accuracy: (test=0.769) f1: (test=0.679) roc_auc: (test=0.828) 6.07min
[fit 136/210] END max_layers=120, n_estimators=13, n_trees=150; total=3654, TP=90, TN=3472, FP=8, FN=84; precision=0.918, recall=0.517
accuracy: (test=0.975) average_precision: (test=0.697) balanced_accuracy: (test=0.757) f1: (test=0.662) roc_auc: (test=0.863) 10.92min
[fit 139/210] END max_layers=120, n_estimators=13, n_trees=300; total=3654, TP=87, TN=3473, FP=7, FN=87; precision=0.926, recall=0.500
accuracy: (test=0.974) average_precision: (test=0.702) balanced_accuracy: (test=0.749) f1: (test=0.649) roc_auc: (test=0.869) 19.49min
[fit 145/210] END max_layers=150, n_estimators=2, n_trees=250; total=3654, TP=94, TN=3473, FP=7, FN=80; precision=0.931, recall=0.540
accuracy: (test=0.976) average_precision: (test=0.737) balanced_accuracy: (test=0.769) f1: (test=0.684) roc_auc: (test=0.918) 3.07min
[fit 147/210] END max_layers=150, n_estimators=2, n_trees=400; total=3654, TP=91, TN=3474, FP=6, FN=83; precision=0.938, recall=0.523
accuracy: (test=0.976) average_precision: (test=0.735) balanced_accuracy: (test=0.761) f1: (test=0.672) roc_auc: (test=0.906) 4.65min
[fit 150/210] END max_layers=150, n_estimators=5, n_trees=150; total=3654, TP=92, TN=3474, FP=6, FN=82; precision=0.939, recall=0.529
accuracy: (test=0.976) average_precision: (test=0.716) balanced_accuracy: (test=0.764) f1: (test=0.676) roc_auc: (test=0.881) 4.35min
[fit 152/210] END max_layers=150, n_estimators=5, n_trees=250; total=3654, TP=98, TN=3471, FP=9, FN=76; precision=0.916, recall=0.563
accuracy: (test=0.977) average_precision: (test=0.759) balanced_accuracy: (test=0.780) f1: (test=0.698) roc_auc: (test=0.920) 5.71min
[fit 155/210] END max_layers=150, n_estimators=8, n_trees=50; total=3654, TP=94, TN=3470, FP=10, FN=80; precision=0.904, recall=0.540
accuracy: (test=0.975) average_precision: (test=0.647) balanced_accuracy: (test=0.769) f1: (test=0.676) roc_auc: (test=0.832) 3.74min
[fit 157/210] END max_layers=150, n_estimators=8, n_trees=150; total=3654, TP=90, TN=3474, FP=6, FN=84; precision=0.938, recall=0.517
accuracy: (test=0.975) average_precision: (test=0.711) balanced_accuracy: (test=0.758) f1: (test=0.667) roc_auc: (test=0.880) 6.46min
[fit 160/210] END max_layers=150, n_estimators=8, n_trees=300; total=3654, TP=89, TN=3473, FP=7, FN=85; precision=0.927, recall=0.511
accuracy: (test=0.975) average_precision: (test=0.724) balanced_accuracy: (test=0.755) f1: (test=0.659) roc_auc: (test=0.887) 11.77min
[fit 164/210] END max_layers=150, n_estimators=10, n_trees=150; total=3654, TP=90, TN=3473, FP=7, FN=84; precision=0.928, recall=0.517
accuracy: (test=0.975) average_precision: (test=0.699) balanced_accuracy: (test=0.758) f1: (test=0.664) roc_auc: (test=0.870) 8.25min
[fit 167/210] END max_layers=150, n_estimators=10, n_trees=300; total=3654, TP=99, TN=3471, FP=9, FN=75; precision=0.917, recall=0.569
accuracy: (test=0.977) average_precision: (test=0.748) balanced_accuracy: (test=0.783) f1: (test=0.702) roc_auc: (test=0.911) 12.90min
[fit 170/210] END max_layers=150, n_estimators=13, n_trees=100; total=3654, TP=93, TN=3472, FP=8, FN=81; precision=0.921, recall=0.534
accuracy: (test=0.976) average_precision: (test=0.693) balanced_accuracy: (test=0.766) f1: (test=0.676) roc_auc: (test=0.866) 8.22min
[fit 172/210] END max_layers=150, n_estimators=13, n_trees=200; total=3654, TP=90, TN=3474, FP=6, FN=84; precision=0.938, recall=0.517
accuracy: (test=0.975) average_precision: (test=0.707) balanced_accuracy: (test=0.758) f1: (test=0.667) roc_auc: (test=0.871) 13.64min
[fit 175/210] END max_layers=150, n_estimators=13, n_trees=400; total=3654, TP=83, TN=3475, FP=5, FN=91; precision=0.943, recall=0.477
accuracy: (test=0.974) average_precision: (test=0.693) balanced_accuracy: (test=0.738) f1: (test=0.634) roc_auc: (test=0.860) 25.26min
[fit 189/210] END max_layers=200, n_estimators=5, n_trees=400; total=3654, TP=96, TN=3471, FP=9, FN=78; precision=0.914, recall=0.552
accuracy: (test=0.976) average_precision: (test=0.759) balanced_accuracy: (test=0.775) f1: (test=0.688) roc_auc: (test=0.926) 8.47min
[fit 193/210] END max_layers=200, n_estimators=8, n_trees=200; total=3654, TP=96, TN=3470, FP=10, FN=78; precision=0.906, recall=0.552
accuracy: (test=0.976) average_precision: (test=0.750) balanced_accuracy: (test=0.774) f1: (test=0.686) roc_auc: (test=0.911) 7.09min
[fit 196/210] END max_layers=200, n_estimators=8, n_trees=400; total=3654, TP=96, TN=3471, FP=9, FN=78; precision=0.914, recall=0.552
accuracy: (test=0.976) average_precision: (test=0.753) balanced_accuracy: (test=0.775) f1: (test=0.688) roc_auc: (test=0.915) 13.21min
[fit 200/210] END max_layers=200, n_estimators=10, n_trees=200; total=3654, TP=89, TN=3473, FP=7, FN=85; precision=0.927, recall=0.511
accuracy: (test=0.975) average_precision: (test=0.696) balanced_accuracy: (test=0.755) f1: (test=0.659) roc_auc: (test=0.867) 10.59min
[fit 203/210] END max_layers=200, n_estimators=10, n_trees=400; total=3654, TP=98, TN=3470, FP=10, FN=76; precision=0.907, recall=0.563
accuracy: (test=0.976) average_precision: (test=0.752) balanced_accuracy: (test=0.780) f1: (test=0.695) roc_auc: (test=0.915) 16.73min
[fit 208/210] END max_layers=200, n_estimators=13, n_trees=250; total=3654, TP=85, TN=3475, FP=5, FN=89; precision=0.944, recall=0.489
accuracy: (test=0.974) average_precision: (test=0.696) balanced_accuracy: (test=0.744) f1: (test=0.644) roc_auc: (test=0.868) 16.24min
[fit 181/210] END max_layers=200, n_estimators=2, n_trees=300; total=3654, TP=96, TN=3472, FP=8, FN=78; precision=0.923, recall=0.552
accuracy: (test=0.976) average_precision: (test=0.764) balanced_accuracy: (test=0.775) f1: (test=0.691) roc_auc: (test=0.933) 3.05min
[fit 183/210] END max_layers=200, n_estimators=5, n_trees=50; total=3654, TP=97, TN=3470, FP=10, FN=77; precision=0.907, recall=0.557
accuracy: (test=0.976) average_precision: (test=0.679) balanced_accuracy: (test=0.777) f1: (test=0.690) roc_auc: (test=0.852) 2.08min
[fit 184/210] END max_layers=200, n_estimators=5, n_trees=100; total=3654, TP=92, TN=3472, FP=8, FN=82; precision=0.920, recall=0.529
accuracy: (test=0.975) average_precision: (test=0.701) balanced_accuracy: (test=0.763) f1: (test=0.672) roc_auc: (test=0.870) 3.18min
[fit 186/210] END max_layers=200, n_estimators=5, n_trees=200; total=3654, TP=96, TN=3471, FP=9, FN=78; precision=0.914, recall=0.552
accuracy: (test=0.976) average_precision: (test=0.756) balanced_accuracy: (test=0.775) f1: (test=0.688) roc_auc: (test=0.924) 4.70min
[fit 188/210] END max_layers=200, n_estimators=5, n_trees=300; total=3654, TP=97, TN=3471, FP=9, FN=77; precision=0.915, recall=0.557
accuracy: (test=0.976) average_precision: (test=0.758) balanced_accuracy: (test=0.777) f1: (test=0.693) roc_auc: (test=0.921) 6.70min
[fit 191/210] END max_layers=200, n_estimators=8, n_trees=100; total=3654, TP=93, TN=3473, FP=7, FN=81; precision=0.930, recall=0.534
accuracy: (test=0.976) average_precision: (test=0.702) balanced_accuracy: (test=0.766) f1: (test=0.679) roc_auc: (test=0.870) 4.70min
[fit 194/210] END max_layers=200, n_estimators=8, n_trees=250; total=3654, TP=98, TN=3471, FP=9, FN=76; precision=0.916, recall=0.563
accuracy: (test=0.977) average_precision: (test=0.750) balanced_accuracy: (test=0.780) f1: (test=0.698) roc_auc: (test=0.913) 8.86min
[fit 197/210] END max_layers=200, n_estimators=10, n_trees=50; total=3654, TP=96, TN=3467, FP=13, FN=78; precision=0.881, recall=0.552
accuracy: (test=0.975) average_precision: (test=0.672) balanced_accuracy: (test=0.774) f1: (test=0.678) roc_auc: (test=0.853) 4.16min
[fit 198/210] END max_layers=200, n_estimators=10, n_trees=100; total=3654, TP=92, TN=3473, FP=7, FN=82; precision=0.929, recall=0.529
accuracy: (test=0.976) average_precision: (test=0.700) balanced_accuracy: (test=0.763) f1: (test=0.674) roc_auc: (test=0.871) 6.18min
[fit 201/210] END max_layers=200, n_estimators=10, n_trees=250; total=3654, TP=88, TN=3476, FP=4, FN=86; precision=0.957, recall=0.506
accuracy: (test=0.975) average_precision: (test=0.716) balanced_accuracy: (test=0.752) f1: (test=0.662) roc_auc: (test=0.878) 12.63min
[fit 204/210] END max_layers=200, n_estimators=13, n_trees=50; total=3654, TP=94, TN=3471, FP=9, FN=80; precision=0.913, recall=0.540
accuracy: (test=0.976) average_precision: (test=0.640) balanced_accuracy: (test=0.769) f1: (test=0.679) roc_auc: (test=0.828) 5.97min
[fit 206/210] END max_layers=200, n_estimators=13, n_trees=150; total=3654, TP=90, TN=3472, FP=8, FN=84; precision=0.918, recall=0.517
accuracy: (test=0.975) average_precision: (test=0.697) balanced_accuracy: (test=0.757) f1: (test=0.662) roc_auc: (test=0.863) 10.98min
[fit 209/210] END max_layers=200, n_estimators=13, n_trees=300; total=3654, TP=87, TN=3473, FP=7, FN=87; precision=0.926, recall=0.500
accuracy: (test=0.974) average_precision: (test=0.702) balanced_accuracy: (test=0.749) f1: (test=0.649) roc_auc: (test=0.869) 18.09min
[fit 192/210] END max_layers=200, n_estimators=8, n_trees=150; total=3654, TP=90, TN=3474, FP=6, FN=84; precision=0.938, recall=0.517
accuracy: (test=0.975) average_precision: (test=0.711) balanced_accuracy: (test=0.758) f1: (test=0.667) roc_auc: (test=0.880) 6.33min
[fit 195/210] END max_layers=200, n_estimators=8, n_trees=300; total=3654, TP=89, TN=3473, FP=7, FN=85; precision=0.927, recall=0.511
accuracy: (test=0.975) average_precision: (test=0.724) balanced_accuracy: (test=0.755) f1: (test=0.659) roc_auc: (test=0.887) 11.80min
[fit 199/210] END max_layers=200, n_estimators=10, n_trees=150; total=3654, TP=90, TN=3473, FP=7, FN=84; precision=0.928, recall=0.517
accuracy: (test=0.975) average_precision: (test=0.699) balanced_accuracy: (test=0.758) f1: (test=0.664) roc_auc: (test=0.870) 8.19min
[fit 202/210] END max_layers=200, n_estimators=10, n_trees=300; total=3654, TP=99, TN=3471, FP=9, FN=75; precision=0.917, recall=0.569
accuracy: (test=0.977) average_precision: (test=0.748) balanced_accuracy: (test=0.783) f1: (test=0.702) roc_auc: (test=0.911) 12.99min
[fit 205/210] END max_layers=200, n_estimators=13, n_trees=100; total=3654, TP=93, TN=3472, FP=8, FN=81; precision=0.921, recall=0.534
accuracy: (test=0.976) average_precision: (test=0.693) balanced_accuracy: (test=0.766) f1: (test=0.676) roc_auc: (test=0.866) 8.15min
[fit 207/210] END max_layers=200, n_estimators=13, n_trees=200; total=3654, TP=90, TN=3474, FP=6, FN=84; precision=0.938, recall=0.517
accuracy: (test=0.975) average_precision: (test=0.707) balanced_accuracy: (test=0.758) f1: (test=0.667) roc_auc: (test=0.871) 13.55min
[fit 210/210] END max_layers=200, n_estimators=13, n_trees=400; total=3654, TP=83, TN=3475, FP=5, FN=91; precision=0.943, recall=0.477
accuracy: (test=0.974) average_precision: (test=0.693) balanced_accuracy: (test=0.738) f1: (test=0.634) roc_auc: (test=0.860) 18.04min
write rank test to csv!!!
write over!!!
clf.best_estimator_params: {'max_layers': 20, 'n_estimators': 2, 'n_trees': 300}
best params found in line [7] for metric [roc_auc] in rank file
total time spending: 9h 27m 29s
