nohup: ignoring input
experiment: IMR90 cksnap_deepforest
trainSet len: 45080
testSet len: 2625
Fitting, totalling 210 fits
[fit 3/210] END max_layers=20, n_estimators=2, n_trees=150; total=2625, TP=60, TN=2497, FP=3, FN=65; precision=0.952, recall=0.480
accuracy: (test=0.974) average_precision: (test=0.644) balanced_accuracy: (test=0.739) f1: (test=0.638) roc_auc: (test=0.844) 1.66min
[fit 7/210] END max_layers=20, n_estimators=2, n_trees=400; total=2625, TP=57, TN=2498, FP=2, FN=68; precision=0.966, recall=0.456
accuracy: (test=0.973) average_precision: (test=0.656) balanced_accuracy: (test=0.728) f1: (test=0.620) roc_auc: (test=0.860) 4.14min
[fit 12/210] END max_layers=20, n_estimators=5, n_trees=250; total=2625, TP=62, TN=2495, FP=5, FN=63; precision=0.925, recall=0.496
accuracy: (test=0.974) average_precision: (test=0.674) balanced_accuracy: (test=0.747) f1: (test=0.646) roc_auc: (test=0.895) 5.06min
[fit 17/210] END max_layers=20, n_estimators=8, n_trees=150; total=2625, TP=61, TN=2498, FP=2, FN=64; precision=0.968, recall=0.488
accuracy: (test=0.975) average_precision: (test=0.629) balanced_accuracy: (test=0.744) f1: (test=0.649) roc_auc: (test=0.816) 5.86min
[fit 21/210] END max_layers=20, n_estimators=8, n_trees=400; total=2625, TP=61, TN=2496, FP=4, FN=64; precision=0.938, recall=0.488
accuracy: (test=0.974) average_precision: (test=0.665) balanced_accuracy: (test=0.743) f1: (test=0.642) roc_auc: (test=0.866) 12.53min
[fit 27/210] END max_layers=20, n_estimators=10, n_trees=300; total=2625, TP=63, TN=2495, FP=5, FN=62; precision=0.926, recall=0.504
accuracy: (test=0.974) average_precision: (test=0.656) balanced_accuracy: (test=0.751) f1: (test=0.653) roc_auc: (test=0.845) 12.04min
[fit 32/210] END max_layers=20, n_estimators=13, n_trees=200; total=2625, TP=62, TN=2495, FP=5, FN=63; precision=0.925, recall=0.496
accuracy: (test=0.974) average_precision: (test=0.648) balanced_accuracy: (test=0.747) f1: (test=0.646) roc_auc: (test=0.845) 10.70min
[fit 36/210] END max_layers=50, n_estimators=2, n_trees=50; total=2625, TP=61, TN=2495, FP=5, FN=64; precision=0.924, recall=0.488
accuracy: (test=0.974) average_precision: (test=0.590) balanced_accuracy: (test=0.743) f1: (test=0.639) roc_auc: (test=0.785) 50.06s
[fit 37/210] END max_layers=50, n_estimators=2, n_trees=100; total=2625, TP=59, TN=2497, FP=3, FN=66; precision=0.952, recall=0.472
accuracy: (test=0.974) average_precision: (test=0.647) balanced_accuracy: (test=0.735) f1: (test=0.631) roc_auc: (test=0.856) 1.19min
[fit 38/210] END max_layers=50, n_estimators=2, n_trees=150; total=2625, TP=60, TN=2497, FP=3, FN=65; precision=0.952, recall=0.480
accuracy: (test=0.974) average_precision: (test=0.644) balanced_accuracy: (test=0.739) f1: (test=0.638) roc_auc: (test=0.844) 1.70min
[fit 39/210] END max_layers=50, n_estimators=2, n_trees=200; total=2625, TP=59, TN=2497, FP=3, FN=66; precision=0.952, recall=0.472
accuracy: (test=0.974) average_precision: (test=0.649) balanced_accuracy: (test=0.735) f1: (test=0.631) roc_auc: (test=0.827) 2.22min
[fit 40/210] END max_layers=50, n_estimators=2, n_trees=250; total=2625, TP=57, TN=2498, FP=2, FN=68; precision=0.966, recall=0.456
accuracy: (test=0.973) average_precision: (test=0.662) balanced_accuracy: (test=0.728) f1: (test=0.620) roc_auc: (test=0.864) 2.69min
[fit 42/210] END max_layers=50, n_estimators=2, n_trees=400; total=2625, TP=57, TN=2498, FP=2, FN=68; precision=0.966, recall=0.456
accuracy: (test=0.973) average_precision: (test=0.656) balanced_accuracy: (test=0.728) f1: (test=0.620) roc_auc: (test=0.860) 4.20min
[fit 45/210] END max_layers=50, n_estimators=5, n_trees=150; total=2625, TP=60, TN=2498, FP=2, FN=65; precision=0.968, recall=0.480
accuracy: (test=0.974) average_precision: (test=0.636) balanced_accuracy: (test=0.740) f1: (test=0.642) roc_auc: (test=0.820) 3.86min
[fit 48/210] END max_layers=50, n_estimators=5, n_trees=300; total=2625, TP=60, TN=2497, FP=3, FN=65; precision=0.952, recall=0.480
accuracy: (test=0.974) average_precision: (test=0.674) balanced_accuracy: (test=0.739) f1: (test=0.638) roc_auc: (test=0.892) 5.88min
[fit 53/210] END max_layers=50, n_estimators=8, n_trees=200; total=2625, TP=59, TN=2499, FP=1, FN=66; precision=0.983, recall=0.472
accuracy: (test=0.974) average_precision: (test=0.623) balanced_accuracy: (test=0.736) f1: (test=0.638) roc_auc: (test=0.810) 7.56min
[fit 57/210] END max_layers=50, n_estimators=10, n_trees=50; total=2625, TP=61, TN=2495, FP=5, FN=64; precision=0.924, recall=0.488
accuracy: (test=0.974) average_precision: (test=0.597) balanced_accuracy: (test=0.743) f1: (test=0.639) roc_auc: (test=0.795) 3.38min
[fit 58/210] END max_layers=50, n_estimators=10, n_trees=100; total=2625, TP=59, TN=2498, FP=2, FN=66; precision=0.967, recall=0.472
accuracy: (test=0.974) average_precision: (test=0.627) balanced_accuracy: (test=0.736) f1: (test=0.634) roc_auc: (test=0.817) 5.33min
[fit 61/210] END max_layers=50, n_estimators=10, n_trees=250; total=2625, TP=59, TN=2499, FP=1, FN=66; precision=0.983, recall=0.472
accuracy: (test=0.974) average_precision: (test=0.633) balanced_accuracy: (test=0.736) f1: (test=0.638) roc_auc: (test=0.818) 12.04min
[fit 66/210] END max_layers=50, n_estimators=13, n_trees=150; total=2625, TP=62, TN=2497, FP=3, FN=63; precision=0.954, recall=0.496
accuracy: (test=0.975) average_precision: (test=0.626) balanced_accuracy: (test=0.747) f1: (test=0.653) roc_auc: (test=0.814) 9.88min
[fit 70/210] END max_layers=50, n_estimators=13, n_trees=400; total=2625, TP=62, TN=2495, FP=5, FN=63; precision=0.925, recall=0.496
accuracy: (test=0.974) average_precision: (test=0.650) balanced_accuracy: (test=0.747) f1: (test=0.646) roc_auc: (test=0.846) 21.13min
[fit 85/210] END max_layers=80, n_estimators=8, n_trees=50; total=2625, TP=62, TN=2495, FP=5, FN=63; precision=0.925, recall=0.496
accuracy: (test=0.974) average_precision: (test=0.607) balanced_accuracy: (test=0.747) f1: (test=0.646) roc_auc: (test=0.804) 2.58min
[fit 87/210] END max_layers=80, n_estimators=8, n_trees=150; total=2625, TP=61, TN=2498, FP=2, FN=64; precision=0.968, recall=0.488
accuracy: (test=0.975) average_precision: (test=0.629) balanced_accuracy: (test=0.744) f1: (test=0.649) roc_auc: (test=0.816) 5.85min
[fit 91/210] END max_layers=80, n_estimators=8, n_trees=400; total=2625, TP=61, TN=2496, FP=4, FN=64; precision=0.938, recall=0.488
accuracy: (test=0.974) average_precision: (test=0.665) balanced_accuracy: (test=0.743) f1: (test=0.642) roc_auc: (test=0.866) 12.41min
[fit 97/210] END max_layers=80, n_estimators=10, n_trees=300; total=2625, TP=63, TN=2495, FP=5, FN=62; precision=0.926, recall=0.504
accuracy: (test=0.974) average_precision: (test=0.656) balanced_accuracy: (test=0.751) f1: (test=0.653) roc_auc: (test=0.845) 12.08min
[fit 102/210] END max_layers=80, n_estimators=13, n_trees=200; total=2625, TP=62, TN=2495, FP=5, FN=63; precision=0.925, recall=0.496
accuracy: (test=0.974) average_precision: (test=0.648) balanced_accuracy: (test=0.747) f1: (test=0.646) roc_auc: (test=0.845) 10.62min
[fit 106/210] END max_layers=120, n_estimators=2, n_trees=50; total=2625, TP=61, TN=2495, FP=5, FN=64; precision=0.924, recall=0.488
accuracy: (test=0.974) average_precision: (test=0.590) balanced_accuracy: (test=0.743) f1: (test=0.639) roc_auc: (test=0.785) 48.26s
[fit 107/210] END max_layers=120, n_estimators=2, n_trees=100; total=2625, TP=59, TN=2497, FP=3, FN=66; precision=0.952, recall=0.472
accuracy: (test=0.974) average_precision: (test=0.647) balanced_accuracy: (test=0.735) f1: (test=0.631) roc_auc: (test=0.856) 1.19min
[fit 108/210] END max_layers=120, n_estimators=2, n_trees=150; total=2625, TP=60, TN=2497, FP=3, FN=65; precision=0.952, recall=0.480
accuracy: (test=0.974) average_precision: (test=0.644) balanced_accuracy: (test=0.739) f1: (test=0.638) roc_auc: (test=0.844) 1.71min
[fit 109/210] END max_layers=120, n_estimators=2, n_trees=200; total=2625, TP=59, TN=2497, FP=3, FN=66; precision=0.952, recall=0.472
accuracy: (test=0.974) average_precision: (test=0.649) balanced_accuracy: (test=0.735) f1: (test=0.631) roc_auc: (test=0.827) 2.19min
[fit 110/210] END max_layers=120, n_estimators=2, n_trees=250; total=2625, TP=57, TN=2498, FP=2, FN=68; precision=0.966, recall=0.456
accuracy: (test=0.973) average_precision: (test=0.662) balanced_accuracy: (test=0.728) f1: (test=0.620) roc_auc: (test=0.864) 2.66min[fit 1/210] END max_layers=20, n_estimators=2, n_trees=50; total=2625, TP=61, TN=2495, FP=5, FN=64; precision=0.924, recall=0.488
accuracy: (test=0.974) average_precision: (test=0.590) balanced_accuracy: (test=0.743) f1: (test=0.639) roc_auc: (test=0.785) 48.83s
[fit 5/210] END max_layers=20, n_estimators=2, n_trees=250; total=2625, TP=57, TN=2498, FP=2, FN=68; precision=0.966, recall=0.456
accuracy: (test=0.973) average_precision: (test=0.662) balanced_accuracy: (test=0.728) f1: (test=0.620) roc_auc: (test=0.864) 2.67min
[fit 9/210] END max_layers=20, n_estimators=5, n_trees=100; total=2625, TP=59, TN=2497, FP=3, FN=66; precision=0.952, recall=0.472
accuracy: (test=0.974) average_precision: (test=0.628) balanced_accuracy: (test=0.735) f1: (test=0.631) roc_auc: (test=0.816) 2.70min
[fit 13/210] END max_layers=20, n_estimators=5, n_trees=300; total=2625, TP=60, TN=2497, FP=3, FN=65; precision=0.952, recall=0.480
accuracy: (test=0.974) average_precision: (test=0.674) balanced_accuracy: (test=0.739) f1: (test=0.638) roc_auc: (test=0.892) 6.07min
[fit 18/210] END max_layers=20, n_estimators=8, n_trees=200; total=2625, TP=59, TN=2499, FP=1, FN=66; precision=0.983, recall=0.472
accuracy: (test=0.974) average_precision: (test=0.623) balanced_accuracy: (test=0.736) f1: (test=0.638) roc_auc: (test=0.810) 7.57min
[fit 22/210] END max_layers=20, n_estimators=10, n_trees=50; total=2625, TP=61, TN=2495, FP=5, FN=64; precision=0.924, recall=0.488
accuracy: (test=0.974) average_precision: (test=0.597) balanced_accuracy: (test=0.743) f1: (test=0.639) roc_auc: (test=0.795) 3.40min
[fit 23/210] END max_layers=20, n_estimators=10, n_trees=100; total=2625, TP=59, TN=2498, FP=2, FN=66; precision=0.967, recall=0.472
accuracy: (test=0.974) average_precision: (test=0.627) balanced_accuracy: (test=0.736) f1: (test=0.634) roc_auc: (test=0.817) 5.36min
[fit 26/210] END max_layers=20, n_estimators=10, n_trees=250; total=2625, TP=59, TN=2499, FP=1, FN=66; precision=0.983, recall=0.472
accuracy: (test=0.974) average_precision: (test=0.633) balanced_accuracy: (test=0.736) f1: (test=0.638) roc_auc: (test=0.818) 12.12min
[fit 31/210] END max_layers=20, n_estimators=13, n_trees=150; total=2625, TP=62, TN=2497, FP=3, FN=63; precision=0.954, recall=0.496
accuracy: (test=0.975) average_precision: (test=0.626) balanced_accuracy: (test=0.747) f1: (test=0.653) roc_auc: (test=0.814) 9.88min
[fit 35/210] END max_layers=20, n_estimators=13, n_trees=400; total=2625, TP=62, TN=2495, FP=5, FN=63; precision=0.925, recall=0.496
accuracy: (test=0.974) average_precision: (test=0.650) balanced_accuracy: (test=0.747) f1: (test=0.646) roc_auc: (test=0.846) 20.47min
[fit 50/210] END max_layers=50, n_estimators=8, n_trees=50; total=2625, TP=62, TN=2495, FP=5, FN=63; precision=0.925, recall=0.496
accuracy: (test=0.974) average_precision: (test=0.607) balanced_accuracy: (test=0.747) f1: (test=0.646) roc_auc: (test=0.804) 2.53min
[fit 52/210] END max_layers=50, n_estimators=8, n_trees=150; total=2625, TP=61, TN=2498, FP=2, FN=64; precision=0.968, recall=0.488
accuracy: (test=0.975) average_precision: (test=0.629) balanced_accuracy: (test=0.744) f1: (test=0.649) roc_auc: (test=0.816) 5.83min
[fit 56/210] END max_layers=50, n_estimators=8, n_trees=400; total=2625, TP=61, TN=2496, FP=4, FN=64; precision=0.938, recall=0.488
accuracy: (test=0.974) average_precision: (test=0.665) balanced_accuracy: (test=0.743) f1: (test=0.642) roc_auc: (test=0.866) 12.37min
[fit 62/210] END max_layers=50, n_estimators=10, n_trees=300; total=2625, TP=63, TN=2495, FP=5, FN=62; precision=0.926, recall=0.504
accuracy: (test=0.974) average_precision: (test=0.656) balanced_accuracy: (test=0.751) f1: (test=0.653) roc_auc: (test=0.845) 12.14min
[fit 67/210] END max_layers=50, n_estimators=13, n_trees=200; total=2625, TP=62, TN=2495, FP=5, FN=63; precision=0.925, recall=0.496
accuracy: (test=0.974) average_precision: (test=0.648) balanced_accuracy: (test=0.747) f1: (test=0.646) roc_auc: (test=0.845) 10.69min
[fit 71/210] END max_layers=80, n_estimators=2, n_trees=50; total=2625, TP=61, TN=2495, FP=5, FN=64; precision=0.924, recall=0.488
accuracy: (test=0.974) average_precision: (test=0.590) balanced_accuracy: (test=0.743) f1: (test=0.639) roc_auc: (test=0.785) 49.23s
[fit 72/210] END max_layers=80, n_estimators=2, n_trees=100; total=2625, TP=59, TN=2497, FP=3, FN=66; precision=0.952, recall=0.472
accuracy: (test=0.974) average_precision: (test=0.647) balanced_accuracy: (test=0.735) f1: (test=0.631) roc_auc: (test=0.856) 1.19min
[fit 73/210] END max_layers=80, n_estimators=2, n_trees=150; total=2625, TP=60, TN=2497, FP=3, FN=65; precision=0.952, recall=0.480
accuracy: (test=0.974) average_precision: (test=0.644) balanced_accuracy: (test=0.739) f1: (test=0.638) roc_auc: (test=0.844) 1.73min
[fit 74/210] END max_layers=80, n_estimators=2, n_trees=200; total=2625, TP=59, TN=2497, FP=3, FN=66; precision=0.952, recall=0.472
accuracy: (test=0.974) average_precision: (test=0.649) balanced_accuracy: (test=0.735) f1: (test=0.631) roc_auc: (test=0.827) 2.24min
[fit 75/210] END max_layers=80, n_estimators=2, n_trees=250; total=2625, TP=57, TN=2498, FP=2, FN=68; precision=0.966, recall=0.456
accuracy: (test=0.973) average_precision: (test=0.662) balanced_accuracy: (test=0.728) f1: (test=0.620) roc_auc: (test=0.864) 2.76min
[fit 77/210] END max_layers=80, n_estimators=2, n_trees=400; total=2625, TP=57, TN=2498, FP=2, FN=68; precision=0.966, recall=0.456
accuracy: (test=0.973) average_precision: (test=0.656) balanced_accuracy: (test=0.728) f1: (test=0.620) roc_auc: (test=0.860) 4.34min
[fit 80/210] END max_layers=80, n_estimators=5, n_trees=150; total=2625, TP=60, TN=2498, FP=2, FN=65; precision=0.968, recall=0.480
accuracy: (test=0.974) average_precision: (test=0.636) balanced_accuracy: (test=0.740) f1: (test=0.642) roc_auc: (test=0.820) 4.03min
[fit 83/210] END max_layers=80, n_estimators=5, n_trees=300; total=2625, TP=60, TN=2497, FP=3, FN=65; precision=0.952, recall=0.480
accuracy: (test=0.974) average_precision: (test=0.674) balanced_accuracy: (test=0.739) f1: (test=0.638) roc_auc: (test=0.892) 6.04min
[fit 88/210] END max_layers=80, n_estimators=8, n_trees=200; total=2625, TP=59, TN=2499, FP=1, FN=66; precision=0.983, recall=0.472
accuracy: (test=0.974) average_precision: (test=0.623) balanced_accuracy: (test=0.736) f1: (test=0.638) roc_auc: (test=0.810) 7.58min
[fit 92/210] END max_layers=80, n_estimators=10, n_trees=50; total=2625, TP=61, TN=2495, FP=5, FN=64; precision=0.924, recall=0.488
accuracy: (test=0.974) average_precision: (test=0.597) balanced_accuracy: (test=0.743) f1: (test=0.639) roc_auc: (test=0.795) 3.40min
[fit 93/210] END max_layers=80, n_estimators=10, n_trees=100; total=2625, TP=59, TN=2498, FP=2, FN=66; precision=0.967, recall=0.472
accuracy: (test=0.974) average_precision: (test=0.627) balanced_accuracy: (test=0.736) f1: (test=0.634) roc_auc: (test=0.817) 5.35min
[fit 96/210] END max_layers=80, n_estimators=10, n_trees=250; total=2625, TP=59, TN=2499, FP=1, FN=66; precision=0.983, recall=0.472
accuracy: (test=0.974) average_precision: (test=0.633) balanced_accuracy: (test=0.736) f1: (test=0.638) roc_auc: (test=0.818) 11.97min
[fit 101/210] END max_layers=80, n_estimators=13, n_trees=150; total=2625, TP=62, TN=2497, FP=3, FN=63; precision=0.954, recall=0.496
accuracy: (test=0.975) average_precision: (test=0.626) balanced_accuracy: (test=0.747) f1: (test=0.653) roc_auc: (test=0.814) 9.74min
[fit 105/210] END max_layers=80, n_estimators=13, n_trees=400; total=2625, TP=62, TN=2495, FP=5, FN=63; precision=0.925, recall=0.496
accuracy: (test=0.974) average_precision: (test=0.650) balanced_accuracy: (test=0.747) f1: (test=0.646) roc_auc: (test=0.846) 20.23min
[fit 120/210] END max_layers=120, n_estimators=8, n_trees=50; total=2625, TP=62, TN=2495, FP=5, FN=63; precision=0.925, recall=0.496
accuracy: (test=0.974) average_precision: (test=0.607) balanced_accuracy: (test=0.747) f1: (test=0.646) roc_auc: (test=0.804) 2.53min
[fit 122/210] END max_layers=120, n_estimators=8, n_trees=150; total=2625, TP=61, TN=2498, FP=2, FN=64; precision=0.968, recall=0.488
accuracy: (test=0.975) average_precision: (test=0.629) balanced_accuracy: (test=0.744) f1: (test=0.649) roc_auc: (test=0.816) 5.87min[fit 2/210] END max_layers=20, n_estimators=2, n_trees=100; total=2625, TP=59, TN=2497, FP=3, FN=66; precision=0.952, recall=0.472
accuracy: (test=0.974) average_precision: (test=0.647) balanced_accuracy: (test=0.735) f1: (test=0.631) roc_auc: (test=0.856) 1.18min
[fit 6/210] END max_layers=20, n_estimators=2, n_trees=300; total=2625, TP=60, TN=2498, FP=2, FN=65; precision=0.968, recall=0.480
accuracy: (test=0.974) average_precision: (test=0.687) balanced_accuracy: (test=0.740) f1: (test=0.642) roc_auc: (test=0.917) 2.67min
[fit 10/210] END max_layers=20, n_estimators=5, n_trees=150; total=2625, TP=60, TN=2498, FP=2, FN=65; precision=0.968, recall=0.480
accuracy: (test=0.974) average_precision: (test=0.636) balanced_accuracy: (test=0.740) f1: (test=0.642) roc_auc: (test=0.820) 3.83min
[fit 14/210] END max_layers=20, n_estimators=5, n_trees=400; total=2625, TP=59, TN=2496, FP=4, FN=66; precision=0.937, recall=0.472
accuracy: (test=0.973) average_precision: (test=0.678) balanced_accuracy: (test=0.735) f1: (test=0.628) roc_auc: (test=0.894) 7.97min
[fit 20/210] END max_layers=20, n_estimators=8, n_trees=300; total=2625, TP=63, TN=2496, FP=4, FN=62; precision=0.940, recall=0.504
accuracy: (test=0.975) average_precision: (test=0.665) balanced_accuracy: (test=0.751) f1: (test=0.656) roc_auc: (test=0.866) 9.58min
[fit 25/210] END max_layers=20, n_estimators=10, n_trees=200; total=2625, TP=61, TN=2495, FP=5, FN=64; precision=0.924, recall=0.488
accuracy: (test=0.974) average_precision: (test=0.651) balanced_accuracy: (test=0.743) f1: (test=0.639) roc_auc: (test=0.848) 8.06min
[fit 29/210] END max_layers=20, n_estimators=13, n_trees=50; total=2625, TP=61, TN=2495, FP=5, FN=64; precision=0.924, recall=0.488
accuracy: (test=0.974) average_precision: (test=0.606) balanced_accuracy: (test=0.743) f1: (test=0.639) roc_auc: (test=0.803) 4.31min
[fit 30/210] END max_layers=20, n_estimators=13, n_trees=100; total=2625, TP=61, TN=2497, FP=3, FN=64; precision=0.953, recall=0.488
accuracy: (test=0.974) average_precision: (test=0.621) balanced_accuracy: (test=0.743) f1: (test=0.646) roc_auc: (test=0.809) 6.88min
[fit 33/210] END max_layers=20, n_estimators=13, n_trees=250; total=2625, TP=63, TN=2499, FP=1, FN=62; precision=0.984, recall=0.504
accuracy: (test=0.976) average_precision: (test=0.634) balanced_accuracy: (test=0.752) f1: (test=0.667) roc_auc: (test=0.818) 15.56min
[fit 41/210] END max_layers=50, n_estimators=2, n_trees=300; total=2625, TP=60, TN=2498, FP=2, FN=65; precision=0.968, recall=0.480
accuracy: (test=0.974) average_precision: (test=0.687) balanced_accuracy: (test=0.740) f1: (test=0.642) roc_auc: (test=0.917) 2.72min
[fit 43/210] END max_layers=50, n_estimators=5, n_trees=50; total=2625, TP=61, TN=2494, FP=6, FN=64; precision=0.910, recall=0.488
accuracy: (test=0.973) average_precision: (test=0.584) balanced_accuracy: (test=0.743) f1: (test=0.635) roc_auc: (test=0.782) 2.01min
[fit 44/210] END max_layers=50, n_estimators=5, n_trees=100; total=2625, TP=59, TN=2497, FP=3, FN=66; precision=0.952, recall=0.472
accuracy: (test=0.974) average_precision: (test=0.628) balanced_accuracy: (test=0.735) f1: (test=0.631) roc_auc: (test=0.816) 2.71min
[fit 47/210] END max_layers=50, n_estimators=5, n_trees=250; total=2625, TP=62, TN=2495, FP=5, FN=63; precision=0.925, recall=0.496
accuracy: (test=0.974) average_precision: (test=0.674) balanced_accuracy: (test=0.747) f1: (test=0.646) roc_auc: (test=0.895) 5.07min
[fit 51/210] END max_layers=50, n_estimators=8, n_trees=100; total=2625, TP=59, TN=2498, FP=2, FN=66; precision=0.967, recall=0.472
accuracy: (test=0.974) average_precision: (test=0.629) balanced_accuracy: (test=0.736) f1: (test=0.634) roc_auc: (test=0.816) 4.18min
[fit 54/210] END max_layers=50, n_estimators=8, n_trees=250; total=2625, TP=60, TN=2499, FP=1, FN=65; precision=0.984, recall=0.480
accuracy: (test=0.975) average_precision: (test=0.630) balanced_accuracy: (test=0.740) f1: (test=0.645) roc_auc: (test=0.814) 9.26min
[fit 59/210] END max_layers=50, n_estimators=10, n_trees=150; total=2625, TP=59, TN=2498, FP=2, FN=66; precision=0.967, recall=0.472
accuracy: (test=0.974) average_precision: (test=0.630) balanced_accuracy: (test=0.736) f1: (test=0.634) roc_auc: (test=0.818) 7.44min
[fit 63/210] END max_layers=50, n_estimators=10, n_trees=400; total=2625, TP=61, TN=2496, FP=4, FN=64; precision=0.938, recall=0.488
accuracy: (test=0.974) average_precision: (test=0.638) balanced_accuracy: (test=0.743) f1: (test=0.642) roc_auc: (test=0.824) 18.74min
[fit 69/210] END max_layers=50, n_estimators=13, n_trees=300; total=2625, TP=62, TN=2495, FP=5, FN=63; precision=0.925, recall=0.496
accuracy: (test=0.974) average_precision: (test=0.652) balanced_accuracy: (test=0.747) f1: (test=0.646) roc_auc: (test=0.847) 15.98min
[fit 81/210] END max_layers=80, n_estimators=5, n_trees=200; total=2625, TP=60, TN=2497, FP=3, FN=65; precision=0.952, recall=0.480
accuracy: (test=0.974) average_precision: (test=0.673) balanced_accuracy: (test=0.739) f1: (test=0.638) roc_auc: (test=0.891) 4.27min
[fit 84/210] END max_layers=80, n_estimators=5, n_trees=400; total=2625, TP=59, TN=2496, FP=4, FN=66; precision=0.937, recall=0.472
accuracy: (test=0.973) average_precision: (test=0.678) balanced_accuracy: (test=0.735) f1: (test=0.628) roc_auc: (test=0.894) 8.01min
[fit 90/210] END max_layers=80, n_estimators=8, n_trees=300; total=2625, TP=63, TN=2496, FP=4, FN=62; precision=0.940, recall=0.504
accuracy: (test=0.975) average_precision: (test=0.665) balanced_accuracy: (test=0.751) f1: (test=0.656) roc_auc: (test=0.866) 9.49min
[fit 95/210] END max_layers=80, n_estimators=10, n_trees=200; total=2625, TP=61, TN=2495, FP=5, FN=64; precision=0.924, recall=0.488
accuracy: (test=0.974) average_precision: (test=0.651) balanced_accuracy: (test=0.743) f1: (test=0.639) roc_auc: (test=0.848) 8.00min
[fit 99/210] END max_layers=80, n_estimators=13, n_trees=50; total=2625, TP=61, TN=2495, FP=5, FN=64; precision=0.924, recall=0.488
accuracy: (test=0.974) average_precision: (test=0.606) balanced_accuracy: (test=0.743) f1: (test=0.639) roc_auc: (test=0.803) 4.26min
[fit 100/210] END max_layers=80, n_estimators=13, n_trees=100; total=2625, TP=61, TN=2497, FP=3, FN=64; precision=0.953, recall=0.488
accuracy: (test=0.974) average_precision: (test=0.621) balanced_accuracy: (test=0.743) f1: (test=0.646) roc_auc: (test=0.809) 6.84min
[fit 103/210] END max_layers=80, n_estimators=13, n_trees=250; total=2625, TP=63, TN=2499, FP=1, FN=62; precision=0.984, recall=0.504
accuracy: (test=0.976) average_precision: (test=0.634) balanced_accuracy: (test=0.752) f1: (test=0.667) roc_auc: (test=0.818) 15.38min
[fit 111/210] END max_layers=120, n_estimators=2, n_trees=300; total=2625, TP=60, TN=2498, FP=2, FN=65; precision=0.968, recall=0.480
accuracy: (test=0.974) average_precision: (test=0.687) balanced_accuracy: (test=0.740) f1: (test=0.642) roc_auc: (test=0.917) 2.71min
[fit 113/210] END max_layers=120, n_estimators=5, n_trees=50; total=2625, TP=61, TN=2494, FP=6, FN=64; precision=0.910, recall=0.488
accuracy: (test=0.973) average_precision: (test=0.584) balanced_accuracy: (test=0.743) f1: (test=0.635) roc_auc: (test=0.782) 2.00min
[fit 114/210] END max_layers=120, n_estimators=5, n_trees=100; total=2625, TP=59, TN=2497, FP=3, FN=66; precision=0.952, recall=0.472
accuracy: (test=0.974) average_precision: (test=0.628) balanced_accuracy: (test=0.735) f1: (test=0.631) roc_auc: (test=0.816) 2.70min
[fit 117/210] END max_layers=120, n_estimators=5, n_trees=250; total=2625, TP=62, TN=2495, FP=5, FN=63; precision=0.925, recall=0.496
accuracy: (test=0.974) average_precision: (test=0.674) balanced_accuracy: (test=0.747) f1: (test=0.646) roc_auc: (test=0.895) 5.01min
[fit 121/210] END max_layers=120, n_estimators=8, n_trees=100; total=2625, TP=59, TN=2498, FP=2, FN=66; precision=0.967, recall=0.472
accuracy: (test=0.974) average_precision: (test=0.629) balanced_accuracy: (test=0.736) f1: (test=0.634) roc_auc: (test=0.816) 4.22min
[fit 124/210] END max_layers=120, n_estimators=8, n_trees=250; total=2625, TP=60, TN=2499, FP=1, FN=65; precision=0.984, recall=0.480
accuracy: (test=0.975) average_precision: (test=0.630) balanced_accuracy: (test=0.740) f1: (test=0.645) roc_auc: (test=0.814) 9.32min[fit 4/210] END max_layers=20, n_estimators=2, n_trees=200; total=2625, TP=59, TN=2497, FP=3, FN=66; precision=0.952, recall=0.472
accuracy: (test=0.974) average_precision: (test=0.649) balanced_accuracy: (test=0.735) f1: (test=0.631) roc_auc: (test=0.827) 2.13min
[fit 8/210] END max_layers=20, n_estimators=5, n_trees=50; total=2625, TP=61, TN=2494, FP=6, FN=64; precision=0.910, recall=0.488
accuracy: (test=0.973) average_precision: (test=0.584) balanced_accuracy: (test=0.743) f1: (test=0.635) roc_auc: (test=0.782) 1.96min
[fit 11/210] END max_layers=20, n_estimators=5, n_trees=200; total=2625, TP=60, TN=2497, FP=3, FN=65; precision=0.952, recall=0.480
accuracy: (test=0.974) average_precision: (test=0.673) balanced_accuracy: (test=0.739) f1: (test=0.638) roc_auc: (test=0.891) 4.14min
[fit 15/210] END max_layers=20, n_estimators=8, n_trees=50; total=2625, TP=62, TN=2495, FP=5, FN=63; precision=0.925, recall=0.496
accuracy: (test=0.974) average_precision: (test=0.607) balanced_accuracy: (test=0.747) f1: (test=0.646) roc_auc: (test=0.804) 2.58min
[fit 16/210] END max_layers=20, n_estimators=8, n_trees=100; total=2625, TP=59, TN=2498, FP=2, FN=66; precision=0.967, recall=0.472
accuracy: (test=0.974) average_precision: (test=0.629) balanced_accuracy: (test=0.736) f1: (test=0.634) roc_auc: (test=0.816) 4.27min
[fit 19/210] END max_layers=20, n_estimators=8, n_trees=250; total=2625, TP=60, TN=2499, FP=1, FN=65; precision=0.984, recall=0.480
accuracy: (test=0.975) average_precision: (test=0.630) balanced_accuracy: (test=0.740) f1: (test=0.645) roc_auc: (test=0.814) 9.35min
[fit 24/210] END max_layers=20, n_estimators=10, n_trees=150; total=2625, TP=59, TN=2498, FP=2, FN=66; precision=0.967, recall=0.472
accuracy: (test=0.974) average_precision: (test=0.630) balanced_accuracy: (test=0.736) f1: (test=0.634) roc_auc: (test=0.818) 7.48min
[fit 28/210] END max_layers=20, n_estimators=10, n_trees=400; total=2625, TP=61, TN=2496, FP=4, FN=64; precision=0.938, recall=0.488
accuracy: (test=0.974) average_precision: (test=0.638) balanced_accuracy: (test=0.743) f1: (test=0.642) roc_auc: (test=0.824) 18.58min
[fit 34/210] END max_layers=20, n_estimators=13, n_trees=300; total=2625, TP=62, TN=2495, FP=5, FN=63; precision=0.925, recall=0.496
accuracy: (test=0.974) average_precision: (test=0.652) balanced_accuracy: (test=0.747) f1: (test=0.646) roc_auc: (test=0.847) 15.84min
[fit 46/210] END max_layers=50, n_estimators=5, n_trees=200; total=2625, TP=60, TN=2497, FP=3, FN=65; precision=0.952, recall=0.480
accuracy: (test=0.974) average_precision: (test=0.673) balanced_accuracy: (test=0.739) f1: (test=0.638) roc_auc: (test=0.891) 4.12min
[fit 49/210] END max_layers=50, n_estimators=5, n_trees=400; total=2625, TP=59, TN=2496, FP=4, FN=66; precision=0.937, recall=0.472
accuracy: (test=0.973) average_precision: (test=0.678) balanced_accuracy: (test=0.735) f1: (test=0.628) roc_auc: (test=0.894) 7.87min
[fit 55/210] END max_layers=50, n_estimators=8, n_trees=300; total=2625, TP=63, TN=2496, FP=4, FN=62; precision=0.940, recall=0.504
accuracy: (test=0.975) average_precision: (test=0.665) balanced_accuracy: (test=0.751) f1: (test=0.656) roc_auc: (test=0.866) 9.50min
[fit 60/210] END max_layers=50, n_estimators=10, n_trees=200; total=2625, TP=61, TN=2495, FP=5, FN=64; precision=0.924, recall=0.488
accuracy: (test=0.974) average_precision: (test=0.651) balanced_accuracy: (test=0.743) f1: (test=0.639) roc_auc: (test=0.848) 8.00min
[fit 64/210] END max_layers=50, n_estimators=13, n_trees=50; total=2625, TP=61, TN=2495, FP=5, FN=64; precision=0.924, recall=0.488
accuracy: (test=0.974) average_precision: (test=0.606) balanced_accuracy: (test=0.743) f1: (test=0.639) roc_auc: (test=0.803) 4.33min
[fit 65/210] END max_layers=50, n_estimators=13, n_trees=100; total=2625, TP=61, TN=2497, FP=3, FN=64; precision=0.953, recall=0.488
accuracy: (test=0.974) average_precision: (test=0.621) balanced_accuracy: (test=0.743) f1: (test=0.646) roc_auc: (test=0.809) 6.97min
[fit 68/210] END max_layers=50, n_estimators=13, n_trees=250; total=2625, TP=63, TN=2499, FP=1, FN=62; precision=0.984, recall=0.504
accuracy: (test=0.976) average_precision: (test=0.634) balanced_accuracy: (test=0.752) f1: (test=0.667) roc_auc: (test=0.818) 15.58min
[fit 76/210] END max_layers=80, n_estimators=2, n_trees=300; total=2625, TP=60, TN=2498, FP=2, FN=65; precision=0.968, recall=0.480
accuracy: (test=0.974) average_precision: (test=0.687) balanced_accuracy: (test=0.740) f1: (test=0.642) roc_auc: (test=0.917) 2.78min
[fit 78/210] END max_layers=80, n_estimators=5, n_trees=50; total=2625, TP=61, TN=2494, FP=6, FN=64; precision=0.910, recall=0.488
accuracy: (test=0.973) average_precision: (test=0.584) balanced_accuracy: (test=0.743) f1: (test=0.635) roc_auc: (test=0.782) 2.09min
[fit 79/210] END max_layers=80, n_estimators=5, n_trees=100; total=2625, TP=59, TN=2497, FP=3, FN=66; precision=0.952, recall=0.472
accuracy: (test=0.974) average_precision: (test=0.628) balanced_accuracy: (test=0.735) f1: (test=0.631) roc_auc: (test=0.816) 2.83min
[fit 82/210] END max_layers=80, n_estimators=5, n_trees=250; total=2625, TP=62, TN=2495, FP=5, FN=63; precision=0.925, recall=0.496
accuracy: (test=0.974) average_precision: (test=0.674) balanced_accuracy: (test=0.747) f1: (test=0.646) roc_auc: (test=0.895) 5.10min
[fit 86/210] END max_layers=80, n_estimators=8, n_trees=100; total=2625, TP=59, TN=2498, FP=2, FN=66; precision=0.967, recall=0.472
accuracy: (test=0.974) average_precision: (test=0.629) balanced_accuracy: (test=0.736) f1: (test=0.634) roc_auc: (test=0.816) 4.26min
[fit 89/210] END max_layers=80, n_estimators=8, n_trees=250; total=2625, TP=60, TN=2499, FP=1, FN=65; precision=0.984, recall=0.480
accuracy: (test=0.975) average_precision: (test=0.630) balanced_accuracy: (test=0.740) f1: (test=0.645) roc_auc: (test=0.814) 9.32min
[fit 94/210] END max_layers=80, n_estimators=10, n_trees=150; total=2625, TP=59, TN=2498, FP=2, FN=66; precision=0.967, recall=0.472
accuracy: (test=0.974) average_precision: (test=0.630) balanced_accuracy: (test=0.736) f1: (test=0.634) roc_auc: (test=0.818) 7.49min
[fit 98/210] END max_layers=80, n_estimators=10, n_trees=400; total=2625, TP=61, TN=2496, FP=4, FN=64; precision=0.938, recall=0.488
accuracy: (test=0.974) average_precision: (test=0.638) balanced_accuracy: (test=0.743) f1: (test=0.642) roc_auc: (test=0.824) 18.54min
[fit 104/210] END max_layers=80, n_estimators=13, n_trees=300; total=2625, TP=62, TN=2495, FP=5, FN=63; precision=0.925, recall=0.496
accuracy: (test=0.974) average_precision: (test=0.652) balanced_accuracy: (test=0.747) f1: (test=0.646) roc_auc: (test=0.847) 15.69min
[fit 116/210] END max_layers=120, n_estimators=5, n_trees=200; total=2625, TP=60, TN=2497, FP=3, FN=65; precision=0.952, recall=0.480
accuracy: (test=0.974) average_precision: (test=0.673) balanced_accuracy: (test=0.739) f1: (test=0.638) roc_auc: (test=0.891) 4.15min
[fit 119/210] END max_layers=120, n_estimators=5, n_trees=400; total=2625, TP=59, TN=2496, FP=4, FN=66; precision=0.937, recall=0.472
accuracy: (test=0.973) average_precision: (test=0.678) balanced_accuracy: (test=0.735) f1: (test=0.628) roc_auc: (test=0.894) 7.88min
[fit 125/210] END max_layers=120, n_estimators=8, n_trees=300; total=2625, TP=63, TN=2496, FP=4, FN=62; precision=0.940, recall=0.504
accuracy: (test=0.975) average_precision: (test=0.665) balanced_accuracy: (test=0.751) f1: (test=0.656) roc_auc: (test=0.866) 9.47min
[fit 130/210] END max_layers=120, n_estimators=10, n_trees=200; total=2625, TP=61, TN=2495, FP=5, FN=64; precision=0.924, recall=0.488
accuracy: (test=0.974) average_precision: (test=0.651) balanced_accuracy: (test=0.743) f1: (test=0.639) roc_auc: (test=0.848) 8.00min
[fit 134/210] END max_layers=120, n_estimators=13, n_trees=50; total=2625, TP=61, TN=2495, FP=5, FN=64; precision=0.924, recall=0.488
accuracy: (test=0.974) average_precision: (test=0.606) balanced_accuracy: (test=0.743) f1: (test=0.639) roc_auc: (test=0.803) 4.30min
[fit 135/210] END max_layers=120, n_estimators=13, n_trees=100; total=2625, TP=61, TN=2497, FP=3, FN=64; precision=0.953, recall=0.488
accuracy: (test=0.974) average_precision: (test=0.621) balanced_accuracy: (test=0.743) f1: (test=0.646) roc_auc: (test=0.809) 6.93min
[fit 138/210] END max_layers=120, n_estimators=13, n_trees=250; total=2625, TP=63, TN=2499, FP=1, FN=62; precision=0.984, recall=0.504
accuracy: (test=0.976) average_precision: (test=0.634) balanced_accuracy: (test=0.752) f1: (test=0.667) roc_auc: (test=0.818) 15.31min
[fit 146/210] END max_layers=150, n_estimators=2, n_trees=300; total=2625, TP=60, TN=2498, FP=2, FN=65; precision=0.968, recall=0.480
accuracy: (test=0.974) average_precision: (test=0.687) balanced_accuracy: (test=0.740) f1: (test=0.642) roc_auc: (test=0.917) 2.72min
[fit 148/210] END max_layers=150, n_estimators=5, n_trees=50; total=2625, TP=61, TN=2494, FP=6, FN=64; precision=0.910, recall=0.488
accuracy: (test=0.973) average_precision: (test=0.584) balanced_accuracy: (test=0.743) f1: (test=0.635) roc_auc: (test=0.782) 2.00min
[fit 149/210] END max_layers=150, n_estimators=5, n_trees=100; total=2625, TP=59, TN=2497, FP=3, FN=66; precision=0.952, recall=0.472
accuracy: (test=0.974) average_precision: (test=0.628) balanced_accuracy: (test=0.735) f1: (test=0.631) roc_auc: (test=0.816) 2.67min
[fit 152/210] END max_layers=150, n_estimators=5, n_trees=250; total=2625, TP=62, TN=2495, FP=5, FN=63; precision=0.925, recall=0.496
accuracy: (test=0.974) average_precision: (test=0.674) balanced_accuracy: (test=0.747) f1: (test=0.646) roc_auc: (test=0.895) 5.06min
[fit 156/210] END max_layers=150, n_estimators=8, n_trees=100; total=2625, TP=59, TN=2498, FP=2, FN=66; precision=0.967, recall=0.472
accuracy: (test=0.974) average_precision: (test=0.629) balanced_accuracy: (test=0.736) f1: (test=0.634) roc_auc: (test=0.816) 4.20min
[fit 159/210] END max_layers=150, n_estimators=8, n_trees=250; total=2625, TP=60, TN=2499, FP=1, FN=65; precision=0.984, recall=0.480
accuracy: (test=0.975) average_precision: (test=0.630) balanced_accuracy: (test=0.740) f1: (test=0.645) roc_auc: (test=0.814) 9.36min
[fit 163/210] END max_layers=150, n_estimators=10, n_trees=100; total=2625, TP=59, TN=2498, FP=2, FN=66; precision=0.967, recall=0.472
accuracy: (test=0.974) average_precision: (test=0.627) balanced_accuracy: (test=0.736) f1: (test=0.634) roc_auc: (test=0.817) 5.40min
[fit 166/210] END max_layers=150, n_estimators=10, n_trees=250; total=2625, TP=59, TN=2499, FP=1, FN=66; precision=0.983, recall=0.472
accuracy: (test=0.974) average_precision: (test=0.633) balanced_accuracy: (test=0.736) f1: (test=0.638) roc_auc: (test=0.818) 12.12min
[fit 171/210] END max_layers=150, n_estimators=13, n_trees=150; total=2625, TP=62, TN=2497, FP=3, FN=63; precision=0.954, recall=0.496
accuracy: (test=0.975) average_precision: (test=0.626) balanced_accuracy: (test=0.747) f1: (test=0.653) roc_auc: (test=0.814) 9.76min
[fit 175/210] END max_layers=150, n_estimators=13, n_trees=400; total=2625, TP=62, TN=2495, FP=5, FN=63; precision=0.925, recall=0.496
accuracy: (test=0.974) average_precision: (test=0.650) balanced_accuracy: (test=0.747) f1: (test=0.646) roc_auc: (test=0.846) 20.36min
[fit 190/210] END max_layers=200, n_estimators=8, n_trees=50; total=2625, TP=62, TN=2495, FP=5, FN=63; precision=0.925, recall=0.496
accuracy: (test=0.974) average_precision: (test=0.607) balanced_accuracy: (test=0.747) f1: (test=0.646) roc_auc: (test=0.804) 2.56min
[fit 192/210] END max_layers=200, n_estimators=8, n_trees=150; total=2625, TP=61, TN=2498, FP=2, FN=64; precision=0.968, recall=0.488
accuracy: (test=0.975) average_precision: (test=0.629) balanced_accuracy: (test=0.744) f1: (test=0.649) roc_auc: (test=0.816) 5.92min
[fit 196/210] END max_layers=200, n_estimators=8, n_trees=400; total=2625, TP=61, TN=2496, FP=4, FN=64; precision=0.938, recall=0.488
accuracy: (test=0.974) average_precision: (test=0.665) balanced_accuracy: (test=0.743) f1: (test=0.642) roc_auc: (test=0.866) 12.70min
[fit 202/210] END max_layers=200, n_estimators=10, n_trees=300; total=2625, TP=63, TN=2495, FP=5, FN=62; precision=0.926, recall=0.504
accuracy: (test=0.974) average_precision: (test=0.656) balanced_accuracy: (test=0.751) f1: (test=0.653) roc_auc: (test=0.845) 12.39min
[fit 207/210] END max_layers=200, n_estimators=13, n_trees=200; total=2625, TP=62, TN=2495, FP=5, FN=63; precision=0.925, recall=0.496
accuracy: (test=0.974) average_precision: (test=0.648) balanced_accuracy: (test=0.747) f1: (test=0.646) roc_auc: (test=0.845) 10.76min

[fit 126/210] END max_layers=120, n_estimators=8, n_trees=400; total=2625, TP=61, TN=2496, FP=4, FN=64; precision=0.938, recall=0.488
accuracy: (test=0.974) average_precision: (test=0.665) balanced_accuracy: (test=0.743) f1: (test=0.642) roc_auc: (test=0.866) 12.34min
[fit 132/210] END max_layers=120, n_estimators=10, n_trees=300; total=2625, TP=63, TN=2495, FP=5, FN=62; precision=0.926, recall=0.504
accuracy: (test=0.974) average_precision: (test=0.656) balanced_accuracy: (test=0.751) f1: (test=0.653) roc_auc: (test=0.845) 12.02min
[fit 137/210] END max_layers=120, n_estimators=13, n_trees=200; total=2625, TP=62, TN=2495, FP=5, FN=63; precision=0.925, recall=0.496
accuracy: (test=0.974) average_precision: (test=0.648) balanced_accuracy: (test=0.747) f1: (test=0.646) roc_auc: (test=0.845) 10.52min
[fit 141/210] END max_layers=150, n_estimators=2, n_trees=50; total=2625, TP=61, TN=2495, FP=5, FN=64; precision=0.924, recall=0.488
accuracy: (test=0.974) average_precision: (test=0.590) balanced_accuracy: (test=0.743) f1: (test=0.639) roc_auc: (test=0.785) 48.98s
[fit 142/210] END max_layers=150, n_estimators=2, n_trees=100; total=2625, TP=59, TN=2497, FP=3, FN=66; precision=0.952, recall=0.472
accuracy: (test=0.974) average_precision: (test=0.647) balanced_accuracy: (test=0.735) f1: (test=0.631) roc_auc: (test=0.856) 1.20min
[fit 143/210] END max_layers=150, n_estimators=2, n_trees=150; total=2625, TP=60, TN=2497, FP=3, FN=65; precision=0.952, recall=0.480
accuracy: (test=0.974) average_precision: (test=0.644) balanced_accuracy: (test=0.739) f1: (test=0.638) roc_auc: (test=0.844) 1.70min
[fit 144/210] END max_layers=150, n_estimators=2, n_trees=200; total=2625, TP=59, TN=2497, FP=3, FN=66; precision=0.952, recall=0.472
accuracy: (test=0.974) average_precision: (test=0.649) balanced_accuracy: (test=0.735) f1: (test=0.631) roc_auc: (test=0.827) 2.21min
[fit 145/210] END max_layers=150, n_estimators=2, n_trees=250; total=2625, TP=57, TN=2498, FP=2, FN=68; precision=0.966, recall=0.456
accuracy: (test=0.973) average_precision: (test=0.662) balanced_accuracy: (test=0.728) f1: (test=0.620) roc_auc: (test=0.864) 2.67min
[fit 147/210] END max_layers=150, n_estimators=2, n_trees=400; total=2625, TP=57, TN=2498, FP=2, FN=68; precision=0.966, recall=0.456
accuracy: (test=0.973) average_precision: (test=0.656) balanced_accuracy: (test=0.728) f1: (test=0.620) roc_auc: (test=0.860) 4.23min
[fit 150/210] END max_layers=150, n_estimators=5, n_trees=150; total=2625, TP=60, TN=2498, FP=2, FN=65; precision=0.968, recall=0.480
accuracy: (test=0.974) average_precision: (test=0.636) balanced_accuracy: (test=0.740) f1: (test=0.642) roc_auc: (test=0.820) 3.91min
[fit 153/210] END max_layers=150, n_estimators=5, n_trees=300; total=2625, TP=60, TN=2497, FP=3, FN=65; precision=0.952, recall=0.480
accuracy: (test=0.974) average_precision: (test=0.674) balanced_accuracy: (test=0.739) f1: (test=0.638) roc_auc: (test=0.892) 6.00min
[fit 158/210] END max_layers=150, n_estimators=8, n_trees=200; total=2625, TP=59, TN=2499, FP=1, FN=66; precision=0.983, recall=0.472
accuracy: (test=0.974) average_precision: (test=0.623) balanced_accuracy: (test=0.736) f1: (test=0.638) roc_auc: (test=0.810) 7.55min
[fit 162/210] END max_layers=150, n_estimators=10, n_trees=50; total=2625, TP=61, TN=2495, FP=5, FN=64; precision=0.924, recall=0.488
accuracy: (test=0.974) average_precision: (test=0.597) balanced_accuracy: (test=0.743) f1: (test=0.639) roc_auc: (test=0.795) 3.36min
[fit 164/210] END max_layers=150, n_estimators=10, n_trees=150; total=2625, TP=59, TN=2498, FP=2, FN=66; precision=0.967, recall=0.472
accuracy: (test=0.974) average_precision: (test=0.630) balanced_accuracy: (test=0.736) f1: (test=0.634) roc_auc: (test=0.818) 7.54min
[fit 168/210] END max_layers=150, n_estimators=10, n_trees=400; total=2625, TP=61, TN=2496, FP=4, FN=64; precision=0.938, recall=0.488
accuracy: (test=0.974) average_precision: (test=0.638) balanced_accuracy: (test=0.743) f1: (test=0.642) roc_auc: (test=0.824) 18.49min
[fit 174/210] END max_layers=150, n_estimators=13, n_trees=300; total=2625, TP=62, TN=2495, FP=5, FN=63; precision=0.925, recall=0.496
accuracy: (test=0.974) average_precision: (test=0.652) balanced_accuracy: (test=0.747) f1: (test=0.646) roc_auc: (test=0.847) 15.59min
[fit 186/210] END max_layers=200, n_estimators=5, n_trees=200; total=2625, TP=60, TN=2497, FP=3, FN=65; precision=0.952, recall=0.480
accuracy: (test=0.974) average_precision: (test=0.673) balanced_accuracy: (test=0.739) f1: (test=0.638) roc_auc: (test=0.891) 4.13min
[fit 189/210] END max_layers=200, n_estimators=5, n_trees=400; total=2625, TP=59, TN=2496, FP=4, FN=66; precision=0.937, recall=0.472
accuracy: (test=0.973) average_precision: (test=0.678) balanced_accuracy: (test=0.735) f1: (test=0.628) roc_auc: (test=0.894) 7.90min
[fit 195/210] END max_layers=200, n_estimators=8, n_trees=300; total=2625, TP=63, TN=2496, FP=4, FN=62; precision=0.940, recall=0.504
accuracy: (test=0.975) average_precision: (test=0.665) balanced_accuracy: (test=0.751) f1: (test=0.656) roc_auc: (test=0.866) 9.57min
[fit 200/210] END max_layers=200, n_estimators=10, n_trees=200; total=2625, TP=61, TN=2495, FP=5, FN=64; precision=0.924, recall=0.488
accuracy: (test=0.974) average_precision: (test=0.651) balanced_accuracy: (test=0.743) f1: (test=0.639) roc_auc: (test=0.848) 8.19min
[fit 204/210] END max_layers=200, n_estimators=13, n_trees=50; total=2625, TP=61, TN=2495, FP=5, FN=64; precision=0.924, recall=0.488
accuracy: (test=0.974) average_precision: (test=0.606) balanced_accuracy: (test=0.743) f1: (test=0.639) roc_auc: (test=0.803) 4.38min
[fit 205/210] END max_layers=200, n_estimators=13, n_trees=100; total=2625, TP=61, TN=2497, FP=3, FN=64; precision=0.953, recall=0.488
accuracy: (test=0.974) average_precision: (test=0.621) balanced_accuracy: (test=0.743) f1: (test=0.646) roc_auc: (test=0.809) 7.12min
[fit 208/210] END max_layers=200, n_estimators=13, n_trees=250; total=2625, TP=63, TN=2499, FP=1, FN=62; precision=0.984, recall=0.504
accuracy: (test=0.976) average_precision: (test=0.634) balanced_accuracy: (test=0.752) f1: (test=0.667) roc_auc: (test=0.818) 14.36min
write rank test to csv!!!
write over!!!
clf.best_estimator_params: {'max_layers': 20, 'n_estimators': 2, 'n_trees': 300}
best params found in fit [6] for metric [roc_auc] in rank file
total time spending: 6h 18m 1s

[fit 128/210] END max_layers=120, n_estimators=10, n_trees=100; total=2625, TP=59, TN=2498, FP=2, FN=66; precision=0.967, recall=0.472
accuracy: (test=0.974) average_precision: (test=0.627) balanced_accuracy: (test=0.736) f1: (test=0.634) roc_auc: (test=0.817) 5.32min
[fit 131/210] END max_layers=120, n_estimators=10, n_trees=250; total=2625, TP=59, TN=2499, FP=1, FN=66; precision=0.983, recall=0.472
accuracy: (test=0.974) average_precision: (test=0.633) balanced_accuracy: (test=0.736) f1: (test=0.638) roc_auc: (test=0.818) 12.02min
[fit 136/210] END max_layers=120, n_estimators=13, n_trees=150; total=2625, TP=62, TN=2497, FP=3, FN=63; precision=0.954, recall=0.496
accuracy: (test=0.975) average_precision: (test=0.626) balanced_accuracy: (test=0.747) f1: (test=0.653) roc_auc: (test=0.814) 9.68min
[fit 140/210] END max_layers=120, n_estimators=13, n_trees=400; total=2625, TP=62, TN=2495, FP=5, FN=63; precision=0.925, recall=0.496
accuracy: (test=0.974) average_precision: (test=0.650) balanced_accuracy: (test=0.747) f1: (test=0.646) roc_auc: (test=0.846) 20.43min
[fit 155/210] END max_layers=150, n_estimators=8, n_trees=50; total=2625, TP=62, TN=2495, FP=5, FN=63; precision=0.925, recall=0.496
accuracy: (test=0.974) average_precision: (test=0.607) balanced_accuracy: (test=0.747) f1: (test=0.646) roc_auc: (test=0.804) 2.53min
[fit 157/210] END max_layers=150, n_estimators=8, n_trees=150; total=2625, TP=61, TN=2498, FP=2, FN=64; precision=0.968, recall=0.488
accuracy: (test=0.975) average_precision: (test=0.629) balanced_accuracy: (test=0.744) f1: (test=0.649) roc_auc: (test=0.816) 5.83min
[fit 161/210] END max_layers=150, n_estimators=8, n_trees=400; total=2625, TP=61, TN=2496, FP=4, FN=64; precision=0.938, recall=0.488
accuracy: (test=0.974) average_precision: (test=0.665) balanced_accuracy: (test=0.743) f1: (test=0.642) roc_auc: (test=0.866) 12.36min
[fit 167/210] END max_layers=150, n_estimators=10, n_trees=300; total=2625, TP=63, TN=2495, FP=5, FN=62; precision=0.926, recall=0.504
accuracy: (test=0.974) average_precision: (test=0.656) balanced_accuracy: (test=0.751) f1: (test=0.653) roc_auc: (test=0.845) 12.08min
[fit 172/210] END max_layers=150, n_estimators=13, n_trees=200; total=2625, TP=62, TN=2495, FP=5, FN=63; precision=0.925, recall=0.496
accuracy: (test=0.974) average_precision: (test=0.648) balanced_accuracy: (test=0.747) f1: (test=0.646) roc_auc: (test=0.845) 10.50min
[fit 176/210] END max_layers=200, n_estimators=2, n_trees=50; total=2625, TP=61, TN=2495, FP=5, FN=64; precision=0.924, recall=0.488
accuracy: (test=0.974) average_precision: (test=0.590) balanced_accuracy: (test=0.743) f1: (test=0.639) roc_auc: (test=0.785) 48.45s
[fit 177/210] END max_layers=200, n_estimators=2, n_trees=100; total=2625, TP=59, TN=2497, FP=3, FN=66; precision=0.952, recall=0.472
accuracy: (test=0.974) average_precision: (test=0.647) balanced_accuracy: (test=0.735) f1: (test=0.631) roc_auc: (test=0.856) 1.19min
[fit 178/210] END max_layers=200, n_estimators=2, n_trees=150; total=2625, TP=60, TN=2497, FP=3, FN=65; precision=0.952, recall=0.480
accuracy: (test=0.974) average_precision: (test=0.644) balanced_accuracy: (test=0.739) f1: (test=0.638) roc_auc: (test=0.844) 1.70min
[fit 179/210] END max_layers=200, n_estimators=2, n_trees=200; total=2625, TP=59, TN=2497, FP=3, FN=66; precision=0.952, recall=0.472
accuracy: (test=0.974) average_precision: (test=0.649) balanced_accuracy: (test=0.735) f1: (test=0.631) roc_auc: (test=0.827) 2.18min
[fit 180/210] END max_layers=200, n_estimators=2, n_trees=250; total=2625, TP=57, TN=2498, FP=2, FN=68; precision=0.966, recall=0.456
accuracy: (test=0.973) average_precision: (test=0.662) balanced_accuracy: (test=0.728) f1: (test=0.620) roc_auc: (test=0.864) 2.69min
[fit 182/210] END max_layers=200, n_estimators=2, n_trees=400; total=2625, TP=57, TN=2498, FP=2, FN=68; precision=0.966, recall=0.456
accuracy: (test=0.973) average_precision: (test=0.656) balanced_accuracy: (test=0.728) f1: (test=0.620) roc_auc: (test=0.860) 4.19min
[fit 185/210] END max_layers=200, n_estimators=5, n_trees=150; total=2625, TP=60, TN=2498, FP=2, FN=65; precision=0.968, recall=0.480
accuracy: (test=0.974) average_precision: (test=0.636) balanced_accuracy: (test=0.740) f1: (test=0.642) roc_auc: (test=0.820) 3.84min
[fit 188/210] END max_layers=200, n_estimators=5, n_trees=300; total=2625, TP=60, TN=2497, FP=3, FN=65; precision=0.952, recall=0.480
accuracy: (test=0.974) average_precision: (test=0.674) balanced_accuracy: (test=0.739) f1: (test=0.638) roc_auc: (test=0.892) 5.97min
[fit 193/210] END max_layers=200, n_estimators=8, n_trees=200; total=2625, TP=59, TN=2499, FP=1, FN=66; precision=0.983, recall=0.472
accuracy: (test=0.974) average_precision: (test=0.623) balanced_accuracy: (test=0.736) f1: (test=0.638) roc_auc: (test=0.810) 7.63min
[fit 197/210] END max_layers=200, n_estimators=10, n_trees=50; total=2625, TP=61, TN=2495, FP=5, FN=64; precision=0.924, recall=0.488
accuracy: (test=0.974) average_precision: (test=0.597) balanced_accuracy: (test=0.743) f1: (test=0.639) roc_auc: (test=0.795) 3.42min
[fit 199/210] END max_layers=200, n_estimators=10, n_trees=150; total=2625, TP=59, TN=2498, FP=2, FN=66; precision=0.967, recall=0.472
accuracy: (test=0.974) average_precision: (test=0.630) balanced_accuracy: (test=0.736) f1: (test=0.634) roc_auc: (test=0.818) 7.68min
[fit 203/210] END max_layers=200, n_estimators=10, n_trees=400; total=2625, TP=61, TN=2496, FP=4, FN=64; precision=0.938, recall=0.488
accuracy: (test=0.974) average_precision: (test=0.638) balanced_accuracy: (test=0.743) f1: (test=0.642) roc_auc: (test=0.824) 19.01min
[fit 209/210] END max_layers=200, n_estimators=13, n_trees=300; total=2625, TP=62, TN=2495, FP=5, FN=63; precision=0.925, recall=0.496
accuracy: (test=0.974) average_precision: (test=0.652) balanced_accuracy: (test=0.747) f1: (test=0.646) roc_auc: (test=0.847) 12.45min

[fit 112/210] END max_layers=120, n_estimators=2, n_trees=400; total=2625, TP=57, TN=2498, FP=2, FN=68; precision=0.966, recall=0.456
accuracy: (test=0.973) average_precision: (test=0.656) balanced_accuracy: (test=0.728) f1: (test=0.620) roc_auc: (test=0.860) 4.22min
[fit 115/210] END max_layers=120, n_estimators=5, n_trees=150; total=2625, TP=60, TN=2498, FP=2, FN=65; precision=0.968, recall=0.480
accuracy: (test=0.974) average_precision: (test=0.636) balanced_accuracy: (test=0.740) f1: (test=0.642) roc_auc: (test=0.820) 3.85min
[fit 118/210] END max_layers=120, n_estimators=5, n_trees=300; total=2625, TP=60, TN=2497, FP=3, FN=65; precision=0.952, recall=0.480
accuracy: (test=0.974) average_precision: (test=0.674) balanced_accuracy: (test=0.739) f1: (test=0.638) roc_auc: (test=0.892) 5.99min
[fit 123/210] END max_layers=120, n_estimators=8, n_trees=200; total=2625, TP=59, TN=2499, FP=1, FN=66; precision=0.983, recall=0.472
accuracy: (test=0.974) average_precision: (test=0.623) balanced_accuracy: (test=0.736) f1: (test=0.638) roc_auc: (test=0.810) 7.57min
[fit 127/210] END max_layers=120, n_estimators=10, n_trees=50; total=2625, TP=61, TN=2495, FP=5, FN=64; precision=0.924, recall=0.488
accuracy: (test=0.974) average_precision: (test=0.597) balanced_accuracy: (test=0.743) f1: (test=0.639) roc_auc: (test=0.795) 3.34min
[fit 129/210] END max_layers=120, n_estimators=10, n_trees=150; total=2625, TP=59, TN=2498, FP=2, FN=66; precision=0.967, recall=0.472
accuracy: (test=0.974) average_precision: (test=0.630) balanced_accuracy: (test=0.736) f1: (test=0.634) roc_auc: (test=0.818) 7.43min
[fit 133/210] END max_layers=120, n_estimators=10, n_trees=400; total=2625, TP=61, TN=2496, FP=4, FN=64; precision=0.938, recall=0.488
accuracy: (test=0.974) average_precision: (test=0.638) balanced_accuracy: (test=0.743) f1: (test=0.642) roc_auc: (test=0.824) 18.53min
[fit 139/210] END max_layers=120, n_estimators=13, n_trees=300; total=2625, TP=62, TN=2495, FP=5, FN=63; precision=0.925, recall=0.496
accuracy: (test=0.974) average_precision: (test=0.652) balanced_accuracy: (test=0.747) f1: (test=0.646) roc_auc: (test=0.847) 15.58min
[fit 151/210] END max_layers=150, n_estimators=5, n_trees=200; total=2625, TP=60, TN=2497, FP=3, FN=65; precision=0.952, recall=0.480
accuracy: (test=0.974) average_precision: (test=0.673) balanced_accuracy: (test=0.739) f1: (test=0.638) roc_auc: (test=0.891) 4.18min
[fit 154/210] END max_layers=150, n_estimators=5, n_trees=400; total=2625, TP=59, TN=2496, FP=4, FN=66; precision=0.937, recall=0.472
accuracy: (test=0.973) average_precision: (test=0.678) balanced_accuracy: (test=0.735) f1: (test=0.628) roc_auc: (test=0.894) 7.82min
[fit 160/210] END max_layers=150, n_estimators=8, n_trees=300; total=2625, TP=63, TN=2496, FP=4, FN=62; precision=0.940, recall=0.504
accuracy: (test=0.975) average_precision: (test=0.665) balanced_accuracy: (test=0.751) f1: (test=0.656) roc_auc: (test=0.866) 9.46min
[fit 165/210] END max_layers=150, n_estimators=10, n_trees=200; total=2625, TP=61, TN=2495, FP=5, FN=64; precision=0.924, recall=0.488
accuracy: (test=0.974) average_precision: (test=0.651) balanced_accuracy: (test=0.743) f1: (test=0.639) roc_auc: (test=0.848) 8.04min
[fit 169/210] END max_layers=150, n_estimators=13, n_trees=50; total=2625, TP=61, TN=2495, FP=5, FN=64; precision=0.924, recall=0.488
accuracy: (test=0.974) average_precision: (test=0.606) balanced_accuracy: (test=0.743) f1: (test=0.639) roc_auc: (test=0.803) 4.25min
[fit 170/210] END max_layers=150, n_estimators=13, n_trees=100; total=2625, TP=61, TN=2497, FP=3, FN=64; precision=0.953, recall=0.488
accuracy: (test=0.974) average_precision: (test=0.621) balanced_accuracy: (test=0.743) f1: (test=0.646) roc_auc: (test=0.809) 6.94min
[fit 173/210] END max_layers=150, n_estimators=13, n_trees=250; total=2625, TP=63, TN=2499, FP=1, FN=62; precision=0.984, recall=0.504
accuracy: (test=0.976) average_precision: (test=0.634) balanced_accuracy: (test=0.752) f1: (test=0.667) roc_auc: (test=0.818) 15.30min
[fit 181/210] END max_layers=200, n_estimators=2, n_trees=300; total=2625, TP=60, TN=2498, FP=2, FN=65; precision=0.968, recall=0.480
accuracy: (test=0.974) average_precision: (test=0.687) balanced_accuracy: (test=0.740) f1: (test=0.642) roc_auc: (test=0.917) 2.70min
[fit 183/210] END max_layers=200, n_estimators=5, n_trees=50; total=2625, TP=61, TN=2494, FP=6, FN=64; precision=0.910, recall=0.488
accuracy: (test=0.973) average_precision: (test=0.584) balanced_accuracy: (test=0.743) f1: (test=0.635) roc_auc: (test=0.782) 1.96min
[fit 184/210] END max_layers=200, n_estimators=5, n_trees=100; total=2625, TP=59, TN=2497, FP=3, FN=66; precision=0.952, recall=0.472
accuracy: (test=0.974) average_precision: (test=0.628) balanced_accuracy: (test=0.735) f1: (test=0.631) roc_auc: (test=0.816) 2.66min
[fit 187/210] END max_layers=200, n_estimators=5, n_trees=250; total=2625, TP=62, TN=2495, FP=5, FN=63; precision=0.925, recall=0.496
accuracy: (test=0.974) average_precision: (test=0.674) balanced_accuracy: (test=0.747) f1: (test=0.646) roc_auc: (test=0.895) 5.01min
[fit 191/210] END max_layers=200, n_estimators=8, n_trees=100; total=2625, TP=59, TN=2498, FP=2, FN=66; precision=0.967, recall=0.472
accuracy: (test=0.974) average_precision: (test=0.629) balanced_accuracy: (test=0.736) f1: (test=0.634) roc_auc: (test=0.816) 4.22min
[fit 194/210] END max_layers=200, n_estimators=8, n_trees=250; total=2625, TP=60, TN=2499, FP=1, FN=65; precision=0.984, recall=0.480
accuracy: (test=0.975) average_precision: (test=0.630) balanced_accuracy: (test=0.740) f1: (test=0.645) roc_auc: (test=0.814) 9.45min
[fit 198/210] END max_layers=200, n_estimators=10, n_trees=100; total=2625, TP=59, TN=2498, FP=2, FN=66; precision=0.967, recall=0.472
accuracy: (test=0.974) average_precision: (test=0.627) balanced_accuracy: (test=0.736) f1: (test=0.634) roc_auc: (test=0.817) 5.49min
[fit 201/210] END max_layers=200, n_estimators=10, n_trees=250; total=2625, TP=59, TN=2499, FP=1, FN=66; precision=0.983, recall=0.472
accuracy: (test=0.974) average_precision: (test=0.633) balanced_accuracy: (test=0.736) f1: (test=0.638) roc_auc: (test=0.818) 12.30min
[fit 206/210] END max_layers=200, n_estimators=13, n_trees=150; total=2625, TP=62, TN=2497, FP=3, FN=63; precision=0.954, recall=0.496
accuracy: (test=0.975) average_precision: (test=0.626) balanced_accuracy: (test=0.747) f1: (test=0.653) roc_auc: (test=0.814) 9.92min
[fit 210/210] END max_layers=200, n_estimators=13, n_trees=400; total=2625, TP=62, TN=2495, FP=5, FN=63; precision=0.925, recall=0.496
accuracy: (test=0.974) average_precision: (test=0.650) balanced_accuracy: (test=0.747) f1: (test=0.646) roc_auc: (test=0.846) 14.38min
