nohup: ignoring input
experiment: K562 pseknc_xgboost
trainSet len:[X=71150,y=71150]
testSet len:[X=4147,y=4147]
第一次
{'objective': 'binary:logistic', 'use_label_encoder': False, 'base_score': None, 'booster': None, 'colsample_bylevel': None, 'colsample_bynode': None, 'colsample_bytree': 0.8, 'gamma': 0, 'gpu_id': None, 'importance_type': 'gain', 'interaction_constraints': None, 'learning_rate': 0.1, 'max_delta_step': None, 'max_depth': 5, 'min_child_weight': 1, 'missing': nan, 'monotone_constraints': None, 'n_estimators': 500, 'n_jobs': None, 'num_parallel_tree': None, 'random_state': None, 'reg_alpha': 0, 'reg_lambda': 1, 'scale_pos_weight': None, 'subsample': 0.8, 'tree_method': 'gpu_hist', 'validate_parameters': None, 'verbosity': None, 'seed': 0, 'eval_metric': 'logloss'}
Fitting, totalling 20 fits
[fit 1/20] END n_estimators=50; total=4147, TP=123, TN=3484, FP=466, FN=74; precision=0.209, recall=0.624
accuracy: (test=0.870) average_precision: (test=0.304) balanced_accuracy: (test=0.753) f1: (test=0.313) roc_auc: (test=0.828) 1.30s
[fit 2/20] END n_estimators=100; total=4147, TP=128, TN=3617, FP=333, FN=69; precision=0.278, recall=0.650
accuracy: (test=0.903) average_precision: (test=0.414) balanced_accuracy: (test=0.783) f1: (test=0.389) roc_auc: (test=0.868) 1.54s
[fit 3/20] END n_estimators=150; total=4147, TP=136, TN=3709, FP=241, FN=61; precision=0.361, recall=0.690
accuracy: (test=0.927) average_precision: (test=0.476) balanced_accuracy: (test=0.815) f1: (test=0.474) roc_auc: (test=0.889) 2.14s
[fit 4/20] END n_estimators=200; total=4147, TP=134, TN=3742, FP=208, FN=63; precision=0.392, recall=0.680
accuracy: (test=0.935) average_precision: (test=0.511) balanced_accuracy: (test=0.814) f1: (test=0.497) roc_auc: (test=0.896) 2.75s
[fit 5/20] END n_estimators=250; total=4147, TP=136, TN=3779, FP=171, FN=61; precision=0.443, recall=0.690
accuracy: (test=0.944) average_precision: (test=0.547) balanced_accuracy: (test=0.824) f1: (test=0.540) roc_auc: (test=0.900) 3.34s
[fit 6/20] END n_estimators=300; total=4147, TP=135, TN=3801, FP=149, FN=62; precision=0.475, recall=0.685
accuracy: (test=0.949) average_precision: (test=0.579) balanced_accuracy: (test=0.824) f1: (test=0.561) roc_auc: (test=0.903) 4.77s
[fit 7/20] END n_estimators=350; total=4147, TP=136, TN=3829, FP=121, FN=61; precision=0.529, recall=0.690
accuracy: (test=0.956) average_precision: (test=0.608) balanced_accuracy: (test=0.830) f1: (test=0.599) roc_auc: (test=0.905) 8.86s
[fit 8/20] END n_estimators=400; total=4147, TP=130, TN=3838, FP=112, FN=67; precision=0.537, recall=0.660
accuracy: (test=0.957) average_precision: (test=0.627) balanced_accuracy: (test=0.816) f1: (test=0.592) roc_auc: (test=0.906) 10.09s
[fit 9/20] END n_estimators=450; total=4147, TP=127, TN=3850, FP=100, FN=70; precision=0.559, recall=0.645
accuracy: (test=0.959) average_precision: (test=0.643) balanced_accuracy: (test=0.810) f1: (test=0.599) roc_auc: (test=0.906) 11.64s
[fit 10/20] END n_estimators=500; total=4147, TP=128, TN=3870, FP=80, FN=69; precision=0.615, recall=0.650
accuracy: (test=0.964) average_precision: (test=0.654) balanced_accuracy: (test=0.815) f1: (test=0.632) roc_auc: (test=0.907) 12.91s
[fit 11/20] END n_estimators=550; total=4147, TP=126, TN=3879, FP=71, FN=71; precision=0.640, recall=0.640
accuracy: (test=0.966) average_precision: (test=0.661) balanced_accuracy: (test=0.811) f1: (test=0.640) roc_auc: (test=0.908) 14.07s
[fit 12/20] END n_estimators=600; total=4147, TP=126, TN=3888, FP=62, FN=71; precision=0.670, recall=0.640
accuracy: (test=0.968) average_precision: (test=0.672) balanced_accuracy: (test=0.812) f1: (test=0.655) roc_auc: (test=0.908) 15.54s
[fit 13/20] END n_estimators=650; total=4147, TP=122, TN=3895, FP=55, FN=75; precision=0.689, recall=0.619
accuracy: (test=0.969) average_precision: (test=0.675) balanced_accuracy: (test=0.803) f1: (test=0.652) roc_auc: (test=0.910) 16.78s
[fit 14/20] END n_estimators=700; total=4147, TP=118, TN=3901, FP=49, FN=79; precision=0.707, recall=0.599
accuracy: (test=0.969) average_precision: (test=0.684) balanced_accuracy: (test=0.793) f1: (test=0.648) roc_auc: (test=0.912) 18.10s
[fit 15/20] END n_estimators=750; total=4147, TP=120, TN=3905, FP=45, FN=77; precision=0.727, recall=0.609
accuracy: (test=0.971) average_precision: (test=0.694) balanced_accuracy: (test=0.799) f1: (test=0.663) roc_auc: (test=0.913) 19.48s
[fit 16/20] END n_estimators=800; total=4147, TP=121, TN=3906, FP=44, FN=76; precision=0.733, recall=0.614
accuracy: (test=0.971) average_precision: (test=0.698) balanced_accuracy: (test=0.802) f1: (test=0.669) roc_auc: (test=0.914) 20.82s
[fit 17/20] END n_estimators=850; total=4147, TP=119, TN=3910, FP=40, FN=78; precision=0.748, recall=0.604
accuracy: (test=0.972) average_precision: (test=0.702) balanced_accuracy: (test=0.797) f1: (test=0.669) roc_auc: (test=0.916) 22.10s
[fit 18/20] END n_estimators=900; total=4147, TP=115, TN=3909, FP=41, FN=82; precision=0.737, recall=0.584
accuracy: (test=0.970) average_precision: (test=0.702) balanced_accuracy: (test=0.787) f1: (test=0.652) roc_auc: (test=0.915) 23.10s
[fit 19/20] END n_estimators=950; total=4147, TP=117, TN=3910, FP=40, FN=80; precision=0.745, recall=0.594
accuracy: (test=0.971) average_precision: (test=0.708) balanced_accuracy: (test=0.792) f1: (test=0.661) roc_auc: (test=0.916) 24.68s
[fit 20/20] END n_estimators=1000; total=4147, TP=115, TN=3911, FP=39, FN=82; precision=0.747, recall=0.584
accuracy: (test=0.971) average_precision: (test=0.711) balanced_accuracy: (test=0.787) f1: (test=0.655) roc_auc: (test=0.917) 25.90s
clf.best_estimator_params: {'n_estimators': 1000}
best params found in line [21] for metric [roc_auc] in rank file
best params found in fit [20] for metric [roc_auc] in run_and_score file
clf.best_scoring_result: [Total: (test=4147) TP: (test=115.000) TN: (test=3911.000) FP: (test=39.000) FN: (test=82.000) precision: (test=0.747) recall: (test=0.584) accuracy: (test=0.971) average_precision: (test=0.711) balanced_accuracy: (test=0.787) f1: (test=0.655) roc_auc: (test=0.917) ]
write rank test to csv!!!
write over!!!
第二次
{'objective': 'binary:logistic', 'use_label_encoder': False, 'base_score': None, 'booster': None, 'colsample_bylevel': None, 'colsample_bynode': None, 'colsample_bytree': 0.8, 'gamma': 0, 'gpu_id': None, 'importance_type': 'gain', 'interaction_constraints': None, 'learning_rate': 0.1, 'max_delta_step': None, 'max_depth': 5, 'min_child_weight': 1, 'missing': nan, 'monotone_constraints': None, 'n_estimators': 1000, 'n_jobs': None, 'num_parallel_tree': None, 'random_state': None, 'reg_alpha': 0, 'reg_lambda': 1, 'scale_pos_weight': None, 'subsample': 0.8, 'tree_method': 'gpu_hist', 'validate_parameters': None, 'verbosity': None, 'seed': 0, 'eval_metric': 'logloss'}
Fitting, totalling 54 fits
[fit 1/54] END max_depth=3, min_child_weight=1; total=4147, TP=140, TN=3760, FP=190, FN=57; precision=0.424, recall=0.711
accuracy: (test=0.940) average_precision: (test=0.545) balanced_accuracy: (test=0.831) f1: (test=0.531) roc_auc: (test=0.904) 13.57s
[fit 2/54] END max_depth=3, min_child_weight=2; total=4147, TP=137, TN=3751, FP=199, FN=60; precision=0.408, recall=0.695
accuracy: (test=0.938) average_precision: (test=0.538) balanced_accuracy: (test=0.823) f1: (test=0.514) roc_auc: (test=0.899) 12.92s
[fit 3/54] END max_depth=3, min_child_weight=3; total=4147, TP=137, TN=3747, FP=203, FN=60; precision=0.403, recall=0.695
accuracy: (test=0.937) average_precision: (test=0.546) balanced_accuracy: (test=0.822) f1: (test=0.510) roc_auc: (test=0.902) 12.83s
[fit 4/54] END max_depth=3, min_child_weight=4; total=4147, TP=135, TN=3751, FP=199, FN=62; precision=0.404, recall=0.685
accuracy: (test=0.937) average_precision: (test=0.526) balanced_accuracy: (test=0.817) f1: (test=0.508) roc_auc: (test=0.900) 13.01s
[fit 5/54] END max_depth=3, min_child_weight=5; total=4147, TP=141, TN=3740, FP=210, FN=56; precision=0.402, recall=0.716
accuracy: (test=0.936) average_precision: (test=0.529) balanced_accuracy: (test=0.831) f1: (test=0.515) roc_auc: (test=0.901) 12.95s
[fit 6/54] END max_depth=3, min_child_weight=6; total=4147, TP=137, TN=3753, FP=197, FN=60; precision=0.410, recall=0.695
accuracy: (test=0.938) average_precision: (test=0.528) balanced_accuracy: (test=0.823) f1: (test=0.516) roc_auc: (test=0.901) 13.30s
[fit 7/54] END max_depth=4, min_child_weight=1; total=4147, TP=126, TN=3866, FP=84, FN=71; precision=0.600, recall=0.640
accuracy: (test=0.963) average_precision: (test=0.624) balanced_accuracy: (test=0.809) f1: (test=0.619) roc_auc: (test=0.908) 17.52s
[fit 8/54] END max_depth=4, min_child_weight=2; total=4147, TP=125, TN=3858, FP=92, FN=72; precision=0.576, recall=0.635
accuracy: (test=0.960) average_precision: (test=0.635) balanced_accuracy: (test=0.806) f1: (test=0.604) roc_auc: (test=0.910) 17.72s
[fit 9/54] END max_depth=4, min_child_weight=3; total=4147, TP=130, TN=3851, FP=99, FN=67; precision=0.568, recall=0.660
accuracy: (test=0.960) average_precision: (test=0.635) balanced_accuracy: (test=0.817) f1: (test=0.610) roc_auc: (test=0.913) 17.52s
[fit 10/54] END max_depth=4, min_child_weight=4; total=4147, TP=127, TN=3867, FP=83, FN=70; precision=0.605, recall=0.645
accuracy: (test=0.963) average_precision: (test=0.640) balanced_accuracy: (test=0.812) f1: (test=0.624) roc_auc: (test=0.912) 18.04s
[fit 11/54] END max_depth=4, min_child_weight=5; total=4147, TP=124, TN=3869, FP=81, FN=73; precision=0.605, recall=0.629
accuracy: (test=0.963) average_precision: (test=0.647) balanced_accuracy: (test=0.804) f1: (test=0.617) roc_auc: (test=0.915) 18.04s
[fit 12/54] END max_depth=4, min_child_weight=6; total=4147, TP=125, TN=3864, FP=86, FN=72; precision=0.592, recall=0.635
accuracy: (test=0.962) average_precision: (test=0.633) balanced_accuracy: (test=0.806) f1: (test=0.613) roc_auc: (test=0.903) 17.87s
[fit 13/54] END max_depth=5, min_child_weight=1; total=4147, TP=115, TN=3911, FP=39, FN=82; precision=0.747, recall=0.584
accuracy: (test=0.971) average_precision: (test=0.711) balanced_accuracy: (test=0.787) f1: (test=0.655) roc_auc: (test=0.917) 25.58s
[fit 14/54] END max_depth=5, min_child_weight=2; total=4147, TP=116, TN=3916, FP=34, FN=81; precision=0.773, recall=0.589
accuracy: (test=0.972) average_precision: (test=0.713) balanced_accuracy: (test=0.790) f1: (test=0.669) roc_auc: (test=0.912) 25.48s
[fit 15/54] END max_depth=5, min_child_weight=3; total=4147, TP=117, TN=3911, FP=39, FN=80; precision=0.750, recall=0.594
accuracy: (test=0.971) average_precision: (test=0.697) balanced_accuracy: (test=0.792) f1: (test=0.663) roc_auc: (test=0.912) 25.53s
[fit 16/54] END max_depth=5, min_child_weight=4; total=4147, TP=115, TN=3915, FP=35, FN=82; precision=0.767, recall=0.584
accuracy: (test=0.972) average_precision: (test=0.703) balanced_accuracy: (test=0.787) f1: (test=0.663) roc_auc: (test=0.919) 25.14s
[fit 17/54] END max_depth=5, min_child_weight=5; total=4147, TP=115, TN=3912, FP=38, FN=82; precision=0.752, recall=0.584
accuracy: (test=0.971) average_precision: (test=0.717) balanced_accuracy: (test=0.787) f1: (test=0.657) roc_auc: (test=0.919) 25.00s
[fit 18/54] END max_depth=5, min_child_weight=6; total=4147, TP=114, TN=3908, FP=42, FN=83; precision=0.731, recall=0.579
accuracy: (test=0.970) average_precision: (test=0.705) balanced_accuracy: (test=0.784) f1: (test=0.646) roc_auc: (test=0.919) 24.63s
[fit 19/54] END max_depth=6, min_child_weight=1; total=4147, TP=108, TN=3930, FP=20, FN=89; precision=0.844, recall=0.548
accuracy: (test=0.974) average_precision: (test=0.724) balanced_accuracy: (test=0.772) f1: (test=0.665) roc_auc: (test=0.924) 37.98s
[fit 20/54] END max_depth=6, min_child_weight=2; total=4147, TP=110, TN=3926, FP=24, FN=87; precision=0.821, recall=0.558
accuracy: (test=0.973) average_precision: (test=0.730) balanced_accuracy: (test=0.776) f1: (test=0.665) roc_auc: (test=0.918) 36.75s
[fit 21/54] END max_depth=6, min_child_weight=3; total=4147, TP=114, TN=3925, FP=25, FN=83; precision=0.820, recall=0.579
accuracy: (test=0.974) average_precision: (test=0.722) balanced_accuracy: (test=0.786) f1: (test=0.679) roc_auc: (test=0.924) 35.03s
[fit 22/54] END max_depth=6, min_child_weight=4; total=4147, TP=116, TN=3924, FP=26, FN=81; precision=0.817, recall=0.589
accuracy: (test=0.974) average_precision: (test=0.731) balanced_accuracy: (test=0.791) f1: (test=0.684) roc_auc: (test=0.925) 34.54s
[fit 23/54] END max_depth=6, min_child_weight=5; total=4147, TP=117, TN=3925, FP=25, FN=80; precision=0.824, recall=0.594
accuracy: (test=0.975) average_precision: (test=0.733) balanced_accuracy: (test=0.794) f1: (test=0.690) roc_auc: (test=0.924) 33.75s
[fit 24/54] END max_depth=6, min_child_weight=6; total=4147, TP=114, TN=3924, FP=26, FN=83; precision=0.814, recall=0.579
accuracy: (test=0.974) average_precision: (test=0.721) balanced_accuracy: (test=0.786) f1: (test=0.677) roc_auc: (test=0.925) 33.69s
[fit 25/54] END max_depth=7, min_child_weight=1; total=4147, TP=111, TN=3935, FP=15, FN=86; precision=0.881, recall=0.563
accuracy: (test=0.976) average_precision: (test=0.742) balanced_accuracy: (test=0.780) f1: (test=0.687) roc_auc: (test=0.930) 51.92s
[fit 26/54] END max_depth=7, min_child_weight=2; total=4147, TP=112, TN=3934, FP=16, FN=85; precision=0.875, recall=0.569
accuracy: (test=0.976) average_precision: (test=0.741) balanced_accuracy: (test=0.782) f1: (test=0.689) roc_auc: (test=0.924) 48.00s
[fit 27/54] END max_depth=7, min_child_weight=3; total=4147, TP=114, TN=3936, FP=14, FN=83; precision=0.891, recall=0.579
accuracy: (test=0.977) average_precision: (test=0.753) balanced_accuracy: (test=0.788) f1: (test=0.702) roc_auc: (test=0.928) 45.25s
[fit 28/54] END max_depth=7, min_child_weight=4; total=4147, TP=110, TN=3930, FP=20, FN=87; precision=0.846, recall=0.558
accuracy: (test=0.974) average_precision: (test=0.731) balanced_accuracy: (test=0.777) f1: (test=0.673) roc_auc: (test=0.922) 44.24s
[fit 29/54] END max_depth=7, min_child_weight=5; total=4147, TP=112, TN=3927, FP=23, FN=85; precision=0.830, recall=0.569
accuracy: (test=0.974) average_precision: (test=0.731) balanced_accuracy: (test=0.781) f1: (test=0.675) roc_auc: (test=0.927) 43.13s
[fit 30/54] END max_depth=7, min_child_weight=6; total=4147, TP=112, TN=3933, FP=17, FN=85; precision=0.868, recall=0.569
accuracy: (test=0.975) average_precision: (test=0.735) balanced_accuracy: (test=0.782) f1: (test=0.687) roc_auc: (test=0.922) 41.91s
[fit 31/54] END max_depth=8, min_child_weight=1; total=4147, TP=114, TN=3933, FP=17, FN=83; precision=0.870, recall=0.579
accuracy: (test=0.976) average_precision: (test=0.749) balanced_accuracy: (test=0.787) f1: (test=0.695) roc_auc: (test=0.932) 1.08min
[fit 32/54] END max_depth=8, min_child_weight=2; total=4147, TP=110, TN=3933, FP=17, FN=87; precision=0.866, recall=0.558
accuracy: (test=0.975) average_precision: (test=0.739) balanced_accuracy: (test=0.777) f1: (test=0.679) roc_auc: (test=0.928) 58.29s
[fit 33/54] END max_depth=8, min_child_weight=3; total=4147, TP=113, TN=3934, FP=16, FN=84; precision=0.876, recall=0.574
accuracy: (test=0.976) average_precision: (test=0.740) balanced_accuracy: (test=0.785) f1: (test=0.693) roc_auc: (test=0.928) 54.79s
[fit 34/54] END max_depth=8, min_child_weight=4; total=4147, TP=113, TN=3932, FP=18, FN=84; precision=0.863, recall=0.574
accuracy: (test=0.975) average_precision: (test=0.737) balanced_accuracy: (test=0.785) f1: (test=0.689) roc_auc: (test=0.924) 52.76s
[fit 35/54] END max_depth=8, min_child_weight=5; total=4147, TP=109, TN=3931, FP=19, FN=88; precision=0.852, recall=0.553
accuracy: (test=0.974) average_precision: (test=0.729) balanced_accuracy: (test=0.774) f1: (test=0.671) roc_auc: (test=0.927) 50.75s
[fit 36/54] END max_depth=8, min_child_weight=6; total=4147, TP=109, TN=3927, FP=23, FN=88; precision=0.826, recall=0.553
accuracy: (test=0.973) average_precision: (test=0.732) balanced_accuracy: (test=0.774) f1: (test=0.663) roc_auc: (test=0.926) 49.39s
[fit 37/54] END max_depth=9, min_child_weight=1; total=4147, TP=109, TN=3934, FP=16, FN=88; precision=0.872, recall=0.553
accuracy: (test=0.975) average_precision: (test=0.742) balanced_accuracy: (test=0.775) f1: (test=0.677) roc_auc: (test=0.931) 1.25min
[fit 38/54] END max_depth=9, min_child_weight=2; total=4147, TP=109, TN=3936, FP=14, FN=88; precision=0.886, recall=0.553
accuracy: (test=0.975) average_precision: (test=0.742) balanced_accuracy: (test=0.775) f1: (test=0.681) roc_auc: (test=0.931) 1.09min
[fit 39/54] END max_depth=9, min_child_weight=3; total=4147, TP=110, TN=3931, FP=19, FN=87; precision=0.853, recall=0.558
accuracy: (test=0.974) average_precision: (test=0.745) balanced_accuracy: (test=0.777) f1: (test=0.675) roc_auc: (test=0.929) 1.02min
[fit 40/54] END max_depth=9, min_child_weight=4; total=4147, TP=110, TN=3934, FP=16, FN=87; precision=0.873, recall=0.558
accuracy: (test=0.975) average_precision: (test=0.754) balanced_accuracy: (test=0.777) f1: (test=0.681) roc_auc: (test=0.932) 58.33s
[fit 41/54] END max_depth=9, min_child_weight=5; total=4147, TP=111, TN=3929, FP=21, FN=86; precision=0.841, recall=0.563
accuracy: (test=0.974) average_precision: (test=0.742) balanced_accuracy: (test=0.779) f1: (test=0.675) roc_auc: (test=0.931) 56.80s
[fit 42/54] END max_depth=9, min_child_weight=6; total=4147, TP=112, TN=3940, FP=10, FN=85; precision=0.918, recall=0.569
accuracy: (test=0.977) average_precision: (test=0.747) balanced_accuracy: (test=0.783) f1: (test=0.702) roc_auc: (test=0.929) 55.44s
[fit 43/54] END max_depth=10, min_child_weight=1; total=4147, TP=110, TN=3936, FP=14, FN=87; precision=0.887, recall=0.558
accuracy: (test=0.976) average_precision: (test=0.746) balanced_accuracy: (test=0.777) f1: (test=0.685) roc_auc: (test=0.928) 1.38min
[fit 44/54] END max_depth=10, min_child_weight=2; total=4147, TP=112, TN=3932, FP=18, FN=85; precision=0.862, recall=0.569
accuracy: (test=0.975) average_precision: (test=0.747) balanced_accuracy: (test=0.782) f1: (test=0.685) roc_auc: (test=0.931) 1.22min
[fit 45/54] END max_depth=10, min_child_weight=3; total=4147, TP=111, TN=3932, FP=18, FN=86; precision=0.860, recall=0.563
accuracy: (test=0.975) average_precision: (test=0.740) balanced_accuracy: (test=0.779) f1: (test=0.681) roc_auc: (test=0.930) 1.07min
[fit 46/54] END max_depth=10, min_child_weight=4; total=4147, TP=112, TN=3934, FP=16, FN=85; precision=0.875, recall=0.569
accuracy: (test=0.976) average_precision: (test=0.747) balanced_accuracy: (test=0.782) f1: (test=0.689) roc_auc: (test=0.932) 1.03min
[fit 47/54] END max_depth=10, min_child_weight=5; total=4147, TP=113, TN=3927, FP=23, FN=84; precision=0.831, recall=0.574
accuracy: (test=0.974) average_precision: (test=0.738) balanced_accuracy: (test=0.784) f1: (test=0.679) roc_auc: (test=0.936) 1.01min
[fit 48/54] END max_depth=10, min_child_weight=6; total=4147, TP=109, TN=3933, FP=17, FN=88; precision=0.865, recall=0.553
accuracy: (test=0.975) average_precision: (test=0.730) balanced_accuracy: (test=0.774) f1: (test=0.675) roc_auc: (test=0.928) 58.91s
[fit 49/54] END max_depth=12, min_child_weight=1; total=4147, TP=109, TN=3938, FP=12, FN=88; precision=0.901, recall=0.553
accuracy: (test=0.976) average_precision: (test=0.749) balanced_accuracy: (test=0.775) f1: (test=0.686) roc_auc: (test=0.933) 1.63min
[fit 50/54] END max_depth=12, min_child_weight=2; total=4147, TP=106, TN=3934, FP=16, FN=91; precision=0.869, recall=0.538
accuracy: (test=0.974) average_precision: (test=0.743) balanced_accuracy: (test=0.767) f1: (test=0.665) roc_auc: (test=0.929) 1.41min
[fit 51/54] END max_depth=12, min_child_weight=3; total=4147, TP=114, TN=3937, FP=13, FN=83; precision=0.898, recall=0.579
accuracy: (test=0.977) average_precision: (test=0.741) balanced_accuracy: (test=0.788) f1: (test=0.704) roc_auc: (test=0.930) 1.30min
[fit 52/54] END max_depth=12, min_child_weight=4; total=4147, TP=107, TN=3930, FP=20, FN=90; precision=0.843, recall=0.543
accuracy: (test=0.973) average_precision: (test=0.737) balanced_accuracy: (test=0.769) f1: (test=0.660) roc_auc: (test=0.928) 1.21min
[fit 53/54] END max_depth=12, min_child_weight=5; total=4147, TP=107, TN=3933, FP=17, FN=90; precision=0.863, recall=0.543
accuracy: (test=0.974) average_precision: (test=0.741) balanced_accuracy: (test=0.769) f1: (test=0.667) roc_auc: (test=0.931) 1.15min
[fit 54/54] END max_depth=12, min_child_weight=6; total=4147, TP=108, TN=3932, FP=18, FN=89; precision=0.857, recall=0.548
accuracy: (test=0.974) average_precision: (test=0.735) balanced_accuracy: (test=0.772) f1: (test=0.669) roc_auc: (test=0.931) 1.11min
clf.best_estimator_params: {'max_depth': 10, 'min_child_weight': 5}
best params found in line [48] for metric [roc_auc] in rank file
best params found in fit [47] for metric [roc_auc] in run_and_score file
clf.best_scoring_result: [Total: (test=4147) TP: (test=113.000) TN: (test=3927.000) FP: (test=23.000) FN: (test=84.000) precision: (test=0.831) recall: (test=0.574) accuracy: (test=0.974) average_precision: (test=0.738) balanced_accuracy: (test=0.784) f1: (test=0.679) roc_auc: (test=0.936) ]
write rank test to csv!!!
write over!!!
第三次
{'objective': 'binary:logistic', 'use_label_encoder': False, 'base_score': None, 'booster': None, 'colsample_bylevel': None, 'colsample_bynode': None, 'colsample_bytree': 0.8, 'gamma': 0, 'gpu_id': None, 'importance_type': 'gain', 'interaction_constraints': None, 'learning_rate': 0.1, 'max_delta_step': None, 'max_depth': 10, 'min_child_weight': 5, 'missing': nan, 'monotone_constraints': None, 'n_estimators': 1000, 'n_jobs': None, 'num_parallel_tree': None, 'random_state': None, 'reg_alpha': 0, 'reg_lambda': 1, 'scale_pos_weight': None, 'subsample': 0.8, 'tree_method': 'gpu_hist', 'validate_parameters': None, 'verbosity': None, 'seed': 0, 'eval_metric': 'logloss'}
Fitting, totalling 7 fits
[fit 1/7] END gamma=0; total=4147, TP=113, TN=3927, FP=23, FN=84; precision=0.831, recall=0.574
accuracy: (test=0.974) average_precision: (test=0.738) balanced_accuracy: (test=0.784) f1: (test=0.679) roc_auc: (test=0.936) 1.03min
[fit 2/7] END gamma=0.1; total=4147, TP=111, TN=3934, FP=16, FN=86; precision=0.874, recall=0.563
accuracy: (test=0.975) average_precision: (test=0.738) balanced_accuracy: (test=0.780) f1: (test=0.685) roc_auc: (test=0.931) 55.00s
[fit 3/7] END gamma=0.2; total=4147, TP=110, TN=3929, FP=21, FN=87; precision=0.840, recall=0.558
accuracy: (test=0.974) average_precision: (test=0.741) balanced_accuracy: (test=0.777) f1: (test=0.671) roc_auc: (test=0.931) 48.61s
[fit 4/7] END gamma=0.3; total=4147, TP=104, TN=3927, FP=23, FN=93; precision=0.819, recall=0.528
accuracy: (test=0.972) average_precision: (test=0.735) balanced_accuracy: (test=0.761) f1: (test=0.642) roc_auc: (test=0.931) 44.65s
[fit 5/7] END gamma=0.4; total=4147, TP=112, TN=3925, FP=25, FN=85; precision=0.818, recall=0.569
accuracy: (test=0.973) average_precision: (test=0.734) balanced_accuracy: (test=0.781) f1: (test=0.671) roc_auc: (test=0.930) 43.11s
[fit 6/7] END gamma=0.5; total=4147, TP=112, TN=3924, FP=26, FN=85; precision=0.812, recall=0.569
accuracy: (test=0.973) average_precision: (test=0.731) balanced_accuracy: (test=0.781) f1: (test=0.669) roc_auc: (test=0.927) 40.83s
[fit 7/7] END gamma=0.6; total=4147, TP=109, TN=3924, FP=26, FN=88; precision=0.807, recall=0.553
accuracy: (test=0.973) average_precision: (test=0.730) balanced_accuracy: (test=0.773) f1: (test=0.657) roc_auc: (test=0.928) 39.10s
clf.best_estimator_params: {'gamma': 0}
best params found in line [2] for metric [roc_auc] in rank file
best params found in fit [1] for metric [roc_auc] in run_and_score file
clf.best_scoring_result: [Total: (test=4147) TP: (test=113.000) TN: (test=3927.000) FP: (test=23.000) FN: (test=84.000) precision: (test=0.831) recall: (test=0.574) accuracy: (test=0.974) average_precision: (test=0.738) balanced_accuracy: (test=0.784) f1: (test=0.679) roc_auc: (test=0.936) ]
write rank test to csv!!!
write over!!!
第四次
{'objective': 'binary:logistic', 'use_label_encoder': False, 'base_score': None, 'booster': None, 'colsample_bylevel': None, 'colsample_bynode': None, 'colsample_bytree': 0.8, 'gamma': 0, 'gpu_id': None, 'importance_type': 'gain', 'interaction_constraints': None, 'learning_rate': 0.1, 'max_delta_step': None, 'max_depth': 10, 'min_child_weight': 5, 'missing': nan, 'monotone_constraints': None, 'n_estimators': 1000, 'n_jobs': None, 'num_parallel_tree': None, 'random_state': None, 'reg_alpha': 0, 'reg_lambda': 1, 'scale_pos_weight': None, 'subsample': 0.8, 'tree_method': 'gpu_hist', 'validate_parameters': None, 'verbosity': None, 'seed': 0, 'eval_metric': 'logloss'}
Fitting, totalling 16 fits
[fit 1/16] END colsample_bytree=0.6, subsample=0.6; total=4147, TP=111, TN=3929, FP=21, FN=86; precision=0.841, recall=0.563
accuracy: (test=0.974) average_precision: (test=0.730) balanced_accuracy: (test=0.779) f1: (test=0.675) roc_auc: (test=0.925) 58.40s
[fit 2/16] END colsample_bytree=0.6, subsample=0.7; total=4147, TP=109, TN=3934, FP=16, FN=88; precision=0.872, recall=0.553
accuracy: (test=0.975) average_precision: (test=0.736) balanced_accuracy: (test=0.775) f1: (test=0.677) roc_auc: (test=0.923) 59.76s
[fit 3/16] END colsample_bytree=0.6, subsample=0.8; total=4147, TP=112, TN=3933, FP=17, FN=85; precision=0.868, recall=0.569
accuracy: (test=0.975) average_precision: (test=0.746) balanced_accuracy: (test=0.782) f1: (test=0.687) roc_auc: (test=0.933) 1.01min
[fit 4/16] END colsample_bytree=0.6, subsample=0.9; total=4147, TP=107, TN=3927, FP=23, FN=90; precision=0.823, recall=0.543
accuracy: (test=0.973) average_precision: (test=0.736) balanced_accuracy: (test=0.769) f1: (test=0.654) roc_auc: (test=0.930) 1.01min
[fit 5/16] END colsample_bytree=0.7, subsample=0.6; total=4147, TP=114, TN=3930, FP=20, FN=83; precision=0.851, recall=0.579
accuracy: (test=0.975) average_precision: (test=0.742) balanced_accuracy: (test=0.787) f1: (test=0.689) roc_auc: (test=0.928) 59.15s
[fit 6/16] END colsample_bytree=0.7, subsample=0.7; total=4147, TP=110, TN=3931, FP=19, FN=87; precision=0.853, recall=0.558
accuracy: (test=0.974) average_precision: (test=0.729) balanced_accuracy: (test=0.777) f1: (test=0.675) roc_auc: (test=0.929) 1.01min
[fit 7/16] END colsample_bytree=0.7, subsample=0.8; total=4147, TP=113, TN=3936, FP=14, FN=84; precision=0.890, recall=0.574
accuracy: (test=0.976) average_precision: (test=0.749) balanced_accuracy: (test=0.785) f1: (test=0.698) roc_auc: (test=0.923) 1.02min
[fit 8/16] END colsample_bytree=0.7, subsample=0.9; total=4147, TP=109, TN=3932, FP=18, FN=88; precision=0.858, recall=0.553
accuracy: (test=0.974) average_precision: (test=0.748) balanced_accuracy: (test=0.774) f1: (test=0.673) roc_auc: (test=0.936) 1.04min
[fit 9/16] END colsample_bytree=0.8, subsample=0.6; total=4147, TP=109, TN=3932, FP=18, FN=88; precision=0.858, recall=0.553
accuracy: (test=0.974) average_precision: (test=0.748) balanced_accuracy: (test=0.774) f1: (test=0.673) roc_auc: (test=0.934) 1.01min
[fit 10/16] END colsample_bytree=0.8, subsample=0.7; total=4147, TP=110, TN=3930, FP=20, FN=87; precision=0.846, recall=0.558
accuracy: (test=0.974) average_precision: (test=0.748) balanced_accuracy: (test=0.777) f1: (test=0.673) roc_auc: (test=0.933) 1.03min
[fit 11/16] END colsample_bytree=0.8, subsample=0.8; total=4147, TP=113, TN=3927, FP=23, FN=84; precision=0.831, recall=0.574
accuracy: (test=0.974) average_precision: (test=0.738) balanced_accuracy: (test=0.784) f1: (test=0.679) roc_auc: (test=0.936) 1.04min
[fit 12/16] END colsample_bytree=0.8, subsample=0.9; total=4147, TP=114, TN=3932, FP=18, FN=83; precision=0.864, recall=0.579
accuracy: (test=0.976) average_precision: (test=0.748) balanced_accuracy: (test=0.787) f1: (test=0.693) roc_auc: (test=0.929) 1.07min
[fit 13/16] END colsample_bytree=0.9, subsample=0.6; total=4147, TP=114, TN=3928, FP=22, FN=83; precision=0.838, recall=0.579
accuracy: (test=0.975) average_precision: (test=0.744) balanced_accuracy: (test=0.787) f1: (test=0.685) roc_auc: (test=0.927) 1.04min
[fit 14/16] END colsample_bytree=0.9, subsample=0.7; total=4147, TP=112, TN=3932, FP=18, FN=85; precision=0.862, recall=0.569
accuracy: (test=0.975) average_precision: (test=0.745) balanced_accuracy: (test=0.782) f1: (test=0.685) roc_auc: (test=0.929) 1.06min
[fit 15/16] END colsample_bytree=0.9, subsample=0.8; total=4147, TP=110, TN=3931, FP=19, FN=87; precision=0.853, recall=0.558
accuracy: (test=0.974) average_precision: (test=0.740) balanced_accuracy: (test=0.777) f1: (test=0.675) roc_auc: (test=0.930) 1.07min
[fit 16/16] END colsample_bytree=0.9, subsample=0.9; total=4147, TP=113, TN=3933, FP=17, FN=84; precision=0.869, recall=0.574
accuracy: (test=0.976) average_precision: (test=0.732) balanced_accuracy: (test=0.785) f1: (test=0.691) roc_auc: (test=0.927) 1.09min
clf.best_estimator_params: {'colsample_bytree': 0.8, 'subsample': 0.8}
best params found in line [12] for metric [roc_auc] in rank file
best params found in fit [11] for metric [roc_auc] in run_and_score file
clf.best_scoring_result: [Total: (test=4147) TP: (test=113.000) TN: (test=3927.000) FP: (test=23.000) FN: (test=84.000) precision: (test=0.831) recall: (test=0.574) accuracy: (test=0.974) average_precision: (test=0.738) balanced_accuracy: (test=0.784) f1: (test=0.679) roc_auc: (test=0.936) ]
write rank test to csv!!!
write over!!!
第五次
{'objective': 'binary:logistic', 'use_label_encoder': False, 'base_score': None, 'booster': None, 'colsample_bylevel': None, 'colsample_bynode': None, 'colsample_bytree': 0.8, 'gamma': 0, 'gpu_id': None, 'importance_type': 'gain', 'interaction_constraints': None, 'learning_rate': 0.1, 'max_delta_step': None, 'max_depth': 10, 'min_child_weight': 5, 'missing': nan, 'monotone_constraints': None, 'n_estimators': 1000, 'n_jobs': None, 'num_parallel_tree': None, 'random_state': None, 'reg_alpha': 0, 'reg_lambda': 1, 'scale_pos_weight': None, 'subsample': 0.8, 'tree_method': 'gpu_hist', 'validate_parameters': None, 'verbosity': None, 'seed': 0, 'eval_metric': 'logloss'}
Fitting, totalling 81 fits
[fit 1/81] END reg_alpha=0, reg_lambda=0; total=4147, TP=111, TN=3930, FP=20, FN=86; precision=0.847, recall=0.563
accuracy: (test=0.974) average_precision: (test=0.739) balanced_accuracy: (test=0.779) f1: (test=0.677) roc_auc: (test=0.931) 1.03min
[fit 2/81] END reg_alpha=0, reg_lambda=0.01; total=4147, TP=116, TN=3934, FP=16, FN=81; precision=0.879, recall=0.589
accuracy: (test=0.977) average_precision: (test=0.744) balanced_accuracy: (test=0.792) f1: (test=0.705) roc_auc: (test=0.922) 1.04min
[fit 3/81] END reg_alpha=0, reg_lambda=0.02; total=4147, TP=112, TN=3928, FP=22, FN=85; precision=0.836, recall=0.569
accuracy: (test=0.974) average_precision: (test=0.735) balanced_accuracy: (test=0.781) f1: (test=0.677) roc_auc: (test=0.926) 1.04min
[fit 4/81] END reg_alpha=0, reg_lambda=0.05; total=4147, TP=112, TN=3931, FP=19, FN=85; precision=0.855, recall=0.569
accuracy: (test=0.975) average_precision: (test=0.736) balanced_accuracy: (test=0.782) f1: (test=0.683) roc_auc: (test=0.925) 1.03min
[fit 5/81] END reg_alpha=0, reg_lambda=0.1; total=4147, TP=113, TN=3932, FP=18, FN=84; precision=0.863, recall=0.574
accuracy: (test=0.975) average_precision: (test=0.743) balanced_accuracy: (test=0.785) f1: (test=0.689) roc_auc: (test=0.927) 1.04min
[fit 6/81] END reg_alpha=0, reg_lambda=0.5; total=4147, TP=113, TN=3933, FP=17, FN=84; precision=0.869, recall=0.574
accuracy: (test=0.976) average_precision: (test=0.746) balanced_accuracy: (test=0.785) f1: (test=0.691) roc_auc: (test=0.933) 1.06min
[fit 7/81] END reg_alpha=0, reg_lambda=1; total=4147, TP=113, TN=3927, FP=23, FN=84; precision=0.831, recall=0.574
accuracy: (test=0.974) average_precision: (test=0.738) balanced_accuracy: (test=0.784) f1: (test=0.679) roc_auc: (test=0.936) 1.09min
[fit 8/81] END reg_alpha=0, reg_lambda=2; total=4147, TP=107, TN=3933, FP=17, FN=90; precision=0.863, recall=0.543
accuracy: (test=0.974) average_precision: (test=0.741) balanced_accuracy: (test=0.769) f1: (test=0.667) roc_auc: (test=0.932) 1.12min
[fit 9/81] END reg_alpha=0, reg_lambda=3; total=4147, TP=112, TN=3932, FP=18, FN=85; precision=0.862, recall=0.569
accuracy: (test=0.975) average_precision: (test=0.733) balanced_accuracy: (test=0.782) f1: (test=0.685) roc_auc: (test=0.923) 1.15min
[fit 10/81] END reg_alpha=0.01, reg_lambda=0; total=4147, TP=108, TN=3928, FP=22, FN=89; precision=0.831, recall=0.548
accuracy: (test=0.973) average_precision: (test=0.734) balanced_accuracy: (test=0.771) f1: (test=0.661) roc_auc: (test=0.921) 1.05min
[fit 11/81] END reg_alpha=0.01, reg_lambda=0.01; total=4147, TP=113, TN=3929, FP=21, FN=84; precision=0.843, recall=0.574
accuracy: (test=0.975) average_precision: (test=0.738) balanced_accuracy: (test=0.784) f1: (test=0.683) roc_auc: (test=0.931) 1.06min
[fit 12/81] END reg_alpha=0.01, reg_lambda=0.02; total=4147, TP=108, TN=3931, FP=19, FN=89; precision=0.850, recall=0.548
accuracy: (test=0.974) average_precision: (test=0.727) balanced_accuracy: (test=0.772) f1: (test=0.667) roc_auc: (test=0.923) 1.06min
[fit 13/81] END reg_alpha=0.01, reg_lambda=0.05; total=4147, TP=110, TN=3926, FP=24, FN=87; precision=0.821, recall=0.558
accuracy: (test=0.973) average_precision: (test=0.737) balanced_accuracy: (test=0.776) f1: (test=0.665) roc_auc: (test=0.923) 1.05min
[fit 14/81] END reg_alpha=0.01, reg_lambda=0.1; total=4147, TP=111, TN=3933, FP=17, FN=86; precision=0.867, recall=0.563
accuracy: (test=0.975) average_precision: (test=0.737) balanced_accuracy: (test=0.780) f1: (test=0.683) roc_auc: (test=0.929) 1.05min
[fit 15/81] END reg_alpha=0.01, reg_lambda=0.5; total=4147, TP=107, TN=3932, FP=18, FN=90; precision=0.856, recall=0.543
accuracy: (test=0.974) average_precision: (test=0.733) balanced_accuracy: (test=0.769) f1: (test=0.665) roc_auc: (test=0.924) 1.02min
[fit 16/81] END reg_alpha=0.01, reg_lambda=1; total=4147, TP=111, TN=3933, FP=17, FN=86; precision=0.867, recall=0.563
accuracy: (test=0.975) average_precision: (test=0.746) balanced_accuracy: (test=0.780) f1: (test=0.683) roc_auc: (test=0.932) 1.03min
[fit 17/81] END reg_alpha=0.01, reg_lambda=2; total=4147, TP=114, TN=3934, FP=16, FN=83; precision=0.877, recall=0.579
accuracy: (test=0.976) average_precision: (test=0.743) balanced_accuracy: (test=0.787) f1: (test=0.697) roc_auc: (test=0.927) 1.06min
[fit 18/81] END reg_alpha=0.01, reg_lambda=3; total=4147, TP=114, TN=3934, FP=16, FN=83; precision=0.877, recall=0.579
accuracy: (test=0.976) average_precision: (test=0.740) balanced_accuracy: (test=0.787) f1: (test=0.697) roc_auc: (test=0.929) 1.10min
[fit 19/81] END reg_alpha=0.02, reg_lambda=0; total=4147, TP=107, TN=3931, FP=19, FN=90; precision=0.849, recall=0.543
accuracy: (test=0.974) average_precision: (test=0.734) balanced_accuracy: (test=0.769) f1: (test=0.663) roc_auc: (test=0.925) 1.02min
[fit 20/81] END reg_alpha=0.02, reg_lambda=0.01; total=4147, TP=113, TN=3930, FP=20, FN=84; precision=0.850, recall=0.574
accuracy: (test=0.975) average_precision: (test=0.742) balanced_accuracy: (test=0.784) f1: (test=0.685) roc_auc: (test=0.930) 38.51s
[fit 21/81] END reg_alpha=0.02, reg_lambda=0.02; total=4147, TP=113, TN=3930, FP=20, FN=84; precision=0.850, recall=0.574
accuracy: (test=0.975) average_precision: (test=0.739) balanced_accuracy: (test=0.784) f1: (test=0.685) roc_auc: (test=0.928) 28.30s
[fit 22/81] END reg_alpha=0.02, reg_lambda=0.05; total=4147, TP=111, TN=3932, FP=18, FN=86; precision=0.860, recall=0.563
accuracy: (test=0.975) average_precision: (test=0.734) balanced_accuracy: (test=0.779) f1: (test=0.681) roc_auc: (test=0.923) 28.30s
[fit 23/81] END reg_alpha=0.02, reg_lambda=0.1; total=4147, TP=107, TN=3930, FP=20, FN=90; precision=0.843, recall=0.543
accuracy: (test=0.973) average_precision: (test=0.729) balanced_accuracy: (test=0.769) f1: (test=0.660) roc_auc: (test=0.925) 28.29s
[fit 24/81] END reg_alpha=0.02, reg_lambda=0.5; total=4147, TP=111, TN=3933, FP=17, FN=86; precision=0.867, recall=0.563
accuracy: (test=0.975) average_precision: (test=0.734) balanced_accuracy: (test=0.780) f1: (test=0.683) roc_auc: (test=0.928) 28.77s
[fit 25/81] END reg_alpha=0.02, reg_lambda=1; total=4147, TP=113, TN=3928, FP=22, FN=84; precision=0.837, recall=0.574
accuracy: (test=0.974) average_precision: (test=0.739) balanced_accuracy: (test=0.784) f1: (test=0.681) roc_auc: (test=0.929) 29.42s
[fit 26/81] END reg_alpha=0.02, reg_lambda=2; total=4147, TP=111, TN=3934, FP=16, FN=86; precision=0.874, recall=0.563
accuracy: (test=0.975) average_precision: (test=0.741) balanced_accuracy: (test=0.780) f1: (test=0.685) roc_auc: (test=0.926) 30.62s
[fit 27/81] END reg_alpha=0.02, reg_lambda=3; total=4147, TP=114, TN=3934, FP=16, FN=83; precision=0.877, recall=0.579
accuracy: (test=0.976) average_precision: (test=0.743) balanced_accuracy: (test=0.787) f1: (test=0.697) roc_auc: (test=0.930) 31.29s
[fit 28/81] END reg_alpha=0.05, reg_lambda=0; total=4147, TP=111, TN=3926, FP=24, FN=86; precision=0.822, recall=0.563
accuracy: (test=0.973) average_precision: (test=0.736) balanced_accuracy: (test=0.779) f1: (test=0.669) roc_auc: (test=0.923) 28.62s
[fit 29/81] END reg_alpha=0.05, reg_lambda=0.01; total=4147, TP=114, TN=3933, FP=17, FN=83; precision=0.870, recall=0.579
accuracy: (test=0.976) average_precision: (test=0.743) balanced_accuracy: (test=0.787) f1: (test=0.695) roc_auc: (test=0.926) 28.54s
[fit 30/81] END reg_alpha=0.05, reg_lambda=0.02; total=4147, TP=111, TN=3933, FP=17, FN=86; precision=0.867, recall=0.563
accuracy: (test=0.975) average_precision: (test=0.732) balanced_accuracy: (test=0.780) f1: (test=0.683) roc_auc: (test=0.924) 28.53s
[fit 31/81] END reg_alpha=0.05, reg_lambda=0.05; total=4147, TP=109, TN=3929, FP=21, FN=88; precision=0.838, recall=0.553
accuracy: (test=0.974) average_precision: (test=0.723) balanced_accuracy: (test=0.774) f1: (test=0.667) roc_auc: (test=0.925) 28.57s
[fit 32/81] END reg_alpha=0.05, reg_lambda=0.1; total=4147, TP=112, TN=3933, FP=17, FN=85; precision=0.868, recall=0.569
accuracy: (test=0.975) average_precision: (test=0.739) balanced_accuracy: (test=0.782) f1: (test=0.687) roc_auc: (test=0.925) 28.54s
[fit 33/81] END reg_alpha=0.05, reg_lambda=0.5; total=4147, TP=112, TN=3933, FP=17, FN=85; precision=0.868, recall=0.569
accuracy: (test=0.975) average_precision: (test=0.736) balanced_accuracy: (test=0.782) f1: (test=0.687) roc_auc: (test=0.924) 29.04s
[fit 34/81] END reg_alpha=0.05, reg_lambda=1; total=4147, TP=113, TN=3931, FP=19, FN=84; precision=0.856, recall=0.574
accuracy: (test=0.975) average_precision: (test=0.738) balanced_accuracy: (test=0.784) f1: (test=0.687) roc_auc: (test=0.932) 29.75s
[fit 35/81] END reg_alpha=0.05, reg_lambda=2; total=4147, TP=112, TN=3931, FP=19, FN=85; precision=0.855, recall=0.569
accuracy: (test=0.975) average_precision: (test=0.747) balanced_accuracy: (test=0.782) f1: (test=0.683) roc_auc: (test=0.932) 30.95s
[fit 36/81] END reg_alpha=0.05, reg_lambda=3; total=4147, TP=110, TN=3931, FP=19, FN=87; precision=0.853, recall=0.558
accuracy: (test=0.974) average_precision: (test=0.742) balanced_accuracy: (test=0.777) f1: (test=0.675) roc_auc: (test=0.929) 31.82s
[fit 37/81] END reg_alpha=0.1, reg_lambda=0; total=4147, TP=113, TN=3935, FP=15, FN=84; precision=0.883, recall=0.574
accuracy: (test=0.976) average_precision: (test=0.740) balanced_accuracy: (test=0.785) f1: (test=0.695) roc_auc: (test=0.931) 28.99s
[fit 38/81] END reg_alpha=0.1, reg_lambda=0.01; total=4147, TP=110, TN=3929, FP=21, FN=87; precision=0.840, recall=0.558
accuracy: (test=0.974) average_precision: (test=0.740) balanced_accuracy: (test=0.777) f1: (test=0.671) roc_auc: (test=0.935) 28.95s
[fit 39/81] END reg_alpha=0.1, reg_lambda=0.02; total=4147, TP=108, TN=3928, FP=22, FN=89; precision=0.831, recall=0.548
accuracy: (test=0.973) average_precision: (test=0.728) balanced_accuracy: (test=0.771) f1: (test=0.661) roc_auc: (test=0.925) 29.00s
[fit 40/81] END reg_alpha=0.1, reg_lambda=0.05; total=4147, TP=112, TN=3930, FP=20, FN=85; precision=0.848, recall=0.569
accuracy: (test=0.975) average_precision: (test=0.734) balanced_accuracy: (test=0.782) f1: (test=0.681) roc_auc: (test=0.927) 29.15s
[fit 41/81] END reg_alpha=0.1, reg_lambda=0.1; total=4147, TP=110, TN=3933, FP=17, FN=87; precision=0.866, recall=0.558
accuracy: (test=0.975) average_precision: (test=0.739) balanced_accuracy: (test=0.777) f1: (test=0.679) roc_auc: (test=0.933) 28.98s
[fit 42/81] END reg_alpha=0.1, reg_lambda=0.5; total=4147, TP=112, TN=3928, FP=22, FN=85; precision=0.836, recall=0.569
accuracy: (test=0.974) average_precision: (test=0.737) balanced_accuracy: (test=0.781) f1: (test=0.677) roc_auc: (test=0.929) 29.61s
[fit 43/81] END reg_alpha=0.1, reg_lambda=1; total=4147, TP=108, TN=3935, FP=15, FN=89; precision=0.878, recall=0.548
accuracy: (test=0.975) average_precision: (test=0.740) balanced_accuracy: (test=0.772) f1: (test=0.675) roc_auc: (test=0.924) 30.19s
[fit 44/81] END reg_alpha=0.1, reg_lambda=2; total=4147, TP=111, TN=3934, FP=16, FN=86; precision=0.874, recall=0.563
accuracy: (test=0.975) average_precision: (test=0.741) balanced_accuracy: (test=0.780) f1: (test=0.685) roc_auc: (test=0.930) 31.19s
[fit 45/81] END reg_alpha=0.1, reg_lambda=3; total=4147, TP=111, TN=3938, FP=12, FN=86; precision=0.902, recall=0.563
accuracy: (test=0.976) average_precision: (test=0.740) balanced_accuracy: (test=0.780) f1: (test=0.694) roc_auc: (test=0.933) 32.08s
[fit 46/81] END reg_alpha=0.5, reg_lambda=0; total=4147, TP=112, TN=3931, FP=19, FN=85; precision=0.855, recall=0.569
accuracy: (test=0.975) average_precision: (test=0.738) balanced_accuracy: (test=0.782) f1: (test=0.683) roc_auc: (test=0.930) 31.62s
[fit 47/81] END reg_alpha=0.5, reg_lambda=0.01; total=4147, TP=108, TN=3933, FP=17, FN=89; precision=0.864, recall=0.548
accuracy: (test=0.974) average_precision: (test=0.730) balanced_accuracy: (test=0.772) f1: (test=0.671) roc_auc: (test=0.925) 31.74s
[fit 48/81] END reg_alpha=0.5, reg_lambda=0.02; total=4147, TP=108, TN=3936, FP=14, FN=89; precision=0.885, recall=0.548
accuracy: (test=0.975) average_precision: (test=0.736) balanced_accuracy: (test=0.772) f1: (test=0.677) roc_auc: (test=0.934) 31.66s
[fit 49/81] END reg_alpha=0.5, reg_lambda=0.05; total=4147, TP=107, TN=3936, FP=14, FN=90; precision=0.884, recall=0.543
accuracy: (test=0.975) average_precision: (test=0.732) balanced_accuracy: (test=0.770) f1: (test=0.673) roc_auc: (test=0.924) 31.66s
[fit 50/81] END reg_alpha=0.5, reg_lambda=0.1; total=4147, TP=111, TN=3934, FP=16, FN=86; precision=0.874, recall=0.563
accuracy: (test=0.975) average_precision: (test=0.732) balanced_accuracy: (test=0.780) f1: (test=0.685) roc_auc: (test=0.928) 31.69s
[fit 51/81] END reg_alpha=0.5, reg_lambda=0.5; total=4147, TP=115, TN=3937, FP=13, FN=82; precision=0.898, recall=0.584
accuracy: (test=0.977) average_precision: (test=0.749) balanced_accuracy: (test=0.790) f1: (test=0.708) roc_auc: (test=0.935) 32.04s
[fit 52/81] END reg_alpha=0.5, reg_lambda=1; total=4147, TP=112, TN=3932, FP=18, FN=85; precision=0.862, recall=0.569
accuracy: (test=0.975) average_precision: (test=0.727) balanced_accuracy: (test=0.782) f1: (test=0.685) roc_auc: (test=0.923) 32.60s
[fit 53/81] END reg_alpha=0.5, reg_lambda=2; total=4147, TP=109, TN=3930, FP=20, FN=88; precision=0.845, recall=0.553
accuracy: (test=0.974) average_precision: (test=0.734) balanced_accuracy: (test=0.774) f1: (test=0.669) roc_auc: (test=0.927) 33.47s
[fit 54/81] END reg_alpha=0.5, reg_lambda=3; total=4147, TP=112, TN=3932, FP=18, FN=85; precision=0.862, recall=0.569
accuracy: (test=0.975) average_precision: (test=0.741) balanced_accuracy: (test=0.782) f1: (test=0.685) roc_auc: (test=0.929) 34.12s
[fit 55/81] END reg_alpha=1, reg_lambda=0; total=4147, TP=111, TN=3934, FP=16, FN=86; precision=0.874, recall=0.563
accuracy: (test=0.975) average_precision: (test=0.739) balanced_accuracy: (test=0.780) f1: (test=0.685) roc_auc: (test=0.930) 33.97s
[fit 56/81] END reg_alpha=1, reg_lambda=0.01; total=4147, TP=108, TN=3935, FP=15, FN=89; precision=0.878, recall=0.548
accuracy: (test=0.975) average_precision: (test=0.738) balanced_accuracy: (test=0.772) f1: (test=0.675) roc_auc: (test=0.931) 34.01s
[fit 57/81] END reg_alpha=1, reg_lambda=0.02; total=4147, TP=111, TN=3932, FP=18, FN=86; precision=0.860, recall=0.563
accuracy: (test=0.975) average_precision: (test=0.734) balanced_accuracy: (test=0.779) f1: (test=0.681) roc_auc: (test=0.930) 34.02s
[fit 58/81] END reg_alpha=1, reg_lambda=0.05; total=4147, TP=108, TN=3930, FP=20, FN=89; precision=0.844, recall=0.548
accuracy: (test=0.974) average_precision: (test=0.731) balanced_accuracy: (test=0.772) f1: (test=0.665) roc_auc: (test=0.927) 34.11s
[fit 59/81] END reg_alpha=1, reg_lambda=0.1; total=4147, TP=113, TN=3933, FP=17, FN=84; precision=0.869, recall=0.574
accuracy: (test=0.976) average_precision: (test=0.731) balanced_accuracy: (test=0.785) f1: (test=0.691) roc_auc: (test=0.926) 34.08s
[fit 60/81] END reg_alpha=1, reg_lambda=0.5; total=4147, TP=110, TN=3935, FP=15, FN=87; precision=0.880, recall=0.558
accuracy: (test=0.975) average_precision: (test=0.735) balanced_accuracy: (test=0.777) f1: (test=0.683) roc_auc: (test=0.928) 34.43s
[fit 61/81] END reg_alpha=1, reg_lambda=1; total=4147, TP=109, TN=3930, FP=20, FN=88; precision=0.845, recall=0.553
accuracy: (test=0.974) average_precision: (test=0.733) balanced_accuracy: (test=0.774) f1: (test=0.669) roc_auc: (test=0.926) 34.92s
[fit 62/81] END reg_alpha=1, reg_lambda=2; total=4147, TP=112, TN=3936, FP=14, FN=85; precision=0.889, recall=0.569
accuracy: (test=0.976) average_precision: (test=0.739) balanced_accuracy: (test=0.782) f1: (test=0.693) roc_auc: (test=0.927) 35.69s
[fit 63/81] END reg_alpha=1, reg_lambda=3; total=4147, TP=108, TN=3925, FP=25, FN=89; precision=0.812, recall=0.548
accuracy: (test=0.973) average_precision: (test=0.733) balanced_accuracy: (test=0.771) f1: (test=0.655) roc_auc: (test=0.932) 36.26s
[fit 64/81] END reg_alpha=2, reg_lambda=0; total=4147, TP=111, TN=3932, FP=18, FN=86; precision=0.860, recall=0.563
accuracy: (test=0.975) average_precision: (test=0.733) balanced_accuracy: (test=0.779) f1: (test=0.681) roc_auc: (test=0.924) 36.01s
[fit 65/81] END reg_alpha=2, reg_lambda=0.01; total=4147, TP=110, TN=3930, FP=20, FN=87; precision=0.846, recall=0.558
accuracy: (test=0.974) average_precision: (test=0.736) balanced_accuracy: (test=0.777) f1: (test=0.673) roc_auc: (test=0.926) 36.00s
[fit 66/81] END reg_alpha=2, reg_lambda=0.02; total=4147, TP=110, TN=3932, FP=18, FN=87; precision=0.859, recall=0.558
accuracy: (test=0.975) average_precision: (test=0.735) balanced_accuracy: (test=0.777) f1: (test=0.677) roc_auc: (test=0.934) 35.99s
[fit 67/81] END reg_alpha=2, reg_lambda=0.05; total=4147, TP=110, TN=3936, FP=14, FN=87; precision=0.887, recall=0.558
accuracy: (test=0.976) average_precision: (test=0.725) balanced_accuracy: (test=0.777) f1: (test=0.685) roc_auc: (test=0.926) 35.96s
[fit 68/81] END reg_alpha=2, reg_lambda=0.1; total=4147, TP=113, TN=3927, FP=23, FN=84; precision=0.831, recall=0.574
accuracy: (test=0.974) average_precision: (test=0.727) balanced_accuracy: (test=0.784) f1: (test=0.679) roc_auc: (test=0.926) 36.07s
[fit 69/81] END reg_alpha=2, reg_lambda=0.5; total=4147, TP=110, TN=3934, FP=16, FN=87; precision=0.873, recall=0.558
accuracy: (test=0.975) average_precision: (test=0.733) balanced_accuracy: (test=0.777) f1: (test=0.681) roc_auc: (test=0.929) 36.52s
[fit 70/81] END reg_alpha=2, reg_lambda=1; total=4147, TP=110, TN=3935, FP=15, FN=87; precision=0.880, recall=0.558
accuracy: (test=0.975) average_precision: (test=0.737) balanced_accuracy: (test=0.777) f1: (test=0.683) roc_auc: (test=0.927) 36.83s
[fit 71/81] END reg_alpha=2, reg_lambda=2; total=4147, TP=109, TN=3935, FP=15, FN=88; precision=0.879, recall=0.553
accuracy: (test=0.975) average_precision: (test=0.734) balanced_accuracy: (test=0.775) f1: (test=0.679) roc_auc: (test=0.935) 37.73s
[fit 72/81] END reg_alpha=2, reg_lambda=3; total=4147, TP=109, TN=3928, FP=22, FN=88; precision=0.832, recall=0.553
accuracy: (test=0.973) average_precision: (test=0.740) balanced_accuracy: (test=0.774) f1: (test=0.665) roc_auc: (test=0.929) 38.30s
[fit 73/81] END reg_alpha=3, reg_lambda=0; total=4147, TP=112, TN=3932, FP=18, FN=85; precision=0.862, recall=0.569
accuracy: (test=0.975) average_precision: (test=0.726) balanced_accuracy: (test=0.782) f1: (test=0.685) roc_auc: (test=0.926) 35.94s
[fit 74/81] END reg_alpha=3, reg_lambda=0.01; total=4147, TP=110, TN=3936, FP=14, FN=87; precision=0.887, recall=0.558
accuracy: (test=0.976) average_precision: (test=0.728) balanced_accuracy: (test=0.777) f1: (test=0.685) roc_auc: (test=0.926) 35.59s
[fit 75/81] END reg_alpha=3, reg_lambda=0.02; total=4147, TP=111, TN=3935, FP=15, FN=86; precision=0.881, recall=0.563
accuracy: (test=0.976) average_precision: (test=0.738) balanced_accuracy: (test=0.780) f1: (test=0.687) roc_auc: (test=0.929) 35.76s
[fit 76/81] END reg_alpha=3, reg_lambda=0.05; total=4147, TP=110, TN=3933, FP=17, FN=87; precision=0.866, recall=0.558
accuracy: (test=0.975) average_precision: (test=0.732) balanced_accuracy: (test=0.777) f1: (test=0.679) roc_auc: (test=0.936) 35.93s
[fit 77/81] END reg_alpha=3, reg_lambda=0.1; total=4147, TP=111, TN=3933, FP=17, FN=86; precision=0.867, recall=0.563
accuracy: (test=0.975) average_precision: (test=0.733) balanced_accuracy: (test=0.780) f1: (test=0.683) roc_auc: (test=0.931) 35.96s
[fit 78/81] END reg_alpha=3, reg_lambda=0.5; total=4147, TP=110, TN=3927, FP=23, FN=87; precision=0.827, recall=0.558
accuracy: (test=0.973) average_precision: (test=0.715) balanced_accuracy: (test=0.776) f1: (test=0.667) roc_auc: (test=0.922) 36.18s
[fit 79/81] END reg_alpha=3, reg_lambda=1; total=4147, TP=110, TN=3925, FP=25, FN=87; precision=0.815, recall=0.558
accuracy: (test=0.973) average_precision: (test=0.732) balanced_accuracy: (test=0.776) f1: (test=0.663) roc_auc: (test=0.928) 36.78s
[fit 80/81] END reg_alpha=3, reg_lambda=2; total=4147, TP=110, TN=3930, FP=20, FN=87; precision=0.846, recall=0.558
accuracy: (test=0.974) average_precision: (test=0.733) balanced_accuracy: (test=0.777) f1: (test=0.673) roc_auc: (test=0.933) 37.63s
[fit 81/81] END reg_alpha=3, reg_lambda=3; total=4147, TP=110, TN=3932, FP=18, FN=87; precision=0.859, recall=0.558
accuracy: (test=0.975) average_precision: (test=0.732) balanced_accuracy: (test=0.777) f1: (test=0.677) roc_auc: (test=0.926) 38.41s
clf.best_estimator_params: {'reg_alpha': 0, 'reg_lambda': 1}
best params found in line [8] for metric [roc_auc] in rank file
best params found in fit [7] for metric [roc_auc] in run_and_score file
clf.best_scoring_result: [Total: (test=4147) TP: (test=113.000) TN: (test=3927.000) FP: (test=23.000) FN: (test=84.000) precision: (test=0.831) recall: (test=0.574) accuracy: (test=0.974) average_precision: (test=0.738) balanced_accuracy: (test=0.784) f1: (test=0.679) roc_auc: (test=0.936) ]
write rank test to csv!!!
write over!!!
第六次
{'objective': 'binary:logistic', 'use_label_encoder': False, 'base_score': None, 'booster': None, 'colsample_bylevel': None, 'colsample_bynode': None, 'colsample_bytree': 0.8, 'gamma': 0, 'gpu_id': None, 'importance_type': 'gain', 'interaction_constraints': None, 'learning_rate': 0.1, 'max_delta_step': None, 'max_depth': 10, 'min_child_weight': 5, 'missing': nan, 'monotone_constraints': None, 'n_estimators': 1000, 'n_jobs': None, 'num_parallel_tree': None, 'random_state': None, 'reg_alpha': 0, 'reg_lambda': 1, 'scale_pos_weight': None, 'subsample': 0.8, 'tree_method': 'gpu_hist', 'validate_parameters': None, 'verbosity': None, 'seed': 0, 'eval_metric': 'logloss'}
Fitting, totalling 9 fits
[fit 1/9] END learning_rate=0.001; total=4147, TP=132, TN=3783, FP=167, FN=65; precision=0.441, recall=0.670
accuracy: (test=0.944) average_precision: (test=0.475) balanced_accuracy: (test=0.814) f1: (test=0.532) roc_auc: (test=0.906) 1.68min
[fit 2/9] END learning_rate=0.01; total=4147, TP=121, TN=3895, FP=55, FN=76; precision=0.688, recall=0.614
accuracy: (test=0.968) average_precision: (test=0.710) balanced_accuracy: (test=0.800) f1: (test=0.649) roc_auc: (test=0.924) 1.17min
[fit 3/9] END learning_rate=0.05; total=4147, TP=110, TN=3932, FP=18, FN=87; precision=0.859, recall=0.558
accuracy: (test=0.975) average_precision: (test=0.747) balanced_accuracy: (test=0.777) f1: (test=0.677) roc_auc: (test=0.929) 40.11s
[fit 4/9] END learning_rate=0.07; total=4147, TP=111, TN=3934, FP=16, FN=86; precision=0.874, recall=0.563
accuracy: (test=0.975) average_precision: (test=0.738) balanced_accuracy: (test=0.780) f1: (test=0.685) roc_auc: (test=0.932) 34.24s
[fit 5/9] END learning_rate=0.1; total=4147, TP=113, TN=3927, FP=23, FN=84; precision=0.831, recall=0.574
accuracy: (test=0.974) average_precision: (test=0.738) balanced_accuracy: (test=0.784) f1: (test=0.679) roc_auc: (test=0.936) 28.82s
[fit 6/9] END learning_rate=0.2; total=4147, TP=113, TN=3928, FP=22, FN=84; precision=0.837, recall=0.574
accuracy: (test=0.974) average_precision: (test=0.720) balanced_accuracy: (test=0.784) f1: (test=0.681) roc_auc: (test=0.926) 20.96s
[fit 7/9] END learning_rate=0.5; total=4147, TP=106, TN=3917, FP=33, FN=91; precision=0.763, recall=0.538
accuracy: (test=0.970) average_precision: (test=0.684) balanced_accuracy: (test=0.765) f1: (test=0.631) roc_auc: (test=0.900) 14.54s
[fit 8/9] END learning_rate=0.75; total=4147, TP=114, TN=3909, FP=41, FN=83; precision=0.735, recall=0.579
accuracy: (test=0.970) average_precision: (test=0.663) balanced_accuracy: (test=0.784) f1: (test=0.648) roc_auc: (test=0.908) 12.66s
[fit 9/9] END learning_rate=1.0; total=4147, TP=109, TN=3878, FP=72, FN=88; precision=0.602, recall=0.553
accuracy: (test=0.961) average_precision: (test=0.622) balanced_accuracy: (test=0.768) f1: (test=0.577) roc_auc: (test=0.874) 11.65s
clf.best_estimator_params: {'learning_rate': 0.1}
best params found in line [6] for metric [roc_auc] in rank file
best params found in fit [5] for metric [roc_auc] in run_and_score file
clf.best_scoring_result: [Total: (test=4147) TP: (test=113.000) TN: (test=3927.000) FP: (test=23.000) FN: (test=84.000) precision: (test=0.831) recall: (test=0.574) accuracy: (test=0.974) average_precision: (test=0.738) balanced_accuracy: (test=0.784) f1: (test=0.679) roc_auc: (test=0.936) ]
write rank test to csv!!!
write over!!!
total time spending: 2h 10m 23s
best_params_result: {'n_estimators': 1000, 'max_depth': 10, 'min_child_weight': 5, 'gamma': 0, 'colsample_bytree': 0.8, 'subsample': 0.8, 'reg_alpha': 0, 'reg_lambda': 1, 'learning_rate': 0.1}
