nohup: ignoring input
experiment: HUVEC eiip_xgboost
trainSet len:[X=54800,y=54800]
testSet len:[X=3192,y=3192]
第一次
{'objective': 'binary:logistic', 'use_label_encoder': False, 'base_score': None, 'booster': None, 'colsample_bylevel': None, 'colsample_bynode': None, 'colsample_bytree': 0.8, 'gamma': 0, 'gpu_id': None, 'importance_type': 'gain', 'interaction_constraints': None, 'learning_rate': 0.1, 'max_delta_step': None, 'max_depth': 5, 'min_child_weight': 1, 'missing': nan, 'monotone_constraints': None, 'n_estimators': 500, 'n_jobs': None, 'num_parallel_tree': None, 'random_state': None, 'reg_alpha': 0, 'reg_lambda': 1, 'scale_pos_weight': None, 'subsample': 0.8, 'tree_method': 'gpu_hist', 'validate_parameters': None, 'verbosity': None, 'seed': 0, 'eval_metric': 'logloss'}
Fitting, totalling 20 fits
[fit 1/20] END n_estimators=50; total=3192, TP=84, TN=2592, FP=448, FN=68; precision=0.158, recall=0.553
accuracy: (test=0.838) average_precision: (test=0.279) balanced_accuracy: (test=0.703) f1: (test=0.246) roc_auc: (test=0.805) 2.70s
[fit 2/20] END n_estimators=100; total=3192, TP=92, TN=2756, FP=284, FN=60; precision=0.245, recall=0.605
accuracy: (test=0.892) average_precision: (test=0.348) balanced_accuracy: (test=0.756) f1: (test=0.348) roc_auc: (test=0.849) 4.35s
[fit 3/20] END n_estimators=150; total=3192, TP=93, TN=2809, FP=231, FN=59; precision=0.287, recall=0.612
accuracy: (test=0.909) average_precision: (test=0.386) balanced_accuracy: (test=0.768) f1: (test=0.391) roc_auc: (test=0.871) 6.21s
[fit 4/20] END n_estimators=200; total=3192, TP=96, TN=2861, FP=179, FN=56; precision=0.349, recall=0.632
accuracy: (test=0.926) average_precision: (test=0.437) balanced_accuracy: (test=0.786) f1: (test=0.450) roc_auc: (test=0.889) 8.06s
[fit 5/20] END n_estimators=250; total=3192, TP=95, TN=2893, FP=147, FN=57; precision=0.393, recall=0.625
accuracy: (test=0.936) average_precision: (test=0.464) balanced_accuracy: (test=0.788) f1: (test=0.482) roc_auc: (test=0.894) 10.24s
[fit 6/20] END n_estimators=300; total=3192, TP=94, TN=2910, FP=130, FN=58; precision=0.420, recall=0.618
accuracy: (test=0.941) average_precision: (test=0.494) balanced_accuracy: (test=0.788) f1: (test=0.500) roc_auc: (test=0.896) 11.29s
[fit 7/20] END n_estimators=350; total=3192, TP=96, TN=2927, FP=113, FN=56; precision=0.459, recall=0.632
accuracy: (test=0.947) average_precision: (test=0.511) balanced_accuracy: (test=0.797) f1: (test=0.532) roc_auc: (test=0.898) 13.92s
[fit 8/20] END n_estimators=400; total=3192, TP=96, TN=2946, FP=94, FN=56; precision=0.505, recall=0.632
accuracy: (test=0.953) average_precision: (test=0.531) balanced_accuracy: (test=0.800) f1: (test=0.561) roc_auc: (test=0.903) 15.34s
[fit 9/20] END n_estimators=450; total=3192, TP=95, TN=2948, FP=92, FN=57; precision=0.508, recall=0.625
accuracy: (test=0.953) average_precision: (test=0.539) balanced_accuracy: (test=0.797) f1: (test=0.560) roc_auc: (test=0.903) 17.43s
[fit 10/20] END n_estimators=500; total=3192, TP=94, TN=2959, FP=81, FN=58; precision=0.537, recall=0.618
accuracy: (test=0.956) average_precision: (test=0.552) balanced_accuracy: (test=0.796) f1: (test=0.575) roc_auc: (test=0.904) 19.74s
[fit 11/20] END n_estimators=550; total=3192, TP=91, TN=2964, FP=76, FN=61; precision=0.545, recall=0.599
accuracy: (test=0.957) average_precision: (test=0.554) balanced_accuracy: (test=0.787) f1: (test=0.571) roc_auc: (test=0.907) 20.76s
[fit 12/20] END n_estimators=600; total=3192, TP=93, TN=2965, FP=75, FN=59; precision=0.554, recall=0.612
accuracy: (test=0.958) average_precision: (test=0.566) balanced_accuracy: (test=0.794) f1: (test=0.581) roc_auc: (test=0.908) 22.81s
[fit 13/20] END n_estimators=650; total=3192, TP=92, TN=2969, FP=71, FN=60; precision=0.564, recall=0.605
accuracy: (test=0.959) average_precision: (test=0.575) balanced_accuracy: (test=0.791) f1: (test=0.584) roc_auc: (test=0.907) 24.65s
[fit 14/20] END n_estimators=700; total=3192, TP=92, TN=2975, FP=65, FN=60; precision=0.586, recall=0.605
accuracy: (test=0.961) average_precision: (test=0.577) balanced_accuracy: (test=0.792) f1: (test=0.595) roc_auc: (test=0.907) 27.29s
[fit 15/20] END n_estimators=750; total=3192, TP=91, TN=2977, FP=63, FN=61; precision=0.591, recall=0.599
accuracy: (test=0.961) average_precision: (test=0.588) balanced_accuracy: (test=0.789) f1: (test=0.595) roc_auc: (test=0.905) 28.55s
[fit 16/20] END n_estimators=800; total=3192, TP=86, TN=2980, FP=60, FN=66; precision=0.589, recall=0.566
accuracy: (test=0.961) average_precision: (test=0.592) balanced_accuracy: (test=0.773) f1: (test=0.577) roc_auc: (test=0.904) 30.53s
[fit 17/20] END n_estimators=850; total=3192, TP=86, TN=2982, FP=58, FN=66; precision=0.597, recall=0.566
accuracy: (test=0.961) average_precision: (test=0.597) balanced_accuracy: (test=0.773) f1: (test=0.581) roc_auc: (test=0.905) 32.36s
[fit 18/20] END n_estimators=900; total=3192, TP=86, TN=2983, FP=57, FN=66; precision=0.601, recall=0.566
accuracy: (test=0.961) average_precision: (test=0.600) balanced_accuracy: (test=0.774) f1: (test=0.583) roc_auc: (test=0.906) 34.30s
[fit 19/20] END n_estimators=950; total=3192, TP=87, TN=2986, FP=54, FN=65; precision=0.617, recall=0.572
accuracy: (test=0.963) average_precision: (test=0.605) balanced_accuracy: (test=0.777) f1: (test=0.594) roc_auc: (test=0.908) 36.31s
[fit 20/20] END n_estimators=1000; total=3192, TP=87, TN=2987, FP=53, FN=65; precision=0.621, recall=0.572
accuracy: (test=0.963) average_precision: (test=0.606) balanced_accuracy: (test=0.777) f1: (test=0.596) roc_auc: (test=0.907) 38.34s
clf.best_estimator_params: {'n_estimators': 600}
best params found in line [13] for metric [roc_auc] in rank file
best params found in fit [12] for metric [roc_auc] in run_and_score file
clf.best_scoring_result: [Total: (test=3192) TP: (test=93.000) TN: (test=2965.000) FP: (test=75.000) FN: (test=59.000) precision: (test=0.554) recall: (test=0.612) accuracy: (test=0.958) average_precision: (test=0.566) balanced_accuracy: (test=0.794) f1: (test=0.581) roc_auc: (test=0.908) ]
write rank test to csv!!!
write over!!!
第二次
{'objective': 'binary:logistic', 'use_label_encoder': False, 'base_score': None, 'booster': None, 'colsample_bylevel': None, 'colsample_bynode': None, 'colsample_bytree': 0.8, 'gamma': 0, 'gpu_id': None, 'importance_type': 'gain', 'interaction_constraints': None, 'learning_rate': 0.1, 'max_delta_step': None, 'max_depth': 5, 'min_child_weight': 1, 'missing': nan, 'monotone_constraints': None, 'n_estimators': 600, 'n_jobs': None, 'num_parallel_tree': None, 'random_state': None, 'reg_alpha': 0, 'reg_lambda': 1, 'scale_pos_weight': None, 'subsample': 0.8, 'tree_method': 'gpu_hist', 'validate_parameters': None, 'verbosity': None, 'seed': 0, 'eval_metric': 'logloss'}
Fitting, totalling 54 fits
[fit 1/54] END max_depth=3, min_child_weight=1; total=3192, TP=96, TN=2791, FP=249, FN=56; precision=0.278, recall=0.632
accuracy: (test=0.904) average_precision: (test=0.386) balanced_accuracy: (test=0.775) f1: (test=0.386) roc_auc: (test=0.871) 13.58s
[fit 2/54] END max_depth=3, min_child_weight=2; total=3192, TP=97, TN=2790, FP=250, FN=55; precision=0.280, recall=0.638
accuracy: (test=0.904) average_precision: (test=0.392) balanced_accuracy: (test=0.778) f1: (test=0.389) roc_auc: (test=0.872) 12.92s
[fit 3/54] END max_depth=3, min_child_weight=3; total=3192, TP=96, TN=2803, FP=237, FN=56; precision=0.288, recall=0.632
accuracy: (test=0.908) average_precision: (test=0.377) balanced_accuracy: (test=0.777) f1: (test=0.396) roc_auc: (test=0.876) 12.88s
[fit 4/54] END max_depth=3, min_child_weight=4; total=3192, TP=98, TN=2792, FP=248, FN=54; precision=0.283, recall=0.645
accuracy: (test=0.905) average_precision: (test=0.396) balanced_accuracy: (test=0.782) f1: (test=0.394) roc_auc: (test=0.866) 13.48s
[fit 5/54] END max_depth=3, min_child_weight=5; total=3192, TP=94, TN=2792, FP=248, FN=58; precision=0.275, recall=0.618
accuracy: (test=0.904) average_precision: (test=0.410) balanced_accuracy: (test=0.768) f1: (test=0.381) roc_auc: (test=0.875) 12.87s
[fit 6/54] END max_depth=3, min_child_weight=6; total=3192, TP=91, TN=2788, FP=252, FN=61; precision=0.265, recall=0.599
accuracy: (test=0.902) average_precision: (test=0.376) balanced_accuracy: (test=0.758) f1: (test=0.368) roc_auc: (test=0.864) 13.51s
[fit 7/54] END max_depth=4, min_child_weight=1; total=3192, TP=99, TN=2900, FP=140, FN=53; precision=0.414, recall=0.651
accuracy: (test=0.940) average_precision: (test=0.488) balanced_accuracy: (test=0.803) f1: (test=0.506) roc_auc: (test=0.893) 16.85s
[fit 8/54] END max_depth=4, min_child_weight=2; total=3192, TP=93, TN=2908, FP=132, FN=59; precision=0.413, recall=0.612
accuracy: (test=0.940) average_precision: (test=0.466) balanced_accuracy: (test=0.784) f1: (test=0.493) roc_auc: (test=0.892) 16.68s
[fit 9/54] END max_depth=4, min_child_weight=3; total=3192, TP=96, TN=2904, FP=136, FN=56; precision=0.414, recall=0.632
accuracy: (test=0.940) average_precision: (test=0.469) balanced_accuracy: (test=0.793) f1: (test=0.500) roc_auc: (test=0.891) 17.06s
[fit 10/54] END max_depth=4, min_child_weight=4; total=3192, TP=97, TN=2904, FP=136, FN=55; precision=0.416, recall=0.638
accuracy: (test=0.940) average_precision: (test=0.496) balanced_accuracy: (test=0.797) f1: (test=0.504) roc_auc: (test=0.893) 16.55s
[fit 11/54] END max_depth=4, min_child_weight=5; total=3192, TP=96, TN=2902, FP=138, FN=56; precision=0.410, recall=0.632
accuracy: (test=0.939) average_precision: (test=0.465) balanced_accuracy: (test=0.793) f1: (test=0.497) roc_auc: (test=0.892) 16.65s
[fit 12/54] END max_depth=4, min_child_weight=6; total=3192, TP=90, TN=2903, FP=137, FN=62; precision=0.396, recall=0.592
accuracy: (test=0.938) average_precision: (test=0.492) balanced_accuracy: (test=0.774) f1: (test=0.475) roc_auc: (test=0.891) 17.11s
[fit 13/54] END max_depth=5, min_child_weight=1; total=3192, TP=93, TN=2965, FP=75, FN=59; precision=0.554, recall=0.612
accuracy: (test=0.958) average_precision: (test=0.566) balanced_accuracy: (test=0.794) f1: (test=0.581) roc_auc: (test=0.908) 23.26s
[fit 14/54] END max_depth=5, min_child_weight=2; total=3192, TP=94, TN=2959, FP=81, FN=58; precision=0.537, recall=0.618
accuracy: (test=0.956) average_precision: (test=0.548) balanced_accuracy: (test=0.796) f1: (test=0.575) roc_auc: (test=0.910) 23.17s
[fit 15/54] END max_depth=5, min_child_weight=3; total=3192, TP=91, TN=2953, FP=87, FN=61; precision=0.511, recall=0.599
accuracy: (test=0.954) average_precision: (test=0.537) balanced_accuracy: (test=0.785) f1: (test=0.552) roc_auc: (test=0.897) 22.73s
[fit 16/54] END max_depth=5, min_child_weight=4; total=3192, TP=95, TN=2956, FP=84, FN=57; precision=0.531, recall=0.625
accuracy: (test=0.956) average_precision: (test=0.531) balanced_accuracy: (test=0.799) f1: (test=0.574) roc_auc: (test=0.906) 23.10s
[fit 17/54] END max_depth=5, min_child_weight=5; total=3192, TP=89, TN=2968, FP=72, FN=63; precision=0.553, recall=0.586
accuracy: (test=0.958) average_precision: (test=0.553) balanced_accuracy: (test=0.781) f1: (test=0.569) roc_auc: (test=0.895) 22.11s
[fit 18/54] END max_depth=5, min_child_weight=6; total=3192, TP=88, TN=2964, FP=76, FN=64; precision=0.537, recall=0.579
accuracy: (test=0.956) average_precision: (test=0.543) balanced_accuracy: (test=0.777) f1: (test=0.557) roc_auc: (test=0.900) 21.70s
[fit 19/54] END max_depth=6, min_child_weight=1; total=3192, TP=83, TN=2988, FP=52, FN=69; precision=0.615, recall=0.546
accuracy: (test=0.962) average_precision: (test=0.584) balanced_accuracy: (test=0.764) f1: (test=0.578) roc_auc: (test=0.905) 33.82s
[fit 20/54] END max_depth=6, min_child_weight=2; total=3192, TP=85, TN=2982, FP=58, FN=67; precision=0.594, recall=0.559
accuracy: (test=0.961) average_precision: (test=0.600) balanced_accuracy: (test=0.770) f1: (test=0.576) roc_auc: (test=0.914) 32.98s
[fit 21/54] END max_depth=6, min_child_weight=3; total=3192, TP=77, TN=2986, FP=54, FN=75; precision=0.588, recall=0.507
accuracy: (test=0.960) average_precision: (test=0.585) balanced_accuracy: (test=0.744) f1: (test=0.544) roc_auc: (test=0.918) 31.08s
[fit 22/54] END max_depth=6, min_child_weight=4; total=3192, TP=84, TN=2985, FP=55, FN=68; precision=0.604, recall=0.553
accuracy: (test=0.961) average_precision: (test=0.577) balanced_accuracy: (test=0.767) f1: (test=0.577) roc_auc: (test=0.920) 30.46s
[fit 23/54] END max_depth=6, min_child_weight=5; total=3192, TP=83, TN=2975, FP=65, FN=69; precision=0.561, recall=0.546
accuracy: (test=0.958) average_precision: (test=0.572) balanced_accuracy: (test=0.762) f1: (test=0.553) roc_auc: (test=0.908) 29.93s
[fit 24/54] END max_depth=6, min_child_weight=6; total=3192, TP=86, TN=2982, FP=58, FN=66; precision=0.597, recall=0.566
accuracy: (test=0.961) average_precision: (test=0.585) balanced_accuracy: (test=0.773) f1: (test=0.581) roc_auc: (test=0.908) 29.42s
[fit 25/54] END max_depth=7, min_child_weight=1; total=3192, TP=74, TN=2996, FP=44, FN=78; precision=0.627, recall=0.487
accuracy: (test=0.962) average_precision: (test=0.611) balanced_accuracy: (test=0.736) f1: (test=0.548) roc_auc: (test=0.910) 47.11s
[fit 26/54] END max_depth=7, min_child_weight=2; total=3192, TP=78, TN=2999, FP=41, FN=74; precision=0.655, recall=0.513
accuracy: (test=0.964) average_precision: (test=0.607) balanced_accuracy: (test=0.750) f1: (test=0.576) roc_auc: (test=0.919) 42.55s
[fit 27/54] END max_depth=7, min_child_weight=3; total=3192, TP=77, TN=2998, FP=42, FN=75; precision=0.647, recall=0.507
accuracy: (test=0.963) average_precision: (test=0.609) balanced_accuracy: (test=0.746) f1: (test=0.568) roc_auc: (test=0.910) 41.15s
[fit 28/54] END max_depth=7, min_child_weight=4; total=3192, TP=81, TN=2998, FP=42, FN=71; precision=0.659, recall=0.533
accuracy: (test=0.965) average_precision: (test=0.619) balanced_accuracy: (test=0.760) f1: (test=0.589) roc_auc: (test=0.923) 39.56s
[fit 29/54] END max_depth=7, min_child_weight=5; total=3192, TP=81, TN=2994, FP=46, FN=71; precision=0.638, recall=0.533
accuracy: (test=0.963) average_precision: (test=0.603) balanced_accuracy: (test=0.759) f1: (test=0.581) roc_auc: (test=0.915) 38.65s
[fit 30/54] END max_depth=7, min_child_weight=6; total=3192, TP=77, TN=2990, FP=50, FN=75; precision=0.606, recall=0.507
accuracy: (test=0.961) average_precision: (test=0.596) balanced_accuracy: (test=0.745) f1: (test=0.552) roc_auc: (test=0.916) 38.38s
[fit 31/54] END max_depth=8, min_child_weight=1; total=3192, TP=74, TN=2999, FP=41, FN=78; precision=0.643, recall=0.487
accuracy: (test=0.963) average_precision: (test=0.626) balanced_accuracy: (test=0.737) f1: (test=0.554) roc_auc: (test=0.928) 1.01min
[fit 32/54] END max_depth=8, min_child_weight=2; total=3192, TP=74, TN=3006, FP=34, FN=78; precision=0.685, recall=0.487
accuracy: (test=0.965) average_precision: (test=0.607) balanced_accuracy: (test=0.738) f1: (test=0.569) roc_auc: (test=0.914) 55.29s
[fit 33/54] END max_depth=8, min_child_weight=3; total=3192, TP=77, TN=3004, FP=36, FN=75; precision=0.681, recall=0.507
accuracy: (test=0.965) average_precision: (test=0.620) balanced_accuracy: (test=0.747) f1: (test=0.581) roc_auc: (test=0.916) 50.65s
[fit 34/54] END max_depth=8, min_child_weight=4; total=3192, TP=81, TN=2999, FP=41, FN=71; precision=0.664, recall=0.533
accuracy: (test=0.965) average_precision: (test=0.623) balanced_accuracy: (test=0.760) f1: (test=0.591) roc_auc: (test=0.917) 48.61s
[fit 35/54] END max_depth=8, min_child_weight=5; total=3192, TP=76, TN=3001, FP=39, FN=76; precision=0.661, recall=0.500
accuracy: (test=0.964) average_precision: (test=0.612) balanced_accuracy: (test=0.744) f1: (test=0.569) roc_auc: (test=0.920) 47.43s
[fit 36/54] END max_depth=8, min_child_weight=6; total=3192, TP=79, TN=3002, FP=38, FN=73; precision=0.675, recall=0.520
accuracy: (test=0.965) average_precision: (test=0.613) balanced_accuracy: (test=0.754) f1: (test=0.587) roc_auc: (test=0.919) 46.16s
[fit 37/54] END max_depth=9, min_child_weight=1; total=3192, TP=73, TN=3003, FP=37, FN=79; precision=0.664, recall=0.480
accuracy: (test=0.964) average_precision: (test=0.625) balanced_accuracy: (test=0.734) f1: (test=0.557) roc_auc: (test=0.923) 1.26min
[fit 38/54] END max_depth=9, min_child_weight=2; total=3192, TP=75, TN=3000, FP=40, FN=77; precision=0.652, recall=0.493
accuracy: (test=0.963) average_precision: (test=0.618) balanced_accuracy: (test=0.740) f1: (test=0.562) roc_auc: (test=0.926) 1.09min
[fit 39/54] END max_depth=9, min_child_weight=3; total=3192, TP=77, TN=3002, FP=38, FN=75; precision=0.670, recall=0.507
accuracy: (test=0.965) average_precision: (test=0.609) balanced_accuracy: (test=0.747) f1: (test=0.577) roc_auc: (test=0.912) 59.26s
[fit 40/54] END max_depth=9, min_child_weight=4; total=3192, TP=77, TN=3003, FP=37, FN=75; precision=0.675, recall=0.507
accuracy: (test=0.965) average_precision: (test=0.608) balanced_accuracy: (test=0.747) f1: (test=0.579) roc_auc: (test=0.918) 57.01s
[fit 41/54] END max_depth=9, min_child_weight=5; total=3192, TP=77, TN=3000, FP=40, FN=75; precision=0.658, recall=0.507
accuracy: (test=0.964) average_precision: (test=0.628) balanced_accuracy: (test=0.747) f1: (test=0.572) roc_auc: (test=0.921) 55.98s
[fit 42/54] END max_depth=9, min_child_weight=6; total=3192, TP=76, TN=3000, FP=40, FN=76; precision=0.655, recall=0.500
accuracy: (test=0.964) average_precision: (test=0.606) balanced_accuracy: (test=0.743) f1: (test=0.567) roc_auc: (test=0.916) 51.45s
[fit 43/54] END max_depth=10, min_child_weight=1; total=3192, TP=75, TN=3008, FP=32, FN=77; precision=0.701, recall=0.493
accuracy: (test=0.966) average_precision: (test=0.627) balanced_accuracy: (test=0.741) f1: (test=0.579) roc_auc: (test=0.917) 1.44min
[fit 44/54] END max_depth=10, min_child_weight=2; total=3192, TP=76, TN=3008, FP=32, FN=76; precision=0.704, recall=0.500
accuracy: (test=0.966) average_precision: (test=0.618) balanced_accuracy: (test=0.745) f1: (test=0.585) roc_auc: (test=0.924) 1.25min
[fit 45/54] END max_depth=10, min_child_weight=3; total=3192, TP=71, TN=2998, FP=42, FN=81; precision=0.628, recall=0.467
accuracy: (test=0.961) average_precision: (test=0.610) balanced_accuracy: (test=0.727) f1: (test=0.536) roc_auc: (test=0.916) 1.14min
[fit 46/54] END max_depth=10, min_child_weight=4; total=3192, TP=78, TN=3009, FP=31, FN=74; precision=0.716, recall=0.513
accuracy: (test=0.967) average_precision: (test=0.613) balanced_accuracy: (test=0.751) f1: (test=0.598) roc_auc: (test=0.920) 1.08min
[fit 47/54] END max_depth=10, min_child_weight=5; total=3192, TP=77, TN=3003, FP=37, FN=75; precision=0.675, recall=0.507
accuracy: (test=0.965) average_precision: (test=0.625) balanced_accuracy: (test=0.747) f1: (test=0.579) roc_auc: (test=0.916) 1.05min
[fit 48/54] END max_depth=10, min_child_weight=6; total=3192, TP=77, TN=3005, FP=35, FN=75; precision=0.688, recall=0.507
accuracy: (test=0.966) average_precision: (test=0.621) balanced_accuracy: (test=0.748) f1: (test=0.583) roc_auc: (test=0.923) 58.71s
[fit 49/54] END max_depth=12, min_child_weight=1; total=3192, TP=74, TN=3014, FP=26, FN=78; precision=0.740, recall=0.487
accuracy: (test=0.967) average_precision: (test=0.639) balanced_accuracy: (test=0.739) f1: (test=0.587) roc_auc: (test=0.923) 1.75min
[fit 50/54] END max_depth=12, min_child_weight=2; total=3192, TP=69, TN=3007, FP=33, FN=83; precision=0.676, recall=0.454
accuracy: (test=0.964) average_precision: (test=0.619) balanced_accuracy: (test=0.722) f1: (test=0.543) roc_auc: (test=0.924) 1.50min
[fit 51/54] END max_depth=12, min_child_weight=3; total=3192, TP=73, TN=3002, FP=38, FN=79; precision=0.658, recall=0.480
accuracy: (test=0.963) average_precision: (test=0.616) balanced_accuracy: (test=0.734) f1: (test=0.555) roc_auc: (test=0.921) 1.37min
[fit 52/54] END max_depth=12, min_child_weight=4; total=3192, TP=74, TN=3004, FP=36, FN=78; precision=0.673, recall=0.487
accuracy: (test=0.964) average_precision: (test=0.619) balanced_accuracy: (test=0.738) f1: (test=0.565) roc_auc: (test=0.919) 1.29min
[fit 53/54] END max_depth=12, min_child_weight=5; total=3192, TP=77, TN=3004, FP=36, FN=75; precision=0.681, recall=0.507
accuracy: (test=0.965) average_precision: (test=0.612) balanced_accuracy: (test=0.747) f1: (test=0.581) roc_auc: (test=0.917) 1.21min
[fit 54/54] END max_depth=12, min_child_weight=6; total=3192, TP=80, TN=3004, FP=36, FN=72; precision=0.690, recall=0.526
accuracy: (test=0.966) average_precision: (test=0.623) balanced_accuracy: (test=0.757) f1: (test=0.597) roc_auc: (test=0.919) 1.14min
clf.best_estimator_params: {'max_depth': 8, 'min_child_weight': 1}
best params found in line [32] for metric [roc_auc] in rank file
best params found in fit [31] for metric [roc_auc] in run_and_score file
clf.best_scoring_result: [Total: (test=3192) TP: (test=74.000) TN: (test=2999.000) FP: (test=41.000) FN: (test=78.000) precision: (test=0.643) recall: (test=0.487) accuracy: (test=0.963) average_precision: (test=0.626) balanced_accuracy: (test=0.737) f1: (test=0.554) roc_auc: (test=0.928) ]
write rank test to csv!!!
write over!!!
第三次
{'objective': 'binary:logistic', 'use_label_encoder': False, 'base_score': None, 'booster': None, 'colsample_bylevel': None, 'colsample_bynode': None, 'colsample_bytree': 0.8, 'gamma': 0, 'gpu_id': None, 'importance_type': 'gain', 'interaction_constraints': None, 'learning_rate': 0.1, 'max_delta_step': None, 'max_depth': 8, 'min_child_weight': 1, 'missing': nan, 'monotone_constraints': None, 'n_estimators': 600, 'n_jobs': None, 'num_parallel_tree': None, 'random_state': None, 'reg_alpha': 0, 'reg_lambda': 1, 'scale_pos_weight': None, 'subsample': 0.8, 'tree_method': 'gpu_hist', 'validate_parameters': None, 'verbosity': None, 'seed': 0, 'eval_metric': 'logloss'}
Fitting, totalling 7 fits
[fit 1/7] END gamma=0; total=3192, TP=74, TN=2999, FP=41, FN=78; precision=0.643, recall=0.487
accuracy: (test=0.963) average_precision: (test=0.626) balanced_accuracy: (test=0.737) f1: (test=0.554) roc_auc: (test=0.928) 1.02min
[fit 2/7] END gamma=0.1; total=3192, TP=79, TN=3006, FP=34, FN=73; precision=0.699, recall=0.520
accuracy: (test=0.966) average_precision: (test=0.628) balanced_accuracy: (test=0.754) f1: (test=0.596) roc_auc: (test=0.916) 58.93s
[fit 3/7] END gamma=0.2; total=3192, TP=74, TN=3002, FP=38, FN=78; precision=0.661, recall=0.487
accuracy: (test=0.964) average_precision: (test=0.618) balanced_accuracy: (test=0.737) f1: (test=0.561) roc_auc: (test=0.917) 53.56s
[fit 4/7] END gamma=0.3; total=3192, TP=76, TN=2999, FP=41, FN=76; precision=0.650, recall=0.500
accuracy: (test=0.963) average_precision: (test=0.609) balanced_accuracy: (test=0.743) f1: (test=0.565) roc_auc: (test=0.915) 47.14s
[fit 5/7] END gamma=0.4; total=3192, TP=78, TN=3003, FP=37, FN=74; precision=0.678, recall=0.513
accuracy: (test=0.965) average_precision: (test=0.618) balanced_accuracy: (test=0.750) f1: (test=0.584) roc_auc: (test=0.922) 46.83s
[fit 6/7] END gamma=0.5; total=3192, TP=83, TN=2998, FP=42, FN=69; precision=0.664, recall=0.546
accuracy: (test=0.965) average_precision: (test=0.599) balanced_accuracy: (test=0.766) f1: (test=0.599) roc_auc: (test=0.912) 42.92s
[fit 7/7] END gamma=0.6; total=3192, TP=81, TN=3000, FP=40, FN=71; precision=0.669, recall=0.533
accuracy: (test=0.965) average_precision: (test=0.592) balanced_accuracy: (test=0.760) f1: (test=0.593) roc_auc: (test=0.910) 41.67s
clf.best_estimator_params: {'gamma': 0}
best params found in line [2] for metric [roc_auc] in rank file
best params found in fit [1] for metric [roc_auc] in run_and_score file
clf.best_scoring_result: [Total: (test=3192) TP: (test=74.000) TN: (test=2999.000) FP: (test=41.000) FN: (test=78.000) precision: (test=0.643) recall: (test=0.487) accuracy: (test=0.963) average_precision: (test=0.626) balanced_accuracy: (test=0.737) f1: (test=0.554) roc_auc: (test=0.928) ]
write rank test to csv!!!
write over!!!
第四次
{'objective': 'binary:logistic', 'use_label_encoder': False, 'base_score': None, 'booster': None, 'colsample_bylevel': None, 'colsample_bynode': None, 'colsample_bytree': 0.8, 'gamma': 0, 'gpu_id': None, 'importance_type': 'gain', 'interaction_constraints': None, 'learning_rate': 0.1, 'max_delta_step': None, 'max_depth': 8, 'min_child_weight': 1, 'missing': nan, 'monotone_constraints': None, 'n_estimators': 600, 'n_jobs': None, 'num_parallel_tree': None, 'random_state': None, 'reg_alpha': 0, 'reg_lambda': 1, 'scale_pos_weight': None, 'subsample': 0.8, 'tree_method': 'gpu_hist', 'validate_parameters': None, 'verbosity': None, 'seed': 0, 'eval_metric': 'logloss'}
Fitting, totalling 16 fits
[fit 1/16] END colsample_bytree=0.6, subsample=0.6; total=3192, TP=76, TN=3004, FP=36, FN=76; precision=0.679, recall=0.500
accuracy: (test=0.965) average_precision: (test=0.639) balanced_accuracy: (test=0.744) f1: (test=0.576) roc_auc: (test=0.926) 1.01min
[fit 2/16] END colsample_bytree=0.6, subsample=0.7; total=3192, TP=75, TN=3004, FP=36, FN=77; precision=0.676, recall=0.493
accuracy: (test=0.965) average_precision: (test=0.625) balanced_accuracy: (test=0.741) f1: (test=0.570) roc_auc: (test=0.923) 54.71s
[fit 3/16] END colsample_bytree=0.6, subsample=0.8; total=3192, TP=77, TN=3005, FP=35, FN=75; precision=0.688, recall=0.507
accuracy: (test=0.966) average_precision: (test=0.624) balanced_accuracy: (test=0.748) f1: (test=0.583) roc_auc: (test=0.919) 59.54s
[fit 4/16] END colsample_bytree=0.6, subsample=0.9; total=3192, TP=81, TN=3008, FP=32, FN=71; precision=0.717, recall=0.533
accuracy: (test=0.968) average_precision: (test=0.637) balanced_accuracy: (test=0.761) f1: (test=0.611) roc_auc: (test=0.919) 56.26s
[fit 5/16] END colsample_bytree=0.7, subsample=0.6; total=3192, TP=75, TN=3006, FP=34, FN=77; precision=0.688, recall=0.493
accuracy: (test=0.965) average_precision: (test=0.624) balanced_accuracy: (test=0.741) f1: (test=0.575) roc_auc: (test=0.918) 59.68s
[fit 6/16] END colsample_bytree=0.7, subsample=0.7; total=3192, TP=77, TN=3005, FP=35, FN=75; precision=0.688, recall=0.507
accuracy: (test=0.966) average_precision: (test=0.627) balanced_accuracy: (test=0.748) f1: (test=0.583) roc_auc: (test=0.926) 59.67s
[fit 7/16] END colsample_bytree=0.7, subsample=0.8; total=3192, TP=76, TN=3005, FP=35, FN=76; precision=0.685, recall=0.500
accuracy: (test=0.965) average_precision: (test=0.628) balanced_accuracy: (test=0.744) f1: (test=0.578) roc_auc: (test=0.922) 1.00min
[fit 8/16] END colsample_bytree=0.7, subsample=0.9; total=3192, TP=73, TN=3004, FP=36, FN=79; precision=0.670, recall=0.480
accuracy: (test=0.964) average_precision: (test=0.627) balanced_accuracy: (test=0.734) f1: (test=0.559) roc_auc: (test=0.908) 58.85s
[fit 9/16] END colsample_bytree=0.8, subsample=0.6; total=3192, TP=75, TN=3006, FP=34, FN=77; precision=0.688, recall=0.493
accuracy: (test=0.965) average_precision: (test=0.635) balanced_accuracy: (test=0.741) f1: (test=0.575) roc_auc: (test=0.918) 1.05min
[fit 10/16] END colsample_bytree=0.8, subsample=0.7; total=3192, TP=80, TN=3003, FP=37, FN=72; precision=0.684, recall=0.526
accuracy: (test=0.966) average_precision: (test=0.624) balanced_accuracy: (test=0.757) f1: (test=0.595) roc_auc: (test=0.923) 59.07s
[fit 11/16] END colsample_bytree=0.8, subsample=0.8; total=3192, TP=74, TN=2999, FP=41, FN=78; precision=0.643, recall=0.487
accuracy: (test=0.963) average_precision: (test=0.626) balanced_accuracy: (test=0.737) f1: (test=0.554) roc_auc: (test=0.928) 1.07min
[fit 12/16] END colsample_bytree=0.8, subsample=0.9; total=3192, TP=77, TN=3010, FP=30, FN=75; precision=0.720, recall=0.507
accuracy: (test=0.967) average_precision: (test=0.650) balanced_accuracy: (test=0.748) f1: (test=0.595) roc_auc: (test=0.927) 59.98s
[fit 13/16] END colsample_bytree=0.9, subsample=0.6; total=3192, TP=76, TN=3004, FP=36, FN=76; precision=0.679, recall=0.500
accuracy: (test=0.965) average_precision: (test=0.624) balanced_accuracy: (test=0.744) f1: (test=0.576) roc_auc: (test=0.913) 1.06min
[fit 14/16] END colsample_bytree=0.9, subsample=0.7; total=3192, TP=77, TN=3004, FP=36, FN=75; precision=0.681, recall=0.507
accuracy: (test=0.965) average_precision: (test=0.625) balanced_accuracy: (test=0.747) f1: (test=0.581) roc_auc: (test=0.922) 1.10min
[fit 15/16] END colsample_bytree=0.9, subsample=0.8; total=3192, TP=73, TN=3003, FP=37, FN=79; precision=0.664, recall=0.480
accuracy: (test=0.964) average_precision: (test=0.620) balanced_accuracy: (test=0.734) f1: (test=0.557) roc_auc: (test=0.921) 1.03min
[fit 16/16] END colsample_bytree=0.9, subsample=0.9; total=3192, TP=79, TN=3008, FP=32, FN=73; precision=0.712, recall=0.520
accuracy: (test=0.967) average_precision: (test=0.635) balanced_accuracy: (test=0.755) f1: (test=0.601) roc_auc: (test=0.921) 1.07min
clf.best_estimator_params: {'colsample_bytree': 0.8, 'subsample': 0.8}
best params found in line [12] for metric [roc_auc] in rank file
best params found in fit [11] for metric [roc_auc] in run_and_score file
clf.best_scoring_result: [Total: (test=3192) TP: (test=74.000) TN: (test=2999.000) FP: (test=41.000) FN: (test=78.000) precision: (test=0.643) recall: (test=0.487) accuracy: (test=0.963) average_precision: (test=0.626) balanced_accuracy: (test=0.737) f1: (test=0.554) roc_auc: (test=0.928) ]
write rank test to csv!!!
write over!!!
第五次
{'objective': 'binary:logistic', 'use_label_encoder': False, 'base_score': None, 'booster': None, 'colsample_bylevel': None, 'colsample_bynode': None, 'colsample_bytree': 0.8, 'gamma': 0, 'gpu_id': None, 'importance_type': 'gain', 'interaction_constraints': None, 'learning_rate': 0.1, 'max_delta_step': None, 'max_depth': 8, 'min_child_weight': 1, 'missing': nan, 'monotone_constraints': None, 'n_estimators': 600, 'n_jobs': None, 'num_parallel_tree': None, 'random_state': None, 'reg_alpha': 0, 'reg_lambda': 1, 'scale_pos_weight': None, 'subsample': 0.8, 'tree_method': 'gpu_hist', 'validate_parameters': None, 'verbosity': None, 'seed': 0, 'eval_metric': 'logloss'}
Fitting, totalling 81 fits
[fit 1/81] END reg_alpha=0, reg_lambda=0; total=3192, TP=77, TN=3007, FP=33, FN=75; precision=0.700, recall=0.507
accuracy: (test=0.966) average_precision: (test=0.628) balanced_accuracy: (test=0.748) f1: (test=0.588) roc_auc: (test=0.931) 57.86s
[fit 2/81] END reg_alpha=0, reg_lambda=0.01; total=3192, TP=79, TN=3004, FP=36, FN=73; precision=0.687, recall=0.520
accuracy: (test=0.966) average_precision: (test=0.633) balanced_accuracy: (test=0.754) f1: (test=0.592) roc_auc: (test=0.925) 56.58s
[fit 3/81] END reg_alpha=0, reg_lambda=0.02; total=3192, TP=78, TN=3006, FP=34, FN=74; precision=0.696, recall=0.513
accuracy: (test=0.966) average_precision: (test=0.629) balanced_accuracy: (test=0.751) f1: (test=0.591) roc_auc: (test=0.922) 57.23s
[fit 4/81] END reg_alpha=0, reg_lambda=0.05; total=3192, TP=75, TN=3001, FP=39, FN=77; precision=0.658, recall=0.493
accuracy: (test=0.964) average_precision: (test=0.626) balanced_accuracy: (test=0.740) f1: (test=0.564) roc_auc: (test=0.919) 56.92s
[fit 5/81] END reg_alpha=0, reg_lambda=0.1; total=3192, TP=78, TN=3005, FP=35, FN=74; precision=0.690, recall=0.513
accuracy: (test=0.966) average_precision: (test=0.629) balanced_accuracy: (test=0.751) f1: (test=0.589) roc_auc: (test=0.920) 56.98s
[fit 6/81] END reg_alpha=0, reg_lambda=0.5; total=3192, TP=77, TN=3000, FP=40, FN=75; precision=0.658, recall=0.507
accuracy: (test=0.964) average_precision: (test=0.615) balanced_accuracy: (test=0.747) f1: (test=0.572) roc_auc: (test=0.908) 59.56s
[fit 7/81] END reg_alpha=0, reg_lambda=1; total=3192, TP=74, TN=2999, FP=41, FN=78; precision=0.643, recall=0.487
accuracy: (test=0.963) average_precision: (test=0.626) balanced_accuracy: (test=0.737) f1: (test=0.554) roc_auc: (test=0.928) 1.07min
[fit 8/81] END reg_alpha=0, reg_lambda=2; total=3192, TP=78, TN=3009, FP=31, FN=74; precision=0.716, recall=0.513
accuracy: (test=0.967) average_precision: (test=0.623) balanced_accuracy: (test=0.751) f1: (test=0.598) roc_auc: (test=0.918) 1.03min
[fit 9/81] END reg_alpha=0, reg_lambda=3; total=3192, TP=74, TN=3002, FP=38, FN=78; precision=0.661, recall=0.487
accuracy: (test=0.964) average_precision: (test=0.616) balanced_accuracy: (test=0.737) f1: (test=0.561) roc_auc: (test=0.913) 1.09min
[fit 10/81] END reg_alpha=0.01, reg_lambda=0; total=3192, TP=78, TN=3005, FP=35, FN=74; precision=0.690, recall=0.513
accuracy: (test=0.966) average_precision: (test=0.616) balanced_accuracy: (test=0.751) f1: (test=0.589) roc_auc: (test=0.920) 57.86s
[fit 11/81] END reg_alpha=0.01, reg_lambda=0.01; total=3192, TP=75, TN=3007, FP=33, FN=77; precision=0.694, recall=0.493
accuracy: (test=0.966) average_precision: (test=0.617) balanced_accuracy: (test=0.741) f1: (test=0.577) roc_auc: (test=0.921) 54.97s
[fit 12/81] END reg_alpha=0.01, reg_lambda=0.02; total=3192, TP=75, TN=3002, FP=38, FN=77; precision=0.664, recall=0.493
accuracy: (test=0.964) average_precision: (test=0.632) balanced_accuracy: (test=0.740) f1: (test=0.566) roc_auc: (test=0.928) 55.08s
[fit 13/81] END reg_alpha=0.01, reg_lambda=0.05; total=3192, TP=77, TN=3003, FP=37, FN=75; precision=0.675, recall=0.507
accuracy: (test=0.965) average_precision: (test=0.618) balanced_accuracy: (test=0.747) f1: (test=0.579) roc_auc: (test=0.914) 57.86s
[fit 14/81] END reg_alpha=0.01, reg_lambda=0.1; total=3192, TP=77, TN=3002, FP=38, FN=75; precision=0.670, recall=0.507
accuracy: (test=0.965) average_precision: (test=0.619) balanced_accuracy: (test=0.747) f1: (test=0.577) roc_auc: (test=0.916) 54.16s
[fit 15/81] END reg_alpha=0.01, reg_lambda=0.5; total=3192, TP=76, TN=3006, FP=34, FN=76; precision=0.691, recall=0.500
accuracy: (test=0.966) average_precision: (test=0.641) balanced_accuracy: (test=0.744) f1: (test=0.580) roc_auc: (test=0.924) 59.88s
[fit 16/81] END reg_alpha=0.01, reg_lambda=1; total=3192, TP=77, TN=3003, FP=37, FN=75; precision=0.675, recall=0.507
accuracy: (test=0.965) average_precision: (test=0.621) balanced_accuracy: (test=0.747) f1: (test=0.579) roc_auc: (test=0.923) 1.07min
[fit 17/81] END reg_alpha=0.01, reg_lambda=2; total=3192, TP=75, TN=3004, FP=36, FN=77; precision=0.676, recall=0.493
accuracy: (test=0.965) average_precision: (test=0.617) balanced_accuracy: (test=0.741) f1: (test=0.570) roc_auc: (test=0.917) 1.07min
[fit 18/81] END reg_alpha=0.01, reg_lambda=3; total=3192, TP=78, TN=3004, FP=36, FN=74; precision=0.684, recall=0.513
accuracy: (test=0.966) average_precision: (test=0.625) balanced_accuracy: (test=0.751) f1: (test=0.586) roc_auc: (test=0.921) 1.12min
[fit 19/81] END reg_alpha=0.02, reg_lambda=0; total=3192, TP=75, TN=3006, FP=34, FN=77; precision=0.688, recall=0.493
accuracy: (test=0.965) average_precision: (test=0.630) balanced_accuracy: (test=0.741) f1: (test=0.575) roc_auc: (test=0.912) 59.19s
[fit 20/81] END reg_alpha=0.02, reg_lambda=0.01; total=3192, TP=81, TN=3002, FP=38, FN=71; precision=0.681, recall=0.533
accuracy: (test=0.966) average_precision: (test=0.625) balanced_accuracy: (test=0.760) f1: (test=0.598) roc_auc: (test=0.913) 57.95s
[fit 21/81] END reg_alpha=0.02, reg_lambda=0.02; total=3192, TP=77, TN=2998, FP=42, FN=75; precision=0.647, recall=0.507
accuracy: (test=0.963) average_precision: (test=0.615) balanced_accuracy: (test=0.746) f1: (test=0.568) roc_auc: (test=0.920) 57.79s
[fit 22/81] END reg_alpha=0.02, reg_lambda=0.05; total=3192, TP=76, TN=3003, FP=37, FN=76; precision=0.673, recall=0.500
accuracy: (test=0.965) average_precision: (test=0.621) balanced_accuracy: (test=0.744) f1: (test=0.574) roc_auc: (test=0.919) 1.01min
[fit 23/81] END reg_alpha=0.02, reg_lambda=0.1; total=3192, TP=77, TN=2998, FP=42, FN=75; precision=0.647, recall=0.507
accuracy: (test=0.963) average_precision: (test=0.632) balanced_accuracy: (test=0.746) f1: (test=0.568) roc_auc: (test=0.919) 58.80s
[fit 24/81] END reg_alpha=0.02, reg_lambda=0.5; total=3192, TP=76, TN=3010, FP=30, FN=76; precision=0.717, recall=0.500
accuracy: (test=0.967) average_precision: (test=0.627) balanced_accuracy: (test=0.745) f1: (test=0.589) roc_auc: (test=0.913) 1.01min
[fit 25/81] END reg_alpha=0.02, reg_lambda=1; total=3192, TP=73, TN=3002, FP=38, FN=79; precision=0.658, recall=0.480
accuracy: (test=0.963) average_precision: (test=0.626) balanced_accuracy: (test=0.734) f1: (test=0.555) roc_auc: (test=0.915) 1.09min
[fit 26/81] END reg_alpha=0.02, reg_lambda=2; total=3192, TP=76, TN=3008, FP=32, FN=76; precision=0.704, recall=0.500
accuracy: (test=0.966) average_precision: (test=0.626) balanced_accuracy: (test=0.745) f1: (test=0.585) roc_auc: (test=0.918) 1.12min
[fit 27/81] END reg_alpha=0.02, reg_lambda=3; total=3192, TP=73, TN=3005, FP=35, FN=79; precision=0.676, recall=0.480
accuracy: (test=0.964) average_precision: (test=0.625) balanced_accuracy: (test=0.734) f1: (test=0.562) roc_auc: (test=0.924) 1.16min
[fit 28/81] END reg_alpha=0.05, reg_lambda=0; total=3192, TP=77, TN=3007, FP=33, FN=75; precision=0.700, recall=0.507
accuracy: (test=0.966) average_precision: (test=0.628) balanced_accuracy: (test=0.748) f1: (test=0.588) roc_auc: (test=0.919) 1.03min
[fit 29/81] END reg_alpha=0.05, reg_lambda=0.01; total=3192, TP=75, TN=3002, FP=38, FN=77; precision=0.664, recall=0.493
accuracy: (test=0.964) average_precision: (test=0.625) balanced_accuracy: (test=0.740) f1: (test=0.566) roc_auc: (test=0.917) 1.04min
[fit 30/81] END reg_alpha=0.05, reg_lambda=0.02; total=3192, TP=77, TN=3006, FP=34, FN=75; precision=0.694, recall=0.507
accuracy: (test=0.966) average_precision: (test=0.633) balanced_accuracy: (test=0.748) f1: (test=0.586) roc_auc: (test=0.920) 58.44s
[fit 31/81] END reg_alpha=0.05, reg_lambda=0.05; total=3192, TP=76, TN=3005, FP=35, FN=76; precision=0.685, recall=0.500
accuracy: (test=0.965) average_precision: (test=0.629) balanced_accuracy: (test=0.744) f1: (test=0.578) roc_auc: (test=0.916) 1.02min
[fit 32/81] END reg_alpha=0.05, reg_lambda=0.1; total=3192, TP=77, TN=3005, FP=35, FN=75; precision=0.688, recall=0.507
accuracy: (test=0.966) average_precision: (test=0.626) balanced_accuracy: (test=0.748) f1: (test=0.583) roc_auc: (test=0.913) 1.03min
[fit 33/81] END reg_alpha=0.05, reg_lambda=0.5; total=3192, TP=79, TN=3008, FP=32, FN=73; precision=0.712, recall=0.520
accuracy: (test=0.967) average_precision: (test=0.642) balanced_accuracy: (test=0.755) f1: (test=0.601) roc_auc: (test=0.916) 1.02min
[fit 34/81] END reg_alpha=0.05, reg_lambda=1; total=3192, TP=79, TN=3003, FP=37, FN=73; precision=0.681, recall=0.520
accuracy: (test=0.966) average_precision: (test=0.636) balanced_accuracy: (test=0.754) f1: (test=0.590) roc_auc: (test=0.919) 1.09min
[fit 35/81] END reg_alpha=0.05, reg_lambda=2; total=3192, TP=75, TN=3009, FP=31, FN=77; precision=0.708, recall=0.493
accuracy: (test=0.966) average_precision: (test=0.632) balanced_accuracy: (test=0.742) f1: (test=0.581) roc_auc: (test=0.921) 1.16min
[fit 36/81] END reg_alpha=0.05, reg_lambda=3; total=3192, TP=76, TN=3005, FP=35, FN=76; precision=0.685, recall=0.500
accuracy: (test=0.965) average_precision: (test=0.625) balanced_accuracy: (test=0.744) f1: (test=0.578) roc_auc: (test=0.916) 1.18min
[fit 37/81] END reg_alpha=0.1, reg_lambda=0; total=3192, TP=78, TN=3003, FP=37, FN=74; precision=0.678, recall=0.513
accuracy: (test=0.965) average_precision: (test=0.631) balanced_accuracy: (test=0.750) f1: (test=0.584) roc_auc: (test=0.917) 59.19s
[fit 38/81] END reg_alpha=0.1, reg_lambda=0.01; total=3192, TP=76, TN=3005, FP=35, FN=76; precision=0.685, recall=0.500
accuracy: (test=0.965) average_precision: (test=0.621) balanced_accuracy: (test=0.744) f1: (test=0.578) roc_auc: (test=0.916) 1.04min
[fit 39/81] END reg_alpha=0.1, reg_lambda=0.02; total=3192, TP=78, TN=3009, FP=31, FN=74; precision=0.716, recall=0.513
accuracy: (test=0.967) average_precision: (test=0.637) balanced_accuracy: (test=0.751) f1: (test=0.598) roc_auc: (test=0.911) 1.06min
[fit 40/81] END reg_alpha=0.1, reg_lambda=0.05; total=3192, TP=71, TN=3005, FP=35, FN=81; precision=0.670, recall=0.467
accuracy: (test=0.964) average_precision: (test=0.619) balanced_accuracy: (test=0.728) f1: (test=0.550) roc_auc: (test=0.920) 1.01min
[fit 41/81] END reg_alpha=0.1, reg_lambda=0.1; total=3192, TP=76, TN=3004, FP=36, FN=76; precision=0.679, recall=0.500
accuracy: (test=0.965) average_precision: (test=0.620) balanced_accuracy: (test=0.744) f1: (test=0.576) roc_auc: (test=0.914) 1.03min
[fit 42/81] END reg_alpha=0.1, reg_lambda=0.5; total=3192, TP=76, TN=3010, FP=30, FN=76; precision=0.717, recall=0.500
accuracy: (test=0.967) average_precision: (test=0.638) balanced_accuracy: (test=0.745) f1: (test=0.589) roc_auc: (test=0.925) 1.11min
[fit 43/81] END reg_alpha=0.1, reg_lambda=1; total=3192, TP=74, TN=3000, FP=40, FN=78; precision=0.649, recall=0.487
accuracy: (test=0.963) average_precision: (test=0.619) balanced_accuracy: (test=0.737) f1: (test=0.556) roc_auc: (test=0.927) 1.08min
[fit 44/81] END reg_alpha=0.1, reg_lambda=2; total=3192, TP=74, TN=3003, FP=37, FN=78; precision=0.667, recall=0.487
accuracy: (test=0.964) average_precision: (test=0.619) balanced_accuracy: (test=0.737) f1: (test=0.563) roc_auc: (test=0.906) 1.15min
[fit 45/81] END reg_alpha=0.1, reg_lambda=3; total=3192, TP=74, TN=3005, FP=35, FN=78; precision=0.679, recall=0.487
accuracy: (test=0.965) average_precision: (test=0.620) balanced_accuracy: (test=0.738) f1: (test=0.567) roc_auc: (test=0.920) 1.22min
[fit 46/81] END reg_alpha=0.5, reg_lambda=0; total=3192, TP=76, TN=3006, FP=34, FN=76; precision=0.691, recall=0.500
accuracy: (test=0.966) average_precision: (test=0.630) balanced_accuracy: (test=0.744) f1: (test=0.580) roc_auc: (test=0.923) 1.22min
[fit 47/81] END reg_alpha=0.5, reg_lambda=0.01; total=3192, TP=74, TN=3005, FP=35, FN=78; precision=0.679, recall=0.487
accuracy: (test=0.965) average_precision: (test=0.618) balanced_accuracy: (test=0.738) f1: (test=0.567) roc_auc: (test=0.911) 1.16min
[fit 48/81] END reg_alpha=0.5, reg_lambda=0.02; total=3192, TP=74, TN=3003, FP=37, FN=78; precision=0.667, recall=0.487
accuracy: (test=0.964) average_precision: (test=0.618) balanced_accuracy: (test=0.737) f1: (test=0.563) roc_auc: (test=0.912) 1.19min
[fit 49/81] END reg_alpha=0.5, reg_lambda=0.05; total=3192, TP=74, TN=3005, FP=35, FN=78; precision=0.679, recall=0.487
accuracy: (test=0.965) average_precision: (test=0.617) balanced_accuracy: (test=0.738) f1: (test=0.567) roc_auc: (test=0.915) 1.22min
[fit 50/81] END reg_alpha=0.5, reg_lambda=0.1; total=3192, TP=80, TN=3006, FP=34, FN=72; precision=0.702, recall=0.526
accuracy: (test=0.967) average_precision: (test=0.637) balanced_accuracy: (test=0.758) f1: (test=0.602) roc_auc: (test=0.922) 1.23min
[fit 51/81] END reg_alpha=0.5, reg_lambda=0.5; total=3192, TP=78, TN=3009, FP=31, FN=74; precision=0.716, recall=0.513
accuracy: (test=0.967) average_precision: (test=0.624) balanced_accuracy: (test=0.751) f1: (test=0.598) roc_auc: (test=0.922) 1.24min
[fit 52/81] END reg_alpha=0.5, reg_lambda=1; total=3192, TP=73, TN=3006, FP=34, FN=79; precision=0.682, recall=0.480
accuracy: (test=0.965) average_precision: (test=0.623) balanced_accuracy: (test=0.735) f1: (test=0.564) roc_auc: (test=0.928) 1.24min
[fit 53/81] END reg_alpha=0.5, reg_lambda=2; total=3192, TP=77, TN=3005, FP=35, FN=75; precision=0.688, recall=0.507
accuracy: (test=0.966) average_precision: (test=0.626) balanced_accuracy: (test=0.748) f1: (test=0.583) roc_auc: (test=0.925) 1.29min
[fit 54/81] END reg_alpha=0.5, reg_lambda=3; total=3192, TP=77, TN=3002, FP=38, FN=75; precision=0.670, recall=0.507
accuracy: (test=0.965) average_precision: (test=0.628) balanced_accuracy: (test=0.747) f1: (test=0.577) roc_auc: (test=0.911) 1.33min
[fit 55/81] END reg_alpha=1, reg_lambda=0; total=3192, TP=73, TN=3006, FP=34, FN=79; precision=0.682, recall=0.480
accuracy: (test=0.965) average_precision: (test=0.625) balanced_accuracy: (test=0.735) f1: (test=0.564) roc_auc: (test=0.918) 1.27min
[fit 56/81] END reg_alpha=1, reg_lambda=0.01; total=3192, TP=74, TN=3003, FP=37, FN=78; precision=0.667, recall=0.487
accuracy: (test=0.964) average_precision: (test=0.614) balanced_accuracy: (test=0.737) f1: (test=0.563) roc_auc: (test=0.917) 1.24min
[fit 57/81] END reg_alpha=1, reg_lambda=0.02; total=3192, TP=79, TN=3005, FP=35, FN=73; precision=0.693, recall=0.520
accuracy: (test=0.966) average_precision: (test=0.619) balanced_accuracy: (test=0.754) f1: (test=0.594) roc_auc: (test=0.923) 1.23min
[fit 58/81] END reg_alpha=1, reg_lambda=0.05; total=3192, TP=78, TN=3006, FP=34, FN=74; precision=0.696, recall=0.513
accuracy: (test=0.966) average_precision: (test=0.633) balanced_accuracy: (test=0.751) f1: (test=0.591) roc_auc: (test=0.921) 1.24min
[fit 59/81] END reg_alpha=1, reg_lambda=0.1; total=3192, TP=74, TN=3006, FP=34, FN=78; precision=0.685, recall=0.487
accuracy: (test=0.965) average_precision: (test=0.620) balanced_accuracy: (test=0.738) f1: (test=0.569) roc_auc: (test=0.913) 1.26min
[fit 60/81] END reg_alpha=1, reg_lambda=0.5; total=3192, TP=73, TN=3003, FP=37, FN=79; precision=0.664, recall=0.480
accuracy: (test=0.964) average_precision: (test=0.639) balanced_accuracy: (test=0.734) f1: (test=0.557) roc_auc: (test=0.919) 1.29min
[fit 61/81] END reg_alpha=1, reg_lambda=1; total=3192, TP=79, TN=3001, FP=39, FN=73; precision=0.669, recall=0.520
accuracy: (test=0.965) average_precision: (test=0.618) balanced_accuracy: (test=0.753) f1: (test=0.585) roc_auc: (test=0.922) 1.26min
[fit 62/81] END reg_alpha=1, reg_lambda=2; total=3192, TP=76, TN=3000, FP=40, FN=76; precision=0.655, recall=0.500
accuracy: (test=0.964) average_precision: (test=0.615) balanced_accuracy: (test=0.743) f1: (test=0.567) roc_auc: (test=0.919) 1.31min
[fit 63/81] END reg_alpha=1, reg_lambda=3; total=3192, TP=79, TN=3002, FP=38, FN=73; precision=0.675, recall=0.520
accuracy: (test=0.965) average_precision: (test=0.622) balanced_accuracy: (test=0.754) f1: (test=0.587) roc_auc: (test=0.927) 1.36min
[fit 64/81] END reg_alpha=2, reg_lambda=0; total=3192, TP=79, TN=3003, FP=37, FN=73; precision=0.681, recall=0.520
accuracy: (test=0.966) average_precision: (test=0.611) balanced_accuracy: (test=0.754) f1: (test=0.590) roc_auc: (test=0.924) 1.22min
[fit 65/81] END reg_alpha=2, reg_lambda=0.01; total=3192, TP=76, TN=3003, FP=37, FN=76; precision=0.673, recall=0.500
accuracy: (test=0.965) average_precision: (test=0.609) balanced_accuracy: (test=0.744) f1: (test=0.574) roc_auc: (test=0.922) 1.24min
[fit 66/81] END reg_alpha=2, reg_lambda=0.02; total=3192, TP=77, TN=3008, FP=32, FN=75; precision=0.706, recall=0.507
accuracy: (test=0.966) average_precision: (test=0.621) balanced_accuracy: (test=0.748) f1: (test=0.590) roc_auc: (test=0.919) 1.18min
[fit 67/81] END reg_alpha=2, reg_lambda=0.05; total=3192, TP=76, TN=3001, FP=39, FN=76; precision=0.661, recall=0.500
accuracy: (test=0.964) average_precision: (test=0.615) balanced_accuracy: (test=0.744) f1: (test=0.569) roc_auc: (test=0.915) 1.21min
[fit 68/81] END reg_alpha=2, reg_lambda=0.1; total=3192, TP=75, TN=3008, FP=32, FN=77; precision=0.701, recall=0.493
accuracy: (test=0.966) average_precision: (test=0.626) balanced_accuracy: (test=0.741) f1: (test=0.579) roc_auc: (test=0.917) 1.24min
[fit 69/81] END reg_alpha=2, reg_lambda=0.5; total=3192, TP=79, TN=3001, FP=39, FN=73; precision=0.669, recall=0.520
accuracy: (test=0.965) average_precision: (test=0.620) balanced_accuracy: (test=0.753) f1: (test=0.585) roc_auc: (test=0.924) 1.24min
[fit 70/81] END reg_alpha=2, reg_lambda=1; total=3192, TP=77, TN=3001, FP=39, FN=75; precision=0.664, recall=0.507
accuracy: (test=0.964) average_precision: (test=0.611) balanced_accuracy: (test=0.747) f1: (test=0.575) roc_auc: (test=0.918) 1.23min
[fit 71/81] END reg_alpha=2, reg_lambda=2; total=3192, TP=79, TN=3003, FP=37, FN=73; precision=0.681, recall=0.520
accuracy: (test=0.966) average_precision: (test=0.624) balanced_accuracy: (test=0.754) f1: (test=0.590) roc_auc: (test=0.926) 1.27min
[fit 72/81] END reg_alpha=2, reg_lambda=3; total=3192, TP=74, TN=3002, FP=38, FN=78; precision=0.661, recall=0.487
accuracy: (test=0.964) average_precision: (test=0.620) balanced_accuracy: (test=0.737) f1: (test=0.561) roc_auc: (test=0.919) 1.31min
[fit 73/81] END reg_alpha=3, reg_lambda=0; total=3192, TP=79, TN=3001, FP=39, FN=73; precision=0.669, recall=0.520
accuracy: (test=0.965) average_precision: (test=0.623) balanced_accuracy: (test=0.753) f1: (test=0.585) roc_auc: (test=0.923) 1.20min
[fit 74/81] END reg_alpha=3, reg_lambda=0.01; total=3192, TP=81, TN=3003, FP=37, FN=71; precision=0.686, recall=0.533
accuracy: (test=0.966) average_precision: (test=0.623) balanced_accuracy: (test=0.760) f1: (test=0.600) roc_auc: (test=0.929) 1.17min
[fit 75/81] END reg_alpha=3, reg_lambda=0.02; total=3192, TP=78, TN=3002, FP=38, FN=74; precision=0.672, recall=0.513
accuracy: (test=0.965) average_precision: (test=0.601) balanced_accuracy: (test=0.750) f1: (test=0.582) roc_auc: (test=0.917) 1.16min
[fit 76/81] END reg_alpha=3, reg_lambda=0.05; total=3192, TP=78, TN=3000, FP=40, FN=74; precision=0.661, recall=0.513
accuracy: (test=0.964) average_precision: (test=0.608) balanced_accuracy: (test=0.750) f1: (test=0.578) roc_auc: (test=0.916) 1.18min
[fit 77/81] END reg_alpha=3, reg_lambda=0.1; total=3192, TP=75, TN=2999, FP=41, FN=77; precision=0.647, recall=0.493
accuracy: (test=0.963) average_precision: (test=0.603) balanced_accuracy: (test=0.740) f1: (test=0.560) roc_auc: (test=0.921) 1.22min
[fit 78/81] END reg_alpha=3, reg_lambda=0.5; total=3192, TP=75, TN=3004, FP=36, FN=77; precision=0.676, recall=0.493
accuracy: (test=0.965) average_precision: (test=0.614) balanced_accuracy: (test=0.741) f1: (test=0.570) roc_auc: (test=0.918) 1.15min
[fit 79/81] END reg_alpha=3, reg_lambda=1; total=3192, TP=76, TN=3000, FP=40, FN=76; precision=0.655, recall=0.500
accuracy: (test=0.964) average_precision: (test=0.620) balanced_accuracy: (test=0.743) f1: (test=0.567) roc_auc: (test=0.919) 1.20min
[fit 80/81] END reg_alpha=3, reg_lambda=2; total=3192, TP=79, TN=3002, FP=38, FN=73; precision=0.675, recall=0.520
accuracy: (test=0.965) average_precision: (test=0.625) balanced_accuracy: (test=0.754) f1: (test=0.587) roc_auc: (test=0.911) 1.26min
[fit 81/81] END reg_alpha=3, reg_lambda=3; total=3192, TP=78, TN=3000, FP=40, FN=74; precision=0.661, recall=0.513
accuracy: (test=0.964) average_precision: (test=0.605) balanced_accuracy: (test=0.750) f1: (test=0.578) roc_auc: (test=0.920) 1.24min
clf.best_estimator_params: {'reg_alpha': 0, 'reg_lambda': 0}
best params found in line [2] for metric [roc_auc] in rank file
best params found in fit [1] for metric [roc_auc] in run_and_score file
clf.best_scoring_result: [Total: (test=3192) TP: (test=77.000) TN: (test=3007.000) FP: (test=33.000) FN: (test=75.000) precision: (test=0.700) recall: (test=0.507) accuracy: (test=0.966) average_precision: (test=0.628) balanced_accuracy: (test=0.748) f1: (test=0.588) roc_auc: (test=0.931) ]
write rank test to csv!!!
write over!!!
第六次
{'objective': 'binary:logistic', 'use_label_encoder': False, 'base_score': None, 'booster': None, 'colsample_bylevel': None, 'colsample_bynode': None, 'colsample_bytree': 0.8, 'gamma': 0, 'gpu_id': None, 'importance_type': 'gain', 'interaction_constraints': None, 'learning_rate': 0.1, 'max_delta_step': None, 'max_depth': 8, 'min_child_weight': 1, 'missing': nan, 'monotone_constraints': None, 'n_estimators': 600, 'n_jobs': None, 'num_parallel_tree': None, 'random_state': None, 'reg_alpha': 0, 'reg_lambda': 0, 'scale_pos_weight': None, 'subsample': 0.8, 'tree_method': 'gpu_hist', 'validate_parameters': None, 'verbosity': None, 'seed': 0, 'eval_metric': 'logloss'}
Fitting, totalling 9 fits
[fit 1/9] END learning_rate=0.001; total=3192, TP=82, TN=2797, FP=243, FN=70; precision=0.252, recall=0.539
accuracy: (test=0.902) average_precision: (test=0.347) balanced_accuracy: (test=0.730) f1: (test=0.344) roc_auc: (test=0.810) 1.86min
[fit 2/9] END learning_rate=0.01; total=3192, TP=89, TN=2951, FP=89, FN=63; precision=0.500, recall=0.586
accuracy: (test=0.952) average_precision: (test=0.484) balanced_accuracy: (test=0.778) f1: (test=0.539) roc_auc: (test=0.891) 1.56min
[fit 3/9] END learning_rate=0.05; total=3192, TP=79, TN=2998, FP=42, FN=73; precision=0.653, recall=0.520
accuracy: (test=0.964) average_precision: (test=0.608) balanced_accuracy: (test=0.753) f1: (test=0.579) roc_auc: (test=0.918) 1.21min
[fit 4/9] END learning_rate=0.07; total=3192, TP=78, TN=3003, FP=37, FN=74; precision=0.678, recall=0.513
accuracy: (test=0.965) average_precision: (test=0.617) balanced_accuracy: (test=0.750) f1: (test=0.584) roc_auc: (test=0.918) 1.11min
[fit 5/9] END learning_rate=0.1; total=3192, TP=77, TN=3007, FP=33, FN=75; precision=0.700, recall=0.507
accuracy: (test=0.966) average_precision: (test=0.628) balanced_accuracy: (test=0.748) f1: (test=0.588) roc_auc: (test=0.931) 1.04min
[fit 6/9] END learning_rate=0.2; total=3192, TP=72, TN=3005, FP=35, FN=80; precision=0.673, recall=0.474
accuracy: (test=0.964) average_precision: (test=0.595) balanced_accuracy: (test=0.731) f1: (test=0.556) roc_auc: (test=0.911) 42.24s
[fit 7/9] END learning_rate=0.5; total=3192, TP=72, TN=3003, FP=37, FN=80; precision=0.661, recall=0.474
accuracy: (test=0.963) average_precision: (test=0.581) balanced_accuracy: (test=0.731) f1: (test=0.552) roc_auc: (test=0.898) 31.39s
[fit 8/9] END learning_rate=0.75; total=3192, TP=80, TN=2994, FP=46, FN=72; precision=0.635, recall=0.526
accuracy: (test=0.963) average_precision: (test=0.562) balanced_accuracy: (test=0.756) f1: (test=0.576) roc_auc: (test=0.889) 26.85s
[fit 9/9] END learning_rate=1.0; total=3192, TP=76, TN=2974, FP=66, FN=76; precision=0.535, recall=0.500
accuracy: (test=0.956) average_precision: (test=0.476) balanced_accuracy: (test=0.739) f1: (test=0.517) roc_auc: (test=0.870) 21.87s
clf.best_estimator_params: {'learning_rate': 0.1}
best params found in line [6] for metric [roc_auc] in rank file
best params found in fit [5] for metric [roc_auc] in run_and_score file
clf.best_scoring_result: [Total: (test=3192) TP: (test=77.000) TN: (test=3007.000) FP: (test=33.000) FN: (test=75.000) precision: (test=0.700) recall: (test=0.507) accuracy: (test=0.966) average_precision: (test=0.628) balanced_accuracy: (test=0.748) f1: (test=0.588) roc_auc: (test=0.931) ]
write rank test to csv!!!
write over!!!
total time spending: 2h 52m 57s
best_params_result: {'n_estimators': 600, 'max_depth': 8, 'min_child_weight': 1, 'gamma': 0, 'colsample_bytree': 0.8, 'subsample': 0.8, 'reg_alpha': 0, 'reg_lambda': 0, 'learning_rate': 0.1}
