nohup: ignoring input
experiment: HeLa-S3 dpcp_xgboost
trainSet len:[X=62640,y=62640]
testSet len:[X=3654,y=3654]
第一次
{'objective': 'binary:logistic', 'use_label_encoder': False, 'base_score': None, 'booster': None, 'colsample_bylevel': None, 'colsample_bynode': None, 'colsample_bytree': 0.8, 'gamma': 0, 'gpu_id': None, 'importance_type': 'gain', 'interaction_constraints': None, 'learning_rate': 0.1, 'max_delta_step': None, 'max_depth': 5, 'min_child_weight': 1, 'missing': nan, 'monotone_constraints': None, 'n_estimators': 500, 'n_jobs': None, 'num_parallel_tree': None, 'random_state': None, 'reg_alpha': 0, 'reg_lambda': 1, 'scale_pos_weight': None, 'subsample': 0.8, 'tree_method': 'gpu_hist', 'validate_parameters': None, 'verbosity': None, 'seed': 0, 'eval_metric': 'logloss'}
Fitting, totalling 20 fits
[fit 1/20] END n_estimators=50; total=3654, TP=111, TN=2543, FP=937, FN=63; precision=0.106, recall=0.638
accuracy: (test=0.726) average_precision: (test=0.247) balanced_accuracy: (test=0.684) f1: (test=0.182) roc_auc: (test=0.761) 2.00s
[fit 2/20] END n_estimators=100; total=3654, TP=117, TN=2724, FP=756, FN=57; precision=0.134, recall=0.672
accuracy: (test=0.778) average_precision: (test=0.294) balanced_accuracy: (test=0.728) f1: (test=0.223) roc_auc: (test=0.813) 2.35s
[fit 3/20] END n_estimators=150; total=3654, TP=127, TN=2862, FP=618, FN=47; precision=0.170, recall=0.730
accuracy: (test=0.818) average_precision: (test=0.343) balanced_accuracy: (test=0.776) f1: (test=0.276) roc_auc: (test=0.846) 3.30s
[fit 4/20] END n_estimators=200; total=3654, TP=127, TN=2936, FP=544, FN=47; precision=0.189, recall=0.730
accuracy: (test=0.838) average_precision: (test=0.365) balanced_accuracy: (test=0.787) f1: (test=0.301) roc_auc: (test=0.859) 4.46s
[fit 5/20] END n_estimators=250; total=3654, TP=128, TN=2990, FP=490, FN=46; precision=0.207, recall=0.736
accuracy: (test=0.853) average_precision: (test=0.384) balanced_accuracy: (test=0.797) f1: (test=0.323) roc_auc: (test=0.864) 5.28s
[fit 6/20] END n_estimators=300; total=3654, TP=129, TN=3045, FP=435, FN=45; precision=0.229, recall=0.741
accuracy: (test=0.869) average_precision: (test=0.416) balanced_accuracy: (test=0.808) f1: (test=0.350) roc_auc: (test=0.874) 6.22s
[fit 7/20] END n_estimators=350; total=3654, TP=129, TN=3087, FP=393, FN=45; precision=0.247, recall=0.741
accuracy: (test=0.880) average_precision: (test=0.447) balanced_accuracy: (test=0.814) f1: (test=0.371) roc_auc: (test=0.881) 7.20s
[fit 8/20] END n_estimators=400; total=3654, TP=128, TN=3135, FP=345, FN=46; precision=0.271, recall=0.736
accuracy: (test=0.893) average_precision: (test=0.473) balanced_accuracy: (test=0.818) f1: (test=0.396) roc_auc: (test=0.888) 8.12s
[fit 9/20] END n_estimators=450; total=3654, TP=128, TN=3164, FP=316, FN=46; precision=0.288, recall=0.736
accuracy: (test=0.901) average_precision: (test=0.488) balanced_accuracy: (test=0.822) f1: (test=0.414) roc_auc: (test=0.893) 9.07s
[fit 10/20] END n_estimators=500; total=3654, TP=127, TN=3188, FP=292, FN=47; precision=0.303, recall=0.730
accuracy: (test=0.907) average_precision: (test=0.499) balanced_accuracy: (test=0.823) f1: (test=0.428) roc_auc: (test=0.894) 10.09s
[fit 11/20] END n_estimators=550; total=3654, TP=127, TN=3214, FP=266, FN=47; precision=0.323, recall=0.730
accuracy: (test=0.914) average_precision: (test=0.520) balanced_accuracy: (test=0.827) f1: (test=0.448) roc_auc: (test=0.898) 11.14s
[fit 12/20] END n_estimators=600; total=3654, TP=127, TN=3245, FP=235, FN=47; precision=0.351, recall=0.730
accuracy: (test=0.923) average_precision: (test=0.540) balanced_accuracy: (test=0.831) f1: (test=0.474) roc_auc: (test=0.901) 12.17s
[fit 13/20] END n_estimators=650; total=3654, TP=126, TN=3259, FP=221, FN=48; precision=0.363, recall=0.724
accuracy: (test=0.926) average_precision: (test=0.557) balanced_accuracy: (test=0.830) f1: (test=0.484) roc_auc: (test=0.903) 13.16s
[fit 14/20] END n_estimators=700; total=3654, TP=128, TN=3282, FP=198, FN=46; precision=0.393, recall=0.736
accuracy: (test=0.933) average_precision: (test=0.570) balanced_accuracy: (test=0.839) f1: (test=0.512) roc_auc: (test=0.904) 14.19s
[fit 15/20] END n_estimators=750; total=3654, TP=127, TN=3299, FP=181, FN=47; precision=0.412, recall=0.730
accuracy: (test=0.938) average_precision: (test=0.585) balanced_accuracy: (test=0.839) f1: (test=0.527) roc_auc: (test=0.905) 15.23s
[fit 16/20] END n_estimators=800; total=3654, TP=125, TN=3309, FP=171, FN=49; precision=0.422, recall=0.718
accuracy: (test=0.940) average_precision: (test=0.587) balanced_accuracy: (test=0.835) f1: (test=0.532) roc_auc: (test=0.905) 16.31s
[fit 17/20] END n_estimators=850; total=3654, TP=127, TN=3314, FP=166, FN=47; precision=0.433, recall=0.730
accuracy: (test=0.942) average_precision: (test=0.594) balanced_accuracy: (test=0.841) f1: (test=0.544) roc_auc: (test=0.905) 17.28s
[fit 18/20] END n_estimators=900; total=3654, TP=123, TN=3320, FP=160, FN=51; precision=0.435, recall=0.707
accuracy: (test=0.942) average_precision: (test=0.605) balanced_accuracy: (test=0.830) f1: (test=0.538) roc_auc: (test=0.906) 18.38s
[fit 19/20] END n_estimators=950; total=3654, TP=122, TN=3328, FP=152, FN=52; precision=0.445, recall=0.701
accuracy: (test=0.944) average_precision: (test=0.611) balanced_accuracy: (test=0.829) f1: (test=0.545) roc_auc: (test=0.907) 19.40s
[fit 20/20] END n_estimators=1000; total=3654, TP=122, TN=3339, FP=141, FN=52; precision=0.464, recall=0.701
accuracy: (test=0.947) average_precision: (test=0.619) balanced_accuracy: (test=0.830) f1: (test=0.558) roc_auc: (test=0.908) 20.43s
clf.best_estimator_params: {'n_estimators': 1000}
best params found in line [21] for metric [roc_auc] in rank file
best params found in fit [20] for metric [roc_auc] in run_and_score file
clf.best_scoring_result: [Total: (test=3654) TP: (test=122.000) TN: (test=3339.000) FP: (test=141.000) FN: (test=52.000) precision: (test=0.464) recall: (test=0.701) accuracy: (test=0.947) average_precision: (test=0.619) balanced_accuracy: (test=0.830) f1: (test=0.558) roc_auc: (test=0.908) ]
write rank test to csv!!!
write over!!!
第二次
{'objective': 'binary:logistic', 'use_label_encoder': False, 'base_score': None, 'booster': None, 'colsample_bylevel': None, 'colsample_bynode': None, 'colsample_bytree': 0.8, 'gamma': 0, 'gpu_id': None, 'importance_type': 'gain', 'interaction_constraints': None, 'learning_rate': 0.1, 'max_delta_step': None, 'max_depth': 5, 'min_child_weight': 1, 'missing': nan, 'monotone_constraints': None, 'n_estimators': 1000, 'n_jobs': None, 'num_parallel_tree': None, 'random_state': None, 'reg_alpha': 0, 'reg_lambda': 1, 'scale_pos_weight': None, 'subsample': 0.8, 'tree_method': 'gpu_hist', 'validate_parameters': None, 'verbosity': None, 'seed': 0, 'eval_metric': 'logloss'}
Fitting, totalling 54 fits
[fit 1/54] END max_depth=3, min_child_weight=1; total=3654, TP=123, TN=2924, FP=556, FN=51; precision=0.181, recall=0.707
accuracy: (test=0.834) average_precision: (test=0.359) balanced_accuracy: (test=0.774) f1: (test=0.288) roc_auc: (test=0.862) 11.86s
[fit 2/54] END max_depth=3, min_child_weight=2; total=3654, TP=126, TN=2898, FP=582, FN=48; precision=0.178, recall=0.724
accuracy: (test=0.828) average_precision: (test=0.348) balanced_accuracy: (test=0.778) f1: (test=0.286) roc_auc: (test=0.862) 11.88s
[fit 3/54] END max_depth=3, min_child_weight=3; total=3654, TP=131, TN=2922, FP=558, FN=43; precision=0.190, recall=0.753
accuracy: (test=0.836) average_precision: (test=0.351) balanced_accuracy: (test=0.796) f1: (test=0.304) roc_auc: (test=0.862) 11.99s
[fit 4/54] END max_depth=3, min_child_weight=4; total=3654, TP=122, TN=2917, FP=563, FN=52; precision=0.178, recall=0.701
accuracy: (test=0.832) average_precision: (test=0.349) balanced_accuracy: (test=0.770) f1: (test=0.284) roc_auc: (test=0.860) 12.35s
[fit 5/54] END max_depth=3, min_child_weight=5; total=3654, TP=125, TN=2927, FP=553, FN=49; precision=0.184, recall=0.718
accuracy: (test=0.835) average_precision: (test=0.354) balanced_accuracy: (test=0.780) f1: (test=0.293) roc_auc: (test=0.865) 12.40s
[fit 6/54] END max_depth=3, min_child_weight=6; total=3654, TP=127, TN=2909, FP=571, FN=47; precision=0.182, recall=0.730
accuracy: (test=0.831) average_precision: (test=0.355) balanced_accuracy: (test=0.783) f1: (test=0.291) roc_auc: (test=0.865) 12.40s
[fit 7/54] END max_depth=4, min_child_weight=1; total=3654, TP=126, TN=3178, FP=302, FN=48; precision=0.294, recall=0.724
accuracy: (test=0.904) average_precision: (test=0.479) balanced_accuracy: (test=0.819) f1: (test=0.419) roc_auc: (test=0.893) 15.68s
[fit 8/54] END max_depth=4, min_child_weight=2; total=3654, TP=126, TN=3169, FP=311, FN=48; precision=0.288, recall=0.724
accuracy: (test=0.902) average_precision: (test=0.464) balanced_accuracy: (test=0.817) f1: (test=0.412) roc_auc: (test=0.893) 15.64s
[fit 9/54] END max_depth=4, min_child_weight=3; total=3654, TP=124, TN=3154, FP=326, FN=50; precision=0.276, recall=0.713
accuracy: (test=0.897) average_precision: (test=0.470) balanced_accuracy: (test=0.809) f1: (test=0.397) roc_auc: (test=0.893) 15.80s
[fit 10/54] END max_depth=4, min_child_weight=4; total=3654, TP=126, TN=3182, FP=298, FN=48; precision=0.297, recall=0.724
accuracy: (test=0.905) average_precision: (test=0.471) balanced_accuracy: (test=0.819) f1: (test=0.421) roc_auc: (test=0.898) 15.57s
[fit 11/54] END max_depth=4, min_child_weight=5; total=3654, TP=132, TN=3174, FP=306, FN=42; precision=0.301, recall=0.759
accuracy: (test=0.905) average_precision: (test=0.477) balanced_accuracy: (test=0.835) f1: (test=0.431) roc_auc: (test=0.892) 15.61s
[fit 12/54] END max_depth=4, min_child_weight=6; total=3654, TP=132, TN=3143, FP=337, FN=42; precision=0.281, recall=0.759
accuracy: (test=0.896) average_precision: (test=0.477) balanced_accuracy: (test=0.831) f1: (test=0.411) roc_auc: (test=0.895) 15.61s
[fit 13/54] END max_depth=5, min_child_weight=1; total=3654, TP=122, TN=3339, FP=141, FN=52; precision=0.464, recall=0.701
accuracy: (test=0.947) average_precision: (test=0.619) balanced_accuracy: (test=0.830) f1: (test=0.558) roc_auc: (test=0.908) 21.34s
[fit 14/54] END max_depth=5, min_child_weight=2; total=3654, TP=121, TN=3329, FP=151, FN=53; precision=0.445, recall=0.695
accuracy: (test=0.944) average_precision: (test=0.582) balanced_accuracy: (test=0.826) f1: (test=0.543) roc_auc: (test=0.902) 20.82s
[fit 15/54] END max_depth=5, min_child_weight=3; total=3654, TP=119, TN=3320, FP=160, FN=55; precision=0.427, recall=0.684
accuracy: (test=0.941) average_precision: (test=0.583) balanced_accuracy: (test=0.819) f1: (test=0.525) roc_auc: (test=0.910) 20.77s
[fit 16/54] END max_depth=5, min_child_weight=4; total=3654, TP=124, TN=3323, FP=157, FN=50; precision=0.441, recall=0.713
accuracy: (test=0.943) average_precision: (test=0.551) balanced_accuracy: (test=0.834) f1: (test=0.545) roc_auc: (test=0.905) 20.58s
[fit 17/54] END max_depth=5, min_child_weight=5; total=3654, TP=124, TN=3325, FP=155, FN=50; precision=0.444, recall=0.713
accuracy: (test=0.944) average_precision: (test=0.586) balanced_accuracy: (test=0.834) f1: (test=0.547) roc_auc: (test=0.903) 20.56s
[fit 18/54] END max_depth=5, min_child_weight=6; total=3654, TP=119, TN=3314, FP=166, FN=55; precision=0.418, recall=0.684
accuracy: (test=0.940) average_precision: (test=0.567) balanced_accuracy: (test=0.818) f1: (test=0.519) roc_auc: (test=0.906) 20.64s
[fit 19/54] END max_depth=6, min_child_weight=1; total=3654, TP=116, TN=3412, FP=68, FN=58; precision=0.630, recall=0.667
accuracy: (test=0.966) average_precision: (test=0.658) balanced_accuracy: (test=0.824) f1: (test=0.648) roc_auc: (test=0.920) 30.36s
[fit 20/54] END max_depth=6, min_child_weight=2; total=3654, TP=118, TN=3410, FP=70, FN=56; precision=0.628, recall=0.678
accuracy: (test=0.966) average_precision: (test=0.657) balanced_accuracy: (test=0.829) f1: (test=0.652) roc_auc: (test=0.911) 29.29s
[fit 21/54] END max_depth=6, min_child_weight=3; total=3654, TP=116, TN=3399, FP=81, FN=58; precision=0.589, recall=0.667
accuracy: (test=0.962) average_precision: (test=0.637) balanced_accuracy: (test=0.822) f1: (test=0.625) roc_auc: (test=0.912) 28.57s
[fit 22/54] END max_depth=6, min_child_weight=4; total=3654, TP=116, TN=3397, FP=83, FN=58; precision=0.583, recall=0.667
accuracy: (test=0.961) average_precision: (test=0.647) balanced_accuracy: (test=0.821) f1: (test=0.622) roc_auc: (test=0.912) 27.93s
[fit 23/54] END max_depth=6, min_child_weight=5; total=3654, TP=115, TN=3394, FP=86, FN=59; precision=0.572, recall=0.661
accuracy: (test=0.960) average_precision: (test=0.649) balanced_accuracy: (test=0.818) f1: (test=0.613) roc_auc: (test=0.916) 27.49s
[fit 24/54] END max_depth=6, min_child_weight=6; total=3654, TP=112, TN=3381, FP=99, FN=62; precision=0.531, recall=0.644
accuracy: (test=0.956) average_precision: (test=0.627) balanced_accuracy: (test=0.808) f1: (test=0.582) roc_auc: (test=0.910) 26.92s
[fit 25/54] END max_depth=7, min_child_weight=1; total=3654, TP=113, TN=3427, FP=53, FN=61; precision=0.681, recall=0.649
accuracy: (test=0.969) average_precision: (test=0.691) balanced_accuracy: (test=0.817) f1: (test=0.665) roc_auc: (test=0.919) 42.11s
[fit 26/54] END max_depth=7, min_child_weight=2; total=3654, TP=116, TN=3433, FP=47, FN=58; precision=0.712, recall=0.667
accuracy: (test=0.971) average_precision: (test=0.695) balanced_accuracy: (test=0.827) f1: (test=0.688) roc_auc: (test=0.915) 39.49s
[fit 27/54] END max_depth=7, min_child_weight=3; total=3654, TP=114, TN=3422, FP=58, FN=60; precision=0.663, recall=0.655
accuracy: (test=0.968) average_precision: (test=0.684) balanced_accuracy: (test=0.819) f1: (test=0.659) roc_auc: (test=0.913) 37.54s
[fit 28/54] END max_depth=7, min_child_weight=4; total=3654, TP=116, TN=3426, FP=54, FN=58; precision=0.682, recall=0.667
accuracy: (test=0.969) average_precision: (test=0.674) balanced_accuracy: (test=0.826) f1: (test=0.674) roc_auc: (test=0.914) 36.19s
[fit 29/54] END max_depth=7, min_child_weight=5; total=3654, TP=118, TN=3418, FP=62, FN=56; precision=0.656, recall=0.678
accuracy: (test=0.968) average_precision: (test=0.687) balanced_accuracy: (test=0.830) f1: (test=0.667) roc_auc: (test=0.919) 35.19s
[fit 30/54] END max_depth=7, min_child_weight=6; total=3654, TP=118, TN=3409, FP=71, FN=56; precision=0.624, recall=0.678
accuracy: (test=0.965) average_precision: (test=0.664) balanced_accuracy: (test=0.829) f1: (test=0.650) roc_auc: (test=0.914) 34.68s
[fit 31/54] END max_depth=8, min_child_weight=1; total=3654, TP=108, TN=3436, FP=44, FN=66; precision=0.711, recall=0.621
accuracy: (test=0.970) average_precision: (test=0.685) balanced_accuracy: (test=0.804) f1: (test=0.663) roc_auc: (test=0.916) 55.23s
[fit 32/54] END max_depth=8, min_child_weight=2; total=3654, TP=114, TN=3432, FP=48, FN=60; precision=0.704, recall=0.655
accuracy: (test=0.970) average_precision: (test=0.698) balanced_accuracy: (test=0.821) f1: (test=0.679) roc_auc: (test=0.922) 49.95s
[fit 33/54] END max_depth=8, min_child_weight=3; total=3654, TP=115, TN=3431, FP=49, FN=59; precision=0.701, recall=0.661
accuracy: (test=0.970) average_precision: (test=0.691) balanced_accuracy: (test=0.823) f1: (test=0.680) roc_auc: (test=0.911) 47.08s
[fit 34/54] END max_depth=8, min_child_weight=4; total=3654, TP=118, TN=3423, FP=57, FN=56; precision=0.674, recall=0.678
accuracy: (test=0.969) average_precision: (test=0.698) balanced_accuracy: (test=0.831) f1: (test=0.676) roc_auc: (test=0.917) 44.88s
[fit 35/54] END max_depth=8, min_child_weight=5; total=3654, TP=115, TN=3428, FP=52, FN=59; precision=0.689, recall=0.661
accuracy: (test=0.970) average_precision: (test=0.684) balanced_accuracy: (test=0.823) f1: (test=0.674) roc_auc: (test=0.919) 43.39s
[fit 36/54] END max_depth=8, min_child_weight=6; total=3654, TP=114, TN=3421, FP=59, FN=60; precision=0.659, recall=0.655
accuracy: (test=0.967) average_precision: (test=0.685) balanced_accuracy: (test=0.819) f1: (test=0.657) roc_auc: (test=0.916) 42.71s
[fit 37/54] END max_depth=9, min_child_weight=1; total=3654, TP=113, TN=3436, FP=44, FN=61; precision=0.720, recall=0.649
accuracy: (test=0.971) average_precision: (test=0.706) balanced_accuracy: (test=0.818) f1: (test=0.683) roc_auc: (test=0.919) 1.13min
[fit 38/54] END max_depth=9, min_child_weight=2; total=3654, TP=111, TN=3436, FP=44, FN=63; precision=0.716, recall=0.638
accuracy: (test=0.971) average_precision: (test=0.709) balanced_accuracy: (test=0.813) f1: (test=0.675) roc_auc: (test=0.918) 1.02min
[fit 39/54] END max_depth=9, min_child_weight=3; total=3654, TP=111, TN=3434, FP=46, FN=63; precision=0.707, recall=0.638
accuracy: (test=0.970) average_precision: (test=0.700) balanced_accuracy: (test=0.812) f1: (test=0.671) roc_auc: (test=0.917) 56.12s
[fit 40/54] END max_depth=9, min_child_weight=4; total=3654, TP=113, TN=3428, FP=52, FN=61; precision=0.685, recall=0.649
accuracy: (test=0.969) average_precision: (test=0.695) balanced_accuracy: (test=0.817) f1: (test=0.667) roc_auc: (test=0.918) 53.56s
[fit 41/54] END max_depth=9, min_child_weight=5; total=3654, TP=114, TN=3429, FP=51, FN=60; precision=0.691, recall=0.655
accuracy: (test=0.970) average_precision: (test=0.707) balanced_accuracy: (test=0.820) f1: (test=0.673) roc_auc: (test=0.912) 52.05s
[fit 42/54] END max_depth=9, min_child_weight=6; total=3654, TP=114, TN=3432, FP=48, FN=60; precision=0.704, recall=0.655
accuracy: (test=0.970) average_precision: (test=0.697) balanced_accuracy: (test=0.821) f1: (test=0.679) roc_auc: (test=0.921) 50.51s
[fit 43/54] END max_depth=10, min_child_weight=1; total=3654, TP=114, TN=3439, FP=41, FN=60; precision=0.735, recall=0.655
accuracy: (test=0.972) average_precision: (test=0.702) balanced_accuracy: (test=0.822) f1: (test=0.693) roc_auc: (test=0.917) 1.30min
[fit 44/54] END max_depth=10, min_child_weight=2; total=3654, TP=117, TN=3439, FP=41, FN=57; precision=0.741, recall=0.672
accuracy: (test=0.973) average_precision: (test=0.694) balanced_accuracy: (test=0.830) f1: (test=0.705) roc_auc: (test=0.922) 1.14min
[fit 45/54] END max_depth=10, min_child_weight=3; total=3654, TP=116, TN=3438, FP=42, FN=58; precision=0.734, recall=0.667
accuracy: (test=0.973) average_precision: (test=0.713) balanced_accuracy: (test=0.827) f1: (test=0.699) roc_auc: (test=0.927) 1.06min
[fit 46/54] END max_depth=10, min_child_weight=4; total=3654, TP=115, TN=3433, FP=47, FN=59; precision=0.710, recall=0.661
accuracy: (test=0.971) average_precision: (test=0.695) balanced_accuracy: (test=0.824) f1: (test=0.685) roc_auc: (test=0.915) 1.01min
[fit 47/54] END max_depth=10, min_child_weight=5; total=3654, TP=110, TN=3429, FP=51, FN=64; precision=0.683, recall=0.632
accuracy: (test=0.969) average_precision: (test=0.692) balanced_accuracy: (test=0.809) f1: (test=0.657) roc_auc: (test=0.917) 57.89s
[fit 48/54] END max_depth=10, min_child_weight=6; total=3654, TP=115, TN=3431, FP=49, FN=59; precision=0.701, recall=0.661
accuracy: (test=0.970) average_precision: (test=0.695) balanced_accuracy: (test=0.823) f1: (test=0.680) roc_auc: (test=0.916) 55.80s
[fit 49/54] END max_depth=12, min_child_weight=1; total=3654, TP=110, TN=3443, FP=37, FN=64; precision=0.748, recall=0.632
accuracy: (test=0.972) average_precision: (test=0.715) balanced_accuracy: (test=0.811) f1: (test=0.685) roc_auc: (test=0.919) 1.55min
[fit 50/54] END max_depth=12, min_child_weight=2; total=3654, TP=113, TN=3440, FP=40, FN=61; precision=0.739, recall=0.649
accuracy: (test=0.972) average_precision: (test=0.700) balanced_accuracy: (test=0.819) f1: (test=0.691) roc_auc: (test=0.912) 1.33min
[fit 51/54] END max_depth=12, min_child_weight=3; total=3654, TP=109, TN=3441, FP=39, FN=65; precision=0.736, recall=0.626
accuracy: (test=0.972) average_precision: (test=0.696) balanced_accuracy: (test=0.808) f1: (test=0.677) roc_auc: (test=0.913) 1.23min
[fit 52/54] END max_depth=12, min_child_weight=4; total=3654, TP=111, TN=3443, FP=37, FN=63; precision=0.750, recall=0.638
accuracy: (test=0.973) average_precision: (test=0.696) balanced_accuracy: (test=0.814) f1: (test=0.689) roc_auc: (test=0.913) 1.15min
[fit 53/54] END max_depth=12, min_child_weight=5; total=3654, TP=108, TN=3428, FP=52, FN=66; precision=0.675, recall=0.621
accuracy: (test=0.968) average_precision: (test=0.676) balanced_accuracy: (test=0.803) f1: (test=0.647) roc_auc: (test=0.912) 1.09min
[fit 54/54] END max_depth=12, min_child_weight=6; total=3654, TP=113, TN=3439, FP=41, FN=61; precision=0.734, recall=0.649
accuracy: (test=0.972) average_precision: (test=0.687) balanced_accuracy: (test=0.819) f1: (test=0.689) roc_auc: (test=0.914) 1.06min
clf.best_estimator_params: {'max_depth': 10, 'min_child_weight': 3}
best params found in line [46] for metric [roc_auc] in rank file
best params found in fit [45] for metric [roc_auc] in run_and_score file
clf.best_scoring_result: [Total: (test=3654) TP: (test=116.000) TN: (test=3438.000) FP: (test=42.000) FN: (test=58.000) precision: (test=0.734) recall: (test=0.667) accuracy: (test=0.973) average_precision: (test=0.713) balanced_accuracy: (test=0.827) f1: (test=0.699) roc_auc: (test=0.927) ]
write rank test to csv!!!
write over!!!
第三次
{'objective': 'binary:logistic', 'use_label_encoder': False, 'base_score': None, 'booster': None, 'colsample_bylevel': None, 'colsample_bynode': None, 'colsample_bytree': 0.8, 'gamma': 0, 'gpu_id': None, 'importance_type': 'gain', 'interaction_constraints': None, 'learning_rate': 0.1, 'max_delta_step': None, 'max_depth': 10, 'min_child_weight': 3, 'missing': nan, 'monotone_constraints': None, 'n_estimators': 1000, 'n_jobs': None, 'num_parallel_tree': None, 'random_state': None, 'reg_alpha': 0, 'reg_lambda': 1, 'scale_pos_weight': None, 'subsample': 0.8, 'tree_method': 'gpu_hist', 'validate_parameters': None, 'verbosity': None, 'seed': 0, 'eval_metric': 'logloss'}
Fitting, totalling 7 fits
[fit 1/7] END gamma=0; total=3654, TP=116, TN=3438, FP=42, FN=58; precision=0.734, recall=0.667
accuracy: (test=0.973) average_precision: (test=0.713) balanced_accuracy: (test=0.827) f1: (test=0.699) roc_auc: (test=0.927) 1.05min
[fit 2/7] END gamma=0.1; total=3654, TP=110, TN=3438, FP=42, FN=64; precision=0.724, recall=0.632
accuracy: (test=0.971) average_precision: (test=0.703) balanced_accuracy: (test=0.810) f1: (test=0.675) roc_auc: (test=0.916) 54.70s
[fit 3/7] END gamma=0.2; total=3654, TP=112, TN=3432, FP=48, FN=62; precision=0.700, recall=0.644
accuracy: (test=0.970) average_precision: (test=0.686) balanced_accuracy: (test=0.815) f1: (test=0.671) roc_auc: (test=0.921) 46.31s
[fit 4/7] END gamma=0.3; total=3654, TP=110, TN=3433, FP=47, FN=64; precision=0.701, recall=0.632
accuracy: (test=0.970) average_precision: (test=0.687) balanced_accuracy: (test=0.809) f1: (test=0.665) roc_auc: (test=0.915) 41.83s
[fit 5/7] END gamma=0.4; total=3654, TP=112, TN=3424, FP=56, FN=62; precision=0.667, recall=0.644
accuracy: (test=0.968) average_precision: (test=0.685) balanced_accuracy: (test=0.814) f1: (test=0.655) roc_auc: (test=0.917) 39.41s
[fit 6/7] END gamma=0.5; total=3654, TP=113, TN=3424, FP=56, FN=61; precision=0.669, recall=0.649
accuracy: (test=0.968) average_precision: (test=0.690) balanced_accuracy: (test=0.817) f1: (test=0.659) roc_auc: (test=0.913) 36.77s
[fit 7/7] END gamma=0.6; total=3654, TP=118, TN=3424, FP=56, FN=56; precision=0.678, recall=0.678
accuracy: (test=0.969) average_precision: (test=0.675) balanced_accuracy: (test=0.831) f1: (test=0.678) roc_auc: (test=0.917) 34.96s
clf.best_estimator_params: {'gamma': 0}
best params found in line [2] for metric [roc_auc] in rank file
best params found in fit [1] for metric [roc_auc] in run_and_score file
clf.best_scoring_result: [Total: (test=3654) TP: (test=116.000) TN: (test=3438.000) FP: (test=42.000) FN: (test=58.000) precision: (test=0.734) recall: (test=0.667) accuracy: (test=0.973) average_precision: (test=0.713) balanced_accuracy: (test=0.827) f1: (test=0.699) roc_auc: (test=0.927) ]
write rank test to csv!!!
write over!!!
第四次
{'objective': 'binary:logistic', 'use_label_encoder': False, 'base_score': None, 'booster': None, 'colsample_bylevel': None, 'colsample_bynode': None, 'colsample_bytree': 0.8, 'gamma': 0, 'gpu_id': None, 'importance_type': 'gain', 'interaction_constraints': None, 'learning_rate': 0.1, 'max_delta_step': None, 'max_depth': 10, 'min_child_weight': 3, 'missing': nan, 'monotone_constraints': None, 'n_estimators': 1000, 'n_jobs': None, 'num_parallel_tree': None, 'random_state': None, 'reg_alpha': 0, 'reg_lambda': 1, 'scale_pos_weight': None, 'subsample': 0.8, 'tree_method': 'gpu_hist', 'validate_parameters': None, 'verbosity': None, 'seed': 0, 'eval_metric': 'logloss'}
Fitting, totalling 16 fits
[fit 1/16] END colsample_bytree=0.6, subsample=0.6; total=3654, TP=113, TN=3428, FP=52, FN=61; precision=0.685, recall=0.649
accuracy: (test=0.969) average_precision: (test=0.701) balanced_accuracy: (test=0.817) f1: (test=0.667) roc_auc: (test=0.917) 54.50s
[fit 2/16] END colsample_bytree=0.6, subsample=0.7; total=3654, TP=114, TN=3433, FP=47, FN=60; precision=0.708, recall=0.655
accuracy: (test=0.971) average_precision: (test=0.711) balanced_accuracy: (test=0.821) f1: (test=0.681) roc_auc: (test=0.916) 54.98s
[fit 3/16] END colsample_bytree=0.6, subsample=0.8; total=3654, TP=114, TN=3438, FP=42, FN=60; precision=0.731, recall=0.655
accuracy: (test=0.972) average_precision: (test=0.709) balanced_accuracy: (test=0.822) f1: (test=0.691) roc_auc: (test=0.916) 55.67s
[fit 4/16] END colsample_bytree=0.6, subsample=0.9; total=3654, TP=112, TN=3442, FP=38, FN=62; precision=0.747, recall=0.644
accuracy: (test=0.973) average_precision: (test=0.692) balanced_accuracy: (test=0.816) f1: (test=0.691) roc_auc: (test=0.920) 54.65s
[fit 5/16] END colsample_bytree=0.7, subsample=0.6; total=3654, TP=107, TN=3437, FP=43, FN=67; precision=0.713, recall=0.615
accuracy: (test=0.970) average_precision: (test=0.693) balanced_accuracy: (test=0.801) f1: (test=0.660) roc_auc: (test=0.918) 57.76s
[fit 6/16] END colsample_bytree=0.7, subsample=0.7; total=3654, TP=111, TN=3434, FP=46, FN=63; precision=0.707, recall=0.638
accuracy: (test=0.970) average_precision: (test=0.697) balanced_accuracy: (test=0.812) f1: (test=0.671) roc_auc: (test=0.919) 58.73s
[fit 7/16] END colsample_bytree=0.7, subsample=0.8; total=3654, TP=111, TN=3433, FP=47, FN=63; precision=0.703, recall=0.638
accuracy: (test=0.970) average_precision: (test=0.708) balanced_accuracy: (test=0.812) f1: (test=0.669) roc_auc: (test=0.920) 59.16s
[fit 8/16] END colsample_bytree=0.7, subsample=0.9; total=3654, TP=110, TN=3437, FP=43, FN=64; precision=0.719, recall=0.632
accuracy: (test=0.971) average_precision: (test=0.710) balanced_accuracy: (test=0.810) f1: (test=0.673) roc_auc: (test=0.924) 59.30s
[fit 9/16] END colsample_bytree=0.8, subsample=0.6; total=3654, TP=110, TN=3437, FP=43, FN=64; precision=0.719, recall=0.632
accuracy: (test=0.971) average_precision: (test=0.698) balanced_accuracy: (test=0.810) f1: (test=0.673) roc_auc: (test=0.912) 1.03min
[fit 10/16] END colsample_bytree=0.8, subsample=0.7; total=3654, TP=110, TN=3431, FP=49, FN=64; precision=0.692, recall=0.632
accuracy: (test=0.969) average_precision: (test=0.689) balanced_accuracy: (test=0.809) f1: (test=0.661) roc_auc: (test=0.915) 1.03min
[fit 11/16] END colsample_bytree=0.8, subsample=0.8; total=3654, TP=116, TN=3438, FP=42, FN=58; precision=0.734, recall=0.667
accuracy: (test=0.973) average_precision: (test=0.713) balanced_accuracy: (test=0.827) f1: (test=0.699) roc_auc: (test=0.927) 1.05min
[fit 12/16] END colsample_bytree=0.8, subsample=0.9; total=3654, TP=105, TN=3436, FP=44, FN=69; precision=0.705, recall=0.603
accuracy: (test=0.969) average_precision: (test=0.703) balanced_accuracy: (test=0.795) f1: (test=0.650) roc_auc: (test=0.920) 1.04min
[fit 13/16] END colsample_bytree=0.9, subsample=0.6; total=3654, TP=107, TN=3438, FP=42, FN=67; precision=0.718, recall=0.615
accuracy: (test=0.970) average_precision: (test=0.693) balanced_accuracy: (test=0.801) f1: (test=0.663) roc_auc: (test=0.917) 1.08min
[fit 14/16] END colsample_bytree=0.9, subsample=0.7; total=3654, TP=109, TN=3429, FP=51, FN=65; precision=0.681, recall=0.626
accuracy: (test=0.968) average_precision: (test=0.693) balanced_accuracy: (test=0.806) f1: (test=0.653) roc_auc: (test=0.914) 1.11min
[fit 15/16] END colsample_bytree=0.9, subsample=0.8; total=3654, TP=109, TN=3436, FP=44, FN=65; precision=0.712, recall=0.626
accuracy: (test=0.970) average_precision: (test=0.697) balanced_accuracy: (test=0.807) f1: (test=0.667) roc_auc: (test=0.919) 1.10min
[fit 16/16] END colsample_bytree=0.9, subsample=0.9; total=3654, TP=112, TN=3439, FP=41, FN=62; precision=0.732, recall=0.644
accuracy: (test=0.972) average_precision: (test=0.703) balanced_accuracy: (test=0.816) f1: (test=0.685) roc_auc: (test=0.917) 1.11min
clf.best_estimator_params: {'colsample_bytree': 0.8, 'subsample': 0.8}
best params found in line [12] for metric [roc_auc] in rank file
best params found in fit [11] for metric [roc_auc] in run_and_score file
clf.best_scoring_result: [Total: (test=3654) TP: (test=116.000) TN: (test=3438.000) FP: (test=42.000) FN: (test=58.000) precision: (test=0.734) recall: (test=0.667) accuracy: (test=0.973) average_precision: (test=0.713) balanced_accuracy: (test=0.827) f1: (test=0.699) roc_auc: (test=0.927) ]
write rank test to csv!!!
write over!!!
第五次
{'objective': 'binary:logistic', 'use_label_encoder': False, 'base_score': None, 'booster': None, 'colsample_bylevel': None, 'colsample_bynode': None, 'colsample_bytree': 0.8, 'gamma': 0, 'gpu_id': None, 'importance_type': 'gain', 'interaction_constraints': None, 'learning_rate': 0.1, 'max_delta_step': None, 'max_depth': 10, 'min_child_weight': 3, 'missing': nan, 'monotone_constraints': None, 'n_estimators': 1000, 'n_jobs': None, 'num_parallel_tree': None, 'random_state': None, 'reg_alpha': 0, 'reg_lambda': 1, 'scale_pos_weight': None, 'subsample': 0.8, 'tree_method': 'gpu_hist', 'validate_parameters': None, 'verbosity': None, 'seed': 0, 'eval_metric': 'logloss'}
Fitting, totalling 81 fits
[fit 1/81] END reg_alpha=0, reg_lambda=0; total=3654, TP=111, TN=3436, FP=44, FN=63; precision=0.716, recall=0.638
accuracy: (test=0.971) average_precision: (test=0.697) balanced_accuracy: (test=0.813) f1: (test=0.675) roc_auc: (test=0.915) 1.01min
[fit 2/81] END reg_alpha=0, reg_lambda=0.01; total=3654, TP=112, TN=3434, FP=46, FN=62; precision=0.709, recall=0.644
accuracy: (test=0.970) average_precision: (test=0.696) balanced_accuracy: (test=0.815) f1: (test=0.675) roc_auc: (test=0.917) 1.01min
[fit 3/81] END reg_alpha=0, reg_lambda=0.02; total=3654, TP=112, TN=3434, FP=46, FN=62; precision=0.709, recall=0.644
accuracy: (test=0.970) average_precision: (test=0.707) balanced_accuracy: (test=0.815) f1: (test=0.675) roc_auc: (test=0.918) 1.01min
[fit 4/81] END reg_alpha=0, reg_lambda=0.05; total=3654, TP=113, TN=3441, FP=39, FN=61; precision=0.743, recall=0.649
accuracy: (test=0.973) average_precision: (test=0.695) balanced_accuracy: (test=0.819) f1: (test=0.693) roc_auc: (test=0.920) 1.01min
[fit 5/81] END reg_alpha=0, reg_lambda=0.1; total=3654, TP=111, TN=3434, FP=46, FN=63; precision=0.707, recall=0.638
accuracy: (test=0.970) average_precision: (test=0.706) balanced_accuracy: (test=0.812) f1: (test=0.671) roc_auc: (test=0.918) 1.00min
[fit 6/81] END reg_alpha=0, reg_lambda=0.5; total=3654, TP=114, TN=3430, FP=50, FN=60; precision=0.695, recall=0.655
accuracy: (test=0.970) average_precision: (test=0.707) balanced_accuracy: (test=0.820) f1: (test=0.675) roc_auc: (test=0.917) 1.02min
[fit 7/81] END reg_alpha=0, reg_lambda=1; total=3654, TP=116, TN=3438, FP=42, FN=58; precision=0.734, recall=0.667
accuracy: (test=0.973) average_precision: (test=0.713) balanced_accuracy: (test=0.827) f1: (test=0.699) roc_auc: (test=0.927) 1.05min
[fit 8/81] END reg_alpha=0, reg_lambda=2; total=3654, TP=114, TN=3432, FP=48, FN=60; precision=0.704, recall=0.655
accuracy: (test=0.970) average_precision: (test=0.712) balanced_accuracy: (test=0.821) f1: (test=0.679) roc_auc: (test=0.923) 1.10min
[fit 9/81] END reg_alpha=0, reg_lambda=3; total=3654, TP=113, TN=3433, FP=47, FN=61; precision=0.706, recall=0.649
accuracy: (test=0.970) average_precision: (test=0.705) balanced_accuracy: (test=0.818) f1: (test=0.677) roc_auc: (test=0.917) 1.12min
[fit 10/81] END reg_alpha=0.01, reg_lambda=0; total=3654, TP=111, TN=3441, FP=39, FN=63; precision=0.740, recall=0.638
accuracy: (test=0.972) average_precision: (test=0.702) balanced_accuracy: (test=0.813) f1: (test=0.685) roc_auc: (test=0.912) 1.03min
[fit 11/81] END reg_alpha=0.01, reg_lambda=0.01; total=3654, TP=113, TN=3433, FP=47, FN=61; precision=0.706, recall=0.649
accuracy: (test=0.970) average_precision: (test=0.710) balanced_accuracy: (test=0.818) f1: (test=0.677) roc_auc: (test=0.918) 1.03min
[fit 12/81] END reg_alpha=0.01, reg_lambda=0.02; total=3654, TP=114, TN=3436, FP=44, FN=60; precision=0.722, recall=0.655
accuracy: (test=0.972) average_precision: (test=0.710) balanced_accuracy: (test=0.821) f1: (test=0.687) roc_auc: (test=0.913) 1.03min
[fit 13/81] END reg_alpha=0.01, reg_lambda=0.05; total=3654, TP=112, TN=3436, FP=44, FN=62; precision=0.718, recall=0.644
accuracy: (test=0.971) average_precision: (test=0.694) balanced_accuracy: (test=0.816) f1: (test=0.679) roc_auc: (test=0.919) 1.04min
[fit 14/81] END reg_alpha=0.01, reg_lambda=0.1; total=3654, TP=110, TN=3436, FP=44, FN=64; precision=0.714, recall=0.632
accuracy: (test=0.970) average_precision: (test=0.700) balanced_accuracy: (test=0.810) f1: (test=0.671) roc_auc: (test=0.918) 1.03min
[fit 15/81] END reg_alpha=0.01, reg_lambda=0.5; total=3654, TP=111, TN=3431, FP=49, FN=63; precision=0.694, recall=0.638
accuracy: (test=0.969) average_precision: (test=0.701) balanced_accuracy: (test=0.812) f1: (test=0.665) roc_auc: (test=0.917) 1.04min
[fit 16/81] END reg_alpha=0.01, reg_lambda=1; total=3654, TP=113, TN=3442, FP=38, FN=61; precision=0.748, recall=0.649
accuracy: (test=0.973) average_precision: (test=0.701) balanced_accuracy: (test=0.819) f1: (test=0.695) roc_auc: (test=0.919) 1.07min
[fit 17/81] END reg_alpha=0.01, reg_lambda=2; total=3654, TP=113, TN=3431, FP=49, FN=61; precision=0.698, recall=0.649
accuracy: (test=0.970) average_precision: (test=0.711) balanced_accuracy: (test=0.818) f1: (test=0.673) roc_auc: (test=0.921) 1.12min
[fit 18/81] END reg_alpha=0.01, reg_lambda=3; total=3654, TP=113, TN=3439, FP=41, FN=61; precision=0.734, recall=0.649
accuracy: (test=0.972) average_precision: (test=0.705) balanced_accuracy: (test=0.819) f1: (test=0.689) roc_auc: (test=0.920) 1.17min
[fit 19/81] END reg_alpha=0.02, reg_lambda=0; total=3654, TP=114, TN=3436, FP=44, FN=60; precision=0.722, recall=0.655
accuracy: (test=0.972) average_precision: (test=0.702) balanced_accuracy: (test=0.821) f1: (test=0.687) roc_auc: (test=0.918) 1.04min
[fit 20/81] END reg_alpha=0.02, reg_lambda=0.01; total=3654, TP=118, TN=3439, FP=41, FN=56; precision=0.742, recall=0.678
accuracy: (test=0.973) average_precision: (test=0.717) balanced_accuracy: (test=0.833) f1: (test=0.709) roc_auc: (test=0.921) 1.04min
[fit 21/81] END reg_alpha=0.02, reg_lambda=0.02; total=3654, TP=114, TN=3441, FP=39, FN=60; precision=0.745, recall=0.655
accuracy: (test=0.973) average_precision: (test=0.712) balanced_accuracy: (test=0.822) f1: (test=0.697) roc_auc: (test=0.914) 1.03min
[fit 22/81] END reg_alpha=0.02, reg_lambda=0.05; total=3654, TP=113, TN=3439, FP=41, FN=61; precision=0.734, recall=0.649
accuracy: (test=0.972) average_precision: (test=0.714) balanced_accuracy: (test=0.819) f1: (test=0.689) roc_auc: (test=0.916) 1.04min
[fit 23/81] END reg_alpha=0.02, reg_lambda=0.1; total=3654, TP=112, TN=3435, FP=45, FN=62; precision=0.713, recall=0.644
accuracy: (test=0.971) average_precision: (test=0.713) balanced_accuracy: (test=0.815) f1: (test=0.677) roc_auc: (test=0.914) 1.04min
[fit 24/81] END reg_alpha=0.02, reg_lambda=0.5; total=3654, TP=113, TN=3440, FP=40, FN=61; precision=0.739, recall=0.649
accuracy: (test=0.972) average_precision: (test=0.702) balanced_accuracy: (test=0.819) f1: (test=0.691) roc_auc: (test=0.911) 1.06min
[fit 25/81] END reg_alpha=0.02, reg_lambda=1; total=3654, TP=116, TN=3443, FP=37, FN=58; precision=0.758, recall=0.667
accuracy: (test=0.974) average_precision: (test=0.708) balanced_accuracy: (test=0.828) f1: (test=0.709) roc_auc: (test=0.916) 1.08min
[fit 26/81] END reg_alpha=0.02, reg_lambda=2; total=3654, TP=117, TN=3443, FP=37, FN=57; precision=0.760, recall=0.672
accuracy: (test=0.974) average_precision: (test=0.717) balanced_accuracy: (test=0.831) f1: (test=0.713) roc_auc: (test=0.924) 1.13min
[fit 27/81] END reg_alpha=0.02, reg_lambda=3; total=3654, TP=115, TN=3439, FP=41, FN=59; precision=0.737, recall=0.661
accuracy: (test=0.973) average_precision: (test=0.708) balanced_accuracy: (test=0.825) f1: (test=0.697) roc_auc: (test=0.922) 1.17min
[fit 28/81] END reg_alpha=0.05, reg_lambda=0; total=3654, TP=112, TN=3438, FP=42, FN=62; precision=0.727, recall=0.644
accuracy: (test=0.972) average_precision: (test=0.695) balanced_accuracy: (test=0.816) f1: (test=0.683) roc_auc: (test=0.921) 1.07min
[fit 29/81] END reg_alpha=0.05, reg_lambda=0.01; total=3654, TP=114, TN=3442, FP=38, FN=60; precision=0.750, recall=0.655
accuracy: (test=0.973) average_precision: (test=0.709) balanced_accuracy: (test=0.822) f1: (test=0.699) roc_auc: (test=0.920) 1.06min
[fit 30/81] END reg_alpha=0.05, reg_lambda=0.02; total=3654, TP=109, TN=3437, FP=43, FN=65; precision=0.717, recall=0.626
accuracy: (test=0.970) average_precision: (test=0.694) balanced_accuracy: (test=0.807) f1: (test=0.669) roc_auc: (test=0.913) 1.05min
[fit 31/81] END reg_alpha=0.05, reg_lambda=0.05; total=3654, TP=112, TN=3439, FP=41, FN=62; precision=0.732, recall=0.644
accuracy: (test=0.972) average_precision: (test=0.700) balanced_accuracy: (test=0.816) f1: (test=0.685) roc_auc: (test=0.922) 1.05min
[fit 32/81] END reg_alpha=0.05, reg_lambda=0.1; total=3654, TP=112, TN=3431, FP=49, FN=62; precision=0.696, recall=0.644
accuracy: (test=0.970) average_precision: (test=0.712) balanced_accuracy: (test=0.815) f1: (test=0.669) roc_auc: (test=0.915) 1.05min
[fit 33/81] END reg_alpha=0.05, reg_lambda=0.5; total=3654, TP=115, TN=3436, FP=44, FN=59; precision=0.723, recall=0.661
accuracy: (test=0.972) average_precision: (test=0.704) balanced_accuracy: (test=0.824) f1: (test=0.691) roc_auc: (test=0.916) 1.07min
[fit 34/81] END reg_alpha=0.05, reg_lambda=1; total=3654, TP=114, TN=3434, FP=46, FN=60; precision=0.713, recall=0.655
accuracy: (test=0.971) average_precision: (test=0.701) balanced_accuracy: (test=0.821) f1: (test=0.683) roc_auc: (test=0.914) 1.10min
[fit 35/81] END reg_alpha=0.05, reg_lambda=2; total=3654, TP=110, TN=3437, FP=43, FN=64; precision=0.719, recall=0.632
accuracy: (test=0.971) average_precision: (test=0.705) balanced_accuracy: (test=0.810) f1: (test=0.673) roc_auc: (test=0.919) 1.14min
[fit 36/81] END reg_alpha=0.05, reg_lambda=3; total=3654, TP=111, TN=3434, FP=46, FN=63; precision=0.707, recall=0.638
accuracy: (test=0.970) average_precision: (test=0.700) balanced_accuracy: (test=0.812) f1: (test=0.671) roc_auc: (test=0.914) 1.18min
[fit 37/81] END reg_alpha=0.1, reg_lambda=0; total=3654, TP=111, TN=3435, FP=45, FN=63; precision=0.712, recall=0.638
accuracy: (test=0.970) average_precision: (test=0.711) balanced_accuracy: (test=0.812) f1: (test=0.673) roc_auc: (test=0.916) 1.08min
[fit 38/81] END reg_alpha=0.1, reg_lambda=0.01; total=3654, TP=110, TN=3434, FP=46, FN=64; precision=0.705, recall=0.632
accuracy: (test=0.970) average_precision: (test=0.705) balanced_accuracy: (test=0.809) f1: (test=0.667) roc_auc: (test=0.918) 1.09min
[fit 39/81] END reg_alpha=0.1, reg_lambda=0.02; total=3654, TP=108, TN=3434, FP=46, FN=66; precision=0.701, recall=0.621
accuracy: (test=0.969) average_precision: (test=0.695) balanced_accuracy: (test=0.804) f1: (test=0.659) roc_auc: (test=0.916) 1.07min
[fit 40/81] END reg_alpha=0.1, reg_lambda=0.05; total=3654, TP=109, TN=3441, FP=39, FN=65; precision=0.736, recall=0.626
accuracy: (test=0.972) average_precision: (test=0.700) balanced_accuracy: (test=0.808) f1: (test=0.677) roc_auc: (test=0.919) 1.09min
[fit 41/81] END reg_alpha=0.1, reg_lambda=0.1; total=3654, TP=110, TN=3434, FP=46, FN=64; precision=0.705, recall=0.632
accuracy: (test=0.970) average_precision: (test=0.708) balanced_accuracy: (test=0.809) f1: (test=0.667) roc_auc: (test=0.922) 1.08min
[fit 42/81] END reg_alpha=0.1, reg_lambda=0.5; total=3654, TP=108, TN=3433, FP=47, FN=66; precision=0.697, recall=0.621
accuracy: (test=0.969) average_precision: (test=0.694) balanced_accuracy: (test=0.804) f1: (test=0.657) roc_auc: (test=0.916) 1.09min
[fit 43/81] END reg_alpha=0.1, reg_lambda=1; total=3654, TP=112, TN=3437, FP=43, FN=62; precision=0.723, recall=0.644
accuracy: (test=0.971) average_precision: (test=0.704) balanced_accuracy: (test=0.816) f1: (test=0.681) roc_auc: (test=0.914) 1.12min
[fit 44/81] END reg_alpha=0.1, reg_lambda=2; total=3654, TP=116, TN=3440, FP=40, FN=58; precision=0.744, recall=0.667
accuracy: (test=0.973) average_precision: (test=0.706) balanced_accuracy: (test=0.828) f1: (test=0.703) roc_auc: (test=0.915) 1.17min
[fit 45/81] END reg_alpha=0.1, reg_lambda=3; total=3654, TP=115, TN=3434, FP=46, FN=59; precision=0.714, recall=0.661
accuracy: (test=0.971) average_precision: (test=0.708) balanced_accuracy: (test=0.824) f1: (test=0.687) roc_auc: (test=0.921) 1.20min
[fit 46/81] END reg_alpha=0.5, reg_lambda=0; total=3654, TP=112, TN=3439, FP=41, FN=62; precision=0.732, recall=0.644
accuracy: (test=0.972) average_precision: (test=0.704) balanced_accuracy: (test=0.816) f1: (test=0.685) roc_auc: (test=0.915) 1.26min
[fit 47/81] END reg_alpha=0.5, reg_lambda=0.01; total=3654, TP=113, TN=3439, FP=41, FN=61; precision=0.734, recall=0.649
accuracy: (test=0.972) average_precision: (test=0.711) balanced_accuracy: (test=0.819) f1: (test=0.689) roc_auc: (test=0.917) 1.27min
[fit 48/81] END reg_alpha=0.5, reg_lambda=0.02; total=3654, TP=114, TN=3439, FP=41, FN=60; precision=0.735, recall=0.655
accuracy: (test=0.972) average_precision: (test=0.701) balanced_accuracy: (test=0.822) f1: (test=0.693) roc_auc: (test=0.919) 1.27min
[fit 49/81] END reg_alpha=0.5, reg_lambda=0.05; total=3654, TP=114, TN=3439, FP=41, FN=60; precision=0.735, recall=0.655
accuracy: (test=0.972) average_precision: (test=0.705) balanced_accuracy: (test=0.822) f1: (test=0.693) roc_auc: (test=0.915) 1.27min
[fit 50/81] END reg_alpha=0.5, reg_lambda=0.1; total=3654, TP=113, TN=3436, FP=44, FN=61; precision=0.720, recall=0.649
accuracy: (test=0.971) average_precision: (test=0.702) balanced_accuracy: (test=0.818) f1: (test=0.683) roc_auc: (test=0.920) 1.27min
[fit 51/81] END reg_alpha=0.5, reg_lambda=0.5; total=3654, TP=111, TN=3438, FP=42, FN=63; precision=0.725, recall=0.638
accuracy: (test=0.971) average_precision: (test=0.708) balanced_accuracy: (test=0.813) f1: (test=0.679) roc_auc: (test=0.918) 1.28min
[fit 52/81] END reg_alpha=0.5, reg_lambda=1; total=3654, TP=111, TN=3443, FP=37, FN=63; precision=0.750, recall=0.638
accuracy: (test=0.973) average_precision: (test=0.710) balanced_accuracy: (test=0.814) f1: (test=0.689) roc_auc: (test=0.918) 1.31min
[fit 53/81] END reg_alpha=0.5, reg_lambda=2; total=3654, TP=115, TN=3438, FP=42, FN=59; precision=0.732, recall=0.661
accuracy: (test=0.972) average_precision: (test=0.699) balanced_accuracy: (test=0.824) f1: (test=0.695) roc_auc: (test=0.921) 1.33min
[fit 54/81] END reg_alpha=0.5, reg_lambda=3; total=3654, TP=115, TN=3442, FP=38, FN=59; precision=0.752, recall=0.661
accuracy: (test=0.973) average_precision: (test=0.706) balanced_accuracy: (test=0.825) f1: (test=0.703) roc_auc: (test=0.920) 1.35min
[fit 55/81] END reg_alpha=1, reg_lambda=0; total=3654, TP=112, TN=3434, FP=46, FN=62; precision=0.709, recall=0.644
accuracy: (test=0.970) average_precision: (test=0.700) balanced_accuracy: (test=0.815) f1: (test=0.675) roc_auc: (test=0.918) 1.39min
[fit 56/81] END reg_alpha=1, reg_lambda=0.01; total=3654, TP=112, TN=3436, FP=44, FN=62; precision=0.718, recall=0.644
accuracy: (test=0.971) average_precision: (test=0.709) balanced_accuracy: (test=0.816) f1: (test=0.679) roc_auc: (test=0.915) 1.38min
[fit 57/81] END reg_alpha=1, reg_lambda=0.02; total=3654, TP=114, TN=3439, FP=41, FN=60; precision=0.735, recall=0.655
accuracy: (test=0.972) average_precision: (test=0.703) balanced_accuracy: (test=0.822) f1: (test=0.693) roc_auc: (test=0.913) 1.38min
[fit 58/81] END reg_alpha=1, reg_lambda=0.05; total=3654, TP=114, TN=3440, FP=40, FN=60; precision=0.740, recall=0.655
accuracy: (test=0.973) average_precision: (test=0.704) balanced_accuracy: (test=0.822) f1: (test=0.695) roc_auc: (test=0.916) 1.39min
[fit 59/81] END reg_alpha=1, reg_lambda=0.1; total=3654, TP=117, TN=3438, FP=42, FN=57; precision=0.736, recall=0.672
accuracy: (test=0.973) average_precision: (test=0.709) balanced_accuracy: (test=0.830) f1: (test=0.703) roc_auc: (test=0.918) 1.40min
[fit 60/81] END reg_alpha=1, reg_lambda=0.5; total=3654, TP=110, TN=3438, FP=42, FN=64; precision=0.724, recall=0.632
accuracy: (test=0.971) average_precision: (test=0.704) balanced_accuracy: (test=0.810) f1: (test=0.675) roc_auc: (test=0.922) 1.41min
[fit 61/81] END reg_alpha=1, reg_lambda=1; total=3654, TP=116, TN=3443, FP=37, FN=58; precision=0.758, recall=0.667
accuracy: (test=0.974) average_precision: (test=0.718) balanced_accuracy: (test=0.828) f1: (test=0.709) roc_auc: (test=0.914) 1.43min
[fit 62/81] END reg_alpha=1, reg_lambda=2; total=3654, TP=111, TN=3437, FP=43, FN=63; precision=0.721, recall=0.638
accuracy: (test=0.971) average_precision: (test=0.704) balanced_accuracy: (test=0.813) f1: (test=0.677) roc_auc: (test=0.918) 1.46min
[fit 63/81] END reg_alpha=1, reg_lambda=3; total=3654, TP=115, TN=3443, FP=37, FN=59; precision=0.757, recall=0.661
accuracy: (test=0.974) average_precision: (test=0.708) balanced_accuracy: (test=0.825) f1: (test=0.706) roc_auc: (test=0.920) 1.47min
[fit 64/81] END reg_alpha=2, reg_lambda=0; total=3654, TP=113, TN=3441, FP=39, FN=61; precision=0.743, recall=0.649
accuracy: (test=0.973) average_precision: (test=0.704) balanced_accuracy: (test=0.819) f1: (test=0.693) roc_auc: (test=0.917) 1.43min
[fit 65/81] END reg_alpha=2, reg_lambda=0.01; total=3654, TP=114, TN=3441, FP=39, FN=60; precision=0.745, recall=0.655
accuracy: (test=0.973) average_precision: (test=0.695) balanced_accuracy: (test=0.822) f1: (test=0.697) roc_auc: (test=0.917) 1.44min
[fit 66/81] END reg_alpha=2, reg_lambda=0.02; total=3654, TP=113, TN=3436, FP=44, FN=61; precision=0.720, recall=0.649
accuracy: (test=0.971) average_precision: (test=0.701) balanced_accuracy: (test=0.818) f1: (test=0.683) roc_auc: (test=0.916) 1.44min
[fit 67/81] END reg_alpha=2, reg_lambda=0.05; total=3654, TP=117, TN=3437, FP=43, FN=57; precision=0.731, recall=0.672
accuracy: (test=0.973) average_precision: (test=0.708) balanced_accuracy: (test=0.830) f1: (test=0.701) roc_auc: (test=0.914) 1.45min
[fit 68/81] END reg_alpha=2, reg_lambda=0.1; total=3654, TP=113, TN=3442, FP=38, FN=61; precision=0.748, recall=0.649
accuracy: (test=0.973) average_precision: (test=0.711) balanced_accuracy: (test=0.819) f1: (test=0.695) roc_auc: (test=0.916) 1.44min
[fit 69/81] END reg_alpha=2, reg_lambda=0.5; total=3654, TP=118, TN=3433, FP=47, FN=56; precision=0.715, recall=0.678
accuracy: (test=0.972) average_precision: (test=0.715) balanced_accuracy: (test=0.832) f1: (test=0.696) roc_auc: (test=0.921) 1.45min
[fit 70/81] END reg_alpha=2, reg_lambda=1; total=3654, TP=116, TN=3437, FP=43, FN=58; precision=0.730, recall=0.667
accuracy: (test=0.972) average_precision: (test=0.707) balanced_accuracy: (test=0.827) f1: (test=0.697) roc_auc: (test=0.918) 1.47min
[fit 71/81] END reg_alpha=2, reg_lambda=2; total=3654, TP=112, TN=3439, FP=41, FN=62; precision=0.732, recall=0.644
accuracy: (test=0.972) average_precision: (test=0.714) balanced_accuracy: (test=0.816) f1: (test=0.685) roc_auc: (test=0.920) 1.50min
[fit 72/81] END reg_alpha=2, reg_lambda=3; total=3654, TP=113, TN=3433, FP=47, FN=61; precision=0.706, recall=0.649
accuracy: (test=0.970) average_precision: (test=0.699) balanced_accuracy: (test=0.818) f1: (test=0.677) roc_auc: (test=0.918) 1.53min
[fit 73/81] END reg_alpha=3, reg_lambda=0; total=3654, TP=112, TN=3430, FP=50, FN=62; precision=0.691, recall=0.644
accuracy: (test=0.969) average_precision: (test=0.695) balanced_accuracy: (test=0.815) f1: (test=0.667) roc_auc: (test=0.912) 1.43min
[fit 74/81] END reg_alpha=3, reg_lambda=0.01; total=3654, TP=113, TN=3429, FP=51, FN=61; precision=0.689, recall=0.649
accuracy: (test=0.969) average_precision: (test=0.696) balanced_accuracy: (test=0.817) f1: (test=0.669) roc_auc: (test=0.914) 1.44min
[fit 75/81] END reg_alpha=3, reg_lambda=0.02; total=3654, TP=113, TN=3436, FP=44, FN=61; precision=0.720, recall=0.649
accuracy: (test=0.971) average_precision: (test=0.693) balanced_accuracy: (test=0.818) f1: (test=0.683) roc_auc: (test=0.915) 1.44min
[fit 76/81] END reg_alpha=3, reg_lambda=0.05; total=3654, TP=116, TN=3433, FP=47, FN=58; precision=0.712, recall=0.667
accuracy: (test=0.971) average_precision: (test=0.694) balanced_accuracy: (test=0.827) f1: (test=0.688) roc_auc: (test=0.917) 1.45min
[fit 77/81] END reg_alpha=3, reg_lambda=0.1; total=3654, TP=114, TN=3434, FP=46, FN=60; precision=0.713, recall=0.655
accuracy: (test=0.971) average_precision: (test=0.685) balanced_accuracy: (test=0.821) f1: (test=0.683) roc_auc: (test=0.914) 1.44min
[fit 78/81] END reg_alpha=3, reg_lambda=0.5; total=3654, TP=111, TN=3430, FP=50, FN=63; precision=0.689, recall=0.638
accuracy: (test=0.969) average_precision: (test=0.690) balanced_accuracy: (test=0.812) f1: (test=0.663) roc_auc: (test=0.917) 1.45min
[fit 79/81] END reg_alpha=3, reg_lambda=1; total=3654, TP=112, TN=3429, FP=51, FN=62; precision=0.687, recall=0.644
accuracy: (test=0.969) average_precision: (test=0.692) balanced_accuracy: (test=0.815) f1: (test=0.665) roc_auc: (test=0.918) 1.47min
[fit 80/81] END reg_alpha=3, reg_lambda=2; total=3654, TP=114, TN=3428, FP=52, FN=60; precision=0.687, recall=0.655
accuracy: (test=0.969) average_precision: (test=0.688) balanced_accuracy: (test=0.820) f1: (test=0.671) roc_auc: (test=0.914) 1.49min
[fit 81/81] END reg_alpha=3, reg_lambda=3; total=3654, TP=109, TN=3431, FP=49, FN=65; precision=0.690, recall=0.626
accuracy: (test=0.969) average_precision: (test=0.681) balanced_accuracy: (test=0.806) f1: (test=0.657) roc_auc: (test=0.920) 1.50min
clf.best_estimator_params: {'reg_alpha': 0, 'reg_lambda': 1}
best params found in line [8] for metric [roc_auc] in rank file
best params found in fit [7] for metric [roc_auc] in run_and_score file
clf.best_scoring_result: [Total: (test=3654) TP: (test=116.000) TN: (test=3438.000) FP: (test=42.000) FN: (test=58.000) precision: (test=0.734) recall: (test=0.667) accuracy: (test=0.973) average_precision: (test=0.713) balanced_accuracy: (test=0.827) f1: (test=0.699) roc_auc: (test=0.927) ]
write rank test to csv!!!
write over!!!
第六次
{'objective': 'binary:logistic', 'use_label_encoder': False, 'base_score': None, 'booster': None, 'colsample_bylevel': None, 'colsample_bynode': None, 'colsample_bytree': 0.8, 'gamma': 0, 'gpu_id': None, 'importance_type': 'gain', 'interaction_constraints': None, 'learning_rate': 0.1, 'max_delta_step': None, 'max_depth': 10, 'min_child_weight': 3, 'missing': nan, 'monotone_constraints': None, 'n_estimators': 1000, 'n_jobs': None, 'num_parallel_tree': None, 'random_state': None, 'reg_alpha': 0, 'reg_lambda': 1, 'scale_pos_weight': None, 'subsample': 0.8, 'tree_method': 'gpu_hist', 'validate_parameters': None, 'verbosity': None, 'seed': 0, 'eval_metric': 'logloss'}
Fitting, totalling 9 fits
[fit 1/9] END learning_rate=0.001; total=3654, TP=113, TN=2862, FP=618, FN=61; precision=0.155, recall=0.649
accuracy: (test=0.814) average_precision: (test=0.359) balanced_accuracy: (test=0.736) f1: (test=0.250) roc_auc: (test=0.824) 2.37min
[fit 2/9] END learning_rate=0.01; total=3654, TP=128, TN=3304, FP=176, FN=46; precision=0.421, recall=0.736
accuracy: (test=0.939) average_precision: (test=0.617) balanced_accuracy: (test=0.843) f1: (test=0.536) roc_auc: (test=0.908) 1.63min
[fit 3/9] END learning_rate=0.05; total=3654, TP=116, TN=3437, FP=43, FN=58; precision=0.730, recall=0.667
accuracy: (test=0.972) average_precision: (test=0.710) balanced_accuracy: (test=0.827) f1: (test=0.697) roc_auc: (test=0.918) 1.30min
[fit 4/9] END learning_rate=0.07; total=3654, TP=112, TN=3438, FP=42, FN=62; precision=0.727, recall=0.644
accuracy: (test=0.972) average_precision: (test=0.707) balanced_accuracy: (test=0.816) f1: (test=0.683) roc_auc: (test=0.921) 1.16min
[fit 5/9] END learning_rate=0.1; total=3654, TP=116, TN=3438, FP=42, FN=58; precision=0.734, recall=0.667
accuracy: (test=0.973) average_precision: (test=0.713) balanced_accuracy: (test=0.827) f1: (test=0.699) roc_auc: (test=0.927) 1.05min
[fit 6/9] END learning_rate=0.2; total=3654, TP=112, TN=3435, FP=45, FN=62; precision=0.713, recall=0.644
accuracy: (test=0.971) average_precision: (test=0.686) balanced_accuracy: (test=0.815) f1: (test=0.677) roc_auc: (test=0.908) 50.53s
[fit 7/9] END learning_rate=0.5; total=3654, TP=106, TN=3423, FP=57, FN=68; precision=0.650, recall=0.609
accuracy: (test=0.966) average_precision: (test=0.617) balanced_accuracy: (test=0.796) f1: (test=0.629) roc_auc: (test=0.901) 38.93s
[fit 8/9] END learning_rate=0.75; total=3654, TP=106, TN=3409, FP=71, FN=68; precision=0.599, recall=0.609
accuracy: (test=0.962) average_precision: (test=0.610) balanced_accuracy: (test=0.794) f1: (test=0.604) roc_auc: (test=0.896) 34.18s
[fit 9/9] END learning_rate=1.0; total=3654, TP=110, TN=3356, FP=124, FN=64; precision=0.470, recall=0.632
accuracy: (test=0.949) average_precision: (test=0.588) balanced_accuracy: (test=0.798) f1: (test=0.539) roc_auc: (test=0.900) 31.08s
clf.best_estimator_params: {'learning_rate': 0.1}
best params found in line [6] for metric [roc_auc] in rank file
best params found in fit [5] for metric [roc_auc] in run_and_score file
clf.best_scoring_result: [Total: (test=3654) TP: (test=116.000) TN: (test=3438.000) FP: (test=42.000) FN: (test=58.000) precision: (test=0.734) recall: (test=0.667) accuracy: (test=0.973) average_precision: (test=0.713) balanced_accuracy: (test=0.827) f1: (test=0.699) roc_auc: (test=0.927) ]
write rank test to csv!!!
write over!!!
total time spending: 2h 55m 19s
