nohup: ignoring input
experiment: GM12878 pseknc_II_lam5_w1_k6_n3_xgboost
trainSet len:[X=76020,y=76020]
testSet len:[X=4431,y=4431]
第一次
{'objective': 'binary:logistic', 'use_label_encoder': False, 'base_score': None, 'booster': None, 'colsample_bylevel': None, 'colsample_bynode': None, 'colsample_bytree': 0.8, 'gamma': 0, 'gpu_id': None, 'importance_type': 'gain', 'interaction_constraints': None, 'learning_rate': 0.1, 'max_delta_step': None, 'max_depth': 5, 'min_child_weight': 1, 'missing': nan, 'monotone_constraints': None, 'n_estimators': 500, 'n_jobs': None, 'num_parallel_tree': None, 'random_state': None, 'reg_alpha': 0, 'reg_lambda': 1, 'scale_pos_weight': None, 'subsample': 0.8, 'tree_method': 'gpu_hist', 'validate_parameters': None, 'verbosity': None, 'seed': 0, 'eval_metric': 'logloss'}
Fitting, totalling 20 fits
[fit 1/20] END n_estimators=50; total=4431, TP=145, TN=3806, FP=414, FN=66; precision=0.259, recall=0.687
accuracy: (test=0.892) average_precision: (test=0.415) balanced_accuracy: (test=0.795) f1: (test=0.377) roc_auc: (test=0.869) 19.55s
[fit 2/20] END n_estimators=100; total=4431, TP=146, TN=3949, FP=271, FN=65; precision=0.350, recall=0.692
accuracy: (test=0.924) average_precision: (test=0.502) balanced_accuracy: (test=0.814) f1: (test=0.465) roc_auc: (test=0.895) 28.77s
[fit 3/20] END n_estimators=150; total=4431, TP=149, TN=4026, FP=194, FN=62; precision=0.434, recall=0.706
accuracy: (test=0.942) average_precision: (test=0.588) balanced_accuracy: (test=0.830) f1: (test=0.538) roc_auc: (test=0.907) 38.83s
[fit 4/20] END n_estimators=200; total=4431, TP=143, TN=4078, FP=142, FN=68; precision=0.502, recall=0.678
accuracy: (test=0.953) average_precision: (test=0.655) balanced_accuracy: (test=0.822) f1: (test=0.577) roc_auc: (test=0.908) 47.83s
[fit 5/20] END n_estimators=250; total=4431, TP=143, TN=4104, FP=116, FN=68; precision=0.552, recall=0.678
accuracy: (test=0.958) average_precision: (test=0.693) balanced_accuracy: (test=0.825) f1: (test=0.609) roc_auc: (test=0.912) 57.99s
[fit 6/20] END n_estimators=300; total=4431, TP=144, TN=4121, FP=99, FN=67; precision=0.593, recall=0.682
accuracy: (test=0.963) average_precision: (test=0.713) balanced_accuracy: (test=0.830) f1: (test=0.634) roc_auc: (test=0.912) 1.17min
[fit 7/20] END n_estimators=350; total=4431, TP=141, TN=4144, FP=76, FN=70; precision=0.650, recall=0.668
accuracy: (test=0.967) average_precision: (test=0.726) balanced_accuracy: (test=0.825) f1: (test=0.659) roc_auc: (test=0.913) 1.32min
[fit 8/20] END n_estimators=400; total=4431, TP=142, TN=4159, FP=61, FN=69; precision=0.700, recall=0.673
accuracy: (test=0.971) average_precision: (test=0.733) balanced_accuracy: (test=0.829) f1: (test=0.686) roc_auc: (test=0.912) 1.48min
[fit 9/20] END n_estimators=450; total=4431, TP=138, TN=4163, FP=57, FN=73; precision=0.708, recall=0.654
accuracy: (test=0.971) average_precision: (test=0.743) balanced_accuracy: (test=0.820) f1: (test=0.680) roc_auc: (test=0.920) 1.66min
[fit 10/20] END n_estimators=500; total=4431, TP=138, TN=4180, FP=40, FN=73; precision=0.775, recall=0.654
accuracy: (test=0.974) average_precision: (test=0.749) balanced_accuracy: (test=0.822) f1: (test=0.710) roc_auc: (test=0.920) 1.79min
[fit 11/20] END n_estimators=550; total=4431, TP=137, TN=4183, FP=37, FN=74; precision=0.787, recall=0.649
accuracy: (test=0.975) average_precision: (test=0.753) balanced_accuracy: (test=0.820) f1: (test=0.712) roc_auc: (test=0.919) 1.96min
[fit 12/20] END n_estimators=600; total=4431, TP=134, TN=4187, FP=33, FN=77; precision=0.802, recall=0.635
accuracy: (test=0.975) average_precision: (test=0.757) balanced_accuracy: (test=0.814) f1: (test=0.709) roc_auc: (test=0.920) 2.10min
[fit 13/20] END n_estimators=650; total=4431, TP=134, TN=4192, FP=28, FN=77; precision=0.827, recall=0.635
accuracy: (test=0.976) average_precision: (test=0.758) balanced_accuracy: (test=0.814) f1: (test=0.718) roc_auc: (test=0.919) 2.27min
[fit 14/20] END n_estimators=700; total=4431, TP=134, TN=4192, FP=28, FN=77; precision=0.827, recall=0.635
accuracy: (test=0.976) average_precision: (test=0.761) balanced_accuracy: (test=0.814) f1: (test=0.718) roc_auc: (test=0.920) 2.44min
[fit 15/20] END n_estimators=750; total=4431, TP=135, TN=4199, FP=21, FN=76; precision=0.865, recall=0.640
accuracy: (test=0.978) average_precision: (test=0.766) balanced_accuracy: (test=0.817) f1: (test=0.736) roc_auc: (test=0.922) 2.63min
[fit 16/20] END n_estimators=800; total=4431, TP=135, TN=4200, FP=20, FN=76; precision=0.871, recall=0.640
accuracy: (test=0.978) average_precision: (test=0.767) balanced_accuracy: (test=0.818) f1: (test=0.738) roc_auc: (test=0.923) 2.81min
[fit 17/20] END n_estimators=850; total=4431, TP=133, TN=4201, FP=19, FN=78; precision=0.875, recall=0.630
accuracy: (test=0.978) average_precision: (test=0.769) balanced_accuracy: (test=0.813) f1: (test=0.733) roc_auc: (test=0.922) 2.98min
[fit 18/20] END n_estimators=900; total=4431, TP=134, TN=4201, FP=19, FN=77; precision=0.876, recall=0.635
accuracy: (test=0.978) average_precision: (test=0.772) balanced_accuracy: (test=0.815) f1: (test=0.736) roc_auc: (test=0.921) 3.13min
[fit 19/20] END n_estimators=950; total=4431, TP=132, TN=4201, FP=19, FN=79; precision=0.874, recall=0.626
accuracy: (test=0.978) average_precision: (test=0.772) balanced_accuracy: (test=0.811) f1: (test=0.729) roc_auc: (test=0.920) 3.29min
[fit 20/20] END n_estimators=1000; total=4431, TP=132, TN=4203, FP=17, FN=79; precision=0.886, recall=0.626
accuracy: (test=0.978) average_precision: (test=0.773) balanced_accuracy: (test=0.811) f1: (test=0.733) roc_auc: (test=0.921) 3.45min
clf.best_estimator_params: {'n_estimators': 800}
best params found in line [17] for metric [roc_auc] in rank file
best params found in fit [16] for metric [roc_auc] in run_and_score file
clf.best_scoring_result: [Total: (test=4431) TP: (test=135.000) TN: (test=4200.000) FP: (test=20.000) FN: (test=76.000) precision: (test=0.871) recall: (test=0.640) accuracy: (test=0.978) average_precision: (test=0.767) balanced_accuracy: (test=0.818) f1: (test=0.738) roc_auc: (test=0.923) ]
write rank test to csv!!!
../../ex/epivan/base/pseknc_II_lam5_w1_k6_n3_xgboost_base/rank/GM12878_rank_rank_1_2080ti.csv write over!!!
第二次
{'objective': 'binary:logistic', 'use_label_encoder': False, 'base_score': None, 'booster': None, 'colsample_bylevel': None, 'colsample_bynode': None, 'colsample_bytree': 0.8, 'gamma': 0, 'gpu_id': None, 'importance_type': 'gain', 'interaction_constraints': None, 'learning_rate': 0.1, 'max_delta_step': None, 'max_depth': 5, 'min_child_weight': 1, 'missing': nan, 'monotone_constraints': None, 'n_estimators': 800, 'n_jobs': None, 'num_parallel_tree': None, 'random_state': None, 'reg_alpha': 0, 'reg_lambda': 1, 'scale_pos_weight': None, 'subsample': 0.8, 'tree_method': 'gpu_hist', 'validate_parameters': None, 'verbosity': None, 'seed': 0, 'eval_metric': 'logloss'}
Fitting, totalling 54 fits
[fit 1/54] END max_depth=3, min_child_weight=1; total=4431, TP=151, TN=4057, FP=163, FN=60; precision=0.481, recall=0.716
accuracy: (test=0.950) average_precision: (test=0.625) balanced_accuracy: (test=0.839) f1: (test=0.575) roc_auc: (test=0.915) 1.74min
[fit 2/54] END max_depth=3, min_child_weight=2; total=4431, TP=149, TN=4063, FP=157, FN=62; precision=0.487, recall=0.706
accuracy: (test=0.951) average_precision: (test=0.627) balanced_accuracy: (test=0.834) f1: (test=0.576) roc_auc: (test=0.909) 1.78min
[fit 3/54] END max_depth=3, min_child_weight=3; total=4431, TP=150, TN=4049, FP=171, FN=61; precision=0.467, recall=0.711
accuracy: (test=0.948) average_precision: (test=0.639) balanced_accuracy: (test=0.835) f1: (test=0.564) roc_auc: (test=0.911) 1.74min
[fit 4/54] END max_depth=3, min_child_weight=4; total=4431, TP=148, TN=4065, FP=155, FN=63; precision=0.488, recall=0.701
accuracy: (test=0.951) average_precision: (test=0.645) balanced_accuracy: (test=0.832) f1: (test=0.576) roc_auc: (test=0.908) 1.74min
[fit 5/54] END max_depth=3, min_child_weight=5; total=4431, TP=152, TN=4055, FP=165, FN=59; precision=0.479, recall=0.720
accuracy: (test=0.949) average_precision: (test=0.655) balanced_accuracy: (test=0.841) f1: (test=0.576) roc_auc: (test=0.912) 1.77min
[fit 6/54] END max_depth=3, min_child_weight=6; total=4431, TP=152, TN=4060, FP=160, FN=59; precision=0.487, recall=0.720
accuracy: (test=0.951) average_precision: (test=0.644) balanced_accuracy: (test=0.841) f1: (test=0.581) roc_auc: (test=0.913) 1.78min
[fit 7/54] END max_depth=4, min_child_weight=1; total=4431, TP=140, TN=4159, FP=61, FN=71; precision=0.697, recall=0.664
accuracy: (test=0.970) average_precision: (test=0.735) balanced_accuracy: (test=0.825) f1: (test=0.680) roc_auc: (test=0.913) 2.15min
[fit 8/54] END max_depth=4, min_child_weight=2; total=4431, TP=143, TN=4149, FP=71, FN=68; precision=0.668, recall=0.678
accuracy: (test=0.969) average_precision: (test=0.738) balanced_accuracy: (test=0.830) f1: (test=0.673) roc_auc: (test=0.923) 2.18min
[fit 9/54] END max_depth=4, min_child_weight=3; total=4431, TP=139, TN=4148, FP=72, FN=72; precision=0.659, recall=0.659
accuracy: (test=0.968) average_precision: (test=0.730) balanced_accuracy: (test=0.821) f1: (test=0.659) roc_auc: (test=0.926) 2.15min
[fit 10/54] END max_depth=4, min_child_weight=4; total=4431, TP=147, TN=4150, FP=70, FN=64; precision=0.677, recall=0.697
accuracy: (test=0.970) average_precision: (test=0.741) balanced_accuracy: (test=0.840) f1: (test=0.687) roc_auc: (test=0.922) 2.16min
[fit 11/54] END max_depth=4, min_child_weight=5; total=4431, TP=143, TN=4147, FP=73, FN=68; precision=0.662, recall=0.678
accuracy: (test=0.968) average_precision: (test=0.737) balanced_accuracy: (test=0.830) f1: (test=0.670) roc_auc: (test=0.912) 2.12min
[fit 12/54] END max_depth=4, min_child_weight=6; total=4431, TP=145, TN=4160, FP=60, FN=66; precision=0.707, recall=0.687
accuracy: (test=0.972) average_precision: (test=0.744) balanced_accuracy: (test=0.836) f1: (test=0.697) roc_auc: (test=0.922) 2.13min
[fit 13/54] END max_depth=5, min_child_weight=1; total=4431, TP=135, TN=4200, FP=20, FN=76; precision=0.871, recall=0.640
accuracy: (test=0.978) average_precision: (test=0.767) balanced_accuracy: (test=0.818) f1: (test=0.738) roc_auc: (test=0.923) 2.77min
[fit 14/54] END max_depth=5, min_child_weight=2; total=4431, TP=136, TN=4200, FP=20, FN=75; precision=0.872, recall=0.645
accuracy: (test=0.979) average_precision: (test=0.765) balanced_accuracy: (test=0.820) f1: (test=0.741) roc_auc: (test=0.927) 2.76min
[fit 15/54] END max_depth=5, min_child_weight=3; total=4431, TP=140, TN=4190, FP=30, FN=71; precision=0.824, recall=0.664
accuracy: (test=0.977) average_precision: (test=0.762) balanced_accuracy: (test=0.828) f1: (test=0.735) roc_auc: (test=0.923) 2.75min
[fit 16/54] END max_depth=5, min_child_weight=4; total=4431, TP=136, TN=4193, FP=27, FN=75; precision=0.834, recall=0.645
accuracy: (test=0.977) average_precision: (test=0.752) balanced_accuracy: (test=0.819) f1: (test=0.727) roc_auc: (test=0.924) 2.74min
[fit 17/54] END max_depth=5, min_child_weight=5; total=4431, TP=138, TN=4196, FP=24, FN=73; precision=0.852, recall=0.654
accuracy: (test=0.978) average_precision: (test=0.766) balanced_accuracy: (test=0.824) f1: (test=0.740) roc_auc: (test=0.920) 2.73min
[fit 18/54] END max_depth=5, min_child_weight=6; total=4431, TP=137, TN=4187, FP=33, FN=74; precision=0.806, recall=0.649
accuracy: (test=0.976) average_precision: (test=0.762) balanced_accuracy: (test=0.821) f1: (test=0.719) roc_auc: (test=0.929) 2.77min
[fit 19/54] END max_depth=6, min_child_weight=1; total=4431, TP=130, TN=4206, FP=14, FN=81; precision=0.903, recall=0.616
accuracy: (test=0.979) average_precision: (test=0.779) balanced_accuracy: (test=0.806) f1: (test=0.732) roc_auc: (test=0.927) 3.68min
[fit 20/54] END max_depth=6, min_child_weight=2; total=4431, TP=133, TN=4200, FP=20, FN=78; precision=0.869, recall=0.630
accuracy: (test=0.978) average_precision: (test=0.783) balanced_accuracy: (test=0.813) f1: (test=0.731) roc_auc: (test=0.930) 3.58min
[fit 21/54] END max_depth=6, min_child_weight=3; total=4431, TP=137, TN=4202, FP=18, FN=74; precision=0.884, recall=0.649
accuracy: (test=0.979) average_precision: (test=0.785) balanced_accuracy: (test=0.823) f1: (test=0.749) roc_auc: (test=0.934) 3.50min
[fit 22/54] END max_depth=6, min_child_weight=4; total=4431, TP=135, TN=4201, FP=19, FN=76; precision=0.877, recall=0.640
accuracy: (test=0.979) average_precision: (test=0.771) balanced_accuracy: (test=0.818) f1: (test=0.740) roc_auc: (test=0.919) 3.46min
[fit 23/54] END max_depth=6, min_child_weight=5; total=4431, TP=130, TN=4203, FP=17, FN=81; precision=0.884, recall=0.616
accuracy: (test=0.978) average_precision: (test=0.765) balanced_accuracy: (test=0.806) f1: (test=0.726) roc_auc: (test=0.920) 3.34min
[fit 24/54] END max_depth=6, min_child_weight=6; total=4431, TP=137, TN=4200, FP=20, FN=74; precision=0.873, recall=0.649
accuracy: (test=0.979) average_precision: (test=0.766) balanced_accuracy: (test=0.822) f1: (test=0.745) roc_auc: (test=0.920) 3.33min
[fit 25/54] END max_depth=7, min_child_weight=1; total=4431, TP=128, TN=4211, FP=9, FN=83; precision=0.934, recall=0.607
accuracy: (test=0.979) average_precision: (test=0.780) balanced_accuracy: (test=0.802) f1: (test=0.736) roc_auc: (test=0.930) 4.49min
[fit 26/54] END max_depth=7, min_child_weight=2; total=4431, TP=134, TN=4208, FP=12, FN=77; precision=0.918, recall=0.635
accuracy: (test=0.980) average_precision: (test=0.777) balanced_accuracy: (test=0.816) f1: (test=0.751) roc_auc: (test=0.927) 4.24min
[fit 27/54] END max_depth=7, min_child_weight=3; total=4431, TP=134, TN=4207, FP=13, FN=77; precision=0.912, recall=0.635
accuracy: (test=0.980) average_precision: (test=0.780) balanced_accuracy: (test=0.816) f1: (test=0.749) roc_auc: (test=0.916) 4.10min
[fit 28/54] END max_depth=7, min_child_weight=4; total=4431, TP=133, TN=4207, FP=13, FN=78; precision=0.911, recall=0.630
accuracy: (test=0.979) average_precision: (test=0.779) balanced_accuracy: (test=0.814) f1: (test=0.745) roc_auc: (test=0.924) 3.99min
[fit 29/54] END max_depth=7, min_child_weight=5; total=4431, TP=133, TN=4205, FP=15, FN=78; precision=0.899, recall=0.630
accuracy: (test=0.979) average_precision: (test=0.776) balanced_accuracy: (test=0.813) f1: (test=0.741) roc_auc: (test=0.930) 3.96min
[fit 30/54] END max_depth=7, min_child_weight=6; total=4431, TP=131, TN=4205, FP=15, FN=80; precision=0.897, recall=0.621
accuracy: (test=0.979) average_precision: (test=0.780) balanced_accuracy: (test=0.809) f1: (test=0.734) roc_auc: (test=0.926) 3.90min
[fit 31/54] END max_depth=8, min_child_weight=1; total=4431, TP=128, TN=4213, FP=7, FN=83; precision=0.948, recall=0.607
accuracy: (test=0.980) average_precision: (test=0.778) balanced_accuracy: (test=0.802) f1: (test=0.740) roc_auc: (test=0.928) 5.21min
[fit 32/54] END max_depth=8, min_child_weight=2; total=4431, TP=132, TN=4209, FP=11, FN=79; precision=0.923, recall=0.626
accuracy: (test=0.980) average_precision: (test=0.783) balanced_accuracy: (test=0.811) f1: (test=0.746) roc_auc: (test=0.930) 4.83min
[fit 33/54] END max_depth=8, min_child_weight=3; total=4431, TP=129, TN=4206, FP=14, FN=82; precision=0.902, recall=0.611
accuracy: (test=0.978) average_precision: (test=0.783) balanced_accuracy: (test=0.804) f1: (test=0.729) roc_auc: (test=0.929) 4.62min
[fit 34/54] END max_depth=8, min_child_weight=4; total=4431, TP=130, TN=4205, FP=15, FN=81; precision=0.897, recall=0.616
accuracy: (test=0.978) average_precision: (test=0.773) balanced_accuracy: (test=0.806) f1: (test=0.730) roc_auc: (test=0.924) 4.50min
[fit 35/54] END max_depth=8, min_child_weight=5; total=4431, TP=130, TN=4208, FP=12, FN=81; precision=0.915, recall=0.616
accuracy: (test=0.979) average_precision: (test=0.772) balanced_accuracy: (test=0.807) f1: (test=0.737) roc_auc: (test=0.927) 4.33min
[fit 36/54] END max_depth=8, min_child_weight=6; total=4431, TP=127, TN=4207, FP=13, FN=84; precision=0.907, recall=0.602
accuracy: (test=0.978) average_precision: (test=0.771) balanced_accuracy: (test=0.799) f1: (test=0.724) roc_auc: (test=0.924) 4.29min
[fit 37/54] END max_depth=9, min_child_weight=1; total=4431, TP=128, TN=4211, FP=9, FN=83; precision=0.934, recall=0.607
accuracy: (test=0.979) average_precision: (test=0.784) balanced_accuracy: (test=0.802) f1: (test=0.736) roc_auc: (test=0.926) 5.78min
[fit 38/54] END max_depth=9, min_child_weight=2; total=4431, TP=129, TN=4211, FP=9, FN=82; precision=0.935, recall=0.611
accuracy: (test=0.979) average_precision: (test=0.780) balanced_accuracy: (test=0.805) f1: (test=0.739) roc_auc: (test=0.926) 5.29min
[fit 39/54] END max_depth=9, min_child_weight=3; total=4431, TP=127, TN=4208, FP=12, FN=84; precision=0.914, recall=0.602
accuracy: (test=0.978) average_precision: (test=0.776) balanced_accuracy: (test=0.800) f1: (test=0.726) roc_auc: (test=0.931) 5.00min
[fit 40/54] END max_depth=9, min_child_weight=4; total=4431, TP=131, TN=4206, FP=14, FN=80; precision=0.903, recall=0.621
accuracy: (test=0.979) average_precision: (test=0.771) balanced_accuracy: (test=0.809) f1: (test=0.736) roc_auc: (test=0.925) 4.86min
[fit 41/54] END max_depth=9, min_child_weight=5; total=4431, TP=132, TN=4208, FP=12, FN=79; precision=0.917, recall=0.626
accuracy: (test=0.979) average_precision: (test=0.775) balanced_accuracy: (test=0.811) f1: (test=0.744) roc_auc: (test=0.926) 4.91min
[fit 42/54] END max_depth=9, min_child_weight=6; total=4431, TP=129, TN=4210, FP=10, FN=82; precision=0.928, recall=0.611
accuracy: (test=0.979) average_precision: (test=0.766) balanced_accuracy: (test=0.805) f1: (test=0.737) roc_auc: (test=0.925) 4.76min
[fit 43/54] END max_depth=10, min_child_weight=1; total=4431, TP=129, TN=4212, FP=8, FN=82; precision=0.942, recall=0.611
accuracy: (test=0.980) average_precision: (test=0.775) balanced_accuracy: (test=0.805) f1: (test=0.741) roc_auc: (test=0.920) 6.36min
[fit 44/54] END max_depth=10, min_child_weight=2; total=4431, TP=128, TN=4211, FP=9, FN=83; precision=0.934, recall=0.607
accuracy: (test=0.979) average_precision: (test=0.782) balanced_accuracy: (test=0.802) f1: (test=0.736) roc_auc: (test=0.925) 5.78min
[fit 45/54] END max_depth=10, min_child_weight=3; total=4431, TP=125, TN=4208, FP=12, FN=86; precision=0.912, recall=0.592
accuracy: (test=0.978) average_precision: (test=0.784) balanced_accuracy: (test=0.795) f1: (test=0.718) roc_auc: (test=0.935) 5.38min
[fit 46/54] END max_depth=10, min_child_weight=4; total=4431, TP=129, TN=4207, FP=13, FN=82; precision=0.908, recall=0.611
accuracy: (test=0.979) average_precision: (test=0.778) balanced_accuracy: (test=0.804) f1: (test=0.731) roc_auc: (test=0.926) 5.14min
[fit 47/54] END max_depth=10, min_child_weight=5; total=4431, TP=127, TN=4206, FP=14, FN=84; precision=0.901, recall=0.602
accuracy: (test=0.978) average_precision: (test=0.773) balanced_accuracy: (test=0.799) f1: (test=0.722) roc_auc: (test=0.923) 4.97min
[fit 48/54] END max_depth=10, min_child_weight=6; total=4431, TP=130, TN=4204, FP=16, FN=81; precision=0.890, recall=0.616
accuracy: (test=0.978) average_precision: (test=0.770) balanced_accuracy: (test=0.806) f1: (test=0.728) roc_auc: (test=0.924) 4.84min
[fit 49/54] END max_depth=12, min_child_weight=1; total=4431, TP=129, TN=4212, FP=8, FN=82; precision=0.942, recall=0.611
accuracy: (test=0.980) average_precision: (test=0.776) balanced_accuracy: (test=0.805) f1: (test=0.741) roc_auc: (test=0.924) 6.99min
[fit 50/54] END max_depth=12, min_child_weight=2; total=4431, TP=127, TN=4209, FP=11, FN=84; precision=0.920, recall=0.602
accuracy: (test=0.979) average_precision: (test=0.774) balanced_accuracy: (test=0.800) f1: (test=0.728) roc_auc: (test=0.919) 6.22min
[fit 51/54] END max_depth=12, min_child_weight=3; total=4431, TP=129, TN=4204, FP=16, FN=82; precision=0.890, recall=0.611
accuracy: (test=0.978) average_precision: (test=0.772) balanced_accuracy: (test=0.804) f1: (test=0.725) roc_auc: (test=0.928) 5.86min
[fit 52/54] END max_depth=12, min_child_weight=4; total=4431, TP=128, TN=4205, FP=15, FN=83; precision=0.895, recall=0.607
accuracy: (test=0.978) average_precision: (test=0.767) balanced_accuracy: (test=0.802) f1: (test=0.723) roc_auc: (test=0.920) 5.59min
[fit 53/54] END max_depth=12, min_child_weight=5; total=4431, TP=131, TN=4208, FP=12, FN=80; precision=0.916, recall=0.621
accuracy: (test=0.979) average_precision: (test=0.773) balanced_accuracy: (test=0.809) f1: (test=0.740) roc_auc: (test=0.924) 5.39min
[fit 54/54] END max_depth=12, min_child_weight=6; total=4431, TP=126, TN=4206, FP=14, FN=85; precision=0.900, recall=0.597
accuracy: (test=0.978) average_precision: (test=0.771) balanced_accuracy: (test=0.797) f1: (test=0.718) roc_auc: (test=0.921) 5.22min
clf.best_estimator_params: {'max_depth': 10, 'min_child_weight': 3}
best params found in line [46] for metric [roc_auc] in rank file
best params found in fit [45] for metric [roc_auc] in run_and_score file
clf.best_scoring_result: [Total: (test=4431) TP: (test=125.000) TN: (test=4208.000) FP: (test=12.000) FN: (test=86.000) precision: (test=0.912) recall: (test=0.592) accuracy: (test=0.978) average_precision: (test=0.784) balanced_accuracy: (test=0.795) f1: (test=0.718) roc_auc: (test=0.935) ]
write rank test to csv!!!
../../ex/epivan/base/pseknc_II_lam5_w1_k6_n3_xgboost_base/rank/GM12878_rank_rank_2_2080ti.csv write over!!!
第三次
{'objective': 'binary:logistic', 'use_label_encoder': False, 'base_score': None, 'booster': None, 'colsample_bylevel': None, 'colsample_bynode': None, 'colsample_bytree': 0.8, 'gamma': 0, 'gpu_id': None, 'importance_type': 'gain', 'interaction_constraints': None, 'learning_rate': 0.1, 'max_delta_step': None, 'max_depth': 10, 'min_child_weight': 3, 'missing': nan, 'monotone_constraints': None, 'n_estimators': 800, 'n_jobs': None, 'num_parallel_tree': None, 'random_state': None, 'reg_alpha': 0, 'reg_lambda': 1, 'scale_pos_weight': None, 'subsample': 0.8, 'tree_method': 'gpu_hist', 'validate_parameters': None, 'verbosity': None, 'seed': 0, 'eval_metric': 'logloss'}
Fitting, totalling 7 fits
[fit 1/7] END gamma=0; total=4431, TP=125, TN=4208, FP=12, FN=86; precision=0.912, recall=0.592
accuracy: (test=0.978) average_precision: (test=0.784) balanced_accuracy: (test=0.795) f1: (test=0.718) roc_auc: (test=0.935) 5.36min
[fit 2/7] END gamma=0.1; total=4431, TP=127, TN=4208, FP=12, FN=84; precision=0.914, recall=0.602
accuracy: (test=0.978) average_precision: (test=0.769) balanced_accuracy: (test=0.800) f1: (test=0.726) roc_auc: (test=0.926) 4.72min
[fit 3/7] END gamma=0.2; total=4431, TP=127, TN=4206, FP=14, FN=84; precision=0.901, recall=0.602
accuracy: (test=0.978) average_precision: (test=0.772) balanced_accuracy: (test=0.799) f1: (test=0.722) roc_auc: (test=0.932) 4.11min
[fit 4/7] END gamma=0.3; total=4431, TP=130, TN=4207, FP=13, FN=81; precision=0.909, recall=0.616
accuracy: (test=0.979) average_precision: (test=0.770) balanced_accuracy: (test=0.807) f1: (test=0.734) roc_auc: (test=0.923) 3.86min
[fit 5/7] END gamma=0.4; total=4431, TP=126, TN=4210, FP=10, FN=85; precision=0.926, recall=0.597
accuracy: (test=0.979) average_precision: (test=0.769) balanced_accuracy: (test=0.797) f1: (test=0.726) roc_auc: (test=0.927) 3.68min
[fit 6/7] END gamma=0.5; total=4431, TP=131, TN=4207, FP=13, FN=80; precision=0.910, recall=0.621
accuracy: (test=0.979) average_precision: (test=0.763) balanced_accuracy: (test=0.809) f1: (test=0.738) roc_auc: (test=0.929) 3.53min
[fit 7/7] END gamma=0.6; total=4431, TP=127, TN=4202, FP=18, FN=84; precision=0.876, recall=0.602
accuracy: (test=0.977) average_precision: (test=0.772) balanced_accuracy: (test=0.799) f1: (test=0.713) roc_auc: (test=0.931) 3.42min
clf.best_estimator_params: {'gamma': 0}
best params found in line [2] for metric [roc_auc] in rank file
best params found in fit [1] for metric [roc_auc] in run_and_score file
clf.best_scoring_result: [Total: (test=4431) TP: (test=125.000) TN: (test=4208.000) FP: (test=12.000) FN: (test=86.000) precision: (test=0.912) recall: (test=0.592) accuracy: (test=0.978) average_precision: (test=0.784) balanced_accuracy: (test=0.795) f1: (test=0.718) roc_auc: (test=0.935) ]
write rank test to csv!!!
../../ex/epivan/base/pseknc_II_lam5_w1_k6_n3_xgboost_base/rank/GM12878_rank_rank_3_2080ti.csv write over!!!
第四次
{'objective': 'binary:logistic', 'use_label_encoder': False, 'base_score': None, 'booster': None, 'colsample_bylevel': None, 'colsample_bynode': None, 'colsample_bytree': 0.8, 'gamma': 0, 'gpu_id': None, 'importance_type': 'gain', 'interaction_constraints': None, 'learning_rate': 0.1, 'max_delta_step': None, 'max_depth': 10, 'min_child_weight': 3, 'missing': nan, 'monotone_constraints': None, 'n_estimators': 800, 'n_jobs': None, 'num_parallel_tree': None, 'random_state': None, 'reg_alpha': 0, 'reg_lambda': 1, 'scale_pos_weight': None, 'subsample': 0.8, 'tree_method': 'gpu_hist', 'validate_parameters': None, 'verbosity': None, 'seed': 0, 'eval_metric': 'logloss'}
Fitting, totalling 16 fits
[fit 1/16] END colsample_bytree=0.6, subsample=0.6; total=4431, TP=130, TN=4205, FP=15, FN=81; precision=0.897, recall=0.616
accuracy: (test=0.978) average_precision: (test=0.784) balanced_accuracy: (test=0.806) f1: (test=0.730) roc_auc: (test=0.932) 4.42min
[fit 2/16] END colsample_bytree=0.6, subsample=0.7; total=4431, TP=131, TN=4210, FP=10, FN=80; precision=0.929, recall=0.621
accuracy: (test=0.980) average_precision: (test=0.781) balanced_accuracy: (test=0.809) f1: (test=0.744) roc_auc: (test=0.928) 4.69min
[fit 3/16] END colsample_bytree=0.6, subsample=0.8; total=4431, TP=127, TN=4207, FP=13, FN=84; precision=0.907, recall=0.602
accuracy: (test=0.978) average_precision: (test=0.772) balanced_accuracy: (test=0.799) f1: (test=0.724) roc_auc: (test=0.935) 4.89min
[fit 4/16] END colsample_bytree=0.6, subsample=0.9; total=4431, TP=132, TN=4208, FP=12, FN=79; precision=0.917, recall=0.626
accuracy: (test=0.979) average_precision: (test=0.786) balanced_accuracy: (test=0.811) f1: (test=0.744) roc_auc: (test=0.926) 5.12min
[fit 5/16] END colsample_bytree=0.7, subsample=0.6; total=4431, TP=128, TN=4209, FP=11, FN=83; precision=0.921, recall=0.607
accuracy: (test=0.979) average_precision: (test=0.781) balanced_accuracy: (test=0.802) f1: (test=0.731) roc_auc: (test=0.926) 4.73min
[fit 6/16] END colsample_bytree=0.7, subsample=0.7; total=4431, TP=130, TN=4209, FP=11, FN=81; precision=0.922, recall=0.616
accuracy: (test=0.979) average_precision: (test=0.772) balanced_accuracy: (test=0.807) f1: (test=0.739) roc_auc: (test=0.921) 4.90min
[fit 7/16] END colsample_bytree=0.7, subsample=0.8; total=4431, TP=129, TN=4209, FP=11, FN=82; precision=0.921, recall=0.611
accuracy: (test=0.979) average_precision: (test=0.778) balanced_accuracy: (test=0.804) f1: (test=0.735) roc_auc: (test=0.928) 5.15min
[fit 8/16] END colsample_bytree=0.7, subsample=0.9; total=4431, TP=131, TN=4209, FP=11, FN=80; precision=0.923, recall=0.621
accuracy: (test=0.979) average_precision: (test=0.774) balanced_accuracy: (test=0.809) f1: (test=0.742) roc_auc: (test=0.920) 5.36min
[fit 9/16] END colsample_bytree=0.8, subsample=0.6; total=4431, TP=131, TN=4212, FP=8, FN=80; precision=0.942, recall=0.621
accuracy: (test=0.980) average_precision: (test=0.775) balanced_accuracy: (test=0.809) f1: (test=0.749) roc_auc: (test=0.924) 4.89min
[fit 10/16] END colsample_bytree=0.8, subsample=0.7; total=4431, TP=130, TN=4205, FP=15, FN=81; precision=0.897, recall=0.616
accuracy: (test=0.978) average_precision: (test=0.771) balanced_accuracy: (test=0.806) f1: (test=0.730) roc_auc: (test=0.926) 5.08min
[fit 11/16] END colsample_bytree=0.8, subsample=0.8; total=4431, TP=125, TN=4208, FP=12, FN=86; precision=0.912, recall=0.592
accuracy: (test=0.978) average_precision: (test=0.784) balanced_accuracy: (test=0.795) f1: (test=0.718) roc_auc: (test=0.935) 5.38min
[fit 12/16] END colsample_bytree=0.8, subsample=0.9; total=4431, TP=128, TN=4211, FP=9, FN=83; precision=0.934, recall=0.607
accuracy: (test=0.979) average_precision: (test=0.771) balanced_accuracy: (test=0.802) f1: (test=0.736) roc_auc: (test=0.918) 5.56min
[fit 13/16] END colsample_bytree=0.9, subsample=0.6; total=4431, TP=133, TN=4209, FP=11, FN=78; precision=0.924, recall=0.630
accuracy: (test=0.980) average_precision: (test=0.772) balanced_accuracy: (test=0.814) f1: (test=0.749) roc_auc: (test=0.919) 5.07min
[fit 14/16] END colsample_bytree=0.9, subsample=0.7; total=4431, TP=131, TN=4211, FP=9, FN=80; precision=0.936, recall=0.621
accuracy: (test=0.980) average_precision: (test=0.771) balanced_accuracy: (test=0.809) f1: (test=0.746) roc_auc: (test=0.926) 5.30min
[fit 15/16] END colsample_bytree=0.9, subsample=0.8; total=4431, TP=128, TN=4208, FP=12, FN=83; precision=0.914, recall=0.607
accuracy: (test=0.979) average_precision: (test=0.777) balanced_accuracy: (test=0.802) f1: (test=0.729) roc_auc: (test=0.923) 5.53min
[fit 16/16] END colsample_bytree=0.9, subsample=0.9; total=4431, TP=128, TN=4209, FP=11, FN=83; precision=0.921, recall=0.607
accuracy: (test=0.979) average_precision: (test=0.773) balanced_accuracy: (test=0.802) f1: (test=0.731) roc_auc: (test=0.914) 5.77min
clf.best_estimator_params: {'colsample_bytree': 0.6, 'subsample': 0.8}
best params found in line [4] for metric [roc_auc] in rank file
best params found in fit [3] for metric [roc_auc] in run_and_score file
clf.best_scoring_result: [Total: (test=4431) TP: (test=127.000) TN: (test=4207.000) FP: (test=13.000) FN: (test=84.000) precision: (test=0.907) recall: (test=0.602) accuracy: (test=0.978) average_precision: (test=0.772) balanced_accuracy: (test=0.799) f1: (test=0.724) roc_auc: (test=0.935) ]
write rank test to csv!!!
../../ex/epivan/base/pseknc_II_lam5_w1_k6_n3_xgboost_base/rank/GM12878_rank_rank_4_2080ti.csv write over!!!
第五次
{'objective': 'binary:logistic', 'use_label_encoder': False, 'base_score': None, 'booster': None, 'colsample_bylevel': None, 'colsample_bynode': None, 'colsample_bytree': 0.6, 'gamma': 0, 'gpu_id': None, 'importance_type': 'gain', 'interaction_constraints': None, 'learning_rate': 0.1, 'max_delta_step': None, 'max_depth': 10, 'min_child_weight': 3, 'missing': nan, 'monotone_constraints': None, 'n_estimators': 800, 'n_jobs': None, 'num_parallel_tree': None, 'random_state': None, 'reg_alpha': 0, 'reg_lambda': 1, 'scale_pos_weight': None, 'subsample': 0.8, 'tree_method': 'gpu_hist', 'validate_parameters': None, 'verbosity': None, 'seed': 0, 'eval_metric': 'logloss'}
Fitting, totalling 81 fits
[fit 1/81] END reg_alpha=0, reg_lambda=0; total=4431, TP=130, TN=4206, FP=14, FN=81; precision=0.903, recall=0.616
accuracy: (test=0.979) average_precision: (test=0.773) balanced_accuracy: (test=0.806) f1: (test=0.732) roc_auc: (test=0.929) 4.65min
[fit 2/81] END reg_alpha=0, reg_lambda=0.01; total=4431, TP=126, TN=4204, FP=16, FN=85; precision=0.887, recall=0.597
accuracy: (test=0.977) average_precision: (test=0.770) balanced_accuracy: (test=0.797) f1: (test=0.714) roc_auc: (test=0.924) 4.67min
[fit 3/81] END reg_alpha=0, reg_lambda=0.02; total=4431, TP=130, TN=4208, FP=12, FN=81; precision=0.915, recall=0.616
accuracy: (test=0.979) average_precision: (test=0.783) balanced_accuracy: (test=0.807) f1: (test=0.737) roc_auc: (test=0.939) 4.64min
[fit 4/81] END reg_alpha=0, reg_lambda=0.05; total=4431, TP=128, TN=4204, FP=16, FN=83; precision=0.889, recall=0.607
accuracy: (test=0.978) average_precision: (test=0.774) balanced_accuracy: (test=0.801) f1: (test=0.721) roc_auc: (test=0.925) 4.64min
[fit 5/81] END reg_alpha=0, reg_lambda=0.1; total=4431, TP=127, TN=4208, FP=12, FN=84; precision=0.914, recall=0.602
accuracy: (test=0.978) average_precision: (test=0.776) balanced_accuracy: (test=0.800) f1: (test=0.726) roc_auc: (test=0.926) 4.66min
[fit 6/81] END reg_alpha=0, reg_lambda=0.5; total=4431, TP=132, TN=4208, FP=12, FN=79; precision=0.917, recall=0.626
accuracy: (test=0.979) average_precision: (test=0.778) balanced_accuracy: (test=0.811) f1: (test=0.744) roc_auc: (test=0.929) 4.76min
[fit 7/81] END reg_alpha=0, reg_lambda=1; total=4431, TP=129, TN=4211, FP=9, FN=82; precision=0.935, recall=0.611
accuracy: (test=0.979) average_precision: (test=0.775) balanced_accuracy: (test=0.805) f1: (test=0.739) roc_auc: (test=0.927) 4.86min
[fit 8/81] END reg_alpha=0, reg_lambda=2; total=4431, TP=129, TN=4210, FP=10, FN=82; precision=0.928, recall=0.611
accuracy: (test=0.979) average_precision: (test=0.774) balanced_accuracy: (test=0.805) f1: (test=0.737) roc_auc: (test=0.928) 5.06min
[fit 9/81] END reg_alpha=0, reg_lambda=3; total=4431, TP=127, TN=4211, FP=9, FN=84; precision=0.934, recall=0.602
accuracy: (test=0.979) average_precision: (test=0.777) balanced_accuracy: (test=0.800) f1: (test=0.732) roc_auc: (test=0.929) 5.21min
[fit 10/81] END reg_alpha=0.01, reg_lambda=0; total=4431, TP=127, TN=4211, FP=9, FN=84; precision=0.934, recall=0.602
accuracy: (test=0.979) average_precision: (test=0.778) balanced_accuracy: (test=0.800) f1: (test=0.732) roc_auc: (test=0.924) 4.67min
[fit 11/81] END reg_alpha=0.01, reg_lambda=0.01; total=4431, TP=129, TN=4209, FP=11, FN=82; precision=0.921, recall=0.611
accuracy: (test=0.979) average_precision: (test=0.764) balanced_accuracy: (test=0.804) f1: (test=0.735) roc_auc: (test=0.920) 4.70min
[fit 12/81] END reg_alpha=0.01, reg_lambda=0.02; total=4431, TP=129, TN=4208, FP=12, FN=82; precision=0.915, recall=0.611
accuracy: (test=0.979) average_precision: (test=0.768) balanced_accuracy: (test=0.804) f1: (test=0.733) roc_auc: (test=0.915) 4.74min
[fit 13/81] END reg_alpha=0.01, reg_lambda=0.05; total=4431, TP=126, TN=4210, FP=10, FN=85; precision=0.926, recall=0.597
accuracy: (test=0.979) average_precision: (test=0.774) balanced_accuracy: (test=0.797) f1: (test=0.726) roc_auc: (test=0.925) 4.69min
[fit 14/81] END reg_alpha=0.01, reg_lambda=0.1; total=4431, TP=128, TN=4211, FP=9, FN=83; precision=0.934, recall=0.607
accuracy: (test=0.979) average_precision: (test=0.776) balanced_accuracy: (test=0.802) f1: (test=0.736) roc_auc: (test=0.918) 4.67min
[fit 15/81] END reg_alpha=0.01, reg_lambda=0.5; total=4431, TP=130, TN=4211, FP=9, FN=81; precision=0.935, recall=0.616
accuracy: (test=0.980) average_precision: (test=0.767) balanced_accuracy: (test=0.807) f1: (test=0.743) roc_auc: (test=0.927) 4.82min
[fit 16/81] END reg_alpha=0.01, reg_lambda=1; total=4431, TP=132, TN=4209, FP=11, FN=79; precision=0.923, recall=0.626
accuracy: (test=0.980) average_precision: (test=0.775) balanced_accuracy: (test=0.811) f1: (test=0.746) roc_auc: (test=0.916) 4.94min
[fit 17/81] END reg_alpha=0.01, reg_lambda=2; total=4431, TP=127, TN=4212, FP=8, FN=84; precision=0.941, recall=0.602
accuracy: (test=0.979) average_precision: (test=0.774) balanced_accuracy: (test=0.800) f1: (test=0.734) roc_auc: (test=0.931) 5.14min
[fit 18/81] END reg_alpha=0.01, reg_lambda=3; total=4431, TP=133, TN=4210, FP=10, FN=78; precision=0.930, recall=0.630
accuracy: (test=0.980) average_precision: (test=0.776) balanced_accuracy: (test=0.814) f1: (test=0.751) roc_auc: (test=0.932) 5.22min
[fit 19/81] END reg_alpha=0.02, reg_lambda=0; total=4431, TP=132, TN=4209, FP=11, FN=79; precision=0.923, recall=0.626
accuracy: (test=0.980) average_precision: (test=0.777) balanced_accuracy: (test=0.811) f1: (test=0.746) roc_auc: (test=0.925) 4.69min
[fit 20/81] END reg_alpha=0.02, reg_lambda=0.01; total=4431, TP=128, TN=4206, FP=14, FN=83; precision=0.901, recall=0.607
accuracy: (test=0.978) average_precision: (test=0.770) balanced_accuracy: (test=0.802) f1: (test=0.725) roc_auc: (test=0.925) 4.70min
[fit 21/81] END reg_alpha=0.02, reg_lambda=0.02; total=4431, TP=126, TN=4209, FP=11, FN=85; precision=0.920, recall=0.597
accuracy: (test=0.978) average_precision: (test=0.767) balanced_accuracy: (test=0.797) f1: (test=0.724) roc_auc: (test=0.921) 4.72min
[fit 22/81] END reg_alpha=0.02, reg_lambda=0.05; total=4431, TP=125, TN=4208, FP=12, FN=86; precision=0.912, recall=0.592
accuracy: (test=0.978) average_precision: (test=0.779) balanced_accuracy: (test=0.795) f1: (test=0.718) roc_auc: (test=0.929) 4.73min
[fit 23/81] END reg_alpha=0.02, reg_lambda=0.1; total=4431, TP=127, TN=4207, FP=13, FN=84; precision=0.907, recall=0.602
accuracy: (test=0.978) average_precision: (test=0.779) balanced_accuracy: (test=0.799) f1: (test=0.724) roc_auc: (test=0.930) 4.70min
[fit 24/81] END reg_alpha=0.02, reg_lambda=0.5; total=4431, TP=125, TN=4209, FP=11, FN=86; precision=0.919, recall=0.592
accuracy: (test=0.978) average_precision: (test=0.772) balanced_accuracy: (test=0.795) f1: (test=0.720) roc_auc: (test=0.921) 4.82min
[fit 25/81] END reg_alpha=0.02, reg_lambda=1; total=4431, TP=130, TN=4210, FP=10, FN=81; precision=0.929, recall=0.616
accuracy: (test=0.979) average_precision: (test=0.769) balanced_accuracy: (test=0.807) f1: (test=0.741) roc_auc: (test=0.919) 4.97min
[fit 26/81] END reg_alpha=0.02, reg_lambda=2; total=4431, TP=126, TN=4211, FP=9, FN=85; precision=0.933, recall=0.597
accuracy: (test=0.979) average_precision: (test=0.773) balanced_accuracy: (test=0.798) f1: (test=0.728) roc_auc: (test=0.921) 5.16min
[fit 27/81] END reg_alpha=0.02, reg_lambda=3; total=4431, TP=130, TN=4209, FP=11, FN=81; precision=0.922, recall=0.616
accuracy: (test=0.979) average_precision: (test=0.782) balanced_accuracy: (test=0.807) f1: (test=0.739) roc_auc: (test=0.930) 5.30min
[fit 28/81] END reg_alpha=0.05, reg_lambda=0; total=4431, TP=124, TN=4209, FP=11, FN=87; precision=0.919, recall=0.588
accuracy: (test=0.978) average_precision: (test=0.762) balanced_accuracy: (test=0.793) f1: (test=0.717) roc_auc: (test=0.918) 4.77min
[fit 29/81] END reg_alpha=0.05, reg_lambda=0.01; total=4431, TP=129, TN=4210, FP=10, FN=82; precision=0.928, recall=0.611
accuracy: (test=0.979) average_precision: (test=0.768) balanced_accuracy: (test=0.805) f1: (test=0.737) roc_auc: (test=0.923) 4.77min
[fit 30/81] END reg_alpha=0.05, reg_lambda=0.02; total=4431, TP=125, TN=4210, FP=10, FN=86; precision=0.926, recall=0.592
accuracy: (test=0.978) average_precision: (test=0.774) balanced_accuracy: (test=0.795) f1: (test=0.723) roc_auc: (test=0.926) 4.72min
[fit 31/81] END reg_alpha=0.05, reg_lambda=0.05; total=4431, TP=129, TN=4210, FP=10, FN=82; precision=0.928, recall=0.611
accuracy: (test=0.979) average_precision: (test=0.779) balanced_accuracy: (test=0.805) f1: (test=0.737) roc_auc: (test=0.930) 4.78min
[fit 32/81] END reg_alpha=0.05, reg_lambda=0.1; total=4431, TP=132, TN=4209, FP=11, FN=79; precision=0.923, recall=0.626
accuracy: (test=0.980) average_precision: (test=0.771) balanced_accuracy: (test=0.811) f1: (test=0.746) roc_auc: (test=0.926) 4.78min
[fit 33/81] END reg_alpha=0.05, reg_lambda=0.5; total=4431, TP=126, TN=4208, FP=12, FN=85; precision=0.913, recall=0.597
accuracy: (test=0.978) average_precision: (test=0.776) balanced_accuracy: (test=0.797) f1: (test=0.722) roc_auc: (test=0.930) 4.92min
[fit 34/81] END reg_alpha=0.05, reg_lambda=1; total=4431, TP=127, TN=4207, FP=13, FN=84; precision=0.907, recall=0.602
accuracy: (test=0.978) average_precision: (test=0.769) balanced_accuracy: (test=0.799) f1: (test=0.724) roc_auc: (test=0.916) 5.00min
[fit 35/81] END reg_alpha=0.05, reg_lambda=2; total=4431, TP=123, TN=4207, FP=13, FN=88; precision=0.904, recall=0.583
accuracy: (test=0.977) average_precision: (test=0.770) balanced_accuracy: (test=0.790) f1: (test=0.709) roc_auc: (test=0.924) 5.17min
[fit 36/81] END reg_alpha=0.05, reg_lambda=3; total=4431, TP=128, TN=4209, FP=11, FN=83; precision=0.921, recall=0.607
accuracy: (test=0.979) average_precision: (test=0.779) balanced_accuracy: (test=0.802) f1: (test=0.731) roc_auc: (test=0.927) 5.31min
[fit 37/81] END reg_alpha=0.1, reg_lambda=0; total=4431, TP=130, TN=4208, FP=12, FN=81; precision=0.915, recall=0.616
accuracy: (test=0.979) average_precision: (test=0.777) balanced_accuracy: (test=0.807) f1: (test=0.737) roc_auc: (test=0.922) 4.88min
[fit 38/81] END reg_alpha=0.1, reg_lambda=0.01; total=4431, TP=130, TN=4209, FP=11, FN=81; precision=0.922, recall=0.616
accuracy: (test=0.979) average_precision: (test=0.779) balanced_accuracy: (test=0.807) f1: (test=0.739) roc_auc: (test=0.921) 4.86min
[fit 39/81] END reg_alpha=0.1, reg_lambda=0.02; total=4431, TP=126, TN=4210, FP=10, FN=85; precision=0.926, recall=0.597
accuracy: (test=0.979) average_precision: (test=0.775) balanced_accuracy: (test=0.797) f1: (test=0.726) roc_auc: (test=0.915) 4.80min
[fit 40/81] END reg_alpha=0.1, reg_lambda=0.05; total=4431, TP=131, TN=4208, FP=12, FN=80; precision=0.916, recall=0.621
accuracy: (test=0.979) average_precision: (test=0.784) balanced_accuracy: (test=0.809) f1: (test=0.740) roc_auc: (test=0.929) 4.85min
[fit 41/81] END reg_alpha=0.1, reg_lambda=0.1; total=4431, TP=126, TN=4205, FP=15, FN=85; precision=0.894, recall=0.597
accuracy: (test=0.977) average_precision: (test=0.774) balanced_accuracy: (test=0.797) f1: (test=0.716) roc_auc: (test=0.919) 4.86min
[fit 42/81] END reg_alpha=0.1, reg_lambda=0.5; total=4431, TP=129, TN=4210, FP=10, FN=82; precision=0.928, recall=0.611
accuracy: (test=0.979) average_precision: (test=0.772) balanced_accuracy: (test=0.805) f1: (test=0.737) roc_auc: (test=0.921) 4.97min
[fit 43/81] END reg_alpha=0.1, reg_lambda=1; total=4431, TP=126, TN=4208, FP=12, FN=85; precision=0.913, recall=0.597
accuracy: (test=0.978) average_precision: (test=0.770) balanced_accuracy: (test=0.797) f1: (test=0.722) roc_auc: (test=0.925) 5.12min
[fit 44/81] END reg_alpha=0.1, reg_lambda=2; total=4431, TP=127, TN=4211, FP=9, FN=84; precision=0.934, recall=0.602
accuracy: (test=0.979) average_precision: (test=0.780) balanced_accuracy: (test=0.800) f1: (test=0.732) roc_auc: (test=0.928) 5.26min
[fit 45/81] END reg_alpha=0.1, reg_lambda=3; total=4431, TP=128, TN=4209, FP=11, FN=83; precision=0.921, recall=0.607
accuracy: (test=0.979) average_precision: (test=0.776) balanced_accuracy: (test=0.802) f1: (test=0.731) roc_auc: (test=0.921) 5.38min
[fit 46/81] END reg_alpha=0.5, reg_lambda=0; total=4431, TP=128, TN=4207, FP=13, FN=83; precision=0.908, recall=0.607
accuracy: (test=0.978) average_precision: (test=0.777) balanced_accuracy: (test=0.802) f1: (test=0.727) roc_auc: (test=0.923) 5.27min
[fit 47/81] END reg_alpha=0.5, reg_lambda=0.01; total=4431, TP=131, TN=4207, FP=13, FN=80; precision=0.910, recall=0.621
accuracy: (test=0.979) average_precision: (test=0.775) balanced_accuracy: (test=0.809) f1: (test=0.738) roc_auc: (test=0.925) 5.28min
[fit 48/81] END reg_alpha=0.5, reg_lambda=0.02; total=4431, TP=129, TN=4212, FP=8, FN=82; precision=0.942, recall=0.611
accuracy: (test=0.980) average_precision: (test=0.782) balanced_accuracy: (test=0.805) f1: (test=0.741) roc_auc: (test=0.930) 5.27min
[fit 49/81] END reg_alpha=0.5, reg_lambda=0.05; total=4431, TP=128, TN=4212, FP=8, FN=83; precision=0.941, recall=0.607
accuracy: (test=0.979) average_precision: (test=0.776) balanced_accuracy: (test=0.802) f1: (test=0.738) roc_auc: (test=0.921) 5.47min
[fit 50/81] END reg_alpha=0.5, reg_lambda=0.1; total=4431, TP=131, TN=4208, FP=12, FN=80; precision=0.916, recall=0.621
accuracy: (test=0.979) average_precision: (test=0.781) balanced_accuracy: (test=0.809) f1: (test=0.740) roc_auc: (test=0.927) 5.41min
[fit 51/81] END reg_alpha=0.5, reg_lambda=0.5; total=4431, TP=129, TN=4208, FP=12, FN=82; precision=0.915, recall=0.611
accuracy: (test=0.979) average_precision: (test=0.780) balanced_accuracy: (test=0.804) f1: (test=0.733) roc_auc: (test=0.934) 5.50min
[fit 52/81] END reg_alpha=0.5, reg_lambda=1; total=4431, TP=131, TN=4211, FP=9, FN=80; precision=0.936, recall=0.621
accuracy: (test=0.980) average_precision: (test=0.771) balanced_accuracy: (test=0.809) f1: (test=0.746) roc_auc: (test=0.920) 5.60min
[fit 53/81] END reg_alpha=0.5, reg_lambda=2; total=4431, TP=129, TN=4212, FP=8, FN=82; precision=0.942, recall=0.611
accuracy: (test=0.980) average_precision: (test=0.783) balanced_accuracy: (test=0.805) f1: (test=0.741) roc_auc: (test=0.927) 5.66min
[fit 54/81] END reg_alpha=0.5, reg_lambda=3; total=4431, TP=129, TN=4207, FP=13, FN=82; precision=0.908, recall=0.611
accuracy: (test=0.979) average_precision: (test=0.770) balanced_accuracy: (test=0.804) f1: (test=0.731) roc_auc: (test=0.926) 5.75min
[fit 55/81] END reg_alpha=1, reg_lambda=0; total=4431, TP=126, TN=4211, FP=9, FN=85; precision=0.933, recall=0.597
accuracy: (test=0.979) average_precision: (test=0.772) balanced_accuracy: (test=0.798) f1: (test=0.728) roc_auc: (test=0.928) 5.44min
[fit 56/81] END reg_alpha=1, reg_lambda=0.01; total=4431, TP=130, TN=4206, FP=14, FN=81; precision=0.903, recall=0.616
accuracy: (test=0.979) average_precision: (test=0.766) balanced_accuracy: (test=0.806) f1: (test=0.732) roc_auc: (test=0.921) 5.45min
[fit 57/81] END reg_alpha=1, reg_lambda=0.02; total=4431, TP=132, TN=4206, FP=14, FN=79; precision=0.904, recall=0.626
accuracy: (test=0.979) average_precision: (test=0.775) balanced_accuracy: (test=0.811) f1: (test=0.739) roc_auc: (test=0.919) 5.45min
[fit 58/81] END reg_alpha=1, reg_lambda=0.05; total=4431, TP=126, TN=4205, FP=15, FN=85; precision=0.894, recall=0.597
accuracy: (test=0.977) average_precision: (test=0.771) balanced_accuracy: (test=0.797) f1: (test=0.716) roc_auc: (test=0.925) 5.47min
[fit 59/81] END reg_alpha=1, reg_lambda=0.1; total=4431, TP=129, TN=4205, FP=15, FN=82; precision=0.896, recall=0.611
accuracy: (test=0.978) average_precision: (test=0.763) balanced_accuracy: (test=0.804) f1: (test=0.727) roc_auc: (test=0.917) 5.62min
[fit 60/81] END reg_alpha=1, reg_lambda=0.5; total=4431, TP=131, TN=4204, FP=16, FN=80; precision=0.891, recall=0.621
accuracy: (test=0.978) average_precision: (test=0.769) balanced_accuracy: (test=0.809) f1: (test=0.732) roc_auc: (test=0.919) 5.55min
[fit 61/81] END reg_alpha=1, reg_lambda=1; total=4431, TP=128, TN=4207, FP=13, FN=83; precision=0.908, recall=0.607
accuracy: (test=0.978) average_precision: (test=0.766) balanced_accuracy: (test=0.802) f1: (test=0.727) roc_auc: (test=0.930) 5.65min
[fit 62/81] END reg_alpha=1, reg_lambda=2; total=4431, TP=127, TN=4206, FP=14, FN=84; precision=0.901, recall=0.602
accuracy: (test=0.978) average_precision: (test=0.776) balanced_accuracy: (test=0.799) f1: (test=0.722) roc_auc: (test=0.930) 5.67min
[fit 63/81] END reg_alpha=1, reg_lambda=3; total=4431, TP=130, TN=4210, FP=10, FN=81; precision=0.929, recall=0.616
accuracy: (test=0.979) average_precision: (test=0.766) balanced_accuracy: (test=0.807) f1: (test=0.741) roc_auc: (test=0.923) 5.81min
[fit 64/81] END reg_alpha=2, reg_lambda=0; total=4431, TP=134, TN=4210, FP=10, FN=77; precision=0.931, recall=0.635
accuracy: (test=0.980) average_precision: (test=0.784) balanced_accuracy: (test=0.816) f1: (test=0.755) roc_auc: (test=0.928) 5.53min
[fit 65/81] END reg_alpha=2, reg_lambda=0.01; total=4431, TP=127, TN=4204, FP=16, FN=84; precision=0.888, recall=0.602
accuracy: (test=0.977) average_precision: (test=0.772) balanced_accuracy: (test=0.799) f1: (test=0.718) roc_auc: (test=0.931) 5.56min
[fit 66/81] END reg_alpha=2, reg_lambda=0.02; total=4431, TP=125, TN=4205, FP=15, FN=86; precision=0.893, recall=0.592
accuracy: (test=0.977) average_precision: (test=0.769) balanced_accuracy: (test=0.794) f1: (test=0.712) roc_auc: (test=0.925) 5.59min
[fit 67/81] END reg_alpha=2, reg_lambda=0.05; total=4431, TP=129, TN=4207, FP=13, FN=82; precision=0.908, recall=0.611
accuracy: (test=0.979) average_precision: (test=0.779) balanced_accuracy: (test=0.804) f1: (test=0.731) roc_auc: (test=0.938) 5.56min
[fit 68/81] END reg_alpha=2, reg_lambda=0.1; total=4431, TP=129, TN=4208, FP=12, FN=82; precision=0.915, recall=0.611
accuracy: (test=0.979) average_precision: (test=0.767) balanced_accuracy: (test=0.804) f1: (test=0.733) roc_auc: (test=0.928) 5.55min
[fit 69/81] END reg_alpha=2, reg_lambda=0.5; total=4431, TP=127, TN=4205, FP=15, FN=84; precision=0.894, recall=0.602
accuracy: (test=0.978) average_precision: (test=0.773) balanced_accuracy: (test=0.799) f1: (test=0.720) roc_auc: (test=0.933) 5.56min
[fit 70/81] END reg_alpha=2, reg_lambda=1; total=4431, TP=131, TN=4209, FP=11, FN=80; precision=0.923, recall=0.621
accuracy: (test=0.979) average_precision: (test=0.778) balanced_accuracy: (test=0.809) f1: (test=0.742) roc_auc: (test=0.925) 5.67min
[fit 71/81] END reg_alpha=2, reg_lambda=2; total=4431, TP=129, TN=4205, FP=15, FN=82; precision=0.896, recall=0.611
accuracy: (test=0.978) average_precision: (test=0.780) balanced_accuracy: (test=0.804) f1: (test=0.727) roc_auc: (test=0.930) 5.80min
[fit 72/81] END reg_alpha=2, reg_lambda=3; total=4431, TP=131, TN=4209, FP=11, FN=80; precision=0.923, recall=0.621
accuracy: (test=0.979) average_precision: (test=0.773) balanced_accuracy: (test=0.809) f1: (test=0.742) roc_auc: (test=0.922) 5.92min
[fit 73/81] END reg_alpha=3, reg_lambda=0; total=4431, TP=125, TN=4207, FP=13, FN=86; precision=0.906, recall=0.592
accuracy: (test=0.978) average_precision: (test=0.775) balanced_accuracy: (test=0.795) f1: (test=0.716) roc_auc: (test=0.929) 5.38min
[fit 74/81] END reg_alpha=3, reg_lambda=0.01; total=4431, TP=127, TN=4209, FP=11, FN=84; precision=0.920, recall=0.602
accuracy: (test=0.979) average_precision: (test=0.779) balanced_accuracy: (test=0.800) f1: (test=0.728) roc_auc: (test=0.929) 5.40min
[fit 75/81] END reg_alpha=3, reg_lambda=0.02; total=4431, TP=130, TN=4205, FP=15, FN=81; precision=0.897, recall=0.616
accuracy: (test=0.978) average_precision: (test=0.774) balanced_accuracy: (test=0.806) f1: (test=0.730) roc_auc: (test=0.926) 5.41min
[fit 76/81] END reg_alpha=3, reg_lambda=0.05; total=4431, TP=129, TN=4204, FP=16, FN=82; precision=0.890, recall=0.611
accuracy: (test=0.978) average_precision: (test=0.780) balanced_accuracy: (test=0.804) f1: (test=0.725) roc_auc: (test=0.922) 5.35min
[fit 77/81] END reg_alpha=3, reg_lambda=0.1; total=4431, TP=130, TN=4202, FP=18, FN=81; precision=0.878, recall=0.616
accuracy: (test=0.978) average_precision: (test=0.783) balanced_accuracy: (test=0.806) f1: (test=0.724) roc_auc: (test=0.940) 5.37min
[fit 78/81] END reg_alpha=3, reg_lambda=0.5; total=4431, TP=129, TN=4206, FP=14, FN=82; precision=0.902, recall=0.611
accuracy: (test=0.978) average_precision: (test=0.774) balanced_accuracy: (test=0.804) f1: (test=0.729) roc_auc: (test=0.928) 5.38min
[fit 79/81] END reg_alpha=3, reg_lambda=1; total=4431, TP=132, TN=4206, FP=14, FN=79; precision=0.904, recall=0.626
accuracy: (test=0.979) average_precision: (test=0.772) balanced_accuracy: (test=0.811) f1: (test=0.739) roc_auc: (test=0.926) 5.50min
[fit 80/81] END reg_alpha=3, reg_lambda=2; total=4431, TP=133, TN=4205, FP=15, FN=78; precision=0.899, recall=0.630
accuracy: (test=0.979) average_precision: (test=0.772) balanced_accuracy: (test=0.813) f1: (test=0.741) roc_auc: (test=0.933) 5.64min
[fit 81/81] END reg_alpha=3, reg_lambda=3; total=4431, TP=128, TN=4207, FP=13, FN=83; precision=0.908, recall=0.607
accuracy: (test=0.978) average_precision: (test=0.779) balanced_accuracy: (test=0.802) f1: (test=0.727) roc_auc: (test=0.924) 5.75min
clf.best_estimator_params: {'reg_alpha': 3, 'reg_lambda': 0.1}
best params found in line [78] for metric [roc_auc] in rank file
best params found in fit [77] for metric [roc_auc] in run_and_score file
clf.best_scoring_result: [Total: (test=4431) TP: (test=130.000) TN: (test=4202.000) FP: (test=18.000) FN: (test=81.000) precision: (test=0.878) recall: (test=0.616) accuracy: (test=0.978) average_precision: (test=0.783) balanced_accuracy: (test=0.806) f1: (test=0.724) roc_auc: (test=0.940) ]
write rank test to csv!!!
../../ex/epivan/base/pseknc_II_lam5_w1_k6_n3_xgboost_base/rank/GM12878_rank_rank_5_2080ti.csv write over!!!
第六次
{'objective': 'binary:logistic', 'use_label_encoder': False, 'base_score': None, 'booster': None, 'colsample_bylevel': None, 'colsample_bynode': None, 'colsample_bytree': 0.6, 'gamma': 0, 'gpu_id': None, 'importance_type': 'gain', 'interaction_constraints': None, 'learning_rate': 0.1, 'max_delta_step': None, 'max_depth': 10, 'min_child_weight': 3, 'missing': nan, 'monotone_constraints': None, 'n_estimators': 800, 'n_jobs': None, 'num_parallel_tree': None, 'random_state': None, 'reg_alpha': 3, 'reg_lambda': 0.1, 'scale_pos_weight': None, 'subsample': 0.8, 'tree_method': 'gpu_hist', 'validate_parameters': None, 'verbosity': None, 'seed': 0, 'eval_metric': 'logloss'}
Fitting, totalling 9 fits
[fit 1/9] END learning_rate=0.001; total=4431, TP=150, TN=4055, FP=165, FN=61; precision=0.476, recall=0.711
accuracy: (test=0.949) average_precision: (test=0.595) balanced_accuracy: (test=0.836) f1: (test=0.570) roc_auc: (test=0.902) 14.40min
[fit 2/9] END learning_rate=0.01; total=4431, TP=134, TN=4181, FP=39, FN=77; precision=0.775, recall=0.635
accuracy: (test=0.974) average_precision: (test=0.760) balanced_accuracy: (test=0.813) f1: (test=0.698) roc_auc: (test=0.928) 13.42min
[fit 3/9] END learning_rate=0.05; total=4431, TP=131, TN=4205, FP=15, FN=80; precision=0.897, recall=0.621
accuracy: (test=0.979) average_precision: (test=0.777) balanced_accuracy: (test=0.809) f1: (test=0.734) roc_auc: (test=0.931) 7.71min
[fit 4/9] END learning_rate=0.07; total=4431, TP=128, TN=4205, FP=15, FN=83; precision=0.895, recall=0.607
accuracy: (test=0.978) average_precision: (test=0.774) balanced_accuracy: (test=0.802) f1: (test=0.723) roc_auc: (test=0.930) 6.56min
[fit 5/9] END learning_rate=0.1; total=4431, TP=130, TN=4202, FP=18, FN=81; precision=0.878, recall=0.616
accuracy: (test=0.978) average_precision: (test=0.783) balanced_accuracy: (test=0.806) f1: (test=0.724) roc_auc: (test=0.940) 5.36min
[fit 6/9] END learning_rate=0.2; total=4431, TP=133, TN=4202, FP=18, FN=78; precision=0.881, recall=0.630
accuracy: (test=0.978) average_precision: (test=0.762) balanced_accuracy: (test=0.813) f1: (test=0.735) roc_auc: (test=0.926) 3.43min
[fit 7/9] END learning_rate=0.5; total=4431, TP=130, TN=4189, FP=31, FN=81; precision=0.807, recall=0.616
accuracy: (test=0.975) average_precision: (test=0.712) balanced_accuracy: (test=0.804) f1: (test=0.699) roc_auc: (test=0.912) 2.23min
[fit 8/9] END learning_rate=0.75; total=4431, TP=124, TN=4183, FP=37, FN=87; precision=0.770, recall=0.588
accuracy: (test=0.972) average_precision: (test=0.694) balanced_accuracy: (test=0.789) f1: (test=0.667) roc_auc: (test=0.897) 1.96min
[fit 9/9] END learning_rate=1.0; total=4431, TP=123, TN=4144, FP=76, FN=88; precision=0.618, recall=0.583
accuracy: (test=0.963) average_precision: (test=0.653) balanced_accuracy: (test=0.782) f1: (test=0.600) roc_auc: (test=0.893) 1.78min
clf.best_estimator_params: {'learning_rate': 0.1}
best params found in line [6] for metric [roc_auc] in rank file
best params found in fit [5] for metric [roc_auc] in run_and_score file
clf.best_scoring_result: [Total: (test=4431) TP: (test=130.000) TN: (test=4202.000) FP: (test=18.000) FN: (test=81.000) precision: (test=0.878) recall: (test=0.616) accuracy: (test=0.978) average_precision: (test=0.783) balanced_accuracy: (test=0.806) f1: (test=0.724) roc_auc: (test=0.940) ]
write rank test to csv!!!
../../ex/epivan/base/pseknc_II_lam5_w1_k6_n3_xgboost_base/rank/GM12878_rank_rank_6_2080ti.csv write over!!!
total time spending: 14h 24m 59s
best_params_result: {'n_estimators': 800, 'max_depth': 10, 'min_child_weight': 3, 'gamma': 0, 'colsample_bytree': 0.6, 'subsample': 0.8, 'reg_alpha': 3, 'reg_lambda': 0.1, 'learning_rate': 0.1}
