nohup: ignoring input
../../ex/epivan/base/tpcp_rf_base created !!!
../../ex/epivan/base/tpcp_rf_base/rank created !!!
experiment: GM12878 tpcp_rf
trainSet len:[X=76020,y=76020]
testSet len:[X=4431,y=4431]
第一次
{'bootstrap': True, 'ccp_alpha': 0.0, 'class_weight': None, 'criterion': 'gini', 'max_depth': None, 'max_features': 'auto', 'max_leaf_nodes': None, 'max_samples': None, 'min_impurity_decrease': 0.0, 'min_impurity_split': None, 'min_samples_leaf': 1, 'min_samples_split': 2, 'min_weight_fraction_leaf': 0.0, 'n_estimators': 100, 'n_jobs': 5, 'oob_score': False, 'random_state': None, 'verbose': 0, 'warm_start': False}
Fitting, totalling 34 fits
[fit 1/34] END n_estimators=10; total=4431, TP=117, TN=4150, FP=70, FN=94; precision=0.626, recall=0.555
accuracy: (test=0.963) average_precision: (test=0.548) balanced_accuracy: (test=0.769) f1: (test=0.588) roc_auc: (test=0.850) 4.67s
[fit 2/34] END n_estimators=20; total=4431, TP=118, TN=4163, FP=57, FN=93; precision=0.674, recall=0.559
accuracy: (test=0.966) average_precision: (test=0.622) balanced_accuracy: (test=0.773) f1: (test=0.611) roc_auc: (test=0.883) 7.14s
[fit 3/34] END n_estimators=30; total=4431, TP=126, TN=4164, FP=56, FN=85; precision=0.692, recall=0.597
accuracy: (test=0.968) average_precision: (test=0.661) balanced_accuracy: (test=0.792) f1: (test=0.641) roc_auc: (test=0.894) 9.31s
[fit 4/34] END n_estimators=40; total=4431, TP=126, TN=4176, FP=44, FN=85; precision=0.741, recall=0.597
accuracy: (test=0.971) average_precision: (test=0.679) balanced_accuracy: (test=0.793) f1: (test=0.661) roc_auc: (test=0.905) 12.55s
[fit 5/34] END n_estimators=50; total=4431, TP=130, TN=4176, FP=44, FN=81; precision=0.747, recall=0.616
accuracy: (test=0.972) average_precision: (test=0.696) balanced_accuracy: (test=0.803) f1: (test=0.675) roc_auc: (test=0.902) 16.99s
[fit 6/34] END n_estimators=60; total=4431, TP=124, TN=4178, FP=42, FN=87; precision=0.747, recall=0.588
accuracy: (test=0.971) average_precision: (test=0.694) balanced_accuracy: (test=0.789) f1: (test=0.658) roc_auc: (test=0.903) 21.96s
[fit 7/34] END n_estimators=70; total=4431, TP=128, TN=4177, FP=43, FN=83; precision=0.749, recall=0.607
accuracy: (test=0.972) average_precision: (test=0.696) balanced_accuracy: (test=0.798) f1: (test=0.670) roc_auc: (test=0.901) 26.82s
[fit 8/34] END n_estimators=80; total=4431, TP=128, TN=4183, FP=37, FN=83; precision=0.776, recall=0.607
accuracy: (test=0.973) average_precision: (test=0.703) balanced_accuracy: (test=0.799) f1: (test=0.681) roc_auc: (test=0.909) 26.03s
[fit 9/34] END n_estimators=90; total=4431, TP=127, TN=4175, FP=45, FN=84; precision=0.738, recall=0.602
accuracy: (test=0.971) average_precision: (test=0.702) balanced_accuracy: (test=0.796) f1: (test=0.663) roc_auc: (test=0.909) 36.01s
[fit 10/34] END n_estimators=100; total=4431, TP=128, TN=4177, FP=43, FN=83; precision=0.749, recall=0.607
accuracy: (test=0.972) average_precision: (test=0.706) balanced_accuracy: (test=0.798) f1: (test=0.670) roc_auc: (test=0.908) 39.60s
[fit 11/34] END n_estimators=110; total=4431, TP=127, TN=4170, FP=50, FN=84; precision=0.718, recall=0.602
accuracy: (test=0.970) average_precision: (test=0.705) balanced_accuracy: (test=0.795) f1: (test=0.655) roc_auc: (test=0.905) 44.76s
[fit 12/34] END n_estimators=120; total=4431, TP=127, TN=4177, FP=43, FN=84; precision=0.747, recall=0.602
accuracy: (test=0.971) average_precision: (test=0.695) balanced_accuracy: (test=0.796) f1: (test=0.667) roc_auc: (test=0.905) 47.54s
[fit 13/34] END n_estimators=130; total=4431, TP=124, TN=4175, FP=45, FN=87; precision=0.734, recall=0.588
accuracy: (test=0.970) average_precision: (test=0.708) balanced_accuracy: (test=0.789) f1: (test=0.653) roc_auc: (test=0.910) 52.19s
[fit 14/34] END n_estimators=140; total=4431, TP=127, TN=4180, FP=40, FN=84; precision=0.760, recall=0.602
accuracy: (test=0.972) average_precision: (test=0.711) balanced_accuracy: (test=0.796) f1: (test=0.672) roc_auc: (test=0.909) 57.43s
[fit 15/34] END n_estimators=150; total=4431, TP=130, TN=4176, FP=44, FN=81; precision=0.747, recall=0.616
accuracy: (test=0.972) average_precision: (test=0.703) balanced_accuracy: (test=0.803) f1: (test=0.675) roc_auc: (test=0.905) 1.05min
[fit 16/34] END n_estimators=160; total=4431, TP=130, TN=4170, FP=50, FN=81; precision=0.722, recall=0.616
accuracy: (test=0.970) average_precision: (test=0.716) balanced_accuracy: (test=0.802) f1: (test=0.665) roc_auc: (test=0.910) 1.06min
[fit 17/34] END n_estimators=170; total=4431, TP=129, TN=4181, FP=39, FN=82; precision=0.768, recall=0.611
accuracy: (test=0.973) average_precision: (test=0.717) balanced_accuracy: (test=0.801) f1: (test=0.681) roc_auc: (test=0.912) 1.20min
[fit 18/34] END n_estimators=180; total=4431, TP=129, TN=4177, FP=43, FN=82; precision=0.750, recall=0.611
accuracy: (test=0.972) average_precision: (test=0.710) balanced_accuracy: (test=0.801) f1: (test=0.674) roc_auc: (test=0.909) 1.26min
[fit 19/34] END n_estimators=190; total=4431, TP=124, TN=4180, FP=40, FN=87; precision=0.756, recall=0.588
accuracy: (test=0.971) average_precision: (test=0.713) balanced_accuracy: (test=0.789) f1: (test=0.661) roc_auc: (test=0.909) 1.33min
[fit 20/34] END n_estimators=200; total=4431, TP=129, TN=4176, FP=44, FN=82; precision=0.746, recall=0.611
accuracy: (test=0.972) average_precision: (test=0.717) balanced_accuracy: (test=0.800) f1: (test=0.672) roc_auc: (test=0.911) 1.39min
[fit 21/34] END n_estimators=210; total=4431, TP=126, TN=4172, FP=48, FN=85; precision=0.724, recall=0.597
accuracy: (test=0.970) average_precision: (test=0.717) balanced_accuracy: (test=0.793) f1: (test=0.655) roc_auc: (test=0.912) 1.42min
[fit 22/34] END n_estimators=220; total=4431, TP=125, TN=4176, FP=44, FN=86; precision=0.740, recall=0.592
accuracy: (test=0.971) average_precision: (test=0.708) balanced_accuracy: (test=0.791) f1: (test=0.658) roc_auc: (test=0.911) 1.49min
[fit 23/34] END n_estimators=230; total=4431, TP=128, TN=4182, FP=38, FN=83; precision=0.771, recall=0.607
accuracy: (test=0.973) average_precision: (test=0.713) balanced_accuracy: (test=0.799) f1: (test=0.679) roc_auc: (test=0.911) 1.41min
[fit 24/34] END n_estimators=240; total=4431, TP=128, TN=4175, FP=45, FN=83; precision=0.740, recall=0.607
accuracy: (test=0.971) average_precision: (test=0.719) balanced_accuracy: (test=0.798) f1: (test=0.667) roc_auc: (test=0.907) 1.59min
[fit 25/34] END n_estimators=250; total=4431, TP=128, TN=4174, FP=46, FN=83; precision=0.736, recall=0.607
accuracy: (test=0.971) average_precision: (test=0.717) balanced_accuracy: (test=0.798) f1: (test=0.665) roc_auc: (test=0.918) 1.67min
[fit 26/34] END n_estimators=260; total=4431, TP=129, TN=4175, FP=45, FN=82; precision=0.741, recall=0.611
accuracy: (test=0.971) average_precision: (test=0.718) balanced_accuracy: (test=0.800) f1: (test=0.670) roc_auc: (test=0.915) 1.73min
[fit 27/34] END n_estimators=270; total=4431, TP=129, TN=4176, FP=44, FN=82; precision=0.746, recall=0.611
accuracy: (test=0.972) average_precision: (test=0.713) balanced_accuracy: (test=0.800) f1: (test=0.672) roc_auc: (test=0.913) 1.79min
[fit 28/34] END n_estimators=280; total=4431, TP=130, TN=4176, FP=44, FN=81; precision=0.747, recall=0.616
accuracy: (test=0.972) average_precision: (test=0.719) balanced_accuracy: (test=0.803) f1: (test=0.675) roc_auc: (test=0.915) 1.85min
[fit 29/34] END n_estimators=290; total=4431, TP=128, TN=4180, FP=40, FN=83; precision=0.762, recall=0.607
accuracy: (test=0.972) average_precision: (test=0.717) balanced_accuracy: (test=0.799) f1: (test=0.675) roc_auc: (test=0.913) 1.98min
[fit 30/34] END n_estimators=300; total=4431, TP=127, TN=4173, FP=47, FN=84; precision=0.730, recall=0.602
accuracy: (test=0.970) average_precision: (test=0.714) balanced_accuracy: (test=0.795) f1: (test=0.660) roc_auc: (test=0.911) 2.06min
[fit 31/34] END n_estimators=310; total=4431, TP=126, TN=4173, FP=47, FN=85; precision=0.728, recall=0.597
accuracy: (test=0.970) average_precision: (test=0.714) balanced_accuracy: (test=0.793) f1: (test=0.656) roc_auc: (test=0.906) 2.07min
[fit 32/34] END n_estimators=320; total=4431, TP=129, TN=4176, FP=44, FN=82; precision=0.746, recall=0.611
accuracy: (test=0.972) average_precision: (test=0.710) balanced_accuracy: (test=0.800) f1: (test=0.672) roc_auc: (test=0.912) 2.06min
[fit 33/34] END n_estimators=330; total=4431, TP=127, TN=4177, FP=43, FN=84; precision=0.747, recall=0.602
accuracy: (test=0.971) average_precision: (test=0.718) balanced_accuracy: (test=0.796) f1: (test=0.667) roc_auc: (test=0.910) 2.19min
[fit 34/34] END n_estimators=340; total=4431, TP=125, TN=4176, FP=44, FN=86; precision=0.740, recall=0.592
accuracy: (test=0.971) average_precision: (test=0.720) balanced_accuracy: (test=0.791) f1: (test=0.658) roc_auc: (test=0.912) 2.27min
clf.best_estimator_params: {'n_estimators': 250}
best params found in line [26] for metric [roc_auc] in rank file
best params found in fit [25] for metric [roc_auc] in run_and_score file
clf.best_scoring_result: [Total: (test=4431) TP: (test=128.000) TN: (test=4174.000) FP: (test=46.000) FN: (test=83.000) precision: (test=0.736) recall: (test=0.607) accuracy: (test=0.971) average_precision: (test=0.717) balanced_accuracy: (test=0.798) f1: (test=0.665) roc_auc: (test=0.918) ]
write rank test to csv!!!
../../ex/epivan/base/tpcp_rf_base/rank/GM12878_tpcp_rf_base_rank_1_3090.csv write over!!!
第二次
{'bootstrap': True, 'ccp_alpha': 0.0, 'class_weight': None, 'criterion': 'gini', 'max_depth': None, 'max_features': 'auto', 'max_leaf_nodes': None, 'max_samples': None, 'min_impurity_decrease': 0.0, 'min_impurity_split': None, 'min_samples_leaf': 1, 'min_samples_split': 2, 'min_weight_fraction_leaf': 0.0, 'n_estimators': 250, 'n_jobs': 5, 'oob_score': False, 'random_state': None, 'verbose': 0, 'warm_start': False}
Fitting, totalling 150 fits
[fit 1/150] END max_depth=None; total=4431, TP=129, TN=4178, FP=42, FN=82; precision=0.754, recall=0.611
accuracy: (test=0.972) average_precision: (test=0.713) balanced_accuracy: (test=0.801) f1: (test=0.675) roc_auc: (test=0.909) 1.75min
[fit 2/150] END max_depth=1; total=4431, TP=142, TN=1578, FP=2642, FN=69; precision=0.051, recall=0.673
accuracy: (test=0.388) average_precision: (test=0.066) balanced_accuracy: (test=0.523) f1: (test=0.095) roc_auc: (test=0.561) 9.98s
[fit 3/150] END max_depth=2; total=4431, TP=123, TN=2285, FP=1935, FN=88; precision=0.060, recall=0.583
accuracy: (test=0.543) average_precision: (test=0.075) balanced_accuracy: (test=0.562) f1: (test=0.108) roc_auc: (test=0.582) 16.79s
[fit 4/150] END max_depth=3; total=4431, TP=117, TN=2425, FP=1795, FN=94; precision=0.061, recall=0.555
accuracy: (test=0.574) average_precision: (test=0.085) balanced_accuracy: (test=0.565) f1: (test=0.110) roc_auc: (test=0.603) 21.80s
[fit 5/150] END max_depth=4; total=4431, TP=124, TN=2633, FP=1587, FN=87; precision=0.072, recall=0.588
accuracy: (test=0.622) average_precision: (test=0.110) balanced_accuracy: (test=0.606) f1: (test=0.129) roc_auc: (test=0.632) 28.42s
[fit 6/150] END max_depth=5; total=4431, TP=122, TN=2817, FP=1403, FN=89; precision=0.080, recall=0.578
accuracy: (test=0.663) average_precision: (test=0.143) balanced_accuracy: (test=0.623) f1: (test=0.141) roc_auc: (test=0.666) 32.44s
[fit 7/150] END max_depth=6; total=4431, TP=121, TN=3031, FP=1189, FN=90; precision=0.092, recall=0.573
accuracy: (test=0.711) average_precision: (test=0.181) balanced_accuracy: (test=0.646) f1: (test=0.159) roc_auc: (test=0.706) 35.53s
[fit 8/150] END max_depth=7; total=4431, TP=124, TN=3267, FP=953, FN=87; precision=0.115, recall=0.588
accuracy: (test=0.765) average_precision: (test=0.233) balanced_accuracy: (test=0.681) f1: (test=0.193) roc_auc: (test=0.746) 41.79s
[fit 9/150] END max_depth=8; total=4431, TP=123, TN=3468, FP=752, FN=88; precision=0.141, recall=0.583
accuracy: (test=0.810) average_precision: (test=0.286) balanced_accuracy: (test=0.702) f1: (test=0.227) roc_auc: (test=0.775) 47.99s
[fit 10/150] END max_depth=9; total=4431, TP=125, TN=3633, FP=587, FN=86; precision=0.176, recall=0.592
accuracy: (test=0.848) average_precision: (test=0.329) balanced_accuracy: (test=0.727) f1: (test=0.271) roc_auc: (test=0.802) 56.61s
[fit 11/150] END max_depth=10; total=4431, TP=127, TN=3822, FP=398, FN=84; precision=0.242, recall=0.602
accuracy: (test=0.891) average_precision: (test=0.395) balanced_accuracy: (test=0.754) f1: (test=0.345) roc_auc: (test=0.834) 58.71s
[fit 12/150] END max_depth=11; total=4431, TP=128, TN=3934, FP=286, FN=83; precision=0.309, recall=0.607
accuracy: (test=0.917) average_precision: (test=0.445) balanced_accuracy: (test=0.769) f1: (test=0.410) roc_auc: (test=0.859) 58.36s
[fit 13/150] END max_depth=12; total=4431, TP=130, TN=3991, FP=229, FN=81; precision=0.362, recall=0.616
accuracy: (test=0.930) average_precision: (test=0.489) balanced_accuracy: (test=0.781) f1: (test=0.456) roc_auc: (test=0.868) 1.20min
[fit 14/150] END max_depth=13; total=4431, TP=136, TN=4045, FP=175, FN=75; precision=0.437, recall=0.645
accuracy: (test=0.944) average_precision: (test=0.533) balanced_accuracy: (test=0.802) f1: (test=0.521) roc_auc: (test=0.875) 1.14min
[fit 15/150] END max_depth=14; total=4431, TP=131, TN=4091, FP=129, FN=80; precision=0.504, recall=0.621
accuracy: (test=0.953) average_precision: (test=0.571) balanced_accuracy: (test=0.795) f1: (test=0.556) roc_auc: (test=0.884) 1.30min
[fit 16/150] END max_depth=15; total=4431, TP=136, TN=4115, FP=105, FN=75; precision=0.564, recall=0.645
accuracy: (test=0.959) average_precision: (test=0.606) balanced_accuracy: (test=0.810) f1: (test=0.602) roc_auc: (test=0.888) 1.20min
[fit 17/150] END max_depth=16; total=4431, TP=135, TN=4130, FP=90, FN=76; precision=0.600, recall=0.640
accuracy: (test=0.963) average_precision: (test=0.624) balanced_accuracy: (test=0.809) f1: (test=0.619) roc_auc: (test=0.895) 1.31min
[fit 18/150] END max_depth=17; total=4431, TP=135, TN=4139, FP=81, FN=76; precision=0.625, recall=0.640
accuracy: (test=0.965) average_precision: (test=0.643) balanced_accuracy: (test=0.810) f1: (test=0.632) roc_auc: (test=0.901) 1.34min
[fit 19/150] END max_depth=18; total=4431, TP=139, TN=4151, FP=69, FN=72; precision=0.668, recall=0.659
accuracy: (test=0.968) average_precision: (test=0.654) balanced_accuracy: (test=0.821) f1: (test=0.663) roc_auc: (test=0.903) 1.39min
[fit 20/150] END max_depth=19; total=4431, TP=135, TN=4159, FP=61, FN=76; precision=0.689, recall=0.640
accuracy: (test=0.969) average_precision: (test=0.666) balanced_accuracy: (test=0.813) f1: (test=0.663) roc_auc: (test=0.895) 1.44min
[fit 21/150] END max_depth=20; total=4431, TP=134, TN=4157, FP=63, FN=77; precision=0.680, recall=0.635
accuracy: (test=0.968) average_precision: (test=0.678) balanced_accuracy: (test=0.810) f1: (test=0.657) roc_auc: (test=0.902) 1.41min
[fit 22/150] END max_depth=21; total=4431, TP=129, TN=4161, FP=59, FN=82; precision=0.686, recall=0.611
accuracy: (test=0.968) average_precision: (test=0.687) balanced_accuracy: (test=0.799) f1: (test=0.647) roc_auc: (test=0.907) 1.44min
[fit 23/150] END max_depth=22; total=4431, TP=131, TN=4166, FP=54, FN=80; precision=0.708, recall=0.621
accuracy: (test=0.970) average_precision: (test=0.698) balanced_accuracy: (test=0.804) f1: (test=0.662) roc_auc: (test=0.906) 1.52min
[fit 24/150] END max_depth=23; total=4431, TP=135, TN=4169, FP=51, FN=76; precision=0.726, recall=0.640
accuracy: (test=0.971) average_precision: (test=0.693) balanced_accuracy: (test=0.814) f1: (test=0.680) roc_auc: (test=0.905) 1.60min
[fit 25/150] END max_depth=24; total=4431, TP=132, TN=4164, FP=56, FN=79; precision=0.702, recall=0.626
accuracy: (test=0.970) average_precision: (test=0.701) balanced_accuracy: (test=0.806) f1: (test=0.662) roc_auc: (test=0.912) 1.62min
[fit 26/150] END max_depth=25; total=4431, TP=130, TN=4165, FP=55, FN=81; precision=0.703, recall=0.616
accuracy: (test=0.969) average_precision: (test=0.699) balanced_accuracy: (test=0.802) f1: (test=0.657) roc_auc: (test=0.910) 1.63min
[fit 27/150] END max_depth=26; total=4431, TP=128, TN=4171, FP=49, FN=83; precision=0.723, recall=0.607
accuracy: (test=0.970) average_precision: (test=0.705) balanced_accuracy: (test=0.798) f1: (test=0.660) roc_auc: (test=0.911) 1.67min
[fit 28/150] END max_depth=27; total=4431, TP=130, TN=4171, FP=49, FN=81; precision=0.726, recall=0.616
accuracy: (test=0.971) average_precision: (test=0.699) balanced_accuracy: (test=0.802) f1: (test=0.667) roc_auc: (test=0.908) 1.66min
[fit 29/150] END max_depth=28; total=4431, TP=132, TN=4172, FP=48, FN=79; precision=0.733, recall=0.626
accuracy: (test=0.971) average_precision: (test=0.707) balanced_accuracy: (test=0.807) f1: (test=0.675) roc_auc: (test=0.907) 1.65min
[fit 30/150] END max_depth=29; total=4431, TP=132, TN=4168, FP=52, FN=79; precision=0.717, recall=0.626
accuracy: (test=0.970) average_precision: (test=0.704) balanced_accuracy: (test=0.807) f1: (test=0.668) roc_auc: (test=0.907) 1.69min
[fit 31/150] END max_depth=30; total=4431, TP=129, TN=4169, FP=51, FN=82; precision=0.717, recall=0.611
accuracy: (test=0.970) average_precision: (test=0.708) balanced_accuracy: (test=0.800) f1: (test=0.660) roc_auc: (test=0.910) 1.75min
[fit 32/150] END max_depth=31; total=4431, TP=132, TN=4175, FP=45, FN=79; precision=0.746, recall=0.626
accuracy: (test=0.972) average_precision: (test=0.717) balanced_accuracy: (test=0.807) f1: (test=0.680) roc_auc: (test=0.910) 1.57min
[fit 33/150] END max_depth=32; total=4431, TP=129, TN=4172, FP=48, FN=82; precision=0.729, recall=0.611
accuracy: (test=0.971) average_precision: (test=0.709) balanced_accuracy: (test=0.800) f1: (test=0.665) roc_auc: (test=0.908) 1.65min
[fit 34/150] END max_depth=33; total=4431, TP=129, TN=4176, FP=44, FN=82; precision=0.746, recall=0.611
accuracy: (test=0.972) average_precision: (test=0.710) balanced_accuracy: (test=0.800) f1: (test=0.672) roc_auc: (test=0.913) 1.65min
[fit 35/150] END max_depth=34; total=4431, TP=128, TN=4169, FP=51, FN=83; precision=0.715, recall=0.607
accuracy: (test=0.970) average_precision: (test=0.713) balanced_accuracy: (test=0.797) f1: (test=0.656) roc_auc: (test=0.911) 1.59min
[fit 36/150] END max_depth=35; total=4431, TP=132, TN=4173, FP=47, FN=79; precision=0.737, recall=0.626
accuracy: (test=0.972) average_precision: (test=0.717) balanced_accuracy: (test=0.807) f1: (test=0.677) roc_auc: (test=0.918) 1.65min
[fit 37/150] END max_depth=36; total=4431, TP=129, TN=4174, FP=46, FN=82; precision=0.737, recall=0.611
accuracy: (test=0.971) average_precision: (test=0.712) balanced_accuracy: (test=0.800) f1: (test=0.668) roc_auc: (test=0.915) 1.63min
[fit 38/150] END max_depth=37; total=4431, TP=127, TN=4174, FP=46, FN=84; precision=0.734, recall=0.602
accuracy: (test=0.971) average_precision: (test=0.710) balanced_accuracy: (test=0.795) f1: (test=0.661) roc_auc: (test=0.909) 1.67min
[fit 39/150] END max_depth=38; total=4431, TP=129, TN=4174, FP=46, FN=82; precision=0.737, recall=0.611
accuracy: (test=0.971) average_precision: (test=0.719) balanced_accuracy: (test=0.800) f1: (test=0.668) roc_auc: (test=0.920) 1.67min
[fit 40/150] END max_depth=39; total=4431, TP=128, TN=4173, FP=47, FN=83; precision=0.731, recall=0.607
accuracy: (test=0.971) average_precision: (test=0.719) balanced_accuracy: (test=0.798) f1: (test=0.663) roc_auc: (test=0.909) 1.73min
[fit 41/150] END max_depth=40; total=4431, TP=126, TN=4174, FP=46, FN=85; precision=0.733, recall=0.597
accuracy: (test=0.970) average_precision: (test=0.713) balanced_accuracy: (test=0.793) f1: (test=0.658) roc_auc: (test=0.914) 1.71min
[fit 42/150] END max_depth=41; total=4431, TP=129, TN=4179, FP=41, FN=82; precision=0.759, recall=0.611
accuracy: (test=0.972) average_precision: (test=0.720) balanced_accuracy: (test=0.801) f1: (test=0.677) roc_auc: (test=0.915) 1.70min
[fit 43/150] END max_depth=42; total=4431, TP=127, TN=4174, FP=46, FN=84; precision=0.734, recall=0.602
accuracy: (test=0.971) average_precision: (test=0.710) balanced_accuracy: (test=0.795) f1: (test=0.661) roc_auc: (test=0.917) 1.72min
[fit 44/150] END max_depth=43; total=4431, TP=127, TN=4173, FP=47, FN=84; precision=0.730, recall=0.602
accuracy: (test=0.970) average_precision: (test=0.717) balanced_accuracy: (test=0.795) f1: (test=0.660) roc_auc: (test=0.912) 1.79min
[fit 45/150] END max_depth=44; total=4431, TP=129, TN=4177, FP=43, FN=82; precision=0.750, recall=0.611
accuracy: (test=0.972) average_precision: (test=0.717) balanced_accuracy: (test=0.801) f1: (test=0.674) roc_auc: (test=0.915) 1.74min
[fit 46/150] END max_depth=45; total=4431, TP=130, TN=4177, FP=43, FN=81; precision=0.751, recall=0.616
accuracy: (test=0.972) average_precision: (test=0.715) balanced_accuracy: (test=0.803) f1: (test=0.677) roc_auc: (test=0.909) 1.80min
[fit 47/150] END max_depth=46; total=4431, TP=128, TN=4178, FP=42, FN=83; precision=0.753, recall=0.607
accuracy: (test=0.972) average_precision: (test=0.717) balanced_accuracy: (test=0.798) f1: (test=0.672) roc_auc: (test=0.915) 1.68min
[fit 48/150] END max_depth=47; total=4431, TP=128, TN=4173, FP=47, FN=83; precision=0.731, recall=0.607
accuracy: (test=0.971) average_precision: (test=0.716) balanced_accuracy: (test=0.798) f1: (test=0.663) roc_auc: (test=0.910) 1.69min
[fit 49/150] END max_depth=48; total=4431, TP=130, TN=4180, FP=40, FN=81; precision=0.765, recall=0.616
accuracy: (test=0.973) average_precision: (test=0.719) balanced_accuracy: (test=0.803) f1: (test=0.682) roc_auc: (test=0.917) 1.65min
[fit 50/150] END max_depth=49; total=4431, TP=127, TN=4174, FP=46, FN=84; precision=0.734, recall=0.602
accuracy: (test=0.971) average_precision: (test=0.711) balanced_accuracy: (test=0.795) f1: (test=0.661) roc_auc: (test=0.913) 1.66min
[fit 51/150] END max_depth=50; total=4431, TP=125, TN=4177, FP=43, FN=86; precision=0.744, recall=0.592
accuracy: (test=0.971) average_precision: (test=0.715) balanced_accuracy: (test=0.791) f1: (test=0.660) roc_auc: (test=0.908) 1.68min
[fit 52/150] END max_depth=51; total=4431, TP=129, TN=4176, FP=44, FN=82; precision=0.746, recall=0.611
accuracy: (test=0.972) average_precision: (test=0.710) balanced_accuracy: (test=0.800) f1: (test=0.672) roc_auc: (test=0.909) 1.69min
[fit 53/150] END max_depth=52; total=4431, TP=125, TN=4177, FP=43, FN=86; precision=0.744, recall=0.592
accuracy: (test=0.971) average_precision: (test=0.716) balanced_accuracy: (test=0.791) f1: (test=0.660) roc_auc: (test=0.913) 1.67min
[fit 54/150] END max_depth=53; total=4431, TP=129, TN=4171, FP=49, FN=82; precision=0.725, recall=0.611
accuracy: (test=0.970) average_precision: (test=0.715) balanced_accuracy: (test=0.800) f1: (test=0.663) roc_auc: (test=0.914) 1.63min
[fit 55/150] END max_depth=54; total=4431, TP=128, TN=4175, FP=45, FN=83; precision=0.740, recall=0.607
accuracy: (test=0.971) average_precision: (test=0.715) balanced_accuracy: (test=0.798) f1: (test=0.667) roc_auc: (test=0.911) 1.68min
[fit 56/150] END max_depth=55; total=4431, TP=128, TN=4175, FP=45, FN=83; precision=0.740, recall=0.607
accuracy: (test=0.971) average_precision: (test=0.707) balanced_accuracy: (test=0.798) f1: (test=0.667) roc_auc: (test=0.910) 1.66min
[fit 57/150] END max_depth=56; total=4431, TP=127, TN=4180, FP=40, FN=84; precision=0.760, recall=0.602
accuracy: (test=0.972) average_precision: (test=0.713) balanced_accuracy: (test=0.796) f1: (test=0.672) roc_auc: (test=0.909) 1.66min
[fit 58/150] END max_depth=57; total=4431, TP=127, TN=4174, FP=46, FN=84; precision=0.734, recall=0.602
accuracy: (test=0.971) average_precision: (test=0.714) balanced_accuracy: (test=0.795) f1: (test=0.661) roc_auc: (test=0.915) 1.68min
[fit 59/150] END max_depth=58; total=4431, TP=128, TN=4175, FP=45, FN=83; precision=0.740, recall=0.607
accuracy: (test=0.971) average_precision: (test=0.709) balanced_accuracy: (test=0.798) f1: (test=0.667) roc_auc: (test=0.903) 1.75min
[fit 60/150] END max_depth=59; total=4431, TP=127, TN=4175, FP=45, FN=84; precision=0.738, recall=0.602
accuracy: (test=0.971) average_precision: (test=0.718) balanced_accuracy: (test=0.796) f1: (test=0.663) roc_auc: (test=0.911) 1.70min
[fit 61/150] END max_depth=60; total=4431, TP=128, TN=4175, FP=45, FN=83; precision=0.740, recall=0.607
accuracy: (test=0.971) average_precision: (test=0.715) balanced_accuracy: (test=0.798) f1: (test=0.667) roc_auc: (test=0.913) 1.69min
[fit 62/150] END max_depth=61; total=4431, TP=129, TN=4176, FP=44, FN=82; precision=0.746, recall=0.611
accuracy: (test=0.972) average_precision: (test=0.714) balanced_accuracy: (test=0.800) f1: (test=0.672) roc_auc: (test=0.910) 1.71min
[fit 63/150] END max_depth=62; total=4431, TP=127, TN=4175, FP=45, FN=84; precision=0.738, recall=0.602
accuracy: (test=0.971) average_precision: (test=0.715) balanced_accuracy: (test=0.796) f1: (test=0.663) roc_auc: (test=0.912) 1.72min
[fit 64/150] END max_depth=63; total=4431, TP=124, TN=4174, FP=46, FN=87; precision=0.729, recall=0.588
accuracy: (test=0.970) average_precision: (test=0.708) balanced_accuracy: (test=0.788) f1: (test=0.651) roc_auc: (test=0.911) 1.78min
[fit 65/150] END max_depth=64; total=4431, TP=131, TN=4176, FP=44, FN=80; precision=0.749, recall=0.621
accuracy: (test=0.972) average_precision: (test=0.717) balanced_accuracy: (test=0.805) f1: (test=0.679) roc_auc: (test=0.912) 1.65min
[fit 66/150] END max_depth=65; total=4431, TP=129, TN=4174, FP=46, FN=82; precision=0.737, recall=0.611
accuracy: (test=0.971) average_precision: (test=0.712) balanced_accuracy: (test=0.800) f1: (test=0.668) roc_auc: (test=0.911) 1.72min
[fit 67/150] END max_depth=66; total=4431, TP=125, TN=4177, FP=43, FN=86; precision=0.744, recall=0.592
accuracy: (test=0.971) average_precision: (test=0.715) balanced_accuracy: (test=0.791) f1: (test=0.660) roc_auc: (test=0.915) 1.76min
[fit 68/150] END max_depth=67; total=4431, TP=124, TN=4174, FP=46, FN=87; precision=0.729, recall=0.588
accuracy: (test=0.970) average_precision: (test=0.713) balanced_accuracy: (test=0.788) f1: (test=0.651) roc_auc: (test=0.910) 1.67min
[fit 69/150] END max_depth=68; total=4431, TP=125, TN=4173, FP=47, FN=86; precision=0.727, recall=0.592
accuracy: (test=0.970) average_precision: (test=0.713) balanced_accuracy: (test=0.791) f1: (test=0.653) roc_auc: (test=0.908) 1.77min
[fit 70/150] END max_depth=69; total=4431, TP=129, TN=4179, FP=41, FN=82; precision=0.759, recall=0.611
accuracy: (test=0.972) average_precision: (test=0.712) balanced_accuracy: (test=0.801) f1: (test=0.677) roc_auc: (test=0.912) 1.66min
[fit 71/150] END max_depth=70; total=4431, TP=127, TN=4175, FP=45, FN=84; precision=0.738, recall=0.602
accuracy: (test=0.971) average_precision: (test=0.710) balanced_accuracy: (test=0.796) f1: (test=0.663) roc_auc: (test=0.916) 1.60min
[fit 72/150] END max_depth=71; total=4431, TP=128, TN=4178, FP=42, FN=83; precision=0.753, recall=0.607
accuracy: (test=0.972) average_precision: (test=0.707) balanced_accuracy: (test=0.798) f1: (test=0.672) roc_auc: (test=0.907) 1.63min
[fit 73/150] END max_depth=72; total=4431, TP=127, TN=4173, FP=47, FN=84; precision=0.730, recall=0.602
accuracy: (test=0.970) average_precision: (test=0.713) balanced_accuracy: (test=0.795) f1: (test=0.660) roc_auc: (test=0.911) 1.66min
[fit 74/150] END max_depth=73; total=4431, TP=127, TN=4175, FP=45, FN=84; precision=0.738, recall=0.602
accuracy: (test=0.971) average_precision: (test=0.717) balanced_accuracy: (test=0.796) f1: (test=0.663) roc_auc: (test=0.914) 1.67min
[fit 75/150] END max_depth=74; total=4431, TP=129, TN=4175, FP=45, FN=82; precision=0.741, recall=0.611
accuracy: (test=0.971) average_precision: (test=0.710) balanced_accuracy: (test=0.800) f1: (test=0.670) roc_auc: (test=0.910) 1.66min
[fit 76/150] END max_depth=75; total=4431, TP=131, TN=4180, FP=40, FN=80; precision=0.766, recall=0.621
accuracy: (test=0.973) average_precision: (test=0.717) balanced_accuracy: (test=0.806) f1: (test=0.686) roc_auc: (test=0.911) 1.63min
[fit 77/150] END max_depth=76; total=4431, TP=129, TN=4177, FP=43, FN=82; precision=0.750, recall=0.611
accuracy: (test=0.972) average_precision: (test=0.713) balanced_accuracy: (test=0.801) f1: (test=0.674) roc_auc: (test=0.915) 1.51min
[fit 78/150] END max_depth=77; total=4431, TP=131, TN=4175, FP=45, FN=80; precision=0.744, recall=0.621
accuracy: (test=0.972) average_precision: (test=0.719) balanced_accuracy: (test=0.805) f1: (test=0.677) roc_auc: (test=0.917) 1.63min
[fit 79/150] END max_depth=78; total=4431, TP=131, TN=4184, FP=36, FN=80; precision=0.784, recall=0.621
accuracy: (test=0.974) average_precision: (test=0.715) balanced_accuracy: (test=0.806) f1: (test=0.693) roc_auc: (test=0.912) 1.67min
[fit 80/150] END max_depth=79; total=4431, TP=129, TN=4179, FP=41, FN=82; precision=0.759, recall=0.611
accuracy: (test=0.972) average_precision: (test=0.712) balanced_accuracy: (test=0.801) f1: (test=0.677) roc_auc: (test=0.909) 1.63min
[fit 81/150] END max_depth=80; total=4431, TP=131, TN=4176, FP=44, FN=80; precision=0.749, recall=0.621
accuracy: (test=0.972) average_precision: (test=0.712) balanced_accuracy: (test=0.805) f1: (test=0.679) roc_auc: (test=0.909) 1.69min
[fit 82/150] END max_depth=81; total=4431, TP=129, TN=4174, FP=46, FN=82; precision=0.737, recall=0.611
accuracy: (test=0.971) average_precision: (test=0.711) balanced_accuracy: (test=0.800) f1: (test=0.668) roc_auc: (test=0.910) 1.67min
[fit 83/150] END max_depth=82; total=4431, TP=130, TN=4176, FP=44, FN=81; precision=0.747, recall=0.616
accuracy: (test=0.972) average_precision: (test=0.714) balanced_accuracy: (test=0.803) f1: (test=0.675) roc_auc: (test=0.914) 1.69min
[fit 84/150] END max_depth=83; total=4431, TP=128, TN=4175, FP=45, FN=83; precision=0.740, recall=0.607
accuracy: (test=0.971) average_precision: (test=0.710) balanced_accuracy: (test=0.798) f1: (test=0.667) roc_auc: (test=0.911) 1.70min
[fit 85/150] END max_depth=84; total=4431, TP=127, TN=4176, FP=44, FN=84; precision=0.743, recall=0.602
accuracy: (test=0.971) average_precision: (test=0.719) balanced_accuracy: (test=0.796) f1: (test=0.665) roc_auc: (test=0.916) 1.67min
[fit 86/150] END max_depth=85; total=4431, TP=129, TN=4174, FP=46, FN=82; precision=0.737, recall=0.611
accuracy: (test=0.971) average_precision: (test=0.715) balanced_accuracy: (test=0.800) f1: (test=0.668) roc_auc: (test=0.916) 1.61min
[fit 87/150] END max_depth=86; total=4431, TP=131, TN=4175, FP=45, FN=80; precision=0.744, recall=0.621
accuracy: (test=0.972) average_precision: (test=0.716) balanced_accuracy: (test=0.805) f1: (test=0.677) roc_auc: (test=0.914) 1.62min
[fit 88/150] END max_depth=87; total=4431, TP=126, TN=4175, FP=45, FN=85; precision=0.737, recall=0.597
accuracy: (test=0.971) average_precision: (test=0.718) balanced_accuracy: (test=0.793) f1: (test=0.660) roc_auc: (test=0.914) 1.65min
[fit 89/150] END max_depth=88; total=4431, TP=132, TN=4172, FP=48, FN=79; precision=0.733, recall=0.626
accuracy: (test=0.971) average_precision: (test=0.716) balanced_accuracy: (test=0.807) f1: (test=0.675) roc_auc: (test=0.909) 1.64min
[fit 90/150] END max_depth=89; total=4431, TP=127, TN=4179, FP=41, FN=84; precision=0.756, recall=0.602
accuracy: (test=0.972) average_precision: (test=0.719) balanced_accuracy: (test=0.796) f1: (test=0.670) roc_auc: (test=0.920) 1.67min
[fit 91/150] END max_depth=90; total=4431, TP=127, TN=4174, FP=46, FN=84; precision=0.734, recall=0.602
accuracy: (test=0.971) average_precision: (test=0.715) balanced_accuracy: (test=0.795) f1: (test=0.661) roc_auc: (test=0.911) 1.69min
[fit 92/150] END max_depth=91; total=4431, TP=128, TN=4174, FP=46, FN=83; precision=0.736, recall=0.607
accuracy: (test=0.971) average_precision: (test=0.713) balanced_accuracy: (test=0.798) f1: (test=0.665) roc_auc: (test=0.911) 1.69min
[fit 93/150] END max_depth=92; total=4431, TP=127, TN=4176, FP=44, FN=84; precision=0.743, recall=0.602
accuracy: (test=0.971) average_precision: (test=0.712) balanced_accuracy: (test=0.796) f1: (test=0.665) roc_auc: (test=0.906) 1.68min
[fit 94/150] END max_depth=93; total=4431, TP=128, TN=4175, FP=45, FN=83; precision=0.740, recall=0.607
accuracy: (test=0.971) average_precision: (test=0.715) balanced_accuracy: (test=0.798) f1: (test=0.667) roc_auc: (test=0.910) 1.74min
[fit 95/150] END max_depth=94; total=4431, TP=124, TN=4178, FP=42, FN=87; precision=0.747, recall=0.588
accuracy: (test=0.971) average_precision: (test=0.710) balanced_accuracy: (test=0.789) f1: (test=0.658) roc_auc: (test=0.908) 1.67min
[fit 96/150] END max_depth=95; total=4431, TP=128, TN=4179, FP=41, FN=83; precision=0.757, recall=0.607
accuracy: (test=0.972) average_precision: (test=0.717) balanced_accuracy: (test=0.798) f1: (test=0.674) roc_auc: (test=0.908) 1.71min
[fit 97/150] END max_depth=96; total=4431, TP=125, TN=4181, FP=39, FN=86; precision=0.762, recall=0.592
accuracy: (test=0.972) average_precision: (test=0.716) balanced_accuracy: (test=0.792) f1: (test=0.667) roc_auc: (test=0.913) 1.65min
[fit 98/150] END max_depth=97; total=4431, TP=127, TN=4174, FP=46, FN=84; precision=0.734, recall=0.602
accuracy: (test=0.971) average_precision: (test=0.719) balanced_accuracy: (test=0.795) f1: (test=0.661) roc_auc: (test=0.917) 1.68min
[fit 99/150] END max_depth=98; total=4431, TP=130, TN=4177, FP=43, FN=81; precision=0.751, recall=0.616
accuracy: (test=0.972) average_precision: (test=0.718) balanced_accuracy: (test=0.803) f1: (test=0.677) roc_auc: (test=0.916) 1.59min
[fit 100/150] END max_depth=99; total=4431, TP=129, TN=4181, FP=39, FN=82; precision=0.768, recall=0.611
accuracy: (test=0.973) average_precision: (test=0.714) balanced_accuracy: (test=0.801) f1: (test=0.681) roc_auc: (test=0.910) 1.68min
[fit 101/150] END max_depth=100; total=4431, TP=129, TN=4176, FP=44, FN=82; precision=0.746, recall=0.611
accuracy: (test=0.972) average_precision: (test=0.713) balanced_accuracy: (test=0.800) f1: (test=0.672) roc_auc: (test=0.915) 1.62min
[fit 102/150] END max_depth=101; total=4431, TP=132, TN=4174, FP=46, FN=79; precision=0.742, recall=0.626
accuracy: (test=0.972) average_precision: (test=0.710) balanced_accuracy: (test=0.807) f1: (test=0.679) roc_auc: (test=0.913) 1.65min
[fit 103/150] END max_depth=102; total=4431, TP=129, TN=4178, FP=42, FN=82; precision=0.754, recall=0.611
accuracy: (test=0.972) average_precision: (test=0.719) balanced_accuracy: (test=0.801) f1: (test=0.675) roc_auc: (test=0.913) 1.75min
[fit 104/150] END max_depth=103; total=4431, TP=131, TN=4177, FP=43, FN=80; precision=0.753, recall=0.621
accuracy: (test=0.972) average_precision: (test=0.710) balanced_accuracy: (test=0.805) f1: (test=0.681) roc_auc: (test=0.912) 1.68min
[fit 105/150] END max_depth=104; total=4431, TP=129, TN=4178, FP=42, FN=82; precision=0.754, recall=0.611
accuracy: (test=0.972) average_precision: (test=0.718) balanced_accuracy: (test=0.801) f1: (test=0.675) roc_auc: (test=0.912) 1.69min
[fit 106/150] END max_depth=105; total=4431, TP=128, TN=4179, FP=41, FN=83; precision=0.757, recall=0.607
accuracy: (test=0.972) average_precision: (test=0.711) balanced_accuracy: (test=0.798) f1: (test=0.674) roc_auc: (test=0.910) 1.71min
[fit 107/150] END max_depth=106; total=4431, TP=127, TN=4174, FP=46, FN=84; precision=0.734, recall=0.602
accuracy: (test=0.971) average_precision: (test=0.707) balanced_accuracy: (test=0.795) f1: (test=0.661) roc_auc: (test=0.914) 1.64min
[fit 108/150] END max_depth=107; total=4431, TP=126, TN=4175, FP=45, FN=85; precision=0.737, recall=0.597
accuracy: (test=0.971) average_precision: (test=0.708) balanced_accuracy: (test=0.793) f1: (test=0.660) roc_auc: (test=0.908) 1.77min
[fit 109/150] END max_depth=108; total=4431, TP=128, TN=4174, FP=46, FN=83; precision=0.736, recall=0.607
accuracy: (test=0.971) average_precision: (test=0.714) balanced_accuracy: (test=0.798) f1: (test=0.665) roc_auc: (test=0.912) 1.70min
[fit 110/150] END max_depth=109; total=4431, TP=125, TN=4176, FP=44, FN=86; precision=0.740, recall=0.592
accuracy: (test=0.971) average_precision: (test=0.715) balanced_accuracy: (test=0.791) f1: (test=0.658) roc_auc: (test=0.916) 1.78min
[fit 111/150] END max_depth=110; total=4431, TP=130, TN=4173, FP=47, FN=81; precision=0.734, recall=0.616
accuracy: (test=0.971) average_precision: (test=0.703) balanced_accuracy: (test=0.802) f1: (test=0.670) roc_auc: (test=0.909) 1.75min
[fit 112/150] END max_depth=111; total=4431, TP=128, TN=4177, FP=43, FN=83; precision=0.749, recall=0.607
accuracy: (test=0.972) average_precision: (test=0.714) balanced_accuracy: (test=0.798) f1: (test=0.670) roc_auc: (test=0.915) 1.67min
[fit 113/150] END max_depth=112; total=4431, TP=128, TN=4176, FP=44, FN=83; precision=0.744, recall=0.607
accuracy: (test=0.971) average_precision: (test=0.717) balanced_accuracy: (test=0.798) f1: (test=0.668) roc_auc: (test=0.912) 1.68min
[fit 114/150] END max_depth=113; total=4431, TP=126, TN=4184, FP=36, FN=85; precision=0.778, recall=0.597
accuracy: (test=0.973) average_precision: (test=0.715) balanced_accuracy: (test=0.794) f1: (test=0.676) roc_auc: (test=0.915) 1.65min
[fit 115/150] END max_depth=114; total=4431, TP=129, TN=4178, FP=42, FN=82; precision=0.754, recall=0.611
accuracy: (test=0.972) average_precision: (test=0.714) balanced_accuracy: (test=0.801) f1: (test=0.675) roc_auc: (test=0.906) 1.69min
[fit 116/150] END max_depth=115; total=4431, TP=129, TN=4176, FP=44, FN=82; precision=0.746, recall=0.611
accuracy: (test=0.972) average_precision: (test=0.717) balanced_accuracy: (test=0.800) f1: (test=0.672) roc_auc: (test=0.913) 1.61min
[fit 117/150] END max_depth=116; total=4431, TP=130, TN=4173, FP=47, FN=81; precision=0.734, recall=0.616
accuracy: (test=0.971) average_precision: (test=0.723) balanced_accuracy: (test=0.802) f1: (test=0.670) roc_auc: (test=0.911) 1.64min
[fit 118/150] END max_depth=117; total=4431, TP=129, TN=4174, FP=46, FN=82; precision=0.737, recall=0.611
accuracy: (test=0.971) average_precision: (test=0.716) balanced_accuracy: (test=0.800) f1: (test=0.668) roc_auc: (test=0.909) 1.68min
[fit 119/150] END max_depth=118; total=4431, TP=131, TN=4173, FP=47, FN=80; precision=0.736, recall=0.621
accuracy: (test=0.971) average_precision: (test=0.713) balanced_accuracy: (test=0.805) f1: (test=0.674) roc_auc: (test=0.914) 1.60min
[fit 120/150] END max_depth=119; total=4431, TP=129, TN=4177, FP=43, FN=82; precision=0.750, recall=0.611
accuracy: (test=0.972) average_precision: (test=0.714) balanced_accuracy: (test=0.801) f1: (test=0.674) roc_auc: (test=0.908) 1.68min
[fit 121/150] END max_depth=120; total=4431, TP=128, TN=4178, FP=42, FN=83; precision=0.753, recall=0.607
accuracy: (test=0.972) average_precision: (test=0.714) balanced_accuracy: (test=0.798) f1: (test=0.672) roc_auc: (test=0.914) 1.75min
[fit 122/150] END max_depth=121; total=4431, TP=128, TN=4178, FP=42, FN=83; precision=0.753, recall=0.607
accuracy: (test=0.972) average_precision: (test=0.709) balanced_accuracy: (test=0.798) f1: (test=0.672) roc_auc: (test=0.909) 1.70min
[fit 123/150] END max_depth=122; total=4431, TP=126, TN=4178, FP=42, FN=85; precision=0.750, recall=0.597
accuracy: (test=0.971) average_precision: (test=0.714) balanced_accuracy: (test=0.794) f1: (test=0.665) roc_auc: (test=0.914) 1.65min
[fit 124/150] END max_depth=123; total=4431, TP=129, TN=4178, FP=42, FN=82; precision=0.754, recall=0.611
accuracy: (test=0.972) average_precision: (test=0.723) balanced_accuracy: (test=0.801) f1: (test=0.675) roc_auc: (test=0.918) 1.66min
[fit 125/150] END max_depth=124; total=4431, TP=129, TN=4177, FP=43, FN=82; precision=0.750, recall=0.611
accuracy: (test=0.972) average_precision: (test=0.712) balanced_accuracy: (test=0.801) f1: (test=0.674) roc_auc: (test=0.911) 1.82min
[fit 126/150] END max_depth=125; total=4431, TP=134, TN=4178, FP=42, FN=77; precision=0.761, recall=0.635
accuracy: (test=0.973) average_precision: (test=0.715) balanced_accuracy: (test=0.813) f1: (test=0.693) roc_auc: (test=0.913) 1.70min
[fit 127/150] END max_depth=126; total=4431, TP=128, TN=4172, FP=48, FN=83; precision=0.727, recall=0.607
accuracy: (test=0.970) average_precision: (test=0.711) balanced_accuracy: (test=0.798) f1: (test=0.661) roc_auc: (test=0.914) 1.79min
[fit 128/150] END max_depth=127; total=4431, TP=129, TN=4178, FP=42, FN=82; precision=0.754, recall=0.611
accuracy: (test=0.972) average_precision: (test=0.719) balanced_accuracy: (test=0.801) f1: (test=0.675) roc_auc: (test=0.914) 1.71min
[fit 129/150] END max_depth=128; total=4431, TP=132, TN=4177, FP=43, FN=79; precision=0.754, recall=0.626
accuracy: (test=0.972) average_precision: (test=0.712) balanced_accuracy: (test=0.808) f1: (test=0.684) roc_auc: (test=0.913) 1.80min
[fit 130/150] END max_depth=129; total=4431, TP=126, TN=4179, FP=41, FN=85; precision=0.754, recall=0.597
accuracy: (test=0.972) average_precision: (test=0.711) balanced_accuracy: (test=0.794) f1: (test=0.667) roc_auc: (test=0.912) 1.65min
[fit 131/150] END max_depth=130; total=4431, TP=131, TN=4171, FP=49, FN=80; precision=0.728, recall=0.621
accuracy: (test=0.971) average_precision: (test=0.716) balanced_accuracy: (test=0.805) f1: (test=0.670) roc_auc: (test=0.909) 1.63min
[fit 132/150] END max_depth=131; total=4431, TP=129, TN=4178, FP=42, FN=82; precision=0.754, recall=0.611
accuracy: (test=0.972) average_precision: (test=0.714) balanced_accuracy: (test=0.801) f1: (test=0.675) roc_auc: (test=0.915) 1.69min
[fit 133/150] END max_depth=132; total=4431, TP=134, TN=4175, FP=45, FN=77; precision=0.749, recall=0.635
accuracy: (test=0.972) average_precision: (test=0.718) balanced_accuracy: (test=0.812) f1: (test=0.687) roc_auc: (test=0.912) 1.67min
[fit 134/150] END max_depth=133; total=4431, TP=125, TN=4180, FP=40, FN=86; precision=0.758, recall=0.592
accuracy: (test=0.972) average_precision: (test=0.721) balanced_accuracy: (test=0.791) f1: (test=0.665) roc_auc: (test=0.913) 1.70min
[fit 135/150] END max_depth=134; total=4431, TP=129, TN=4177, FP=43, FN=82; precision=0.750, recall=0.611
accuracy: (test=0.972) average_precision: (test=0.718) balanced_accuracy: (test=0.801) f1: (test=0.674) roc_auc: (test=0.920) 1.68min
[fit 136/150] END max_depth=135; total=4431, TP=128, TN=4177, FP=43, FN=83; precision=0.749, recall=0.607
accuracy: (test=0.972) average_precision: (test=0.712) balanced_accuracy: (test=0.798) f1: (test=0.670) roc_auc: (test=0.909) 1.63min
[fit 137/150] END max_depth=136; total=4431, TP=129, TN=4176, FP=44, FN=82; precision=0.746, recall=0.611
accuracy: (test=0.972) average_precision: (test=0.711) balanced_accuracy: (test=0.800) f1: (test=0.672) roc_auc: (test=0.912) 1.65min
[fit 138/150] END max_depth=137; total=4431, TP=126, TN=4181, FP=39, FN=85; precision=0.764, recall=0.597
accuracy: (test=0.972) average_precision: (test=0.723) balanced_accuracy: (test=0.794) f1: (test=0.670) roc_auc: (test=0.917) 1.66min
[fit 139/150] END max_depth=138; total=4431, TP=128, TN=4170, FP=50, FN=83; precision=0.719, recall=0.607
accuracy: (test=0.970) average_precision: (test=0.711) balanced_accuracy: (test=0.797) f1: (test=0.658) roc_auc: (test=0.910) 1.62min
[fit 140/150] END max_depth=139; total=4431, TP=128, TN=4181, FP=39, FN=83; precision=0.766, recall=0.607
accuracy: (test=0.972) average_precision: (test=0.716) balanced_accuracy: (test=0.799) f1: (test=0.677) roc_auc: (test=0.916) 1.70min
[fit 141/150] END max_depth=140; total=4431, TP=127, TN=4180, FP=40, FN=84; precision=0.760, recall=0.602
accuracy: (test=0.972) average_precision: (test=0.716) balanced_accuracy: (test=0.796) f1: (test=0.672) roc_auc: (test=0.912) 1.70min
[fit 142/150] END max_depth=141; total=4431, TP=126, TN=4179, FP=41, FN=85; precision=0.754, recall=0.597
accuracy: (test=0.972) average_precision: (test=0.711) balanced_accuracy: (test=0.794) f1: (test=0.667) roc_auc: (test=0.914) 1.72min
[fit 143/150] END max_depth=142; total=4431, TP=130, TN=4176, FP=44, FN=81; precision=0.747, recall=0.616
accuracy: (test=0.972) average_precision: (test=0.708) balanced_accuracy: (test=0.803) f1: (test=0.675) roc_auc: (test=0.906) 1.71min
[fit 144/150] END max_depth=143; total=4431, TP=126, TN=4177, FP=43, FN=85; precision=0.746, recall=0.597
accuracy: (test=0.971) average_precision: (test=0.716) balanced_accuracy: (test=0.793) f1: (test=0.663) roc_auc: (test=0.915) 1.68min
[fit 145/150] END max_depth=144; total=4431, TP=126, TN=4175, FP=45, FN=85; precision=0.737, recall=0.597
accuracy: (test=0.971) average_precision: (test=0.713) balanced_accuracy: (test=0.793) f1: (test=0.660) roc_auc: (test=0.912) 1.76min
[fit 146/150] END max_depth=145; total=4431, TP=126, TN=4175, FP=45, FN=85; precision=0.737, recall=0.597
accuracy: (test=0.971) average_precision: (test=0.715) balanced_accuracy: (test=0.793) f1: (test=0.660) roc_auc: (test=0.905) 1.75min
[fit 147/150] END max_depth=146; total=4431, TP=130, TN=4176, FP=44, FN=81; precision=0.747, recall=0.616
accuracy: (test=0.972) average_precision: (test=0.715) balanced_accuracy: (test=0.803) f1: (test=0.675) roc_auc: (test=0.917) 1.71min
[fit 148/150] END max_depth=147; total=4431, TP=131, TN=4178, FP=42, FN=80; precision=0.757, recall=0.621
accuracy: (test=0.972) average_precision: (test=0.711) balanced_accuracy: (test=0.805) f1: (test=0.682) roc_auc: (test=0.909) 1.83min
[fit 149/150] END max_depth=148; total=4431, TP=128, TN=4181, FP=39, FN=83; precision=0.766, recall=0.607
accuracy: (test=0.972) average_precision: (test=0.712) balanced_accuracy: (test=0.799) f1: (test=0.677) roc_auc: (test=0.916) 1.71min
[fit 150/150] END max_depth=149; total=4431, TP=131, TN=4172, FP=48, FN=80; precision=0.732, recall=0.621
accuracy: (test=0.971) average_precision: (test=0.715) balanced_accuracy: (test=0.805) f1: (test=0.672) roc_auc: (test=0.911) 1.76min
clf.best_estimator_params: {'max_depth': 89}
best params found in line [91] for metric [roc_auc] in rank file
best params found in fit [90] for metric [roc_auc] in run_and_score file
clf.best_scoring_result: [Total: (test=4431) TP: (test=127.000) TN: (test=4179.000) FP: (test=41.000) FN: (test=84.000) precision: (test=0.756) recall: (test=0.602) accuracy: (test=0.972) average_precision: (test=0.719) balanced_accuracy: (test=0.796) f1: (test=0.670) roc_auc: (test=0.920) ]
write rank test to csv!!!
../../ex/epivan/base/tpcp_rf_base/rank/GM12878_tpcp_rf_base_rank_2_3090.csv write over!!!
第三次
{'bootstrap': True, 'ccp_alpha': 0.0, 'class_weight': None, 'criterion': 'gini', 'max_depth': 89, 'max_features': 'auto', 'max_leaf_nodes': None, 'max_samples': None, 'min_impurity_decrease': 0.0, 'min_impurity_split': None, 'min_samples_leaf': 1, 'min_samples_split': 2, 'min_weight_fraction_leaf': 0.0, 'n_estimators': 250, 'n_jobs': 5, 'oob_score': False, 'random_state': None, 'verbose': 0, 'warm_start': False}
Fitting, totalling 90 fits
[fit 1/90] END min_samples_leaf=1, min_samples_split=2; total=4431, TP=131, TN=4175, FP=45, FN=80; precision=0.744, recall=0.621
accuracy: (test=0.972) average_precision: (test=0.718) balanced_accuracy: (test=0.805) f1: (test=0.677) roc_auc: (test=0.912) 1.64min
[fit 2/90] END min_samples_leaf=1, min_samples_split=3; total=4431, TP=127, TN=4176, FP=44, FN=84; precision=0.743, recall=0.602
accuracy: (test=0.971) average_precision: (test=0.712) balanced_accuracy: (test=0.796) f1: (test=0.665) roc_auc: (test=0.904) 1.66min
[fit 3/90] END min_samples_leaf=1, min_samples_split=4; total=4431, TP=126, TN=4176, FP=44, FN=85; precision=0.741, recall=0.597
accuracy: (test=0.971) average_precision: (test=0.715) balanced_accuracy: (test=0.793) f1: (test=0.661) roc_auc: (test=0.913) 1.65min
[fit 4/90] END min_samples_leaf=1, min_samples_split=5; total=4431, TP=127, TN=4174, FP=46, FN=84; precision=0.734, recall=0.602
accuracy: (test=0.971) average_precision: (test=0.715) balanced_accuracy: (test=0.795) f1: (test=0.661) roc_auc: (test=0.914) 1.68min
[fit 5/90] END min_samples_leaf=1, min_samples_split=6; total=4431, TP=128, TN=4173, FP=47, FN=83; precision=0.731, recall=0.607
accuracy: (test=0.971) average_precision: (test=0.712) balanced_accuracy: (test=0.798) f1: (test=0.663) roc_auc: (test=0.911) 1.68min
[fit 6/90] END min_samples_leaf=1, min_samples_split=7; total=4431, TP=127, TN=4173, FP=47, FN=84; precision=0.730, recall=0.602
accuracy: (test=0.970) average_precision: (test=0.708) balanced_accuracy: (test=0.795) f1: (test=0.660) roc_auc: (test=0.908) 1.60min
[fit 7/90] END min_samples_leaf=1, min_samples_split=8; total=4431, TP=126, TN=4174, FP=46, FN=85; precision=0.733, recall=0.597
accuracy: (test=0.970) average_precision: (test=0.707) balanced_accuracy: (test=0.793) f1: (test=0.658) roc_auc: (test=0.915) 1.66min
[fit 8/90] END min_samples_leaf=1, min_samples_split=9; total=4431, TP=129, TN=4169, FP=51, FN=82; precision=0.717, recall=0.611
accuracy: (test=0.970) average_precision: (test=0.708) balanced_accuracy: (test=0.800) f1: (test=0.660) roc_auc: (test=0.914) 1.68min
[fit 9/90] END min_samples_leaf=1, min_samples_split=10; total=4431, TP=128, TN=4173, FP=47, FN=83; precision=0.731, recall=0.607
accuracy: (test=0.971) average_precision: (test=0.706) balanced_accuracy: (test=0.798) f1: (test=0.663) roc_auc: (test=0.908) 1.66min
[fit 10/90] END min_samples_leaf=2, min_samples_split=2; total=4431, TP=129, TN=4172, FP=48, FN=82; precision=0.729, recall=0.611
accuracy: (test=0.971) average_precision: (test=0.713) balanced_accuracy: (test=0.800) f1: (test=0.665) roc_auc: (test=0.913) 1.59min
[fit 11/90] END min_samples_leaf=2, min_samples_split=3; total=4431, TP=127, TN=4172, FP=48, FN=84; precision=0.726, recall=0.602
accuracy: (test=0.970) average_precision: (test=0.710) balanced_accuracy: (test=0.795) f1: (test=0.658) roc_auc: (test=0.910) 1.62min
[fit 12/90] END min_samples_leaf=2, min_samples_split=4; total=4431, TP=131, TN=4170, FP=50, FN=80; precision=0.724, recall=0.621
accuracy: (test=0.971) average_precision: (test=0.710) balanced_accuracy: (test=0.805) f1: (test=0.668) roc_auc: (test=0.915) 1.58min
[fit 13/90] END min_samples_leaf=2, min_samples_split=5; total=4431, TP=123, TN=4176, FP=44, FN=88; precision=0.737, recall=0.583
accuracy: (test=0.970) average_precision: (test=0.716) balanced_accuracy: (test=0.786) f1: (test=0.651) roc_auc: (test=0.915) 1.60min
[fit 14/90] END min_samples_leaf=2, min_samples_split=6; total=4431, TP=129, TN=4171, FP=49, FN=82; precision=0.725, recall=0.611
accuracy: (test=0.970) average_precision: (test=0.708) balanced_accuracy: (test=0.800) f1: (test=0.663) roc_auc: (test=0.906) 1.69min
[fit 15/90] END min_samples_leaf=2, min_samples_split=7; total=4431, TP=130, TN=4171, FP=49, FN=81; precision=0.726, recall=0.616
accuracy: (test=0.971) average_precision: (test=0.714) balanced_accuracy: (test=0.802) f1: (test=0.667) roc_auc: (test=0.915) 1.66min
[fit 16/90] END min_samples_leaf=2, min_samples_split=8; total=4431, TP=129, TN=4174, FP=46, FN=82; precision=0.737, recall=0.611
accuracy: (test=0.971) average_precision: (test=0.708) balanced_accuracy: (test=0.800) f1: (test=0.668) roc_auc: (test=0.914) 1.67min
[fit 17/90] END min_samples_leaf=2, min_samples_split=9; total=4431, TP=128, TN=4175, FP=45, FN=83; precision=0.740, recall=0.607
accuracy: (test=0.971) average_precision: (test=0.717) balanced_accuracy: (test=0.798) f1: (test=0.667) roc_auc: (test=0.921) 1.66min
[fit 18/90] END min_samples_leaf=2, min_samples_split=10; total=4431, TP=130, TN=4173, FP=47, FN=81; precision=0.734, recall=0.616
accuracy: (test=0.971) average_precision: (test=0.711) balanced_accuracy: (test=0.802) f1: (test=0.670) roc_auc: (test=0.913) 1.64min
[fit 19/90] END min_samples_leaf=3, min_samples_split=2; total=4431, TP=127, TN=4172, FP=48, FN=84; precision=0.726, recall=0.602
accuracy: (test=0.970) average_precision: (test=0.709) balanced_accuracy: (test=0.795) f1: (test=0.658) roc_auc: (test=0.912) 1.55min
[fit 20/90] END min_samples_leaf=3, min_samples_split=3; total=4431, TP=128, TN=4171, FP=49, FN=83; precision=0.723, recall=0.607
accuracy: (test=0.970) average_precision: (test=0.706) balanced_accuracy: (test=0.798) f1: (test=0.660) roc_auc: (test=0.915) 1.71min
[fit 21/90] END min_samples_leaf=3, min_samples_split=4; total=4431, TP=128, TN=4170, FP=50, FN=83; precision=0.719, recall=0.607
accuracy: (test=0.970) average_precision: (test=0.705) balanced_accuracy: (test=0.797) f1: (test=0.658) roc_auc: (test=0.911) 1.79min
[fit 22/90] END min_samples_leaf=3, min_samples_split=5; total=4431, TP=129, TN=4171, FP=49, FN=82; precision=0.725, recall=0.611
accuracy: (test=0.970) average_precision: (test=0.703) balanced_accuracy: (test=0.800) f1: (test=0.663) roc_auc: (test=0.907) 1.65min
[fit 23/90] END min_samples_leaf=3, min_samples_split=6; total=4431, TP=129, TN=4170, FP=50, FN=82; precision=0.721, recall=0.611
accuracy: (test=0.970) average_precision: (test=0.707) balanced_accuracy: (test=0.800) f1: (test=0.662) roc_auc: (test=0.915) 1.60min
[fit 24/90] END min_samples_leaf=3, min_samples_split=7; total=4431, TP=131, TN=4169, FP=51, FN=80; precision=0.720, recall=0.621
accuracy: (test=0.970) average_precision: (test=0.706) balanced_accuracy: (test=0.804) f1: (test=0.667) roc_auc: (test=0.907) 1.71min
[fit 25/90] END min_samples_leaf=3, min_samples_split=8; total=4431, TP=129, TN=4171, FP=49, FN=82; precision=0.725, recall=0.611
accuracy: (test=0.970) average_precision: (test=0.703) balanced_accuracy: (test=0.800) f1: (test=0.663) roc_auc: (test=0.909) 1.75min
[fit 26/90] END min_samples_leaf=3, min_samples_split=9; total=4431, TP=131, TN=4170, FP=50, FN=80; precision=0.724, recall=0.621
accuracy: (test=0.971) average_precision: (test=0.699) balanced_accuracy: (test=0.805) f1: (test=0.668) roc_auc: (test=0.910) 1.59min
[fit 27/90] END min_samples_leaf=3, min_samples_split=10; total=4431, TP=127, TN=4167, FP=53, FN=84; precision=0.706, recall=0.602
accuracy: (test=0.969) average_precision: (test=0.708) balanced_accuracy: (test=0.795) f1: (test=0.650) roc_auc: (test=0.914) 1.63min
[fit 28/90] END min_samples_leaf=4, min_samples_split=2; total=4431, TP=129, TN=4167, FP=53, FN=82; precision=0.709, recall=0.611
accuracy: (test=0.970) average_precision: (test=0.703) balanced_accuracy: (test=0.799) f1: (test=0.656) roc_auc: (test=0.912) 1.77min
[fit 29/90] END min_samples_leaf=4, min_samples_split=3; total=4431, TP=130, TN=4173, FP=47, FN=81; precision=0.734, recall=0.616
accuracy: (test=0.971) average_precision: (test=0.708) balanced_accuracy: (test=0.802) f1: (test=0.670) roc_auc: (test=0.915) 1.47min
[fit 30/90] END min_samples_leaf=4, min_samples_split=4; total=4431, TP=132, TN=4170, FP=50, FN=79; precision=0.725, recall=0.626
accuracy: (test=0.971) average_precision: (test=0.705) balanced_accuracy: (test=0.807) f1: (test=0.672) roc_auc: (test=0.916) 1.54min
[fit 31/90] END min_samples_leaf=4, min_samples_split=5; total=4431, TP=134, TN=4171, FP=49, FN=77; precision=0.732, recall=0.635
accuracy: (test=0.972) average_precision: (test=0.707) balanced_accuracy: (test=0.812) f1: (test=0.680) roc_auc: (test=0.910) 1.60min
[fit 32/90] END min_samples_leaf=4, min_samples_split=6; total=4431, TP=129, TN=4167, FP=53, FN=82; precision=0.709, recall=0.611
accuracy: (test=0.970) average_precision: (test=0.699) balanced_accuracy: (test=0.799) f1: (test=0.656) roc_auc: (test=0.913) 1.53min
[fit 33/90] END min_samples_leaf=4, min_samples_split=7; total=4431, TP=128, TN=4168, FP=52, FN=83; precision=0.711, recall=0.607
accuracy: (test=0.970) average_precision: (test=0.694) balanced_accuracy: (test=0.797) f1: (test=0.655) roc_auc: (test=0.913) 1.60min
[fit 34/90] END min_samples_leaf=4, min_samples_split=8; total=4431, TP=133, TN=4169, FP=51, FN=78; precision=0.723, recall=0.630
accuracy: (test=0.971) average_precision: (test=0.707) balanced_accuracy: (test=0.809) f1: (test=0.673) roc_auc: (test=0.915) 1.56min
[fit 35/90] END min_samples_leaf=4, min_samples_split=9; total=4431, TP=133, TN=4167, FP=53, FN=78; precision=0.715, recall=0.630
accuracy: (test=0.970) average_precision: (test=0.700) balanced_accuracy: (test=0.809) f1: (test=0.670) roc_auc: (test=0.915) 1.41min
[fit 36/90] END min_samples_leaf=4, min_samples_split=10; total=4431, TP=129, TN=4170, FP=50, FN=82; precision=0.721, recall=0.611
accuracy: (test=0.970) average_precision: (test=0.702) balanced_accuracy: (test=0.800) f1: (test=0.662) roc_auc: (test=0.913) 1.18min
[fit 37/90] END min_samples_leaf=5, min_samples_split=2; total=4431, TP=130, TN=4167, FP=53, FN=81; precision=0.710, recall=0.616
accuracy: (test=0.970) average_precision: (test=0.693) balanced_accuracy: (test=0.802) f1: (test=0.660) roc_auc: (test=0.910) 1.11min
[fit 38/90] END min_samples_leaf=5, min_samples_split=3; total=4431, TP=130, TN=4169, FP=51, FN=81; precision=0.718, recall=0.616
accuracy: (test=0.970) average_precision: (test=0.692) balanced_accuracy: (test=0.802) f1: (test=0.663) roc_auc: (test=0.908) 1.15min
[fit 39/90] END min_samples_leaf=5, min_samples_split=4; total=4431, TP=130, TN=4166, FP=54, FN=81; precision=0.707, recall=0.616
accuracy: (test=0.970) average_precision: (test=0.696) balanced_accuracy: (test=0.802) f1: (test=0.658) roc_auc: (test=0.914) 1.19min
[fit 40/90] END min_samples_leaf=5, min_samples_split=5; total=4431, TP=129, TN=4165, FP=55, FN=82; precision=0.701, recall=0.611
accuracy: (test=0.969) average_precision: (test=0.699) balanced_accuracy: (test=0.799) f1: (test=0.653) roc_auc: (test=0.912) 1.16min
[fit 41/90] END min_samples_leaf=5, min_samples_split=6; total=4431, TP=130, TN=4163, FP=57, FN=81; precision=0.695, recall=0.616
accuracy: (test=0.969) average_precision: (test=0.692) balanced_accuracy: (test=0.801) f1: (test=0.653) roc_auc: (test=0.915) 1.17min
[fit 42/90] END min_samples_leaf=5, min_samples_split=7; total=4431, TP=131, TN=4161, FP=59, FN=80; precision=0.689, recall=0.621
accuracy: (test=0.969) average_precision: (test=0.698) balanced_accuracy: (test=0.803) f1: (test=0.653) roc_auc: (test=0.914) 1.12min
[fit 43/90] END min_samples_leaf=5, min_samples_split=8; total=4431, TP=128, TN=4165, FP=55, FN=83; precision=0.699, recall=0.607
accuracy: (test=0.969) average_precision: (test=0.690) balanced_accuracy: (test=0.797) f1: (test=0.650) roc_auc: (test=0.902) 1.13min
[fit 44/90] END min_samples_leaf=5, min_samples_split=9; total=4431, TP=131, TN=4163, FP=57, FN=80; precision=0.697, recall=0.621
accuracy: (test=0.969) average_precision: (test=0.694) balanced_accuracy: (test=0.804) f1: (test=0.657) roc_auc: (test=0.911) 1.14min
[fit 45/90] END min_samples_leaf=5, min_samples_split=10; total=4431, TP=127, TN=4171, FP=49, FN=84; precision=0.722, recall=0.602
accuracy: (test=0.970) average_precision: (test=0.692) balanced_accuracy: (test=0.795) f1: (test=0.656) roc_auc: (test=0.911) 1.16min
[fit 46/90] END min_samples_leaf=6, min_samples_split=2; total=4431, TP=131, TN=4164, FP=56, FN=80; precision=0.701, recall=0.621
accuracy: (test=0.969) average_precision: (test=0.684) balanced_accuracy: (test=0.804) f1: (test=0.658) roc_auc: (test=0.911) 1.16min
[fit 47/90] END min_samples_leaf=6, min_samples_split=3; total=4431, TP=131, TN=4161, FP=59, FN=80; precision=0.689, recall=0.621
accuracy: (test=0.969) average_precision: (test=0.686) balanced_accuracy: (test=0.803) f1: (test=0.653) roc_auc: (test=0.909) 1.15min
[fit 48/90] END min_samples_leaf=6, min_samples_split=4; total=4431, TP=128, TN=4160, FP=60, FN=83; precision=0.681, recall=0.607
accuracy: (test=0.968) average_precision: (test=0.684) balanced_accuracy: (test=0.796) f1: (test=0.642) roc_auc: (test=0.912) 1.10min
[fit 49/90] END min_samples_leaf=6, min_samples_split=5; total=4431, TP=134, TN=4161, FP=59, FN=77; precision=0.694, recall=0.635
accuracy: (test=0.969) average_precision: (test=0.688) balanced_accuracy: (test=0.811) f1: (test=0.663) roc_auc: (test=0.910) 1.15min
[fit 50/90] END min_samples_leaf=6, min_samples_split=6; total=4431, TP=126, TN=4161, FP=59, FN=85; precision=0.681, recall=0.597
accuracy: (test=0.968) average_precision: (test=0.688) balanced_accuracy: (test=0.792) f1: (test=0.636) roc_auc: (test=0.910) 1.16min
[fit 51/90] END min_samples_leaf=6, min_samples_split=7; total=4431, TP=129, TN=4166, FP=54, FN=82; precision=0.705, recall=0.611
accuracy: (test=0.969) average_precision: (test=0.695) balanced_accuracy: (test=0.799) f1: (test=0.655) roc_auc: (test=0.918) 1.16min
[fit 52/90] END min_samples_leaf=6, min_samples_split=8; total=4431, TP=131, TN=4164, FP=56, FN=80; precision=0.701, recall=0.621
accuracy: (test=0.969) average_precision: (test=0.689) balanced_accuracy: (test=0.804) f1: (test=0.658) roc_auc: (test=0.906) 1.16min
[fit 53/90] END min_samples_leaf=6, min_samples_split=9; total=4431, TP=132, TN=4167, FP=53, FN=79; precision=0.714, recall=0.626
accuracy: (test=0.970) average_precision: (test=0.686) balanced_accuracy: (test=0.807) f1: (test=0.667) roc_auc: (test=0.909) 1.12min
[fit 54/90] END min_samples_leaf=6, min_samples_split=10; total=4431, TP=133, TN=4166, FP=54, FN=78; precision=0.711, recall=0.630
accuracy: (test=0.970) average_precision: (test=0.694) balanced_accuracy: (test=0.809) f1: (test=0.668) roc_auc: (test=0.911) 1.14min
[fit 55/90] END min_samples_leaf=7, min_samples_split=2; total=4431, TP=132, TN=4163, FP=57, FN=79; precision=0.698, recall=0.626
accuracy: (test=0.969) average_precision: (test=0.684) balanced_accuracy: (test=0.806) f1: (test=0.660) roc_auc: (test=0.910) 1.13min
[fit 56/90] END min_samples_leaf=7, min_samples_split=3; total=4431, TP=126, TN=4165, FP=55, FN=85; precision=0.696, recall=0.597
accuracy: (test=0.968) average_precision: (test=0.679) balanced_accuracy: (test=0.792) f1: (test=0.643) roc_auc: (test=0.911) 1.13min
[fit 57/90] END min_samples_leaf=7, min_samples_split=4; total=4431, TP=128, TN=4158, FP=62, FN=83; precision=0.674, recall=0.607
accuracy: (test=0.967) average_precision: (test=0.680) balanced_accuracy: (test=0.796) f1: (test=0.638) roc_auc: (test=0.913) 1.07min
[fit 58/90] END min_samples_leaf=7, min_samples_split=5; total=4431, TP=129, TN=4162, FP=58, FN=82; precision=0.690, recall=0.611
accuracy: (test=0.968) average_precision: (test=0.685) balanced_accuracy: (test=0.799) f1: (test=0.648) roc_auc: (test=0.909) 1.18min
[fit 59/90] END min_samples_leaf=7, min_samples_split=6; total=4431, TP=135, TN=4165, FP=55, FN=76; precision=0.711, recall=0.640
accuracy: (test=0.970) average_precision: (test=0.685) balanced_accuracy: (test=0.813) f1: (test=0.673) roc_auc: (test=0.913) 1.17min
[fit 60/90] END min_samples_leaf=7, min_samples_split=7; total=4431, TP=133, TN=4161, FP=59, FN=78; precision=0.693, recall=0.630
accuracy: (test=0.969) average_precision: (test=0.684) balanced_accuracy: (test=0.808) f1: (test=0.660) roc_auc: (test=0.914) 1.20min
[fit 61/90] END min_samples_leaf=7, min_samples_split=8; total=4431, TP=130, TN=4162, FP=58, FN=81; precision=0.691, recall=0.616
accuracy: (test=0.969) average_precision: (test=0.686) balanced_accuracy: (test=0.801) f1: (test=0.652) roc_auc: (test=0.914) 1.10min
[fit 62/90] END min_samples_leaf=7, min_samples_split=9; total=4431, TP=136, TN=4159, FP=61, FN=75; precision=0.690, recall=0.645
accuracy: (test=0.969) average_precision: (test=0.686) balanced_accuracy: (test=0.815) f1: (test=0.667) roc_auc: (test=0.915) 1.16min
[fit 63/90] END min_samples_leaf=7, min_samples_split=10; total=4431, TP=131, TN=4162, FP=58, FN=80; precision=0.693, recall=0.621
accuracy: (test=0.969) average_precision: (test=0.683) balanced_accuracy: (test=0.804) f1: (test=0.655) roc_auc: (test=0.915) 1.15min
[fit 64/90] END min_samples_leaf=8, min_samples_split=2; total=4431, TP=132, TN=4162, FP=58, FN=79; precision=0.695, recall=0.626
accuracy: (test=0.969) average_precision: (test=0.675) balanced_accuracy: (test=0.806) f1: (test=0.658) roc_auc: (test=0.907) 1.13min
[fit 65/90] END min_samples_leaf=8, min_samples_split=3; total=4431, TP=134, TN=4162, FP=58, FN=77; precision=0.698, recall=0.635
accuracy: (test=0.970) average_precision: (test=0.675) balanced_accuracy: (test=0.811) f1: (test=0.665) roc_auc: (test=0.912) 1.12min
[fit 66/90] END min_samples_leaf=8, min_samples_split=4; total=4431, TP=130, TN=4159, FP=61, FN=81; precision=0.681, recall=0.616
accuracy: (test=0.968) average_precision: (test=0.682) balanced_accuracy: (test=0.801) f1: (test=0.647) roc_auc: (test=0.915) 1.08min
[fit 67/90] END min_samples_leaf=8, min_samples_split=5; total=4431, TP=127, TN=4157, FP=63, FN=84; precision=0.668, recall=0.602
accuracy: (test=0.967) average_precision: (test=0.677) balanced_accuracy: (test=0.793) f1: (test=0.633) roc_auc: (test=0.913) 1.08min
[fit 68/90] END min_samples_leaf=8, min_samples_split=6; total=4431, TP=133, TN=4159, FP=61, FN=78; precision=0.686, recall=0.630
accuracy: (test=0.969) average_precision: (test=0.674) balanced_accuracy: (test=0.808) f1: (test=0.657) roc_auc: (test=0.911) 1.13min
[fit 69/90] END min_samples_leaf=8, min_samples_split=7; total=4431, TP=129, TN=4162, FP=58, FN=82; precision=0.690, recall=0.611
accuracy: (test=0.968) average_precision: (test=0.679) balanced_accuracy: (test=0.799) f1: (test=0.648) roc_auc: (test=0.911) 1.16min
[fit 70/90] END min_samples_leaf=8, min_samples_split=8; total=4431, TP=131, TN=4162, FP=58, FN=80; precision=0.693, recall=0.621
accuracy: (test=0.969) average_precision: (test=0.678) balanced_accuracy: (test=0.804) f1: (test=0.655) roc_auc: (test=0.911) 1.12min
[fit 71/90] END min_samples_leaf=8, min_samples_split=9; total=4431, TP=130, TN=4157, FP=63, FN=81; precision=0.674, recall=0.616
accuracy: (test=0.968) average_precision: (test=0.670) balanced_accuracy: (test=0.801) f1: (test=0.644) roc_auc: (test=0.909) 1.08min
[fit 72/90] END min_samples_leaf=8, min_samples_split=10; total=4431, TP=133, TN=4162, FP=58, FN=78; precision=0.696, recall=0.630
accuracy: (test=0.969) average_precision: (test=0.672) balanced_accuracy: (test=0.808) f1: (test=0.662) roc_auc: (test=0.910) 1.11min
[fit 73/90] END min_samples_leaf=9, min_samples_split=2; total=4431, TP=130, TN=4156, FP=64, FN=81; precision=0.670, recall=0.616
accuracy: (test=0.967) average_precision: (test=0.670) balanced_accuracy: (test=0.800) f1: (test=0.642) roc_auc: (test=0.911) 1.07min
[fit 74/90] END min_samples_leaf=9, min_samples_split=3; total=4431, TP=129, TN=4163, FP=57, FN=82; precision=0.694, recall=0.611
accuracy: (test=0.969) average_precision: (test=0.669) balanced_accuracy: (test=0.799) f1: (test=0.650) roc_auc: (test=0.909) 1.16min
[fit 75/90] END min_samples_leaf=9, min_samples_split=4; total=4431, TP=129, TN=4155, FP=65, FN=82; precision=0.665, recall=0.611
accuracy: (test=0.967) average_precision: (test=0.662) balanced_accuracy: (test=0.798) f1: (test=0.637) roc_auc: (test=0.906) 1.11min
[fit 76/90] END min_samples_leaf=9, min_samples_split=5; total=4431, TP=127, TN=4158, FP=62, FN=84; precision=0.672, recall=0.602
accuracy: (test=0.967) average_precision: (test=0.669) balanced_accuracy: (test=0.794) f1: (test=0.635) roc_auc: (test=0.910) 1.10min
[fit 77/90] END min_samples_leaf=9, min_samples_split=6; total=4431, TP=131, TN=4161, FP=59, FN=80; precision=0.689, recall=0.621
accuracy: (test=0.969) average_precision: (test=0.680) balanced_accuracy: (test=0.803) f1: (test=0.653) roc_auc: (test=0.908) 1.09min
[fit 78/90] END min_samples_leaf=9, min_samples_split=7; total=4431, TP=128, TN=4156, FP=64, FN=83; precision=0.667, recall=0.607
accuracy: (test=0.967) average_precision: (test=0.671) balanced_accuracy: (test=0.796) f1: (test=0.635) roc_auc: (test=0.910) 1.06min
[fit 79/90] END min_samples_leaf=9, min_samples_split=8; total=4431, TP=131, TN=4155, FP=65, FN=80; precision=0.668, recall=0.621
accuracy: (test=0.967) average_precision: (test=0.670) balanced_accuracy: (test=0.803) f1: (test=0.644) roc_auc: (test=0.910) 1.14min
[fit 80/90] END min_samples_leaf=9, min_samples_split=9; total=4431, TP=127, TN=4158, FP=62, FN=84; precision=0.672, recall=0.602
accuracy: (test=0.967) average_precision: (test=0.668) balanced_accuracy: (test=0.794) f1: (test=0.635) roc_auc: (test=0.911) 1.04min
[fit 81/90] END min_samples_leaf=9, min_samples_split=10; total=4431, TP=126, TN=4158, FP=62, FN=85; precision=0.670, recall=0.597
accuracy: (test=0.967) average_precision: (test=0.667) balanced_accuracy: (test=0.791) f1: (test=0.632) roc_auc: (test=0.912) 1.07min
[fit 82/90] END min_samples_leaf=10, min_samples_split=2; total=4431, TP=129, TN=4152, FP=68, FN=82; precision=0.655, recall=0.611
accuracy: (test=0.966) average_precision: (test=0.664) balanced_accuracy: (test=0.798) f1: (test=0.632) roc_auc: (test=0.912) 1.08min
[fit 83/90] END min_samples_leaf=10, min_samples_split=3; total=4431, TP=132, TN=4159, FP=61, FN=79; precision=0.684, recall=0.626
accuracy: (test=0.968) average_precision: (test=0.664) balanced_accuracy: (test=0.806) f1: (test=0.653) roc_auc: (test=0.908) 1.09min
[fit 84/90] END min_samples_leaf=10, min_samples_split=4; total=4431, TP=129, TN=4156, FP=64, FN=82; precision=0.668, recall=0.611
accuracy: (test=0.967) average_precision: (test=0.660) balanced_accuracy: (test=0.798) f1: (test=0.639) roc_auc: (test=0.907) 1.11min
[fit 85/90] END min_samples_leaf=10, min_samples_split=5; total=4431, TP=130, TN=4159, FP=61, FN=81; precision=0.681, recall=0.616
accuracy: (test=0.968) average_precision: (test=0.673) balanced_accuracy: (test=0.801) f1: (test=0.647) roc_auc: (test=0.912) 1.08min
[fit 86/90] END min_samples_leaf=10, min_samples_split=6; total=4431, TP=129, TN=4153, FP=67, FN=82; precision=0.658, recall=0.611
accuracy: (test=0.966) average_precision: (test=0.666) balanced_accuracy: (test=0.798) f1: (test=0.634) roc_auc: (test=0.912) 1.11min
[fit 87/90] END min_samples_leaf=10, min_samples_split=7; total=4431, TP=130, TN=4154, FP=66, FN=81; precision=0.663, recall=0.616
accuracy: (test=0.967) average_precision: (test=0.662) balanced_accuracy: (test=0.800) f1: (test=0.639) roc_auc: (test=0.911) 1.07min
[fit 88/90] END min_samples_leaf=10, min_samples_split=8; total=4431, TP=130, TN=4154, FP=66, FN=81; precision=0.663, recall=0.616
accuracy: (test=0.967) average_precision: (test=0.663) balanced_accuracy: (test=0.800) f1: (test=0.639) roc_auc: (test=0.911) 1.08min
[fit 89/90] END min_samples_leaf=10, min_samples_split=9; total=4431, TP=128, TN=4156, FP=64, FN=83; precision=0.667, recall=0.607
accuracy: (test=0.967) average_precision: (test=0.664) balanced_accuracy: (test=0.796) f1: (test=0.635) roc_auc: (test=0.906) 1.08min
[fit 90/90] END min_samples_leaf=10, min_samples_split=10; total=4431, TP=134, TN=4155, FP=65, FN=77; precision=0.673, recall=0.635
accuracy: (test=0.968) average_precision: (test=0.665) balanced_accuracy: (test=0.810) f1: (test=0.654) roc_auc: (test=0.907) 1.07min
clf.best_estimator_params: {'min_samples_leaf': 2, 'min_samples_split': 9}
best params found in line [18] for metric [roc_auc] in rank file
best params found in fit [17] for metric [roc_auc] in run_and_score file
clf.best_scoring_result: [Total: (test=4431) TP: (test=128.000) TN: (test=4175.000) FP: (test=45.000) FN: (test=83.000) precision: (test=0.740) recall: (test=0.607) accuracy: (test=0.971) average_precision: (test=0.717) balanced_accuracy: (test=0.798) f1: (test=0.667) roc_auc: (test=0.921) ]
write rank test to csv!!!
../../ex/epivan/base/tpcp_rf_base/rank/GM12878_tpcp_rf_base_rank_3_3090.csv write over!!!
第四次
{'bootstrap': True, 'ccp_alpha': 0.0, 'class_weight': None, 'criterion': 'gini', 'max_depth': 89, 'max_features': 'auto', 'max_leaf_nodes': None, 'max_samples': None, 'min_impurity_decrease': 0.0, 'min_impurity_split': None, 'min_samples_leaf': 2, 'min_samples_split': 9, 'min_weight_fraction_leaf': 0.0, 'n_estimators': 250, 'n_jobs': 5, 'oob_score': False, 'random_state': None, 'verbose': 0, 'warm_start': False}
Fitting, totalling 4 fits
[fit 1/4] END max_features=auto; total=4431, TP=126, TN=4169, FP=51, FN=85; precision=0.712, recall=0.597
accuracy: (test=0.969) average_precision: (test=0.715) balanced_accuracy: (test=0.793) f1: (test=0.649) roc_auc: (test=0.913) 1.22min
[fit 2/4] END max_features=sqrt; total=4431, TP=128, TN=4171, FP=49, FN=83; precision=0.723, recall=0.607
accuracy: (test=0.970) average_precision: (test=0.710) balanced_accuracy: (test=0.798) f1: (test=0.660) roc_auc: (test=0.909) 1.24min
[fit 3/4] END max_features=log2; total=4431, TP=125, TN=4188, FP=32, FN=86; precision=0.796, recall=0.592
accuracy: (test=0.973) average_precision: (test=0.707) balanced_accuracy: (test=0.792) f1: (test=0.679) roc_auc: (test=0.915) 25.40s
[fit 4/4] END max_features=None; total=4431, TP=134, TN=4166, FP=54, FN=77; precision=0.713, recall=0.635
accuracy: (test=0.970) average_precision: (test=0.692) balanced_accuracy: (test=0.811) f1: (test=0.672) roc_auc: (test=0.916) 39.80min
clf.best_estimator_params: {'max_features': None}
best params found in line [5] for metric [roc_auc] in rank file
best params found in fit [4] for metric [roc_auc] in run_and_score file
clf.best_scoring_result: [Total: (test=4431) TP: (test=134.000) TN: (test=4166.000) FP: (test=54.000) FN: (test=77.000) precision: (test=0.713) recall: (test=0.635) accuracy: (test=0.970) average_precision: (test=0.692) balanced_accuracy: (test=0.811) f1: (test=0.672) roc_auc: (test=0.916) ]
write rank test to csv!!!
../../ex/epivan/base/tpcp_rf_base/rank/GM12878_tpcp_rf_base_rank_4_3090.csv write over!!!
total time spending: 7h 54m 40s
best_params_result: {'n_estimators': 250, 'max_depth': 89, 'min_samples_leaf': 2, 'min_samples_split': 9, 'max_features': None}
