nohup: ignoring input
../../ex/epivan/base/pseknc_new_xgboost_base created !!!
../../ex/epivan/base/pseknc_new_xgboost_base/rank created !!!
experiment: GM12878 pseknc_new_xgboost
trainSet len:[X=76020,y=76020]
testSet len:[X=4431,y=4431]
第一次
{'objective': 'binary:logistic', 'use_label_encoder': False, 'base_score': None, 'booster': None, 'colsample_bylevel': None, 'colsample_bynode': None, 'colsample_bytree': 0.8, 'gamma': 0, 'gpu_id': None, 'importance_type': 'gain', 'interaction_constraints': None, 'learning_rate': 0.1, 'max_delta_step': None, 'max_depth': 5, 'min_child_weight': 1, 'missing': nan, 'monotone_constraints': None, 'n_estimators': 500, 'n_jobs': None, 'num_parallel_tree': None, 'random_state': None, 'reg_alpha': 0, 'reg_lambda': 1, 'scale_pos_weight': None, 'subsample': 0.8, 'tree_method': 'gpu_hist', 'validate_parameters': None, 'verbosity': None, 'seed': 0, 'eval_metric': 'logloss'}
Fitting, totalling 20 fits
[fit 1/20] END n_estimators=50; total=4431, TP=139, TN=3541, FP=679, FN=72; precision=0.170, recall=0.659
accuracy: (test=0.831) average_precision: (test=0.315) balanced_accuracy: (test=0.749) f1: (test=0.270) roc_auc: (test=0.822) 1.86s
[fit 2/20] END n_estimators=100; total=4431, TP=146, TN=3751, FP=469, FN=65; precision=0.237, recall=0.692
accuracy: (test=0.879) average_precision: (test=0.401) balanced_accuracy: (test=0.790) f1: (test=0.354) roc_auc: (test=0.857) 1.91s
[fit 3/20] END n_estimators=150; total=4431, TP=149, TN=3864, FP=356, FN=62; precision=0.295, recall=0.706
accuracy: (test=0.906) average_precision: (test=0.473) balanced_accuracy: (test=0.811) f1: (test=0.416) roc_auc: (test=0.874) 2.75s
[fit 4/20] END n_estimators=200; total=4431, TP=150, TN=3923, FP=297, FN=61; precision=0.336, recall=0.711
accuracy: (test=0.919) average_precision: (test=0.519) balanced_accuracy: (test=0.820) f1: (test=0.456) roc_auc: (test=0.884) 3.45s
[fit 5/20] END n_estimators=250; total=4431, TP=154, TN=3971, FP=249, FN=57; precision=0.382, recall=0.730
accuracy: (test=0.931) average_precision: (test=0.563) balanced_accuracy: (test=0.835) f1: (test=0.502) roc_auc: (test=0.892) 4.05s
[fit 6/20] END n_estimators=300; total=4431, TP=149, TN=4022, FP=198, FN=62; precision=0.429, recall=0.706
accuracy: (test=0.941) average_precision: (test=0.585) balanced_accuracy: (test=0.830) f1: (test=0.534) roc_auc: (test=0.897) 4.75s
[fit 7/20] END n_estimators=350; total=4431, TP=146, TN=4049, FP=171, FN=65; precision=0.461, recall=0.692
accuracy: (test=0.947) average_precision: (test=0.604) balanced_accuracy: (test=0.826) f1: (test=0.553) roc_auc: (test=0.898) 5.46s
[fit 8/20] END n_estimators=400; total=4431, TP=143, TN=4060, FP=160, FN=68; precision=0.472, recall=0.678
accuracy: (test=0.949) average_precision: (test=0.630) balanced_accuracy: (test=0.820) f1: (test=0.556) roc_auc: (test=0.901) 6.06s
[fit 9/20] END n_estimators=450; total=4431, TP=140, TN=4078, FP=142, FN=71; precision=0.496, recall=0.664
accuracy: (test=0.952) average_precision: (test=0.646) balanced_accuracy: (test=0.815) f1: (test=0.568) roc_auc: (test=0.903) 6.70s
[fit 10/20] END n_estimators=500; total=4431, TP=141, TN=4097, FP=123, FN=70; precision=0.534, recall=0.668
accuracy: (test=0.956) average_precision: (test=0.659) balanced_accuracy: (test=0.820) f1: (test=0.594) roc_auc: (test=0.905) 7.33s
[fit 11/20] END n_estimators=550; total=4431, TP=141, TN=4109, FP=111, FN=70; precision=0.560, recall=0.668
accuracy: (test=0.959) average_precision: (test=0.669) balanced_accuracy: (test=0.821) f1: (test=0.609) roc_auc: (test=0.906) 7.97s
[fit 12/20] END n_estimators=600; total=4431, TP=139, TN=4120, FP=100, FN=72; precision=0.582, recall=0.659
accuracy: (test=0.961) average_precision: (test=0.678) balanced_accuracy: (test=0.818) f1: (test=0.618) roc_auc: (test=0.908) 8.63s
[fit 13/20] END n_estimators=650; total=4431, TP=138, TN=4133, FP=87, FN=73; precision=0.613, recall=0.654
accuracy: (test=0.964) average_precision: (test=0.689) balanced_accuracy: (test=0.817) f1: (test=0.633) roc_auc: (test=0.910) 9.61s
[fit 14/20] END n_estimators=700; total=4431, TP=137, TN=4141, FP=79, FN=74; precision=0.634, recall=0.649
accuracy: (test=0.965) average_precision: (test=0.699) balanced_accuracy: (test=0.815) f1: (test=0.642) roc_auc: (test=0.912) 10.45s
[fit 15/20] END n_estimators=750; total=4431, TP=136, TN=4143, FP=77, FN=75; precision=0.638, recall=0.645
accuracy: (test=0.966) average_precision: (test=0.705) balanced_accuracy: (test=0.813) f1: (test=0.642) roc_auc: (test=0.914) 11.21s
[fit 16/20] END n_estimators=800; total=4431, TP=134, TN=4153, FP=67, FN=77; precision=0.667, recall=0.635
accuracy: (test=0.968) average_precision: (test=0.711) balanced_accuracy: (test=0.810) f1: (test=0.650) roc_auc: (test=0.915) 11.92s
[fit 17/20] END n_estimators=850; total=4431, TP=135, TN=4159, FP=61, FN=76; precision=0.689, recall=0.640
accuracy: (test=0.969) average_precision: (test=0.716) balanced_accuracy: (test=0.813) f1: (test=0.663) roc_auc: (test=0.916) 12.35s
[fit 18/20] END n_estimators=900; total=4431, TP=135, TN=4164, FP=56, FN=76; precision=0.707, recall=0.640
accuracy: (test=0.970) average_precision: (test=0.721) balanced_accuracy: (test=0.813) f1: (test=0.672) roc_auc: (test=0.917) 13.15s
[fit 19/20] END n_estimators=950; total=4431, TP=134, TN=4165, FP=55, FN=77; precision=0.709, recall=0.635
accuracy: (test=0.970) average_precision: (test=0.723) balanced_accuracy: (test=0.811) f1: (test=0.670) roc_auc: (test=0.917) 13.86s
[fit 20/20] END n_estimators=1000; total=4431, TP=135, TN=4166, FP=54, FN=76; precision=0.714, recall=0.640
accuracy: (test=0.971) average_precision: (test=0.725) balanced_accuracy: (test=0.814) f1: (test=0.675) roc_auc: (test=0.916) 14.39s
clf.best_estimator_params: {'n_estimators': 950}
best params found in line [20] for metric [roc_auc] in rank file
best params found in fit [19] for metric [roc_auc] in run_and_score file
clf.best_scoring_result: [Total: (test=4431) TP: (test=134.000) TN: (test=4165.000) FP: (test=55.000) FN: (test=77.000) precision: (test=0.709) recall: (test=0.635) accuracy: (test=0.970) average_precision: (test=0.723) balanced_accuracy: (test=0.811) f1: (test=0.670) roc_auc: (test=0.917) ]
write rank test to csv!!!
../../ex/epivan/base/pseknc_new_xgboost_base/rank/GM12878_rank_rank_1_2080ti.csv write over!!!
第二次
{'objective': 'binary:logistic', 'use_label_encoder': False, 'base_score': None, 'booster': None, 'colsample_bylevel': None, 'colsample_bynode': None, 'colsample_bytree': 0.8, 'gamma': 0, 'gpu_id': None, 'importance_type': 'gain', 'interaction_constraints': None, 'learning_rate': 0.1, 'max_delta_step': None, 'max_depth': 5, 'min_child_weight': 1, 'missing': nan, 'monotone_constraints': None, 'n_estimators': 950, 'n_jobs': None, 'num_parallel_tree': None, 'random_state': None, 'reg_alpha': 0, 'reg_lambda': 1, 'scale_pos_weight': None, 'subsample': 0.8, 'tree_method': 'gpu_hist', 'validate_parameters': None, 'verbosity': None, 'seed': 0, 'eval_metric': 'logloss'}
Fitting, totalling 54 fits
[fit 1/54] END max_depth=3, min_child_weight=1; total=4431, TP=151, TN=3944, FP=276, FN=60; precision=0.354, recall=0.716
accuracy: (test=0.924) average_precision: (test=0.531) balanced_accuracy: (test=0.825) f1: (test=0.473) roc_auc: (test=0.897) 8.22s
[fit 2/54] END max_depth=3, min_child_weight=2; total=4431, TP=149, TN=3944, FP=276, FN=62; precision=0.351, recall=0.706
accuracy: (test=0.924) average_precision: (test=0.549) balanced_accuracy: (test=0.820) f1: (test=0.469) roc_auc: (test=0.900) 8.16s
[fit 3/54] END max_depth=3, min_child_weight=3; total=4431, TP=150, TN=3919, FP=301, FN=61; precision=0.333, recall=0.711
accuracy: (test=0.918) average_precision: (test=0.541) balanced_accuracy: (test=0.820) f1: (test=0.453) roc_auc: (test=0.889) 8.19s
[fit 4/54] END max_depth=3, min_child_weight=4; total=4431, TP=150, TN=3933, FP=287, FN=61; precision=0.343, recall=0.711
accuracy: (test=0.921) average_precision: (test=0.537) balanced_accuracy: (test=0.821) f1: (test=0.463) roc_auc: (test=0.894) 7.83s
[fit 5/54] END max_depth=3, min_child_weight=5; total=4431, TP=152, TN=3928, FP=292, FN=59; precision=0.342, recall=0.720
accuracy: (test=0.921) average_precision: (test=0.544) balanced_accuracy: (test=0.826) f1: (test=0.464) roc_auc: (test=0.896) 7.79s
[fit 6/54] END max_depth=3, min_child_weight=6; total=4431, TP=155, TN=3940, FP=280, FN=56; precision=0.356, recall=0.735
accuracy: (test=0.924) average_precision: (test=0.525) balanced_accuracy: (test=0.834) f1: (test=0.480) roc_auc: (test=0.898) 7.64s
[fit 7/54] END max_depth=4, min_child_weight=1; total=4431, TP=141, TN=4084, FP=136, FN=70; precision=0.509, recall=0.668
accuracy: (test=0.954) average_precision: (test=0.665) balanced_accuracy: (test=0.818) f1: (test=0.578) roc_auc: (test=0.915) 9.84s
[fit 8/54] END max_depth=4, min_child_weight=2; total=4431, TP=140, TN=4086, FP=134, FN=71; precision=0.511, recall=0.664
accuracy: (test=0.954) average_precision: (test=0.649) balanced_accuracy: (test=0.816) f1: (test=0.577) roc_auc: (test=0.911) 9.69s
[fit 9/54] END max_depth=4, min_child_weight=3; total=4431, TP=139, TN=4091, FP=129, FN=72; precision=0.519, recall=0.659
accuracy: (test=0.955) average_precision: (test=0.651) balanced_accuracy: (test=0.814) f1: (test=0.580) roc_auc: (test=0.914) 9.74s
[fit 10/54] END max_depth=4, min_child_weight=4; total=4431, TP=141, TN=4082, FP=138, FN=70; precision=0.505, recall=0.668
accuracy: (test=0.953) average_precision: (test=0.658) balanced_accuracy: (test=0.818) f1: (test=0.576) roc_auc: (test=0.912) 9.79s
[fit 11/54] END max_depth=4, min_child_weight=5; total=4431, TP=145, TN=4083, FP=137, FN=66; precision=0.514, recall=0.687
accuracy: (test=0.954) average_precision: (test=0.663) balanced_accuracy: (test=0.827) f1: (test=0.588) roc_auc: (test=0.912) 9.59s
[fit 12/54] END max_depth=4, min_child_weight=6; total=4431, TP=146, TN=4083, FP=137, FN=65; precision=0.516, recall=0.692
accuracy: (test=0.954) average_precision: (test=0.658) balanced_accuracy: (test=0.830) f1: (test=0.591) roc_auc: (test=0.909) 9.90s
[fit 13/54] END max_depth=5, min_child_weight=1; total=4431, TP=134, TN=4165, FP=55, FN=77; precision=0.709, recall=0.635
accuracy: (test=0.970) average_precision: (test=0.723) balanced_accuracy: (test=0.811) f1: (test=0.670) roc_auc: (test=0.917) 13.59s
[fit 14/54] END max_depth=5, min_child_weight=2; total=4431, TP=131, TN=4153, FP=67, FN=80; precision=0.662, recall=0.621
accuracy: (test=0.967) average_precision: (test=0.710) balanced_accuracy: (test=0.802) f1: (test=0.641) roc_auc: (test=0.909) 13.24s
[fit 15/54] END max_depth=5, min_child_weight=3; total=4431, TP=137, TN=4160, FP=60, FN=74; precision=0.695, recall=0.649
accuracy: (test=0.970) average_precision: (test=0.727) balanced_accuracy: (test=0.818) f1: (test=0.672) roc_auc: (test=0.915) 12.91s
[fit 16/54] END max_depth=5, min_child_weight=4; total=4431, TP=132, TN=4149, FP=71, FN=79; precision=0.650, recall=0.626
accuracy: (test=0.966) average_precision: (test=0.719) balanced_accuracy: (test=0.804) f1: (test=0.638) roc_auc: (test=0.919) 13.10s
[fit 17/54] END max_depth=5, min_child_weight=5; total=4431, TP=135, TN=4152, FP=68, FN=76; precision=0.665, recall=0.640
accuracy: (test=0.968) average_precision: (test=0.708) balanced_accuracy: (test=0.812) f1: (test=0.652) roc_auc: (test=0.913) 13.23s
[fit 18/54] END max_depth=5, min_child_weight=6; total=4431, TP=139, TN=4154, FP=66, FN=72; precision=0.678, recall=0.659
accuracy: (test=0.969) average_precision: (test=0.735) balanced_accuracy: (test=0.822) f1: (test=0.668) roc_auc: (test=0.920) 13.26s
[fit 19/54] END max_depth=6, min_child_weight=1; total=4431, TP=131, TN=4186, FP=34, FN=80; precision=0.794, recall=0.621
accuracy: (test=0.974) average_precision: (test=0.748) balanced_accuracy: (test=0.806) f1: (test=0.697) roc_auc: (test=0.925) 19.39s
[fit 20/54] END max_depth=6, min_child_weight=2; total=4431, TP=130, TN=4188, FP=32, FN=81; precision=0.802, recall=0.616
accuracy: (test=0.974) average_precision: (test=0.743) balanced_accuracy: (test=0.804) f1: (test=0.697) roc_auc: (test=0.916) 18.47s
[fit 21/54] END max_depth=6, min_child_weight=3; total=4431, TP=133, TN=4182, FP=38, FN=78; precision=0.778, recall=0.630
accuracy: (test=0.974) average_precision: (test=0.749) balanced_accuracy: (test=0.811) f1: (test=0.696) roc_auc: (test=0.917) 18.26s
[fit 22/54] END max_depth=6, min_child_weight=4; total=4431, TP=137, TN=4189, FP=31, FN=74; precision=0.815, recall=0.649
accuracy: (test=0.976) average_precision: (test=0.748) balanced_accuracy: (test=0.821) f1: (test=0.723) roc_auc: (test=0.914) 17.71s
[fit 23/54] END max_depth=6, min_child_weight=5; total=4431, TP=133, TN=4185, FP=35, FN=78; precision=0.792, recall=0.630
accuracy: (test=0.974) average_precision: (test=0.754) balanced_accuracy: (test=0.811) f1: (test=0.702) roc_auc: (test=0.917) 17.54s
[fit 24/54] END max_depth=6, min_child_weight=6; total=4431, TP=130, TN=4182, FP=38, FN=81; precision=0.774, recall=0.616
accuracy: (test=0.973) average_precision: (test=0.729) balanced_accuracy: (test=0.804) f1: (test=0.686) roc_auc: (test=0.922) 17.26s
[fit 25/54] END max_depth=7, min_child_weight=1; total=4431, TP=131, TN=4190, FP=30, FN=80; precision=0.814, recall=0.621
accuracy: (test=0.975) average_precision: (test=0.758) balanced_accuracy: (test=0.807) f1: (test=0.704) roc_auc: (test=0.916) 26.10s
[fit 26/54] END max_depth=7, min_child_weight=2; total=4431, TP=130, TN=4193, FP=27, FN=81; precision=0.828, recall=0.616
accuracy: (test=0.976) average_precision: (test=0.750) balanced_accuracy: (test=0.805) f1: (test=0.707) roc_auc: (test=0.917) 24.33s
[fit 27/54] END max_depth=7, min_child_weight=3; total=4431, TP=134, TN=4193, FP=27, FN=77; precision=0.832, recall=0.635
accuracy: (test=0.977) average_precision: (test=0.755) balanced_accuracy: (test=0.814) f1: (test=0.720) roc_auc: (test=0.915) 23.26s
[fit 28/54] END max_depth=7, min_child_weight=4; total=4431, TP=135, TN=4189, FP=31, FN=76; precision=0.813, recall=0.640
accuracy: (test=0.976) average_precision: (test=0.749) balanced_accuracy: (test=0.816) f1: (test=0.716) roc_auc: (test=0.919) 22.41s
[fit 29/54] END max_depth=7, min_child_weight=5; total=4431, TP=130, TN=4188, FP=32, FN=81; precision=0.802, recall=0.616
accuracy: (test=0.974) average_precision: (test=0.748) balanced_accuracy: (test=0.804) f1: (test=0.697) roc_auc: (test=0.921) 21.82s
[fit 30/54] END max_depth=7, min_child_weight=6; total=4431, TP=134, TN=4186, FP=34, FN=77; precision=0.798, recall=0.635
accuracy: (test=0.975) average_precision: (test=0.745) balanced_accuracy: (test=0.814) f1: (test=0.707) roc_auc: (test=0.916) 21.49s
[fit 31/54] END max_depth=8, min_child_weight=1; total=4431, TP=132, TN=4200, FP=20, FN=79; precision=0.868, recall=0.626
accuracy: (test=0.978) average_precision: (test=0.760) balanced_accuracy: (test=0.810) f1: (test=0.727) roc_auc: (test=0.918) 32.94s
[fit 32/54] END max_depth=8, min_child_weight=2; total=4431, TP=128, TN=4198, FP=22, FN=83; precision=0.853, recall=0.607
accuracy: (test=0.976) average_precision: (test=0.761) balanced_accuracy: (test=0.801) f1: (test=0.709) roc_auc: (test=0.915) 29.57s
[fit 33/54] END max_depth=8, min_child_weight=3; total=4431, TP=133, TN=4197, FP=23, FN=78; precision=0.853, recall=0.630
accuracy: (test=0.977) average_precision: (test=0.758) balanced_accuracy: (test=0.812) f1: (test=0.725) roc_auc: (test=0.916) 27.72s
[fit 34/54] END max_depth=8, min_child_weight=4; total=4431, TP=129, TN=4197, FP=23, FN=82; precision=0.849, recall=0.611
accuracy: (test=0.976) average_precision: (test=0.755) balanced_accuracy: (test=0.803) f1: (test=0.711) roc_auc: (test=0.918) 26.57s
[fit 35/54] END max_depth=8, min_child_weight=5; total=4431, TP=131, TN=4194, FP=26, FN=80; precision=0.834, recall=0.621
accuracy: (test=0.976) average_precision: (test=0.756) balanced_accuracy: (test=0.807) f1: (test=0.712) roc_auc: (test=0.922) 26.02s
[fit 36/54] END max_depth=8, min_child_weight=6; total=4431, TP=131, TN=4186, FP=34, FN=80; precision=0.794, recall=0.621
accuracy: (test=0.974) average_precision: (test=0.757) balanced_accuracy: (test=0.806) f1: (test=0.697) roc_auc: (test=0.922) 25.89s
[fit 37/54] END max_depth=9, min_child_weight=1; total=4431, TP=129, TN=4201, FP=19, FN=82; precision=0.872, recall=0.611
accuracy: (test=0.977) average_precision: (test=0.760) balanced_accuracy: (test=0.803) f1: (test=0.719) roc_auc: (test=0.921) 38.08s
[fit 38/54] END max_depth=9, min_child_weight=2; total=4431, TP=133, TN=4202, FP=18, FN=78; precision=0.881, recall=0.630
accuracy: (test=0.978) average_precision: (test=0.761) balanced_accuracy: (test=0.813) f1: (test=0.735) roc_auc: (test=0.915) 34.50s
[fit 39/54] END max_depth=9, min_child_weight=3; total=4431, TP=130, TN=4197, FP=23, FN=81; precision=0.850, recall=0.616
accuracy: (test=0.977) average_precision: (test=0.758) balanced_accuracy: (test=0.805) f1: (test=0.714) roc_auc: (test=0.919) 31.56s
[fit 40/54] END max_depth=9, min_child_weight=4; total=4431, TP=128, TN=4195, FP=25, FN=83; precision=0.837, recall=0.607
accuracy: (test=0.976) average_precision: (test=0.760) balanced_accuracy: (test=0.800) f1: (test=0.703) roc_auc: (test=0.920) 29.44s
[fit 41/54] END max_depth=9, min_child_weight=5; total=4431, TP=133, TN=4194, FP=26, FN=78; precision=0.836, recall=0.630
accuracy: (test=0.977) average_precision: (test=0.755) balanced_accuracy: (test=0.812) f1: (test=0.719) roc_auc: (test=0.914) 28.44s
[fit 42/54] END max_depth=9, min_child_weight=6; total=4431, TP=132, TN=4198, FP=22, FN=79; precision=0.857, recall=0.626
accuracy: (test=0.977) average_precision: (test=0.747) balanced_accuracy: (test=0.810) f1: (test=0.723) roc_auc: (test=0.917) 27.96s
[fit 43/54] END max_depth=10, min_child_weight=1; total=4431, TP=130, TN=4201, FP=19, FN=81; precision=0.872, recall=0.616
accuracy: (test=0.977) average_precision: (test=0.753) balanced_accuracy: (test=0.806) f1: (test=0.722) roc_auc: (test=0.917) 41.40s
[fit 44/54] END max_depth=10, min_child_weight=2; total=4431, TP=129, TN=4202, FP=18, FN=82; precision=0.878, recall=0.611
accuracy: (test=0.977) average_precision: (test=0.760) balanced_accuracy: (test=0.804) f1: (test=0.721) roc_auc: (test=0.919) 36.43s
[fit 45/54] END max_depth=10, min_child_weight=3; total=4431, TP=127, TN=4197, FP=23, FN=84; precision=0.847, recall=0.602
accuracy: (test=0.976) average_precision: (test=0.758) balanced_accuracy: (test=0.798) f1: (test=0.704) roc_auc: (test=0.920) 34.12s
[fit 46/54] END max_depth=10, min_child_weight=4; total=4431, TP=133, TN=4197, FP=23, FN=78; precision=0.853, recall=0.630
accuracy: (test=0.977) average_precision: (test=0.753) balanced_accuracy: (test=0.812) f1: (test=0.725) roc_auc: (test=0.915) 32.54s
[fit 47/54] END max_depth=10, min_child_weight=5; total=4431, TP=128, TN=4199, FP=21, FN=83; precision=0.859, recall=0.607
accuracy: (test=0.977) average_precision: (test=0.749) balanced_accuracy: (test=0.801) f1: (test=0.711) roc_auc: (test=0.916) 31.45s
[fit 48/54] END max_depth=10, min_child_weight=6; total=4431, TP=134, TN=4195, FP=25, FN=77; precision=0.843, recall=0.635
accuracy: (test=0.977) average_precision: (test=0.755) balanced_accuracy: (test=0.815) f1: (test=0.724) roc_auc: (test=0.919) 30.38s
[fit 49/54] END max_depth=12, min_child_weight=1; total=4431, TP=130, TN=4205, FP=15, FN=81; precision=0.897, recall=0.616
accuracy: (test=0.978) average_precision: (test=0.758) balanced_accuracy: (test=0.806) f1: (test=0.730) roc_auc: (test=0.919) 48.62s
[fit 50/54] END max_depth=12, min_child_weight=2; total=4431, TP=126, TN=4201, FP=19, FN=85; precision=0.869, recall=0.597
accuracy: (test=0.977) average_precision: (test=0.757) balanced_accuracy: (test=0.796) f1: (test=0.708) roc_auc: (test=0.919) 42.25s
[fit 51/54] END max_depth=12, min_child_weight=3; total=4431, TP=127, TN=4201, FP=19, FN=84; precision=0.870, recall=0.602
accuracy: (test=0.977) average_precision: (test=0.749) balanced_accuracy: (test=0.799) f1: (test=0.711) roc_auc: (test=0.916) 38.53s
[fit 52/54] END max_depth=12, min_child_weight=4; total=4431, TP=131, TN=4201, FP=19, FN=80; precision=0.873, recall=0.621
accuracy: (test=0.978) average_precision: (test=0.752) balanced_accuracy: (test=0.808) f1: (test=0.726) roc_auc: (test=0.921) 36.47s
[fit 53/54] END max_depth=12, min_child_weight=5; total=4431, TP=128, TN=4200, FP=20, FN=83; precision=0.865, recall=0.607
accuracy: (test=0.977) average_precision: (test=0.747) balanced_accuracy: (test=0.801) f1: (test=0.713) roc_auc: (test=0.916) 34.54s
[fit 54/54] END max_depth=12, min_child_weight=6; total=4431, TP=128, TN=4199, FP=21, FN=83; precision=0.859, recall=0.607
accuracy: (test=0.977) average_precision: (test=0.748) balanced_accuracy: (test=0.801) f1: (test=0.711) roc_auc: (test=0.914) 33.69s
clf.best_estimator_params: {'max_depth': 6, 'min_child_weight': 1}
best params found in line [20] for metric [roc_auc] in rank file
best params found in fit [19] for metric [roc_auc] in run_and_score file
clf.best_scoring_result: [Total: (test=4431) TP: (test=131.000) TN: (test=4186.000) FP: (test=34.000) FN: (test=80.000) precision: (test=0.794) recall: (test=0.621) accuracy: (test=0.974) average_precision: (test=0.748) balanced_accuracy: (test=0.806) f1: (test=0.697) roc_auc: (test=0.925) ]
write rank test to csv!!!
../../ex/epivan/base/pseknc_new_xgboost_base/rank/GM12878_rank_rank_2_2080ti.csv write over!!!
第三次
{'objective': 'binary:logistic', 'use_label_encoder': False, 'base_score': None, 'booster': None, 'colsample_bylevel': None, 'colsample_bynode': None, 'colsample_bytree': 0.8, 'gamma': 0, 'gpu_id': None, 'importance_type': 'gain', 'interaction_constraints': None, 'learning_rate': 0.1, 'max_delta_step': None, 'max_depth': 6, 'min_child_weight': 1, 'missing': nan, 'monotone_constraints': None, 'n_estimators': 950, 'n_jobs': None, 'num_parallel_tree': None, 'random_state': None, 'reg_alpha': 0, 'reg_lambda': 1, 'scale_pos_weight': None, 'subsample': 0.8, 'tree_method': 'gpu_hist', 'validate_parameters': None, 'verbosity': None, 'seed': 0, 'eval_metric': 'logloss'}
Fitting, totalling 7 fits
[fit 1/7] END gamma=0; total=4431, TP=131, TN=4186, FP=34, FN=80; precision=0.794, recall=0.621
accuracy: (test=0.974) average_precision: (test=0.748) balanced_accuracy: (test=0.806) f1: (test=0.697) roc_auc: (test=0.925) 18.63s
[fit 2/7] END gamma=0.1; total=4431, TP=130, TN=4190, FP=30, FN=81; precision=0.812, recall=0.616
accuracy: (test=0.975) average_precision: (test=0.748) balanced_accuracy: (test=0.805) f1: (test=0.701) roc_auc: (test=0.925) 18.72s
[fit 3/7] END gamma=0.2; total=4431, TP=131, TN=4188, FP=32, FN=80; precision=0.804, recall=0.621
accuracy: (test=0.975) average_precision: (test=0.752) balanced_accuracy: (test=0.807) f1: (test=0.701) roc_auc: (test=0.922) 18.70s
[fit 4/7] END gamma=0.3; total=4431, TP=133, TN=4188, FP=32, FN=78; precision=0.806, recall=0.630
accuracy: (test=0.975) average_precision: (test=0.747) balanced_accuracy: (test=0.811) f1: (test=0.707) roc_auc: (test=0.918) 18.01s
[fit 5/7] END gamma=0.4; total=4431, TP=129, TN=4181, FP=39, FN=82; precision=0.768, recall=0.611
accuracy: (test=0.973) average_precision: (test=0.743) balanced_accuracy: (test=0.801) f1: (test=0.681) roc_auc: (test=0.922) 17.27s
[fit 6/7] END gamma=0.5; total=4431, TP=132, TN=4183, FP=37, FN=79; precision=0.781, recall=0.626
accuracy: (test=0.974) average_precision: (test=0.744) balanced_accuracy: (test=0.808) f1: (test=0.695) roc_auc: (test=0.917) 16.50s
[fit 7/7] END gamma=0.6; total=4431, TP=132, TN=4178, FP=42, FN=79; precision=0.759, recall=0.626
accuracy: (test=0.973) average_precision: (test=0.738) balanced_accuracy: (test=0.808) f1: (test=0.686) roc_auc: (test=0.916) 16.24s
clf.best_estimator_params: {'gamma': 0.1}
best params found in line [3] for metric [roc_auc] in rank file
best params found in fit [2] for metric [roc_auc] in run_and_score file
clf.best_scoring_result: [Total: (test=4431) TP: (test=130.000) TN: (test=4190.000) FP: (test=30.000) FN: (test=81.000) precision: (test=0.812) recall: (test=0.616) accuracy: (test=0.975) average_precision: (test=0.748) balanced_accuracy: (test=0.805) f1: (test=0.701) roc_auc: (test=0.925) ]
write rank test to csv!!!
../../ex/epivan/base/pseknc_new_xgboost_base/rank/GM12878_rank_rank_3_2080ti.csv write over!!!
第四次
{'objective': 'binary:logistic', 'use_label_encoder': False, 'base_score': None, 'booster': None, 'colsample_bylevel': None, 'colsample_bynode': None, 'colsample_bytree': 0.8, 'gamma': 0.1, 'gpu_id': None, 'importance_type': 'gain', 'interaction_constraints': None, 'learning_rate': 0.1, 'max_delta_step': None, 'max_depth': 6, 'min_child_weight': 1, 'missing': nan, 'monotone_constraints': None, 'n_estimators': 950, 'n_jobs': None, 'num_parallel_tree': None, 'random_state': None, 'reg_alpha': 0, 'reg_lambda': 1, 'scale_pos_weight': None, 'subsample': 0.8, 'tree_method': 'gpu_hist', 'validate_parameters': None, 'verbosity': None, 'seed': 0, 'eval_metric': 'logloss'}
Fitting, totalling 16 fits
[fit 1/16] END colsample_bytree=0.6, subsample=0.6; total=4431, TP=133, TN=4186, FP=34, FN=78; precision=0.796, recall=0.630
accuracy: (test=0.975) average_precision: (test=0.744) balanced_accuracy: (test=0.811) f1: (test=0.704) roc_auc: (test=0.915) 17.28s
[fit 2/16] END colsample_bytree=0.6, subsample=0.7; total=4431, TP=131, TN=4189, FP=31, FN=80; precision=0.809, recall=0.621
accuracy: (test=0.975) average_precision: (test=0.745) balanced_accuracy: (test=0.807) f1: (test=0.702) roc_auc: (test=0.918) 17.08s
[fit 3/16] END colsample_bytree=0.6, subsample=0.8; total=4431, TP=133, TN=4189, FP=31, FN=78; precision=0.811, recall=0.630
accuracy: (test=0.975) average_precision: (test=0.751) balanced_accuracy: (test=0.811) f1: (test=0.709) roc_auc: (test=0.913) 17.44s
[fit 4/16] END colsample_bytree=0.6, subsample=0.9; total=4431, TP=133, TN=4190, FP=30, FN=78; precision=0.816, recall=0.630
accuracy: (test=0.976) average_precision: (test=0.753) balanced_accuracy: (test=0.812) f1: (test=0.711) roc_auc: (test=0.918) 17.23s
[fit 5/16] END colsample_bytree=0.7, subsample=0.6; total=4431, TP=131, TN=4192, FP=28, FN=80; precision=0.824, recall=0.621
accuracy: (test=0.976) average_precision: (test=0.744) balanced_accuracy: (test=0.807) f1: (test=0.708) roc_auc: (test=0.917) 18.38s
[fit 6/16] END colsample_bytree=0.7, subsample=0.7; total=4431, TP=133, TN=4189, FP=31, FN=78; precision=0.811, recall=0.630
accuracy: (test=0.975) average_precision: (test=0.743) balanced_accuracy: (test=0.811) f1: (test=0.709) roc_auc: (test=0.914) 18.29s
[fit 7/16] END colsample_bytree=0.7, subsample=0.8; total=4431, TP=129, TN=4181, FP=39, FN=82; precision=0.768, recall=0.611
accuracy: (test=0.973) average_precision: (test=0.746) balanced_accuracy: (test=0.801) f1: (test=0.681) roc_auc: (test=0.916) 18.30s
[fit 8/16] END colsample_bytree=0.7, subsample=0.9; total=4431, TP=136, TN=4188, FP=32, FN=75; precision=0.810, recall=0.645
accuracy: (test=0.976) average_precision: (test=0.748) balanced_accuracy: (test=0.818) f1: (test=0.718) roc_auc: (test=0.918) 18.51s
[fit 9/16] END colsample_bytree=0.8, subsample=0.6; total=4431, TP=133, TN=4185, FP=35, FN=78; precision=0.792, recall=0.630
accuracy: (test=0.974) average_precision: (test=0.740) balanced_accuracy: (test=0.811) f1: (test=0.702) roc_auc: (test=0.914) 19.11s
[fit 10/16] END colsample_bytree=0.8, subsample=0.7; total=4431, TP=134, TN=4186, FP=34, FN=77; precision=0.798, recall=0.635
accuracy: (test=0.975) average_precision: (test=0.750) balanced_accuracy: (test=0.814) f1: (test=0.707) roc_auc: (test=0.913) 19.19s
[fit 11/16] END colsample_bytree=0.8, subsample=0.8; total=4431, TP=130, TN=4190, FP=30, FN=81; precision=0.812, recall=0.616
accuracy: (test=0.975) average_precision: (test=0.748) balanced_accuracy: (test=0.805) f1: (test=0.701) roc_auc: (test=0.925) 19.33s
[fit 12/16] END colsample_bytree=0.8, subsample=0.9; total=4431, TP=134, TN=4193, FP=27, FN=77; precision=0.832, recall=0.635
accuracy: (test=0.977) average_precision: (test=0.749) balanced_accuracy: (test=0.814) f1: (test=0.720) roc_auc: (test=0.917) 19.51s
[fit 13/16] END colsample_bytree=0.9, subsample=0.6; total=4431, TP=128, TN=4187, FP=33, FN=83; precision=0.795, recall=0.607
accuracy: (test=0.974) average_precision: (test=0.750) balanced_accuracy: (test=0.799) f1: (test=0.688) roc_auc: (test=0.915) 20.27s
[fit 14/16] END colsample_bytree=0.9, subsample=0.7; total=4431, TP=132, TN=4187, FP=33, FN=79; precision=0.800, recall=0.626
accuracy: (test=0.975) average_precision: (test=0.755) balanced_accuracy: (test=0.809) f1: (test=0.702) roc_auc: (test=0.921) 20.17s
[fit 15/16] END colsample_bytree=0.9, subsample=0.8; total=4431, TP=135, TN=4188, FP=32, FN=76; precision=0.808, recall=0.640
accuracy: (test=0.976) average_precision: (test=0.752) balanced_accuracy: (test=0.816) f1: (test=0.714) roc_auc: (test=0.919) 20.27s
[fit 16/16] END colsample_bytree=0.9, subsample=0.9; total=4431, TP=134, TN=4188, FP=32, FN=77; precision=0.807, recall=0.635
accuracy: (test=0.975) average_precision: (test=0.761) balanced_accuracy: (test=0.814) f1: (test=0.711) roc_auc: (test=0.922) 19.75s
clf.best_estimator_params: {'colsample_bytree': 0.8, 'subsample': 0.8}
best params found in line [12] for metric [roc_auc] in rank file
best params found in fit [11] for metric [roc_auc] in run_and_score file
clf.best_scoring_result: [Total: (test=4431) TP: (test=130.000) TN: (test=4190.000) FP: (test=30.000) FN: (test=81.000) precision: (test=0.812) recall: (test=0.616) accuracy: (test=0.975) average_precision: (test=0.748) balanced_accuracy: (test=0.805) f1: (test=0.701) roc_auc: (test=0.925) ]
write rank test to csv!!!
../../ex/epivan/base/pseknc_new_xgboost_base/rank/GM12878_rank_rank_4_2080ti.csv write over!!!
第五次
{'objective': 'binary:logistic', 'use_label_encoder': False, 'base_score': None, 'booster': None, 'colsample_bylevel': None, 'colsample_bynode': None, 'colsample_bytree': 0.8, 'gamma': 0.1, 'gpu_id': None, 'importance_type': 'gain', 'interaction_constraints': None, 'learning_rate': 0.1, 'max_delta_step': None, 'max_depth': 6, 'min_child_weight': 1, 'missing': nan, 'monotone_constraints': None, 'n_estimators': 950, 'n_jobs': None, 'num_parallel_tree': None, 'random_state': None, 'reg_alpha': 0, 'reg_lambda': 1, 'scale_pos_weight': None, 'subsample': 0.8, 'tree_method': 'gpu_hist', 'validate_parameters': None, 'verbosity': None, 'seed': 0, 'eval_metric': 'logloss'}
Fitting, totalling 81 fits
[fit 1/81] END reg_alpha=0, reg_lambda=0; total=4431, TP=132, TN=4187, FP=33, FN=79; precision=0.800, recall=0.626
accuracy: (test=0.975) average_precision: (test=0.747) balanced_accuracy: (test=0.809) f1: (test=0.702) roc_auc: (test=0.913) 18.25s
[fit 2/81] END reg_alpha=0, reg_lambda=0.01; total=4431, TP=137, TN=4186, FP=34, FN=74; precision=0.801, recall=0.649
accuracy: (test=0.976) average_precision: (test=0.760) balanced_accuracy: (test=0.821) f1: (test=0.717) roc_auc: (test=0.926) 18.10s
[fit 3/81] END reg_alpha=0, reg_lambda=0.02; total=4431, TP=132, TN=4181, FP=39, FN=79; precision=0.772, recall=0.626
accuracy: (test=0.973) average_precision: (test=0.738) balanced_accuracy: (test=0.808) f1: (test=0.691) roc_auc: (test=0.915) 18.07s
[fit 4/81] END reg_alpha=0, reg_lambda=0.05; total=4431, TP=133, TN=4183, FP=37, FN=78; precision=0.782, recall=0.630
accuracy: (test=0.974) average_precision: (test=0.746) balanced_accuracy: (test=0.811) f1: (test=0.698) roc_auc: (test=0.917) 18.21s
[fit 5/81] END reg_alpha=0, reg_lambda=0.1; total=4431, TP=129, TN=4188, FP=32, FN=82; precision=0.801, recall=0.611
accuracy: (test=0.974) average_precision: (test=0.746) balanced_accuracy: (test=0.802) f1: (test=0.694) roc_auc: (test=0.914) 18.26s
[fit 6/81] END reg_alpha=0, reg_lambda=0.5; total=4431, TP=130, TN=4181, FP=39, FN=81; precision=0.769, recall=0.616
accuracy: (test=0.973) average_precision: (test=0.745) balanced_accuracy: (test=0.803) f1: (test=0.684) roc_auc: (test=0.915) 18.36s
[fit 7/81] END reg_alpha=0, reg_lambda=1; total=4431, TP=130, TN=4190, FP=30, FN=81; precision=0.812, recall=0.616
accuracy: (test=0.975) average_precision: (test=0.748) balanced_accuracy: (test=0.805) f1: (test=0.701) roc_auc: (test=0.925) 18.84s
[fit 8/81] END reg_alpha=0, reg_lambda=2; total=4431, TP=135, TN=4191, FP=29, FN=76; precision=0.823, recall=0.640
accuracy: (test=0.976) average_precision: (test=0.754) balanced_accuracy: (test=0.816) f1: (test=0.720) roc_auc: (test=0.922) 19.00s
[fit 9/81] END reg_alpha=0, reg_lambda=3; total=4431, TP=131, TN=4187, FP=33, FN=80; precision=0.799, recall=0.621
accuracy: (test=0.974) average_precision: (test=0.740) balanced_accuracy: (test=0.807) f1: (test=0.699) roc_auc: (test=0.916) 19.32s
[fit 10/81] END reg_alpha=0.01, reg_lambda=0; total=4431, TP=134, TN=4185, FP=35, FN=77; precision=0.793, recall=0.635
accuracy: (test=0.975) average_precision: (test=0.753) balanced_accuracy: (test=0.813) f1: (test=0.705) roc_auc: (test=0.918) 18.34s
[fit 11/81] END reg_alpha=0.01, reg_lambda=0.01; total=4431, TP=133, TN=4193, FP=27, FN=78; precision=0.831, recall=0.630
accuracy: (test=0.976) average_precision: (test=0.759) balanced_accuracy: (test=0.812) f1: (test=0.717) roc_auc: (test=0.915) 18.26s
[fit 12/81] END reg_alpha=0.01, reg_lambda=0.02; total=4431, TP=136, TN=4188, FP=32, FN=75; precision=0.810, recall=0.645
accuracy: (test=0.976) average_precision: (test=0.752) balanced_accuracy: (test=0.818) f1: (test=0.718) roc_auc: (test=0.921) 18.09s
[fit 13/81] END reg_alpha=0.01, reg_lambda=0.05; total=4431, TP=135, TN=4190, FP=30, FN=76; precision=0.818, recall=0.640
accuracy: (test=0.976) average_precision: (test=0.754) balanced_accuracy: (test=0.816) f1: (test=0.718) roc_auc: (test=0.924) 18.32s
[fit 14/81] END reg_alpha=0.01, reg_lambda=0.1; total=4431, TP=135, TN=4189, FP=31, FN=76; precision=0.813, recall=0.640
accuracy: (test=0.976) average_precision: (test=0.754) balanced_accuracy: (test=0.816) f1: (test=0.716) roc_auc: (test=0.915) 18.51s
[fit 15/81] END reg_alpha=0.01, reg_lambda=0.5; total=4431, TP=135, TN=4185, FP=35, FN=76; precision=0.794, recall=0.640
accuracy: (test=0.975) average_precision: (test=0.747) balanced_accuracy: (test=0.816) f1: (test=0.709) roc_auc: (test=0.917) 18.90s
[fit 16/81] END reg_alpha=0.01, reg_lambda=1; total=4431, TP=132, TN=4182, FP=38, FN=79; precision=0.776, recall=0.626
accuracy: (test=0.974) average_precision: (test=0.748) balanced_accuracy: (test=0.808) f1: (test=0.693) roc_auc: (test=0.924) 19.21s
[fit 17/81] END reg_alpha=0.01, reg_lambda=2; total=4431, TP=135, TN=4188, FP=32, FN=76; precision=0.808, recall=0.640
accuracy: (test=0.976) average_precision: (test=0.745) balanced_accuracy: (test=0.816) f1: (test=0.714) roc_auc: (test=0.912) 19.45s
[fit 18/81] END reg_alpha=0.01, reg_lambda=3; total=4431, TP=132, TN=4187, FP=33, FN=79; precision=0.800, recall=0.626
accuracy: (test=0.975) average_precision: (test=0.745) balanced_accuracy: (test=0.809) f1: (test=0.702) roc_auc: (test=0.916) 19.93s
[fit 19/81] END reg_alpha=0.02, reg_lambda=0; total=4431, TP=128, TN=4188, FP=32, FN=83; precision=0.800, recall=0.607
accuracy: (test=0.974) average_precision: (test=0.741) balanced_accuracy: (test=0.800) f1: (test=0.690) roc_auc: (test=0.917) 18.47s
[fit 20/81] END reg_alpha=0.02, reg_lambda=0.01; total=4431, TP=131, TN=4189, FP=31, FN=80; precision=0.809, recall=0.621
accuracy: (test=0.975) average_precision: (test=0.754) balanced_accuracy: (test=0.807) f1: (test=0.702) roc_auc: (test=0.923) 18.39s
[fit 21/81] END reg_alpha=0.02, reg_lambda=0.02; total=4431, TP=131, TN=4186, FP=34, FN=80; precision=0.794, recall=0.621
accuracy: (test=0.974) average_precision: (test=0.744) balanced_accuracy: (test=0.806) f1: (test=0.697) roc_auc: (test=0.917) 18.57s
[fit 22/81] END reg_alpha=0.02, reg_lambda=0.05; total=4431, TP=133, TN=4184, FP=36, FN=78; precision=0.787, recall=0.630
accuracy: (test=0.974) average_precision: (test=0.737) balanced_accuracy: (test=0.811) f1: (test=0.700) roc_auc: (test=0.909) 18.33s
[fit 23/81] END reg_alpha=0.02, reg_lambda=0.1; total=4431, TP=131, TN=4188, FP=32, FN=80; precision=0.804, recall=0.621
accuracy: (test=0.975) average_precision: (test=0.746) balanced_accuracy: (test=0.807) f1: (test=0.701) roc_auc: (test=0.922) 18.55s
[fit 24/81] END reg_alpha=0.02, reg_lambda=0.5; total=4431, TP=132, TN=4190, FP=30, FN=79; precision=0.815, recall=0.626
accuracy: (test=0.975) average_precision: (test=0.748) balanced_accuracy: (test=0.809) f1: (test=0.708) roc_auc: (test=0.922) 18.74s
[fit 25/81] END reg_alpha=0.02, reg_lambda=1; total=4431, TP=131, TN=4192, FP=28, FN=80; precision=0.824, recall=0.621
accuracy: (test=0.976) average_precision: (test=0.758) balanced_accuracy: (test=0.807) f1: (test=0.708) roc_auc: (test=0.922) 19.58s
[fit 26/81] END reg_alpha=0.02, reg_lambda=2; total=4431, TP=130, TN=4191, FP=29, FN=81; precision=0.818, recall=0.616
accuracy: (test=0.975) average_precision: (test=0.747) balanced_accuracy: (test=0.805) f1: (test=0.703) roc_auc: (test=0.922) 20.27s
[fit 27/81] END reg_alpha=0.02, reg_lambda=3; total=4431, TP=131, TN=4189, FP=31, FN=80; precision=0.809, recall=0.621
accuracy: (test=0.975) average_precision: (test=0.747) balanced_accuracy: (test=0.807) f1: (test=0.702) roc_auc: (test=0.915) 20.57s
[fit 28/81] END reg_alpha=0.05, reg_lambda=0; total=4431, TP=136, TN=4184, FP=36, FN=75; precision=0.791, recall=0.645
accuracy: (test=0.975) average_precision: (test=0.756) balanced_accuracy: (test=0.818) f1: (test=0.710) roc_auc: (test=0.918) 19.24s
[fit 29/81] END reg_alpha=0.05, reg_lambda=0.01; total=4431, TP=135, TN=4188, FP=32, FN=76; precision=0.808, recall=0.640
accuracy: (test=0.976) average_precision: (test=0.750) balanced_accuracy: (test=0.816) f1: (test=0.714) roc_auc: (test=0.918) 19.22s
[fit 30/81] END reg_alpha=0.05, reg_lambda=0.02; total=4431, TP=133, TN=4191, FP=29, FN=78; precision=0.821, recall=0.630
accuracy: (test=0.976) average_precision: (test=0.745) balanced_accuracy: (test=0.812) f1: (test=0.713) roc_auc: (test=0.913) 19.21s
[fit 31/81] END reg_alpha=0.05, reg_lambda=0.05; total=4431, TP=133, TN=4186, FP=34, FN=78; precision=0.796, recall=0.630
accuracy: (test=0.975) average_precision: (test=0.747) balanced_accuracy: (test=0.811) f1: (test=0.704) roc_auc: (test=0.916) 19.18s
[fit 32/81] END reg_alpha=0.05, reg_lambda=0.1; total=4431, TP=136, TN=4189, FP=31, FN=75; precision=0.814, recall=0.645
accuracy: (test=0.976) average_precision: (test=0.743) balanced_accuracy: (test=0.819) f1: (test=0.720) roc_auc: (test=0.918) 19.22s
[fit 33/81] END reg_alpha=0.05, reg_lambda=0.5; total=4431, TP=132, TN=4180, FP=40, FN=79; precision=0.767, recall=0.626
accuracy: (test=0.973) average_precision: (test=0.746) balanced_accuracy: (test=0.808) f1: (test=0.689) roc_auc: (test=0.916) 19.57s
[fit 34/81] END reg_alpha=0.05, reg_lambda=1; total=4431, TP=132, TN=4192, FP=28, FN=79; precision=0.825, recall=0.626
accuracy: (test=0.976) average_precision: (test=0.734) balanced_accuracy: (test=0.809) f1: (test=0.712) roc_auc: (test=0.914) 19.91s
[fit 35/81] END reg_alpha=0.05, reg_lambda=2; total=4431, TP=132, TN=4189, FP=31, FN=79; precision=0.810, recall=0.626
accuracy: (test=0.975) average_precision: (test=0.750) balanced_accuracy: (test=0.809) f1: (test=0.706) roc_auc: (test=0.920) 20.04s
[fit 36/81] END reg_alpha=0.05, reg_lambda=3; total=4431, TP=134, TN=4184, FP=36, FN=77; precision=0.788, recall=0.635
accuracy: (test=0.974) average_precision: (test=0.746) balanced_accuracy: (test=0.813) f1: (test=0.703) roc_auc: (test=0.911) 19.94s
[fit 37/81] END reg_alpha=0.1, reg_lambda=0; total=4431, TP=134, TN=4194, FP=26, FN=77; precision=0.838, recall=0.635
accuracy: (test=0.977) average_precision: (test=0.752) balanced_accuracy: (test=0.814) f1: (test=0.722) roc_auc: (test=0.918) 18.93s
[fit 38/81] END reg_alpha=0.1, reg_lambda=0.01; total=4431, TP=135, TN=4197, FP=23, FN=76; precision=0.854, recall=0.640
accuracy: (test=0.978) average_precision: (test=0.750) balanced_accuracy: (test=0.817) f1: (test=0.732) roc_auc: (test=0.913) 18.97s
[fit 39/81] END reg_alpha=0.1, reg_lambda=0.02; total=4431, TP=134, TN=4194, FP=26, FN=77; precision=0.838, recall=0.635
accuracy: (test=0.977) average_precision: (test=0.744) balanced_accuracy: (test=0.814) f1: (test=0.722) roc_auc: (test=0.916) 19.17s
[fit 40/81] END reg_alpha=0.1, reg_lambda=0.05; total=4431, TP=132, TN=4185, FP=35, FN=79; precision=0.790, recall=0.626
accuracy: (test=0.974) average_precision: (test=0.742) balanced_accuracy: (test=0.809) f1: (test=0.698) roc_auc: (test=0.921) 19.58s
[fit 41/81] END reg_alpha=0.1, reg_lambda=0.1; total=4431, TP=133, TN=4187, FP=33, FN=78; precision=0.801, recall=0.630
accuracy: (test=0.975) average_precision: (test=0.740) balanced_accuracy: (test=0.811) f1: (test=0.706) roc_auc: (test=0.915) 19.37s
[fit 42/81] END reg_alpha=0.1, reg_lambda=0.5; total=4431, TP=132, TN=4192, FP=28, FN=79; precision=0.825, recall=0.626
accuracy: (test=0.976) average_precision: (test=0.757) balanced_accuracy: (test=0.809) f1: (test=0.712) roc_auc: (test=0.921) 19.66s
[fit 43/81] END reg_alpha=0.1, reg_lambda=1; total=4431, TP=129, TN=4186, FP=34, FN=82; precision=0.791, recall=0.611
accuracy: (test=0.974) average_precision: (test=0.736) balanced_accuracy: (test=0.802) f1: (test=0.690) roc_auc: (test=0.913) 19.82s
[fit 44/81] END reg_alpha=0.1, reg_lambda=2; total=4431, TP=132, TN=4186, FP=34, FN=79; precision=0.795, recall=0.626
accuracy: (test=0.974) average_precision: (test=0.744) balanced_accuracy: (test=0.809) f1: (test=0.700) roc_auc: (test=0.923) 20.49s
[fit 45/81] END reg_alpha=0.1, reg_lambda=3; total=4431, TP=131, TN=4186, FP=34, FN=80; precision=0.794, recall=0.621
accuracy: (test=0.974) average_precision: (test=0.748) balanced_accuracy: (test=0.806) f1: (test=0.697) roc_auc: (test=0.924) 20.78s
[fit 46/81] END reg_alpha=0.5, reg_lambda=0; total=4431, TP=129, TN=4192, FP=28, FN=82; precision=0.822, recall=0.611
accuracy: (test=0.975) average_precision: (test=0.755) balanced_accuracy: (test=0.802) f1: (test=0.701) roc_auc: (test=0.919) 20.57s
[fit 47/81] END reg_alpha=0.5, reg_lambda=0.01; total=4431, TP=134, TN=4190, FP=30, FN=77; precision=0.817, recall=0.635
accuracy: (test=0.976) average_precision: (test=0.749) balanced_accuracy: (test=0.814) f1: (test=0.715) roc_auc: (test=0.913) 20.87s
[fit 48/81] END reg_alpha=0.5, reg_lambda=0.02; total=4431, TP=136, TN=4190, FP=30, FN=75; precision=0.819, recall=0.645
accuracy: (test=0.976) average_precision: (test=0.751) balanced_accuracy: (test=0.819) f1: (test=0.721) roc_auc: (test=0.917) 20.94s
[fit 49/81] END reg_alpha=0.5, reg_lambda=0.05; total=4431, TP=131, TN=4197, FP=23, FN=80; precision=0.851, recall=0.621
accuracy: (test=0.977) average_precision: (test=0.751) balanced_accuracy: (test=0.808) f1: (test=0.718) roc_auc: (test=0.916) 21.05s
[fit 50/81] END reg_alpha=0.5, reg_lambda=0.1; total=4431, TP=130, TN=4196, FP=24, FN=81; precision=0.844, recall=0.616
accuracy: (test=0.976) average_precision: (test=0.755) balanced_accuracy: (test=0.805) f1: (test=0.712) roc_auc: (test=0.921) 20.90s
[fit 51/81] END reg_alpha=0.5, reg_lambda=0.5; total=4431, TP=134, TN=4191, FP=29, FN=77; precision=0.822, recall=0.635
accuracy: (test=0.976) average_precision: (test=0.753) balanced_accuracy: (test=0.814) f1: (test=0.717) roc_auc: (test=0.920) 21.05s
[fit 52/81] END reg_alpha=0.5, reg_lambda=1; total=4431, TP=133, TN=4194, FP=26, FN=78; precision=0.836, recall=0.630
accuracy: (test=0.977) average_precision: (test=0.749) balanced_accuracy: (test=0.812) f1: (test=0.719) roc_auc: (test=0.911) 21.14s
[fit 53/81] END reg_alpha=0.5, reg_lambda=2; total=4431, TP=132, TN=4183, FP=37, FN=79; precision=0.781, recall=0.626
accuracy: (test=0.974) average_precision: (test=0.759) balanced_accuracy: (test=0.808) f1: (test=0.695) roc_auc: (test=0.917) 20.98s
[fit 54/81] END reg_alpha=0.5, reg_lambda=3; total=4431, TP=132, TN=4187, FP=33, FN=79; precision=0.800, recall=0.626
accuracy: (test=0.975) average_precision: (test=0.740) balanced_accuracy: (test=0.809) f1: (test=0.702) roc_auc: (test=0.917) 20.97s
[fit 55/81] END reg_alpha=1, reg_lambda=0; total=4431, TP=133, TN=4190, FP=30, FN=78; precision=0.816, recall=0.630
accuracy: (test=0.976) average_precision: (test=0.754) balanced_accuracy: (test=0.812) f1: (test=0.711) roc_auc: (test=0.921) 20.94s
[fit 56/81] END reg_alpha=1, reg_lambda=0.01; total=4431, TP=133, TN=4186, FP=34, FN=78; precision=0.796, recall=0.630
accuracy: (test=0.975) average_precision: (test=0.747) balanced_accuracy: (test=0.811) f1: (test=0.704) roc_auc: (test=0.917) 20.98s
[fit 57/81] END reg_alpha=1, reg_lambda=0.02; total=4431, TP=132, TN=4190, FP=30, FN=79; precision=0.815, recall=0.626
accuracy: (test=0.975) average_precision: (test=0.743) balanced_accuracy: (test=0.809) f1: (test=0.708) roc_auc: (test=0.918) 20.78s
[fit 58/81] END reg_alpha=1, reg_lambda=0.05; total=4431, TP=130, TN=4190, FP=30, FN=81; precision=0.812, recall=0.616
accuracy: (test=0.975) average_precision: (test=0.744) balanced_accuracy: (test=0.805) f1: (test=0.701) roc_auc: (test=0.913) 20.96s
[fit 59/81] END reg_alpha=1, reg_lambda=0.1; total=4431, TP=131, TN=4190, FP=30, FN=80; precision=0.814, recall=0.621
accuracy: (test=0.975) average_precision: (test=0.742) balanced_accuracy: (test=0.807) f1: (test=0.704) roc_auc: (test=0.914) 21.09s
[fit 60/81] END reg_alpha=1, reg_lambda=0.5; total=4431, TP=134, TN=4187, FP=33, FN=77; precision=0.802, recall=0.635
accuracy: (test=0.975) average_precision: (test=0.746) balanced_accuracy: (test=0.814) f1: (test=0.709) roc_auc: (test=0.914) 21.09s
[fit 61/81] END reg_alpha=1, reg_lambda=1; total=4431, TP=131, TN=4180, FP=40, FN=80; precision=0.766, recall=0.621
accuracy: (test=0.973) average_precision: (test=0.737) balanced_accuracy: (test=0.806) f1: (test=0.686) roc_auc: (test=0.917) 21.37s
[fit 62/81] END reg_alpha=1, reg_lambda=2; total=4431, TP=131, TN=4183, FP=37, FN=80; precision=0.780, recall=0.621
accuracy: (test=0.974) average_precision: (test=0.748) balanced_accuracy: (test=0.806) f1: (test=0.691) roc_auc: (test=0.914) 21.72s
[fit 63/81] END reg_alpha=1, reg_lambda=3; total=4431, TP=132, TN=4190, FP=30, FN=79; precision=0.815, recall=0.626
accuracy: (test=0.975) average_precision: (test=0.755) balanced_accuracy: (test=0.809) f1: (test=0.708) roc_auc: (test=0.918) 21.97s
[fit 64/81] END reg_alpha=2, reg_lambda=0; total=4431, TP=132, TN=4184, FP=36, FN=79; precision=0.786, recall=0.626
accuracy: (test=0.974) average_precision: (test=0.744) balanced_accuracy: (test=0.809) f1: (test=0.697) roc_auc: (test=0.917) 21.59s
[fit 65/81] END reg_alpha=2, reg_lambda=0.01; total=4431, TP=138, TN=4185, FP=35, FN=73; precision=0.798, recall=0.654
accuracy: (test=0.976) average_precision: (test=0.753) balanced_accuracy: (test=0.823) f1: (test=0.719) roc_auc: (test=0.910) 21.82s
[fit 66/81] END reg_alpha=2, reg_lambda=0.02; total=4431, TP=132, TN=4180, FP=40, FN=79; precision=0.767, recall=0.626
accuracy: (test=0.973) average_precision: (test=0.741) balanced_accuracy: (test=0.808) f1: (test=0.689) roc_auc: (test=0.912) 21.81s
[fit 67/81] END reg_alpha=2, reg_lambda=0.05; total=4431, TP=131, TN=4181, FP=39, FN=80; precision=0.771, recall=0.621
accuracy: (test=0.973) average_precision: (test=0.740) balanced_accuracy: (test=0.806) f1: (test=0.688) roc_auc: (test=0.913) 21.84s
[fit 68/81] END reg_alpha=2, reg_lambda=0.1; total=4431, TP=132, TN=4181, FP=39, FN=79; precision=0.772, recall=0.626
accuracy: (test=0.973) average_precision: (test=0.743) balanced_accuracy: (test=0.808) f1: (test=0.691) roc_auc: (test=0.917) 21.66s
[fit 69/81] END reg_alpha=2, reg_lambda=0.5; total=4431, TP=134, TN=4183, FP=37, FN=77; precision=0.784, recall=0.635
accuracy: (test=0.974) average_precision: (test=0.747) balanced_accuracy: (test=0.813) f1: (test=0.702) roc_auc: (test=0.917) 21.76s
[fit 70/81] END reg_alpha=2, reg_lambda=1; total=4431, TP=132, TN=4184, FP=36, FN=79; precision=0.786, recall=0.626
accuracy: (test=0.974) average_precision: (test=0.747) balanced_accuracy: (test=0.809) f1: (test=0.697) roc_auc: (test=0.923) 21.88s
[fit 71/81] END reg_alpha=2, reg_lambda=2; total=4431, TP=132, TN=4179, FP=41, FN=79; precision=0.763, recall=0.626
accuracy: (test=0.973) average_precision: (test=0.735) balanced_accuracy: (test=0.808) f1: (test=0.687) roc_auc: (test=0.913) 22.00s
[fit 72/81] END reg_alpha=2, reg_lambda=3; total=4431, TP=133, TN=4185, FP=35, FN=78; precision=0.792, recall=0.630
accuracy: (test=0.974) average_precision: (test=0.744) balanced_accuracy: (test=0.811) f1: (test=0.702) roc_auc: (test=0.921) 21.98s
[fit 73/81] END reg_alpha=3, reg_lambda=0; total=4431, TP=133, TN=4179, FP=41, FN=78; precision=0.764, recall=0.630
accuracy: (test=0.973) average_precision: (test=0.748) balanced_accuracy: (test=0.810) f1: (test=0.691) roc_auc: (test=0.915) 21.22s
[fit 74/81] END reg_alpha=3, reg_lambda=0.01; total=4431, TP=133, TN=4185, FP=35, FN=78; precision=0.792, recall=0.630
accuracy: (test=0.974) average_precision: (test=0.738) balanced_accuracy: (test=0.811) f1: (test=0.702) roc_auc: (test=0.918) 21.06s
[fit 75/81] END reg_alpha=3, reg_lambda=0.02; total=4431, TP=135, TN=4181, FP=39, FN=76; precision=0.776, recall=0.640
accuracy: (test=0.974) average_precision: (test=0.739) balanced_accuracy: (test=0.815) f1: (test=0.701) roc_auc: (test=0.914) 20.72s
[fit 76/81] END reg_alpha=3, reg_lambda=0.05; total=4431, TP=130, TN=4179, FP=41, FN=81; precision=0.760, recall=0.616
accuracy: (test=0.972) average_precision: (test=0.743) balanced_accuracy: (test=0.803) f1: (test=0.681) roc_auc: (test=0.919) 21.02s
[fit 77/81] END reg_alpha=3, reg_lambda=0.1; total=4431, TP=133, TN=4185, FP=35, FN=78; precision=0.792, recall=0.630
accuracy: (test=0.974) average_precision: (test=0.731) balanced_accuracy: (test=0.811) f1: (test=0.702) roc_auc: (test=0.915) 21.18s
[fit 78/81] END reg_alpha=3, reg_lambda=0.5; total=4431, TP=133, TN=4185, FP=35, FN=78; precision=0.792, recall=0.630
accuracy: (test=0.974) average_precision: (test=0.742) balanced_accuracy: (test=0.811) f1: (test=0.702) roc_auc: (test=0.916) 21.38s
[fit 79/81] END reg_alpha=3, reg_lambda=1; total=4431, TP=133, TN=4178, FP=42, FN=78; precision=0.760, recall=0.630
accuracy: (test=0.973) average_precision: (test=0.757) balanced_accuracy: (test=0.810) f1: (test=0.689) roc_auc: (test=0.917) 21.59s
[fit 80/81] END reg_alpha=3, reg_lambda=2; total=4431, TP=130, TN=4183, FP=37, FN=81; precision=0.778, recall=0.616
accuracy: (test=0.973) average_precision: (test=0.743) balanced_accuracy: (test=0.804) f1: (test=0.688) roc_auc: (test=0.917) 21.90s
[fit 81/81] END reg_alpha=3, reg_lambda=3; total=4431, TP=133, TN=4184, FP=36, FN=78; precision=0.787, recall=0.630
accuracy: (test=0.974) average_precision: (test=0.742) balanced_accuracy: (test=0.811) f1: (test=0.700) roc_auc: (test=0.914) 22.06s
clf.best_estimator_params: {'reg_alpha': 0, 'reg_lambda': 0.01}
best params found in line [3] for metric [roc_auc] in rank file
best params found in fit [2] for metric [roc_auc] in run_and_score file
clf.best_scoring_result: [Total: (test=4431) TP: (test=137.000) TN: (test=4186.000) FP: (test=34.000) FN: (test=74.000) precision: (test=0.801) recall: (test=0.649) accuracy: (test=0.976) average_precision: (test=0.760) balanced_accuracy: (test=0.821) f1: (test=0.717) roc_auc: (test=0.926) ]
write rank test to csv!!!
../../ex/epivan/base/pseknc_new_xgboost_base/rank/GM12878_rank_rank_5_2080ti.csv write over!!!
第六次
{'objective': 'binary:logistic', 'use_label_encoder': False, 'base_score': None, 'booster': None, 'colsample_bylevel': None, 'colsample_bynode': None, 'colsample_bytree': 0.8, 'gamma': 0.1, 'gpu_id': None, 'importance_type': 'gain', 'interaction_constraints': None, 'learning_rate': 0.1, 'max_delta_step': None, 'max_depth': 6, 'min_child_weight': 1, 'missing': nan, 'monotone_constraints': None, 'n_estimators': 950, 'n_jobs': None, 'num_parallel_tree': None, 'random_state': None, 'reg_alpha': 0, 'reg_lambda': 0.01, 'scale_pos_weight': None, 'subsample': 0.8, 'tree_method': 'gpu_hist', 'validate_parameters': None, 'verbosity': None, 'seed': 0, 'eval_metric': 'logloss'}
Fitting, totalling 9 fits
[fit 1/9] END learning_rate=0.001; total=4431, TP=127, TN=3607, FP=613, FN=84; precision=0.172, recall=0.602
accuracy: (test=0.843) average_precision: (test=0.266) balanced_accuracy: (test=0.728) f1: (test=0.267) roc_auc: (test=0.810) 22.56s
[fit 2/9] END learning_rate=0.01; total=4431, TP=151, TN=3995, FP=225, FN=60; precision=0.402, recall=0.716
accuracy: (test=0.936) average_precision: (test=0.549) balanced_accuracy: (test=0.831) f1: (test=0.514) roc_auc: (test=0.906) 20.94s
[fit 3/9] END learning_rate=0.05; total=4431, TP=133, TN=4156, FP=64, FN=78; precision=0.675, recall=0.630
accuracy: (test=0.968) average_precision: (test=0.727) balanced_accuracy: (test=0.808) f1: (test=0.652) roc_auc: (test=0.921) 19.50s
[fit 4/9] END learning_rate=0.07; total=4431, TP=134, TN=4174, FP=46, FN=77; precision=0.744, recall=0.635
accuracy: (test=0.972) average_precision: (test=0.735) balanced_accuracy: (test=0.812) f1: (test=0.685) roc_auc: (test=0.923) 19.04s
[fit 5/9] END learning_rate=0.1; total=4431, TP=137, TN=4186, FP=34, FN=74; precision=0.801, recall=0.649
accuracy: (test=0.976) average_precision: (test=0.760) balanced_accuracy: (test=0.821) f1: (test=0.717) roc_auc: (test=0.926) 18.67s
[fit 6/9] END learning_rate=0.2; total=4431, TP=132, TN=4195, FP=25, FN=79; precision=0.841, recall=0.626
accuracy: (test=0.977) average_precision: (test=0.749) balanced_accuracy: (test=0.810) f1: (test=0.717) roc_auc: (test=0.913) 14.18s
[fit 7/9] END learning_rate=0.5; total=4431, TP=132, TN=4172, FP=48, FN=79; precision=0.733, recall=0.626
accuracy: (test=0.971) average_precision: (test=0.698) balanced_accuracy: (test=0.807) f1: (test=0.675) roc_auc: (test=0.910) 9.92s
[fit 8/9] END learning_rate=0.75; total=4431, TP=135, TN=4123, FP=97, FN=76; precision=0.582, recall=0.640
accuracy: (test=0.961) average_precision: (test=0.660) balanced_accuracy: (test=0.808) f1: (test=0.609) roc_auc: (test=0.907) 8.49s
[fit 9/9] END learning_rate=1.0; total=4431, TP=130, TN=4113, FP=107, FN=81; precision=0.549, recall=0.616
accuracy: (test=0.958) average_precision: (test=0.628) balanced_accuracy: (test=0.795) f1: (test=0.580) roc_auc: (test=0.876) 7.80s
clf.best_estimator_params: {'learning_rate': 0.1}
best params found in line [6] for metric [roc_auc] in rank file
best params found in fit [5] for metric [roc_auc] in run_and_score file
clf.best_scoring_result: [Total: (test=4431) TP: (test=137.000) TN: (test=4186.000) FP: (test=34.000) FN: (test=74.000) precision: (test=0.801) recall: (test=0.649) accuracy: (test=0.976) average_precision: (test=0.760) balanced_accuracy: (test=0.821) f1: (test=0.717) roc_auc: (test=0.926) ]
write rank test to csv!!!
../../ex/epivan/base/pseknc_new_xgboost_base/rank/GM12878_rank_rank_6_2080ti.csv write over!!!
total time spending: 1h 1m 31s
best_params_result: {'n_estimators': 950, 'max_depth': 6, 'min_child_weight': 1, 'gamma': 0.1, 'colsample_bytree': 0.8, 'subsample': 0.8, 'reg_alpha': 0, 'reg_lambda': 0.01, 'learning_rate': 0.1}
