nohup: ignoring input
Intel(R) Extension for Scikit-learn* enabled (https://github.com/intel/scikit-learn-intelex)
../../ex/epivan/base/pseknc-new_svm_base created !!!
../../ex/epivan/base/pseknc-new_svm_base/rank created !!!
experiment: HeLa-S3 pseknc-new_svm
trainSet len:[X=62640,y=62640]
testSet len:[X=3654,y=3654]
Fitting, totalling 240 fits
[fit 1/240] END C=0.0625, gamma=0.0625, kernel=rbf; total=3654, TP=115, TN=1673, FP=1807, FN=59; precision=0.060, recall=0.661
accuracy: (test=0.489) average_precision: (test=0.067) balanced_accuracy: (test=0.571) f1: (test=0.110) roc_auc: (test=0.590) 45.07s
[fit 2/240] END C=0.0625, gamma=0.125, kernel=rbf; total=3654, TP=115, TN=1673, FP=1807, FN=59; precision=0.060, recall=0.661
accuracy: (test=0.489) average_precision: (test=0.067) balanced_accuracy: (test=0.571) f1: (test=0.110) roc_auc: (test=0.590) 45.05s
[fit 3/240] END C=0.0625, gamma=0.25, kernel=rbf; total=3654, TP=115, TN=1674, FP=1806, FN=59; precision=0.060, recall=0.661
accuracy: (test=0.490) average_precision: (test=0.067) balanced_accuracy: (test=0.571) f1: (test=0.110) roc_auc: (test=0.590) 43.78s
[fit 4/240] END C=0.0625, gamma=0.5, kernel=rbf; total=3654, TP=128, TN=1430, FP=2050, FN=46; precision=0.059, recall=0.736
accuracy: (test=0.426) average_precision: (test=0.067) balanced_accuracy: (test=0.573) f1: (test=0.109) roc_auc: (test=0.591) 46.77s
[fit 5/240] END C=0.0625, gamma=1.0, kernel=rbf; total=3654, TP=91, TN=2186, FP=1294, FN=83; precision=0.066, recall=0.523
accuracy: (test=0.623) average_precision: (test=0.070) balanced_accuracy: (test=0.576) f1: (test=0.117) roc_auc: (test=0.599) 49.80s
[fit 6/240] END C=0.0625, gamma=2.0, kernel=rbf; total=3654, TP=106, TN=2014, FP=1466, FN=68; precision=0.067, recall=0.609
accuracy: (test=0.580) average_precision: (test=0.072) balanced_accuracy: (test=0.594) f1: (test=0.121) roc_auc: (test=0.611) 50.20s
[fit 7/240] END C=0.0625, gamma=4.0, kernel=rbf; total=3654, TP=107, TN=2042, FP=1438, FN=67; precision=0.069, recall=0.615
accuracy: (test=0.588) average_precision: (test=0.075) balanced_accuracy: (test=0.601) f1: (test=0.124) roc_auc: (test=0.627) 47.96s
[fit 8/240] END C=0.0625, gamma=8.0, kernel=rbf; total=3654, TP=107, TN=2077, FP=1403, FN=67; precision=0.071, recall=0.615
accuracy: (test=0.598) average_precision: (test=0.080) balanced_accuracy: (test=0.606) f1: (test=0.127) roc_auc: (test=0.648) 48.94s
Line search fails in two-class probability estimates
[fit 9/240] END C=0.0625, gamma=16.0, kernel=rbf; total=3654, TP=108, TN=2139, FP=1341, FN=66; precision=0.075, recall=0.621
accuracy: (test=0.615) average_precision: (test=0.094) balanced_accuracy: (test=0.618) f1: (test=0.133) roc_auc: (test=0.675) 50.69s
[fit 10/240] END C=0.0625, gamma=32.0, kernel=rbf; total=3654, TP=113, TN=2233, FP=1247, FN=61; precision=0.083, recall=0.649
accuracy: (test=0.642) average_precision: (test=0.115) balanced_accuracy: (test=0.646) f1: (test=0.147) roc_auc: (test=0.710) 51.46s
Line search fails in two-class probability estimates
[fit 11/240] END C=0.0625, gamma=64.0, kernel=rbf; total=3654, TP=111, TN=2418, FP=1062, FN=63; precision=0.095, recall=0.638
accuracy: (test=0.692) average_precision: (test=0.140) balanced_accuracy: (test=0.666) f1: (test=0.165) roc_auc: (test=0.752) 48.82s
[fit 12/240] END C=0.0625, gamma=128.0, kernel=rbf; total=3654, TP=120, TN=2682, FP=798, FN=54; precision=0.131, recall=0.690
accuracy: (test=0.767) average_precision: (test=0.209) balanced_accuracy: (test=0.730) f1: (test=0.220) roc_auc: (test=0.806) 47.93s
[fit 13/240] END C=0.0625, gamma=256.0, kernel=rbf; total=3654, TP=122, TN=3010, FP=470, FN=52; precision=0.206, recall=0.701
accuracy: (test=0.857) average_precision: (test=0.397) balanced_accuracy: (test=0.783) f1: (test=0.319) roc_auc: (test=0.866) 46.71s
[fit 14/240] END C=0.0625, gamma=512.0, kernel=rbf; total=3654, TP=123, TN=3267, FP=213, FN=51; precision=0.366, recall=0.707
accuracy: (test=0.928) average_precision: (test=0.626) balanced_accuracy: (test=0.823) f1: (test=0.482) roc_auc: (test=0.899) 48.27s
[fit 15/240] END C=0.0625, gamma=1024.0, kernel=rbf; total=3654, TP=119, TN=3365, FP=115, FN=55; precision=0.509, recall=0.684
accuracy: (test=0.953) average_precision: (test=0.682) balanced_accuracy: (test=0.825) f1: (test=0.583) roc_auc: (test=0.898) 50.45s
[fit 16/240] END C=0.0625, gamma=2048.0, kernel=rbf; total=3654, TP=114, TN=3459, FP=21, FN=60; precision=0.844, recall=0.655
accuracy: (test=0.978) average_precision: (test=0.774) balanced_accuracy: (test=0.825) f1: (test=0.738) roc_auc: (test=0.916) 53.92s
[fit 17/240] END C=0.125, gamma=0.0625, kernel=rbf; total=3654, TP=115, TN=1673, FP=1807, FN=59; precision=0.060, recall=0.661
accuracy: (test=0.489) average_precision: (test=0.067) balanced_accuracy: (test=0.571) f1: (test=0.110) roc_auc: (test=0.590) 53.29s
[fit 18/240] END C=0.125, gamma=0.125, kernel=rbf; total=3654, TP=115, TN=1673, FP=1807, FN=59; precision=0.060, recall=0.661
accuracy: (test=0.489) average_precision: (test=0.067) balanced_accuracy: (test=0.571) f1: (test=0.110) roc_auc: (test=0.590) 52.12s
[fit 19/240] END C=0.125, gamma=0.25, kernel=rbf; total=3654, TP=121, TN=1646, FP=1834, FN=53; precision=0.062, recall=0.695
accuracy: (test=0.484) average_precision: (test=0.067) balanced_accuracy: (test=0.584) f1: (test=0.114) roc_auc: (test=0.592) 50.46s
[fit 20/240] END C=0.125, gamma=0.5, kernel=rbf; total=3654, TP=71, TN=2399, FP=1081, FN=103; precision=0.062, recall=0.408
accuracy: (test=0.676) average_precision: (test=0.070) balanced_accuracy: (test=0.549) f1: (test=0.107) roc_auc: (test=0.600) 52.51s
[fit 21/240] END C=0.125, gamma=1.0, kernel=rbf; total=3654, TP=106, TN=2016, FP=1464, FN=68; precision=0.068, recall=0.609
accuracy: (test=0.581) average_precision: (test=0.073) balanced_accuracy: (test=0.594) f1: (test=0.122) roc_auc: (test=0.611) 49.79s
Line search fails in two-class probability estimates
[fit 22/240] END C=0.125, gamma=2.0, kernel=rbf; total=3654, TP=106, TN=2043, FP=1437, FN=68; precision=0.069, recall=0.609
accuracy: (test=0.588) average_precision: (test=0.076) balanced_accuracy: (test=0.598) f1: (test=0.123) roc_auc: (test=0.627) 52.03s
Line search fails in two-class probability estimates
[fit 23/240] END C=0.125, gamma=4.0, kernel=rbf; total=3654, TP=107, TN=2085, FP=1395, FN=67; precision=0.071, recall=0.615
accuracy: (test=0.600) average_precision: (test=0.081) balanced_accuracy: (test=0.607) f1: (test=0.128) roc_auc: (test=0.649) 54.71s
[fit 24/240] END C=0.125, gamma=8.0, kernel=rbf; total=3654, TP=109, TN=2147, FP=1333, FN=65; precision=0.076, recall=0.626
accuracy: (test=0.617) average_precision: (test=0.093) balanced_accuracy: (test=0.622) f1: (test=0.135) roc_auc: (test=0.674) 52.78s
[fit 25/240] END C=0.125, gamma=16.0, kernel=rbf; total=3654, TP=111, TN=2216, FP=1264, FN=63; precision=0.081, recall=0.638
accuracy: (test=0.637) average_precision: (test=0.111) balanced_accuracy: (test=0.637) f1: (test=0.143) roc_auc: (test=0.706) 51.16s
[fit 26/240] END C=0.125, gamma=32.0, kernel=rbf; total=3654, TP=113, TN=2375, FP=1105, FN=61; precision=0.093, recall=0.649
accuracy: (test=0.681) average_precision: (test=0.130) balanced_accuracy: (test=0.666) f1: (test=0.162) roc_auc: (test=0.742) 51.44s
[fit 27/240] END C=0.125, gamma=64.0, kernel=rbf; total=3654, TP=118, TN=2576, FP=904, FN=56; precision=0.115, recall=0.678
accuracy: (test=0.737) average_precision: (test=0.166) balanced_accuracy: (test=0.709) f1: (test=0.197) roc_auc: (test=0.787) 50.34s
Line search fails in two-class probability estimates
[fit 28/240] END C=0.125, gamma=128.0, kernel=rbf; total=3654, TP=123, TN=2882, FP=598, FN=51; precision=0.171, recall=0.707
accuracy: (test=0.822) average_precision: (test=0.289) balanced_accuracy: (test=0.768) f1: (test=0.275) roc_auc: (test=0.848) 45.84s
[fit 29/240] END C=0.125, gamma=256.0, kernel=rbf; total=3654, TP=128, TN=3237, FP=243, FN=46; precision=0.345, recall=0.736
accuracy: (test=0.921) average_precision: (test=0.553) balanced_accuracy: (test=0.833) f1: (test=0.470) roc_auc: (test=0.905) 46.88s
[fit 30/240] END C=0.125, gamma=512.0, kernel=rbf; total=3654, TP=124, TN=3410, FP=70, FN=50; precision=0.639, recall=0.713
accuracy: (test=0.967) average_precision: (test=0.750) balanced_accuracy: (test=0.846) f1: (test=0.674) roc_auc: (test=0.929) 51.11s
[fit 31/240] END C=0.125, gamma=1024.0, kernel=rbf; total=3654, TP=122, TN=3442, FP=38, FN=52; precision=0.762, recall=0.701
accuracy: (test=0.975) average_precision: (test=0.788) balanced_accuracy: (test=0.845) f1: (test=0.731) roc_auc: (test=0.928) 1.04min
[fit 32/240] END C=0.125, gamma=2048.0, kernel=rbf; total=3654, TP=120, TN=3462, FP=18, FN=54; precision=0.870, recall=0.690
accuracy: (test=0.980) average_precision: (test=0.799) balanced_accuracy: (test=0.842) f1: (test=0.769) roc_auc: (test=0.924) 1.10min
[fit 33/240] END C=0.25, gamma=0.0625, kernel=rbf; total=3654, TP=115, TN=1673, FP=1807, FN=59; precision=0.060, recall=0.661
accuracy: (test=0.489) average_precision: (test=0.067) balanced_accuracy: (test=0.571) f1: (test=0.110) roc_auc: (test=0.590) 49.99s
[fit 34/240] END C=0.25, gamma=0.125, kernel=rbf; total=3654, TP=128, TN=1431, FP=2049, FN=46; precision=0.059, recall=0.736
accuracy: (test=0.427) average_precision: (test=0.067) balanced_accuracy: (test=0.573) f1: (test=0.109) roc_auc: (test=0.591) 50.59s
[fit 35/240] END C=0.25, gamma=0.25, kernel=rbf; total=3654, TP=108, TN=1972, FP=1508, FN=66; precision=0.067, recall=0.621
accuracy: (test=0.569) average_precision: (test=0.070) balanced_accuracy: (test=0.594) f1: (test=0.121) roc_auc: (test=0.599) 48.85s
[fit 36/240] END C=0.25, gamma=0.5, kernel=rbf; total=3654, TP=106, TN=2016, FP=1464, FN=68; precision=0.068, recall=0.609
accuracy: (test=0.581) average_precision: (test=0.073) balanced_accuracy: (test=0.594) f1: (test=0.122) roc_auc: (test=0.611) 51.01s
[fit 37/240] END C=0.25, gamma=1.0, kernel=rbf; total=3654, TP=106, TN=2047, FP=1433, FN=68; precision=0.069, recall=0.609
accuracy: (test=0.589) average_precision: (test=0.076) balanced_accuracy: (test=0.599) f1: (test=0.124) roc_auc: (test=0.628) 53.61s
[fit 38/240] END C=0.25, gamma=2.0, kernel=rbf; total=3654, TP=104, TN=2087, FP=1393, FN=70; precision=0.069, recall=0.598
accuracy: (test=0.600) average_precision: (test=0.081) balanced_accuracy: (test=0.599) f1: (test=0.124) roc_auc: (test=0.648) 48.73s
[fit 39/240] END C=0.25, gamma=4.0, kernel=rbf; total=3654, TP=108, TN=2148, FP=1332, FN=66; precision=0.075, recall=0.621
accuracy: (test=0.617) average_precision: (test=0.093) balanced_accuracy: (test=0.619) f1: (test=0.134) roc_auc: (test=0.673) 49.48s
[fit 40/240] END C=0.25, gamma=8.0, kernel=rbf; total=3654, TP=113, TN=2203, FP=1277, FN=61; precision=0.081, recall=0.649
accuracy: (test=0.634) average_precision: (test=0.108) balanced_accuracy: (test=0.641) f1: (test=0.145) roc_auc: (test=0.703) 49.60s
[fit 41/240] END C=0.25, gamma=16.0, kernel=rbf; total=3654, TP=113, TN=2338, FP=1142, FN=61; precision=0.090, recall=0.649
accuracy: (test=0.671) average_precision: (test=0.123) balanced_accuracy: (test=0.661) f1: (test=0.158) roc_auc: (test=0.733) 49.49s
Line search fails in two-class probability estimates
[fit 42/240] END C=0.25, gamma=32.0, kernel=rbf; total=3654, TP=115, TN=2490, FP=990, FN=59; precision=0.104, recall=0.661
accuracy: (test=0.713) average_precision: (test=0.145) balanced_accuracy: (test=0.688) f1: (test=0.180) roc_auc: (test=0.767) 51.53s
[fit 43/240] END C=0.25, gamma=64.0, kernel=rbf; total=3654, TP=121, TN=2736, FP=744, FN=53; precision=0.140, recall=0.695
accuracy: (test=0.782) average_precision: (test=0.207) balanced_accuracy: (test=0.741) f1: (test=0.233) roc_auc: (test=0.818) 51.31s
[fit 44/240] END C=0.25, gamma=128.0, kernel=rbf; total=3654, TP=128, TN=3091, FP=389, FN=46; precision=0.248, recall=0.736
accuracy: (test=0.881) average_precision: (test=0.422) balanced_accuracy: (test=0.812) f1: (test=0.370) roc_auc: (test=0.884) 55.13s
Line search fails in two-class probability estimates
[fit 45/240] END C=0.25, gamma=256.0, kernel=rbf; total=3654, TP=131, TN=3372, FP=108, FN=43; precision=0.548, recall=0.753
accuracy: (test=0.959) average_precision: (test=0.701) balanced_accuracy: (test=0.861) f1: (test=0.634) roc_auc: (test=0.928) 54.00s
[fit 46/240] END C=0.25, gamma=512.0, kernel=rbf; total=3654, TP=125, TN=3449, FP=31, FN=49; precision=0.801, recall=0.718
accuracy: (test=0.978) average_precision: (test=0.803) balanced_accuracy: (test=0.855) f1: (test=0.758) roc_auc: (test=0.941) 1.06min
Line search fails in two-class probability estimates
[fit 47/240] END C=0.25, gamma=1024.0, kernel=rbf; total=3654, TP=120, TN=3459, FP=21, FN=54; precision=0.851, recall=0.690
accuracy: (test=0.979) average_precision: (test=0.819) balanced_accuracy: (test=0.842) f1: (test=0.762) roc_auc: (test=0.938) 1.49min
[fit 48/240] END C=0.25, gamma=2048.0, kernel=rbf; total=3654, TP=112, TN=3471, FP=9, FN=62; precision=0.926, recall=0.644
accuracy: (test=0.981) average_precision: (test=0.820) balanced_accuracy: (test=0.821) f1: (test=0.759) roc_auc: (test=0.930) 1.75min
[fit 49/240] END C=0.5, gamma=0.0625, kernel=rbf; total=3654, TP=120, TN=1646, FP=1834, FN=54; precision=0.061, recall=0.690
accuracy: (test=0.483) average_precision: (test=0.067) balanced_accuracy: (test=0.581) f1: (test=0.113) roc_auc: (test=0.591) 50.46s
[fit 50/240] END C=0.5, gamma=0.125, kernel=rbf; total=3654, TP=142, TN=1055, FP=2425, FN=32; precision=0.055, recall=0.816
accuracy: (test=0.328) average_precision: (test=0.070) balanced_accuracy: (test=0.560) f1: (test=0.104) roc_auc: (test=0.599) 50.96s
[fit 51/240] END C=0.5, gamma=0.25, kernel=rbf; total=3654, TP=106, TN=2016, FP=1464, FN=68; precision=0.068, recall=0.609
accuracy: (test=0.581) average_precision: (test=0.073) balanced_accuracy: (test=0.594) f1: (test=0.122) roc_auc: (test=0.611) 52.44s
Line search fails in two-class probability estimates
[fit 52/240] END C=0.5, gamma=0.5, kernel=rbf; total=3654, TP=105, TN=2047, FP=1433, FN=69; precision=0.068, recall=0.603
accuracy: (test=0.589) average_precision: (test=0.076) balanced_accuracy: (test=0.596) f1: (test=0.123) roc_auc: (test=0.628) 52.56s
Line search fails in two-class probability estimates
[fit 53/240] END C=0.5, gamma=1.0, kernel=rbf; total=3654, TP=104, TN=2090, FP=1390, FN=70; precision=0.070, recall=0.598
accuracy: (test=0.600) average_precision: (test=0.081) balanced_accuracy: (test=0.599) f1: (test=0.125) roc_auc: (test=0.648) 49.51s
[fit 54/240] END C=0.5, gamma=2.0, kernel=rbf; total=3654, TP=107, TN=2143, FP=1337, FN=67; precision=0.074, recall=0.615
accuracy: (test=0.616) average_precision: (test=0.093) balanced_accuracy: (test=0.615) f1: (test=0.132) roc_auc: (test=0.673) 49.73s
[fit 55/240] END C=0.5, gamma=4.0, kernel=rbf; total=3654, TP=112, TN=2212, FP=1268, FN=62; precision=0.081, recall=0.644
accuracy: (test=0.636) average_precision: (test=0.106) balanced_accuracy: (test=0.640) f1: (test=0.144) roc_auc: (test=0.701) 50.91s
[fit 56/240] END C=0.5, gamma=8.0, kernel=rbf; total=3654, TP=112, TN=2312, FP=1168, FN=62; precision=0.087, recall=0.644
accuracy: (test=0.663) average_precision: (test=0.118) balanced_accuracy: (test=0.654) f1: (test=0.154) roc_auc: (test=0.726) 54.24s
Line search fails in two-class probability estimates
[fit 57/240] END C=0.5, gamma=16.0, kernel=rbf; total=3654, TP=110, TN=2418, FP=1062, FN=64; precision=0.094, recall=0.632
accuracy: (test=0.692) average_precision: (test=0.133) balanced_accuracy: (test=0.664) f1: (test=0.163) roc_auc: (test=0.751) 51.57s
[fit 58/240] END C=0.5, gamma=32.0, kernel=rbf; total=3654, TP=120, TN=2621, FP=859, FN=54; precision=0.123, recall=0.690
accuracy: (test=0.750) average_precision: (test=0.167) balanced_accuracy: (test=0.721) f1: (test=0.208) roc_auc: (test=0.790) 51.94s
Line search fails in two-class probability estimates
[fit 59/240] END C=0.5, gamma=64.0, kernel=rbf; total=3654, TP=121, TN=2901, FP=579, FN=53; precision=0.173, recall=0.695
accuracy: (test=0.827) average_precision: (test=0.282) balanced_accuracy: (test=0.765) f1: (test=0.277) roc_auc: (test=0.849) 55.69s
[fit 60/240] END C=0.5, gamma=128.0, kernel=rbf; total=3654, TP=125, TN=3263, FP=217, FN=49; precision=0.365, recall=0.718
accuracy: (test=0.927) average_precision: (test=0.565) balanced_accuracy: (test=0.828) f1: (test=0.484) roc_auc: (test=0.912) 56.18s
[fit 61/240] END C=0.5, gamma=256.0, kernel=rbf; total=3654, TP=128, TN=3426, FP=54, FN=46; precision=0.703, recall=0.736
accuracy: (test=0.973) average_precision: (test=0.778) balanced_accuracy: (test=0.860) f1: (test=0.719) roc_auc: (test=0.943) 1.07min
[fit 62/240] END C=0.5, gamma=512.0, kernel=rbf; total=3654, TP=120, TN=3462, FP=18, FN=54; precision=0.870, recall=0.690
accuracy: (test=0.980) average_precision: (test=0.822) balanced_accuracy: (test=0.842) f1: (test=0.769) roc_auc: (test=0.944) 1.30min
[fit 63/240] END C=0.5, gamma=1024.0, kernel=rbf; total=3654, TP=118, TN=3466, FP=14, FN=56; precision=0.894, recall=0.678
accuracy: (test=0.981) average_precision: (test=0.827) balanced_accuracy: (test=0.837) f1: (test=0.771) roc_auc: (test=0.939) 1.67min
[fit 64/240] END C=0.5, gamma=2048.0, kernel=rbf; total=3654, TP=112, TN=3473, FP=7, FN=62; precision=0.941, recall=0.644
accuracy: (test=0.981) average_precision: (test=0.824) balanced_accuracy: (test=0.821) f1: (test=0.765) roc_auc: (test=0.931) 1.92min
[fit 65/240] END C=1.0, gamma=0.0625, kernel=rbf; total=3654, TP=108, TN=1973, FP=1507, FN=66; precision=0.067, recall=0.621
accuracy: (test=0.570) average_precision: (test=0.070) balanced_accuracy: (test=0.594) f1: (test=0.121) roc_auc: (test=0.599) 53.62s
[fit 66/240] END C=1.0, gamma=0.125, kernel=rbf; total=3654, TP=105, TN=2016, FP=1464, FN=69; precision=0.067, recall=0.603
accuracy: (test=0.580) average_precision: (test=0.073) balanced_accuracy: (test=0.591) f1: (test=0.120) roc_auc: (test=0.611) 54.19s
Line search fails in two-class probability estimates
[fit 67/240] END C=1.0, gamma=0.25, kernel=rbf; total=3654, TP=105, TN=2046, FP=1434, FN=69; precision=0.068, recall=0.603
accuracy: (test=0.589) average_precision: (test=0.076) balanced_accuracy: (test=0.596) f1: (test=0.123) roc_auc: (test=0.628) 53.57s
[fit 68/240] END C=1.0, gamma=0.5, kernel=rbf; total=3654, TP=104, TN=2096, FP=1384, FN=70; precision=0.070, recall=0.598
accuracy: (test=0.602) average_precision: (test=0.082) balanced_accuracy: (test=0.600) f1: (test=0.125) roc_auc: (test=0.648) 52.21s
[fit 69/240] END C=1.0, gamma=1.0, kernel=rbf; total=3654, TP=105, TN=2143, FP=1337, FN=69; precision=0.073, recall=0.603
accuracy: (test=0.615) average_precision: (test=0.093) balanced_accuracy: (test=0.610) f1: (test=0.130) roc_auc: (test=0.672) 50.32s
[fit 70/240] END C=1.0, gamma=2.0, kernel=rbf; total=3654, TP=111, TN=2210, FP=1270, FN=63; precision=0.080, recall=0.638
accuracy: (test=0.635) average_precision: (test=0.106) balanced_accuracy: (test=0.636) f1: (test=0.143) roc_auc: (test=0.699) 49.29s
[fit 71/240] END C=1.0, gamma=4.0, kernel=rbf; total=3654, TP=112, TN=2306, FP=1174, FN=62; precision=0.087, recall=0.644
accuracy: (test=0.662) average_precision: (test=0.115) balanced_accuracy: (test=0.653) f1: (test=0.153) roc_auc: (test=0.722) 48.78s
[fit 72/240] END C=1.0, gamma=8.0, kernel=rbf; total=3654, TP=110, TN=2384, FP=1096, FN=64; precision=0.091, recall=0.632
accuracy: (test=0.683) average_precision: (test=0.124) balanced_accuracy: (test=0.659) f1: (test=0.159) roc_auc: (test=0.740) 51.00s
Line search fails in two-class probability estimates
[fit 73/240] END C=1.0, gamma=16.0, kernel=rbf; total=3654, TP=116, TN=2494, FP=986, FN=58; precision=0.105, recall=0.667
accuracy: (test=0.714) average_precision: (test=0.143) balanced_accuracy: (test=0.692) f1: (test=0.182) roc_auc: (test=0.768) 54.53s
[fit 74/240] END C=1.0, gamma=32.0, kernel=rbf; total=3654, TP=119, TN=2732, FP=748, FN=55; precision=0.137, recall=0.684
accuracy: (test=0.780) average_precision: (test=0.201) balanced_accuracy: (test=0.734) f1: (test=0.229) roc_auc: (test=0.815) 59.12s
[fit 75/240] END C=1.0, gamma=64.0, kernel=rbf; total=3654, TP=122, TN=3076, FP=404, FN=52; precision=0.232, recall=0.701
accuracy: (test=0.875) average_precision: (test=0.408) balanced_accuracy: (test=0.793) f1: (test=0.349) roc_auc: (test=0.882) 1.07min
[fit 76/240] END C=1.0, gamma=128.0, kernel=rbf; total=3654, TP=129, TN=3381, FP=99, FN=45; precision=0.566, recall=0.741
accuracy: (test=0.961) average_precision: (test=0.695) balanced_accuracy: (test=0.856) f1: (test=0.642) roc_auc: (test=0.935) 1.19min
[fit 77/240] END C=1.0, gamma=256.0, kernel=rbf; total=3654, TP=124, TN=3452, FP=28, FN=50; precision=0.816, recall=0.713
accuracy: (test=0.979) average_precision: (test=0.806) balanced_accuracy: (test=0.852) f1: (test=0.761) roc_auc: (test=0.946) 1.40min
[fit 78/240] END C=1.0, gamma=512.0, kernel=rbf; total=3654, TP=118, TN=3466, FP=14, FN=56; precision=0.894, recall=0.678
accuracy: (test=0.981) average_precision: (test=0.828) balanced_accuracy: (test=0.837) f1: (test=0.771) roc_auc: (test=0.943) 1.55min
[fit 79/240] END C=1.0, gamma=1024.0, kernel=rbf; total=3654, TP=116, TN=3469, FP=11, FN=58; precision=0.913, recall=0.667
accuracy: (test=0.981) average_precision: (test=0.833) balanced_accuracy: (test=0.832) f1: (test=0.771) roc_auc: (test=0.940) 1.78min
[fit 80/240] END C=1.0, gamma=2048.0, kernel=rbf; total=3654, TP=111, TN=3474, FP=6, FN=63; precision=0.949, recall=0.638
accuracy: (test=0.981) average_precision: (test=0.826) balanced_accuracy: (test=0.818) f1: (test=0.763) roc_auc: (test=0.932) 2.10min
[fit 81/240] END C=2.0, gamma=0.0625, kernel=rbf; total=3654, TP=105, TN=2016, FP=1464, FN=69; precision=0.067, recall=0.603
accuracy: (test=0.580) average_precision: (test=0.073) balanced_accuracy: (test=0.591) f1: (test=0.120) roc_auc: (test=0.611) 52.88s
[fit 82/240] END C=2.0, gamma=0.125, kernel=rbf; total=3654, TP=105, TN=2046, FP=1434, FN=69; precision=0.068, recall=0.603
accuracy: (test=0.589) average_precision: (test=0.076) balanced_accuracy: (test=0.596) f1: (test=0.123) roc_auc: (test=0.628) 53.31s
[fit 83/240] END C=2.0, gamma=0.25, kernel=rbf; total=3654, TP=104, TN=2098, FP=1382, FN=70; precision=0.070, recall=0.598
accuracy: (test=0.603) average_precision: (test=0.081) balanced_accuracy: (test=0.600) f1: (test=0.125) roc_auc: (test=0.648) 52.82s
[fit 84/240] END C=2.0, gamma=0.5, kernel=rbf; total=3654, TP=106, TN=2143, FP=1337, FN=68; precision=0.073, recall=0.609
accuracy: (test=0.615) average_precision: (test=0.092) balanced_accuracy: (test=0.613) f1: (test=0.131) roc_auc: (test=0.672) 52.15s
[fit 85/240] END C=2.0, gamma=1.0, kernel=rbf; total=3654, TP=111, TN=2206, FP=1274, FN=63; precision=0.080, recall=0.638
accuracy: (test=0.634) average_precision: (test=0.106) balanced_accuracy: (test=0.636) f1: (test=0.142) roc_auc: (test=0.699) 54.59s
[fit 86/240] END C=2.0, gamma=2.0, kernel=rbf; total=3654, TP=114, TN=2304, FP=1176, FN=60; precision=0.088, recall=0.655
accuracy: (test=0.662) average_precision: (test=0.113) balanced_accuracy: (test=0.659) f1: (test=0.156) roc_auc: (test=0.719) 56.39s
[fit 87/240] END C=2.0, gamma=4.0, kernel=rbf; total=3654, TP=110, TN=2374, FP=1106, FN=64; precision=0.090, recall=0.632
accuracy: (test=0.680) average_precision: (test=0.120) balanced_accuracy: (test=0.657) f1: (test=0.158) roc_auc: (test=0.734) 49.58s
[fit 88/240] END C=2.0, gamma=8.0, kernel=rbf; total=3654, TP=113, TN=2450, FP=1030, FN=61; precision=0.099, recall=0.649
accuracy: (test=0.701) average_precision: (test=0.131) balanced_accuracy: (test=0.677) f1: (test=0.172) roc_auc: (test=0.752) 53.26s
[fit 89/240] END C=2.0, gamma=16.0, kernel=rbf; total=3654, TP=116, TN=2592, FP=888, FN=58; precision=0.116, recall=0.667
accuracy: (test=0.741) average_precision: (test=0.161) balanced_accuracy: (test=0.706) f1: (test=0.197) roc_auc: (test=0.786) 54.58s
[fit 90/240] END C=2.0, gamma=32.0, kernel=rbf; total=3654, TP=124, TN=2905, FP=575, FN=50; precision=0.177, recall=0.713
accuracy: (test=0.829) average_precision: (test=0.272) balanced_accuracy: (test=0.774) f1: (test=0.284) roc_auc: (test=0.846) 59.01s
[fit 91/240] END C=2.0, gamma=64.0, kernel=rbf; total=3654, TP=126, TN=3261, FP=219, FN=48; precision=0.365, recall=0.724
accuracy: (test=0.927) average_precision: (test=0.560) balanced_accuracy: (test=0.831) f1: (test=0.486) roc_auc: (test=0.914) 1.16min
[fit 92/240] END C=2.0, gamma=128.0, kernel=rbf; total=3654, TP=129, TN=3426, FP=54, FN=45; precision=0.705, recall=0.741
accuracy: (test=0.973) average_precision: (test=0.770) balanced_accuracy: (test=0.863) f1: (test=0.723) roc_auc: (test=0.945) 1.50min
[fit 93/240] END C=2.0, gamma=256.0, kernel=rbf; total=3654, TP=119, TN=3463, FP=17, FN=55; precision=0.875, recall=0.684
accuracy: (test=0.980) average_precision: (test=0.817) balanced_accuracy: (test=0.840) f1: (test=0.768) roc_auc: (test=0.944) 1.73min
[fit 94/240] END C=2.0, gamma=512.0, kernel=rbf; total=3654, TP=117, TN=3468, FP=12, FN=57; precision=0.907, recall=0.672
accuracy: (test=0.981) average_precision: (test=0.830) balanced_accuracy: (test=0.834) f1: (test=0.772) roc_auc: (test=0.943) 1.61min
[fit 95/240] END C=2.0, gamma=1024.0, kernel=rbf; total=3654, TP=116, TN=3470, FP=10, FN=58; precision=0.921, recall=0.667
accuracy: (test=0.981) average_precision: (test=0.834) balanced_accuracy: (test=0.832) f1: (test=0.773) roc_auc: (test=0.940) 1.79min
[fit 96/240] END C=2.0, gamma=2048.0, kernel=rbf; total=3654, TP=111, TN=3474, FP=6, FN=63; precision=0.949, recall=0.638
accuracy: (test=0.981) average_precision: (test=0.826) balanced_accuracy: (test=0.818) f1: (test=0.763) roc_auc: (test=0.932) 2.15min
[fit 97/240] END C=4.0, gamma=0.0625, kernel=rbf; total=3654, TP=105, TN=2044, FP=1436, FN=69; precision=0.068, recall=0.603
accuracy: (test=0.588) average_precision: (test=0.076) balanced_accuracy: (test=0.595) f1: (test=0.122) roc_auc: (test=0.628) 54.56s
Line search fails in two-class probability estimates
[fit 98/240] END C=4.0, gamma=0.125, kernel=rbf; total=3654, TP=104, TN=2097, FP=1383, FN=70; precision=0.070, recall=0.598
accuracy: (test=0.602) average_precision: (test=0.081) balanced_accuracy: (test=0.600) f1: (test=0.125) roc_auc: (test=0.648) 51.55s
[fit 99/240] END C=4.0, gamma=0.25, kernel=rbf; total=3654, TP=106, TN=2144, FP=1336, FN=68; precision=0.074, recall=0.609
accuracy: (test=0.616) average_precision: (test=0.092) balanced_accuracy: (test=0.613) f1: (test=0.131) roc_auc: (test=0.671) 48.87s
[fit 100/240] END C=4.0, gamma=0.5, kernel=rbf; total=3654, TP=111, TN=2208, FP=1272, FN=63; precision=0.080, recall=0.638
accuracy: (test=0.635) average_precision: (test=0.105) balanced_accuracy: (test=0.636) f1: (test=0.143) roc_auc: (test=0.698) 48.94s
[fit 101/240] END C=4.0, gamma=1.0, kernel=rbf; total=3654, TP=114, TN=2298, FP=1182, FN=60; precision=0.088, recall=0.655
accuracy: (test=0.660) average_precision: (test=0.113) balanced_accuracy: (test=0.658) f1: (test=0.155) roc_auc: (test=0.718) 48.43s
[fit 102/240] END C=4.0, gamma=2.0, kernel=rbf; total=3654, TP=110, TN=2352, FP=1128, FN=64; precision=0.089, recall=0.632
accuracy: (test=0.674) average_precision: (test=0.118) balanced_accuracy: (test=0.654) f1: (test=0.156) roc_auc: (test=0.729) 50.71s
[fit 103/240] END C=4.0, gamma=4.0, kernel=rbf; total=3654, TP=110, TN=2406, FP=1074, FN=64; precision=0.093, recall=0.632
accuracy: (test=0.689) average_precision: (test=0.123) balanced_accuracy: (test=0.662) f1: (test=0.162) roc_auc: (test=0.741) 54.51s
[fit 104/240] END C=4.0, gamma=8.0, kernel=rbf; total=3654, TP=115, TN=2493, FP=987, FN=59; precision=0.104, recall=0.661
accuracy: (test=0.714) average_precision: (test=0.142) balanced_accuracy: (test=0.689) f1: (test=0.180) roc_auc: (test=0.765) 56.06s
[fit 105/240] END C=4.0, gamma=16.0, kernel=rbf; total=3654, TP=121, TN=2703, FP=777, FN=53; precision=0.135, recall=0.695
accuracy: (test=0.773) average_precision: (test=0.192) balanced_accuracy: (test=0.736) f1: (test=0.226) roc_auc: (test=0.809) 1.03min
[fit 106/240] END C=4.0, gamma=32.0, kernel=rbf; total=3654, TP=123, TN=3061, FP=419, FN=51; precision=0.227, recall=0.707
accuracy: (test=0.871) average_precision: (test=0.398) balanced_accuracy: (test=0.793) f1: (test=0.344) roc_auc: (test=0.878) 1.23min
[fit 107/240] END C=4.0, gamma=64.0, kernel=rbf; total=3654, TP=128, TN=3369, FP=111, FN=46; precision=0.536, recall=0.736
accuracy: (test=0.957) average_precision: (test=0.673) balanced_accuracy: (test=0.852) f1: (test=0.620) roc_auc: (test=0.935) 1.59min
[fit 108/240] END C=4.0, gamma=128.0, kernel=rbf; total=3654, TP=120, TN=3452, FP=28, FN=54; precision=0.811, recall=0.690
accuracy: (test=0.978) average_precision: (test=0.794) balanced_accuracy: (test=0.841) f1: (test=0.745) roc_auc: (test=0.945) 2.14min
[fit 109/240] END C=4.0, gamma=256.0, kernel=rbf; total=3654, TP=118, TN=3465, FP=15, FN=56; precision=0.887, recall=0.678
accuracy: (test=0.981) average_precision: (test=0.817) balanced_accuracy: (test=0.837) f1: (test=0.769) roc_auc: (test=0.943) 1.98min
[fit 110/240] END C=4.0, gamma=512.0, kernel=rbf; total=3654, TP=118, TN=3468, FP=12, FN=56; precision=0.908, recall=0.678
accuracy: (test=0.981) average_precision: (test=0.830) balanced_accuracy: (test=0.837) f1: (test=0.776) roc_auc: (test=0.943) 1.64min
[fit 111/240] END C=4.0, gamma=1024.0, kernel=rbf; total=3654, TP=116, TN=3470, FP=10, FN=58; precision=0.921, recall=0.667
accuracy: (test=0.981) average_precision: (test=0.834) balanced_accuracy: (test=0.832) f1: (test=0.773) roc_auc: (test=0.940) 1.89min
[fit 112/240] END C=4.0, gamma=2048.0, kernel=rbf; total=3654, TP=111, TN=3474, FP=6, FN=63; precision=0.949, recall=0.638
accuracy: (test=0.981) average_precision: (test=0.826) balanced_accuracy: (test=0.818) f1: (test=0.763) roc_auc: (test=0.932) 2.14min
[fit 113/240] END C=8.0, gamma=0.0625, kernel=rbf; total=3654, TP=104, TN=2097, FP=1383, FN=70; precision=0.070, recall=0.598
accuracy: (test=0.602) average_precision: (test=0.081) balanced_accuracy: (test=0.600) f1: (test=0.125) roc_auc: (test=0.648) 51.80s
[fit 114/240] END C=8.0, gamma=0.125, kernel=rbf; total=3654, TP=106, TN=2142, FP=1338, FN=68; precision=0.073, recall=0.609
accuracy: (test=0.615) average_precision: (test=0.092) balanced_accuracy: (test=0.612) f1: (test=0.131) roc_auc: (test=0.671) 52.20s
[fit 115/240] END C=8.0, gamma=0.25, kernel=rbf; total=3654, TP=111, TN=2211, FP=1269, FN=63; precision=0.080, recall=0.638
accuracy: (test=0.635) average_precision: (test=0.105) balanced_accuracy: (test=0.637) f1: (test=0.143) roc_auc: (test=0.698) 51.63s
[fit 116/240] END C=8.0, gamma=0.5, kernel=rbf; total=3654, TP=113, TN=2295, FP=1185, FN=61; precision=0.087, recall=0.649
accuracy: (test=0.659) average_precision: (test=0.112) balanced_accuracy: (test=0.654) f1: (test=0.154) roc_auc: (test=0.716) 48.65s
[fit 117/240] END C=8.0, gamma=1.0, kernel=rbf; total=3654, TP=109, TN=2345, FP=1135, FN=65; precision=0.088, recall=0.626
accuracy: (test=0.672) average_precision: (test=0.117) balanced_accuracy: (test=0.650) f1: (test=0.154) roc_auc: (test=0.727) 50.81s
[fit 118/240] END C=8.0, gamma=2.0, kernel=rbf; total=3654, TP=110, TN=2388, FP=1092, FN=64; precision=0.092, recall=0.632
accuracy: (test=0.684) average_precision: (test=0.120) balanced_accuracy: (test=0.659) f1: (test=0.160) roc_auc: (test=0.735) 52.14s
[fit 119/240] END C=8.0, gamma=4.0, kernel=rbf; total=3654, TP=113, TN=2438, FP=1042, FN=61; precision=0.098, recall=0.649
accuracy: (test=0.698) average_precision: (test=0.129) balanced_accuracy: (test=0.675) f1: (test=0.170) roc_auc: (test=0.751) 54.42s
[fit 120/240] END C=8.0, gamma=8.0, kernel=rbf; total=3654, TP=115, TN=2575, FP=905, FN=59; precision=0.113, recall=0.661
accuracy: (test=0.736) average_precision: (test=0.157) balanced_accuracy: (test=0.700) f1: (test=0.193) roc_auc: (test=0.782) 1.02min
Line search fails in two-class probability estimates
[fit 121/240] END C=8.0, gamma=16.0, kernel=rbf; total=3654, TP=122, TN=2888, FP=592, FN=52; precision=0.171, recall=0.701
accuracy: (test=0.824) average_precision: (test=0.266) balanced_accuracy: (test=0.766) f1: (test=0.275) roc_auc: (test=0.842) 1.23min
[fit 122/240] END C=8.0, gamma=32.0, kernel=rbf; total=3654, TP=125, TN=3255, FP=225, FN=49; precision=0.357, recall=0.718
accuracy: (test=0.925) average_precision: (test=0.550) balanced_accuracy: (test=0.827) f1: (test=0.477) roc_auc: (test=0.912) 1.59min
[fit 123/240] END C=8.0, gamma=64.0, kernel=rbf; total=3654, TP=130, TN=3423, FP=57, FN=44; precision=0.695, recall=0.747
accuracy: (test=0.972) average_precision: (test=0.746) balanced_accuracy: (test=0.865) f1: (test=0.720) roc_auc: (test=0.943) 2.29min
[fit 124/240] END C=8.0, gamma=128.0, kernel=rbf; total=3654, TP=119, TN=3461, FP=19, FN=55; precision=0.862, recall=0.684
accuracy: (test=0.980) average_precision: (test=0.805) balanced_accuracy: (test=0.839) f1: (test=0.763) roc_auc: (test=0.943) 2.77min
[fit 125/240] END C=8.0, gamma=256.0, kernel=rbf; total=3654, TP=119, TN=3468, FP=12, FN=55; precision=0.908, recall=0.684
accuracy: (test=0.982) average_precision: (test=0.817) balanced_accuracy: (test=0.840) f1: (test=0.780) roc_auc: (test=0.943) 2.03min
[fit 126/240] END C=8.0, gamma=512.0, kernel=rbf; total=3654, TP=118, TN=3468, FP=12, FN=56; precision=0.908, recall=0.678
accuracy: (test=0.981) average_precision: (test=0.830) balanced_accuracy: (test=0.837) f1: (test=0.776) roc_auc: (test=0.943) 1.62min
[fit 127/240] END C=8.0, gamma=1024.0, kernel=rbf; total=3654, TP=116, TN=3470, FP=10, FN=58; precision=0.921, recall=0.667
accuracy: (test=0.981) average_precision: (test=0.834) balanced_accuracy: (test=0.832) f1: (test=0.773) roc_auc: (test=0.940) 1.81min
[fit 128/240] END C=8.0, gamma=2048.0, kernel=rbf; total=3654, TP=111, TN=3474, FP=6, FN=63; precision=0.949, recall=0.638
accuracy: (test=0.981) average_precision: (test=0.826) balanced_accuracy: (test=0.818) f1: (test=0.763) roc_auc: (test=0.932) 2.13min
[fit 129/240] END C=16.0, gamma=0.0625, kernel=rbf; total=3654, TP=106, TN=2141, FP=1339, FN=68; precision=0.073, recall=0.609
accuracy: (test=0.615) average_precision: (test=0.092) balanced_accuracy: (test=0.612) f1: (test=0.131) roc_auc: (test=0.671) 50.25s
[fit 130/240] END C=16.0, gamma=0.125, kernel=rbf; total=3654, TP=111, TN=2213, FP=1267, FN=63; precision=0.081, recall=0.638
accuracy: (test=0.636) average_precision: (test=0.105) balanced_accuracy: (test=0.637) f1: (test=0.143) roc_auc: (test=0.697) 49.53s
[fit 131/240] END C=16.0, gamma=0.25, kernel=rbf; total=3654, TP=112, TN=2289, FP=1191, FN=62; precision=0.086, recall=0.644
accuracy: (test=0.657) average_precision: (test=0.112) balanced_accuracy: (test=0.651) f1: (test=0.152) roc_auc: (test=0.716) 48.73s
[fit 132/240] END C=16.0, gamma=0.5, kernel=rbf; total=3654, TP=110, TN=2344, FP=1136, FN=64; precision=0.088, recall=0.632
accuracy: (test=0.672) average_precision: (test=0.117) balanced_accuracy: (test=0.653) f1: (test=0.155) roc_auc: (test=0.726) 50.48s
Line search fails in two-class probability estimates
[fit 133/240] END C=16.0, gamma=1.0, kernel=rbf; total=3654, TP=112, TN=2375, FP=1105, FN=62; precision=0.092, recall=0.644
accuracy: (test=0.681) average_precision: (test=0.117) balanced_accuracy: (test=0.663) f1: (test=0.161) roc_auc: (test=0.731) 53.55s
[fit 134/240] END C=16.0, gamma=2.0, kernel=rbf; total=3654, TP=113, TN=2404, FP=1076, FN=61; precision=0.095, recall=0.649
accuracy: (test=0.689) average_precision: (test=0.122) balanced_accuracy: (test=0.670) f1: (test=0.166) roc_auc: (test=0.741) 55.54s
[fit 135/240] END C=16.0, gamma=4.0, kernel=rbf; total=3654, TP=116, TN=2486, FP=994, FN=58; precision=0.105, recall=0.667
accuracy: (test=0.712) average_precision: (test=0.140) balanced_accuracy: (test=0.691) f1: (test=0.181) roc_auc: (test=0.763) 59.80s
[fit 136/240] END C=16.0, gamma=8.0, kernel=rbf; total=3654, TP=119, TN=2684, FP=796, FN=55; precision=0.130, recall=0.684
accuracy: (test=0.767) average_precision: (test=0.189) balanced_accuracy: (test=0.728) f1: (test=0.219) roc_auc: (test=0.806) 1.16min
[fit 137/240] END C=16.0, gamma=16.0, kernel=rbf; total=3654, TP=122, TN=3055, FP=425, FN=52; precision=0.223, recall=0.701
accuracy: (test=0.869) average_precision: (test=0.394) balanced_accuracy: (test=0.790) f1: (test=0.338) roc_auc: (test=0.876) 1.59min
[fit 138/240] END C=16.0, gamma=32.0, kernel=rbf; total=3654, TP=131, TN=3359, FP=121, FN=43; precision=0.520, recall=0.753
accuracy: (test=0.955) average_precision: (test=0.657) balanced_accuracy: (test=0.859) f1: (test=0.615) roc_auc: (test=0.933) 2.24min
[fit 139/240] END C=16.0, gamma=64.0, kernel=rbf; total=3654, TP=121, TN=3447, FP=33, FN=53; precision=0.786, recall=0.695
accuracy: (test=0.976) average_precision: (test=0.777) balanced_accuracy: (test=0.843) f1: (test=0.738) roc_auc: (test=0.942) 3.25min
[fit 140/240] END C=16.0, gamma=128.0, kernel=rbf; total=3654, TP=118, TN=3465, FP=15, FN=56; precision=0.887, recall=0.678
accuracy: (test=0.981) average_precision: (test=0.803) balanced_accuracy: (test=0.837) f1: (test=0.769) roc_auc: (test=0.942) 3.12min
[fit 141/240] END C=16.0, gamma=256.0, kernel=rbf; total=3654, TP=119, TN=3468, FP=12, FN=55; precision=0.908, recall=0.684
accuracy: (test=0.982) average_precision: (test=0.817) balanced_accuracy: (test=0.840) f1: (test=0.780) roc_auc: (test=0.943) 2.05min
[fit 142/240] END C=16.0, gamma=512.0, kernel=rbf; total=3654, TP=118, TN=3468, FP=12, FN=56; precision=0.908, recall=0.678
accuracy: (test=0.981) average_precision: (test=0.830) balanced_accuracy: (test=0.837) f1: (test=0.776) roc_auc: (test=0.943) 1.64min
[fit 143/240] END C=16.0, gamma=1024.0, kernel=rbf; total=3654, TP=116, TN=3470, FP=10, FN=58; precision=0.921, recall=0.667
accuracy: (test=0.981) average_precision: (test=0.834) balanced_accuracy: (test=0.832) f1: (test=0.773) roc_auc: (test=0.940) 1.82min
[fit 144/240] END C=16.0, gamma=2048.0, kernel=rbf; total=3654, TP=111, TN=3474, FP=6, FN=63; precision=0.949, recall=0.638
accuracy: (test=0.981) average_precision: (test=0.826) balanced_accuracy: (test=0.818) f1: (test=0.763) roc_auc: (test=0.932) 2.17min
[fit 145/240] END C=32.0, gamma=0.0625, kernel=rbf; total=3654, TP=111, TN=2211, FP=1269, FN=63; precision=0.080, recall=0.638
accuracy: (test=0.635) average_precision: (test=0.105) balanced_accuracy: (test=0.637) f1: (test=0.143) roc_auc: (test=0.697) 51.20s
[fit 146/240] END C=32.0, gamma=0.125, kernel=rbf; total=3654, TP=112, TN=2284, FP=1196, FN=62; precision=0.086, recall=0.644
accuracy: (test=0.656) average_precision: (test=0.112) balanced_accuracy: (test=0.650) f1: (test=0.151) roc_auc: (test=0.716) 48.15s
[fit 147/240] END C=32.0, gamma=0.25, kernel=rbf; total=3654, TP=109, TN=2344, FP=1136, FN=65; precision=0.088, recall=0.626
accuracy: (test=0.671) average_precision: (test=0.117) balanced_accuracy: (test=0.650) f1: (test=0.154) roc_auc: (test=0.724) 51.62s
[fit 148/240] END C=32.0, gamma=0.5, kernel=rbf; total=3654, TP=110, TN=2366, FP=1114, FN=64; precision=0.090, recall=0.632
accuracy: (test=0.678) average_precision: (test=0.117) balanced_accuracy: (test=0.656) f1: (test=0.157) roc_auc: (test=0.729) 57.24s
Line search fails in two-class probability estimates
[fit 149/240] END C=32.0, gamma=1.0, kernel=rbf; total=3654, TP=113, TN=2382, FP=1098, FN=61; precision=0.093, recall=0.649
accuracy: (test=0.683) average_precision: (test=0.119) balanced_accuracy: (test=0.667) f1: (test=0.163) roc_auc: (test=0.736) 1.01min
[fit 150/240] END C=32.0, gamma=2.0, kernel=rbf; total=3654, TP=113, TN=2439, FP=1041, FN=61; precision=0.098, recall=0.649
accuracy: (test=0.698) average_precision: (test=0.128) balanced_accuracy: (test=0.675) f1: (test=0.170) roc_auc: (test=0.749) 1.05min
[fit 151/240] END C=32.0, gamma=4.0, kernel=rbf; total=3654, TP=115, TN=2555, FP=925, FN=59; precision=0.111, recall=0.661
accuracy: (test=0.731) average_precision: (test=0.154) balanced_accuracy: (test=0.698) f1: (test=0.189) roc_auc: (test=0.778) 1.21min
[fit 152/240] END C=32.0, gamma=8.0, kernel=rbf; total=3654, TP=123, TN=2871, FP=609, FN=51; precision=0.168, recall=0.707
accuracy: (test=0.819) average_precision: (test=0.261) balanced_accuracy: (test=0.766) f1: (test=0.272) roc_auc: (test=0.839) 1.46min
[fit 153/240] END C=32.0, gamma=16.0, kernel=rbf; total=3654, TP=125, TN=3240, FP=240, FN=49; precision=0.342, recall=0.718
accuracy: (test=0.921) average_precision: (test=0.543) balanced_accuracy: (test=0.825) f1: (test=0.464) roc_auc: (test=0.909) 2.32min
[fit 154/240] END C=32.0, gamma=32.0, kernel=rbf; total=3654, TP=130, TN=3413, FP=67, FN=44; precision=0.660, recall=0.747
accuracy: (test=0.970) average_precision: (test=0.720) balanced_accuracy: (test=0.864) f1: (test=0.701) roc_auc: (test=0.940) 3.46min
[fit 155/240] END C=32.0, gamma=64.0, kernel=rbf; total=3654, TP=120, TN=3456, FP=24, FN=54; precision=0.833, recall=0.690
accuracy: (test=0.979) average_precision: (test=0.789) balanced_accuracy: (test=0.841) f1: (test=0.755) roc_auc: (test=0.941) 4.32min
[fit 156/240] END C=32.0, gamma=128.0, kernel=rbf; total=3654, TP=118, TN=3466, FP=14, FN=56; precision=0.894, recall=0.678
accuracy: (test=0.981) average_precision: (test=0.801) balanced_accuracy: (test=0.837) f1: (test=0.771) roc_auc: (test=0.941) 3.20min
[fit 157/240] END C=32.0, gamma=256.0, kernel=rbf; total=3654, TP=119, TN=3468, FP=12, FN=55; precision=0.908, recall=0.684
accuracy: (test=0.982) average_precision: (test=0.817) balanced_accuracy: (test=0.840) f1: (test=0.780) roc_auc: (test=0.943) 2.06min
[fit 158/240] END C=32.0, gamma=512.0, kernel=rbf; total=3654, TP=118, TN=3468, FP=12, FN=56; precision=0.908, recall=0.678
accuracy: (test=0.981) average_precision: (test=0.830) balanced_accuracy: (test=0.837) f1: (test=0.776) roc_auc: (test=0.943) 1.61min
[fit 159/240] END C=32.0, gamma=1024.0, kernel=rbf; total=3654, TP=116, TN=3470, FP=10, FN=58; precision=0.921, recall=0.667
accuracy: (test=0.981) average_precision: (test=0.834) balanced_accuracy: (test=0.832) f1: (test=0.773) roc_auc: (test=0.940) 1.82min
[fit 160/240] END C=32.0, gamma=2048.0, kernel=rbf; total=3654, TP=111, TN=3474, FP=6, FN=63; precision=0.949, recall=0.638
accuracy: (test=0.981) average_precision: (test=0.826) balanced_accuracy: (test=0.818) f1: (test=0.763) roc_auc: (test=0.932) 2.18min
[fit 161/240] END C=64.0, gamma=0.0625, kernel=rbf; total=3654, TP=112, TN=2284, FP=1196, FN=62; precision=0.086, recall=0.644
accuracy: (test=0.656) average_precision: (test=0.112) balanced_accuracy: (test=0.650) f1: (test=0.151) roc_auc: (test=0.716) 52.13s
[fit 162/240] END C=64.0, gamma=0.125, kernel=rbf; total=3654, TP=109, TN=2343, FP=1137, FN=65; precision=0.087, recall=0.626
accuracy: (test=0.671) average_precision: (test=0.117) balanced_accuracy: (test=0.650) f1: (test=0.154) roc_auc: (test=0.724) 55.03s
[fit 163/240] END C=64.0, gamma=0.25, kernel=rbf; total=3654, TP=109, TN=2362, FP=1118, FN=65; precision=0.089, recall=0.626
accuracy: (test=0.676) average_precision: (test=0.116) balanced_accuracy: (test=0.653) f1: (test=0.156) roc_auc: (test=0.727) 57.50s
[fit 164/240] END C=64.0, gamma=0.5, kernel=rbf; total=3654, TP=111, TN=2368, FP=1112, FN=63; precision=0.091, recall=0.638
accuracy: (test=0.678) average_precision: (test=0.117) balanced_accuracy: (test=0.659) f1: (test=0.159) roc_auc: (test=0.732) 57.93s
Line search fails in two-class probability estimates
[fit 165/240] END C=64.0, gamma=1.0, kernel=rbf; total=3654, TP=115, TN=2398, FP=1082, FN=59; precision=0.096, recall=0.661
accuracy: (test=0.688) average_precision: (test=0.120) balanced_accuracy: (test=0.675) f1: (test=0.168) roc_auc: (test=0.740) 1.03min
[fit 166/240] END C=64.0, gamma=2.0, kernel=rbf; total=3654, TP=115, TN=2472, FP=1008, FN=59; precision=0.102, recall=0.661
accuracy: (test=0.708) average_precision: (test=0.137) balanced_accuracy: (test=0.686) f1: (test=0.177) roc_auc: (test=0.760) 1.17min
[fit 167/240] END C=64.0, gamma=4.0, kernel=rbf; total=3654, TP=120, TN=2680, FP=800, FN=54; precision=0.130, recall=0.690
accuracy: (test=0.766) average_precision: (test=0.187) balanced_accuracy: (test=0.730) f1: (test=0.219) roc_auc: (test=0.803) 1.46min
[fit 168/240] END C=64.0, gamma=8.0, kernel=rbf; total=3654, TP=123, TN=3046, FP=434, FN=51; precision=0.221, recall=0.707
accuracy: (test=0.867) average_precision: (test=0.389) balanced_accuracy: (test=0.791) f1: (test=0.337) roc_auc: (test=0.875) 2.27min
[fit 169/240] END C=64.0, gamma=16.0, kernel=rbf; total=3654, TP=129, TN=3353, FP=127, FN=45; precision=0.504, recall=0.741
accuracy: (test=0.953) average_precision: (test=0.647) balanced_accuracy: (test=0.852) f1: (test=0.600) roc_auc: (test=0.932) 3.44min
[fit 170/240] END C=64.0, gamma=32.0, kernel=rbf; total=3654, TP=124, TN=3438, FP=42, FN=50; precision=0.747, recall=0.713
accuracy: (test=0.975) average_precision: (test=0.752) balanced_accuracy: (test=0.850) f1: (test=0.729) roc_auc: (test=0.940) 5.08min
[fit 171/240] END C=64.0, gamma=64.0, kernel=rbf; total=3654, TP=118, TN=3459, FP=21, FN=56; precision=0.849, recall=0.678
accuracy: (test=0.979) average_precision: (test=0.787) balanced_accuracy: (test=0.836) f1: (test=0.754) roc_auc: (test=0.941) 5.05min
[fit 172/240] END C=64.0, gamma=128.0, kernel=rbf; total=3654, TP=118, TN=3466, FP=14, FN=56; precision=0.894, recall=0.678
accuracy: (test=0.981) average_precision: (test=0.800) balanced_accuracy: (test=0.837) f1: (test=0.771) roc_auc: (test=0.941) 3.26min
[fit 173/240] END C=64.0, gamma=256.0, kernel=rbf; total=3654, TP=119, TN=3468, FP=12, FN=55; precision=0.908, recall=0.684
accuracy: (test=0.982) average_precision: (test=0.817) balanced_accuracy: (test=0.840) f1: (test=0.780) roc_auc: (test=0.943) 2.10min
[fit 174/240] END C=64.0, gamma=512.0, kernel=rbf; total=3654, TP=118, TN=3468, FP=12, FN=56; precision=0.908, recall=0.678
accuracy: (test=0.981) average_precision: (test=0.830) balanced_accuracy: (test=0.837) f1: (test=0.776) roc_auc: (test=0.943) 1.67min
[fit 175/240] END C=64.0, gamma=1024.0, kernel=rbf; total=3654, TP=116, TN=3470, FP=10, FN=58; precision=0.921, recall=0.667
accuracy: (test=0.981) average_precision: (test=0.834) balanced_accuracy: (test=0.832) f1: (test=0.773) roc_auc: (test=0.940) 1.80min
[fit 176/240] END C=64.0, gamma=2048.0, kernel=rbf; total=3654, TP=111, TN=3474, FP=6, FN=63; precision=0.949, recall=0.638
accuracy: (test=0.981) average_precision: (test=0.826) balanced_accuracy: (test=0.818) f1: (test=0.763) roc_auc: (test=0.932) 2.07min
[fit 177/240] END C=128.0, gamma=0.0625, kernel=rbf; total=3654, TP=110, TN=2342, FP=1138, FN=64; precision=0.088, recall=0.632
accuracy: (test=0.671) average_precision: (test=0.117) balanced_accuracy: (test=0.653) f1: (test=0.155) roc_auc: (test=0.724) 51.08s
Line search fails in two-class probability estimates
[fit 178/240] END C=128.0, gamma=0.125, kernel=rbf; total=3654, TP=108, TN=2357, FP=1123, FN=66; precision=0.088, recall=0.621
accuracy: (test=0.675) average_precision: (test=0.116) balanced_accuracy: (test=0.649) f1: (test=0.154) roc_auc: (test=0.727) 53.79s
Line search fails in two-class probability estimates
[fit 179/240] END C=128.0, gamma=0.25, kernel=rbf; total=3654, TP=111, TN=2362, FP=1118, FN=63; precision=0.090, recall=0.638
accuracy: (test=0.677) average_precision: (test=0.116) balanced_accuracy: (test=0.658) f1: (test=0.158) roc_auc: (test=0.730) 55.49s
[fit 180/240] END C=128.0, gamma=0.5, kernel=rbf; total=3654, TP=113, TN=2386, FP=1094, FN=61; precision=0.094, recall=0.649
accuracy: (test=0.684) average_precision: (test=0.118) balanced_accuracy: (test=0.668) f1: (test=0.164) roc_auc: (test=0.734) 1.01min
[fit 181/240] END C=128.0, gamma=1.0, kernel=rbf; total=3654, TP=115, TN=2446, FP=1034, FN=59; precision=0.100, recall=0.661
accuracy: (test=0.701) average_precision: (test=0.126) balanced_accuracy: (test=0.682) f1: (test=0.174) roc_auc: (test=0.748) 1.18min
[fit 182/240] END C=128.0, gamma=2.0, kernel=rbf; total=3654, TP=119, TN=2553, FP=927, FN=55; precision=0.114, recall=0.684
accuracy: (test=0.731) average_precision: (test=0.153) balanced_accuracy: (test=0.709) f1: (test=0.195) roc_auc: (test=0.776) 1.45min
[fit 183/240] END C=128.0, gamma=4.0, kernel=rbf; total=3654, TP=125, TN=2857, FP=623, FN=49; precision=0.167, recall=0.718
accuracy: (test=0.816) average_precision: (test=0.259) balanced_accuracy: (test=0.770) f1: (test=0.271) roc_auc: (test=0.838) 2.02min
[fit 184/240] END C=128.0, gamma=8.0, kernel=rbf; total=3654, TP=126, TN=3235, FP=245, FN=48; precision=0.340, recall=0.724
accuracy: (test=0.920) average_precision: (test=0.540) balanced_accuracy: (test=0.827) f1: (test=0.462) roc_auc: (test=0.907) 3.64min
[fit 185/240] END C=128.0, gamma=16.0, kernel=rbf; total=3654, TP=128, TN=3407, FP=73, FN=46; precision=0.637, recall=0.736
accuracy: (test=0.967) average_precision: (test=0.701) balanced_accuracy: (test=0.857) f1: (test=0.683) roc_auc: (test=0.938) 5.52min
[fit 186/240] END C=128.0, gamma=32.0, kernel=rbf; total=3654, TP=122, TN=3450, FP=30, FN=52; precision=0.803, recall=0.701
accuracy: (test=0.978) average_precision: (test=0.770) balanced_accuracy: (test=0.846) f1: (test=0.748) roc_auc: (test=0.940) 7.02min
[fit 187/240] END C=128.0, gamma=64.0, kernel=rbf; total=3654, TP=116, TN=3462, FP=18, FN=58; precision=0.866, recall=0.667
accuracy: (test=0.979) average_precision: (test=0.781) balanced_accuracy: (test=0.831) f1: (test=0.753) roc_auc: (test=0.940) 5.27min
[fit 188/240] END C=128.0, gamma=128.0, kernel=rbf; total=3654, TP=118, TN=3466, FP=14, FN=56; precision=0.894, recall=0.678
accuracy: (test=0.981) average_precision: (test=0.800) balanced_accuracy: (test=0.837) f1: (test=0.771) roc_auc: (test=0.941) 3.21min
[fit 189/240] END C=128.0, gamma=256.0, kernel=rbf; total=3654, TP=119, TN=3468, FP=12, FN=55; precision=0.908, recall=0.684
accuracy: (test=0.982) average_precision: (test=0.817) balanced_accuracy: (test=0.840) f1: (test=0.780) roc_auc: (test=0.943) 2.09min
[fit 190/240] END C=128.0, gamma=512.0, kernel=rbf; total=3654, TP=118, TN=3468, FP=12, FN=56; precision=0.908, recall=0.678
accuracy: (test=0.981) average_precision: (test=0.830) balanced_accuracy: (test=0.837) f1: (test=0.776) roc_auc: (test=0.943) 1.67min
[fit 191/240] END C=128.0, gamma=1024.0, kernel=rbf; total=3654, TP=116, TN=3470, FP=10, FN=58; precision=0.921, recall=0.667
accuracy: (test=0.981) average_precision: (test=0.834) balanced_accuracy: (test=0.832) f1: (test=0.773) roc_auc: (test=0.940) 1.82min
[fit 192/240] END C=128.0, gamma=2048.0, kernel=rbf; total=3654, TP=111, TN=3474, FP=6, FN=63; precision=0.949, recall=0.638
accuracy: (test=0.981) average_precision: (test=0.826) balanced_accuracy: (test=0.818) f1: (test=0.763) roc_auc: (test=0.932) 2.10min
Line search fails in two-class probability estimates
[fit 193/240] END C=256.0, gamma=0.0625, kernel=rbf; total=3654, TP=109, TN=2362, FP=1118, FN=65; precision=0.089, recall=0.626
accuracy: (test=0.676) average_precision: (test=0.116) balanced_accuracy: (test=0.653) f1: (test=0.156) roc_auc: (test=0.726) 55.97s
Line search fails in two-class probability estimates
[fit 194/240] END C=256.0, gamma=0.125, kernel=rbf; total=3654, TP=111, TN=2359, FP=1121, FN=63; precision=0.090, recall=0.638
accuracy: (test=0.676) average_precision: (test=0.115) balanced_accuracy: (test=0.658) f1: (test=0.158) roc_auc: (test=0.728) 1.00min
[fit 195/240] END C=256.0, gamma=0.25, kernel=rbf; total=3654, TP=113, TN=2377, FP=1103, FN=61; precision=0.093, recall=0.649
accuracy: (test=0.681) average_precision: (test=0.116) balanced_accuracy: (test=0.666) f1: (test=0.163) roc_auc: (test=0.731) 1.04min
Line search fails in two-class probability estimates
[fit 196/240] END C=256.0, gamma=0.5, kernel=rbf; total=3654, TP=115, TN=2408, FP=1072, FN=59; precision=0.097, recall=0.661
accuracy: (test=0.690) average_precision: (test=0.121) balanced_accuracy: (test=0.676) f1: (test=0.169) roc_auc: (test=0.740) 1.17min
[fit 197/240] END C=256.0, gamma=1.0, kernel=rbf; total=3654, TP=116, TN=2476, FP=1004, FN=58; precision=0.104, recall=0.667
accuracy: (test=0.709) average_precision: (test=0.136) balanced_accuracy: (test=0.689) f1: (test=0.179) roc_auc: (test=0.758) 1.42min
[fit 198/240] END C=256.0, gamma=2.0, kernel=rbf; total=3654, TP=121, TN=2671, FP=809, FN=53; precision=0.130, recall=0.695
accuracy: (test=0.764) average_precision: (test=0.187) balanced_accuracy: (test=0.731) f1: (test=0.219) roc_auc: (test=0.803) 1.93min
[fit 199/240] END C=256.0, gamma=4.0, kernel=rbf; total=3654, TP=124, TN=3038, FP=442, FN=50; precision=0.219, recall=0.713
accuracy: (test=0.865) average_precision: (test=0.386) balanced_accuracy: (test=0.793) f1: (test=0.335) roc_auc: (test=0.874) 3.49min
[fit 200/240] END C=256.0, gamma=8.0, kernel=rbf; total=3654, TP=129, TN=3343, FP=137, FN=45; precision=0.485, recall=0.741
accuracy: (test=0.950) average_precision: (test=0.639) balanced_accuracy: (test=0.851) f1: (test=0.586) roc_auc: (test=0.930) 5.42min
[fit 201/240] END C=256.0, gamma=16.0, kernel=rbf; total=3654, TP=125, TN=3432, FP=48, FN=49; precision=0.723, recall=0.718
accuracy: (test=0.973) average_precision: (test=0.735) balanced_accuracy: (test=0.852) f1: (test=0.720) roc_auc: (test=0.938) 8.19min
[fit 202/240] END C=256.0, gamma=32.0, kernel=rbf; total=3654, TP=118, TN=3456, FP=24, FN=56; precision=0.831, recall=0.678
accuracy: (test=0.978) average_precision: (test=0.770) balanced_accuracy: (test=0.836) f1: (test=0.747) roc_auc: (test=0.940) 8.21min
[fit 203/240] END C=256.0, gamma=64.0, kernel=rbf; total=3654, TP=116, TN=3463, FP=17, FN=58; precision=0.872, recall=0.667
accuracy: (test=0.979) average_precision: (test=0.780) balanced_accuracy: (test=0.831) f1: (test=0.756) roc_auc: (test=0.940) 5.22min
[fit 204/240] END C=256.0, gamma=128.0, kernel=rbf; total=3654, TP=118, TN=3466, FP=14, FN=56; precision=0.894, recall=0.678
accuracy: (test=0.981) average_precision: (test=0.800) balanced_accuracy: (test=0.837) f1: (test=0.771) roc_auc: (test=0.941) 3.20min
[fit 205/240] END C=256.0, gamma=256.0, kernel=rbf; total=3654, TP=119, TN=3468, FP=12, FN=55; precision=0.908, recall=0.684
accuracy: (test=0.982) average_precision: (test=0.817) balanced_accuracy: (test=0.840) f1: (test=0.780) roc_auc: (test=0.943) 2.05min
[fit 206/240] END C=256.0, gamma=512.0, kernel=rbf; total=3654, TP=118, TN=3468, FP=12, FN=56; precision=0.908, recall=0.678
accuracy: (test=0.981) average_precision: (test=0.830) balanced_accuracy: (test=0.837) f1: (test=0.776) roc_auc: (test=0.943) 1.66min
[fit 207/240] END C=256.0, gamma=1024.0, kernel=rbf; total=3654, TP=116, TN=3470, FP=10, FN=58; precision=0.921, recall=0.667
accuracy: (test=0.981) average_precision: (test=0.834) balanced_accuracy: (test=0.832) f1: (test=0.773) roc_auc: (test=0.940) 1.79min
[fit 208/240] END C=256.0, gamma=2048.0, kernel=rbf; total=3654, TP=111, TN=3474, FP=6, FN=63; precision=0.949, recall=0.638
accuracy: (test=0.981) average_precision: (test=0.826) balanced_accuracy: (test=0.818) f1: (test=0.763) roc_auc: (test=0.932) 2.09min
[fit 209/240] END C=512.0, gamma=0.0625, kernel=rbf; total=3654, TP=111, TN=2360, FP=1120, FN=63; precision=0.090, recall=0.638
accuracy: (test=0.676) average_precision: (test=0.116) balanced_accuracy: (test=0.658) f1: (test=0.158) roc_auc: (test=0.727) 58.81s
Line search fails in two-class probability estimates
[fit 210/240] END C=512.0, gamma=0.125, kernel=rbf; total=3654, TP=110, TN=2367, FP=1113, FN=64; precision=0.090, recall=0.632
accuracy: (test=0.678) average_precision: (test=0.118) balanced_accuracy: (test=0.656) f1: (test=0.157) roc_auc: (test=0.728) 58.15s
[fit 211/240] END C=512.0, gamma=0.25, kernel=rbf; total=3654, TP=114, TN=2389, FP=1091, FN=60; precision=0.095, recall=0.655
accuracy: (test=0.685) average_precision: (test=0.120) balanced_accuracy: (test=0.671) f1: (test=0.165) roc_auc: (test=0.734) 1.11min
Line search fails in two-class probability estimates
[fit 212/240] END C=512.0, gamma=0.5, kernel=rbf; total=3654, TP=116, TN=2433, FP=1047, FN=58; precision=0.100, recall=0.667
accuracy: (test=0.698) average_precision: (test=0.126) balanced_accuracy: (test=0.683) f1: (test=0.174) roc_auc: (test=0.747) 1.40min
[fit 213/240] END C=512.0, gamma=1.0, kernel=rbf; total=3654, TP=118, TN=2545, FP=935, FN=56; precision=0.112, recall=0.678
accuracy: (test=0.729) average_precision: (test=0.152) balanced_accuracy: (test=0.705) f1: (test=0.192) roc_auc: (test=0.775) 1.95min
[fit 214/240] END C=512.0, gamma=2.0, kernel=rbf; total=3654, TP=125, TN=2854, FP=626, FN=49; precision=0.166, recall=0.718
accuracy: (test=0.815) average_precision: (test=0.256) balanced_accuracy: (test=0.769) f1: (test=0.270) roc_auc: (test=0.837) 2.95min
[fit 215/240] END C=512.0, gamma=4.0, kernel=rbf; total=3654, TP=127, TN=3226, FP=254, FN=47; precision=0.333, recall=0.730
accuracy: (test=0.918) average_precision: (test=0.537) balanced_accuracy: (test=0.828) f1: (test=0.458) roc_auc: (test=0.907) 5.88min
[fit 216/240] END C=512.0, gamma=8.0, kernel=rbf; total=3654, TP=125, TN=3403, FP=77, FN=49; precision=0.619, recall=0.718
accuracy: (test=0.966) average_precision: (test=0.690) balanced_accuracy: (test=0.848) f1: (test=0.665) roc_auc: (test=0.937) 9.10min
[fit 217/240] END C=512.0, gamma=16.0, kernel=rbf; total=3654, TP=121, TN=3443, FP=37, FN=53; precision=0.766, recall=0.695
accuracy: (test=0.975) average_precision: (test=0.752) balanced_accuracy: (test=0.842) f1: (test=0.729) roc_auc: (test=0.938) 11.39min
[fit 218/240] END C=512.0, gamma=32.0, kernel=rbf; total=3654, TP=117, TN=3460, FP=20, FN=57; precision=0.854, recall=0.672
accuracy: (test=0.979) average_precision: (test=0.763) balanced_accuracy: (test=0.833) f1: (test=0.752) roc_auc: (test=0.939) 8.58min
[fit 219/240] END C=512.0, gamma=64.0, kernel=rbf; total=3654, TP=116, TN=3463, FP=17, FN=58; precision=0.872, recall=0.667
accuracy: (test=0.979) average_precision: (test=0.780) balanced_accuracy: (test=0.831) f1: (test=0.756) roc_auc: (test=0.940) 5.05min
[fit 220/240] END C=512.0, gamma=128.0, kernel=rbf; total=3654, TP=118, TN=3466, FP=14, FN=56; precision=0.894, recall=0.678
accuracy: (test=0.981) average_precision: (test=0.800) balanced_accuracy: (test=0.837) f1: (test=0.771) roc_auc: (test=0.941) 3.02min
[fit 221/240] END C=512.0, gamma=256.0, kernel=rbf; total=3654, TP=119, TN=3468, FP=12, FN=55; precision=0.908, recall=0.684
accuracy: (test=0.982) average_precision: (test=0.817) balanced_accuracy: (test=0.840) f1: (test=0.780) roc_auc: (test=0.943) 1.93min
[fit 222/240] END C=512.0, gamma=512.0, kernel=rbf; total=3654, TP=118, TN=3468, FP=12, FN=56; precision=0.908, recall=0.678
accuracy: (test=0.981) average_precision: (test=0.830) balanced_accuracy: (test=0.837) f1: (test=0.776) roc_auc: (test=0.943) 1.53min
[fit 223/240] END C=512.0, gamma=1024.0, kernel=rbf; total=3654, TP=116, TN=3470, FP=10, FN=58; precision=0.921, recall=0.667
accuracy: (test=0.981) average_precision: (test=0.834) balanced_accuracy: (test=0.832) f1: (test=0.773) roc_auc: (test=0.940) 1.74min
[fit 224/240] END C=512.0, gamma=2048.0, kernel=rbf; total=3654, TP=111, TN=3474, FP=6, FN=63; precision=0.949, recall=0.638
accuracy: (test=0.981) average_precision: (test=0.826) balanced_accuracy: (test=0.818) f1: (test=0.763) roc_auc: (test=0.932) 2.03min
Line search fails in two-class probability estimates
[fit 225/240] END C=1024.0, gamma=0.0625, kernel=rbf; total=3654, TP=111, TN=2367, FP=1113, FN=63; precision=0.091, recall=0.638
accuracy: (test=0.678) average_precision: (test=0.118) balanced_accuracy: (test=0.659) f1: (test=0.159) roc_auc: (test=0.727) 59.45s
Line search fails in two-class probability estimates
[fit 226/240] END C=1024.0, gamma=0.125, kernel=rbf; total=3654, TP=112, TN=2369, FP=1111, FN=62; precision=0.092, recall=0.644
accuracy: (test=0.679) average_precision: (test=0.118) balanced_accuracy: (test=0.662) f1: (test=0.160) roc_auc: (test=0.729) 1.11min
Line search fails in two-class probability estimates
[fit 227/240] END C=1024.0, gamma=0.25, kernel=rbf; total=3654, TP=115, TN=2398, FP=1082, FN=59; precision=0.096, recall=0.661
accuracy: (test=0.688) average_precision: (test=0.121) balanced_accuracy: (test=0.675) f1: (test=0.168) roc_auc: (test=0.738) 1.37min
[fit 228/240] END C=1024.0, gamma=0.5, kernel=rbf; total=3654, TP=116, TN=2474, FP=1006, FN=58; precision=0.103, recall=0.667
accuracy: (test=0.709) average_precision: (test=0.135) balanced_accuracy: (test=0.689) f1: (test=0.179) roc_auc: (test=0.757) 1.85min
[fit 229/240] END C=1024.0, gamma=1.0, kernel=rbf; total=3654, TP=120, TN=2672, FP=808, FN=54; precision=0.129, recall=0.690
accuracy: (test=0.764) average_precision: (test=0.187) balanced_accuracy: (test=0.729) f1: (test=0.218) roc_auc: (test=0.802) 2.70min
[fit 230/240] END C=1024.0, gamma=2.0, kernel=rbf; total=3654, TP=124, TN=3038, FP=442, FN=50; precision=0.219, recall=0.713
accuracy: (test=0.865) average_precision: (test=0.383) balanced_accuracy: (test=0.793) f1: (test=0.335) roc_auc: (test=0.874) 5.54min
[fit 231/240] END C=1024.0, gamma=4.0, kernel=rbf; total=3654, TP=129, TN=3335, FP=145, FN=45; precision=0.471, recall=0.741
accuracy: (test=0.948) average_precision: (test=0.636) balanced_accuracy: (test=0.850) f1: (test=0.576) roc_auc: (test=0.929) 9.27min
[fit 232/240] END C=1024.0, gamma=8.0, kernel=rbf; total=3654, TP=123, TN=3429, FP=51, FN=51; precision=0.707, recall=0.707
accuracy: (test=0.972) average_precision: (test=0.724) balanced_accuracy: (test=0.846) f1: (test=0.707) roc_auc: (test=0.938) 13.93min
[fit 233/240] END C=1024.0, gamma=16.0, kernel=rbf; total=3654, TP=118, TN=3456, FP=24, FN=56; precision=0.831, recall=0.678
accuracy: (test=0.978) average_precision: (test=0.755) balanced_accuracy: (test=0.836) f1: (test=0.747) roc_auc: (test=0.940) 13.58min
[fit 234/240] END C=1024.0, gamma=32.0, kernel=rbf; total=3654, TP=117, TN=3461, FP=19, FN=57; precision=0.860, recall=0.672
accuracy: (test=0.979) average_precision: (test=0.762) balanced_accuracy: (test=0.833) f1: (test=0.755) roc_auc: (test=0.938) 8.41min
[fit 235/240] END C=1024.0, gamma=64.0, kernel=rbf; total=3654, TP=116, TN=3463, FP=17, FN=58; precision=0.872, recall=0.667
accuracy: (test=0.979) average_precision: (test=0.780) balanced_accuracy: (test=0.831) f1: (test=0.756) roc_auc: (test=0.940) 5.04min
[fit 236/240] END C=1024.0, gamma=128.0, kernel=rbf; total=3654, TP=118, TN=3466, FP=14, FN=56; precision=0.894, recall=0.678
accuracy: (test=0.981) average_precision: (test=0.800) balanced_accuracy: (test=0.837) f1: (test=0.771) roc_auc: (test=0.941) 3.03min
[fit 237/240] END C=1024.0, gamma=256.0, kernel=rbf; total=3654, TP=119, TN=3468, FP=12, FN=55; precision=0.908, recall=0.684
accuracy: (test=0.982) average_precision: (test=0.817) balanced_accuracy: (test=0.840) f1: (test=0.780) roc_auc: (test=0.943) 1.91min
[fit 238/240] END C=1024.0, gamma=512.0, kernel=rbf; total=3654, TP=118, TN=3468, FP=12, FN=56; precision=0.908, recall=0.678
accuracy: (test=0.981) average_precision: (test=0.830) balanced_accuracy: (test=0.837) f1: (test=0.776) roc_auc: (test=0.943) 1.50min
[fit 239/240] END C=1024.0, gamma=1024.0, kernel=rbf; total=3654, TP=116, TN=3470, FP=10, FN=58; precision=0.921, recall=0.667
accuracy: (test=0.981) average_precision: (test=0.834) balanced_accuracy: (test=0.832) f1: (test=0.773) roc_auc: (test=0.940) 1.70min
[fit 240/240] END C=1024.0, gamma=2048.0, kernel=rbf; total=3654, TP=111, TN=3474, FP=6, FN=63; precision=0.949, recall=0.638
accuracy: (test=0.981) average_precision: (test=0.826) balanced_accuracy: (test=0.818) f1: (test=0.763) roc_auc: (test=0.932) 2.00min
write rank test to csv!!!
../../ex/epivan/base/pseknc-new_svm_base/rank/HeLa-S3_pseknc-new_svm_base_rank_2080ti.csv write over!!!
clf.best_estimator_params: {'C': 1.0, 'gamma': 256.0, 'kernel': 'rbf'}
best params found in line [78] for metric [roc_auc] in rank file
best params found in fit [77] for metric [roc_auc] in run_and_score file
clf.best_scoring_result: [Total: (test=3654) TP: (test=124.000) TN: (test=3452.000) FP: (test=28.000) FN: (test=50.000) precision: (test=0.816) recall: (test=0.713) accuracy: (test=0.979) average_precision: (test=0.806) balanced_accuracy: (test=0.852) f1: (test=0.761) roc_auc: (test=0.946) ]
total time spending: 7h 31m 28s
