nohup: ignoring input
experiment: HeLa-S3 tpcp_deepforest
trainSet len:[X=62640,y=62640]
testSet len:[X=3654,y=3654]
Fitting, totalling 140 fits
[fit 1/140] END max_layers=10, n_estimators=2, n_trees=50; total=3654, TP=94, TN=3473, FP=7, FN=80; precision=0.931, recall=0.540
accuracy: (test=0.976) average_precision: (test=0.688) balanced_accuracy: (test=0.769) f1: (test=0.684) roc_auc: (test=0.879) 2.28min
[fit 2/140] END max_layers=10, n_estimators=2, n_trees=100; total=3654, TP=95, TN=3474, FP=6, FN=79; precision=0.941, recall=0.546
accuracy: (test=0.977) average_precision: (test=0.781) balanced_accuracy: (test=0.772) f1: (test=0.691) roc_auc: (test=0.925) 3.53min
[fit 3/140] END max_layers=10, n_estimators=2, n_trees=150; total=3654, TP=91, TN=3474, FP=6, FN=83; precision=0.938, recall=0.523
accuracy: (test=0.976) average_precision: (test=0.792) balanced_accuracy: (test=0.761) f1: (test=0.672) roc_auc: (test=0.924) 4.82min
[fit 4/140] END max_layers=10, n_estimators=2, n_trees=200; total=3654, TP=93, TN=3474, FP=6, FN=81; precision=0.939, recall=0.534
accuracy: (test=0.976) average_precision: (test=0.790) balanced_accuracy: (test=0.766) f1: (test=0.681) roc_auc: (test=0.927) 6.19min
[fit 5/140] END max_layers=10, n_estimators=2, n_trees=250; total=3654, TP=92, TN=3475, FP=5, FN=82; precision=0.948, recall=0.529
accuracy: (test=0.976) average_precision: (test=0.791) balanced_accuracy: (test=0.764) f1: (test=0.679) roc_auc: (test=0.930) 7.50min
[fit 6/140] END max_layers=10, n_estimators=2, n_trees=300; total=3654, TP=92, TN=3474, FP=6, FN=82; precision=0.939, recall=0.529
accuracy: (test=0.976) average_precision: (test=0.793) balanced_accuracy: (test=0.764) f1: (test=0.676) roc_auc: (test=0.934) 8.98min
[fit 7/140] END max_layers=10, n_estimators=2, n_trees=400; total=3654, TP=93, TN=3475, FP=5, FN=81; precision=0.949, recall=0.534
accuracy: (test=0.976) average_precision: (test=0.801) balanced_accuracy: (test=0.767) f1: (test=0.684) roc_auc: (test=0.932) 12.07min
[fit 8/140] END max_layers=10, n_estimators=5, n_trees=50; total=3654, TP=91, TN=3473, FP=7, FN=83; precision=0.929, recall=0.523
accuracy: (test=0.975) average_precision: (test=0.657) balanced_accuracy: (test=0.760) f1: (test=0.669) roc_auc: (test=0.848) 4.86min
[fit 9/140] END max_layers=10, n_estimators=5, n_trees=100; total=3654, TP=95, TN=3473, FP=7, FN=79; precision=0.931, recall=0.546
accuracy: (test=0.976) average_precision: (test=0.753) balanced_accuracy: (test=0.772) f1: (test=0.688) roc_auc: (test=0.916) 7.30min
[fit 10/140] END max_layers=10, n_estimators=5, n_trees=150; total=3654, TP=93, TN=3475, FP=5, FN=81; precision=0.949, recall=0.534
accuracy: (test=0.976) average_precision: (test=0.770) balanced_accuracy: (test=0.767) f1: (test=0.684) roc_auc: (test=0.926) 9.41min
[fit 11/140] END max_layers=10, n_estimators=5, n_trees=200; total=3654, TP=93, TN=3474, FP=6, FN=81; precision=0.939, recall=0.534
accuracy: (test=0.976) average_precision: (test=0.765) balanced_accuracy: (test=0.766) f1: (test=0.681) roc_auc: (test=0.921) 11.49min
[fit 12/140] END max_layers=10, n_estimators=5, n_trees=250; total=3654, TP=91, TN=3474, FP=6, FN=83; precision=0.938, recall=0.523
accuracy: (test=0.976) average_precision: (test=0.764) balanced_accuracy: (test=0.761) f1: (test=0.672) roc_auc: (test=0.920) 14.17min
[fit 13/140] END max_layers=10, n_estimators=5, n_trees=300; total=3654, TP=93, TN=3475, FP=5, FN=81; precision=0.949, recall=0.534
accuracy: (test=0.976) average_precision: (test=0.764) balanced_accuracy: (test=0.767) f1: (test=0.684) roc_auc: (test=0.912) 17.11min
[fit 14/140] END max_layers=10, n_estimators=5, n_trees=400; total=3654, TP=93, TN=3474, FP=6, FN=81; precision=0.939, recall=0.534
accuracy: (test=0.976) average_precision: (test=0.772) balanced_accuracy: (test=0.766) f1: (test=0.681) roc_auc: (test=0.917) 22.43min
[fit 15/140] END max_layers=10, n_estimators=8, n_trees=50; total=3654, TP=94, TN=3473, FP=7, FN=80; precision=0.931, recall=0.540
accuracy: (test=0.976) average_precision: (test=0.656) balanced_accuracy: (test=0.769) f1: (test=0.684) roc_auc: (test=0.845) 7.17min
[fit 16/140] END max_layers=10, n_estimators=8, n_trees=100; total=3654, TP=95, TN=3473, FP=7, FN=79; precision=0.931, recall=0.546
accuracy: (test=0.976) average_precision: (test=0.756) balanced_accuracy: (test=0.772) f1: (test=0.688) roc_auc: (test=0.914) 10.13min
[fit 17/140] END max_layers=10, n_estimators=8, n_trees=150; total=3654, TP=92, TN=3474, FP=6, FN=82; precision=0.939, recall=0.529
accuracy: (test=0.976) average_precision: (test=0.761) balanced_accuracy: (test=0.764) f1: (test=0.676) roc_auc: (test=0.910) 13.09min
[fit 18/140] END max_layers=10, n_estimators=8, n_trees=200; total=3654, TP=91, TN=3473, FP=7, FN=83; precision=0.929, recall=0.523
accuracy: (test=0.975) average_precision: (test=0.764) balanced_accuracy: (test=0.760) f1: (test=0.669) roc_auc: (test=0.915) 18.05min
[fit 19/140] END max_layers=10, n_estimators=8, n_trees=250; total=3654, TP=92, TN=3474, FP=6, FN=82; precision=0.939, recall=0.529
accuracy: (test=0.976) average_precision: (test=0.760) balanced_accuracy: (test=0.764) f1: (test=0.676) roc_auc: (test=0.916) 19.89min
[fit 20/140] END max_layers=10, n_estimators=8, n_trees=300; total=3654, TP=93, TN=3473, FP=7, FN=81; precision=0.930, recall=0.534
accuracy: (test=0.976) average_precision: (test=0.762) balanced_accuracy: (test=0.766) f1: (test=0.679) roc_auc: (test=0.911) 24.12min
[fit 21/140] END max_layers=10, n_estimators=8, n_trees=400; total=3654, TP=93, TN=3473, FP=7, FN=81; precision=0.930, recall=0.534
accuracy: (test=0.976) average_precision: (test=0.767) balanced_accuracy: (test=0.766) f1: (test=0.679) roc_auc: (test=0.919) 33.85min
[fit 22/140] END max_layers=10, n_estimators=10, n_trees=50; total=3654, TP=95, TN=3473, FP=7, FN=79; precision=0.931, recall=0.546
accuracy: (test=0.976) average_precision: (test=0.654) balanced_accuracy: (test=0.772) f1: (test=0.688) roc_auc: (test=0.829) 9.24min
[fit 23/140] END max_layers=10, n_estimators=10, n_trees=100; total=3654, TP=93, TN=3473, FP=7, FN=81; precision=0.930, recall=0.534
accuracy: (test=0.976) average_precision: (test=0.757) balanced_accuracy: (test=0.766) f1: (test=0.679) roc_auc: (test=0.918) 12.45min
[fit 24/140] END max_layers=10, n_estimators=10, n_trees=150; total=3654, TP=90, TN=3474, FP=6, FN=84; precision=0.938, recall=0.517
accuracy: (test=0.975) average_precision: (test=0.764) balanced_accuracy: (test=0.758) f1: (test=0.667) roc_auc: (test=0.916) 16.24min
[fit 25/140] END max_layers=10, n_estimators=10, n_trees=200; total=3654, TP=89, TN=3473, FP=7, FN=85; precision=0.927, recall=0.511
accuracy: (test=0.975) average_precision: (test=0.757) balanced_accuracy: (test=0.755) f1: (test=0.659) roc_auc: (test=0.918) 21.85min
[fit 26/140] END max_layers=10, n_estimators=10, n_trees=250; total=3654, TP=92, TN=3473, FP=7, FN=82; precision=0.929, recall=0.529
accuracy: (test=0.976) average_precision: (test=0.763) balanced_accuracy: (test=0.763) f1: (test=0.674) roc_auc: (test=0.913) 25.69min
[fit 27/140] END max_layers=10, n_estimators=10, n_trees=300; total=3654, TP=93, TN=3473, FP=7, FN=81; precision=0.930, recall=0.534
accuracy: (test=0.976) average_precision: (test=0.770) balanced_accuracy: (test=0.766) f1: (test=0.679) roc_auc: (test=0.920) 29.84min
[fit 28/140] END max_layers=10, n_estimators=10, n_trees=400; total=3654, TP=92, TN=3473, FP=7, FN=82; precision=0.929, recall=0.529
accuracy: (test=0.976) average_precision: (test=0.763) balanced_accuracy: (test=0.763) f1: (test=0.674) roc_auc: (test=0.915) 43.03min
[fit 29/140] END max_layers=10, n_estimators=13, n_trees=50; total=3654, TP=95, TN=3472, FP=8, FN=79; precision=0.922, recall=0.546
accuracy: (test=0.976) average_precision: (test=0.719) balanced_accuracy: (test=0.772) f1: (test=0.686) roc_auc: (test=0.874) 10.11min
[fit 30/140] END max_layers=10, n_estimators=13, n_trees=100; total=3654, TP=94, TN=3474, FP=6, FN=80; precision=0.940, recall=0.540
accuracy: (test=0.976) average_precision: (test=0.738) balanced_accuracy: (test=0.769) f1: (test=0.686) roc_auc: (test=0.891) 16.45min
[fit 31/140] END max_layers=10, n_estimators=13, n_trees=150; total=3654, TP=91, TN=3474, FP=6, FN=83; precision=0.938, recall=0.523
accuracy: (test=0.976) average_precision: (test=0.759) balanced_accuracy: (test=0.761) f1: (test=0.672) roc_auc: (test=0.907) 21.43min
[fit 32/140] END max_layers=10, n_estimators=13, n_trees=200; total=3654, TP=96, TN=3471, FP=9, FN=78; precision=0.914, recall=0.552
accuracy: (test=0.976) average_precision: (test=0.793) balanced_accuracy: (test=0.775) f1: (test=0.688) roc_auc: (test=0.936) 26.24min
[fit 33/140] END max_layers=10, n_estimators=13, n_trees=250; total=3654, TP=90, TN=3473, FP=7, FN=84; precision=0.928, recall=0.517
accuracy: (test=0.975) average_precision: (test=0.757) balanced_accuracy: (test=0.758) f1: (test=0.664) roc_auc: (test=0.912) 36.15min
[fit 34/140] END max_layers=10, n_estimators=13, n_trees=300; total=3654, TP=91, TN=3473, FP=7, FN=83; precision=0.929, recall=0.523
accuracy: (test=0.975) average_precision: (test=0.759) balanced_accuracy: (test=0.760) f1: (test=0.669) roc_auc: (test=0.912) 40.50min
[fit 35/140] END max_layers=10, n_estimators=13, n_trees=400; total=3654, TP=96, TN=3472, FP=8, FN=78; precision=0.923, recall=0.552
accuracy: (test=0.976) average_precision: (test=0.790) balanced_accuracy: (test=0.775) f1: (test=0.691) roc_auc: (test=0.928) 47.06min
[fit 36/140] END max_layers=15, n_estimators=2, n_trees=50; total=3654, TP=94, TN=3473, FP=7, FN=80; precision=0.931, recall=0.540
accuracy: (test=0.976) average_precision: (test=0.688) balanced_accuracy: (test=0.769) f1: (test=0.684) roc_auc: (test=0.879) 2.38min
[fit 37/140] END max_layers=15, n_estimators=2, n_trees=100; total=3654, TP=95, TN=3474, FP=6, FN=79; precision=0.941, recall=0.546
accuracy: (test=0.977) average_precision: (test=0.781) balanced_accuracy: (test=0.772) f1: (test=0.691) roc_auc: (test=0.925) 3.39min
[fit 38/140] END max_layers=15, n_estimators=2, n_trees=150; total=3654, TP=91, TN=3474, FP=6, FN=83; precision=0.938, recall=0.523
accuracy: (test=0.976) average_precision: (test=0.792) balanced_accuracy: (test=0.761) f1: (test=0.672) roc_auc: (test=0.924) 4.97min
[fit 39/140] END max_layers=15, n_estimators=2, n_trees=200; total=3654, TP=93, TN=3474, FP=6, FN=81; precision=0.939, recall=0.534
accuracy: (test=0.976) average_precision: (test=0.790) balanced_accuracy: (test=0.766) f1: (test=0.681) roc_auc: (test=0.927) 6.44min
[fit 40/140] END max_layers=15, n_estimators=2, n_trees=250; total=3654, TP=92, TN=3475, FP=5, FN=82; precision=0.948, recall=0.529
accuracy: (test=0.976) average_precision: (test=0.791) balanced_accuracy: (test=0.764) f1: (test=0.679) roc_auc: (test=0.930) 7.12min
[fit 41/140] END max_layers=15, n_estimators=2, n_trees=300; total=3654, TP=92, TN=3474, FP=6, FN=82; precision=0.939, recall=0.529
accuracy: (test=0.976) average_precision: (test=0.793) balanced_accuracy: (test=0.764) f1: (test=0.676) roc_auc: (test=0.934) 8.69min
[fit 42/140] END max_layers=15, n_estimators=2, n_trees=400; total=3654, TP=93, TN=3475, FP=5, FN=81; precision=0.949, recall=0.534
accuracy: (test=0.976) average_precision: (test=0.801) balanced_accuracy: (test=0.767) f1: (test=0.684) roc_auc: (test=0.932) 11.38min
[fit 43/140] END max_layers=15, n_estimators=5, n_trees=50; total=3654, TP=91, TN=3473, FP=7, FN=83; precision=0.929, recall=0.523
accuracy: (test=0.975) average_precision: (test=0.657) balanced_accuracy: (test=0.760) f1: (test=0.669) roc_auc: (test=0.848) 5.08min
[fit 44/140] END max_layers=15, n_estimators=5, n_trees=100; total=3654, TP=95, TN=3473, FP=7, FN=79; precision=0.931, recall=0.546
accuracy: (test=0.976) average_precision: (test=0.753) balanced_accuracy: (test=0.772) f1: (test=0.688) roc_auc: (test=0.916) 6.03min
[fit 45/140] END max_layers=15, n_estimators=5, n_trees=150; total=3654, TP=93, TN=3475, FP=5, FN=81; precision=0.949, recall=0.534
accuracy: (test=0.976) average_precision: (test=0.770) balanced_accuracy: (test=0.767) f1: (test=0.684) roc_auc: (test=0.926) 9.24min
[fit 46/140] END max_layers=15, n_estimators=5, n_trees=200; total=3654, TP=93, TN=3474, FP=6, FN=81; precision=0.939, recall=0.534
accuracy: (test=0.976) average_precision: (test=0.765) balanced_accuracy: (test=0.766) f1: (test=0.681) roc_auc: (test=0.921) 12.36min
[fit 47/140] END max_layers=15, n_estimators=5, n_trees=250; total=3654, TP=91, TN=3474, FP=6, FN=83; precision=0.938, recall=0.523
accuracy: (test=0.976) average_precision: (test=0.764) balanced_accuracy: (test=0.761) f1: (test=0.672) roc_auc: (test=0.920) 14.40min
[fit 48/140] END max_layers=15, n_estimators=5, n_trees=300; total=3654, TP=93, TN=3475, FP=5, FN=81; precision=0.949, recall=0.534
accuracy: (test=0.976) average_precision: (test=0.764) balanced_accuracy: (test=0.767) f1: (test=0.684) roc_auc: (test=0.912) 16.88min
[fit 49/140] END max_layers=15, n_estimators=5, n_trees=400; total=3654, TP=93, TN=3474, FP=6, FN=81; precision=0.939, recall=0.534
accuracy: (test=0.976) average_precision: (test=0.772) balanced_accuracy: (test=0.766) f1: (test=0.681) roc_auc: (test=0.917) 25.27min
[fit 50/140] END max_layers=15, n_estimators=8, n_trees=50; total=3654, TP=94, TN=3473, FP=7, FN=80; precision=0.931, recall=0.540
accuracy: (test=0.976) average_precision: (test=0.656) balanced_accuracy: (test=0.769) f1: (test=0.684) roc_auc: (test=0.845) 7.17min
[fit 51/140] END max_layers=15, n_estimators=8, n_trees=100; total=3654, TP=95, TN=3473, FP=7, FN=79; precision=0.931, recall=0.546
accuracy: (test=0.976) average_precision: (test=0.756) balanced_accuracy: (test=0.772) f1: (test=0.688) roc_auc: (test=0.914) 9.42min
[fit 52/140] END max_layers=15, n_estimators=8, n_trees=150; total=3654, TP=92, TN=3474, FP=6, FN=82; precision=0.939, recall=0.529
accuracy: (test=0.976) average_precision: (test=0.761) balanced_accuracy: (test=0.764) f1: (test=0.676) roc_auc: (test=0.910) 14.56min
[fit 53/140] END max_layers=15, n_estimators=8, n_trees=200; total=3654, TP=91, TN=3473, FP=7, FN=83; precision=0.929, recall=0.523
accuracy: (test=0.975) average_precision: (test=0.764) balanced_accuracy: (test=0.760) f1: (test=0.669) roc_auc: (test=0.915) 19.62min
[fit 54/140] END max_layers=15, n_estimators=8, n_trees=250; total=3654, TP=92, TN=3474, FP=6, FN=82; precision=0.939, recall=0.529
accuracy: (test=0.976) average_precision: (test=0.760) balanced_accuracy: (test=0.764) f1: (test=0.676) roc_auc: (test=0.916) 20.82min
[fit 55/140] END max_layers=15, n_estimators=8, n_trees=300; total=3654, TP=93, TN=3473, FP=7, FN=81; precision=0.930, recall=0.534
accuracy: (test=0.976) average_precision: (test=0.762) balanced_accuracy: (test=0.766) f1: (test=0.679) roc_auc: (test=0.911) 25.59min
[fit 56/140] END max_layers=15, n_estimators=8, n_trees=400; total=3654, TP=93, TN=3473, FP=7, FN=81; precision=0.930, recall=0.534
accuracy: (test=0.976) average_precision: (test=0.767) balanced_accuracy: (test=0.766) f1: (test=0.679) roc_auc: (test=0.919) 33.82min
[fit 57/140] END max_layers=15, n_estimators=10, n_trees=50; total=3654, TP=95, TN=3473, FP=7, FN=79; precision=0.931, recall=0.546
accuracy: (test=0.976) average_precision: (test=0.654) balanced_accuracy: (test=0.772) f1: (test=0.688) roc_auc: (test=0.829) 8.45min
[fit 58/140] END max_layers=15, n_estimators=10, n_trees=100; total=3654, TP=93, TN=3473, FP=7, FN=81; precision=0.930, recall=0.534
accuracy: (test=0.976) average_precision: (test=0.757) balanced_accuracy: (test=0.766) f1: (test=0.679) roc_auc: (test=0.918) 11.67min
[fit 59/140] END max_layers=15, n_estimators=10, n_trees=150; total=3654, TP=90, TN=3474, FP=6, FN=84; precision=0.938, recall=0.517
accuracy: (test=0.975) average_precision: (test=0.764) balanced_accuracy: (test=0.758) f1: (test=0.667) roc_auc: (test=0.916) 16.18min
[fit 60/140] END max_layers=15, n_estimators=10, n_trees=200; total=3654, TP=89, TN=3473, FP=7, FN=85; precision=0.927, recall=0.511
accuracy: (test=0.975) average_precision: (test=0.757) balanced_accuracy: (test=0.755) f1: (test=0.659) roc_auc: (test=0.918) 20.56min
[fit 61/140] END max_layers=15, n_estimators=10, n_trees=250; total=3654, TP=92, TN=3473, FP=7, FN=82; precision=0.929, recall=0.529
accuracy: (test=0.976) average_precision: (test=0.763) balanced_accuracy: (test=0.763) f1: (test=0.674) roc_auc: (test=0.913) 24.66min
[fit 62/140] END max_layers=15, n_estimators=10, n_trees=300; total=3654, TP=93, TN=3473, FP=7, FN=81; precision=0.930, recall=0.534
accuracy: (test=0.976) average_precision: (test=0.770) balanced_accuracy: (test=0.766) f1: (test=0.679) roc_auc: (test=0.920) 30.43min
[fit 63/140] END max_layers=15, n_estimators=10, n_trees=400; total=3654, TP=92, TN=3473, FP=7, FN=82; precision=0.929, recall=0.529
accuracy: (test=0.976) average_precision: (test=0.763) balanced_accuracy: (test=0.763) f1: (test=0.674) roc_auc: (test=0.915) 39.06min
[fit 64/140] END max_layers=15, n_estimators=13, n_trees=50; total=3654, TP=95, TN=3472, FP=8, FN=79; precision=0.922, recall=0.546
accuracy: (test=0.976) average_precision: (test=0.719) balanced_accuracy: (test=0.772) f1: (test=0.686) roc_auc: (test=0.874) 9.96min
[fit 65/140] END max_layers=15, n_estimators=13, n_trees=100; total=3654, TP=94, TN=3474, FP=6, FN=80; precision=0.940, recall=0.540
accuracy: (test=0.976) average_precision: (test=0.738) balanced_accuracy: (test=0.769) f1: (test=0.686) roc_auc: (test=0.891) 14.24min
[fit 66/140] END max_layers=15, n_estimators=13, n_trees=150; total=3654, TP=91, TN=3474, FP=6, FN=83; precision=0.938, recall=0.523
accuracy: (test=0.976) average_precision: (test=0.759) balanced_accuracy: (test=0.761) f1: (test=0.672) roc_auc: (test=0.907) 19.24min
[fit 67/140] END max_layers=15, n_estimators=13, n_trees=200; total=3654, TP=96, TN=3471, FP=9, FN=78; precision=0.914, recall=0.552
accuracy: (test=0.976) average_precision: (test=0.793) balanced_accuracy: (test=0.775) f1: (test=0.688) roc_auc: (test=0.936) 22.42min
[fit 68/140] END max_layers=15, n_estimators=13, n_trees=250; total=3654, TP=90, TN=3473, FP=7, FN=84; precision=0.928, recall=0.517
accuracy: (test=0.975) average_precision: (test=0.757) balanced_accuracy: (test=0.758) f1: (test=0.664) roc_auc: (test=0.912) 31.37min
[fit 69/140] END max_layers=15, n_estimators=13, n_trees=300; total=3654, TP=91, TN=3473, FP=7, FN=83; precision=0.929, recall=0.523
accuracy: (test=0.975) average_precision: (test=0.759) balanced_accuracy: (test=0.760) f1: (test=0.669) roc_auc: (test=0.912) 37.61min
[fit 70/140] END max_layers=15, n_estimators=13, n_trees=400; total=3654, TP=96, TN=3472, FP=8, FN=78; precision=0.923, recall=0.552
accuracy: (test=0.976) average_precision: (test=0.790) balanced_accuracy: (test=0.775) f1: (test=0.691) roc_auc: (test=0.928) 43.29min
[fit 71/140] END max_layers=20, n_estimators=2, n_trees=50; total=3654, TP=94, TN=3473, FP=7, FN=80; precision=0.931, recall=0.540
accuracy: (test=0.976) average_precision: (test=0.688) balanced_accuracy: (test=0.769) f1: (test=0.684) roc_auc: (test=0.879) 2.54min
[fit 72/140] END max_layers=20, n_estimators=2, n_trees=100; total=3654, TP=95, TN=3474, FP=6, FN=79; precision=0.941, recall=0.546
accuracy: (test=0.977) average_precision: (test=0.781) balanced_accuracy: (test=0.772) f1: (test=0.691) roc_auc: (test=0.925) 3.58min
[fit 73/140] END max_layers=20, n_estimators=2, n_trees=150; total=3654, TP=91, TN=3474, FP=6, FN=83; precision=0.938, recall=0.523
accuracy: (test=0.976) average_precision: (test=0.792) balanced_accuracy: (test=0.761) f1: (test=0.672) roc_auc: (test=0.924) 4.74min
[fit 74/140] END max_layers=20, n_estimators=2, n_trees=200; total=3654, TP=93, TN=3474, FP=6, FN=81; precision=0.939, recall=0.534
accuracy: (test=0.976) average_precision: (test=0.790) balanced_accuracy: (test=0.766) f1: (test=0.681) roc_auc: (test=0.927) 5.56min
[fit 75/140] END max_layers=20, n_estimators=2, n_trees=250; total=3654, TP=92, TN=3475, FP=5, FN=82; precision=0.948, recall=0.529
accuracy: (test=0.976) average_precision: (test=0.791) balanced_accuracy: (test=0.764) f1: (test=0.679) roc_auc: (test=0.930) 6.93min
[fit 76/140] END max_layers=20, n_estimators=2, n_trees=300; total=3654, TP=92, TN=3474, FP=6, FN=82; precision=0.939, recall=0.529
accuracy: (test=0.976) average_precision: (test=0.793) balanced_accuracy: (test=0.764) f1: (test=0.676) roc_auc: (test=0.934) 7.96min
[fit 77/140] END max_layers=20, n_estimators=2, n_trees=400; total=3654, TP=93, TN=3475, FP=5, FN=81; precision=0.949, recall=0.534
accuracy: (test=0.976) average_precision: (test=0.801) balanced_accuracy: (test=0.767) f1: (test=0.684) roc_auc: (test=0.932) 10.78min
[fit 78/140] END max_layers=20, n_estimators=5, n_trees=50; total=3654, TP=91, TN=3473, FP=7, FN=83; precision=0.929, recall=0.523
accuracy: (test=0.975) average_precision: (test=0.657) balanced_accuracy: (test=0.760) f1: (test=0.669) roc_auc: (test=0.848) 4.28min
[fit 79/140] END max_layers=20, n_estimators=5, n_trees=100; total=3654, TP=95, TN=3473, FP=7, FN=79; precision=0.931, recall=0.546
accuracy: (test=0.976) average_precision: (test=0.753) balanced_accuracy: (test=0.772) f1: (test=0.688) roc_auc: (test=0.916) 6.75min
[fit 80/140] END max_layers=20, n_estimators=5, n_trees=150; total=3654, TP=93, TN=3475, FP=5, FN=81; precision=0.949, recall=0.534
accuracy: (test=0.976) average_precision: (test=0.770) balanced_accuracy: (test=0.767) f1: (test=0.684) roc_auc: (test=0.926) 9.67min
[fit 81/140] END max_layers=20, n_estimators=5, n_trees=200; total=3654, TP=93, TN=3474, FP=6, FN=81; precision=0.939, recall=0.534
accuracy: (test=0.976) average_precision: (test=0.765) balanced_accuracy: (test=0.766) f1: (test=0.681) roc_auc: (test=0.921) 11.35min
[fit 82/140] END max_layers=20, n_estimators=5, n_trees=250; total=3654, TP=91, TN=3474, FP=6, FN=83; precision=0.938, recall=0.523
accuracy: (test=0.976) average_precision: (test=0.764) balanced_accuracy: (test=0.761) f1: (test=0.672) roc_auc: (test=0.920) 15.41min
[fit 83/140] END max_layers=20, n_estimators=5, n_trees=300; total=3654, TP=93, TN=3475, FP=5, FN=81; precision=0.949, recall=0.534
accuracy: (test=0.976) average_precision: (test=0.764) balanced_accuracy: (test=0.767) f1: (test=0.684) roc_auc: (test=0.912) 16.55min
[fit 84/140] END max_layers=20, n_estimators=5, n_trees=400; total=3654, TP=93, TN=3474, FP=6, FN=81; precision=0.939, recall=0.534
accuracy: (test=0.976) average_precision: (test=0.772) balanced_accuracy: (test=0.766) f1: (test=0.681) roc_auc: (test=0.917) 25.33min
[fit 85/140] END max_layers=20, n_estimators=8, n_trees=50; total=3654, TP=94, TN=3473, FP=7, FN=80; precision=0.931, recall=0.540
accuracy: (test=0.976) average_precision: (test=0.656) balanced_accuracy: (test=0.769) f1: (test=0.684) roc_auc: (test=0.845) 6.91min
[fit 86/140] END max_layers=20, n_estimators=8, n_trees=100; total=3654, TP=95, TN=3473, FP=7, FN=79; precision=0.931, recall=0.546
accuracy: (test=0.976) average_precision: (test=0.756) balanced_accuracy: (test=0.772) f1: (test=0.688) roc_auc: (test=0.914) 9.88min
[fit 87/140] END max_layers=20, n_estimators=8, n_trees=150; total=3654, TP=92, TN=3474, FP=6, FN=82; precision=0.939, recall=0.529
accuracy: (test=0.976) average_precision: (test=0.761) balanced_accuracy: (test=0.764) f1: (test=0.676) roc_auc: (test=0.910) 14.81min
[fit 88/140] END max_layers=20, n_estimators=8, n_trees=200; total=3654, TP=91, TN=3473, FP=7, FN=83; precision=0.929, recall=0.523
accuracy: (test=0.975) average_precision: (test=0.764) balanced_accuracy: (test=0.760) f1: (test=0.669) roc_auc: (test=0.915) 19.03min
[fit 89/140] END max_layers=20, n_estimators=8, n_trees=250; total=3654, TP=92, TN=3474, FP=6, FN=82; precision=0.939, recall=0.529
accuracy: (test=0.976) average_precision: (test=0.760) balanced_accuracy: (test=0.764) f1: (test=0.676) roc_auc: (test=0.916) 20.77min
[fit 90/140] END max_layers=20, n_estimators=8, n_trees=300; total=3654, TP=93, TN=3473, FP=7, FN=81; precision=0.930, recall=0.534
accuracy: (test=0.976) average_precision: (test=0.762) balanced_accuracy: (test=0.766) f1: (test=0.679) roc_auc: (test=0.911) 27.86min
[fit 91/140] END max_layers=20, n_estimators=8, n_trees=400; total=3654, TP=93, TN=3473, FP=7, FN=81; precision=0.930, recall=0.534
accuracy: (test=0.976) average_precision: (test=0.767) balanced_accuracy: (test=0.766) f1: (test=0.679) roc_auc: (test=0.919) 32.99min
[fit 92/140] END max_layers=20, n_estimators=10, n_trees=50; total=3654, TP=95, TN=3473, FP=7, FN=79; precision=0.931, recall=0.546
accuracy: (test=0.976) average_precision: (test=0.654) balanced_accuracy: (test=0.772) f1: (test=0.688) roc_auc: (test=0.829) 8.19min
[fit 93/140] END max_layers=20, n_estimators=10, n_trees=100; total=3654, TP=93, TN=3473, FP=7, FN=81; precision=0.930, recall=0.534
accuracy: (test=0.976) average_precision: (test=0.757) balanced_accuracy: (test=0.766) f1: (test=0.679) roc_auc: (test=0.918) 11.37min
[fit 94/140] END max_layers=20, n_estimators=10, n_trees=150; total=3654, TP=90, TN=3474, FP=6, FN=84; precision=0.938, recall=0.517
accuracy: (test=0.975) average_precision: (test=0.764) balanced_accuracy: (test=0.758) f1: (test=0.667) roc_auc: (test=0.916) 17.13min
[fit 95/140] END max_layers=20, n_estimators=10, n_trees=200; total=3654, TP=89, TN=3473, FP=7, FN=85; precision=0.927, recall=0.511
accuracy: (test=0.975) average_precision: (test=0.757) balanced_accuracy: (test=0.755) f1: (test=0.659) roc_auc: (test=0.918) 22.06min
[fit 96/140] END max_layers=20, n_estimators=10, n_trees=250; total=3654, TP=92, TN=3473, FP=7, FN=82; precision=0.929, recall=0.529
accuracy: (test=0.976) average_precision: (test=0.763) balanced_accuracy: (test=0.763) f1: (test=0.674) roc_auc: (test=0.913) 26.58min
[fit 97/140] END max_layers=20, n_estimators=10, n_trees=300; total=3654, TP=93, TN=3473, FP=7, FN=81; precision=0.930, recall=0.534
accuracy: (test=0.976) average_precision: (test=0.770) balanced_accuracy: (test=0.766) f1: (test=0.679) roc_auc: (test=0.920) 33.14min
[fit 98/140] END max_layers=20, n_estimators=10, n_trees=400; total=3654, TP=92, TN=3473, FP=7, FN=82; precision=0.929, recall=0.529
accuracy: (test=0.976) average_precision: (test=0.763) balanced_accuracy: (test=0.763) f1: (test=0.674) roc_auc: (test=0.915) 41.23min
[fit 99/140] END max_layers=20, n_estimators=13, n_trees=50; total=3654, TP=95, TN=3472, FP=8, FN=79; precision=0.922, recall=0.546
accuracy: (test=0.976) average_precision: (test=0.719) balanced_accuracy: (test=0.772) f1: (test=0.686) roc_auc: (test=0.874) 10.98min
[fit 100/140] END max_layers=20, n_estimators=13, n_trees=100; total=3654, TP=94, TN=3474, FP=6, FN=80; precision=0.940, recall=0.540
accuracy: (test=0.976) average_precision: (test=0.738) balanced_accuracy: (test=0.769) f1: (test=0.686) roc_auc: (test=0.891) 15.11min
[fit 101/140] END max_layers=20, n_estimators=13, n_trees=150; total=3654, TP=91, TN=3474, FP=6, FN=83; precision=0.938, recall=0.523
accuracy: (test=0.976) average_precision: (test=0.759) balanced_accuracy: (test=0.761) f1: (test=0.672) roc_auc: (test=0.907) 21.20min
[fit 102/140] END max_layers=20, n_estimators=13, n_trees=200; total=3654, TP=96, TN=3471, FP=9, FN=78; precision=0.914, recall=0.552
accuracy: (test=0.976) average_precision: (test=0.793) balanced_accuracy: (test=0.775) f1: (test=0.688) roc_auc: (test=0.936) 25.45min
[fit 103/140] END max_layers=20, n_estimators=13, n_trees=250; total=3654, TP=90, TN=3473, FP=7, FN=84; precision=0.928, recall=0.517
accuracy: (test=0.975) average_precision: (test=0.757) balanced_accuracy: (test=0.758) f1: (test=0.664) roc_auc: (test=0.912) 33.48min
[fit 104/140] END max_layers=20, n_estimators=13, n_trees=300; total=3654, TP=91, TN=3473, FP=7, FN=83; precision=0.929, recall=0.523
accuracy: (test=0.975) average_precision: (test=0.759) balanced_accuracy: (test=0.760) f1: (test=0.669) roc_auc: (test=0.912) 39.68min
[fit 105/140] END max_layers=20, n_estimators=13, n_trees=400; total=3654, TP=96, TN=3472, FP=8, FN=78; precision=0.923, recall=0.552
accuracy: (test=0.976) average_precision: (test=0.790) balanced_accuracy: (test=0.775) f1: (test=0.691) roc_auc: (test=0.928) 44.90min
[fit 106/140] END max_layers=25, n_estimators=2, n_trees=50; total=3654, TP=94, TN=3473, FP=7, FN=80; precision=0.931, recall=0.540
accuracy: (test=0.976) average_precision: (test=0.688) balanced_accuracy: (test=0.769) f1: (test=0.684) roc_auc: (test=0.879) 2.73min
[fit 107/140] END max_layers=25, n_estimators=2, n_trees=100; total=3654, TP=95, TN=3474, FP=6, FN=79; precision=0.941, recall=0.546
accuracy: (test=0.977) average_precision: (test=0.781) balanced_accuracy: (test=0.772) f1: (test=0.691) roc_auc: (test=0.925) 3.56min
[fit 108/140] END max_layers=25, n_estimators=2, n_trees=150; total=3654, TP=91, TN=3474, FP=6, FN=83; precision=0.938, recall=0.523
accuracy: (test=0.976) average_precision: (test=0.792) balanced_accuracy: (test=0.761) f1: (test=0.672) roc_auc: (test=0.924) 4.54min
[fit 109/140] END max_layers=25, n_estimators=2, n_trees=200; total=3654, TP=93, TN=3474, FP=6, FN=81; precision=0.939, recall=0.534
accuracy: (test=0.976) average_precision: (test=0.790) balanced_accuracy: (test=0.766) f1: (test=0.681) roc_auc: (test=0.927) 6.16min
[fit 110/140] END max_layers=25, n_estimators=2, n_trees=250; total=3654, TP=92, TN=3475, FP=5, FN=82; precision=0.948, recall=0.529
accuracy: (test=0.976) average_precision: (test=0.791) balanced_accuracy: (test=0.764) f1: (test=0.679) roc_auc: (test=0.930) 8.06min
[fit 111/140] END max_layers=25, n_estimators=2, n_trees=300; total=3654, TP=92, TN=3474, FP=6, FN=82; precision=0.939, recall=0.529
accuracy: (test=0.976) average_precision: (test=0.793) balanced_accuracy: (test=0.764) f1: (test=0.676) roc_auc: (test=0.934) 8.79min
[fit 112/140] END max_layers=25, n_estimators=2, n_trees=400; total=3654, TP=93, TN=3475, FP=5, FN=81; precision=0.949, recall=0.534
accuracy: (test=0.976) average_precision: (test=0.801) balanced_accuracy: (test=0.767) f1: (test=0.684) roc_auc: (test=0.932) 12.27min
[fit 113/140] END max_layers=25, n_estimators=5, n_trees=50; total=3654, TP=91, TN=3473, FP=7, FN=83; precision=0.929, recall=0.523
accuracy: (test=0.975) average_precision: (test=0.657) balanced_accuracy: (test=0.760) f1: (test=0.669) roc_auc: (test=0.848) 5.33min
[fit 114/140] END max_layers=25, n_estimators=5, n_trees=100; total=3654, TP=95, TN=3473, FP=7, FN=79; precision=0.931, recall=0.546
accuracy: (test=0.976) average_precision: (test=0.753) balanced_accuracy: (test=0.772) f1: (test=0.688) roc_auc: (test=0.916) 6.73min
[fit 115/140] END max_layers=25, n_estimators=5, n_trees=150; total=3654, TP=93, TN=3475, FP=5, FN=81; precision=0.949, recall=0.534
accuracy: (test=0.976) average_precision: (test=0.770) balanced_accuracy: (test=0.767) f1: (test=0.684) roc_auc: (test=0.926) 9.73min
[fit 116/140] END max_layers=25, n_estimators=5, n_trees=200; total=3654, TP=93, TN=3474, FP=6, FN=81; precision=0.939, recall=0.534
accuracy: (test=0.976) average_precision: (test=0.765) balanced_accuracy: (test=0.766) f1: (test=0.681) roc_auc: (test=0.921) 13.22min
[fit 117/140] END max_layers=25, n_estimators=5, n_trees=250; total=3654, TP=91, TN=3474, FP=6, FN=83; precision=0.938, recall=0.523
accuracy: (test=0.976) average_precision: (test=0.764) balanced_accuracy: (test=0.761) f1: (test=0.672) roc_auc: (test=0.920) 14.75min
[fit 118/140] END max_layers=25, n_estimators=5, n_trees=300; total=3654, TP=93, TN=3475, FP=5, FN=81; precision=0.949, recall=0.534
accuracy: (test=0.976) average_precision: (test=0.764) balanced_accuracy: (test=0.767) f1: (test=0.684) roc_auc: (test=0.912) 17.67min
[fit 119/140] END max_layers=25, n_estimators=5, n_trees=400; total=3654, TP=93, TN=3474, FP=6, FN=81; precision=0.939, recall=0.534
accuracy: (test=0.976) average_precision: (test=0.772) balanced_accuracy: (test=0.766) f1: (test=0.681) roc_auc: (test=0.917) 23.72min
[fit 120/140] END max_layers=25, n_estimators=8, n_trees=50; total=3654, TP=94, TN=3473, FP=7, FN=80; precision=0.931, recall=0.540
accuracy: (test=0.976) average_precision: (test=0.656) balanced_accuracy: (test=0.769) f1: (test=0.684) roc_auc: (test=0.845) 7.52min
[fit 121/140] END max_layers=25, n_estimators=8, n_trees=100; total=3654, TP=95, TN=3473, FP=7, FN=79; precision=0.931, recall=0.546
accuracy: (test=0.976) average_precision: (test=0.756) balanced_accuracy: (test=0.772) f1: (test=0.688) roc_auc: (test=0.914) 10.44min
[fit 122/140] END max_layers=25, n_estimators=8, n_trees=150; total=3654, TP=92, TN=3474, FP=6, FN=82; precision=0.939, recall=0.529
accuracy: (test=0.976) average_precision: (test=0.761) balanced_accuracy: (test=0.764) f1: (test=0.676) roc_auc: (test=0.910) 13.55min
[fit 123/140] END max_layers=25, n_estimators=8, n_trees=200; total=3654, TP=91, TN=3473, FP=7, FN=83; precision=0.929, recall=0.523
accuracy: (test=0.975) average_precision: (test=0.764) balanced_accuracy: (test=0.760) f1: (test=0.669) roc_auc: (test=0.915) 19.12min
[fit 124/140] END max_layers=25, n_estimators=8, n_trees=250; total=3654, TP=92, TN=3474, FP=6, FN=82; precision=0.939, recall=0.529
accuracy: (test=0.976) average_precision: (test=0.760) balanced_accuracy: (test=0.764) f1: (test=0.676) roc_auc: (test=0.916) 21.92min
[fit 125/140] END max_layers=25, n_estimators=8, n_trees=300; total=3654, TP=93, TN=3473, FP=7, FN=81; precision=0.930, recall=0.534
accuracy: (test=0.976) average_precision: (test=0.762) balanced_accuracy: (test=0.766) f1: (test=0.679) roc_auc: (test=0.911) 26.39min
[fit 126/140] END max_layers=25, n_estimators=8, n_trees=400; total=3654, TP=93, TN=3473, FP=7, FN=81; precision=0.930, recall=0.534
accuracy: (test=0.976) average_precision: (test=0.767) balanced_accuracy: (test=0.766) f1: (test=0.679) roc_auc: (test=0.919) 36.58min
[fit 127/140] END max_layers=25, n_estimators=10, n_trees=50; total=3654, TP=95, TN=3473, FP=7, FN=79; precision=0.931, recall=0.546
accuracy: (test=0.976) average_precision: (test=0.654) balanced_accuracy: (test=0.772) f1: (test=0.688) roc_auc: (test=0.829) 8.79min
[fit 128/140] END max_layers=25, n_estimators=10, n_trees=100; total=3654, TP=93, TN=3473, FP=7, FN=81; precision=0.930, recall=0.534
accuracy: (test=0.976) average_precision: (test=0.757) balanced_accuracy: (test=0.766) f1: (test=0.679) roc_auc: (test=0.918) 11.63min
[fit 129/140] END max_layers=25, n_estimators=10, n_trees=150; total=3654, TP=90, TN=3474, FP=6, FN=84; precision=0.938, recall=0.517
accuracy: (test=0.975) average_precision: (test=0.764) balanced_accuracy: (test=0.758) f1: (test=0.667) roc_auc: (test=0.916) 16.74min
[fit 130/140] END max_layers=25, n_estimators=10, n_trees=200; total=3654, TP=89, TN=3473, FP=7, FN=85; precision=0.927, recall=0.511
accuracy: (test=0.975) average_precision: (test=0.757) balanced_accuracy: (test=0.755) f1: (test=0.659) roc_auc: (test=0.918) 22.00min
[fit 131/140] END max_layers=25, n_estimators=10, n_trees=250; total=3654, TP=92, TN=3473, FP=7, FN=82; precision=0.929, recall=0.529
accuracy: (test=0.976) average_precision: (test=0.763) balanced_accuracy: (test=0.763) f1: (test=0.674) roc_auc: (test=0.913) 27.79min
[fit 132/140] END max_layers=25, n_estimators=10, n_trees=300; total=3654, TP=93, TN=3473, FP=7, FN=81; precision=0.930, recall=0.534
accuracy: (test=0.976) average_precision: (test=0.770) balanced_accuracy: (test=0.766) f1: (test=0.679) roc_auc: (test=0.920) 32.92min
[fit 133/140] END max_layers=25, n_estimators=10, n_trees=400; total=3654, TP=92, TN=3473, FP=7, FN=82; precision=0.929, recall=0.529
accuracy: (test=0.976) average_precision: (test=0.763) balanced_accuracy: (test=0.763) f1: (test=0.674) roc_auc: (test=0.915) 42.37min
[fit 134/140] END max_layers=25, n_estimators=13, n_trees=50; total=3654, TP=95, TN=3472, FP=8, FN=79; precision=0.922, recall=0.546
accuracy: (test=0.976) average_precision: (test=0.719) balanced_accuracy: (test=0.772) f1: (test=0.686) roc_auc: (test=0.874) 10.84min
[fit 135/140] END max_layers=25, n_estimators=13, n_trees=100; total=3654, TP=94, TN=3474, FP=6, FN=80; precision=0.940, recall=0.540
accuracy: (test=0.976) average_precision: (test=0.738) balanced_accuracy: (test=0.769) f1: (test=0.686) roc_auc: (test=0.891) 14.30min
[fit 136/140] END max_layers=25, n_estimators=13, n_trees=150; total=3654, TP=91, TN=3474, FP=6, FN=83; precision=0.938, recall=0.523
accuracy: (test=0.976) average_precision: (test=0.759) balanced_accuracy: (test=0.761) f1: (test=0.672) roc_auc: (test=0.907) 22.18min
[fit 137/140] END max_layers=25, n_estimators=13, n_trees=200; total=3654, TP=96, TN=3471, FP=9, FN=78; precision=0.914, recall=0.552
accuracy: (test=0.976) average_precision: (test=0.793) balanced_accuracy: (test=0.775) f1: (test=0.688) roc_auc: (test=0.936) 24.73min
[fit 138/140] END max_layers=25, n_estimators=13, n_trees=250; total=3654, TP=90, TN=3473, FP=7, FN=84; precision=0.928, recall=0.517
accuracy: (test=0.975) average_precision: (test=0.757) balanced_accuracy: (test=0.758) f1: (test=0.664) roc_auc: (test=0.912) 32.64min
[fit 139/140] END max_layers=25, n_estimators=13, n_trees=300; total=3654, TP=91, TN=3473, FP=7, FN=83; precision=0.929, recall=0.523
accuracy: (test=0.975) average_precision: (test=0.759) balanced_accuracy: (test=0.760) f1: (test=0.669) roc_auc: (test=0.912) 36.44min
[fit 140/140] END max_layers=25, n_estimators=13, n_trees=400; total=3654, TP=96, TN=3472, FP=8, FN=78; precision=0.923, recall=0.552
accuracy: (test=0.976) average_precision: (test=0.790) balanced_accuracy: (test=0.775) f1: (test=0.691) roc_auc: (test=0.928) 42.22min
write rank test to csv!!!
../../ex/epivan/base/tpcp_deepforest_base/rank/HeLa-S3_rank_rank_2080ti.csv write over!!!
clf.best_estimator_params: {'max_layers': 10, 'n_estimators': 13, 'n_trees': 200}
best params found in line [33] for metric [roc_auc] in rank file
best params found in fit [32] for metric [roc_auc] in run_and_score file
clf.best_scoring_result: [Total: (test=3654) TP: (test=96.000) TN: (test=3471.000) FP: (test=9.000) FN: (test=78.000) precision: (test=0.914) recall: (test=0.552) accuracy: (test=0.976) average_precision: (test=0.793) balanced_accuracy: (test=0.775) f1: (test=0.688) roc_auc: (test=0.936) ]
total time spending: 41h 4m 56s
