nohup: ignoring input
Intel(R) Extension for Scikit-learn* enabled (https://github.com/intel/scikit-learn-intelex)
../../ex/epivan/base/tpcp_svm_base created !!!
../../ex/epivan/base/tpcp_svm_base/rank created !!!
experiment: HeLa-S3 tpcp_svm
trainSet len:[X=62640,y=62640]
testSet len:[X=3654,y=3654]
Fitting, totalling 240 fits
[fit 1/240] END C=0.0625, gamma=0.0625, kernel=rbf; total=3654, TP=106, TN=1840, FP=1640, FN=68; precision=0.061, recall=0.609
accuracy: (test=0.533) average_precision: (test=0.063) balanced_accuracy: (test=0.569) f1: (test=0.110) roc_auc: (test=0.580) 2.21min
[fit 2/240] END C=0.0625, gamma=0.125, kernel=rbf; total=3654, TP=105, TN=1869, FP=1611, FN=69; precision=0.061, recall=0.603
accuracy: (test=0.540) average_precision: (test=0.067) balanced_accuracy: (test=0.570) f1: (test=0.111) roc_auc: (test=0.587) 2.17min
[fit 3/240] END C=0.0625, gamma=0.25, kernel=rbf; total=3654, TP=109, TN=1891, FP=1589, FN=65; precision=0.064, recall=0.626
accuracy: (test=0.547) average_precision: (test=0.072) balanced_accuracy: (test=0.585) f1: (test=0.116) roc_auc: (test=0.596) 2.16min
[fit 4/240] END C=0.0625, gamma=0.5, kernel=rbf; total=3654, TP=108, TN=1915, FP=1565, FN=66; precision=0.065, recall=0.621
accuracy: (test=0.554) average_precision: (test=0.073) balanced_accuracy: (test=0.585) f1: (test=0.117) roc_auc: (test=0.609) 2.17min
[fit 5/240] END C=0.0625, gamma=1.0, kernel=rbf; total=3654, TP=109, TN=1940, FP=1540, FN=65; precision=0.066, recall=0.626
accuracy: (test=0.561) average_precision: (test=0.076) balanced_accuracy: (test=0.592) f1: (test=0.120) roc_auc: (test=0.624) 2.16min
[fit 6/240] END C=0.0625, gamma=2.0, kernel=rbf; total=3654, TP=107, TN=1996, FP=1484, FN=67; precision=0.067, recall=0.615
accuracy: (test=0.576) average_precision: (test=0.084) balanced_accuracy: (test=0.594) f1: (test=0.121) roc_auc: (test=0.643) 2.14min
[fit 7/240] END C=0.0625, gamma=4.0, kernel=rbf; total=3654, TP=111, TN=2086, FP=1394, FN=63; precision=0.074, recall=0.638
accuracy: (test=0.601) average_precision: (test=0.101) balanced_accuracy: (test=0.619) f1: (test=0.132) roc_auc: (test=0.667) 2.12min
[fit 8/240] END C=0.0625, gamma=8.0, kernel=rbf; total=3654, TP=113, TN=2239, FP=1241, FN=61; precision=0.083, recall=0.649
accuracy: (test=0.644) average_precision: (test=0.132) balanced_accuracy: (test=0.646) f1: (test=0.148) roc_auc: (test=0.701) 2.11min
Line search fails in two-class probability estimates
[fit 9/240] END C=0.0625, gamma=16.0, kernel=rbf; total=3654, TP=114, TN=2459, FP=1021, FN=60; precision=0.100, recall=0.655
accuracy: (test=0.704) average_precision: (test=0.180) balanced_accuracy: (test=0.681) f1: (test=0.174) roc_auc: (test=0.755) 2.04min
[fit 10/240] END C=0.0625, gamma=32.0, kernel=rbf; total=3654, TP=128, TN=2760, FP=720, FN=46; precision=0.151, recall=0.736
accuracy: (test=0.790) average_precision: (test=0.273) balanced_accuracy: (test=0.764) f1: (test=0.250) roc_auc: (test=0.819) 1.99min
[fit 11/240] END C=0.0625, gamma=64.0, kernel=rbf; total=3654, TP=122, TN=2985, FP=495, FN=52; precision=0.198, recall=0.701
accuracy: (test=0.850) average_precision: (test=0.426) balanced_accuracy: (test=0.779) f1: (test=0.308) roc_auc: (test=0.853) 2.05min
Line search fails in two-class probability estimates
[fit 12/240] END C=0.0625, gamma=128.0, kernel=rbf; total=3654, TP=115, TN=3134, FP=346, FN=59; precision=0.249, recall=0.661
accuracy: (test=0.889) average_precision: (test=0.494) balanced_accuracy: (test=0.781) f1: (test=0.362) roc_auc: (test=0.861) 2.13min
[fit 13/240] END C=0.0625, gamma=256.0, kernel=rbf; total=3654, TP=106, TN=3418, FP=62, FN=68; precision=0.631, recall=0.609
accuracy: (test=0.964) average_precision: (test=0.640) balanced_accuracy: (test=0.796) f1: (test=0.620) roc_auc: (test=0.873) 2.14min
[fit 14/240] END C=0.0625, gamma=512.0, kernel=rbf; total=3654, TP=174, TN=21, FP=3459, FN=0; precision=0.048, recall=1.000
accuracy: (test=0.053) average_precision: (test=0.716) balanced_accuracy: (test=0.503) f1: (test=0.091) roc_auc: (test=0.866) 2.10min
Line search fails in two-class probability estimates
[fit 15/240] END C=0.0625, gamma=1024.0, kernel=rbf; total=3654, TP=174, TN=78, FP=3402, FN=0; precision=0.049, recall=1.000
accuracy: (test=0.069) average_precision: (test=0.725) balanced_accuracy: (test=0.511) f1: (test=0.093) roc_auc: (test=0.865) 2.09min
Line search fails in two-class probability estimates
[fit 16/240] END C=0.0625, gamma=2048.0, kernel=rbf; total=3654, TP=174, TN=34, FP=3446, FN=0; precision=0.048, recall=1.000
accuracy: (test=0.057) average_precision: (test=0.637) balanced_accuracy: (test=0.505) f1: (test=0.092) roc_auc: (test=0.813) 2.10min
[fit 17/240] END C=0.125, gamma=0.0625, kernel=rbf; total=3654, TP=105, TN=1871, FP=1609, FN=69; precision=0.061, recall=0.603
accuracy: (test=0.541) average_precision: (test=0.067) balanced_accuracy: (test=0.571) f1: (test=0.111) roc_auc: (test=0.586) 2.16min
[fit 18/240] END C=0.125, gamma=0.125, kernel=rbf; total=3654, TP=108, TN=1890, FP=1590, FN=66; precision=0.064, recall=0.621
accuracy: (test=0.547) average_precision: (test=0.071) balanced_accuracy: (test=0.582) f1: (test=0.115) roc_auc: (test=0.595) 2.19min
[fit 19/240] END C=0.125, gamma=0.25, kernel=rbf; total=3654, TP=108, TN=1914, FP=1566, FN=66; precision=0.065, recall=0.621
accuracy: (test=0.553) average_precision: (test=0.074) balanced_accuracy: (test=0.585) f1: (test=0.117) roc_auc: (test=0.607) 2.20min
[fit 20/240] END C=0.125, gamma=0.5, kernel=rbf; total=3654, TP=111, TN=1950, FP=1530, FN=63; precision=0.068, recall=0.638
accuracy: (test=0.564) average_precision: (test=0.075) balanced_accuracy: (test=0.599) f1: (test=0.122) roc_auc: (test=0.622) 2.17min
[fit 21/240] END C=0.125, gamma=1.0, kernel=rbf; total=3654, TP=111, TN=1983, FP=1497, FN=63; precision=0.069, recall=0.638
accuracy: (test=0.573) average_precision: (test=0.081) balanced_accuracy: (test=0.604) f1: (test=0.125) roc_auc: (test=0.639) 2.20min
[fit 22/240] END C=0.125, gamma=2.0, kernel=rbf; total=3654, TP=112, TN=2066, FP=1414, FN=62; precision=0.073, recall=0.644
accuracy: (test=0.596) average_precision: (test=0.093) balanced_accuracy: (test=0.619) f1: (test=0.132) roc_auc: (test=0.660) 2.26min
[fit 23/240] END C=0.125, gamma=4.0, kernel=rbf; total=3654, TP=112, TN=2198, FP=1282, FN=62; precision=0.080, recall=0.644
accuracy: (test=0.632) average_precision: (test=0.112) balanced_accuracy: (test=0.638) f1: (test=0.143) roc_auc: (test=0.688) 2.26min
[fit 24/240] END C=0.125, gamma=8.0, kernel=rbf; total=3654, TP=115, TN=2388, FP=1092, FN=59; precision=0.095, recall=0.661
accuracy: (test=0.685) average_precision: (test=0.147) balanced_accuracy: (test=0.674) f1: (test=0.167) roc_auc: (test=0.730) 2.23min
[fit 25/240] END C=0.125, gamma=16.0, kernel=rbf; total=3654, TP=122, TN=2660, FP=820, FN=52; precision=0.130, recall=0.701
accuracy: (test=0.761) average_precision: (test=0.223) balanced_accuracy: (test=0.733) f1: (test=0.219) roc_auc: (test=0.798) 2.13min
[fit 26/240] END C=0.125, gamma=32.0, kernel=rbf; total=3654, TP=132, TN=2975, FP=505, FN=42; precision=0.207, recall=0.759
accuracy: (test=0.850) average_precision: (test=0.368) balanced_accuracy: (test=0.807) f1: (test=0.326) roc_auc: (test=0.858) 2.05min
Line search fails in two-class probability estimates
[fit 27/240] END C=0.125, gamma=64.0, kernel=rbf; total=3654, TP=125, TN=3231, FP=249, FN=49; precision=0.334, recall=0.718
accuracy: (test=0.918) average_precision: (test=0.583) balanced_accuracy: (test=0.823) f1: (test=0.456) roc_auc: (test=0.882) 2.11min
[fit 28/240] END C=0.125, gamma=128.0, kernel=rbf; total=3654, TP=121, TN=3326, FP=154, FN=53; precision=0.440, recall=0.695
accuracy: (test=0.943) average_precision: (test=0.651) balanced_accuracy: (test=0.826) f1: (test=0.539) roc_auc: (test=0.878) 2.33min
[fit 29/240] END C=0.125, gamma=256.0, kernel=rbf; total=3654, TP=115, TN=3403, FP=77, FN=59; precision=0.599, recall=0.661
accuracy: (test=0.963) average_precision: (test=0.674) balanced_accuracy: (test=0.819) f1: (test=0.628) roc_auc: (test=0.876) 2.43min
[fit 30/240] END C=0.125, gamma=512.0, kernel=rbf; total=3654, TP=81, TN=3478, FP=2, FN=93; precision=0.976, recall=0.466
accuracy: (test=0.974) average_precision: (test=0.716) balanced_accuracy: (test=0.732) f1: (test=0.630) roc_auc: (test=0.866) 2.13min
Line search fails in two-class probability estimates
[fit 31/240] END C=0.125, gamma=1024.0, kernel=rbf; total=3654, TP=174, TN=78, FP=3402, FN=0; precision=0.049, recall=1.000
accuracy: (test=0.069) average_precision: (test=0.725) balanced_accuracy: (test=0.511) f1: (test=0.093) roc_auc: (test=0.865) 2.09min
Line search fails in two-class probability estimates
[fit 32/240] END C=0.125, gamma=2048.0, kernel=rbf; total=3654, TP=174, TN=34, FP=3446, FN=0; precision=0.048, recall=1.000
accuracy: (test=0.057) average_precision: (test=0.637) balanced_accuracy: (test=0.505) f1: (test=0.092) roc_auc: (test=0.813) 2.08min
[fit 33/240] END C=0.25, gamma=0.0625, kernel=rbf; total=3654, TP=108, TN=1897, FP=1583, FN=66; precision=0.064, recall=0.621
accuracy: (test=0.549) average_precision: (test=0.071) balanced_accuracy: (test=0.583) f1: (test=0.116) roc_auc: (test=0.595) 2.16min
[fit 34/240] END C=0.25, gamma=0.125, kernel=rbf; total=3654, TP=107, TN=1924, FP=1556, FN=67; precision=0.064, recall=0.615
accuracy: (test=0.556) average_precision: (test=0.074) balanced_accuracy: (test=0.584) f1: (test=0.116) roc_auc: (test=0.607) 2.17min
[fit 35/240] END C=0.25, gamma=0.25, kernel=rbf; total=3654, TP=109, TN=1952, FP=1528, FN=65; precision=0.067, recall=0.626
accuracy: (test=0.564) average_precision: (test=0.075) balanced_accuracy: (test=0.594) f1: (test=0.120) roc_auc: (test=0.620) 2.17min
[fit 36/240] END C=0.25, gamma=0.5, kernel=rbf; total=3654, TP=108, TN=1982, FP=1498, FN=66; precision=0.067, recall=0.621
accuracy: (test=0.572) average_precision: (test=0.079) balanced_accuracy: (test=0.595) f1: (test=0.121) roc_auc: (test=0.636) 2.22min
[fit 37/240] END C=0.25, gamma=1.0, kernel=rbf; total=3654, TP=108, TN=2046, FP=1434, FN=66; precision=0.070, recall=0.621
accuracy: (test=0.589) average_precision: (test=0.088) balanced_accuracy: (test=0.604) f1: (test=0.126) roc_auc: (test=0.655) 2.30min
[fit 38/240] END C=0.25, gamma=2.0, kernel=rbf; total=3654, TP=112, TN=2153, FP=1327, FN=62; precision=0.078, recall=0.644
accuracy: (test=0.620) average_precision: (test=0.100) balanced_accuracy: (test=0.631) f1: (test=0.139) roc_auc: (test=0.676) 2.35min
[fit 39/240] END C=0.25, gamma=4.0, kernel=rbf; total=3654, TP=111, TN=2295, FP=1185, FN=63; precision=0.086, recall=0.638
accuracy: (test=0.658) average_precision: (test=0.125) balanced_accuracy: (test=0.649) f1: (test=0.151) roc_auc: (test=0.708) 2.37min
[fit 40/240] END C=0.25, gamma=8.0, kernel=rbf; total=3654, TP=114, TN=2522, FP=958, FN=60; precision=0.106, recall=0.655
accuracy: (test=0.721) average_precision: (test=0.176) balanced_accuracy: (test=0.690) f1: (test=0.183) roc_auc: (test=0.763) 2.33min
[fit 41/240] END C=0.25, gamma=16.0, kernel=rbf; total=3654, TP=125, TN=2837, FP=643, FN=49; precision=0.163, recall=0.718
accuracy: (test=0.811) average_precision: (test=0.280) balanced_accuracy: (test=0.767) f1: (test=0.265) roc_auc: (test=0.834) 2.27min
[fit 42/240] END C=0.25, gamma=32.0, kernel=rbf; total=3654, TP=128, TN=3157, FP=323, FN=46; precision=0.284, recall=0.736
accuracy: (test=0.899) average_precision: (test=0.476) balanced_accuracy: (test=0.821) f1: (test=0.410) roc_auc: (test=0.883) 2.20min
[fit 43/240] END C=0.25, gamma=64.0, kernel=rbf; total=3654, TP=123, TN=3355, FP=125, FN=51; precision=0.496, recall=0.707
accuracy: (test=0.952) average_precision: (test=0.676) balanced_accuracy: (test=0.835) f1: (test=0.583) roc_auc: (test=0.897) 2.40min
[fit 44/240] END C=0.25, gamma=128.0, kernel=rbf; total=3654, TP=121, TN=3420, FP=60, FN=53; precision=0.669, recall=0.695
accuracy: (test=0.969) average_precision: (test=0.715) balanced_accuracy: (test=0.839) f1: (test=0.682) roc_auc: (test=0.886) 2.98min
[fit 45/240] END C=0.25, gamma=256.0, kernel=rbf; total=3654, TP=115, TN=3443, FP=37, FN=59; precision=0.757, recall=0.661
accuracy: (test=0.974) average_precision: (test=0.716) balanced_accuracy: (test=0.825) f1: (test=0.706) roc_auc: (test=0.877) 3.73min
[fit 46/240] END C=0.25, gamma=512.0, kernel=rbf; total=3654, TP=105, TN=3469, FP=11, FN=69; precision=0.905, recall=0.603
accuracy: (test=0.978) average_precision: (test=0.717) balanced_accuracy: (test=0.800) f1: (test=0.724) roc_auc: (test=0.870) 4.05min
[fit 47/240] END C=0.25, gamma=1024.0, kernel=rbf; total=3654, TP=53, TN=3480, FP=0, FN=121; precision=1.000, recall=0.305
accuracy: (test=0.967) average_precision: (test=0.726) balanced_accuracy: (test=0.652) f1: (test=0.467) roc_auc: (test=0.864) 2.15min
Line search fails in two-class probability estimates
[fit 48/240] END C=0.25, gamma=2048.0, kernel=rbf; total=3654, TP=0, TN=3480, FP=0, FN=174; precision=0.000, recall=0.000
accuracy: (test=0.952) average_precision: (test=0.592) balanced_accuracy: (test=0.500) f1: (test=0.000) roc_auc: (test=0.801) 2.12min
[fit 49/240] END C=0.5, gamma=0.0625, kernel=rbf; total=3654, TP=107, TN=1925, FP=1555, FN=67; precision=0.064, recall=0.615
accuracy: (test=0.556) average_precision: (test=0.074) balanced_accuracy: (test=0.584) f1: (test=0.117) roc_auc: (test=0.606) 2.20min
[fit 50/240] END C=0.5, gamma=0.125, kernel=rbf; total=3654, TP=109, TN=1953, FP=1527, FN=65; precision=0.067, recall=0.626
accuracy: (test=0.564) average_precision: (test=0.075) balanced_accuracy: (test=0.594) f1: (test=0.120) roc_auc: (test=0.618) 2.20min
[fit 51/240] END C=0.5, gamma=0.25, kernel=rbf; total=3654, TP=105, TN=1985, FP=1495, FN=69; precision=0.066, recall=0.603
accuracy: (test=0.572) average_precision: (test=0.078) balanced_accuracy: (test=0.587) f1: (test=0.118) roc_auc: (test=0.633) 2.23min
Line search fails in two-class probability estimates
[fit 52/240] END C=0.5, gamma=0.5, kernel=rbf; total=3654, TP=106, TN=2045, FP=1435, FN=68; precision=0.069, recall=0.609
accuracy: (test=0.589) average_precision: (test=0.085) balanced_accuracy: (test=0.598) f1: (test=0.124) roc_auc: (test=0.650) 2.38min
[fit 53/240] END C=0.5, gamma=1.0, kernel=rbf; total=3654, TP=108, TN=2131, FP=1349, FN=66; precision=0.074, recall=0.621
accuracy: (test=0.613) average_precision: (test=0.093) balanced_accuracy: (test=0.617) f1: (test=0.132) roc_auc: (test=0.667) 2.47min
[fit 54/240] END C=0.5, gamma=2.0, kernel=rbf; total=3654, TP=108, TN=2236, FP=1244, FN=66; precision=0.080, recall=0.621
accuracy: (test=0.641) average_precision: (test=0.108) balanced_accuracy: (test=0.632) f1: (test=0.142) roc_auc: (test=0.690) 2.53min
Line search fails in two-class probability estimates
[fit 55/240] END C=0.5, gamma=4.0, kernel=rbf; total=3654, TP=110, TN=2392, FP=1088, FN=64; precision=0.092, recall=0.632
accuracy: (test=0.685) average_precision: (test=0.139) balanced_accuracy: (test=0.660) f1: (test=0.160) roc_auc: (test=0.729) 2.53min
[fit 56/240] END C=0.5, gamma=8.0, kernel=rbf; total=3654, TP=118, TN=2672, FP=808, FN=56; precision=0.127, recall=0.678
accuracy: (test=0.764) average_precision: (test=0.213) balanced_accuracy: (test=0.723) f1: (test=0.215) roc_auc: (test=0.795) 2.49min
[fit 57/240] END C=0.5, gamma=16.0, kernel=rbf; total=3654, TP=124, TN=3001, FP=479, FN=50; precision=0.206, recall=0.713
accuracy: (test=0.855) average_precision: (test=0.352) balanced_accuracy: (test=0.788) f1: (test=0.319) roc_auc: (test=0.860) 2.52min
[fit 58/240] END C=0.5, gamma=32.0, kernel=rbf; total=3654, TP=129, TN=3283, FP=197, FN=45; precision=0.396, recall=0.741
accuracy: (test=0.934) average_precision: (test=0.588) balanced_accuracy: (test=0.842) f1: (test=0.516) roc_auc: (test=0.900) 2.62min
[fit 59/240] END C=0.5, gamma=64.0, kernel=rbf; total=3654, TP=123, TN=3416, FP=64, FN=51; precision=0.658, recall=0.707
accuracy: (test=0.969) average_precision: (test=0.716) balanced_accuracy: (test=0.844) f1: (test=0.681) roc_auc: (test=0.901) 3.09min
[fit 60/240] END C=0.5, gamma=128.0, kernel=rbf; total=3654, TP=119, TN=3448, FP=32, FN=55; precision=0.788, recall=0.684
accuracy: (test=0.976) average_precision: (test=0.734) balanced_accuracy: (test=0.837) f1: (test=0.732) roc_auc: (test=0.888) 3.83min
[fit 61/240] END C=0.5, gamma=256.0, kernel=rbf; total=3654, TP=112, TN=3458, FP=22, FN=62; precision=0.836, recall=0.644
accuracy: (test=0.977) average_precision: (test=0.728) balanced_accuracy: (test=0.819) f1: (test=0.727) roc_auc: (test=0.877) 4.50min
[fit 62/240] END C=0.5, gamma=512.0, kernel=rbf; total=3654, TP=93, TN=3473, FP=7, FN=81; precision=0.930, recall=0.534
accuracy: (test=0.976) average_precision: (test=0.728) balanced_accuracy: (test=0.766) f1: (test=0.679) roc_auc: (test=0.874) 5.30min
[fit 63/240] END C=0.5, gamma=1024.0, kernel=rbf; total=3654, TP=63, TN=3480, FP=0, FN=111; precision=1.000, recall=0.362
accuracy: (test=0.970) average_precision: (test=0.727) balanced_accuracy: (test=0.681) f1: (test=0.532) roc_auc: (test=0.864) 4.84min
[fit 64/240] END C=0.5, gamma=2048.0, kernel=rbf; total=3654, TP=54, TN=3480, FP=0, FN=120; precision=1.000, recall=0.310
accuracy: (test=0.967) average_precision: (test=0.694) balanced_accuracy: (test=0.655) f1: (test=0.474) roc_auc: (test=0.845) 3.69min
[fit 65/240] END C=1.0, gamma=0.0625, kernel=rbf; total=3654, TP=108, TN=1950, FP=1530, FN=66; precision=0.066, recall=0.621
accuracy: (test=0.563) average_precision: (test=0.075) balanced_accuracy: (test=0.591) f1: (test=0.119) roc_auc: (test=0.617) 2.19min
[fit 66/240] END C=1.0, gamma=0.125, kernel=rbf; total=3654, TP=104, TN=1982, FP=1498, FN=70; precision=0.065, recall=0.598
accuracy: (test=0.571) average_precision: (test=0.077) balanced_accuracy: (test=0.584) f1: (test=0.117) roc_auc: (test=0.630) 2.22min
[fit 67/240] END C=1.0, gamma=0.25, kernel=rbf; total=3654, TP=105, TN=2042, FP=1438, FN=69; precision=0.068, recall=0.603
accuracy: (test=0.588) average_precision: (test=0.082) balanced_accuracy: (test=0.595) f1: (test=0.122) roc_auc: (test=0.645) 2.31min
[fit 68/240] END C=1.0, gamma=0.5, kernel=rbf; total=3654, TP=107, TN=2083, FP=1397, FN=67; precision=0.071, recall=0.615
accuracy: (test=0.599) average_precision: (test=0.089) balanced_accuracy: (test=0.607) f1: (test=0.128) roc_auc: (test=0.661) 2.46min
[fit 69/240] END C=1.0, gamma=1.0, kernel=rbf; total=3654, TP=108, TN=2161, FP=1319, FN=66; precision=0.076, recall=0.621
accuracy: (test=0.621) average_precision: (test=0.098) balanced_accuracy: (test=0.621) f1: (test=0.135) roc_auc: (test=0.678) 2.52min
[fit 70/240] END C=1.0, gamma=2.0, kernel=rbf; total=3654, TP=106, TN=2305, FP=1175, FN=68; precision=0.083, recall=0.609
accuracy: (test=0.660) average_precision: (test=0.117) balanced_accuracy: (test=0.636) f1: (test=0.146) roc_auc: (test=0.704) 2.52min
[fit 71/240] END C=1.0, gamma=4.0, kernel=rbf; total=3654, TP=111, TN=2509, FP=971, FN=63; precision=0.103, recall=0.638
accuracy: (test=0.717) average_precision: (test=0.165) balanced_accuracy: (test=0.679) f1: (test=0.177) roc_auc: (test=0.755) 2.58min
[fit 72/240] END C=1.0, gamma=8.0, kernel=rbf; total=3654, TP=120, TN=2815, FP=665, FN=54; precision=0.153, recall=0.690
accuracy: (test=0.803) average_precision: (test=0.263) balanced_accuracy: (test=0.749) f1: (test=0.250) roc_auc: (test=0.825) 2.63min
[fit 73/240] END C=1.0, gamma=16.0, kernel=rbf; total=3654, TP=124, TN=3130, FP=350, FN=50; precision=0.262, recall=0.713
accuracy: (test=0.891) average_precision: (test=0.433) balanced_accuracy: (test=0.806) f1: (test=0.383) roc_auc: (test=0.884) 2.85min
[fit 74/240] END C=1.0, gamma=32.0, kernel=rbf; total=3654, TP=125, TN=3363, FP=117, FN=49; precision=0.517, recall=0.718
accuracy: (test=0.955) average_precision: (test=0.663) balanced_accuracy: (test=0.842) f1: (test=0.601) roc_auc: (test=0.910) 3.41min
[fit 75/240] END C=1.0, gamma=64.0, kernel=rbf; total=3654, TP=121, TN=3444, FP=36, FN=53; precision=0.771, recall=0.695
accuracy: (test=0.976) average_precision: (test=0.733) balanced_accuracy: (test=0.843) f1: (test=0.731) roc_auc: (test=0.900) 3.96min
[fit 76/240] END C=1.0, gamma=128.0, kernel=rbf; total=3654, TP=117, TN=3455, FP=25, FN=57; precision=0.824, recall=0.672
accuracy: (test=0.978) average_precision: (test=0.738) balanced_accuracy: (test=0.833) f1: (test=0.741) roc_auc: (test=0.887) 4.22min
[fit 77/240] END C=1.0, gamma=256.0, kernel=rbf; total=3654, TP=108, TN=3462, FP=18, FN=66; precision=0.857, recall=0.621
accuracy: (test=0.977) average_precision: (test=0.731) balanced_accuracy: (test=0.808) f1: (test=0.720) roc_auc: (test=0.877) 5.09min
[fit 78/240] END C=1.0, gamma=512.0, kernel=rbf; total=3654, TP=92, TN=3477, FP=3, FN=82; precision=0.968, recall=0.529
accuracy: (test=0.977) average_precision: (test=0.729) balanced_accuracy: (test=0.764) f1: (test=0.684) roc_auc: (test=0.874) 5.88min
[fit 79/240] END C=1.0, gamma=1024.0, kernel=rbf; total=3654, TP=58, TN=3480, FP=0, FN=116; precision=1.000, recall=0.333
accuracy: (test=0.968) average_precision: (test=0.728) balanced_accuracy: (test=0.667) f1: (test=0.500) roc_auc: (test=0.865) 6.33min
[fit 80/240] END C=1.0, gamma=2048.0, kernel=rbf; total=3654, TP=40, TN=3480, FP=0, FN=134; precision=1.000, recall=0.230
accuracy: (test=0.963) average_precision: (test=0.674) balanced_accuracy: (test=0.615) f1: (test=0.374) roc_auc: (test=0.835) 5.63min
Line search fails in two-class probability estimates
[fit 81/240] END C=2.0, gamma=0.0625, kernel=rbf; total=3654, TP=103, TN=1986, FP=1494, FN=71; precision=0.064, recall=0.592
accuracy: (test=0.572) average_precision: (test=0.077) balanced_accuracy: (test=0.581) f1: (test=0.116) roc_auc: (test=0.628) 2.16min
Line search fails in two-class probability estimates
[fit 82/240] END C=2.0, gamma=0.125, kernel=rbf; total=3654, TP=105, TN=2040, FP=1440, FN=69; precision=0.068, recall=0.603
accuracy: (test=0.587) average_precision: (test=0.081) balanced_accuracy: (test=0.595) f1: (test=0.122) roc_auc: (test=0.641) 2.29min
Line search fails in two-class probability estimates
[fit 83/240] END C=2.0, gamma=0.25, kernel=rbf; total=3654, TP=106, TN=2078, FP=1402, FN=68; precision=0.070, recall=0.609
accuracy: (test=0.598) average_precision: (test=0.086) balanced_accuracy: (test=0.603) f1: (test=0.126) roc_auc: (test=0.655) 2.48min
[fit 84/240] END C=2.0, gamma=0.5, kernel=rbf; total=3654, TP=109, TN=2138, FP=1342, FN=65; precision=0.075, recall=0.626
accuracy: (test=0.615) average_precision: (test=0.093) balanced_accuracy: (test=0.620) f1: (test=0.134) roc_auc: (test=0.669) 2.60min
[fit 85/240] END C=2.0, gamma=1.0, kernel=rbf; total=3654, TP=105, TN=2240, FP=1240, FN=69; precision=0.078, recall=0.603
accuracy: (test=0.642) average_precision: (test=0.105) balanced_accuracy: (test=0.624) f1: (test=0.138) roc_auc: (test=0.688) 2.57min
[fit 86/240] END C=2.0, gamma=2.0, kernel=rbf; total=3654, TP=110, TN=2367, FP=1113, FN=64; precision=0.090, recall=0.632
accuracy: (test=0.678) average_precision: (test=0.131) balanced_accuracy: (test=0.656) f1: (test=0.157) roc_auc: (test=0.723) 2.62min
[fit 87/240] END C=2.0, gamma=4.0, kernel=rbf; total=3654, TP=115, TN=2626, FP=854, FN=59; precision=0.119, recall=0.661
accuracy: (test=0.750) average_precision: (test=0.197) balanced_accuracy: (test=0.708) f1: (test=0.201) roc_auc: (test=0.783) 2.66min
[fit 88/240] END C=2.0, gamma=8.0, kernel=rbf; total=3654, TP=123, TN=2941, FP=539, FN=51; precision=0.186, recall=0.707
accuracy: (test=0.839) average_precision: (test=0.331) balanced_accuracy: (test=0.776) f1: (test=0.294) roc_auc: (test=0.853) 2.96min
[fit 89/240] END C=2.0, gamma=16.0, kernel=rbf; total=3654, TP=124, TN=3246, FP=234, FN=50; precision=0.346, recall=0.713
accuracy: (test=0.922) average_precision: (test=0.530) balanced_accuracy: (test=0.823) f1: (test=0.466) roc_auc: (test=0.901) 3.64min
[fit 90/240] END C=2.0, gamma=32.0, kernel=rbf; total=3654, TP=120, TN=3404, FP=76, FN=54; precision=0.612, recall=0.690
accuracy: (test=0.964) average_precision: (test=0.700) balanced_accuracy: (test=0.834) f1: (test=0.649) roc_auc: (test=0.913) 4.77min
[fit 91/240] END C=2.0, gamma=64.0, kernel=rbf; total=3654, TP=117, TN=3451, FP=29, FN=57; precision=0.801, recall=0.672
accuracy: (test=0.976) average_precision: (test=0.737) balanced_accuracy: (test=0.832) f1: (test=0.731) roc_auc: (test=0.897) 4.81min
[fit 92/240] END C=2.0, gamma=128.0, kernel=rbf; total=3654, TP=115, TN=3456, FP=24, FN=59; precision=0.827, recall=0.661
accuracy: (test=0.977) average_precision: (test=0.741) balanced_accuracy: (test=0.827) f1: (test=0.735) roc_auc: (test=0.887) 4.42min
[fit 93/240] END C=2.0, gamma=256.0, kernel=rbf; total=3654, TP=108, TN=3463, FP=17, FN=66; precision=0.864, recall=0.621
accuracy: (test=0.977) average_precision: (test=0.732) balanced_accuracy: (test=0.808) f1: (test=0.722) roc_auc: (test=0.878) 5.20min
[fit 94/240] END C=2.0, gamma=512.0, kernel=rbf; total=3654, TP=92, TN=3477, FP=3, FN=82; precision=0.968, recall=0.529
accuracy: (test=0.977) average_precision: (test=0.729) balanced_accuracy: (test=0.764) f1: (test=0.684) roc_auc: (test=0.875) 6.03min
[fit 95/240] END C=2.0, gamma=1024.0, kernel=rbf; total=3654, TP=58, TN=3480, FP=0, FN=116; precision=1.000, recall=0.333
accuracy: (test=0.968) average_precision: (test=0.728) balanced_accuracy: (test=0.667) f1: (test=0.500) roc_auc: (test=0.865) 6.59min
[fit 96/240] END C=2.0, gamma=2048.0, kernel=rbf; total=3654, TP=39, TN=3480, FP=0, FN=135; precision=1.000, recall=0.224
accuracy: (test=0.963) average_precision: (test=0.679) balanced_accuracy: (test=0.612) f1: (test=0.366) roc_auc: (test=0.839) 5.92min
[fit 97/240] END C=4.0, gamma=0.0625, kernel=rbf; total=3654, TP=105, TN=2039, FP=1441, FN=69; precision=0.068, recall=0.603
accuracy: (test=0.587) average_precision: (test=0.080) balanced_accuracy: (test=0.595) f1: (test=0.122) roc_auc: (test=0.639) 2.29min
[fit 98/240] END C=4.0, gamma=0.125, kernel=rbf; total=3654, TP=105, TN=2067, FP=1413, FN=69; precision=0.069, recall=0.603
accuracy: (test=0.594) average_precision: (test=0.084) balanced_accuracy: (test=0.599) f1: (test=0.124) roc_auc: (test=0.650) 2.48min
[fit 99/240] END C=4.0, gamma=0.25, kernel=rbf; total=3654, TP=109, TN=2132, FP=1348, FN=65; precision=0.075, recall=0.626
accuracy: (test=0.613) average_precision: (test=0.089) balanced_accuracy: (test=0.620) f1: (test=0.134) roc_auc: (test=0.662) 2.64min
[fit 100/240] END C=4.0, gamma=0.5, kernel=rbf; total=3654, TP=104, TN=2184, FP=1296, FN=70; precision=0.074, recall=0.598
accuracy: (test=0.626) average_precision: (test=0.097) balanced_accuracy: (test=0.613) f1: (test=0.132) roc_auc: (test=0.677) 2.61min
[fit 101/240] END C=4.0, gamma=1.0, kernel=rbf; total=3654, TP=110, TN=2289, FP=1191, FN=64; precision=0.085, recall=0.632
accuracy: (test=0.657) average_precision: (test=0.112) balanced_accuracy: (test=0.645) f1: (test=0.149) roc_auc: (test=0.700) 2.59min
[fit 102/240] END C=4.0, gamma=2.0, kernel=rbf; total=3654, TP=113, TN=2489, FP=991, FN=61; precision=0.102, recall=0.649
accuracy: (test=0.712) average_precision: (test=0.156) balanced_accuracy: (test=0.682) f1: (test=0.177) roc_auc: (test=0.745) 2.69min
[fit 103/240] END C=4.0, gamma=4.0, kernel=rbf; total=3654, TP=120, TN=2771, FP=709, FN=54; precision=0.145, recall=0.690
accuracy: (test=0.791) average_precision: (test=0.239) balanced_accuracy: (test=0.743) f1: (test=0.239) roc_auc: (test=0.813) 2.83min
Line search fails in two-class probability estimates
[fit 104/240] END C=4.0, gamma=8.0, kernel=rbf; total=3654, TP=124, TN=3078, FP=402, FN=50; precision=0.236, recall=0.713
accuracy: (test=0.876) average_precision: (test=0.397) balanced_accuracy: (test=0.799) f1: (test=0.354) roc_auc: (test=0.876) 3.69min
[fit 105/240] END C=4.0, gamma=16.0, kernel=rbf; total=3654, TP=121, TN=3331, FP=149, FN=53; precision=0.448, recall=0.695
accuracy: (test=0.945) average_precision: (test=0.614) balanced_accuracy: (test=0.826) f1: (test=0.545) roc_auc: (test=0.913) 5.21min
[fit 106/240] END C=4.0, gamma=32.0, kernel=rbf; total=3654, TP=118, TN=3433, FP=47, FN=56; precision=0.715, recall=0.678
accuracy: (test=0.972) average_precision: (test=0.720) balanced_accuracy: (test=0.832) f1: (test=0.696) roc_auc: (test=0.911) 6.52min
[fit 107/240] END C=4.0, gamma=64.0, kernel=rbf; total=3654, TP=112, TN=3455, FP=25, FN=62; precision=0.818, recall=0.644
accuracy: (test=0.976) average_precision: (test=0.738) balanced_accuracy: (test=0.818) f1: (test=0.720) roc_auc: (test=0.895) 5.09min
[fit 108/240] END C=4.0, gamma=128.0, kernel=rbf; total=3654, TP=115, TN=3457, FP=23, FN=59; precision=0.833, recall=0.661
accuracy: (test=0.978) average_precision: (test=0.741) balanced_accuracy: (test=0.827) f1: (test=0.737) roc_auc: (test=0.887) 4.30min
[fit 109/240] END C=4.0, gamma=256.0, kernel=rbf; total=3654, TP=108, TN=3463, FP=17, FN=66; precision=0.864, recall=0.621
accuracy: (test=0.977) average_precision: (test=0.732) balanced_accuracy: (test=0.808) f1: (test=0.722) roc_auc: (test=0.878) 5.10min
[fit 110/240] END C=4.0, gamma=512.0, kernel=rbf; total=3654, TP=92, TN=3477, FP=3, FN=82; precision=0.968, recall=0.529
accuracy: (test=0.977) average_precision: (test=0.729) balanced_accuracy: (test=0.764) f1: (test=0.684) roc_auc: (test=0.875) 5.93min
[fit 111/240] END C=4.0, gamma=1024.0, kernel=rbf; total=3654, TP=58, TN=3480, FP=0, FN=116; precision=1.000, recall=0.333
accuracy: (test=0.968) average_precision: (test=0.728) balanced_accuracy: (test=0.667) f1: (test=0.500) roc_auc: (test=0.865) 6.52min
[fit 112/240] END C=4.0, gamma=2048.0, kernel=rbf; total=3654, TP=39, TN=3480, FP=0, FN=135; precision=1.000, recall=0.224
accuracy: (test=0.963) average_precision: (test=0.679) balanced_accuracy: (test=0.612) f1: (test=0.366) roc_auc: (test=0.839) 5.83min
Line search fails in two-class probability estimates
[fit 113/240] END C=8.0, gamma=0.0625, kernel=rbf; total=3654, TP=105, TN=2055, FP=1425, FN=69; precision=0.069, recall=0.603
accuracy: (test=0.591) average_precision: (test=0.083) balanced_accuracy: (test=0.597) f1: (test=0.123) roc_auc: (test=0.647) 2.43min
[fit 114/240] END C=8.0, gamma=0.125, kernel=rbf; total=3654, TP=108, TN=2114, FP=1366, FN=66; precision=0.073, recall=0.621
accuracy: (test=0.608) average_precision: (test=0.087) balanced_accuracy: (test=0.614) f1: (test=0.131) roc_auc: (test=0.656) 2.61min
[fit 115/240] END C=8.0, gamma=0.25, kernel=rbf; total=3654, TP=105, TN=2148, FP=1332, FN=69; precision=0.073, recall=0.603
accuracy: (test=0.617) average_precision: (test=0.091) balanced_accuracy: (test=0.610) f1: (test=0.130) roc_auc: (test=0.668) 2.59min
[fit 116/240] END C=8.0, gamma=0.5, kernel=rbf; total=3654, TP=106, TN=2229, FP=1251, FN=68; precision=0.078, recall=0.609
accuracy: (test=0.639) average_precision: (test=0.102) balanced_accuracy: (test=0.625) f1: (test=0.138) roc_auc: (test=0.686) 2.52min
Line search fails in two-class probability estimates
[fit 117/240] END C=8.0, gamma=1.0, kernel=rbf; total=3654, TP=112, TN=2354, FP=1126, FN=62; precision=0.090, recall=0.644
accuracy: (test=0.675) average_precision: (test=0.124) balanced_accuracy: (test=0.660) f1: (test=0.159) roc_auc: (test=0.715) 2.60min
[fit 118/240] END C=8.0, gamma=2.0, kernel=rbf; total=3654, TP=115, TN=2593, FP=887, FN=59; precision=0.115, recall=0.661
accuracy: (test=0.741) average_precision: (test=0.186) balanced_accuracy: (test=0.703) f1: (test=0.196) roc_auc: (test=0.772) 2.81min
[fit 119/240] END C=8.0, gamma=4.0, kernel=rbf; total=3654, TP=124, TN=2913, FP=567, FN=50; precision=0.179, recall=0.713
accuracy: (test=0.831) average_precision: (test=0.296) balanced_accuracy: (test=0.775) f1: (test=0.287) roc_auc: (test=0.840) 3.33min
[fit 120/240] END C=8.0, gamma=8.0, kernel=rbf; total=3654, TP=123, TN=3193, FP=287, FN=51; precision=0.300, recall=0.707
accuracy: (test=0.907) average_precision: (test=0.471) balanced_accuracy: (test=0.812) f1: (test=0.421) roc_auc: (test=0.895) 4.92min
[fit 121/240] END C=8.0, gamma=16.0, kernel=rbf; total=3654, TP=121, TN=3379, FP=101, FN=53; precision=0.545, recall=0.695
accuracy: (test=0.958) average_precision: (test=0.662) balanced_accuracy: (test=0.833) f1: (test=0.611) roc_auc: (test=0.920) 7.68min
[fit 122/240] END C=8.0, gamma=32.0, kernel=rbf; total=3654, TP=114, TN=3444, FP=36, FN=60; precision=0.760, recall=0.655
accuracy: (test=0.974) average_precision: (test=0.725) balanced_accuracy: (test=0.822) f1: (test=0.704) roc_auc: (test=0.909) 7.95min
[fit 123/240] END C=8.0, gamma=64.0, kernel=rbf; total=3654, TP=111, TN=3456, FP=24, FN=63; precision=0.822, recall=0.638
accuracy: (test=0.976) average_precision: (test=0.738) balanced_accuracy: (test=0.816) f1: (test=0.718) roc_auc: (test=0.895) 5.08min
[fit 124/240] END C=8.0, gamma=128.0, kernel=rbf; total=3654, TP=115, TN=3457, FP=23, FN=59; precision=0.833, recall=0.661
accuracy: (test=0.978) average_precision: (test=0.741) balanced_accuracy: (test=0.827) f1: (test=0.737) roc_auc: (test=0.887) 4.32min
[fit 125/240] END C=8.0, gamma=256.0, kernel=rbf; total=3654, TP=108, TN=3463, FP=17, FN=66; precision=0.864, recall=0.621
accuracy: (test=0.977) average_precision: (test=0.732) balanced_accuracy: (test=0.808) f1: (test=0.722) roc_auc: (test=0.878) 5.11min
[fit 126/240] END C=8.0, gamma=512.0, kernel=rbf; total=3654, TP=92, TN=3477, FP=3, FN=82; precision=0.968, recall=0.529
accuracy: (test=0.977) average_precision: (test=0.729) balanced_accuracy: (test=0.764) f1: (test=0.684) roc_auc: (test=0.875) 5.95min
[fit 127/240] END C=8.0, gamma=1024.0, kernel=rbf; total=3654, TP=58, TN=3480, FP=0, FN=116; precision=1.000, recall=0.333
accuracy: (test=0.968) average_precision: (test=0.728) balanced_accuracy: (test=0.667) f1: (test=0.500) roc_auc: (test=0.865) 6.53min
[fit 128/240] END C=8.0, gamma=2048.0, kernel=rbf; total=3654, TP=39, TN=3480, FP=0, FN=135; precision=1.000, recall=0.224
accuracy: (test=0.963) average_precision: (test=0.679) balanced_accuracy: (test=0.612) f1: (test=0.366) roc_auc: (test=0.839) 5.85min
[fit 129/240] END C=16.0, gamma=0.0625, kernel=rbf; total=3654, TP=107, TN=2112, FP=1368, FN=67; precision=0.073, recall=0.615
accuracy: (test=0.607) average_precision: (test=0.085) balanced_accuracy: (test=0.611) f1: (test=0.130) roc_auc: (test=0.653) 2.58min
[fit 130/240] END C=16.0, gamma=0.125, kernel=rbf; total=3654, TP=105, TN=2133, FP=1347, FN=69; precision=0.072, recall=0.603
accuracy: (test=0.612) average_precision: (test=0.089) balanced_accuracy: (test=0.608) f1: (test=0.129) roc_auc: (test=0.661) 2.61min
[fit 131/240] END C=16.0, gamma=0.25, kernel=rbf; total=3654, TP=102, TN=2182, FP=1298, FN=72; precision=0.073, recall=0.586
accuracy: (test=0.625) average_precision: (test=0.095) balanced_accuracy: (test=0.607) f1: (test=0.130) roc_auc: (test=0.674) 2.55min
[fit 132/240] END C=16.0, gamma=0.5, kernel=rbf; total=3654, TP=110, TN=2277, FP=1203, FN=64; precision=0.084, recall=0.632
accuracy: (test=0.653) average_precision: (test=0.109) balanced_accuracy: (test=0.643) f1: (test=0.148) roc_auc: (test=0.696) 2.62min
Line search fails in two-class probability estimates
[fit 133/240] END C=16.0, gamma=1.0, kernel=rbf; total=3654, TP=112, TN=2459, FP=1021, FN=62; precision=0.099, recall=0.644
accuracy: (test=0.704) average_precision: (test=0.147) balanced_accuracy: (test=0.675) f1: (test=0.171) roc_auc: (test=0.737) 2.83min
[fit 134/240] END C=16.0, gamma=2.0, kernel=rbf; total=3654, TP=118, TN=2726, FP=754, FN=56; precision=0.135, recall=0.678
accuracy: (test=0.778) average_precision: (test=0.221) balanced_accuracy: (test=0.731) f1: (test=0.226) roc_auc: (test=0.800) 3.13min
[fit 135/240] END C=16.0, gamma=4.0, kernel=rbf; total=3654, TP=127, TN=3018, FP=462, FN=47; precision=0.216, recall=0.730
accuracy: (test=0.861) average_precision: (test=0.365) balanced_accuracy: (test=0.799) f1: (test=0.333) roc_auc: (test=0.864) 4.53min
[fit 136/240] END C=16.0, gamma=8.0, kernel=rbf; total=3654, TP=124, TN=3287, FP=193, FN=50; precision=0.391, recall=0.713
accuracy: (test=0.933) average_precision: (test=0.549) balanced_accuracy: (test=0.829) f1: (test=0.505) roc_auc: (test=0.907) 7.28min
[fit 137/240] END C=16.0, gamma=16.0, kernel=rbf; total=3654, TP=117, TN=3407, FP=73, FN=57; precision=0.616, recall=0.672
accuracy: (test=0.964) average_precision: (test=0.686) balanced_accuracy: (test=0.826) f1: (test=0.643) roc_auc: (test=0.923) 11.02min
[fit 138/240] END C=16.0, gamma=32.0, kernel=rbf; total=3654, TP=114, TN=3443, FP=37, FN=60; precision=0.755, recall=0.655
accuracy: (test=0.973) average_precision: (test=0.723) balanced_accuracy: (test=0.822) f1: (test=0.702) roc_auc: (test=0.905) 8.84min
[fit 139/240] END C=16.0, gamma=64.0, kernel=rbf; total=3654, TP=111, TN=3456, FP=24, FN=63; precision=0.822, recall=0.638
accuracy: (test=0.976) average_precision: (test=0.738) balanced_accuracy: (test=0.816) f1: (test=0.718) roc_auc: (test=0.895) 5.15min
[fit 140/240] END C=16.0, gamma=128.0, kernel=rbf; total=3654, TP=115, TN=3457, FP=23, FN=59; precision=0.833, recall=0.661
accuracy: (test=0.978) average_precision: (test=0.741) balanced_accuracy: (test=0.827) f1: (test=0.737) roc_auc: (test=0.887) 4.31min
[fit 141/240] END C=16.0, gamma=256.0, kernel=rbf; total=3654, TP=108, TN=3463, FP=17, FN=66; precision=0.864, recall=0.621
accuracy: (test=0.977) average_precision: (test=0.732) balanced_accuracy: (test=0.808) f1: (test=0.722) roc_auc: (test=0.878) 5.09min
[fit 142/240] END C=16.0, gamma=512.0, kernel=rbf; total=3654, TP=92, TN=3477, FP=3, FN=82; precision=0.968, recall=0.529
accuracy: (test=0.977) average_precision: (test=0.729) balanced_accuracy: (test=0.764) f1: (test=0.684) roc_auc: (test=0.875) 5.92min
[fit 143/240] END C=16.0, gamma=1024.0, kernel=rbf; total=3654, TP=58, TN=3480, FP=0, FN=116; precision=1.000, recall=0.333
accuracy: (test=0.968) average_precision: (test=0.728) balanced_accuracy: (test=0.667) f1: (test=0.500) roc_auc: (test=0.865) 6.51min
[fit 144/240] END C=16.0, gamma=2048.0, kernel=rbf; total=3654, TP=39, TN=3480, FP=0, FN=135; precision=1.000, recall=0.224
accuracy: (test=0.963) average_precision: (test=0.679) balanced_accuracy: (test=0.612) f1: (test=0.366) roc_auc: (test=0.839) 5.82min
[fit 145/240] END C=32.0, gamma=0.0625, kernel=rbf; total=3654, TP=108, TN=2129, FP=1351, FN=66; precision=0.074, recall=0.621
accuracy: (test=0.612) average_precision: (test=0.086) balanced_accuracy: (test=0.616) f1: (test=0.132) roc_auc: (test=0.656) 2.49min
[fit 146/240] END C=32.0, gamma=0.125, kernel=rbf; total=3654, TP=104, TN=2149, FP=1331, FN=70; precision=0.072, recall=0.598
accuracy: (test=0.617) average_precision: (test=0.090) balanced_accuracy: (test=0.608) f1: (test=0.129) roc_auc: (test=0.666) 2.54min
[fit 147/240] END C=32.0, gamma=0.25, kernel=rbf; total=3654, TP=104, TN=2233, FP=1247, FN=70; precision=0.077, recall=0.598
accuracy: (test=0.640) average_precision: (test=0.101) balanced_accuracy: (test=0.620) f1: (test=0.136) roc_auc: (test=0.684) 2.63min
Line search fails in two-class probability estimates
[fit 148/240] END C=32.0, gamma=0.5, kernel=rbf; total=3654, TP=112, TN=2347, FP=1133, FN=62; precision=0.090, recall=0.644
accuracy: (test=0.673) average_precision: (test=0.120) balanced_accuracy: (test=0.659) f1: (test=0.158) roc_auc: (test=0.711) 2.79min
[fit 149/240] END C=32.0, gamma=1.0, kernel=rbf; total=3654, TP=112, TN=2560, FP=920, FN=62; precision=0.109, recall=0.644
accuracy: (test=0.731) average_precision: (test=0.175) balanced_accuracy: (test=0.690) f1: (test=0.186) roc_auc: (test=0.762) 3.15min
[fit 150/240] END C=32.0, gamma=2.0, kernel=rbf; total=3654, TP=121, TN=2860, FP=620, FN=53; precision=0.163, recall=0.695
accuracy: (test=0.816) average_precision: (test=0.270) balanced_accuracy: (test=0.759) f1: (test=0.264) roc_auc: (test=0.828) 3.83min
[fit 151/240] END C=32.0, gamma=4.0, kernel=rbf; total=3654, TP=127, TN=3136, FP=344, FN=47; precision=0.270, recall=0.730
accuracy: (test=0.893) average_precision: (test=0.429) balanced_accuracy: (test=0.816) f1: (test=0.394) roc_auc: (test=0.883) 6.36min
[fit 152/240] END C=32.0, gamma=8.0, kernel=rbf; total=3654, TP=122, TN=3337, FP=143, FN=52; precision=0.460, recall=0.701
accuracy: (test=0.947) average_precision: (test=0.607) balanced_accuracy: (test=0.830) f1: (test=0.556) roc_auc: (test=0.916) 11.29min
[fit 153/240] END C=32.0, gamma=16.0, kernel=rbf; total=3654, TP=114, TN=3418, FP=62, FN=60; precision=0.648, recall=0.655
accuracy: (test=0.967) average_precision: (test=0.698) balanced_accuracy: (test=0.819) f1: (test=0.651) roc_auc: (test=0.922) 14.58min
[fit 154/240] END C=32.0, gamma=32.0, kernel=rbf; total=3654, TP=110, TN=3438, FP=42, FN=64; precision=0.724, recall=0.632
accuracy: (test=0.971) average_precision: (test=0.719) balanced_accuracy: (test=0.810) f1: (test=0.675) roc_auc: (test=0.905) 8.81min
[fit 155/240] END C=32.0, gamma=64.0, kernel=rbf; total=3654, TP=111, TN=3456, FP=24, FN=63; precision=0.822, recall=0.638
accuracy: (test=0.976) average_precision: (test=0.738) balanced_accuracy: (test=0.816) f1: (test=0.718) roc_auc: (test=0.895) 5.16min
[fit 156/240] END C=32.0, gamma=128.0, kernel=rbf; total=3654, TP=115, TN=3457, FP=23, FN=59; precision=0.833, recall=0.661
accuracy: (test=0.978) average_precision: (test=0.741) balanced_accuracy: (test=0.827) f1: (test=0.737) roc_auc: (test=0.887) 4.31min
[fit 157/240] END C=32.0, gamma=256.0, kernel=rbf; total=3654, TP=108, TN=3463, FP=17, FN=66; precision=0.864, recall=0.621
accuracy: (test=0.977) average_precision: (test=0.732) balanced_accuracy: (test=0.808) f1: (test=0.722) roc_auc: (test=0.878) 5.09min
[fit 158/240] END C=32.0, gamma=512.0, kernel=rbf; total=3654, TP=92, TN=3477, FP=3, FN=82; precision=0.968, recall=0.529
accuracy: (test=0.977) average_precision: (test=0.729) balanced_accuracy: (test=0.764) f1: (test=0.684) roc_auc: (test=0.875) 5.94min
[fit 159/240] END C=32.0, gamma=1024.0, kernel=rbf; total=3654, TP=58, TN=3480, FP=0, FN=116; precision=1.000, recall=0.333
accuracy: (test=0.968) average_precision: (test=0.728) balanced_accuracy: (test=0.667) f1: (test=0.500) roc_auc: (test=0.865) 6.53min
[fit 160/240] END C=32.0, gamma=2048.0, kernel=rbf; total=3654, TP=39, TN=3480, FP=0, FN=135; precision=1.000, recall=0.224
accuracy: (test=0.963) average_precision: (test=0.679) balanced_accuracy: (test=0.612) f1: (test=0.366) roc_auc: (test=0.839) 5.83min
[fit 161/240] END C=64.0, gamma=0.0625, kernel=rbf; total=3654, TP=105, TN=2128, FP=1352, FN=69; precision=0.072, recall=0.603
accuracy: (test=0.611) average_precision: (test=0.087) balanced_accuracy: (test=0.607) f1: (test=0.129) roc_auc: (test=0.660) 2.52min
[fit 162/240] END C=64.0, gamma=0.125, kernel=rbf; total=3654, TP=102, TN=2192, FP=1288, FN=72; precision=0.073, recall=0.586
accuracy: (test=0.628) average_precision: (test=0.094) balanced_accuracy: (test=0.608) f1: (test=0.130) roc_auc: (test=0.672) 2.64min
[fit 163/240] END C=64.0, gamma=0.25, kernel=rbf; total=3654, TP=109, TN=2278, FP=1202, FN=65; precision=0.083, recall=0.626
accuracy: (test=0.653) average_precision: (test=0.107) balanced_accuracy: (test=0.641) f1: (test=0.147) roc_auc: (test=0.694) 2.82min
[fit 164/240] END C=64.0, gamma=0.5, kernel=rbf; total=3654, TP=112, TN=2450, FP=1030, FN=62; precision=0.098, recall=0.644
accuracy: (test=0.701) average_precision: (test=0.138) balanced_accuracy: (test=0.674) f1: (test=0.170) roc_auc: (test=0.730) 3.16min
[fit 165/240] END C=64.0, gamma=1.0, kernel=rbf; total=3654, TP=115, TN=2681, FP=799, FN=59; precision=0.126, recall=0.661
accuracy: (test=0.765) average_precision: (test=0.206) balanced_accuracy: (test=0.716) f1: (test=0.211) roc_auc: (test=0.791) 3.69min
[fit 166/240] END C=64.0, gamma=2.0, kernel=rbf; total=3654, TP=127, TN=2961, FP=519, FN=47; precision=0.197, recall=0.730
accuracy: (test=0.845) average_precision: (test=0.329) balanced_accuracy: (test=0.790) f1: (test=0.310) roc_auc: (test=0.852) 5.59min
[fit 167/240] END C=64.0, gamma=4.0, kernel=rbf; total=3654, TP=127, TN=3232, FP=248, FN=47; precision=0.339, recall=0.730
accuracy: (test=0.919) average_precision: (test=0.492) balanced_accuracy: (test=0.829) f1: (test=0.463) roc_auc: (test=0.900) 9.71min
[fit 168/240] END C=64.0, gamma=8.0, kernel=rbf; total=3654, TP=120, TN=3369, FP=111, FN=54; precision=0.519, recall=0.690
accuracy: (test=0.955) average_precision: (test=0.642) balanced_accuracy: (test=0.829) f1: (test=0.593) roc_auc: (test=0.923) 17.16min
[fit 169/240] END C=64.0, gamma=16.0, kernel=rbf; total=3654, TP=110, TN=3412, FP=68, FN=64; precision=0.618, recall=0.632
accuracy: (test=0.964) average_precision: (test=0.696) balanced_accuracy: (test=0.806) f1: (test=0.625) roc_auc: (test=0.917) 16.54min
[fit 170/240] END C=64.0, gamma=32.0, kernel=rbf; total=3654, TP=110, TN=3437, FP=43, FN=64; precision=0.719, recall=0.632
accuracy: (test=0.971) average_precision: (test=0.719) balanced_accuracy: (test=0.810) f1: (test=0.673) roc_auc: (test=0.905) 8.76min
[fit 171/240] END C=64.0, gamma=64.0, kernel=rbf; total=3654, TP=111, TN=3456, FP=24, FN=63; precision=0.822, recall=0.638
accuracy: (test=0.976) average_precision: (test=0.738) balanced_accuracy: (test=0.816) f1: (test=0.718) roc_auc: (test=0.895) 5.16min
[fit 172/240] END C=64.0, gamma=128.0, kernel=rbf; total=3654, TP=115, TN=3457, FP=23, FN=59; precision=0.833, recall=0.661
accuracy: (test=0.978) average_precision: (test=0.741) balanced_accuracy: (test=0.827) f1: (test=0.737) roc_auc: (test=0.887) 4.31min
[fit 173/240] END C=64.0, gamma=256.0, kernel=rbf; total=3654, TP=108, TN=3463, FP=17, FN=66; precision=0.864, recall=0.621
accuracy: (test=0.977) average_precision: (test=0.732) balanced_accuracy: (test=0.808) f1: (test=0.722) roc_auc: (test=0.878) 5.09min
[fit 174/240] END C=64.0, gamma=512.0, kernel=rbf; total=3654, TP=92, TN=3477, FP=3, FN=82; precision=0.968, recall=0.529
accuracy: (test=0.977) average_precision: (test=0.729) balanced_accuracy: (test=0.764) f1: (test=0.684) roc_auc: (test=0.875) 5.94min
[fit 175/240] END C=64.0, gamma=1024.0, kernel=rbf; total=3654, TP=58, TN=3480, FP=0, FN=116; precision=1.000, recall=0.333
accuracy: (test=0.968) average_precision: (test=0.728) balanced_accuracy: (test=0.667) f1: (test=0.500) roc_auc: (test=0.865) 6.53min
[fit 176/240] END C=64.0, gamma=2048.0, kernel=rbf; total=3654, TP=39, TN=3480, FP=0, FN=135; precision=1.000, recall=0.224
accuracy: (test=0.963) average_precision: (test=0.679) balanced_accuracy: (test=0.612) f1: (test=0.366) roc_auc: (test=0.839) 5.83min
[fit 177/240] END C=128.0, gamma=0.0625, kernel=rbf; total=3654, TP=103, TN=2154, FP=1326, FN=71; precision=0.072, recall=0.592
accuracy: (test=0.618) average_precision: (test=0.090) balanced_accuracy: (test=0.605) f1: (test=0.129) roc_auc: (test=0.664) 2.63min
[fit 178/240] END C=128.0, gamma=0.125, kernel=rbf; total=3654, TP=105, TN=2227, FP=1253, FN=69; precision=0.077, recall=0.603
accuracy: (test=0.638) average_precision: (test=0.100) balanced_accuracy: (test=0.622) f1: (test=0.137) roc_auc: (test=0.683) 2.82min
[fit 179/240] END C=128.0, gamma=0.25, kernel=rbf; total=3654, TP=111, TN=2334, FP=1146, FN=63; precision=0.088, recall=0.638
accuracy: (test=0.669) average_precision: (test=0.118) balanced_accuracy: (test=0.654) f1: (test=0.155) roc_auc: (test=0.708) 3.18min
[fit 180/240] END C=128.0, gamma=0.5, kernel=rbf; total=3654, TP=111, TN=2534, FP=946, FN=63; precision=0.105, recall=0.638
accuracy: (test=0.724) average_precision: (test=0.161) balanced_accuracy: (test=0.683) f1: (test=0.180) roc_auc: (test=0.753) 3.67min
Line search fails in two-class probability estimates
[fit 181/240] END C=128.0, gamma=1.0, kernel=rbf; total=3654, TP=120, TN=2807, FP=673, FN=54; precision=0.151, recall=0.690
accuracy: (test=0.801) average_precision: (test=0.249) balanced_accuracy: (test=0.748) f1: (test=0.248) roc_auc: (test=0.818) 4.70min
Line search fails in two-class probability estimates
[fit 182/240] END C=128.0, gamma=2.0, kernel=rbf; total=3654, TP=130, TN=3073, FP=407, FN=44; precision=0.242, recall=0.747
accuracy: (test=0.877) average_precision: (test=0.390) balanced_accuracy: (test=0.815) f1: (test=0.366) roc_auc: (test=0.872) 8.39min
[fit 183/240] END C=128.0, gamma=4.0, kernel=rbf; total=3654, TP=126, TN=3288, FP=192, FN=48; precision=0.396, recall=0.724
accuracy: (test=0.934) average_precision: (test=0.552) balanced_accuracy: (test=0.834) f1: (test=0.512) roc_auc: (test=0.911) 15.49min
[fit 184/240] END C=128.0, gamma=8.0, kernel=rbf; total=3654, TP=113, TN=3390, FP=90, FN=61; precision=0.557, recall=0.649
accuracy: (test=0.959) average_precision: (test=0.653) balanced_accuracy: (test=0.812) f1: (test=0.599) roc_auc: (test=0.926) 24.06min
[fit 185/240] END C=128.0, gamma=16.0, kernel=rbf; total=3654, TP=107, TN=3418, FP=62, FN=67; precision=0.633, recall=0.615
accuracy: (test=0.965) average_precision: (test=0.690) balanced_accuracy: (test=0.799) f1: (test=0.624) roc_auc: (test=0.914) 17.20min
[fit 186/240] END C=128.0, gamma=32.0, kernel=rbf; total=3654, TP=110, TN=3437, FP=43, FN=64; precision=0.719, recall=0.632
accuracy: (test=0.971) average_precision: (test=0.719) balanced_accuracy: (test=0.810) f1: (test=0.673) roc_auc: (test=0.905) 8.75min
[fit 187/240] END C=128.0, gamma=64.0, kernel=rbf; total=3654, TP=111, TN=3456, FP=24, FN=63; precision=0.822, recall=0.638
accuracy: (test=0.976) average_precision: (test=0.738) balanced_accuracy: (test=0.816) f1: (test=0.718) roc_auc: (test=0.895) 5.16min
[fit 188/240] END C=128.0, gamma=128.0, kernel=rbf; total=3654, TP=115, TN=3457, FP=23, FN=59; precision=0.833, recall=0.661
accuracy: (test=0.978) average_precision: (test=0.741) balanced_accuracy: (test=0.827) f1: (test=0.737) roc_auc: (test=0.887) 4.31min
[fit 189/240] END C=128.0, gamma=256.0, kernel=rbf; total=3654, TP=108, TN=3463, FP=17, FN=66; precision=0.864, recall=0.621
accuracy: (test=0.977) average_precision: (test=0.732) balanced_accuracy: (test=0.808) f1: (test=0.722) roc_auc: (test=0.878) 5.08min
[fit 190/240] END C=128.0, gamma=512.0, kernel=rbf; total=3654, TP=92, TN=3477, FP=3, FN=82; precision=0.968, recall=0.529
accuracy: (test=0.977) average_precision: (test=0.729) balanced_accuracy: (test=0.764) f1: (test=0.684) roc_auc: (test=0.875) 5.94min
[fit 191/240] END C=128.0, gamma=1024.0, kernel=rbf; total=3654, TP=58, TN=3480, FP=0, FN=116; precision=1.000, recall=0.333
accuracy: (test=0.968) average_precision: (test=0.728) balanced_accuracy: (test=0.667) f1: (test=0.500) roc_auc: (test=0.865) 6.53min
[fit 192/240] END C=128.0, gamma=2048.0, kernel=rbf; total=3654, TP=39, TN=3480, FP=0, FN=135; precision=1.000, recall=0.224
accuracy: (test=0.963) average_precision: (test=0.679) balanced_accuracy: (test=0.612) f1: (test=0.366) roc_auc: (test=0.839) 5.81min
[fit 193/240] END C=256.0, gamma=0.0625, kernel=rbf; total=3654, TP=101, TN=2188, FP=1292, FN=73; precision=0.073, recall=0.580
accuracy: (test=0.626) average_precision: (test=0.093) balanced_accuracy: (test=0.605) f1: (test=0.129) roc_auc: (test=0.672) 2.84min
[fit 194/240] END C=256.0, gamma=0.125, kernel=rbf; total=3654, TP=111, TN=2277, FP=1203, FN=63; precision=0.084, recall=0.638
accuracy: (test=0.654) average_precision: (test=0.106) balanced_accuracy: (test=0.646) f1: (test=0.149) roc_auc: (test=0.693) 3.20min
[fit 195/240] END C=256.0, gamma=0.25, kernel=rbf; total=3654, TP=112, TN=2431, FP=1049, FN=62; precision=0.096, recall=0.644
accuracy: (test=0.696) average_precision: (test=0.133) balanced_accuracy: (test=0.671) f1: (test=0.168) roc_auc: (test=0.726) 3.71min
[fit 196/240] END C=256.0, gamma=0.5, kernel=rbf; total=3654, TP=112, TN=2639, FP=841, FN=62; precision=0.118, recall=0.644
accuracy: (test=0.753) average_precision: (test=0.191) balanced_accuracy: (test=0.701) f1: (test=0.199) roc_auc: (test=0.781) 4.53min
[fit 197/240] END C=256.0, gamma=1.0, kernel=rbf; total=3654, TP=126, TN=2914, FP=566, FN=48; precision=0.182, recall=0.724
accuracy: (test=0.832) average_precision: (test=0.302) balanced_accuracy: (test=0.781) f1: (test=0.291) roc_auc: (test=0.842) 6.76min
[fit 198/240] END C=256.0, gamma=2.0, kernel=rbf; total=3654, TP=130, TN=3165, FP=315, FN=44; precision=0.292, recall=0.747
accuracy: (test=0.902) average_precision: (test=0.452) balanced_accuracy: (test=0.828) f1: (test=0.420) roc_auc: (test=0.889) 12.80min
[fit 199/240] END C=256.0, gamma=4.0, kernel=rbf; total=3654, TP=121, TN=3336, FP=144, FN=53; precision=0.457, recall=0.695
accuracy: (test=0.946) average_precision: (test=0.590) balanced_accuracy: (test=0.827) f1: (test=0.551) roc_auc: (test=0.917) 24.22min
[fit 200/240] END C=256.0, gamma=8.0, kernel=rbf; total=3654, TP=110, TN=3395, FP=85, FN=64; precision=0.564, recall=0.632
accuracy: (test=0.959) average_precision: (test=0.652) balanced_accuracy: (test=0.804) f1: (test=0.596) roc_auc: (test=0.922) 31.25min
[fit 201/240] END C=256.0, gamma=16.0, kernel=rbf; total=3654, TP=109, TN=3416, FP=64, FN=65; precision=0.630, recall=0.626
accuracy: (test=0.965) average_precision: (test=0.688) balanced_accuracy: (test=0.804) f1: (test=0.628) roc_auc: (test=0.913) 17.43min
[fit 202/240] END C=256.0, gamma=32.0, kernel=rbf; total=3654, TP=110, TN=3437, FP=43, FN=64; precision=0.719, recall=0.632
accuracy: (test=0.971) average_precision: (test=0.719) balanced_accuracy: (test=0.810) f1: (test=0.673) roc_auc: (test=0.905) 8.76min
[fit 203/240] END C=256.0, gamma=64.0, kernel=rbf; total=3654, TP=111, TN=3456, FP=24, FN=63; precision=0.822, recall=0.638
accuracy: (test=0.976) average_precision: (test=0.738) balanced_accuracy: (test=0.816) f1: (test=0.718) roc_auc: (test=0.895) 5.16min
[fit 204/240] END C=256.0, gamma=128.0, kernel=rbf; total=3654, TP=115, TN=3457, FP=23, FN=59; precision=0.833, recall=0.661
accuracy: (test=0.978) average_precision: (test=0.741) balanced_accuracy: (test=0.827) f1: (test=0.737) roc_auc: (test=0.887) 4.31min
[fit 205/240] END C=256.0, gamma=256.0, kernel=rbf; total=3654, TP=108, TN=3463, FP=17, FN=66; precision=0.864, recall=0.621
accuracy: (test=0.977) average_precision: (test=0.732) balanced_accuracy: (test=0.808) f1: (test=0.722) roc_auc: (test=0.878) 5.09min
[fit 206/240] END C=256.0, gamma=512.0, kernel=rbf; total=3654, TP=92, TN=3477, FP=3, FN=82; precision=0.968, recall=0.529
accuracy: (test=0.977) average_precision: (test=0.729) balanced_accuracy: (test=0.764) f1: (test=0.684) roc_auc: (test=0.875) 5.94min
[fit 207/240] END C=256.0, gamma=1024.0, kernel=rbf; total=3654, TP=58, TN=3480, FP=0, FN=116; precision=1.000, recall=0.333
accuracy: (test=0.968) average_precision: (test=0.728) balanced_accuracy: (test=0.667) f1: (test=0.500) roc_auc: (test=0.865) 6.53min
[fit 208/240] END C=256.0, gamma=2048.0, kernel=rbf; total=3654, TP=39, TN=3480, FP=0, FN=135; precision=1.000, recall=0.224
accuracy: (test=0.963) average_precision: (test=0.679) balanced_accuracy: (test=0.612) f1: (test=0.366) roc_auc: (test=0.839) 5.82min
[fit 209/240] END C=512.0, gamma=0.0625, kernel=rbf; total=3654, TP=104, TN=2228, FP=1252, FN=70; precision=0.077, recall=0.598
accuracy: (test=0.638) average_precision: (test=0.099) balanced_accuracy: (test=0.619) f1: (test=0.136) roc_auc: (test=0.683) 3.19min
[fit 210/240] END C=512.0, gamma=0.125, kernel=rbf; total=3654, TP=111, TN=2328, FP=1152, FN=63; precision=0.088, recall=0.638
accuracy: (test=0.667) average_precision: (test=0.116) balanced_accuracy: (test=0.653) f1: (test=0.154) roc_auc: (test=0.707) 3.76min
[fit 211/240] END C=512.0, gamma=0.25, kernel=rbf; total=3654, TP=110, TN=2513, FP=967, FN=64; precision=0.102, recall=0.632
accuracy: (test=0.718) average_precision: (test=0.156) balanced_accuracy: (test=0.677) f1: (test=0.176) roc_auc: (test=0.747) 4.51min
[fit 212/240] END C=512.0, gamma=0.5, kernel=rbf; total=3654, TP=118, TN=2770, FP=710, FN=56; precision=0.143, recall=0.678
accuracy: (test=0.790) average_precision: (test=0.230) balanced_accuracy: (test=0.737) f1: (test=0.236) roc_auc: (test=0.809) 6.00min
Line search fails in two-class probability estimates
[fit 213/240] END C=512.0, gamma=1.0, kernel=rbf; total=3654, TP=130, TN=3012, FP=468, FN=44; precision=0.217, recall=0.747
accuracy: (test=0.860) average_precision: (test=0.362) balanced_accuracy: (test=0.806) f1: (test=0.337) roc_auc: (test=0.861) 11.59min
[fit 214/240] END C=512.0, gamma=2.0, kernel=rbf; total=3654, TP=128, TN=3244, FP=236, FN=46; precision=0.352, recall=0.736
accuracy: (test=0.923) average_precision: (test=0.501) balanced_accuracy: (test=0.834) f1: (test=0.476) roc_auc: (test=0.905) 21.24min
[fit 215/240] END C=512.0, gamma=4.0, kernel=rbf; total=3654, TP=119, TN=3364, FP=116, FN=55; precision=0.506, recall=0.684
accuracy: (test=0.953) average_precision: (test=0.613) balanced_accuracy: (test=0.825) f1: (test=0.582) roc_auc: (test=0.922) 36.50min
Line search fails in two-class probability estimates
[fit 216/240] END C=512.0, gamma=8.0, kernel=rbf; total=3654, TP=108, TN=3398, FP=82, FN=66; precision=0.568, recall=0.621
accuracy: (test=0.959) average_precision: (test=0.643) balanced_accuracy: (test=0.799) f1: (test=0.593) roc_auc: (test=0.916) 33.98min
[fit 217/240] END C=512.0, gamma=16.0, kernel=rbf; total=3654, TP=109, TN=3416, FP=64, FN=65; precision=0.630, recall=0.626
accuracy: (test=0.965) average_precision: (test=0.688) balanced_accuracy: (test=0.804) f1: (test=0.628) roc_auc: (test=0.913) 17.01min
[fit 218/240] END C=512.0, gamma=32.0, kernel=rbf; total=3654, TP=110, TN=3437, FP=43, FN=64; precision=0.719, recall=0.632
accuracy: (test=0.971) average_precision: (test=0.719) balanced_accuracy: (test=0.810) f1: (test=0.673) roc_auc: (test=0.905) 8.76min
[fit 219/240] END C=512.0, gamma=64.0, kernel=rbf; total=3654, TP=111, TN=3456, FP=24, FN=63; precision=0.822, recall=0.638
accuracy: (test=0.976) average_precision: (test=0.738) balanced_accuracy: (test=0.816) f1: (test=0.718) roc_auc: (test=0.895) 5.16min
[fit 220/240] END C=512.0, gamma=128.0, kernel=rbf; total=3654, TP=115, TN=3457, FP=23, FN=59; precision=0.833, recall=0.661
accuracy: (test=0.978) average_precision: (test=0.741) balanced_accuracy: (test=0.827) f1: (test=0.737) roc_auc: (test=0.887) 4.31min
[fit 221/240] END C=512.0, gamma=256.0, kernel=rbf; total=3654, TP=108, TN=3463, FP=17, FN=66; precision=0.864, recall=0.621
accuracy: (test=0.977) average_precision: (test=0.732) balanced_accuracy: (test=0.808) f1: (test=0.722) roc_auc: (test=0.878) 5.08min
[fit 222/240] END C=512.0, gamma=512.0, kernel=rbf; total=3654, TP=92, TN=3477, FP=3, FN=82; precision=0.968, recall=0.529
accuracy: (test=0.977) average_precision: (test=0.729) balanced_accuracy: (test=0.764) f1: (test=0.684) roc_auc: (test=0.875) 5.93min
[fit 223/240] END C=512.0, gamma=1024.0, kernel=rbf; total=3654, TP=58, TN=3480, FP=0, FN=116; precision=1.000, recall=0.333
accuracy: (test=0.968) average_precision: (test=0.728) balanced_accuracy: (test=0.667) f1: (test=0.500) roc_auc: (test=0.865) 6.52min
[fit 224/240] END C=512.0, gamma=2048.0, kernel=rbf; total=3654, TP=39, TN=3480, FP=0, FN=135; precision=1.000, recall=0.224
accuracy: (test=0.963) average_precision: (test=0.679) balanced_accuracy: (test=0.612) f1: (test=0.366) roc_auc: (test=0.839) 5.82min
[fit 225/240] END C=1024.0, gamma=0.0625, kernel=rbf; total=3654, TP=111, TN=2267, FP=1213, FN=63; precision=0.084, recall=0.638
accuracy: (test=0.651) average_precision: (test=0.106) balanced_accuracy: (test=0.645) f1: (test=0.148) roc_auc: (test=0.693) 3.79min
[fit 226/240] END C=1024.0, gamma=0.125, kernel=rbf; total=3654, TP=113, TN=2419, FP=1061, FN=61; precision=0.096, recall=0.649
accuracy: (test=0.693) average_precision: (test=0.129) balanced_accuracy: (test=0.672) f1: (test=0.168) roc_auc: (test=0.724) 4.53min
[fit 227/240] END C=1024.0, gamma=0.25, kernel=rbf; total=3654, TP=112, TN=2623, FP=857, FN=62; precision=0.116, recall=0.644
accuracy: (test=0.748) average_precision: (test=0.180) balanced_accuracy: (test=0.699) f1: (test=0.196) roc_auc: (test=0.774) 5.84min
[fit 228/240] END C=1024.0, gamma=0.5, kernel=rbf; total=3654, TP=124, TN=2881, FP=599, FN=50; precision=0.172, recall=0.713
accuracy: (test=0.822) average_precision: (test=0.277) balanced_accuracy: (test=0.770) f1: (test=0.276) roc_auc: (test=0.834) 9.12min
[fit 229/240] END C=1024.0, gamma=1.0, kernel=rbf; total=3654, TP=132, TN=3106, FP=374, FN=42; precision=0.261, recall=0.759
accuracy: (test=0.886) average_precision: (test=0.408) balanced_accuracy: (test=0.826) f1: (test=0.388) roc_auc: (test=0.880) 19.34min
[fit 230/240] END C=1024.0, gamma=2.0, kernel=rbf; total=3654, TP=124, TN=3289, FP=191, FN=50; precision=0.394, recall=0.713
accuracy: (test=0.934) average_precision: (test=0.539) balanced_accuracy: (test=0.829) f1: (test=0.507) roc_auc: (test=0.913) 43.91min
Line search fails in two-class probability estimates
[fit 231/240] END C=1024.0, gamma=4.0, kernel=rbf; total=3654, TP=117, TN=3370, FP=110, FN=57; precision=0.515, recall=0.672
accuracy: (test=0.954) average_precision: (test=0.608) balanced_accuracy: (test=0.820) f1: (test=0.584) roc_auc: (test=0.923) 1h 42m 27s
Line search fails in two-class probability estimates
[fit 232/240] END C=1024.0, gamma=8.0, kernel=rbf; total=3654, TP=106, TN=3402, FP=78, FN=68; precision=0.576, recall=0.609
accuracy: (test=0.960) average_precision: (test=0.639) balanced_accuracy: (test=0.793) f1: (test=0.592) roc_auc: (test=0.914) 35.12min
[fit 233/240] END C=1024.0, gamma=16.0, kernel=rbf; total=3654, TP=109, TN=3416, FP=64, FN=65; precision=0.630, recall=0.626
accuracy: (test=0.965) average_precision: (test=0.688) balanced_accuracy: (test=0.804) f1: (test=0.628) roc_auc: (test=0.913) 16.98min
[fit 234/240] END C=1024.0, gamma=32.0, kernel=rbf; total=3654, TP=110, TN=3437, FP=43, FN=64; precision=0.719, recall=0.632
accuracy: (test=0.971) average_precision: (test=0.719) balanced_accuracy: (test=0.810) f1: (test=0.673) roc_auc: (test=0.905) 8.75min
[fit 235/240] END C=1024.0, gamma=64.0, kernel=rbf; total=3654, TP=111, TN=3456, FP=24, FN=63; precision=0.822, recall=0.638
accuracy: (test=0.976) average_precision: (test=0.738) balanced_accuracy: (test=0.816) f1: (test=0.718) roc_auc: (test=0.895) 5.15min
[fit 236/240] END C=1024.0, gamma=128.0, kernel=rbf; total=3654, TP=115, TN=3457, FP=23, FN=59; precision=0.833, recall=0.661
accuracy: (test=0.978) average_precision: (test=0.741) balanced_accuracy: (test=0.827) f1: (test=0.737) roc_auc: (test=0.887) 4.30min
[fit 237/240] END C=1024.0, gamma=256.0, kernel=rbf; total=3654, TP=108, TN=3463, FP=17, FN=66; precision=0.864, recall=0.621
accuracy: (test=0.977) average_precision: (test=0.732) balanced_accuracy: (test=0.808) f1: (test=0.722) roc_auc: (test=0.878) 5.08min
[fit 238/240] END C=1024.0, gamma=512.0, kernel=rbf; total=3654, TP=92, TN=3477, FP=3, FN=82; precision=0.968, recall=0.529
accuracy: (test=0.977) average_precision: (test=0.729) balanced_accuracy: (test=0.764) f1: (test=0.684) roc_auc: (test=0.875) 5.92min
[fit 239/240] END C=1024.0, gamma=1024.0, kernel=rbf; total=3654, TP=58, TN=3480, FP=0, FN=116; precision=1.000, recall=0.333
accuracy: (test=0.968) average_precision: (test=0.728) balanced_accuracy: (test=0.667) f1: (test=0.500) roc_auc: (test=0.865) 6.52min
[fit 240/240] END C=1024.0, gamma=2048.0, kernel=rbf; total=3654, TP=39, TN=3480, FP=0, FN=135; precision=1.000, recall=0.224
accuracy: (test=0.963) average_precision: (test=0.679) balanced_accuracy: (test=0.612) f1: (test=0.366) roc_auc: (test=0.839) 5.82min
write rank test to csv!!!
../../ex/epivan/base/tpcp_svm_base/rank/HeLa-S3_tpcp_svm_base_rank_3070.csv write over!!!
clf.best_estimator_params: {'C': 128.0, 'gamma': 8.0, 'kernel': 'rbf'}
best params found in line [185] for metric [roc_auc] in rank file
best params found in fit [184] for metric [roc_auc] in run_and_score file
clf.best_scoring_result: [Total: (test=3654) TP: (test=113.000) TN: (test=3390.000) FP: (test=90.000) FN: (test=61.000) precision: (test=0.557) recall: (test=0.649) accuracy: (test=0.959) average_precision: (test=0.653) balanced_accuracy: (test=0.812) f1: (test=0.599) roc_auc: (test=0.926) ]
total time spending: 24h 11m 23s
