nohup: ignoring input
experiment: HUVEC pseknc-new_xgboost
trainSet len:[X=54800,y=54800]
testSet len:[X=3192,y=3192]
第一次
{'objective': 'binary:logistic', 'use_label_encoder': False, 'base_score': None, 'booster': None, 'colsample_bylevel': None, 'colsample_bynode': None, 'colsample_bytree': 0.8, 'gamma': 0, 'gpu_id': None, 'importance_type': 'gain', 'interaction_constraints': None, 'learning_rate': 0.1, 'max_delta_step': None, 'max_depth': 5, 'min_child_weight': 1, 'missing': nan, 'monotone_constraints': None, 'n_estimators': 500, 'n_jobs': None, 'num_parallel_tree': None, 'random_state': None, 'reg_alpha': 0, 'reg_lambda': 1, 'scale_pos_weight': None, 'subsample': 0.8, 'tree_method': 'gpu_hist', 'validate_parameters': None, 'verbosity': None, 'seed': 0, 'eval_metric': 'logloss'}
Fitting, totalling 20 fits
[fit 1/20] END n_estimators=50; total=3192, TP=86, TN=2641, FP=399, FN=66; precision=0.177, recall=0.566
accuracy: (test=0.854) average_precision: (test=0.301) balanced_accuracy: (test=0.717) f1: (test=0.270) roc_auc: (test=0.803) 1.53s
[fit 2/20] END n_estimators=100; total=3192, TP=93, TN=2785, FP=255, FN=59; precision=0.267, recall=0.612
accuracy: (test=0.902) average_precision: (test=0.380) balanced_accuracy: (test=0.764) f1: (test=0.372) roc_auc: (test=0.865) 1.82s
[fit 3/20] END n_estimators=150; total=3192, TP=97, TN=2836, FP=204, FN=55; precision=0.322, recall=0.638
accuracy: (test=0.919) average_precision: (test=0.424) balanced_accuracy: (test=0.786) f1: (test=0.428) roc_auc: (test=0.879) 2.39s
[fit 4/20] END n_estimators=200; total=3192, TP=93, TN=2884, FP=156, FN=59; precision=0.373, recall=0.612
accuracy: (test=0.933) average_precision: (test=0.464) balanced_accuracy: (test=0.780) f1: (test=0.464) roc_auc: (test=0.893) 2.94s
[fit 5/20] END n_estimators=250; total=3192, TP=93, TN=2901, FP=139, FN=59; precision=0.401, recall=0.612
accuracy: (test=0.938) average_precision: (test=0.477) balanced_accuracy: (test=0.783) f1: (test=0.484) roc_auc: (test=0.899) 3.43s
[fit 6/20] END n_estimators=300; total=3192, TP=93, TN=2930, FP=110, FN=59; precision=0.458, recall=0.612
accuracy: (test=0.947) average_precision: (test=0.492) balanced_accuracy: (test=0.788) f1: (test=0.524) roc_auc: (test=0.903) 3.99s
[fit 7/20] END n_estimators=350; total=3192, TP=91, TN=2937, FP=103, FN=61; precision=0.469, recall=0.599
accuracy: (test=0.949) average_precision: (test=0.506) balanced_accuracy: (test=0.782) f1: (test=0.526) roc_auc: (test=0.906) 4.51s
[fit 8/20] END n_estimators=400; total=3192, TP=90, TN=2954, FP=86, FN=62; precision=0.511, recall=0.592
accuracy: (test=0.954) average_precision: (test=0.526) balanced_accuracy: (test=0.782) f1: (test=0.549) roc_auc: (test=0.911) 5.02s
[fit 9/20] END n_estimators=450; total=3192, TP=93, TN=2960, FP=80, FN=59; precision=0.538, recall=0.612
accuracy: (test=0.956) average_precision: (test=0.531) balanced_accuracy: (test=0.793) f1: (test=0.572) roc_auc: (test=0.912) 5.72s
[fit 10/20] END n_estimators=500; total=3192, TP=90, TN=2963, FP=77, FN=62; precision=0.539, recall=0.592
accuracy: (test=0.956) average_precision: (test=0.544) balanced_accuracy: (test=0.783) f1: (test=0.564) roc_auc: (test=0.915) 6.25s
[fit 11/20] END n_estimators=550; total=3192, TP=89, TN=2970, FP=70, FN=63; precision=0.560, recall=0.586
accuracy: (test=0.958) average_precision: (test=0.548) balanced_accuracy: (test=0.781) f1: (test=0.572) roc_auc: (test=0.915) 6.87s
[fit 12/20] END n_estimators=600; total=3192, TP=84, TN=2972, FP=68, FN=68; precision=0.553, recall=0.553
accuracy: (test=0.957) average_precision: (test=0.553) balanced_accuracy: (test=0.765) f1: (test=0.553) roc_auc: (test=0.916) 7.36s
[fit 13/20] END n_estimators=650; total=3192, TP=86, TN=2979, FP=61, FN=66; precision=0.585, recall=0.566
accuracy: (test=0.960) average_precision: (test=0.563) balanced_accuracy: (test=0.773) f1: (test=0.575) roc_auc: (test=0.916) 8.04s
[fit 14/20] END n_estimators=700; total=3192, TP=80, TN=2983, FP=57, FN=72; precision=0.584, recall=0.526
accuracy: (test=0.960) average_precision: (test=0.574) balanced_accuracy: (test=0.754) f1: (test=0.554) roc_auc: (test=0.918) 8.49s
[fit 15/20] END n_estimators=750; total=3192, TP=78, TN=2986, FP=54, FN=74; precision=0.591, recall=0.513
accuracy: (test=0.960) average_precision: (test=0.581) balanced_accuracy: (test=0.748) f1: (test=0.549) roc_auc: (test=0.919) 9.05s
[fit 16/20] END n_estimators=800; total=3192, TP=80, TN=2987, FP=53, FN=72; precision=0.602, recall=0.526
accuracy: (test=0.961) average_precision: (test=0.587) balanced_accuracy: (test=0.754) f1: (test=0.561) roc_auc: (test=0.919) 9.67s
[fit 17/20] END n_estimators=850; total=3192, TP=81, TN=2989, FP=51, FN=71; precision=0.614, recall=0.533
accuracy: (test=0.962) average_precision: (test=0.588) balanced_accuracy: (test=0.758) f1: (test=0.570) roc_auc: (test=0.918) 10.32s
[fit 18/20] END n_estimators=900; total=3192, TP=79, TN=2989, FP=51, FN=73; precision=0.608, recall=0.520
accuracy: (test=0.961) average_precision: (test=0.590) balanced_accuracy: (test=0.751) f1: (test=0.560) roc_auc: (test=0.920) 10.77s
[fit 19/20] END n_estimators=950; total=3192, TP=78, TN=2991, FP=49, FN=74; precision=0.614, recall=0.513
accuracy: (test=0.961) average_precision: (test=0.594) balanced_accuracy: (test=0.749) f1: (test=0.559) roc_auc: (test=0.921) 11.38s
[fit 20/20] END n_estimators=1000; total=3192, TP=78, TN=2994, FP=46, FN=74; precision=0.629, recall=0.513
accuracy: (test=0.962) average_precision: (test=0.601) balanced_accuracy: (test=0.749) f1: (test=0.565) roc_auc: (test=0.922) 12.06s
clf.best_estimator_params: {'n_estimators': 1000}
best params found in line [21] for metric [roc_auc] in rank file
best params found in fit [20] for metric [roc_auc] in run_and_score file
clf.best_scoring_result: [Total: (test=3192) TP: (test=78.000) TN: (test=2994.000) FP: (test=46.000) FN: (test=74.000) precision: (test=0.629) recall: (test=0.513) accuracy: (test=0.962) average_precision: (test=0.601) balanced_accuracy: (test=0.749) f1: (test=0.565) roc_auc: (test=0.922) ]
write rank test to csv!!!
../../ex/epivan/base/pseknc-new_xgboost_base/rank/HUVEC_rank_rank_1_2080ti.csv write over!!!
第二次
{'objective': 'binary:logistic', 'use_label_encoder': False, 'base_score': None, 'booster': None, 'colsample_bylevel': None, 'colsample_bynode': None, 'colsample_bytree': 0.8, 'gamma': 0, 'gpu_id': None, 'importance_type': 'gain', 'interaction_constraints': None, 'learning_rate': 0.1, 'max_delta_step': None, 'max_depth': 5, 'min_child_weight': 1, 'missing': nan, 'monotone_constraints': None, 'n_estimators': 1000, 'n_jobs': None, 'num_parallel_tree': None, 'random_state': None, 'reg_alpha': 0, 'reg_lambda': 1, 'scale_pos_weight': None, 'subsample': 0.8, 'tree_method': 'gpu_hist', 'validate_parameters': None, 'verbosity': None, 'seed': 0, 'eval_metric': 'logloss'}
Fitting, totalling 54 fits
[fit 1/54] END max_depth=3, min_child_weight=1; total=3192, TP=97, TN=2885, FP=155, FN=55; precision=0.385, recall=0.638
accuracy: (test=0.934) average_precision: (test=0.466) balanced_accuracy: (test=0.794) f1: (test=0.480) roc_auc: (test=0.903) 6.15s
[fit 2/54] END max_depth=3, min_child_weight=2; total=3192, TP=95, TN=2889, FP=151, FN=57; precision=0.386, recall=0.625
accuracy: (test=0.935) average_precision: (test=0.477) balanced_accuracy: (test=0.788) f1: (test=0.477) roc_auc: (test=0.896) 6.21s
[fit 3/54] END max_depth=3, min_child_weight=3; total=3192, TP=97, TN=2891, FP=149, FN=55; precision=0.394, recall=0.638
accuracy: (test=0.936) average_precision: (test=0.465) balanced_accuracy: (test=0.795) f1: (test=0.487) roc_auc: (test=0.904) 6.15s
[fit 4/54] END max_depth=3, min_child_weight=4; total=3192, TP=94, TN=2888, FP=152, FN=58; precision=0.382, recall=0.618
accuracy: (test=0.934) average_precision: (test=0.472) balanced_accuracy: (test=0.784) f1: (test=0.472) roc_auc: (test=0.895) 6.31s
[fit 5/54] END max_depth=3, min_child_weight=5; total=3192, TP=98, TN=2885, FP=155, FN=54; precision=0.387, recall=0.645
accuracy: (test=0.935) average_precision: (test=0.462) balanced_accuracy: (test=0.797) f1: (test=0.484) roc_auc: (test=0.903) 6.35s
[fit 6/54] END max_depth=3, min_child_weight=6; total=3192, TP=93, TN=2895, FP=145, FN=59; precision=0.391, recall=0.612
accuracy: (test=0.936) average_precision: (test=0.482) balanced_accuracy: (test=0.782) f1: (test=0.477) roc_auc: (test=0.908) 6.52s
[fit 7/54] END max_depth=4, min_child_weight=1; total=3192, TP=90, TN=2959, FP=81, FN=62; precision=0.526, recall=0.592
accuracy: (test=0.955) average_precision: (test=0.556) balanced_accuracy: (test=0.783) f1: (test=0.557) roc_auc: (test=0.914) 8.67s
[fit 8/54] END max_depth=4, min_child_weight=2; total=3192, TP=93, TN=2963, FP=77, FN=59; precision=0.547, recall=0.612
accuracy: (test=0.957) average_precision: (test=0.565) balanced_accuracy: (test=0.793) f1: (test=0.578) roc_auc: (test=0.917) 8.72s
[fit 9/54] END max_depth=4, min_child_weight=3; total=3192, TP=86, TN=2970, FP=70, FN=66; precision=0.551, recall=0.566
accuracy: (test=0.957) average_precision: (test=0.560) balanced_accuracy: (test=0.771) f1: (test=0.558) roc_auc: (test=0.913) 8.63s
[fit 10/54] END max_depth=4, min_child_weight=4; total=3192, TP=91, TN=2953, FP=87, FN=61; precision=0.511, recall=0.599
accuracy: (test=0.954) average_precision: (test=0.542) balanced_accuracy: (test=0.785) f1: (test=0.552) roc_auc: (test=0.909) 8.55s
[fit 11/54] END max_depth=4, min_child_weight=5; total=3192, TP=83, TN=2963, FP=77, FN=69; precision=0.519, recall=0.546
accuracy: (test=0.954) average_precision: (test=0.551) balanced_accuracy: (test=0.760) f1: (test=0.532) roc_auc: (test=0.909) 8.49s
[fit 12/54] END max_depth=4, min_child_weight=6; total=3192, TP=93, TN=2961, FP=79, FN=59; precision=0.541, recall=0.612
accuracy: (test=0.957) average_precision: (test=0.556) balanced_accuracy: (test=0.793) f1: (test=0.574) roc_auc: (test=0.908) 8.59s
[fit 13/54] END max_depth=5, min_child_weight=1; total=3192, TP=78, TN=2994, FP=46, FN=74; precision=0.629, recall=0.513
accuracy: (test=0.962) average_precision: (test=0.601) balanced_accuracy: (test=0.749) f1: (test=0.565) roc_auc: (test=0.922) 12.44s
[fit 14/54] END max_depth=5, min_child_weight=2; total=3192, TP=82, TN=2991, FP=49, FN=70; precision=0.626, recall=0.539
accuracy: (test=0.963) average_precision: (test=0.611) balanced_accuracy: (test=0.762) f1: (test=0.580) roc_auc: (test=0.912) 12.12s
[fit 15/54] END max_depth=5, min_child_weight=3; total=3192, TP=80, TN=2987, FP=53, FN=72; precision=0.602, recall=0.526
accuracy: (test=0.961) average_precision: (test=0.594) balanced_accuracy: (test=0.754) f1: (test=0.561) roc_auc: (test=0.914) 11.70s
[fit 16/54] END max_depth=5, min_child_weight=4; total=3192, TP=85, TN=2993, FP=47, FN=67; precision=0.644, recall=0.559
accuracy: (test=0.964) average_precision: (test=0.613) balanced_accuracy: (test=0.772) f1: (test=0.599) roc_auc: (test=0.922) 11.68s
[fit 17/54] END max_depth=5, min_child_weight=5; total=3192, TP=81, TN=2993, FP=47, FN=71; precision=0.633, recall=0.533
accuracy: (test=0.963) average_precision: (test=0.611) balanced_accuracy: (test=0.759) f1: (test=0.579) roc_auc: (test=0.920) 11.72s
[fit 18/54] END max_depth=5, min_child_weight=6; total=3192, TP=81, TN=2987, FP=53, FN=71; precision=0.604, recall=0.533
accuracy: (test=0.961) average_precision: (test=0.588) balanced_accuracy: (test=0.758) f1: (test=0.566) roc_auc: (test=0.926) 11.69s
[fit 19/54] END max_depth=6, min_child_weight=1; total=3192, TP=79, TN=3006, FP=34, FN=73; precision=0.699, recall=0.520
accuracy: (test=0.966) average_precision: (test=0.641) balanced_accuracy: (test=0.754) f1: (test=0.596) roc_auc: (test=0.920) 17.86s
[fit 20/54] END max_depth=6, min_child_weight=2; total=3192, TP=79, TN=3002, FP=38, FN=73; precision=0.675, recall=0.520
accuracy: (test=0.965) average_precision: (test=0.635) balanced_accuracy: (test=0.754) f1: (test=0.587) roc_auc: (test=0.929) 16.70s
[fit 21/54] END max_depth=6, min_child_weight=3; total=3192, TP=81, TN=2998, FP=42, FN=71; precision=0.659, recall=0.533
accuracy: (test=0.965) average_precision: (test=0.627) balanced_accuracy: (test=0.760) f1: (test=0.589) roc_auc: (test=0.925) 16.22s
[fit 22/54] END max_depth=6, min_child_weight=4; total=3192, TP=79, TN=3001, FP=39, FN=73; precision=0.669, recall=0.520
accuracy: (test=0.965) average_precision: (test=0.621) balanced_accuracy: (test=0.753) f1: (test=0.585) roc_auc: (test=0.922) 15.94s
[fit 23/54] END max_depth=6, min_child_weight=5; total=3192, TP=77, TN=3000, FP=40, FN=75; precision=0.658, recall=0.507
accuracy: (test=0.964) average_precision: (test=0.621) balanced_accuracy: (test=0.747) f1: (test=0.572) roc_auc: (test=0.931) 15.46s
[fit 24/54] END max_depth=6, min_child_weight=6; total=3192, TP=77, TN=2995, FP=45, FN=75; precision=0.631, recall=0.507
accuracy: (test=0.962) average_precision: (test=0.601) balanced_accuracy: (test=0.746) f1: (test=0.562) roc_auc: (test=0.917) 14.65s
[fit 25/54] END max_depth=7, min_child_weight=1; total=3192, TP=74, TN=3007, FP=33, FN=78; precision=0.692, recall=0.487
accuracy: (test=0.965) average_precision: (test=0.636) balanced_accuracy: (test=0.738) f1: (test=0.571) roc_auc: (test=0.930) 22.62s
[fit 26/54] END max_depth=7, min_child_weight=2; total=3192, TP=78, TN=3004, FP=36, FN=74; precision=0.684, recall=0.513
accuracy: (test=0.966) average_precision: (test=0.633) balanced_accuracy: (test=0.751) f1: (test=0.586) roc_auc: (test=0.928) 20.77s
[fit 27/54] END max_depth=7, min_child_weight=3; total=3192, TP=76, TN=3010, FP=30, FN=76; precision=0.717, recall=0.500
accuracy: (test=0.967) average_precision: (test=0.620) balanced_accuracy: (test=0.745) f1: (test=0.589) roc_auc: (test=0.917) 19.81s
[fit 28/54] END max_depth=7, min_child_weight=4; total=3192, TP=76, TN=3002, FP=38, FN=76; precision=0.667, recall=0.500
accuracy: (test=0.964) average_precision: (test=0.614) balanced_accuracy: (test=0.744) f1: (test=0.571) roc_auc: (test=0.916) 19.18s
[fit 29/54] END max_depth=7, min_child_weight=5; total=3192, TP=77, TN=3001, FP=39, FN=75; precision=0.664, recall=0.507
accuracy: (test=0.964) average_precision: (test=0.612) balanced_accuracy: (test=0.747) f1: (test=0.575) roc_auc: (test=0.924) 18.63s
[fit 30/54] END max_depth=7, min_child_weight=6; total=3192, TP=75, TN=3001, FP=39, FN=77; precision=0.658, recall=0.493
accuracy: (test=0.964) average_precision: (test=0.617) balanced_accuracy: (test=0.740) f1: (test=0.564) roc_auc: (test=0.922) 17.90s
[fit 31/54] END max_depth=8, min_child_weight=1; total=3192, TP=75, TN=3009, FP=31, FN=77; precision=0.708, recall=0.493
accuracy: (test=0.966) average_precision: (test=0.629) balanced_accuracy: (test=0.742) f1: (test=0.581) roc_auc: (test=0.928) 27.66s
[fit 32/54] END max_depth=8, min_child_weight=2; total=3192, TP=75, TN=3010, FP=30, FN=77; precision=0.714, recall=0.493
accuracy: (test=0.966) average_precision: (test=0.619) balanced_accuracy: (test=0.742) f1: (test=0.584) roc_auc: (test=0.918) 24.81s
[fit 33/54] END max_depth=8, min_child_weight=3; total=3192, TP=77, TN=3008, FP=32, FN=75; precision=0.706, recall=0.507
accuracy: (test=0.966) average_precision: (test=0.639) balanced_accuracy: (test=0.748) f1: (test=0.590) roc_auc: (test=0.927) 23.57s
[fit 34/54] END max_depth=8, min_child_weight=4; total=3192, TP=77, TN=3004, FP=36, FN=75; precision=0.681, recall=0.507
accuracy: (test=0.965) average_precision: (test=0.623) balanced_accuracy: (test=0.747) f1: (test=0.581) roc_auc: (test=0.919) 22.38s
[fit 35/54] END max_depth=8, min_child_weight=5; total=3192, TP=79, TN=2999, FP=41, FN=73; precision=0.658, recall=0.520
accuracy: (test=0.964) average_precision: (test=0.627) balanced_accuracy: (test=0.753) f1: (test=0.581) roc_auc: (test=0.923) 21.63s
[fit 36/54] END max_depth=8, min_child_weight=6; total=3192, TP=73, TN=3001, FP=39, FN=79; precision=0.652, recall=0.480
accuracy: (test=0.963) average_precision: (test=0.622) balanced_accuracy: (test=0.734) f1: (test=0.553) roc_auc: (test=0.924) 21.29s
[fit 37/54] END max_depth=9, min_child_weight=1; total=3192, TP=74, TN=3011, FP=29, FN=78; precision=0.718, recall=0.487
accuracy: (test=0.966) average_precision: (test=0.634) balanced_accuracy: (test=0.739) f1: (test=0.580) roc_auc: (test=0.928) 31.34s
[fit 38/54] END max_depth=9, min_child_weight=2; total=3192, TP=72, TN=3005, FP=35, FN=80; precision=0.673, recall=0.474
accuracy: (test=0.964) average_precision: (test=0.629) balanced_accuracy: (test=0.731) f1: (test=0.556) roc_auc: (test=0.922) 28.19s
[fit 39/54] END max_depth=9, min_child_weight=3; total=3192, TP=73, TN=3007, FP=33, FN=79; precision=0.689, recall=0.480
accuracy: (test=0.965) average_precision: (test=0.621) balanced_accuracy: (test=0.735) f1: (test=0.566) roc_auc: (test=0.923) 26.77s
[fit 40/54] END max_depth=9, min_child_weight=4; total=3192, TP=78, TN=3007, FP=33, FN=74; precision=0.703, recall=0.513
accuracy: (test=0.966) average_precision: (test=0.635) balanced_accuracy: (test=0.751) f1: (test=0.593) roc_auc: (test=0.923) 25.33s
[fit 41/54] END max_depth=9, min_child_weight=5; total=3192, TP=74, TN=3006, FP=34, FN=78; precision=0.685, recall=0.487
accuracy: (test=0.965) average_precision: (test=0.633) balanced_accuracy: (test=0.738) f1: (test=0.569) roc_auc: (test=0.926) 24.50s
[fit 42/54] END max_depth=9, min_child_weight=6; total=3192, TP=76, TN=3002, FP=38, FN=76; precision=0.667, recall=0.500
accuracy: (test=0.964) average_precision: (test=0.611) balanced_accuracy: (test=0.744) f1: (test=0.571) roc_auc: (test=0.917) 24.19s
[fit 43/54] END max_depth=10, min_child_weight=1; total=3192, TP=71, TN=3008, FP=32, FN=81; precision=0.689, recall=0.467
accuracy: (test=0.965) average_precision: (test=0.625) balanced_accuracy: (test=0.728) f1: (test=0.557) roc_auc: (test=0.920) 34.77s
[fit 44/54] END max_depth=10, min_child_weight=2; total=3192, TP=71, TN=3009, FP=31, FN=81; precision=0.696, recall=0.467
accuracy: (test=0.965) average_precision: (test=0.627) balanced_accuracy: (test=0.728) f1: (test=0.559) roc_auc: (test=0.926) 30.45s
[fit 45/54] END max_depth=10, min_child_weight=3; total=3192, TP=75, TN=3003, FP=37, FN=77; precision=0.670, recall=0.493
accuracy: (test=0.964) average_precision: (test=0.620) balanced_accuracy: (test=0.741) f1: (test=0.568) roc_auc: (test=0.925) 27.74s
[fit 46/54] END max_depth=10, min_child_weight=4; total=3192, TP=78, TN=3007, FP=33, FN=74; precision=0.703, recall=0.513
accuracy: (test=0.966) average_precision: (test=0.624) balanced_accuracy: (test=0.751) f1: (test=0.593) roc_auc: (test=0.924) 26.49s
[fit 47/54] END max_depth=10, min_child_weight=5; total=3192, TP=76, TN=3008, FP=32, FN=76; precision=0.704, recall=0.500
accuracy: (test=0.966) average_precision: (test=0.618) balanced_accuracy: (test=0.745) f1: (test=0.585) roc_auc: (test=0.923) 25.53s
[fit 48/54] END max_depth=10, min_child_weight=6; total=3192, TP=72, TN=3000, FP=40, FN=80; precision=0.643, recall=0.474
accuracy: (test=0.962) average_precision: (test=0.623) balanced_accuracy: (test=0.730) f1: (test=0.545) roc_auc: (test=0.926) 24.92s
[fit 49/54] END max_depth=12, min_child_weight=1; total=3192, TP=72, TN=3014, FP=26, FN=80; precision=0.735, recall=0.474
accuracy: (test=0.967) average_precision: (test=0.624) balanced_accuracy: (test=0.733) f1: (test=0.576) roc_auc: (test=0.922) 39.49s
[fit 50/54] END max_depth=12, min_child_weight=2; total=3192, TP=71, TN=3010, FP=30, FN=81; precision=0.703, recall=0.467
accuracy: (test=0.965) average_precision: (test=0.613) balanced_accuracy: (test=0.729) f1: (test=0.561) roc_auc: (test=0.919) 34.15s
[fit 51/54] END max_depth=12, min_child_weight=3; total=3192, TP=74, TN=3009, FP=31, FN=78; precision=0.705, recall=0.487
accuracy: (test=0.966) average_precision: (test=0.611) balanced_accuracy: (test=0.738) f1: (test=0.576) roc_auc: (test=0.919) 31.23s
[fit 52/54] END max_depth=12, min_child_weight=4; total=3192, TP=76, TN=3003, FP=37, FN=76; precision=0.673, recall=0.500
accuracy: (test=0.965) average_precision: (test=0.624) balanced_accuracy: (test=0.744) f1: (test=0.574) roc_auc: (test=0.923) 29.37s
[fit 53/54] END max_depth=12, min_child_weight=5; total=3192, TP=70, TN=3004, FP=36, FN=82; precision=0.660, recall=0.461
accuracy: (test=0.963) average_precision: (test=0.621) balanced_accuracy: (test=0.724) f1: (test=0.543) roc_auc: (test=0.929) 28.26s
[fit 54/54] END max_depth=12, min_child_weight=6; total=3192, TP=76, TN=3004, FP=36, FN=76; precision=0.679, recall=0.500
accuracy: (test=0.965) average_precision: (test=0.621) balanced_accuracy: (test=0.744) f1: (test=0.576) roc_auc: (test=0.924) 27.38s
clf.best_estimator_params: {'max_depth': 6, 'min_child_weight': 5}
best params found in line [24] for metric [roc_auc] in rank file
best params found in fit [23] for metric [roc_auc] in run_and_score file
clf.best_scoring_result: [Total: (test=3192) TP: (test=77.000) TN: (test=3000.000) FP: (test=40.000) FN: (test=75.000) precision: (test=0.658) recall: (test=0.507) accuracy: (test=0.964) average_precision: (test=0.621) balanced_accuracy: (test=0.747) f1: (test=0.572) roc_auc: (test=0.931) ]
write rank test to csv!!!
../../ex/epivan/base/pseknc-new_xgboost_base/rank/HUVEC_rank_rank_2_2080ti.csv write over!!!
第三次
{'objective': 'binary:logistic', 'use_label_encoder': False, 'base_score': None, 'booster': None, 'colsample_bylevel': None, 'colsample_bynode': None, 'colsample_bytree': 0.8, 'gamma': 0, 'gpu_id': None, 'importance_type': 'gain', 'interaction_constraints': None, 'learning_rate': 0.1, 'max_delta_step': None, 'max_depth': 6, 'min_child_weight': 5, 'missing': nan, 'monotone_constraints': None, 'n_estimators': 1000, 'n_jobs': None, 'num_parallel_tree': None, 'random_state': None, 'reg_alpha': 0, 'reg_lambda': 1, 'scale_pos_weight': None, 'subsample': 0.8, 'tree_method': 'gpu_hist', 'validate_parameters': None, 'verbosity': None, 'seed': 0, 'eval_metric': 'logloss'}
Fitting, totalling 7 fits
[fit 1/7] END gamma=0; total=3192, TP=77, TN=3000, FP=40, FN=75; precision=0.658, recall=0.507
accuracy: (test=0.964) average_precision: (test=0.621) balanced_accuracy: (test=0.747) f1: (test=0.572) roc_auc: (test=0.931) 15.52s
[fit 2/7] END gamma=0.1; total=3192, TP=79, TN=2997, FP=43, FN=73; precision=0.648, recall=0.520
accuracy: (test=0.964) average_precision: (test=0.621) balanced_accuracy: (test=0.753) f1: (test=0.577) roc_auc: (test=0.930) 15.49s
[fit 3/7] END gamma=0.2; total=3192, TP=77, TN=2997, FP=43, FN=75; precision=0.642, recall=0.507
accuracy: (test=0.963) average_precision: (test=0.619) balanced_accuracy: (test=0.746) f1: (test=0.566) roc_auc: (test=0.922) 15.61s
[fit 4/7] END gamma=0.3; total=3192, TP=77, TN=2998, FP=42, FN=75; precision=0.647, recall=0.507
accuracy: (test=0.963) average_precision: (test=0.632) balanced_accuracy: (test=0.746) f1: (test=0.568) roc_auc: (test=0.920) 14.88s
[fit 5/7] END gamma=0.4; total=3192, TP=81, TN=3001, FP=39, FN=71; precision=0.675, recall=0.533
accuracy: (test=0.966) average_precision: (test=0.608) balanced_accuracy: (test=0.760) f1: (test=0.596) roc_auc: (test=0.912) 14.08s
[fit 6/7] END gamma=0.5; total=3192, TP=81, TN=2998, FP=42, FN=71; precision=0.659, recall=0.533
accuracy: (test=0.965) average_precision: (test=0.626) balanced_accuracy: (test=0.760) f1: (test=0.589) roc_auc: (test=0.923) 13.36s
[fit 7/7] END gamma=0.6; total=3192, TP=81, TN=2994, FP=46, FN=71; precision=0.638, recall=0.533
accuracy: (test=0.963) average_precision: (test=0.617) balanced_accuracy: (test=0.759) f1: (test=0.581) roc_auc: (test=0.923) 13.02s
clf.best_estimator_params: {'gamma': 0}
best params found in line [2] for metric [roc_auc] in rank file
best params found in fit [1] for metric [roc_auc] in run_and_score file
clf.best_scoring_result: [Total: (test=3192) TP: (test=77.000) TN: (test=3000.000) FP: (test=40.000) FN: (test=75.000) precision: (test=0.658) recall: (test=0.507) accuracy: (test=0.964) average_precision: (test=0.621) balanced_accuracy: (test=0.747) f1: (test=0.572) roc_auc: (test=0.931) ]
write rank test to csv!!!
../../ex/epivan/base/pseknc-new_xgboost_base/rank/HUVEC_rank_rank_3_2080ti.csv write over!!!
第四次
{'objective': 'binary:logistic', 'use_label_encoder': False, 'base_score': None, 'booster': None, 'colsample_bylevel': None, 'colsample_bynode': None, 'colsample_bytree': 0.8, 'gamma': 0, 'gpu_id': None, 'importance_type': 'gain', 'interaction_constraints': None, 'learning_rate': 0.1, 'max_delta_step': None, 'max_depth': 6, 'min_child_weight': 5, 'missing': nan, 'monotone_constraints': None, 'n_estimators': 1000, 'n_jobs': None, 'num_parallel_tree': None, 'random_state': None, 'reg_alpha': 0, 'reg_lambda': 1, 'scale_pos_weight': None, 'subsample': 0.8, 'tree_method': 'gpu_hist', 'validate_parameters': None, 'verbosity': None, 'seed': 0, 'eval_metric': 'logloss'}
Fitting, totalling 16 fits
[fit 1/16] END colsample_bytree=0.6, subsample=0.6; total=3192, TP=78, TN=2998, FP=42, FN=74; precision=0.650, recall=0.513
accuracy: (test=0.964) average_precision: (test=0.593) balanced_accuracy: (test=0.750) f1: (test=0.574) roc_auc: (test=0.914) 14.02s
[fit 2/16] END colsample_bytree=0.6, subsample=0.7; total=3192, TP=82, TN=2999, FP=41, FN=70; precision=0.667, recall=0.539
accuracy: (test=0.965) average_precision: (test=0.623) balanced_accuracy: (test=0.763) f1: (test=0.596) roc_auc: (test=0.923) 14.17s
[fit 3/16] END colsample_bytree=0.6, subsample=0.8; total=3192, TP=82, TN=2998, FP=42, FN=70; precision=0.661, recall=0.539
accuracy: (test=0.965) average_precision: (test=0.619) balanced_accuracy: (test=0.763) f1: (test=0.594) roc_auc: (test=0.913) 14.17s
[fit 4/16] END colsample_bytree=0.6, subsample=0.9; total=3192, TP=79, TN=2997, FP=43, FN=73; precision=0.648, recall=0.520
accuracy: (test=0.964) average_precision: (test=0.617) balanced_accuracy: (test=0.753) f1: (test=0.577) roc_auc: (test=0.919) 14.19s
[fit 5/16] END colsample_bytree=0.7, subsample=0.6; total=3192, TP=79, TN=2999, FP=41, FN=73; precision=0.658, recall=0.520
accuracy: (test=0.964) average_precision: (test=0.619) balanced_accuracy: (test=0.753) f1: (test=0.581) roc_auc: (test=0.929) 14.76s
[fit 6/16] END colsample_bytree=0.7, subsample=0.7; total=3192, TP=77, TN=2997, FP=43, FN=75; precision=0.642, recall=0.507
accuracy: (test=0.963) average_precision: (test=0.602) balanced_accuracy: (test=0.746) f1: (test=0.566) roc_auc: (test=0.921) 14.72s
[fit 7/16] END colsample_bytree=0.7, subsample=0.8; total=3192, TP=82, TN=3002, FP=38, FN=70; precision=0.683, recall=0.539
accuracy: (test=0.966) average_precision: (test=0.623) balanced_accuracy: (test=0.763) f1: (test=0.603) roc_auc: (test=0.927) 14.87s
[fit 8/16] END colsample_bytree=0.7, subsample=0.9; total=3192, TP=79, TN=3000, FP=40, FN=73; precision=0.664, recall=0.520
accuracy: (test=0.965) average_precision: (test=0.605) balanced_accuracy: (test=0.753) f1: (test=0.583) roc_auc: (test=0.925) 15.25s
[fit 9/16] END colsample_bytree=0.8, subsample=0.6; total=3192, TP=80, TN=3000, FP=40, FN=72; precision=0.667, recall=0.526
accuracy: (test=0.965) average_precision: (test=0.617) balanced_accuracy: (test=0.757) f1: (test=0.588) roc_auc: (test=0.924) 15.11s
[fit 10/16] END colsample_bytree=0.8, subsample=0.7; total=3192, TP=84, TN=3000, FP=40, FN=68; precision=0.677, recall=0.553
accuracy: (test=0.966) average_precision: (test=0.625) balanced_accuracy: (test=0.770) f1: (test=0.609) roc_auc: (test=0.925) 14.99s
[fit 11/16] END colsample_bytree=0.8, subsample=0.8; total=3192, TP=77, TN=3000, FP=40, FN=75; precision=0.658, recall=0.507
accuracy: (test=0.964) average_precision: (test=0.621) balanced_accuracy: (test=0.747) f1: (test=0.572) roc_auc: (test=0.931) 14.92s
[fit 12/16] END colsample_bytree=0.8, subsample=0.9; total=3192, TP=74, TN=2993, FP=47, FN=78; precision=0.612, recall=0.487
accuracy: (test=0.961) average_precision: (test=0.613) balanced_accuracy: (test=0.736) f1: (test=0.542) roc_auc: (test=0.923) 14.64s
[fit 13/16] END colsample_bytree=0.9, subsample=0.6; total=3192, TP=82, TN=2994, FP=46, FN=70; precision=0.641, recall=0.539
accuracy: (test=0.964) average_precision: (test=0.609) balanced_accuracy: (test=0.762) f1: (test=0.586) roc_auc: (test=0.920) 15.41s
[fit 14/16] END colsample_bytree=0.9, subsample=0.7; total=3192, TP=80, TN=3003, FP=37, FN=72; precision=0.684, recall=0.526
accuracy: (test=0.966) average_precision: (test=0.620) balanced_accuracy: (test=0.757) f1: (test=0.595) roc_auc: (test=0.914) 15.50s
[fit 15/16] END colsample_bytree=0.9, subsample=0.8; total=3192, TP=78, TN=3000, FP=40, FN=74; precision=0.661, recall=0.513
accuracy: (test=0.964) average_precision: (test=0.620) balanced_accuracy: (test=0.750) f1: (test=0.578) roc_auc: (test=0.920) 15.51s
[fit 16/16] END colsample_bytree=0.9, subsample=0.9; total=3192, TP=76, TN=2996, FP=44, FN=76; precision=0.633, recall=0.500
accuracy: (test=0.962) average_precision: (test=0.600) balanced_accuracy: (test=0.743) f1: (test=0.559) roc_auc: (test=0.916) 15.54s
clf.best_estimator_params: {'colsample_bytree': 0.8, 'subsample': 0.8}
best params found in line [12] for metric [roc_auc] in rank file
best params found in fit [11] for metric [roc_auc] in run_and_score file
clf.best_scoring_result: [Total: (test=3192) TP: (test=77.000) TN: (test=3000.000) FP: (test=40.000) FN: (test=75.000) precision: (test=0.658) recall: (test=0.507) accuracy: (test=0.964) average_precision: (test=0.621) balanced_accuracy: (test=0.747) f1: (test=0.572) roc_auc: (test=0.931) ]
write rank test to csv!!!
../../ex/epivan/base/pseknc-new_xgboost_base/rank/HUVEC_rank_rank_4_2080ti.csv write over!!!
第五次
{'objective': 'binary:logistic', 'use_label_encoder': False, 'base_score': None, 'booster': None, 'colsample_bylevel': None, 'colsample_bynode': None, 'colsample_bytree': 0.8, 'gamma': 0, 'gpu_id': None, 'importance_type': 'gain', 'interaction_constraints': None, 'learning_rate': 0.1, 'max_delta_step': None, 'max_depth': 6, 'min_child_weight': 5, 'missing': nan, 'monotone_constraints': None, 'n_estimators': 1000, 'n_jobs': None, 'num_parallel_tree': None, 'random_state': None, 'reg_alpha': 0, 'reg_lambda': 1, 'scale_pos_weight': None, 'subsample': 0.8, 'tree_method': 'gpu_hist', 'validate_parameters': None, 'verbosity': None, 'seed': 0, 'eval_metric': 'logloss'}
Fitting, totalling 81 fits
[fit 1/81] END reg_alpha=0, reg_lambda=0; total=3192, TP=78, TN=2999, FP=41, FN=74; precision=0.655, recall=0.513
accuracy: (test=0.964) average_precision: (test=0.614) balanced_accuracy: (test=0.750) f1: (test=0.576) roc_auc: (test=0.916) 14.46s
[fit 2/81] END reg_alpha=0, reg_lambda=0.01; total=3192, TP=81, TN=2998, FP=42, FN=71; precision=0.659, recall=0.533
accuracy: (test=0.965) average_precision: (test=0.615) balanced_accuracy: (test=0.760) f1: (test=0.589) roc_auc: (test=0.918) 14.69s
[fit 3/81] END reg_alpha=0, reg_lambda=0.02; total=3192, TP=79, TN=2993, FP=47, FN=73; precision=0.627, recall=0.520
accuracy: (test=0.962) average_precision: (test=0.618) balanced_accuracy: (test=0.752) f1: (test=0.568) roc_auc: (test=0.926) 14.41s
[fit 4/81] END reg_alpha=0, reg_lambda=0.05; total=3192, TP=76, TN=2999, FP=41, FN=76; precision=0.650, recall=0.500
accuracy: (test=0.963) average_precision: (test=0.619) balanced_accuracy: (test=0.743) f1: (test=0.565) roc_auc: (test=0.925) 14.42s
[fit 5/81] END reg_alpha=0, reg_lambda=0.1; total=3192, TP=78, TN=2997, FP=43, FN=74; precision=0.645, recall=0.513
accuracy: (test=0.963) average_precision: (test=0.600) balanced_accuracy: (test=0.750) f1: (test=0.571) roc_auc: (test=0.910) 14.60s
[fit 6/81] END reg_alpha=0, reg_lambda=0.5; total=3192, TP=78, TN=2999, FP=41, FN=74; precision=0.655, recall=0.513
accuracy: (test=0.964) average_precision: (test=0.623) balanced_accuracy: (test=0.750) f1: (test=0.576) roc_auc: (test=0.916) 14.85s
[fit 7/81] END reg_alpha=0, reg_lambda=1; total=3192, TP=77, TN=3000, FP=40, FN=75; precision=0.658, recall=0.507
accuracy: (test=0.964) average_precision: (test=0.621) balanced_accuracy: (test=0.747) f1: (test=0.572) roc_auc: (test=0.931) 15.10s
[fit 8/81] END reg_alpha=0, reg_lambda=2; total=3192, TP=80, TN=3000, FP=40, FN=72; precision=0.667, recall=0.526
accuracy: (test=0.965) average_precision: (test=0.617) balanced_accuracy: (test=0.757) f1: (test=0.588) roc_auc: (test=0.921) 15.12s
[fit 9/81] END reg_alpha=0, reg_lambda=3; total=3192, TP=81, TN=3000, FP=40, FN=71; precision=0.669, recall=0.533
accuracy: (test=0.965) average_precision: (test=0.628) balanced_accuracy: (test=0.760) f1: (test=0.593) roc_auc: (test=0.923) 15.79s
[fit 10/81] END reg_alpha=0.01, reg_lambda=0; total=3192, TP=77, TN=2996, FP=44, FN=75; precision=0.636, recall=0.507
accuracy: (test=0.963) average_precision: (test=0.619) balanced_accuracy: (test=0.746) f1: (test=0.564) roc_auc: (test=0.923) 14.77s
[fit 11/81] END reg_alpha=0.01, reg_lambda=0.01; total=3192, TP=75, TN=3000, FP=40, FN=77; precision=0.652, recall=0.493
accuracy: (test=0.963) average_precision: (test=0.611) balanced_accuracy: (test=0.740) f1: (test=0.562) roc_auc: (test=0.921) 14.75s
[fit 12/81] END reg_alpha=0.01, reg_lambda=0.02; total=3192, TP=77, TN=2999, FP=41, FN=75; precision=0.653, recall=0.507
accuracy: (test=0.964) average_precision: (test=0.609) balanced_accuracy: (test=0.747) f1: (test=0.570) roc_auc: (test=0.924) 14.60s
[fit 13/81] END reg_alpha=0.01, reg_lambda=0.05; total=3192, TP=79, TN=2999, FP=41, FN=73; precision=0.658, recall=0.520
accuracy: (test=0.964) average_precision: (test=0.606) balanced_accuracy: (test=0.753) f1: (test=0.581) roc_auc: (test=0.923) 14.91s
[fit 14/81] END reg_alpha=0.01, reg_lambda=0.1; total=3192, TP=81, TN=2999, FP=41, FN=71; precision=0.664, recall=0.533
accuracy: (test=0.965) average_precision: (test=0.615) balanced_accuracy: (test=0.760) f1: (test=0.591) roc_auc: (test=0.921) 14.86s
[fit 15/81] END reg_alpha=0.01, reg_lambda=0.5; total=3192, TP=78, TN=3003, FP=37, FN=74; precision=0.678, recall=0.513
accuracy: (test=0.965) average_precision: (test=0.634) balanced_accuracy: (test=0.750) f1: (test=0.584) roc_auc: (test=0.918) 15.00s
[fit 16/81] END reg_alpha=0.01, reg_lambda=1; total=3192, TP=80, TN=3001, FP=39, FN=72; precision=0.672, recall=0.526
accuracy: (test=0.965) average_precision: (test=0.624) balanced_accuracy: (test=0.757) f1: (test=0.590) roc_auc: (test=0.920) 15.07s
[fit 17/81] END reg_alpha=0.01, reg_lambda=2; total=3192, TP=78, TN=3000, FP=40, FN=74; precision=0.661, recall=0.513
accuracy: (test=0.964) average_precision: (test=0.612) balanced_accuracy: (test=0.750) f1: (test=0.578) roc_auc: (test=0.920) 15.35s
[fit 18/81] END reg_alpha=0.01, reg_lambda=3; total=3192, TP=81, TN=2998, FP=42, FN=71; precision=0.659, recall=0.533
accuracy: (test=0.965) average_precision: (test=0.625) balanced_accuracy: (test=0.760) f1: (test=0.589) roc_auc: (test=0.921) 15.92s
[fit 19/81] END reg_alpha=0.02, reg_lambda=0; total=3192, TP=79, TN=2997, FP=43, FN=73; precision=0.648, recall=0.520
accuracy: (test=0.964) average_precision: (test=0.622) balanced_accuracy: (test=0.753) f1: (test=0.577) roc_auc: (test=0.923) 14.86s
[fit 20/81] END reg_alpha=0.02, reg_lambda=0.01; total=3192, TP=80, TN=3002, FP=38, FN=72; precision=0.678, recall=0.526
accuracy: (test=0.966) average_precision: (test=0.628) balanced_accuracy: (test=0.757) f1: (test=0.593) roc_auc: (test=0.926) 14.92s
[fit 21/81] END reg_alpha=0.02, reg_lambda=0.02; total=3192, TP=78, TN=2997, FP=43, FN=74; precision=0.645, recall=0.513
accuracy: (test=0.963) average_precision: (test=0.610) balanced_accuracy: (test=0.750) f1: (test=0.571) roc_auc: (test=0.921) 14.53s
[fit 22/81] END reg_alpha=0.02, reg_lambda=0.05; total=3192, TP=78, TN=2998, FP=42, FN=74; precision=0.650, recall=0.513
accuracy: (test=0.964) average_precision: (test=0.612) balanced_accuracy: (test=0.750) f1: (test=0.574) roc_auc: (test=0.931) 14.78s
[fit 23/81] END reg_alpha=0.02, reg_lambda=0.1; total=3192, TP=81, TN=2999, FP=41, FN=71; precision=0.664, recall=0.533
accuracy: (test=0.965) average_precision: (test=0.617) balanced_accuracy: (test=0.760) f1: (test=0.591) roc_auc: (test=0.922) 14.77s
[fit 24/81] END reg_alpha=0.02, reg_lambda=0.5; total=3192, TP=79, TN=2999, FP=41, FN=73; precision=0.658, recall=0.520
accuracy: (test=0.964) average_precision: (test=0.624) balanced_accuracy: (test=0.753) f1: (test=0.581) roc_auc: (test=0.922) 15.00s
[fit 25/81] END reg_alpha=0.02, reg_lambda=1; total=3192, TP=80, TN=2996, FP=44, FN=72; precision=0.645, recall=0.526
accuracy: (test=0.964) average_precision: (test=0.610) balanced_accuracy: (test=0.756) f1: (test=0.580) roc_auc: (test=0.927) 15.07s
[fit 26/81] END reg_alpha=0.02, reg_lambda=2; total=3192, TP=78, TN=3003, FP=37, FN=74; precision=0.678, recall=0.513
accuracy: (test=0.965) average_precision: (test=0.628) balanced_accuracy: (test=0.750) f1: (test=0.584) roc_auc: (test=0.923) 15.77s
[fit 27/81] END reg_alpha=0.02, reg_lambda=3; total=3192, TP=78, TN=2997, FP=43, FN=74; precision=0.645, recall=0.513
accuracy: (test=0.963) average_precision: (test=0.620) balanced_accuracy: (test=0.750) f1: (test=0.571) roc_auc: (test=0.925) 16.17s
[fit 28/81] END reg_alpha=0.05, reg_lambda=0; total=3192, TP=77, TN=3000, FP=40, FN=75; precision=0.658, recall=0.507
accuracy: (test=0.964) average_precision: (test=0.603) balanced_accuracy: (test=0.747) f1: (test=0.572) roc_auc: (test=0.923) 14.79s
[fit 29/81] END reg_alpha=0.05, reg_lambda=0.01; total=3192, TP=75, TN=2996, FP=44, FN=77; precision=0.630, recall=0.493
accuracy: (test=0.962) average_precision: (test=0.614) balanced_accuracy: (test=0.739) f1: (test=0.554) roc_auc: (test=0.925) 14.72s
[fit 30/81] END reg_alpha=0.05, reg_lambda=0.02; total=3192, TP=79, TN=3001, FP=39, FN=73; precision=0.669, recall=0.520
accuracy: (test=0.965) average_precision: (test=0.617) balanced_accuracy: (test=0.753) f1: (test=0.585) roc_auc: (test=0.926) 14.71s
[fit 31/81] END reg_alpha=0.05, reg_lambda=0.05; total=3192, TP=78, TN=2993, FP=47, FN=74; precision=0.624, recall=0.513
accuracy: (test=0.962) average_precision: (test=0.607) balanced_accuracy: (test=0.749) f1: (test=0.563) roc_auc: (test=0.924) 14.85s
[fit 32/81] END reg_alpha=0.05, reg_lambda=0.1; total=3192, TP=77, TN=3003, FP=37, FN=75; precision=0.675, recall=0.507
accuracy: (test=0.965) average_precision: (test=0.620) balanced_accuracy: (test=0.747) f1: (test=0.579) roc_auc: (test=0.921) 14.87s
[fit 33/81] END reg_alpha=0.05, reg_lambda=0.5; total=3192, TP=77, TN=3001, FP=39, FN=75; precision=0.664, recall=0.507
accuracy: (test=0.964) average_precision: (test=0.628) balanced_accuracy: (test=0.747) f1: (test=0.575) roc_auc: (test=0.921) 15.12s
[fit 34/81] END reg_alpha=0.05, reg_lambda=1; total=3192, TP=80, TN=3004, FP=36, FN=72; precision=0.690, recall=0.526
accuracy: (test=0.966) average_precision: (test=0.633) balanced_accuracy: (test=0.757) f1: (test=0.597) roc_auc: (test=0.923) 15.56s
[fit 35/81] END reg_alpha=0.05, reg_lambda=2; total=3192, TP=75, TN=2996, FP=44, FN=77; precision=0.630, recall=0.493
accuracy: (test=0.962) average_precision: (test=0.614) balanced_accuracy: (test=0.739) f1: (test=0.554) roc_auc: (test=0.922) 16.21s
[fit 36/81] END reg_alpha=0.05, reg_lambda=3; total=3192, TP=78, TN=2997, FP=43, FN=74; precision=0.645, recall=0.513
accuracy: (test=0.963) average_precision: (test=0.610) balanced_accuracy: (test=0.750) f1: (test=0.571) roc_auc: (test=0.924) 16.18s
[fit 37/81] END reg_alpha=0.1, reg_lambda=0; total=3192, TP=79, TN=3003, FP=37, FN=73; precision=0.681, recall=0.520
accuracy: (test=0.966) average_precision: (test=0.619) balanced_accuracy: (test=0.754) f1: (test=0.590) roc_auc: (test=0.926) 15.38s
[fit 38/81] END reg_alpha=0.1, reg_lambda=0.01; total=3192, TP=79, TN=2999, FP=41, FN=73; precision=0.658, recall=0.520
accuracy: (test=0.964) average_precision: (test=0.601) balanced_accuracy: (test=0.753) f1: (test=0.581) roc_auc: (test=0.927) 15.29s
[fit 39/81] END reg_alpha=0.1, reg_lambda=0.02; total=3192, TP=83, TN=3005, FP=35, FN=69; precision=0.703, recall=0.546
accuracy: (test=0.967) average_precision: (test=0.623) balanced_accuracy: (test=0.767) f1: (test=0.615) roc_auc: (test=0.924) 15.27s
[fit 40/81] END reg_alpha=0.1, reg_lambda=0.05; total=3192, TP=79, TN=2997, FP=43, FN=73; precision=0.648, recall=0.520
accuracy: (test=0.964) average_precision: (test=0.618) balanced_accuracy: (test=0.753) f1: (test=0.577) roc_auc: (test=0.913) 15.40s
[fit 41/81] END reg_alpha=0.1, reg_lambda=0.1; total=3192, TP=77, TN=2995, FP=45, FN=75; precision=0.631, recall=0.507
accuracy: (test=0.962) average_precision: (test=0.610) balanced_accuracy: (test=0.746) f1: (test=0.562) roc_auc: (test=0.918) 15.29s
[fit 42/81] END reg_alpha=0.1, reg_lambda=0.5; total=3192, TP=80, TN=3005, FP=35, FN=72; precision=0.696, recall=0.526
accuracy: (test=0.966) average_precision: (test=0.623) balanced_accuracy: (test=0.757) f1: (test=0.599) roc_auc: (test=0.929) 15.86s
[fit 43/81] END reg_alpha=0.1, reg_lambda=1; total=3192, TP=77, TN=2998, FP=42, FN=75; precision=0.647, recall=0.507
accuracy: (test=0.963) average_precision: (test=0.609) balanced_accuracy: (test=0.746) f1: (test=0.568) roc_auc: (test=0.920) 15.98s
[fit 44/81] END reg_alpha=0.1, reg_lambda=2; total=3192, TP=79, TN=3002, FP=38, FN=73; precision=0.675, recall=0.520
accuracy: (test=0.965) average_precision: (test=0.608) balanced_accuracy: (test=0.754) f1: (test=0.587) roc_auc: (test=0.920) 16.23s
[fit 45/81] END reg_alpha=0.1, reg_lambda=3; total=3192, TP=79, TN=3005, FP=35, FN=73; precision=0.693, recall=0.520
accuracy: (test=0.966) average_precision: (test=0.627) balanced_accuracy: (test=0.754) f1: (test=0.594) roc_auc: (test=0.924) 16.42s
[fit 46/81] END reg_alpha=0.5, reg_lambda=0; total=3192, TP=77, TN=2998, FP=42, FN=75; precision=0.647, recall=0.507
accuracy: (test=0.963) average_precision: (test=0.620) balanced_accuracy: (test=0.746) f1: (test=0.568) roc_auc: (test=0.921) 16.86s
[fit 47/81] END reg_alpha=0.5, reg_lambda=0.01; total=3192, TP=83, TN=2994, FP=46, FN=69; precision=0.643, recall=0.546
accuracy: (test=0.964) average_precision: (test=0.621) balanced_accuracy: (test=0.765) f1: (test=0.591) roc_auc: (test=0.931) 16.70s
[fit 48/81] END reg_alpha=0.5, reg_lambda=0.02; total=3192, TP=77, TN=3000, FP=40, FN=75; precision=0.658, recall=0.507
accuracy: (test=0.964) average_precision: (test=0.621) balanced_accuracy: (test=0.747) f1: (test=0.572) roc_auc: (test=0.925) 16.63s
[fit 49/81] END reg_alpha=0.5, reg_lambda=0.05; total=3192, TP=77, TN=3003, FP=37, FN=75; precision=0.675, recall=0.507
accuracy: (test=0.965) average_precision: (test=0.602) balanced_accuracy: (test=0.747) f1: (test=0.579) roc_auc: (test=0.917) 16.81s
[fit 50/81] END reg_alpha=0.5, reg_lambda=0.1; total=3192, TP=76, TN=3001, FP=39, FN=76; precision=0.661, recall=0.500
accuracy: (test=0.964) average_precision: (test=0.617) balanced_accuracy: (test=0.744) f1: (test=0.569) roc_auc: (test=0.925) 16.87s
[fit 51/81] END reg_alpha=0.5, reg_lambda=0.5; total=3192, TP=80, TN=3003, FP=37, FN=72; precision=0.684, recall=0.526
accuracy: (test=0.966) average_precision: (test=0.624) balanced_accuracy: (test=0.757) f1: (test=0.595) roc_auc: (test=0.918) 17.18s
[fit 52/81] END reg_alpha=0.5, reg_lambda=1; total=3192, TP=76, TN=3001, FP=39, FN=76; precision=0.661, recall=0.500
accuracy: (test=0.964) average_precision: (test=0.619) balanced_accuracy: (test=0.744) f1: (test=0.569) roc_auc: (test=0.921) 17.27s
[fit 53/81] END reg_alpha=0.5, reg_lambda=2; total=3192, TP=80, TN=3004, FP=36, FN=72; precision=0.690, recall=0.526
accuracy: (test=0.966) average_precision: (test=0.620) balanced_accuracy: (test=0.757) f1: (test=0.597) roc_auc: (test=0.920) 17.04s
[fit 54/81] END reg_alpha=0.5, reg_lambda=3; total=3192, TP=78, TN=3001, FP=39, FN=74; precision=0.667, recall=0.513
accuracy: (test=0.965) average_precision: (test=0.617) balanced_accuracy: (test=0.750) f1: (test=0.580) roc_auc: (test=0.928) 16.80s
[fit 55/81] END reg_alpha=1, reg_lambda=0; total=3192, TP=79, TN=3002, FP=38, FN=73; precision=0.675, recall=0.520
accuracy: (test=0.965) average_precision: (test=0.633) balanced_accuracy: (test=0.754) f1: (test=0.587) roc_auc: (test=0.924) 17.38s
[fit 56/81] END reg_alpha=1, reg_lambda=0.01; total=3192, TP=77, TN=2998, FP=42, FN=75; precision=0.647, recall=0.507
accuracy: (test=0.963) average_precision: (test=0.617) balanced_accuracy: (test=0.746) f1: (test=0.568) roc_auc: (test=0.921) 17.70s
[fit 57/81] END reg_alpha=1, reg_lambda=0.02; total=3192, TP=78, TN=2995, FP=45, FN=74; precision=0.634, recall=0.513
accuracy: (test=0.963) average_precision: (test=0.622) balanced_accuracy: (test=0.749) f1: (test=0.567) roc_auc: (test=0.932) 17.73s
[fit 58/81] END reg_alpha=1, reg_lambda=0.05; total=3192, TP=77, TN=2999, FP=41, FN=75; precision=0.653, recall=0.507
accuracy: (test=0.964) average_precision: (test=0.630) balanced_accuracy: (test=0.747) f1: (test=0.570) roc_auc: (test=0.919) 17.55s
[fit 59/81] END reg_alpha=1, reg_lambda=0.1; total=3192, TP=82, TN=3000, FP=40, FN=70; precision=0.672, recall=0.539
accuracy: (test=0.966) average_precision: (test=0.627) balanced_accuracy: (test=0.763) f1: (test=0.599) roc_auc: (test=0.919) 17.80s
[fit 60/81] END reg_alpha=1, reg_lambda=0.5; total=3192, TP=81, TN=3002, FP=38, FN=71; precision=0.681, recall=0.533
accuracy: (test=0.966) average_precision: (test=0.631) balanced_accuracy: (test=0.760) f1: (test=0.598) roc_auc: (test=0.930) 17.96s
[fit 61/81] END reg_alpha=1, reg_lambda=1; total=3192, TP=76, TN=3002, FP=38, FN=76; precision=0.667, recall=0.500
accuracy: (test=0.964) average_precision: (test=0.623) balanced_accuracy: (test=0.744) f1: (test=0.571) roc_auc: (test=0.929) 17.94s
[fit 62/81] END reg_alpha=1, reg_lambda=2; total=3192, TP=81, TN=3002, FP=38, FN=71; precision=0.681, recall=0.533
accuracy: (test=0.966) average_precision: (test=0.615) balanced_accuracy: (test=0.760) f1: (test=0.598) roc_auc: (test=0.926) 18.00s
[fit 63/81] END reg_alpha=1, reg_lambda=3; total=3192, TP=75, TN=2999, FP=41, FN=77; precision=0.647, recall=0.493
accuracy: (test=0.963) average_precision: (test=0.613) balanced_accuracy: (test=0.740) f1: (test=0.560) roc_auc: (test=0.922) 18.27s
[fit 64/81] END reg_alpha=2, reg_lambda=0; total=3192, TP=79, TN=3000, FP=40, FN=73; precision=0.664, recall=0.520
accuracy: (test=0.965) average_precision: (test=0.627) balanced_accuracy: (test=0.753) f1: (test=0.583) roc_auc: (test=0.928) 19.52s
[fit 65/81] END reg_alpha=2, reg_lambda=0.01; total=3192, TP=77, TN=3000, FP=40, FN=75; precision=0.658, recall=0.507
accuracy: (test=0.964) average_precision: (test=0.633) balanced_accuracy: (test=0.747) f1: (test=0.572) roc_auc: (test=0.930) 19.51s
[fit 66/81] END reg_alpha=2, reg_lambda=0.02; total=3192, TP=78, TN=2997, FP=43, FN=74; precision=0.645, recall=0.513
accuracy: (test=0.963) average_precision: (test=0.622) balanced_accuracy: (test=0.750) f1: (test=0.571) roc_auc: (test=0.926) 19.29s
[fit 67/81] END reg_alpha=2, reg_lambda=0.05; total=3192, TP=76, TN=3001, FP=39, FN=76; precision=0.661, recall=0.500
accuracy: (test=0.964) average_precision: (test=0.622) balanced_accuracy: (test=0.744) f1: (test=0.569) roc_auc: (test=0.925) 19.27s
[fit 68/81] END reg_alpha=2, reg_lambda=0.1; total=3192, TP=77, TN=2995, FP=45, FN=75; precision=0.631, recall=0.507
accuracy: (test=0.962) average_precision: (test=0.618) balanced_accuracy: (test=0.746) f1: (test=0.562) roc_auc: (test=0.924) 19.37s
[fit 69/81] END reg_alpha=2, reg_lambda=0.5; total=3192, TP=76, TN=2998, FP=42, FN=76; precision=0.644, recall=0.500
accuracy: (test=0.963) average_precision: (test=0.618) balanced_accuracy: (test=0.743) f1: (test=0.563) roc_auc: (test=0.921) 19.51s
[fit 70/81] END reg_alpha=2, reg_lambda=1; total=3192, TP=81, TN=3000, FP=40, FN=71; precision=0.669, recall=0.533
accuracy: (test=0.965) average_precision: (test=0.607) balanced_accuracy: (test=0.760) f1: (test=0.593) roc_auc: (test=0.921) 19.39s
[fit 71/81] END reg_alpha=2, reg_lambda=2; total=3192, TP=83, TN=3000, FP=40, FN=69; precision=0.675, recall=0.546
accuracy: (test=0.966) average_precision: (test=0.625) balanced_accuracy: (test=0.766) f1: (test=0.604) roc_auc: (test=0.919) 19.47s
[fit 72/81] END reg_alpha=2, reg_lambda=3; total=3192, TP=77, TN=3002, FP=38, FN=75; precision=0.670, recall=0.507
accuracy: (test=0.965) average_precision: (test=0.616) balanced_accuracy: (test=0.747) f1: (test=0.577) roc_auc: (test=0.927) 19.52s
[fit 73/81] END reg_alpha=3, reg_lambda=0; total=3192, TP=75, TN=3001, FP=39, FN=77; precision=0.658, recall=0.493
accuracy: (test=0.964) average_precision: (test=0.609) balanced_accuracy: (test=0.740) f1: (test=0.564) roc_auc: (test=0.917) 19.57s
[fit 74/81] END reg_alpha=3, reg_lambda=0.01; total=3192, TP=77, TN=3000, FP=40, FN=75; precision=0.658, recall=0.507
accuracy: (test=0.964) average_precision: (test=0.620) balanced_accuracy: (test=0.747) f1: (test=0.572) roc_auc: (test=0.924) 19.61s
[fit 75/81] END reg_alpha=3, reg_lambda=0.02; total=3192, TP=79, TN=3001, FP=39, FN=73; precision=0.669, recall=0.520
accuracy: (test=0.965) average_precision: (test=0.621) balanced_accuracy: (test=0.753) f1: (test=0.585) roc_auc: (test=0.919) 19.78s
[fit 76/81] END reg_alpha=3, reg_lambda=0.05; total=3192, TP=77, TN=2994, FP=46, FN=75; precision=0.626, recall=0.507
accuracy: (test=0.962) average_precision: (test=0.611) balanced_accuracy: (test=0.746) f1: (test=0.560) roc_auc: (test=0.929) 19.80s
[fit 77/81] END reg_alpha=3, reg_lambda=0.1; total=3192, TP=83, TN=3001, FP=39, FN=69; precision=0.680, recall=0.546
accuracy: (test=0.966) average_precision: (test=0.615) balanced_accuracy: (test=0.767) f1: (test=0.606) roc_auc: (test=0.915) 19.87s
[fit 78/81] END reg_alpha=3, reg_lambda=0.5; total=3192, TP=77, TN=3006, FP=34, FN=75; precision=0.694, recall=0.507
accuracy: (test=0.966) average_precision: (test=0.613) balanced_accuracy: (test=0.748) f1: (test=0.586) roc_auc: (test=0.925) 19.90s
[fit 79/81] END reg_alpha=3, reg_lambda=1; total=3192, TP=76, TN=3004, FP=36, FN=76; precision=0.679, recall=0.500
accuracy: (test=0.965) average_precision: (test=0.607) balanced_accuracy: (test=0.744) f1: (test=0.576) roc_auc: (test=0.925) 20.24s
[fit 80/81] END reg_alpha=3, reg_lambda=2; total=3192, TP=75, TN=2999, FP=41, FN=77; precision=0.647, recall=0.493
accuracy: (test=0.963) average_precision: (test=0.607) balanced_accuracy: (test=0.740) f1: (test=0.560) roc_auc: (test=0.922) 20.20s
[fit 81/81] END reg_alpha=3, reg_lambda=3; total=3192, TP=79, TN=3000, FP=40, FN=73; precision=0.664, recall=0.520
accuracy: (test=0.965) average_precision: (test=0.606) balanced_accuracy: (test=0.753) f1: (test=0.583) roc_auc: (test=0.918) 20.50s
clf.best_estimator_params: {'reg_alpha': 1, 'reg_lambda': 0.02}
best params found in line [58] for metric [roc_auc] in rank file
best params found in fit [57] for metric [roc_auc] in run_and_score file
clf.best_scoring_result: [Total: (test=3192) TP: (test=78.000) TN: (test=2995.000) FP: (test=45.000) FN: (test=74.000) precision: (test=0.634) recall: (test=0.513) accuracy: (test=0.963) average_precision: (test=0.622) balanced_accuracy: (test=0.749) f1: (test=0.567) roc_auc: (test=0.932) ]
write rank test to csv!!!
../../ex/epivan/base/pseknc-new_xgboost_base/rank/HUVEC_rank_rank_5_2080ti.csv write over!!!
第六次
{'objective': 'binary:logistic', 'use_label_encoder': False, 'base_score': None, 'booster': None, 'colsample_bylevel': None, 'colsample_bynode': None, 'colsample_bytree': 0.8, 'gamma': 0, 'gpu_id': None, 'importance_type': 'gain', 'interaction_constraints': None, 'learning_rate': 0.1, 'max_delta_step': None, 'max_depth': 6, 'min_child_weight': 5, 'missing': nan, 'monotone_constraints': None, 'n_estimators': 1000, 'n_jobs': None, 'num_parallel_tree': None, 'random_state': None, 'reg_alpha': 1, 'reg_lambda': 0.02, 'scale_pos_weight': None, 'subsample': 0.8, 'tree_method': 'gpu_hist', 'validate_parameters': None, 'verbosity': None, 'seed': 0, 'eval_metric': 'logloss'}
Fitting, totalling 9 fits
[fit 1/9] END learning_rate=0.001; total=3192, TP=80, TN=2598, FP=442, FN=72; precision=0.153, recall=0.526
accuracy: (test=0.839) average_precision: (test=0.274) balanced_accuracy: (test=0.690) f1: (test=0.237) roc_auc: (test=0.769) 22.04s
[fit 2/9] END learning_rate=0.01; total=3192, TP=95, TN=2899, FP=141, FN=57; precision=0.403, recall=0.625
accuracy: (test=0.938) average_precision: (test=0.464) balanced_accuracy: (test=0.789) f1: (test=0.490) roc_auc: (test=0.889) 19.01s
[fit 3/9] END learning_rate=0.05; total=3192, TP=82, TN=2994, FP=46, FN=70; precision=0.641, recall=0.539
accuracy: (test=0.964) average_precision: (test=0.609) balanced_accuracy: (test=0.762) f1: (test=0.586) roc_auc: (test=0.924) 17.94s
[fit 4/9] END learning_rate=0.07; total=3192, TP=79, TN=2997, FP=43, FN=73; precision=0.648, recall=0.520
accuracy: (test=0.964) average_precision: (test=0.617) balanced_accuracy: (test=0.753) f1: (test=0.577) roc_auc: (test=0.921) 18.05s
[fit 5/9] END learning_rate=0.1; total=3192, TP=78, TN=2995, FP=45, FN=74; precision=0.634, recall=0.513
accuracy: (test=0.963) average_precision: (test=0.622) balanced_accuracy: (test=0.749) f1: (test=0.567) roc_auc: (test=0.932) 17.84s
[fit 6/9] END learning_rate=0.2; total=3192, TP=79, TN=3006, FP=34, FN=73; precision=0.699, recall=0.520
accuracy: (test=0.966) average_precision: (test=0.631) balanced_accuracy: (test=0.754) f1: (test=0.596) roc_auc: (test=0.921) 15.89s
[fit 7/9] END learning_rate=0.5; total=3192, TP=80, TN=2990, FP=50, FN=72; precision=0.615, recall=0.526
accuracy: (test=0.962) average_precision: (test=0.556) balanced_accuracy: (test=0.755) f1: (test=0.567) roc_auc: (test=0.902) 10.63s
[fit 8/9] END learning_rate=0.75; total=3192, TP=75, TN=2975, FP=65, FN=77; precision=0.536, recall=0.493
accuracy: (test=0.956) average_precision: (test=0.527) balanced_accuracy: (test=0.736) f1: (test=0.514) roc_auc: (test=0.895) 9.00s
[fit 9/9] END learning_rate=1.0; total=3192, TP=78, TN=2951, FP=89, FN=74; precision=0.467, recall=0.513
accuracy: (test=0.949) average_precision: (test=0.495) balanced_accuracy: (test=0.742) f1: (test=0.489) roc_auc: (test=0.883) 7.96s
clf.best_estimator_params: {'learning_rate': 0.1}
best params found in line [6] for metric [roc_auc] in rank file
best params found in fit [5] for metric [roc_auc] in run_and_score file
clf.best_scoring_result: [Total: (test=3192) TP: (test=78.000) TN: (test=2995.000) FP: (test=45.000) FN: (test=74.000) precision: (test=0.634) recall: (test=0.513) accuracy: (test=0.963) average_precision: (test=0.622) balanced_accuracy: (test=0.749) f1: (test=0.567) roc_auc: (test=0.932) ]
write rank test to csv!!!
../../ex/epivan/base/pseknc-new_xgboost_base/rank/HUVEC_rank_rank_6_2080ti.csv write over!!!
total time spending: 51.54min
best_params_result: {'n_estimators': 1000, 'max_depth': 6, 'min_child_weight': 5, 'gamma': 0, 'colsample_bytree': 0.8, 'subsample': 0.8, 'reg_alpha': 1, 'reg_lambda': 0.02, 'learning_rate': 0.1}
