nohup: ignoring input
../../ex/epivan/base/pseknc-new_deepforest_base created !!!
../../ex/epivan/base/pseknc-new_deepforest_base/rank created !!!
experiment: IMR90 pseknc-new_deepforest
trainSet len:[X=45080,y=45080]
testSet len:[X=2625,y=2625]
Fitting, totalling 140 fits
[fit 1/140] END max_layers=10, n_estimators=2, n_trees=50; total=2625, TP=53, TN=2500, FP=0, FN=72; precision=1.000, recall=0.424
accuracy: (test=0.973) average_precision: (test=0.565) balanced_accuracy: (test=0.712) f1: (test=0.596) roc_auc: (test=0.791) 1.10min
[fit 2/140] END max_layers=10, n_estimators=2, n_trees=100; total=2625, TP=55, TN=2500, FP=0, FN=70; precision=1.000, recall=0.440
accuracy: (test=0.973) average_precision: (test=0.691) balanced_accuracy: (test=0.720) f1: (test=0.611) roc_auc: (test=0.905) 1.93min
[fit 3/140] END max_layers=10, n_estimators=2, n_trees=150; total=2625, TP=55, TN=2500, FP=0, FN=70; precision=1.000, recall=0.440
accuracy: (test=0.973) average_precision: (test=0.724) balanced_accuracy: (test=0.720) f1: (test=0.611) roc_auc: (test=0.907) 2.81min
[fit 4/140] END max_layers=10, n_estimators=2, n_trees=200; total=2625, TP=55, TN=2500, FP=0, FN=70; precision=1.000, recall=0.440
accuracy: (test=0.973) average_precision: (test=0.728) balanced_accuracy: (test=0.720) f1: (test=0.611) roc_auc: (test=0.923) 3.67min
[fit 5/140] END max_layers=10, n_estimators=2, n_trees=250; total=2625, TP=57, TN=2499, FP=1, FN=68; precision=0.983, recall=0.456
accuracy: (test=0.974) average_precision: (test=0.736) balanced_accuracy: (test=0.728) f1: (test=0.623) roc_auc: (test=0.915) 4.59min
[fit 6/140] END max_layers=10, n_estimators=2, n_trees=300; total=2625, TP=54, TN=2500, FP=0, FN=71; precision=1.000, recall=0.432
accuracy: (test=0.973) average_precision: (test=0.743) balanced_accuracy: (test=0.716) f1: (test=0.603) roc_auc: (test=0.930) 5.59min
[fit 7/140] END max_layers=10, n_estimators=2, n_trees=400; total=2625, TP=54, TN=2500, FP=0, FN=71; precision=1.000, recall=0.432
accuracy: (test=0.973) average_precision: (test=0.737) balanced_accuracy: (test=0.716) f1: (test=0.603) roc_auc: (test=0.917) 7.00min
[fit 8/140] END max_layers=10, n_estimators=5, n_trees=50; total=2625, TP=51, TN=2500, FP=0, FN=74; precision=1.000, recall=0.408
accuracy: (test=0.972) average_precision: (test=0.552) balanced_accuracy: (test=0.704) f1: (test=0.580) roc_auc: (test=0.762) 2.80min
[fit 9/140] END max_layers=10, n_estimators=5, n_trees=100; total=2625, TP=54, TN=2500, FP=0, FN=71; precision=1.000, recall=0.432
accuracy: (test=0.973) average_precision: (test=0.575) balanced_accuracy: (test=0.716) f1: (test=0.603) roc_auc: (test=0.792) 5.46min
[fit 10/140] END max_layers=10, n_estimators=5, n_trees=150; total=2625, TP=50, TN=2500, FP=0, FN=75; precision=1.000, recall=0.400
accuracy: (test=0.971) average_precision: (test=0.619) balanced_accuracy: (test=0.700) f1: (test=0.571) roc_auc: (test=0.821) 8.63min
[fit 11/140] END max_layers=10, n_estimators=5, n_trees=200; total=2625, TP=56, TN=2500, FP=0, FN=69; precision=1.000, recall=0.448
accuracy: (test=0.974) average_precision: (test=0.702) balanced_accuracy: (test=0.724) f1: (test=0.619) roc_auc: (test=0.887) 7.73min
[fit 12/140] END max_layers=10, n_estimators=5, n_trees=250; total=2625, TP=56, TN=2499, FP=1, FN=69; precision=0.982, recall=0.448
accuracy: (test=0.973) average_precision: (test=0.701) balanced_accuracy: (test=0.724) f1: (test=0.615) roc_auc: (test=0.896) 9.57min
[fit 13/140] END max_layers=10, n_estimators=5, n_trees=300; total=2625, TP=53, TN=2499, FP=1, FN=72; precision=0.981, recall=0.424
accuracy: (test=0.972) average_precision: (test=0.741) balanced_accuracy: (test=0.712) f1: (test=0.592) roc_auc: (test=0.925) 9.99min
[fit 14/140] END max_layers=10, n_estimators=5, n_trees=400; total=2625, TP=55, TN=2499, FP=1, FN=70; precision=0.982, recall=0.440
accuracy: (test=0.973) average_precision: (test=0.743) balanced_accuracy: (test=0.720) f1: (test=0.608) roc_auc: (test=0.929) 12.83min
[fit 15/140] END max_layers=10, n_estimators=8, n_trees=50; total=2625, TP=54, TN=2500, FP=0, FN=71; precision=1.000, recall=0.432
accuracy: (test=0.973) average_precision: (test=0.536) balanced_accuracy: (test=0.716) f1: (test=0.603) roc_auc: (test=0.759) 5.26min
[fit 16/140] END max_layers=10, n_estimators=8, n_trees=100; total=2625, TP=52, TN=2499, FP=1, FN=73; precision=0.981, recall=0.416
accuracy: (test=0.972) average_precision: (test=0.676) balanced_accuracy: (test=0.708) f1: (test=0.584) roc_auc: (test=0.855) 6.50min
[fit 17/140] END max_layers=10, n_estimators=8, n_trees=150; total=2625, TP=53, TN=2500, FP=0, FN=72; precision=1.000, recall=0.424
accuracy: (test=0.973) average_precision: (test=0.676) balanced_accuracy: (test=0.712) f1: (test=0.596) roc_auc: (test=0.859) 10.70min
[fit 18/140] END max_layers=10, n_estimators=8, n_trees=200; total=2625, TP=53, TN=2499, FP=1, FN=72; precision=0.981, recall=0.424
accuracy: (test=0.972) average_precision: (test=0.738) balanced_accuracy: (test=0.712) f1: (test=0.592) roc_auc: (test=0.918) 10.29min
[fit 19/140] END max_layers=10, n_estimators=8, n_trees=250; total=2625, TP=53, TN=2499, FP=1, FN=72; precision=0.981, recall=0.424
accuracy: (test=0.972) average_precision: (test=0.735) balanced_accuracy: (test=0.712) f1: (test=0.592) roc_auc: (test=0.915) 13.10min
[fit 20/140] END max_layers=10, n_estimators=8, n_trees=300; total=2625, TP=53, TN=2499, FP=1, FN=72; precision=0.981, recall=0.424
accuracy: (test=0.972) average_precision: (test=0.737) balanced_accuracy: (test=0.712) f1: (test=0.592) roc_auc: (test=0.921) 13.91min
[fit 21/140] END max_layers=10, n_estimators=8, n_trees=400; total=2625, TP=54, TN=2499, FP=1, FN=71; precision=0.982, recall=0.432
accuracy: (test=0.973) average_precision: (test=0.738) balanced_accuracy: (test=0.716) f1: (test=0.600) roc_auc: (test=0.921) 19.22min
[fit 22/140] END max_layers=10, n_estimators=10, n_trees=50; total=2625, TP=52, TN=2499, FP=1, FN=73; precision=0.981, recall=0.416
accuracy: (test=0.972) average_precision: (test=0.511) balanced_accuracy: (test=0.708) f1: (test=0.584) roc_auc: (test=0.743) 6.05min
[fit 23/140] END max_layers=10, n_estimators=10, n_trees=100; total=2625, TP=51, TN=2500, FP=0, FN=74; precision=1.000, recall=0.408
accuracy: (test=0.972) average_precision: (test=0.532) balanced_accuracy: (test=0.704) f1: (test=0.580) roc_auc: (test=0.752) 10.02min
[fit 24/140] END max_layers=10, n_estimators=10, n_trees=150; total=2625, TP=52, TN=2500, FP=0, FN=73; precision=1.000, recall=0.416
accuracy: (test=0.972) average_precision: (test=0.542) balanced_accuracy: (test=0.708) f1: (test=0.588) roc_auc: (test=0.758) 14.58min
[fit 25/140] END max_layers=10, n_estimators=10, n_trees=200; total=2625, TP=53, TN=2499, FP=1, FN=72; precision=0.981, recall=0.424
accuracy: (test=0.972) average_precision: (test=0.732) balanced_accuracy: (test=0.712) f1: (test=0.592) roc_auc: (test=0.909) 11.76min
[fit 26/140] END max_layers=10, n_estimators=10, n_trees=250; total=2625, TP=53, TN=2499, FP=1, FN=72; precision=0.981, recall=0.424
accuracy: (test=0.972) average_precision: (test=0.731) balanced_accuracy: (test=0.712) f1: (test=0.592) roc_auc: (test=0.906) 16.00min
[fit 27/140] END max_layers=10, n_estimators=10, n_trees=300; total=2625, TP=53, TN=2499, FP=1, FN=72; precision=0.981, recall=0.424
accuracy: (test=0.972) average_precision: (test=0.732) balanced_accuracy: (test=0.712) f1: (test=0.592) roc_auc: (test=0.911) 17.80min
[fit 28/140] END max_layers=10, n_estimators=10, n_trees=400; total=2625, TP=54, TN=2499, FP=1, FN=71; precision=0.982, recall=0.432
accuracy: (test=0.973) average_precision: (test=0.735) balanced_accuracy: (test=0.716) f1: (test=0.600) roc_auc: (test=0.916) 23.68min
[fit 29/140] END max_layers=10, n_estimators=13, n_trees=50; total=2625, TP=51, TN=2500, FP=0, FN=74; precision=1.000, recall=0.408
accuracy: (test=0.972) average_precision: (test=0.602) balanced_accuracy: (test=0.704) f1: (test=0.580) roc_auc: (test=0.795) 6.08min
[fit 30/140] END max_layers=10, n_estimators=13, n_trees=100; total=2625, TP=51, TN=2500, FP=0, FN=74; precision=1.000, recall=0.408
accuracy: (test=0.972) average_precision: (test=0.548) balanced_accuracy: (test=0.704) f1: (test=0.580) roc_auc: (test=0.763) 11.52min
[fit 31/140] END max_layers=10, n_estimators=13, n_trees=150; total=2625, TP=54, TN=2500, FP=0, FN=71; precision=1.000, recall=0.432
accuracy: (test=0.973) average_precision: (test=0.609) balanced_accuracy: (test=0.716) f1: (test=0.603) roc_auc: (test=0.804) 15.80min
[fit 32/140] END max_layers=10, n_estimators=13, n_trees=200; total=2625, TP=54, TN=2499, FP=1, FN=71; precision=0.982, recall=0.432
accuracy: (test=0.973) average_precision: (test=0.730) balanced_accuracy: (test=0.716) f1: (test=0.600) roc_auc: (test=0.911) 16.26min
[fit 33/140] END max_layers=10, n_estimators=13, n_trees=250; total=2625, TP=54, TN=2499, FP=1, FN=71; precision=0.982, recall=0.432
accuracy: (test=0.973) average_precision: (test=0.727) balanced_accuracy: (test=0.716) f1: (test=0.600) roc_auc: (test=0.905) 19.04min
[fit 34/140] END max_layers=10, n_estimators=13, n_trees=300; total=2625, TP=53, TN=2499, FP=1, FN=72; precision=0.981, recall=0.424
accuracy: (test=0.972) average_precision: (test=0.725) balanced_accuracy: (test=0.712) f1: (test=0.592) roc_auc: (test=0.892) 22.98min
[fit 35/140] END max_layers=10, n_estimators=13, n_trees=400; total=2625, TP=54, TN=2499, FP=1, FN=71; precision=0.982, recall=0.432
accuracy: (test=0.973) average_precision: (test=0.731) balanced_accuracy: (test=0.716) f1: (test=0.600) roc_auc: (test=0.901) 21.04min
[fit 36/140] END max_layers=15, n_estimators=2, n_trees=50; total=2625, TP=53, TN=2500, FP=0, FN=72; precision=1.000, recall=0.424
accuracy: (test=0.973) average_precision: (test=0.565) balanced_accuracy: (test=0.712) f1: (test=0.596) roc_auc: (test=0.791) 1.17min
[fit 37/140] END max_layers=15, n_estimators=2, n_trees=100; total=2625, TP=55, TN=2500, FP=0, FN=70; precision=1.000, recall=0.440
accuracy: (test=0.973) average_precision: (test=0.691) balanced_accuracy: (test=0.720) f1: (test=0.611) roc_auc: (test=0.905) 1.48min
[fit 38/140] END max_layers=15, n_estimators=2, n_trees=150; total=2625, TP=55, TN=2500, FP=0, FN=70; precision=1.000, recall=0.440
accuracy: (test=0.973) average_precision: (test=0.724) balanced_accuracy: (test=0.720) f1: (test=0.611) roc_auc: (test=0.907) 1.92min
[fit 39/140] END max_layers=15, n_estimators=2, n_trees=200; total=2625, TP=55, TN=2500, FP=0, FN=70; precision=1.000, recall=0.440
accuracy: (test=0.973) average_precision: (test=0.728) balanced_accuracy: (test=0.720) f1: (test=0.611) roc_auc: (test=0.923) 2.63min
[fit 40/140] END max_layers=15, n_estimators=2, n_trees=250; total=2625, TP=57, TN=2499, FP=1, FN=68; precision=0.983, recall=0.456
accuracy: (test=0.974) average_precision: (test=0.736) balanced_accuracy: (test=0.728) f1: (test=0.623) roc_auc: (test=0.915) 3.17min
[fit 41/140] END max_layers=15, n_estimators=2, n_trees=300; total=2625, TP=54, TN=2500, FP=0, FN=71; precision=1.000, recall=0.432
accuracy: (test=0.973) average_precision: (test=0.743) balanced_accuracy: (test=0.716) f1: (test=0.603) roc_auc: (test=0.930) 3.73min
[fit 42/140] END max_layers=15, n_estimators=2, n_trees=400; total=2625, TP=54, TN=2500, FP=0, FN=71; precision=1.000, recall=0.432
accuracy: (test=0.973) average_precision: (test=0.737) balanced_accuracy: (test=0.716) f1: (test=0.603) roc_auc: (test=0.917) 5.01min
[fit 43/140] END max_layers=15, n_estimators=5, n_trees=50; total=2625, TP=51, TN=2500, FP=0, FN=74; precision=1.000, recall=0.408
accuracy: (test=0.972) average_precision: (test=0.552) balanced_accuracy: (test=0.704) f1: (test=0.580) roc_auc: (test=0.762) 2.13min
[fit 44/140] END max_layers=15, n_estimators=5, n_trees=100; total=2625, TP=54, TN=2500, FP=0, FN=71; precision=1.000, recall=0.432
accuracy: (test=0.973) average_precision: (test=0.575) balanced_accuracy: (test=0.716) f1: (test=0.603) roc_auc: (test=0.792) 3.97min
[fit 45/140] END max_layers=15, n_estimators=5, n_trees=150; total=2625, TP=50, TN=2500, FP=0, FN=75; precision=1.000, recall=0.400
accuracy: (test=0.971) average_precision: (test=0.619) balanced_accuracy: (test=0.700) f1: (test=0.571) roc_auc: (test=0.821) 5.72min
[fit 46/140] END max_layers=15, n_estimators=5, n_trees=200; total=2625, TP=56, TN=2500, FP=0, FN=69; precision=1.000, recall=0.448
accuracy: (test=0.974) average_precision: (test=0.702) balanced_accuracy: (test=0.724) f1: (test=0.619) roc_auc: (test=0.887) 5.33min
[fit 47/140] END max_layers=15, n_estimators=5, n_trees=250; total=2625, TP=56, TN=2499, FP=1, FN=69; precision=0.982, recall=0.448
accuracy: (test=0.973) average_precision: (test=0.701) balanced_accuracy: (test=0.724) f1: (test=0.615) roc_auc: (test=0.896) 6.84min
[fit 48/140] END max_layers=15, n_estimators=5, n_trees=300; total=2625, TP=53, TN=2499, FP=1, FN=72; precision=0.981, recall=0.424
accuracy: (test=0.972) average_precision: (test=0.741) balanced_accuracy: (test=0.712) f1: (test=0.592) roc_auc: (test=0.925) 6.77min
[fit 49/140] END max_layers=15, n_estimators=5, n_trees=400; total=2625, TP=55, TN=2499, FP=1, FN=70; precision=0.982, recall=0.440
accuracy: (test=0.973) average_precision: (test=0.743) balanced_accuracy: (test=0.720) f1: (test=0.608) roc_auc: (test=0.929) 8.87min
[fit 50/140] END max_layers=15, n_estimators=8, n_trees=50; total=2625, TP=54, TN=2500, FP=0, FN=71; precision=1.000, recall=0.432
accuracy: (test=0.973) average_precision: (test=0.536) balanced_accuracy: (test=0.716) f1: (test=0.603) roc_auc: (test=0.759) 3.89min
[fit 51/140] END max_layers=15, n_estimators=8, n_trees=100; total=2625, TP=52, TN=2499, FP=1, FN=73; precision=0.981, recall=0.416
accuracy: (test=0.972) average_precision: (test=0.676) balanced_accuracy: (test=0.708) f1: (test=0.584) roc_auc: (test=0.855) 4.80min
[fit 52/140] END max_layers=15, n_estimators=8, n_trees=150; total=2625, TP=53, TN=2500, FP=0, FN=72; precision=1.000, recall=0.424
accuracy: (test=0.973) average_precision: (test=0.676) balanced_accuracy: (test=0.712) f1: (test=0.596) roc_auc: (test=0.859) 7.91min
[fit 53/140] END max_layers=15, n_estimators=8, n_trees=200; total=2625, TP=53, TN=2499, FP=1, FN=72; precision=0.981, recall=0.424
accuracy: (test=0.972) average_precision: (test=0.738) balanced_accuracy: (test=0.712) f1: (test=0.592) roc_auc: (test=0.918) 6.49min
[fit 54/140] END max_layers=15, n_estimators=8, n_trees=250; total=2625, TP=53, TN=2499, FP=1, FN=72; precision=0.981, recall=0.424
accuracy: (test=0.972) average_precision: (test=0.735) balanced_accuracy: (test=0.712) f1: (test=0.592) roc_auc: (test=0.915) 7.47min
[fit 55/140] END max_layers=15, n_estimators=8, n_trees=300; total=2625, TP=53, TN=2499, FP=1, FN=72; precision=0.981, recall=0.424
accuracy: (test=0.972) average_precision: (test=0.737) balanced_accuracy: (test=0.712) f1: (test=0.592) roc_auc: (test=0.921) 9.39min
[fit 56/140] END max_layers=15, n_estimators=8, n_trees=400; total=2625, TP=54, TN=2499, FP=1, FN=71; precision=0.982, recall=0.432
accuracy: (test=0.973) average_precision: (test=0.738) balanced_accuracy: (test=0.716) f1: (test=0.600) roc_auc: (test=0.921) 12.00min
[fit 57/140] END max_layers=15, n_estimators=10, n_trees=50; total=2625, TP=52, TN=2499, FP=1, FN=73; precision=0.981, recall=0.416
accuracy: (test=0.972) average_precision: (test=0.511) balanced_accuracy: (test=0.708) f1: (test=0.584) roc_auc: (test=0.743) 4.26min
[fit 58/140] END max_layers=15, n_estimators=10, n_trees=100; total=2625, TP=51, TN=2500, FP=0, FN=74; precision=1.000, recall=0.408
accuracy: (test=0.972) average_precision: (test=0.532) balanced_accuracy: (test=0.704) f1: (test=0.580) roc_auc: (test=0.752) 6.66min
[fit 59/140] END max_layers=15, n_estimators=10, n_trees=150; total=2625, TP=52, TN=2500, FP=0, FN=73; precision=1.000, recall=0.416
accuracy: (test=0.972) average_precision: (test=0.542) balanced_accuracy: (test=0.708) f1: (test=0.588) roc_auc: (test=0.758) 9.77min
[fit 60/140] END max_layers=15, n_estimators=10, n_trees=200; total=2625, TP=53, TN=2499, FP=1, FN=72; precision=0.981, recall=0.424
accuracy: (test=0.972) average_precision: (test=0.732) balanced_accuracy: (test=0.712) f1: (test=0.592) roc_auc: (test=0.909) 8.06min
[fit 61/140] END max_layers=15, n_estimators=10, n_trees=250; total=2625, TP=53, TN=2499, FP=1, FN=72; precision=0.981, recall=0.424
accuracy: (test=0.972) average_precision: (test=0.731) balanced_accuracy: (test=0.712) f1: (test=0.592) roc_auc: (test=0.906) 9.75min
[fit 62/140] END max_layers=15, n_estimators=10, n_trees=300; total=2625, TP=53, TN=2499, FP=1, FN=72; precision=0.981, recall=0.424
accuracy: (test=0.972) average_precision: (test=0.732) balanced_accuracy: (test=0.712) f1: (test=0.592) roc_auc: (test=0.911) 12.06min
[fit 63/140] END max_layers=15, n_estimators=10, n_trees=400; total=2625, TP=54, TN=2499, FP=1, FN=71; precision=0.982, recall=0.432
accuracy: (test=0.973) average_precision: (test=0.735) balanced_accuracy: (test=0.716) f1: (test=0.600) roc_auc: (test=0.916) 14.69min
[fit 64/140] END max_layers=15, n_estimators=13, n_trees=50; total=2625, TP=51, TN=2500, FP=0, FN=74; precision=1.000, recall=0.408
accuracy: (test=0.972) average_precision: (test=0.602) balanced_accuracy: (test=0.704) f1: (test=0.580) roc_auc: (test=0.795) 4.23min
[fit 65/140] END max_layers=15, n_estimators=13, n_trees=100; total=2625, TP=51, TN=2500, FP=0, FN=74; precision=1.000, recall=0.408
accuracy: (test=0.972) average_precision: (test=0.548) balanced_accuracy: (test=0.704) f1: (test=0.580) roc_auc: (test=0.763) 8.40min
[fit 66/140] END max_layers=15, n_estimators=13, n_trees=150; total=2625, TP=54, TN=2500, FP=0, FN=71; precision=1.000, recall=0.432
accuracy: (test=0.973) average_precision: (test=0.609) balanced_accuracy: (test=0.716) f1: (test=0.603) roc_auc: (test=0.804) 10.69min
[fit 67/140] END max_layers=15, n_estimators=13, n_trees=200; total=2625, TP=54, TN=2499, FP=1, FN=71; precision=0.982, recall=0.432
accuracy: (test=0.973) average_precision: (test=0.730) balanced_accuracy: (test=0.716) f1: (test=0.600) roc_auc: (test=0.911) 10.56min
[fit 68/140] END max_layers=15, n_estimators=13, n_trees=250; total=2625, TP=54, TN=2499, FP=1, FN=71; precision=0.982, recall=0.432
accuracy: (test=0.973) average_precision: (test=0.727) balanced_accuracy: (test=0.716) f1: (test=0.600) roc_auc: (test=0.905) 13.36min
[fit 69/140] END max_layers=15, n_estimators=13, n_trees=300; total=2625, TP=53, TN=2499, FP=1, FN=72; precision=0.981, recall=0.424
accuracy: (test=0.972) average_precision: (test=0.725) balanced_accuracy: (test=0.712) f1: (test=0.592) roc_auc: (test=0.892) 14.57min
[fit 70/140] END max_layers=15, n_estimators=13, n_trees=400; total=2625, TP=54, TN=2499, FP=1, FN=71; precision=0.982, recall=0.432
accuracy: (test=0.973) average_precision: (test=0.731) balanced_accuracy: (test=0.716) f1: (test=0.600) roc_auc: (test=0.901) 19.15min
[fit 71/140] END max_layers=20, n_estimators=2, n_trees=50; total=2625, TP=53, TN=2500, FP=0, FN=72; precision=1.000, recall=0.424
accuracy: (test=0.973) average_precision: (test=0.565) balanced_accuracy: (test=0.712) f1: (test=0.596) roc_auc: (test=0.791) 1.07min
[fit 72/140] END max_layers=20, n_estimators=2, n_trees=100; total=2625, TP=55, TN=2500, FP=0, FN=70; precision=1.000, recall=0.440
accuracy: (test=0.973) average_precision: (test=0.691) balanced_accuracy: (test=0.720) f1: (test=0.611) roc_auc: (test=0.905) 1.29min
[fit 73/140] END max_layers=20, n_estimators=2, n_trees=150; total=2625, TP=55, TN=2500, FP=0, FN=70; precision=1.000, recall=0.440
accuracy: (test=0.973) average_precision: (test=0.724) balanced_accuracy: (test=0.720) f1: (test=0.611) roc_auc: (test=0.907) 1.93min
[fit 74/140] END max_layers=20, n_estimators=2, n_trees=200; total=2625, TP=55, TN=2500, FP=0, FN=70; precision=1.000, recall=0.440
accuracy: (test=0.973) average_precision: (test=0.728) balanced_accuracy: (test=0.720) f1: (test=0.611) roc_auc: (test=0.923) 2.52min
[fit 75/140] END max_layers=20, n_estimators=2, n_trees=250; total=2625, TP=57, TN=2499, FP=1, FN=68; precision=0.983, recall=0.456
accuracy: (test=0.974) average_precision: (test=0.736) balanced_accuracy: (test=0.728) f1: (test=0.623) roc_auc: (test=0.915) 3.05min
[fit 76/140] END max_layers=20, n_estimators=2, n_trees=300; total=2625, TP=54, TN=2500, FP=0, FN=71; precision=1.000, recall=0.432
accuracy: (test=0.973) average_precision: (test=0.743) balanced_accuracy: (test=0.716) f1: (test=0.603) roc_auc: (test=0.930) 3.23min
[fit 77/140] END max_layers=20, n_estimators=2, n_trees=400; total=2625, TP=54, TN=2500, FP=0, FN=71; precision=1.000, recall=0.432
accuracy: (test=0.973) average_precision: (test=0.737) balanced_accuracy: (test=0.716) f1: (test=0.603) roc_auc: (test=0.917) 4.22min
[fit 78/140] END max_layers=20, n_estimators=5, n_trees=50; total=2625, TP=51, TN=2500, FP=0, FN=74; precision=1.000, recall=0.408
accuracy: (test=0.972) average_precision: (test=0.552) balanced_accuracy: (test=0.704) f1: (test=0.580) roc_auc: (test=0.762) 1.95min
[fit 79/140] END max_layers=20, n_estimators=5, n_trees=100; total=2625, TP=54, TN=2500, FP=0, FN=71; precision=1.000, recall=0.432
accuracy: (test=0.973) average_precision: (test=0.575) balanced_accuracy: (test=0.716) f1: (test=0.603) roc_auc: (test=0.792) 3.57min
[fit 80/140] END max_layers=20, n_estimators=5, n_trees=150; total=2625, TP=50, TN=2500, FP=0, FN=75; precision=1.000, recall=0.400
accuracy: (test=0.971) average_precision: (test=0.619) balanced_accuracy: (test=0.700) f1: (test=0.571) roc_auc: (test=0.821) 5.45min
[fit 81/140] END max_layers=20, n_estimators=5, n_trees=200; total=2625, TP=56, TN=2500, FP=0, FN=69; precision=1.000, recall=0.448
accuracy: (test=0.974) average_precision: (test=0.702) balanced_accuracy: (test=0.724) f1: (test=0.619) roc_auc: (test=0.887) 5.33min
[fit 82/140] END max_layers=20, n_estimators=5, n_trees=250; total=2625, TP=56, TN=2499, FP=1, FN=69; precision=0.982, recall=0.448
accuracy: (test=0.973) average_precision: (test=0.701) balanced_accuracy: (test=0.724) f1: (test=0.615) roc_auc: (test=0.896) 6.10min
[fit 83/140] END max_layers=20, n_estimators=5, n_trees=300; total=2625, TP=53, TN=2499, FP=1, FN=72; precision=0.981, recall=0.424
accuracy: (test=0.972) average_precision: (test=0.741) balanced_accuracy: (test=0.712) f1: (test=0.592) roc_auc: (test=0.925) 6.58min
[fit 84/140] END max_layers=20, n_estimators=5, n_trees=400; total=2625, TP=55, TN=2499, FP=1, FN=70; precision=0.982, recall=0.440
accuracy: (test=0.973) average_precision: (test=0.743) balanced_accuracy: (test=0.720) f1: (test=0.608) roc_auc: (test=0.929) 8.47min
[fit 85/140] END max_layers=20, n_estimators=8, n_trees=50; total=2625, TP=54, TN=2500, FP=0, FN=71; precision=1.000, recall=0.432
accuracy: (test=0.973) average_precision: (test=0.536) balanced_accuracy: (test=0.716) f1: (test=0.603) roc_auc: (test=0.759) 4.07min
[fit 86/140] END max_layers=20, n_estimators=8, n_trees=100; total=2625, TP=52, TN=2499, FP=1, FN=73; precision=0.981, recall=0.416
accuracy: (test=0.972) average_precision: (test=0.676) balanced_accuracy: (test=0.708) f1: (test=0.584) roc_auc: (test=0.855) 4.26min
[fit 87/140] END max_layers=20, n_estimators=8, n_trees=150; total=2625, TP=53, TN=2500, FP=0, FN=72; precision=1.000, recall=0.424
accuracy: (test=0.973) average_precision: (test=0.676) balanced_accuracy: (test=0.712) f1: (test=0.596) roc_auc: (test=0.859) 7.37min
[fit 88/140] END max_layers=20, n_estimators=8, n_trees=200; total=2625, TP=53, TN=2499, FP=1, FN=72; precision=0.981, recall=0.424
accuracy: (test=0.972) average_precision: (test=0.738) balanced_accuracy: (test=0.712) f1: (test=0.592) roc_auc: (test=0.918) 6.83min
[fit 89/140] END max_layers=20, n_estimators=8, n_trees=250; total=2625, TP=53, TN=2499, FP=1, FN=72; precision=0.981, recall=0.424
accuracy: (test=0.972) average_precision: (test=0.735) balanced_accuracy: (test=0.712) f1: (test=0.592) roc_auc: (test=0.915) 7.47min
[fit 90/140] END max_layers=20, n_estimators=8, n_trees=300; total=2625, TP=53, TN=2499, FP=1, FN=72; precision=0.981, recall=0.424
accuracy: (test=0.972) average_precision: (test=0.737) balanced_accuracy: (test=0.712) f1: (test=0.592) roc_auc: (test=0.921) 9.00min
[fit 91/140] END max_layers=20, n_estimators=8, n_trees=400; total=2625, TP=54, TN=2499, FP=1, FN=71; precision=0.982, recall=0.432
accuracy: (test=0.973) average_precision: (test=0.738) balanced_accuracy: (test=0.716) f1: (test=0.600) roc_auc: (test=0.921) 12.08min
[fit 92/140] END max_layers=20, n_estimators=10, n_trees=50; total=2625, TP=52, TN=2499, FP=1, FN=73; precision=0.981, recall=0.416
accuracy: (test=0.972) average_precision: (test=0.511) balanced_accuracy: (test=0.708) f1: (test=0.584) roc_auc: (test=0.743) 4.15min
[fit 93/140] END max_layers=20, n_estimators=10, n_trees=100; total=2625, TP=51, TN=2500, FP=0, FN=74; precision=1.000, recall=0.408
accuracy: (test=0.972) average_precision: (test=0.532) balanced_accuracy: (test=0.704) f1: (test=0.580) roc_auc: (test=0.752) 7.16min
[fit 94/140] END max_layers=20, n_estimators=10, n_trees=150; total=2625, TP=52, TN=2500, FP=0, FN=73; precision=1.000, recall=0.416
accuracy: (test=0.972) average_precision: (test=0.542) balanced_accuracy: (test=0.708) f1: (test=0.588) roc_auc: (test=0.758) 9.94min
[fit 95/140] END max_layers=20, n_estimators=10, n_trees=200; total=2625, TP=53, TN=2499, FP=1, FN=72; precision=0.981, recall=0.424
accuracy: (test=0.972) average_precision: (test=0.732) balanced_accuracy: (test=0.712) f1: (test=0.592) roc_auc: (test=0.909) 7.89min
[fit 96/140] END max_layers=20, n_estimators=10, n_trees=250; total=2625, TP=53, TN=2499, FP=1, FN=72; precision=0.981, recall=0.424
accuracy: (test=0.972) average_precision: (test=0.731) balanced_accuracy: (test=0.712) f1: (test=0.592) roc_auc: (test=0.906) 10.50min
[fit 97/140] END max_layers=20, n_estimators=10, n_trees=300; total=2625, TP=53, TN=2499, FP=1, FN=72; precision=0.981, recall=0.424
accuracy: (test=0.972) average_precision: (test=0.732) balanced_accuracy: (test=0.712) f1: (test=0.592) roc_auc: (test=0.911) 11.42min
[fit 98/140] END max_layers=20, n_estimators=10, n_trees=400; total=2625, TP=54, TN=2499, FP=1, FN=71; precision=0.982, recall=0.432
accuracy: (test=0.973) average_precision: (test=0.735) balanced_accuracy: (test=0.716) f1: (test=0.600) roc_auc: (test=0.916) 15.83min
[fit 99/140] END max_layers=20, n_estimators=13, n_trees=50; total=2625, TP=51, TN=2500, FP=0, FN=74; precision=1.000, recall=0.408
accuracy: (test=0.972) average_precision: (test=0.602) balanced_accuracy: (test=0.704) f1: (test=0.580) roc_auc: (test=0.795) 4.05min
[fit 100/140] END max_layers=20, n_estimators=13, n_trees=100; total=2625, TP=51, TN=2500, FP=0, FN=74; precision=1.000, recall=0.408
accuracy: (test=0.972) average_precision: (test=0.548) balanced_accuracy: (test=0.704) f1: (test=0.580) roc_auc: (test=0.763) 7.27min
[fit 101/140] END max_layers=20, n_estimators=13, n_trees=150; total=2625, TP=54, TN=2500, FP=0, FN=71; precision=1.000, recall=0.432
accuracy: (test=0.973) average_precision: (test=0.609) balanced_accuracy: (test=0.716) f1: (test=0.603) roc_auc: (test=0.804) 10.42min
[fit 102/140] END max_layers=20, n_estimators=13, n_trees=200; total=2625, TP=54, TN=2499, FP=1, FN=71; precision=0.982, recall=0.432
accuracy: (test=0.973) average_precision: (test=0.730) balanced_accuracy: (test=0.716) f1: (test=0.600) roc_auc: (test=0.911) 10.25min
[fit 103/140] END max_layers=20, n_estimators=13, n_trees=250; total=2625, TP=54, TN=2499, FP=1, FN=71; precision=0.982, recall=0.432
accuracy: (test=0.973) average_precision: (test=0.727) balanced_accuracy: (test=0.716) f1: (test=0.600) roc_auc: (test=0.905) 13.18min
[fit 104/140] END max_layers=20, n_estimators=13, n_trees=300; total=2625, TP=53, TN=2499, FP=1, FN=72; precision=0.981, recall=0.424
accuracy: (test=0.972) average_precision: (test=0.725) balanced_accuracy: (test=0.712) f1: (test=0.592) roc_auc: (test=0.892) 14.87min
[fit 105/140] END max_layers=20, n_estimators=13, n_trees=400; total=2625, TP=54, TN=2499, FP=1, FN=71; precision=0.982, recall=0.432
accuracy: (test=0.973) average_precision: (test=0.731) balanced_accuracy: (test=0.716) f1: (test=0.600) roc_auc: (test=0.901) 18.67min
[fit 106/140] END max_layers=25, n_estimators=2, n_trees=50; total=2625, TP=53, TN=2500, FP=0, FN=72; precision=1.000, recall=0.424
accuracy: (test=0.973) average_precision: (test=0.565) balanced_accuracy: (test=0.712) f1: (test=0.596) roc_auc: (test=0.791) 1.07min
[fit 107/140] END max_layers=25, n_estimators=2, n_trees=100; total=2625, TP=55, TN=2500, FP=0, FN=70; precision=1.000, recall=0.440
accuracy: (test=0.973) average_precision: (test=0.691) balanced_accuracy: (test=0.720) f1: (test=0.611) roc_auc: (test=0.905) 1.36min
[fit 108/140] END max_layers=25, n_estimators=2, n_trees=150; total=2625, TP=55, TN=2500, FP=0, FN=70; precision=1.000, recall=0.440
accuracy: (test=0.973) average_precision: (test=0.724) balanced_accuracy: (test=0.720) f1: (test=0.611) roc_auc: (test=0.907) 1.99min
[fit 109/140] END max_layers=25, n_estimators=2, n_trees=200; total=2625, TP=55, TN=2500, FP=0, FN=70; precision=1.000, recall=0.440
accuracy: (test=0.973) average_precision: (test=0.728) balanced_accuracy: (test=0.720) f1: (test=0.611) roc_auc: (test=0.923) 2.45min
[fit 110/140] END max_layers=25, n_estimators=2, n_trees=250; total=2625, TP=57, TN=2499, FP=1, FN=68; precision=0.983, recall=0.456
accuracy: (test=0.974) average_precision: (test=0.736) balanced_accuracy: (test=0.728) f1: (test=0.623) roc_auc: (test=0.915) 3.01min
[fit 111/140] END max_layers=25, n_estimators=2, n_trees=300; total=2625, TP=54, TN=2500, FP=0, FN=71; precision=1.000, recall=0.432
accuracy: (test=0.973) average_precision: (test=0.743) balanced_accuracy: (test=0.716) f1: (test=0.603) roc_auc: (test=0.930) 3.38min
[fit 112/140] END max_layers=25, n_estimators=2, n_trees=400; total=2625, TP=54, TN=2500, FP=0, FN=71; precision=1.000, recall=0.432
accuracy: (test=0.973) average_precision: (test=0.737) balanced_accuracy: (test=0.716) f1: (test=0.603) roc_auc: (test=0.917) 4.51min
[fit 113/140] END max_layers=25, n_estimators=5, n_trees=50; total=2625, TP=51, TN=2500, FP=0, FN=74; precision=1.000, recall=0.408
accuracy: (test=0.972) average_precision: (test=0.552) balanced_accuracy: (test=0.704) f1: (test=0.580) roc_auc: (test=0.762) 1.89min
[fit 114/140] END max_layers=25, n_estimators=5, n_trees=100; total=2625, TP=54, TN=2500, FP=0, FN=71; precision=1.000, recall=0.432
accuracy: (test=0.973) average_precision: (test=0.575) balanced_accuracy: (test=0.716) f1: (test=0.603) roc_auc: (test=0.792) 3.67min
[fit 115/140] END max_layers=25, n_estimators=5, n_trees=150; total=2625, TP=50, TN=2500, FP=0, FN=75; precision=1.000, recall=0.400
accuracy: (test=0.971) average_precision: (test=0.619) balanced_accuracy: (test=0.700) f1: (test=0.571) roc_auc: (test=0.821) 5.90min
[fit 116/140] END max_layers=25, n_estimators=5, n_trees=200; total=2625, TP=56, TN=2500, FP=0, FN=69; precision=1.000, recall=0.448
accuracy: (test=0.974) average_precision: (test=0.702) balanced_accuracy: (test=0.724) f1: (test=0.619) roc_auc: (test=0.887) 5.44min
[fit 117/140] END max_layers=25, n_estimators=5, n_trees=250; total=2625, TP=56, TN=2499, FP=1, FN=69; precision=0.982, recall=0.448
accuracy: (test=0.973) average_precision: (test=0.701) balanced_accuracy: (test=0.724) f1: (test=0.615) roc_auc: (test=0.896) 5.82min
[fit 118/140] END max_layers=25, n_estimators=5, n_trees=300; total=2625, TP=53, TN=2499, FP=1, FN=72; precision=0.981, recall=0.424
accuracy: (test=0.972) average_precision: (test=0.741) balanced_accuracy: (test=0.712) f1: (test=0.592) roc_auc: (test=0.925) 5.95min
[fit 119/140] END max_layers=25, n_estimators=5, n_trees=400; total=2625, TP=55, TN=2499, FP=1, FN=70; precision=0.982, recall=0.440
accuracy: (test=0.973) average_precision: (test=0.743) balanced_accuracy: (test=0.720) f1: (test=0.608) roc_auc: (test=0.929) 7.75min
[fit 120/140] END max_layers=25, n_estimators=8, n_trees=50; total=2625, TP=54, TN=2500, FP=0, FN=71; precision=1.000, recall=0.432
accuracy: (test=0.973) average_precision: (test=0.536) balanced_accuracy: (test=0.716) f1: (test=0.603) roc_auc: (test=0.759) 3.90min
[fit 121/140] END max_layers=25, n_estimators=8, n_trees=100; total=2625, TP=52, TN=2499, FP=1, FN=73; precision=0.981, recall=0.416
accuracy: (test=0.972) average_precision: (test=0.676) balanced_accuracy: (test=0.708) f1: (test=0.584) roc_auc: (test=0.855) 4.00min
[fit 122/140] END max_layers=25, n_estimators=8, n_trees=150; total=2625, TP=53, TN=2500, FP=0, FN=72; precision=1.000, recall=0.424
accuracy: (test=0.973) average_precision: (test=0.676) balanced_accuracy: (test=0.712) f1: (test=0.596) roc_auc: (test=0.859) 6.99min
[fit 123/140] END max_layers=25, n_estimators=8, n_trees=200; total=2625, TP=53, TN=2499, FP=1, FN=72; precision=0.981, recall=0.424
accuracy: (test=0.972) average_precision: (test=0.738) balanced_accuracy: (test=0.712) f1: (test=0.592) roc_auc: (test=0.918) 6.67min
[fit 124/140] END max_layers=25, n_estimators=8, n_trees=250; total=2625, TP=53, TN=2499, FP=1, FN=72; precision=0.981, recall=0.424
accuracy: (test=0.972) average_precision: (test=0.735) balanced_accuracy: (test=0.712) f1: (test=0.592) roc_auc: (test=0.915) 8.11min
[fit 125/140] END max_layers=25, n_estimators=8, n_trees=300; total=2625, TP=53, TN=2499, FP=1, FN=72; precision=0.981, recall=0.424
accuracy: (test=0.972) average_precision: (test=0.737) balanced_accuracy: (test=0.712) f1: (test=0.592) roc_auc: (test=0.921) 9.62min
[fit 126/140] END max_layers=25, n_estimators=8, n_trees=400; total=2625, TP=54, TN=2499, FP=1, FN=71; precision=0.982, recall=0.432
accuracy: (test=0.973) average_precision: (test=0.738) balanced_accuracy: (test=0.716) f1: (test=0.600) roc_auc: (test=0.921) 12.03min
[fit 127/140] END max_layers=25, n_estimators=10, n_trees=50; total=2625, TP=52, TN=2499, FP=1, FN=73; precision=0.981, recall=0.416
accuracy: (test=0.972) average_precision: (test=0.511) balanced_accuracy: (test=0.708) f1: (test=0.584) roc_auc: (test=0.743) 4.21min
[fit 128/140] END max_layers=25, n_estimators=10, n_trees=100; total=2625, TP=51, TN=2500, FP=0, FN=74; precision=1.000, recall=0.408
accuracy: (test=0.972) average_precision: (test=0.532) balanced_accuracy: (test=0.704) f1: (test=0.580) roc_auc: (test=0.752) 7.42min
[fit 129/140] END max_layers=25, n_estimators=10, n_trees=150; total=2625, TP=52, TN=2500, FP=0, FN=73; precision=1.000, recall=0.416
accuracy: (test=0.972) average_precision: (test=0.542) balanced_accuracy: (test=0.708) f1: (test=0.588) roc_auc: (test=0.758) 9.48min
[fit 130/140] END max_layers=25, n_estimators=10, n_trees=200; total=2625, TP=53, TN=2499, FP=1, FN=72; precision=0.981, recall=0.424
accuracy: (test=0.972) average_precision: (test=0.732) balanced_accuracy: (test=0.712) f1: (test=0.592) roc_auc: (test=0.909) 8.32min
[fit 131/140] END max_layers=25, n_estimators=10, n_trees=250; total=2625, TP=53, TN=2499, FP=1, FN=72; precision=0.981, recall=0.424
accuracy: (test=0.972) average_precision: (test=0.731) balanced_accuracy: (test=0.712) f1: (test=0.592) roc_auc: (test=0.906) 10.52min
[fit 132/140] END max_layers=25, n_estimators=10, n_trees=300; total=2625, TP=53, TN=2499, FP=1, FN=72; precision=0.981, recall=0.424
accuracy: (test=0.972) average_precision: (test=0.732) balanced_accuracy: (test=0.712) f1: (test=0.592) roc_auc: (test=0.911) 11.42min
[fit 133/140] END max_layers=25, n_estimators=10, n_trees=400; total=2625, TP=54, TN=2499, FP=1, FN=71; precision=0.982, recall=0.432
accuracy: (test=0.973) average_precision: (test=0.735) balanced_accuracy: (test=0.716) f1: (test=0.600) roc_auc: (test=0.916) 15.57min
[fit 134/140] END max_layers=25, n_estimators=13, n_trees=50; total=2625, TP=51, TN=2500, FP=0, FN=74; precision=1.000, recall=0.408
accuracy: (test=0.972) average_precision: (test=0.602) balanced_accuracy: (test=0.704) f1: (test=0.580) roc_auc: (test=0.795) 4.17min
[fit 135/140] END max_layers=25, n_estimators=13, n_trees=100; total=2625, TP=51, TN=2500, FP=0, FN=74; precision=1.000, recall=0.408
accuracy: (test=0.972) average_precision: (test=0.548) balanced_accuracy: (test=0.704) f1: (test=0.580) roc_auc: (test=0.763) 8.42min
[fit 136/140] END max_layers=25, n_estimators=13, n_trees=150; total=2625, TP=54, TN=2500, FP=0, FN=71; precision=1.000, recall=0.432
accuracy: (test=0.973) average_precision: (test=0.609) balanced_accuracy: (test=0.716) f1: (test=0.603) roc_auc: (test=0.804) 10.71min
[fit 137/140] END max_layers=25, n_estimators=13, n_trees=200; total=2625, TP=54, TN=2499, FP=1, FN=71; precision=0.982, recall=0.432
accuracy: (test=0.973) average_precision: (test=0.730) balanced_accuracy: (test=0.716) f1: (test=0.600) roc_auc: (test=0.911) 10.16min
[fit 138/140] END max_layers=25, n_estimators=13, n_trees=250; total=2625, TP=54, TN=2499, FP=1, FN=71; precision=0.982, recall=0.432
accuracy: (test=0.973) average_precision: (test=0.727) balanced_accuracy: (test=0.716) f1: (test=0.600) roc_auc: (test=0.905) 12.99min
[fit 139/140] END max_layers=25, n_estimators=13, n_trees=300; total=2625, TP=53, TN=2499, FP=1, FN=72; precision=0.981, recall=0.424
accuracy: (test=0.972) average_precision: (test=0.725) balanced_accuracy: (test=0.712) f1: (test=0.592) roc_auc: (test=0.892) 14.20min
[fit 140/140] END max_layers=25, n_estimators=13, n_trees=400; total=2625, TP=54, TN=2499, FP=1, FN=71; precision=0.982, recall=0.432
accuracy: (test=0.973) average_precision: (test=0.731) balanced_accuracy: (test=0.716) f1: (test=0.600) roc_auc: (test=0.901) 19.02min
write rank test to csv!!!
../../ex/epivan/base/pseknc-new_deepforest_base/rank/IMR90_pseknc-new_deepforest_base_rank_2080ti.csv write over!!!
clf.best_estimator_params: {'max_layers': 10, 'n_estimators': 2, 'n_trees': 300}
best params found in line [7] for metric [roc_auc] in rank file
best params found in fit [6] for metric [roc_auc] in run_and_score file
clf.best_scoring_result: [Total: (test=2625) TP: (test=54.000) TN: (test=2500.000) FP: (test=0.000) FN: (test=71.000) precision: (test=1.000) recall: (test=0.432) accuracy: (test=0.973) average_precision: (test=0.743) balanced_accuracy: (test=0.716) f1: (test=0.603) roc_auc: (test=0.930) ]
total time spending: 18h 59m 24s
