nohup: ignoring input
experiment: IMR90 pseknc-new_rf
trainSet len:[X=45080,y=45080]
testSet len:[X=2625,y=2625]
第一次
{'bootstrap': True, 'ccp_alpha': 0.0, 'class_weight': None, 'criterion': 'gini', 'max_depth': None, 'max_features': 'auto', 'max_leaf_nodes': None, 'max_samples': None, 'min_impurity_decrease': 0.0, 'min_impurity_split': None, 'min_samples_leaf': 1, 'min_samples_split': 2, 'min_weight_fraction_leaf': 0.0, 'n_estimators': 100, 'n_jobs': 5, 'oob_score': False, 'random_state': None, 'verbose': 0, 'warm_start': False}
Fitting, totalling 34 fits
[fit 1/34] END n_estimators=10; total=2625, TP=67, TN=2471, FP=29, FN=58; precision=0.698, recall=0.536
accuracy: (test=0.967) average_precision: (test=0.574) balanced_accuracy: (test=0.762) f1: (test=0.606) roc_auc: (test=0.875) 4.21s
[fit 2/34] END n_estimators=20; total=2625, TP=63, TN=2477, FP=23, FN=62; precision=0.733, recall=0.504
accuracy: (test=0.968) average_precision: (test=0.608) balanced_accuracy: (test=0.747) f1: (test=0.597) roc_auc: (test=0.884) 6.85s
[fit 3/34] END n_estimators=30; total=2625, TP=66, TN=2484, FP=16, FN=59; precision=0.805, recall=0.528
accuracy: (test=0.971) average_precision: (test=0.648) balanced_accuracy: (test=0.761) f1: (test=0.638) roc_auc: (test=0.889) 8.93s
[fit 4/34] END n_estimators=40; total=2625, TP=66, TN=2476, FP=24, FN=59; precision=0.733, recall=0.528
accuracy: (test=0.968) average_precision: (test=0.652) balanced_accuracy: (test=0.759) f1: (test=0.614) roc_auc: (test=0.872) 11.77s
[fit 5/34] END n_estimators=50; total=2625, TP=66, TN=2482, FP=18, FN=59; precision=0.786, recall=0.528
accuracy: (test=0.971) average_precision: (test=0.660) balanced_accuracy: (test=0.760) f1: (test=0.632) roc_auc: (test=0.877) 14.13s
[fit 6/34] END n_estimators=60; total=2625, TP=66, TN=2479, FP=21, FN=59; precision=0.759, recall=0.528
accuracy: (test=0.970) average_precision: (test=0.659) balanced_accuracy: (test=0.760) f1: (test=0.623) roc_auc: (test=0.878) 17.06s
[fit 7/34] END n_estimators=70; total=2625, TP=66, TN=2485, FP=15, FN=59; precision=0.815, recall=0.528
accuracy: (test=0.972) average_precision: (test=0.660) balanced_accuracy: (test=0.761) f1: (test=0.641) roc_auc: (test=0.901) 19.92s
[fit 8/34] END n_estimators=80; total=2625, TP=65, TN=2485, FP=15, FN=60; precision=0.812, recall=0.520
accuracy: (test=0.971) average_precision: (test=0.676) balanced_accuracy: (test=0.757) f1: (test=0.634) roc_auc: (test=0.926) 23.41s
[fit 9/34] END n_estimators=90; total=2625, TP=65, TN=2482, FP=18, FN=60; precision=0.783, recall=0.520
accuracy: (test=0.970) average_precision: (test=0.668) balanced_accuracy: (test=0.756) f1: (test=0.625) roc_auc: (test=0.905) 25.90s
[fit 10/34] END n_estimators=100; total=2625, TP=64, TN=2484, FP=16, FN=61; precision=0.800, recall=0.512
accuracy: (test=0.971) average_precision: (test=0.666) balanced_accuracy: (test=0.753) f1: (test=0.624) roc_auc: (test=0.904) 27.79s
[fit 11/34] END n_estimators=110; total=2625, TP=64, TN=2485, FP=15, FN=61; precision=0.810, recall=0.512
accuracy: (test=0.971) average_precision: (test=0.688) balanced_accuracy: (test=0.753) f1: (test=0.627) roc_auc: (test=0.905) 31.24s
[fit 12/34] END n_estimators=120; total=2625, TP=70, TN=2483, FP=17, FN=55; precision=0.805, recall=0.560
accuracy: (test=0.973) average_precision: (test=0.692) balanced_accuracy: (test=0.777) f1: (test=0.660) roc_auc: (test=0.909) 33.64s
[fit 13/34] END n_estimators=130; total=2625, TP=68, TN=2486, FP=14, FN=57; precision=0.829, recall=0.544
accuracy: (test=0.973) average_precision: (test=0.683) balanced_accuracy: (test=0.769) f1: (test=0.657) roc_auc: (test=0.902) 37.41s
[fit 14/34] END n_estimators=140; total=2625, TP=68, TN=2486, FP=14, FN=57; precision=0.829, recall=0.544
accuracy: (test=0.973) average_precision: (test=0.696) balanced_accuracy: (test=0.769) f1: (test=0.657) roc_auc: (test=0.919) 39.76s
[fit 15/34] END n_estimators=150; total=2625, TP=66, TN=2483, FP=17, FN=59; precision=0.795, recall=0.528
accuracy: (test=0.971) average_precision: (test=0.683) balanced_accuracy: (test=0.761) f1: (test=0.635) roc_auc: (test=0.908) 42.71s
[fit 16/34] END n_estimators=160; total=2625, TP=64, TN=2485, FP=15, FN=61; precision=0.810, recall=0.512
accuracy: (test=0.971) average_precision: (test=0.686) balanced_accuracy: (test=0.753) f1: (test=0.627) roc_auc: (test=0.907) 45.07s
[fit 17/34] END n_estimators=170; total=2625, TP=69, TN=2485, FP=15, FN=56; precision=0.821, recall=0.552
accuracy: (test=0.973) average_precision: (test=0.692) balanced_accuracy: (test=0.773) f1: (test=0.660) roc_auc: (test=0.906) 46.41s
[fit 18/34] END n_estimators=180; total=2625, TP=71, TN=2482, FP=18, FN=54; precision=0.798, recall=0.568
accuracy: (test=0.973) average_precision: (test=0.692) balanced_accuracy: (test=0.780) f1: (test=0.664) roc_auc: (test=0.903) 50.58s
[fit 19/34] END n_estimators=190; total=2625, TP=66, TN=2486, FP=14, FN=59; precision=0.825, recall=0.528
accuracy: (test=0.972) average_precision: (test=0.684) balanced_accuracy: (test=0.761) f1: (test=0.644) roc_auc: (test=0.910) 52.75s
[fit 20/34] END n_estimators=200; total=2625, TP=69, TN=2487, FP=13, FN=56; precision=0.841, recall=0.552
accuracy: (test=0.974) average_precision: (test=0.694) balanced_accuracy: (test=0.773) f1: (test=0.667) roc_auc: (test=0.912) 57.33s
[fit 21/34] END n_estimators=210; total=2625, TP=69, TN=2484, FP=16, FN=56; precision=0.812, recall=0.552
accuracy: (test=0.973) average_precision: (test=0.687) balanced_accuracy: (test=0.773) f1: (test=0.657) roc_auc: (test=0.903) 57.61s
[fit 22/34] END n_estimators=220; total=2625, TP=68, TN=2487, FP=13, FN=57; precision=0.840, recall=0.544
accuracy: (test=0.973) average_precision: (test=0.694) balanced_accuracy: (test=0.769) f1: (test=0.660) roc_auc: (test=0.913) 1.04min
[fit 23/34] END n_estimators=230; total=2625, TP=65, TN=2487, FP=13, FN=60; precision=0.833, recall=0.520
accuracy: (test=0.972) average_precision: (test=0.697) balanced_accuracy: (test=0.757) f1: (test=0.640) roc_auc: (test=0.920) 1.06min
[fit 24/34] END n_estimators=240; total=2625, TP=68, TN=2482, FP=18, FN=57; precision=0.791, recall=0.544
accuracy: (test=0.971) average_precision: (test=0.684) balanced_accuracy: (test=0.768) f1: (test=0.645) roc_auc: (test=0.905) 1.11min
[fit 25/34] END n_estimators=250; total=2625, TP=70, TN=2482, FP=18, FN=55; precision=0.795, recall=0.560
accuracy: (test=0.972) average_precision: (test=0.683) balanced_accuracy: (test=0.776) f1: (test=0.657) roc_auc: (test=0.908) 1.12min
[fit 26/34] END n_estimators=260; total=2625, TP=67, TN=2484, FP=16, FN=58; precision=0.807, recall=0.536
accuracy: (test=0.972) average_precision: (test=0.693) balanced_accuracy: (test=0.765) f1: (test=0.644) roc_auc: (test=0.895) 1.20min
[fit 27/34] END n_estimators=270; total=2625, TP=69, TN=2483, FP=17, FN=56; precision=0.802, recall=0.552
accuracy: (test=0.972) average_precision: (test=0.688) balanced_accuracy: (test=0.773) f1: (test=0.654) roc_auc: (test=0.910) 1.24min
[fit 28/34] END n_estimators=280; total=2625, TP=67, TN=2486, FP=14, FN=58; precision=0.827, recall=0.536
accuracy: (test=0.973) average_precision: (test=0.688) balanced_accuracy: (test=0.765) f1: (test=0.650) roc_auc: (test=0.910) 1.28min
[fit 29/34] END n_estimators=290; total=2625, TP=69, TN=2485, FP=15, FN=56; precision=0.821, recall=0.552
accuracy: (test=0.973) average_precision: (test=0.690) balanced_accuracy: (test=0.773) f1: (test=0.660) roc_auc: (test=0.911) 1.33min
[fit 30/34] END n_estimators=300; total=2625, TP=67, TN=2483, FP=17, FN=58; precision=0.798, recall=0.536
accuracy: (test=0.971) average_precision: (test=0.691) balanced_accuracy: (test=0.765) f1: (test=0.641) roc_auc: (test=0.921) 1.36min
[fit 31/34] END n_estimators=310; total=2625, TP=70, TN=2486, FP=14, FN=55; precision=0.833, recall=0.560
accuracy: (test=0.974) average_precision: (test=0.693) balanced_accuracy: (test=0.777) f1: (test=0.670) roc_auc: (test=0.908) 1.45min
[fit 32/34] END n_estimators=320; total=2625, TP=69, TN=2482, FP=18, FN=56; precision=0.793, recall=0.552
accuracy: (test=0.972) average_precision: (test=0.692) balanced_accuracy: (test=0.772) f1: (test=0.651) roc_auc: (test=0.913) 1.48min
[fit 33/34] END n_estimators=330; total=2625, TP=69, TN=2483, FP=17, FN=56; precision=0.802, recall=0.552
accuracy: (test=0.972) average_precision: (test=0.690) balanced_accuracy: (test=0.773) f1: (test=0.654) roc_auc: (test=0.911) 1.52min
[fit 34/34] END n_estimators=340; total=2625, TP=67, TN=2486, FP=14, FN=58; precision=0.827, recall=0.536
accuracy: (test=0.973) average_precision: (test=0.689) balanced_accuracy: (test=0.765) f1: (test=0.650) roc_auc: (test=0.903) 1.56min
clf.best_estimator_params: {'n_estimators': 80}
best params found in line [9] for metric [roc_auc] in rank file
best params found in fit [8] for metric [roc_auc] in run_and_score file
clf.best_scoring_result: [Total: (test=2625) TP: (test=65.000) TN: (test=2485.000) FP: (test=15.000) FN: (test=60.000) precision: (test=0.812) recall: (test=0.520) accuracy: (test=0.971) average_precision: (test=0.676) balanced_accuracy: (test=0.757) f1: (test=0.634) roc_auc: (test=0.926) ]
write rank test to csv!!!
../../ex/epivan/base/pseknc-new_rf_base/rank/IMR90_pseknc-new_rf_base_rank_1_3070.csv write over!!!
第二次
{'bootstrap': True, 'ccp_alpha': 0.0, 'class_weight': None, 'criterion': 'gini', 'max_depth': None, 'max_features': 'auto', 'max_leaf_nodes': None, 'max_samples': None, 'min_impurity_decrease': 0.0, 'min_impurity_split': None, 'min_samples_leaf': 1, 'min_samples_split': 2, 'min_weight_fraction_leaf': 0.0, 'n_estimators': 80, 'n_jobs': 5, 'oob_score': False, 'random_state': None, 'verbose': 0, 'warm_start': False}
Fitting, totalling 150 fits
[fit 1/150] END max_depth=None; total=2625, TP=63, TN=2484, FP=16, FN=62; precision=0.797, recall=0.504
accuracy: (test=0.970) average_precision: (test=0.686) balanced_accuracy: (test=0.749) f1: (test=0.618) roc_auc: (test=0.903) 22.22s
[fit 2/150] END max_depth=1; total=2625, TP=74, TN=1271, FP=1229, FN=51; precision=0.057, recall=0.592
accuracy: (test=0.512) average_precision: (test=0.060) balanced_accuracy: (test=0.550) f1: (test=0.104) roc_auc: (test=0.559) 3.23s
[fit 3/150] END max_depth=2; total=2625, TP=71, TN=1329, FP=1171, FN=54; precision=0.057, recall=0.568
accuracy: (test=0.533) average_precision: (test=0.077) balanced_accuracy: (test=0.550) f1: (test=0.104) roc_auc: (test=0.585) 4.45s
[fit 4/150] END max_depth=3; total=2625, TP=72, TN=1455, FP=1045, FN=53; precision=0.064, recall=0.576
accuracy: (test=0.582) average_precision: (test=0.108) balanced_accuracy: (test=0.579) f1: (test=0.116) roc_auc: (test=0.623) 5.79s
[fit 5/150] END max_depth=4; total=2625, TP=67, TN=1652, FP=848, FN=58; precision=0.073, recall=0.536
accuracy: (test=0.655) average_precision: (test=0.136) balanced_accuracy: (test=0.598) f1: (test=0.129) roc_auc: (test=0.645) 7.00s
[fit 6/150] END max_depth=5; total=2625, TP=69, TN=1883, FP=617, FN=56; precision=0.101, recall=0.552
accuracy: (test=0.744) average_precision: (test=0.178) balanced_accuracy: (test=0.653) f1: (test=0.170) roc_auc: (test=0.700) 8.80s
[fit 7/150] END max_depth=6; total=2625, TP=64, TN=2062, FP=438, FN=61; precision=0.127, recall=0.512
accuracy: (test=0.810) average_precision: (test=0.215) balanced_accuracy: (test=0.668) f1: (test=0.204) roc_auc: (test=0.746) 10.09s
[fit 8/150] END max_depth=7; total=2625, TP=67, TN=2239, FP=261, FN=58; precision=0.204, recall=0.536
accuracy: (test=0.878) average_precision: (test=0.306) balanced_accuracy: (test=0.716) f1: (test=0.296) roc_auc: (test=0.791) 11.14s
[fit 9/150] END max_depth=8; total=2625, TP=73, TN=2343, FP=157, FN=52; precision=0.317, recall=0.584
accuracy: (test=0.920) average_precision: (test=0.399) balanced_accuracy: (test=0.761) f1: (test=0.411) roc_auc: (test=0.829) 12.15s
[fit 10/150] END max_depth=9; total=2625, TP=69, TN=2410, FP=90, FN=56; precision=0.434, recall=0.552
accuracy: (test=0.944) average_precision: (test=0.472) balanced_accuracy: (test=0.758) f1: (test=0.486) roc_auc: (test=0.847) 13.62s
[fit 11/150] END max_depth=10; total=2625, TP=72, TN=2432, FP=68, FN=53; precision=0.514, recall=0.576
accuracy: (test=0.954) average_precision: (test=0.510) balanced_accuracy: (test=0.774) f1: (test=0.543) roc_auc: (test=0.862) 13.82s
[fit 12/150] END max_depth=11; total=2625, TP=68, TN=2444, FP=56, FN=57; precision=0.548, recall=0.544
accuracy: (test=0.957) average_precision: (test=0.554) balanced_accuracy: (test=0.761) f1: (test=0.546) roc_auc: (test=0.858) 15.31s
[fit 13/150] END max_depth=12; total=2625, TP=74, TN=2455, FP=45, FN=51; precision=0.622, recall=0.592
accuracy: (test=0.963) average_precision: (test=0.617) balanced_accuracy: (test=0.787) f1: (test=0.607) roc_auc: (test=0.882) 15.69s
[fit 14/150] END max_depth=13; total=2625, TP=73, TN=2461, FP=39, FN=52; precision=0.652, recall=0.584
accuracy: (test=0.965) average_precision: (test=0.631) balanced_accuracy: (test=0.784) f1: (test=0.616) roc_auc: (test=0.892) 16.82s
[fit 15/150] END max_depth=14; total=2625, TP=70, TN=2469, FP=31, FN=55; precision=0.693, recall=0.560
accuracy: (test=0.967) average_precision: (test=0.643) balanced_accuracy: (test=0.774) f1: (test=0.619) roc_auc: (test=0.881) 18.16s
[fit 16/150] END max_depth=15; total=2625, TP=70, TN=2469, FP=31, FN=55; precision=0.693, recall=0.560
accuracy: (test=0.967) average_precision: (test=0.647) balanced_accuracy: (test=0.774) f1: (test=0.619) roc_auc: (test=0.879) 18.05s
[fit 17/150] END max_depth=16; total=2625, TP=69, TN=2472, FP=28, FN=56; precision=0.711, recall=0.552
accuracy: (test=0.968) average_precision: (test=0.672) balanced_accuracy: (test=0.770) f1: (test=0.622) roc_auc: (test=0.910) 18.70s
[fit 18/150] END max_depth=17; total=2625, TP=71, TN=2473, FP=27, FN=54; precision=0.724, recall=0.568
accuracy: (test=0.969) average_precision: (test=0.671) balanced_accuracy: (test=0.779) f1: (test=0.637) roc_auc: (test=0.904) 19.44s
[fit 19/150] END max_depth=18; total=2625, TP=68, TN=2475, FP=25, FN=57; precision=0.731, recall=0.544
accuracy: (test=0.969) average_precision: (test=0.672) balanced_accuracy: (test=0.767) f1: (test=0.624) roc_auc: (test=0.905) 18.92s
[fit 20/150] END max_depth=19; total=2625, TP=72, TN=2470, FP=30, FN=53; precision=0.706, recall=0.576
accuracy: (test=0.968) average_precision: (test=0.667) balanced_accuracy: (test=0.782) f1: (test=0.634) roc_auc: (test=0.909) 19.86s
[fit 21/150] END max_depth=20; total=2625, TP=70, TN=2477, FP=23, FN=55; precision=0.753, recall=0.560
accuracy: (test=0.970) average_precision: (test=0.682) balanced_accuracy: (test=0.775) f1: (test=0.642) roc_auc: (test=0.899) 20.78s
[fit 22/150] END max_depth=21; total=2625, TP=70, TN=2477, FP=23, FN=55; precision=0.753, recall=0.560
accuracy: (test=0.970) average_precision: (test=0.681) balanced_accuracy: (test=0.775) f1: (test=0.642) roc_auc: (test=0.897) 20.50s
[fit 23/150] END max_depth=22; total=2625, TP=70, TN=2481, FP=19, FN=55; precision=0.787, recall=0.560
accuracy: (test=0.972) average_precision: (test=0.684) balanced_accuracy: (test=0.776) f1: (test=0.654) roc_auc: (test=0.905) 20.58s
[fit 24/150] END max_depth=23; total=2625, TP=68, TN=2480, FP=20, FN=57; precision=0.773, recall=0.544
accuracy: (test=0.971) average_precision: (test=0.685) balanced_accuracy: (test=0.768) f1: (test=0.638) roc_auc: (test=0.898) 21.42s
[fit 25/150] END max_depth=24; total=2625, TP=64, TN=2482, FP=18, FN=61; precision=0.780, recall=0.512
accuracy: (test=0.970) average_precision: (test=0.678) balanced_accuracy: (test=0.752) f1: (test=0.618) roc_auc: (test=0.895) 21.35s
[fit 26/150] END max_depth=25; total=2625, TP=68, TN=2482, FP=18, FN=57; precision=0.791, recall=0.544
accuracy: (test=0.971) average_precision: (test=0.693) balanced_accuracy: (test=0.768) f1: (test=0.645) roc_auc: (test=0.917) 21.18s
[fit 27/150] END max_depth=26; total=2625, TP=68, TN=2474, FP=26, FN=57; precision=0.723, recall=0.544
accuracy: (test=0.968) average_precision: (test=0.676) balanced_accuracy: (test=0.767) f1: (test=0.621) roc_auc: (test=0.901) 21.49s
[fit 28/150] END max_depth=27; total=2625, TP=64, TN=2477, FP=23, FN=61; precision=0.736, recall=0.512
accuracy: (test=0.968) average_precision: (test=0.677) balanced_accuracy: (test=0.751) f1: (test=0.604) roc_auc: (test=0.906) 21.72s
[fit 29/150] END max_depth=28; total=2625, TP=69, TN=2483, FP=17, FN=56; precision=0.802, recall=0.552
accuracy: (test=0.972) average_precision: (test=0.681) balanced_accuracy: (test=0.773) f1: (test=0.654) roc_auc: (test=0.892) 21.99s
[fit 30/150] END max_depth=29; total=2625, TP=66, TN=2482, FP=18, FN=59; precision=0.786, recall=0.528
accuracy: (test=0.971) average_precision: (test=0.680) balanced_accuracy: (test=0.760) f1: (test=0.632) roc_auc: (test=0.902) 21.28s
[fit 31/150] END max_depth=30; total=2625, TP=67, TN=2481, FP=19, FN=58; precision=0.779, recall=0.536
accuracy: (test=0.971) average_precision: (test=0.679) balanced_accuracy: (test=0.764) f1: (test=0.635) roc_auc: (test=0.907) 22.26s
[fit 32/150] END max_depth=31; total=2625, TP=67, TN=2483, FP=17, FN=58; precision=0.798, recall=0.536
accuracy: (test=0.971) average_precision: (test=0.671) balanced_accuracy: (test=0.765) f1: (test=0.641) roc_auc: (test=0.904) 22.53s
[fit 33/150] END max_depth=32; total=2625, TP=66, TN=2487, FP=13, FN=59; precision=0.835, recall=0.528
accuracy: (test=0.973) average_precision: (test=0.686) balanced_accuracy: (test=0.761) f1: (test=0.647) roc_auc: (test=0.899) 22.46s
[fit 34/150] END max_depth=33; total=2625, TP=64, TN=2484, FP=16, FN=61; precision=0.800, recall=0.512
accuracy: (test=0.971) average_precision: (test=0.674) balanced_accuracy: (test=0.753) f1: (test=0.624) roc_auc: (test=0.900) 22.35s
[fit 35/150] END max_depth=34; total=2625, TP=61, TN=2484, FP=16, FN=64; precision=0.792, recall=0.488
accuracy: (test=0.970) average_precision: (test=0.664) balanced_accuracy: (test=0.741) f1: (test=0.604) roc_auc: (test=0.890) 21.97s
[fit 36/150] END max_depth=35; total=2625, TP=71, TN=2477, FP=23, FN=54; precision=0.755, recall=0.568
accuracy: (test=0.971) average_precision: (test=0.685) balanced_accuracy: (test=0.779) f1: (test=0.648) roc_auc: (test=0.912) 22.29s
[fit 37/150] END max_depth=36; total=2625, TP=66, TN=2483, FP=17, FN=59; precision=0.795, recall=0.528
accuracy: (test=0.971) average_precision: (test=0.686) balanced_accuracy: (test=0.761) f1: (test=0.635) roc_auc: (test=0.899) 22.94s
[fit 38/150] END max_depth=37; total=2625, TP=65, TN=2479, FP=21, FN=60; precision=0.756, recall=0.520
accuracy: (test=0.969) average_precision: (test=0.671) balanced_accuracy: (test=0.756) f1: (test=0.616) roc_auc: (test=0.898) 22.65s
[fit 39/150] END max_depth=38; total=2625, TP=67, TN=2483, FP=17, FN=58; precision=0.798, recall=0.536
accuracy: (test=0.971) average_precision: (test=0.686) balanced_accuracy: (test=0.765) f1: (test=0.641) roc_auc: (test=0.907) 22.28s
[fit 40/150] END max_depth=39; total=2625, TP=66, TN=2486, FP=14, FN=59; precision=0.825, recall=0.528
accuracy: (test=0.972) average_precision: (test=0.682) balanced_accuracy: (test=0.761) f1: (test=0.644) roc_auc: (test=0.900) 22.68s
[fit 41/150] END max_depth=40; total=2625, TP=68, TN=2485, FP=15, FN=57; precision=0.819, recall=0.544
accuracy: (test=0.973) average_precision: (test=0.681) balanced_accuracy: (test=0.769) f1: (test=0.654) roc_auc: (test=0.895) 22.10s
[fit 42/150] END max_depth=41; total=2625, TP=65, TN=2487, FP=13, FN=60; precision=0.833, recall=0.520
accuracy: (test=0.972) average_precision: (test=0.683) balanced_accuracy: (test=0.757) f1: (test=0.640) roc_auc: (test=0.899) 22.77s
[fit 43/150] END max_depth=42; total=2625, TP=70, TN=2479, FP=21, FN=55; precision=0.769, recall=0.560
accuracy: (test=0.971) average_precision: (test=0.688) balanced_accuracy: (test=0.776) f1: (test=0.648) roc_auc: (test=0.902) 22.83s
[fit 44/150] END max_depth=43; total=2625, TP=66, TN=2486, FP=14, FN=59; precision=0.825, recall=0.528
accuracy: (test=0.972) average_precision: (test=0.698) balanced_accuracy: (test=0.761) f1: (test=0.644) roc_auc: (test=0.899) 23.03s
[fit 45/150] END max_depth=44; total=2625, TP=68, TN=2480, FP=20, FN=57; precision=0.773, recall=0.544
accuracy: (test=0.971) average_precision: (test=0.675) balanced_accuracy: (test=0.768) f1: (test=0.638) roc_auc: (test=0.891) 22.11s
[fit 46/150] END max_depth=45; total=2625, TP=63, TN=2487, FP=13, FN=62; precision=0.829, recall=0.504
accuracy: (test=0.971) average_precision: (test=0.669) balanced_accuracy: (test=0.749) f1: (test=0.627) roc_auc: (test=0.914) 22.01s
[fit 47/150] END max_depth=46; total=2625, TP=66, TN=2488, FP=12, FN=59; precision=0.846, recall=0.528
accuracy: (test=0.973) average_precision: (test=0.693) balanced_accuracy: (test=0.762) f1: (test=0.650) roc_auc: (test=0.910) 21.89s
[fit 48/150] END max_depth=47; total=2625, TP=66, TN=2488, FP=12, FN=59; precision=0.846, recall=0.528
accuracy: (test=0.973) average_precision: (test=0.684) balanced_accuracy: (test=0.762) f1: (test=0.650) roc_auc: (test=0.900) 22.82s
[fit 49/150] END max_depth=48; total=2625, TP=66, TN=2480, FP=20, FN=59; precision=0.767, recall=0.528
accuracy: (test=0.970) average_precision: (test=0.684) balanced_accuracy: (test=0.760) f1: (test=0.626) roc_auc: (test=0.899) 23.80s
[fit 50/150] END max_depth=49; total=2625, TP=67, TN=2482, FP=18, FN=58; precision=0.788, recall=0.536
accuracy: (test=0.971) average_precision: (test=0.682) balanced_accuracy: (test=0.764) f1: (test=0.638) roc_auc: (test=0.919) 22.38s
[fit 51/150] END max_depth=50; total=2625, TP=65, TN=2486, FP=14, FN=60; precision=0.823, recall=0.520
accuracy: (test=0.972) average_precision: (test=0.682) balanced_accuracy: (test=0.757) f1: (test=0.637) roc_auc: (test=0.915) 22.85s
[fit 52/150] END max_depth=51; total=2625, TP=68, TN=2486, FP=14, FN=57; precision=0.829, recall=0.544
accuracy: (test=0.973) average_precision: (test=0.676) balanced_accuracy: (test=0.769) f1: (test=0.657) roc_auc: (test=0.897) 22.37s
[fit 53/150] END max_depth=52; total=2625, TP=64, TN=2484, FP=16, FN=61; precision=0.800, recall=0.512
accuracy: (test=0.971) average_precision: (test=0.676) balanced_accuracy: (test=0.753) f1: (test=0.624) roc_auc: (test=0.897) 22.45s
[fit 54/150] END max_depth=53; total=2625, TP=68, TN=2483, FP=17, FN=57; precision=0.800, recall=0.544
accuracy: (test=0.972) average_precision: (test=0.683) balanced_accuracy: (test=0.769) f1: (test=0.648) roc_auc: (test=0.910) 23.57s
[fit 55/150] END max_depth=54; total=2625, TP=67, TN=2486, FP=14, FN=58; precision=0.827, recall=0.536
accuracy: (test=0.973) average_precision: (test=0.675) balanced_accuracy: (test=0.765) f1: (test=0.650) roc_auc: (test=0.901) 22.46s
[fit 56/150] END max_depth=55; total=2625, TP=64, TN=2485, FP=15, FN=61; precision=0.810, recall=0.512
accuracy: (test=0.971) average_precision: (test=0.680) balanced_accuracy: (test=0.753) f1: (test=0.627) roc_auc: (test=0.913) 23.23s
[fit 57/150] END max_depth=56; total=2625, TP=62, TN=2483, FP=17, FN=63; precision=0.785, recall=0.496
accuracy: (test=0.970) average_precision: (test=0.668) balanced_accuracy: (test=0.745) f1: (test=0.608) roc_auc: (test=0.904) 22.46s
[fit 58/150] END max_depth=57; total=2625, TP=64, TN=2482, FP=18, FN=61; precision=0.780, recall=0.512
accuracy: (test=0.970) average_precision: (test=0.664) balanced_accuracy: (test=0.752) f1: (test=0.618) roc_auc: (test=0.899) 21.62s
[fit 59/150] END max_depth=58; total=2625, TP=68, TN=2479, FP=21, FN=57; precision=0.764, recall=0.544
accuracy: (test=0.970) average_precision: (test=0.669) balanced_accuracy: (test=0.768) f1: (test=0.636) roc_auc: (test=0.911) 23.22s
[fit 60/150] END max_depth=59; total=2625, TP=69, TN=2482, FP=18, FN=56; precision=0.793, recall=0.552
accuracy: (test=0.972) average_precision: (test=0.681) balanced_accuracy: (test=0.772) f1: (test=0.651) roc_auc: (test=0.908) 22.43s
[fit 61/150] END max_depth=60; total=2625, TP=67, TN=2486, FP=14, FN=58; precision=0.827, recall=0.536
accuracy: (test=0.973) average_precision: (test=0.679) balanced_accuracy: (test=0.765) f1: (test=0.650) roc_auc: (test=0.909) 22.23s
[fit 62/150] END max_depth=61; total=2625, TP=67, TN=2485, FP=15, FN=58; precision=0.817, recall=0.536
accuracy: (test=0.972) average_precision: (test=0.666) balanced_accuracy: (test=0.765) f1: (test=0.647) roc_auc: (test=0.895) 22.82s
[fit 63/150] END max_depth=62; total=2625, TP=67, TN=2483, FP=17, FN=58; precision=0.798, recall=0.536
accuracy: (test=0.971) average_precision: (test=0.683) balanced_accuracy: (test=0.765) f1: (test=0.641) roc_auc: (test=0.916) 23.13s
[fit 64/150] END max_depth=63; total=2625, TP=66, TN=2481, FP=19, FN=59; precision=0.776, recall=0.528
accuracy: (test=0.970) average_precision: (test=0.688) balanced_accuracy: (test=0.760) f1: (test=0.629) roc_auc: (test=0.908) 22.91s
[fit 65/150] END max_depth=64; total=2625, TP=68, TN=2482, FP=18, FN=57; precision=0.791, recall=0.544
accuracy: (test=0.971) average_precision: (test=0.681) balanced_accuracy: (test=0.768) f1: (test=0.645) roc_auc: (test=0.903) 22.64s
[fit 66/150] END max_depth=65; total=2625, TP=69, TN=2485, FP=15, FN=56; precision=0.821, recall=0.552
accuracy: (test=0.973) average_precision: (test=0.682) balanced_accuracy: (test=0.773) f1: (test=0.660) roc_auc: (test=0.912) 22.68s
[fit 67/150] END max_depth=66; total=2625, TP=66, TN=2483, FP=17, FN=59; precision=0.795, recall=0.528
accuracy: (test=0.971) average_precision: (test=0.676) balanced_accuracy: (test=0.761) f1: (test=0.635) roc_auc: (test=0.902) 22.32s
[fit 68/150] END max_depth=67; total=2625, TP=68, TN=2484, FP=16, FN=57; precision=0.810, recall=0.544
accuracy: (test=0.972) average_precision: (test=0.681) balanced_accuracy: (test=0.769) f1: (test=0.651) roc_auc: (test=0.903) 21.92s
[fit 69/150] END max_depth=68; total=2625, TP=65, TN=2483, FP=17, FN=60; precision=0.793, recall=0.520
accuracy: (test=0.971) average_precision: (test=0.682) balanced_accuracy: (test=0.757) f1: (test=0.628) roc_auc: (test=0.912) 23.23s
[fit 70/150] END max_depth=69; total=2625, TP=67, TN=2480, FP=20, FN=58; precision=0.770, recall=0.536
accuracy: (test=0.970) average_precision: (test=0.671) balanced_accuracy: (test=0.764) f1: (test=0.632) roc_auc: (test=0.900) 22.35s
[fit 71/150] END max_depth=70; total=2625, TP=69, TN=2479, FP=21, FN=56; precision=0.767, recall=0.552
accuracy: (test=0.971) average_precision: (test=0.675) balanced_accuracy: (test=0.772) f1: (test=0.642) roc_auc: (test=0.919) 22.20s
[fit 72/150] END max_depth=71; total=2625, TP=66, TN=2482, FP=18, FN=59; precision=0.786, recall=0.528
accuracy: (test=0.971) average_precision: (test=0.682) balanced_accuracy: (test=0.760) f1: (test=0.632) roc_auc: (test=0.910) 23.26s
[fit 73/150] END max_depth=72; total=2625, TP=65, TN=2483, FP=17, FN=60; precision=0.793, recall=0.520
accuracy: (test=0.971) average_precision: (test=0.679) balanced_accuracy: (test=0.757) f1: (test=0.628) roc_auc: (test=0.913) 22.42s
[fit 74/150] END max_depth=73; total=2625, TP=70, TN=2481, FP=19, FN=55; precision=0.787, recall=0.560
accuracy: (test=0.972) average_precision: (test=0.688) balanced_accuracy: (test=0.776) f1: (test=0.654) roc_auc: (test=0.912) 22.29s
[fit 75/150] END max_depth=74; total=2625, TP=67, TN=2482, FP=18, FN=58; precision=0.788, recall=0.536
accuracy: (test=0.971) average_precision: (test=0.697) balanced_accuracy: (test=0.764) f1: (test=0.638) roc_auc: (test=0.908) 22.82s
[fit 76/150] END max_depth=75; total=2625, TP=64, TN=2485, FP=15, FN=61; precision=0.810, recall=0.512
accuracy: (test=0.971) average_precision: (test=0.677) balanced_accuracy: (test=0.753) f1: (test=0.627) roc_auc: (test=0.890) 22.19s
[fit 77/150] END max_depth=76; total=2625, TP=66, TN=2484, FP=16, FN=59; precision=0.805, recall=0.528
accuracy: (test=0.971) average_precision: (test=0.683) balanced_accuracy: (test=0.761) f1: (test=0.638) roc_auc: (test=0.895) 22.79s
[fit 78/150] END max_depth=77; total=2625, TP=65, TN=2478, FP=22, FN=60; precision=0.747, recall=0.520
accuracy: (test=0.969) average_precision: (test=0.679) balanced_accuracy: (test=0.756) f1: (test=0.613) roc_auc: (test=0.918) 22.40s
[fit 79/150] END max_depth=78; total=2625, TP=66, TN=2486, FP=14, FN=59; precision=0.825, recall=0.528
accuracy: (test=0.972) average_precision: (test=0.669) balanced_accuracy: (test=0.761) f1: (test=0.644) roc_auc: (test=0.896) 22.25s
[fit 80/150] END max_depth=79; total=2625, TP=66, TN=2482, FP=18, FN=59; precision=0.786, recall=0.528
accuracy: (test=0.971) average_precision: (test=0.690) balanced_accuracy: (test=0.760) f1: (test=0.632) roc_auc: (test=0.918) 23.26s
[fit 81/150] END max_depth=80; total=2625, TP=69, TN=2482, FP=18, FN=56; precision=0.793, recall=0.552
accuracy: (test=0.972) average_precision: (test=0.684) balanced_accuracy: (test=0.772) f1: (test=0.651) roc_auc: (test=0.907) 22.90s
[fit 82/150] END max_depth=81; total=2625, TP=67, TN=2482, FP=18, FN=58; precision=0.788, recall=0.536
accuracy: (test=0.971) average_precision: (test=0.671) balanced_accuracy: (test=0.764) f1: (test=0.638) roc_auc: (test=0.889) 22.20s
[fit 83/150] END max_depth=82; total=2625, TP=65, TN=2481, FP=19, FN=60; precision=0.774, recall=0.520
accuracy: (test=0.970) average_precision: (test=0.668) balanced_accuracy: (test=0.756) f1: (test=0.622) roc_auc: (test=0.885) 22.20s
[fit 84/150] END max_depth=83; total=2625, TP=65, TN=2481, FP=19, FN=60; precision=0.774, recall=0.520
accuracy: (test=0.970) average_precision: (test=0.675) balanced_accuracy: (test=0.756) f1: (test=0.622) roc_auc: (test=0.902) 22.41s
[fit 85/150] END max_depth=84; total=2625, TP=70, TN=2484, FP=16, FN=55; precision=0.814, recall=0.560
accuracy: (test=0.973) average_precision: (test=0.673) balanced_accuracy: (test=0.777) f1: (test=0.664) roc_auc: (test=0.907) 23.20s
[fit 86/150] END max_depth=85; total=2625, TP=68, TN=2483, FP=17, FN=57; precision=0.800, recall=0.544
accuracy: (test=0.972) average_precision: (test=0.679) balanced_accuracy: (test=0.769) f1: (test=0.648) roc_auc: (test=0.901) 23.15s
[fit 87/150] END max_depth=86; total=2625, TP=69, TN=2478, FP=22, FN=56; precision=0.758, recall=0.552
accuracy: (test=0.970) average_precision: (test=0.665) balanced_accuracy: (test=0.772) f1: (test=0.639) roc_auc: (test=0.901) 23.19s
[fit 88/150] END max_depth=87; total=2625, TP=69, TN=2487, FP=13, FN=56; precision=0.841, recall=0.552
accuracy: (test=0.974) average_precision: (test=0.682) balanced_accuracy: (test=0.773) f1: (test=0.667) roc_auc: (test=0.893) 22.53s
[fit 89/150] END max_depth=88; total=2625, TP=68, TN=2487, FP=13, FN=57; precision=0.840, recall=0.544
accuracy: (test=0.973) average_precision: (test=0.687) balanced_accuracy: (test=0.769) f1: (test=0.660) roc_auc: (test=0.906) 22.40s
[fit 90/150] END max_depth=89; total=2625, TP=65, TN=2482, FP=18, FN=60; precision=0.783, recall=0.520
accuracy: (test=0.970) average_precision: (test=0.676) balanced_accuracy: (test=0.756) f1: (test=0.625) roc_auc: (test=0.900) 22.12s
[fit 91/150] END max_depth=90; total=2625, TP=66, TN=2482, FP=18, FN=59; precision=0.786, recall=0.528
accuracy: (test=0.971) average_precision: (test=0.679) balanced_accuracy: (test=0.760) f1: (test=0.632) roc_auc: (test=0.906) 23.73s
[fit 92/150] END max_depth=91; total=2625, TP=67, TN=2481, FP=19, FN=58; precision=0.779, recall=0.536
accuracy: (test=0.971) average_precision: (test=0.686) balanced_accuracy: (test=0.764) f1: (test=0.635) roc_auc: (test=0.901) 23.36s
[fit 93/150] END max_depth=92; total=2625, TP=67, TN=2482, FP=18, FN=58; precision=0.788, recall=0.536
accuracy: (test=0.971) average_precision: (test=0.680) balanced_accuracy: (test=0.764) f1: (test=0.638) roc_auc: (test=0.909) 23.09s
[fit 94/150] END max_depth=93; total=2625, TP=65, TN=2487, FP=13, FN=60; precision=0.833, recall=0.520
accuracy: (test=0.972) average_precision: (test=0.682) balanced_accuracy: (test=0.757) f1: (test=0.640) roc_auc: (test=0.890) 22.92s
[fit 95/150] END max_depth=94; total=2625, TP=68, TN=2490, FP=10, FN=57; precision=0.872, recall=0.544
accuracy: (test=0.974) average_precision: (test=0.684) balanced_accuracy: (test=0.770) f1: (test=0.670) roc_auc: (test=0.900) 22.60s
[fit 96/150] END max_depth=95; total=2625, TP=66, TN=2479, FP=21, FN=59; precision=0.759, recall=0.528
accuracy: (test=0.970) average_precision: (test=0.672) balanced_accuracy: (test=0.760) f1: (test=0.623) roc_auc: (test=0.917) 23.15s
[fit 97/150] END max_depth=96; total=2625, TP=65, TN=2480, FP=20, FN=60; precision=0.765, recall=0.520
accuracy: (test=0.970) average_precision: (test=0.665) balanced_accuracy: (test=0.756) f1: (test=0.619) roc_auc: (test=0.900) 23.27s
[fit 98/150] END max_depth=97; total=2625, TP=67, TN=2485, FP=15, FN=58; precision=0.817, recall=0.536
accuracy: (test=0.972) average_precision: (test=0.680) balanced_accuracy: (test=0.765) f1: (test=0.647) roc_auc: (test=0.895) 23.05s
[fit 99/150] END max_depth=98; total=2625, TP=69, TN=2481, FP=19, FN=56; precision=0.784, recall=0.552
accuracy: (test=0.971) average_precision: (test=0.660) balanced_accuracy: (test=0.772) f1: (test=0.648) roc_auc: (test=0.898) 22.88s
[fit 100/150] END max_depth=99; total=2625, TP=65, TN=2486, FP=14, FN=60; precision=0.823, recall=0.520
accuracy: (test=0.972) average_precision: (test=0.661) balanced_accuracy: (test=0.757) f1: (test=0.637) roc_auc: (test=0.894) 22.09s
[fit 101/150] END max_depth=100; total=2625, TP=68, TN=2482, FP=18, FN=57; precision=0.791, recall=0.544
accuracy: (test=0.971) average_precision: (test=0.677) balanced_accuracy: (test=0.768) f1: (test=0.645) roc_auc: (test=0.907) 22.47s
[fit 102/150] END max_depth=101; total=2625, TP=62, TN=2489, FP=11, FN=63; precision=0.849, recall=0.496
accuracy: (test=0.972) average_precision: (test=0.682) balanced_accuracy: (test=0.746) f1: (test=0.626) roc_auc: (test=0.920) 22.48s
[fit 103/150] END max_depth=102; total=2625, TP=65, TN=2482, FP=18, FN=60; precision=0.783, recall=0.520
accuracy: (test=0.970) average_precision: (test=0.677) balanced_accuracy: (test=0.756) f1: (test=0.625) roc_auc: (test=0.895) 23.99s
[fit 104/150] END max_depth=103; total=2625, TP=68, TN=2484, FP=16, FN=57; precision=0.810, recall=0.544
accuracy: (test=0.972) average_precision: (test=0.692) balanced_accuracy: (test=0.769) f1: (test=0.651) roc_auc: (test=0.894) 23.08s
[fit 105/150] END max_depth=104; total=2625, TP=67, TN=2485, FP=15, FN=58; precision=0.817, recall=0.536
accuracy: (test=0.972) average_precision: (test=0.679) balanced_accuracy: (test=0.765) f1: (test=0.647) roc_auc: (test=0.893) 23.04s
[fit 106/150] END max_depth=105; total=2625, TP=65, TN=2482, FP=18, FN=60; precision=0.783, recall=0.520
accuracy: (test=0.970) average_precision: (test=0.670) balanced_accuracy: (test=0.756) f1: (test=0.625) roc_auc: (test=0.896) 22.17s
[fit 107/150] END max_depth=106; total=2625, TP=68, TN=2483, FP=17, FN=57; precision=0.800, recall=0.544
accuracy: (test=0.972) average_precision: (test=0.685) balanced_accuracy: (test=0.769) f1: (test=0.648) roc_auc: (test=0.904) 22.64s
[fit 108/150] END max_depth=107; total=2625, TP=63, TN=2486, FP=14, FN=62; precision=0.818, recall=0.504
accuracy: (test=0.971) average_precision: (test=0.664) balanced_accuracy: (test=0.749) f1: (test=0.624) roc_auc: (test=0.911) 22.89s
[fit 109/150] END max_depth=108; total=2625, TP=69, TN=2483, FP=17, FN=56; precision=0.802, recall=0.552
accuracy: (test=0.972) average_precision: (test=0.678) balanced_accuracy: (test=0.773) f1: (test=0.654) roc_auc: (test=0.916) 22.98s
[fit 110/150] END max_depth=109; total=2625, TP=65, TN=2486, FP=14, FN=60; precision=0.823, recall=0.520
accuracy: (test=0.972) average_precision: (test=0.679) balanced_accuracy: (test=0.757) f1: (test=0.637) roc_auc: (test=0.905) 22.60s
[fit 111/150] END max_depth=110; total=2625, TP=69, TN=2486, FP=14, FN=56; precision=0.831, recall=0.552
accuracy: (test=0.973) average_precision: (test=0.681) balanced_accuracy: (test=0.773) f1: (test=0.663) roc_auc: (test=0.892) 22.68s
[fit 112/150] END max_depth=111; total=2625, TP=66, TN=2482, FP=18, FN=59; precision=0.786, recall=0.528
accuracy: (test=0.971) average_precision: (test=0.685) balanced_accuracy: (test=0.760) f1: (test=0.632) roc_auc: (test=0.914) 22.90s
[fit 113/150] END max_depth=112; total=2625, TP=69, TN=2484, FP=16, FN=56; precision=0.812, recall=0.552
accuracy: (test=0.973) average_precision: (test=0.691) balanced_accuracy: (test=0.773) f1: (test=0.657) roc_auc: (test=0.908) 22.88s
[fit 114/150] END max_depth=113; total=2625, TP=67, TN=2484, FP=16, FN=58; precision=0.807, recall=0.536
accuracy: (test=0.972) average_precision: (test=0.677) balanced_accuracy: (test=0.765) f1: (test=0.644) roc_auc: (test=0.903) 22.82s
[fit 115/150] END max_depth=114; total=2625, TP=70, TN=2482, FP=18, FN=55; precision=0.795, recall=0.560
accuracy: (test=0.972) average_precision: (test=0.682) balanced_accuracy: (test=0.776) f1: (test=0.657) roc_auc: (test=0.903) 22.84s
[fit 116/150] END max_depth=115; total=2625, TP=65, TN=2484, FP=16, FN=60; precision=0.802, recall=0.520
accuracy: (test=0.971) average_precision: (test=0.682) balanced_accuracy: (test=0.757) f1: (test=0.631) roc_auc: (test=0.890) 22.05s
[fit 117/150] END max_depth=116; total=2625, TP=63, TN=2487, FP=13, FN=62; precision=0.829, recall=0.504
accuracy: (test=0.971) average_precision: (test=0.677) balanced_accuracy: (test=0.749) f1: (test=0.627) roc_auc: (test=0.898) 22.96s
[fit 118/150] END max_depth=117; total=2625, TP=67, TN=2485, FP=15, FN=58; precision=0.817, recall=0.536
accuracy: (test=0.972) average_precision: (test=0.682) balanced_accuracy: (test=0.765) f1: (test=0.647) roc_auc: (test=0.921) 21.65s
[fit 119/150] END max_depth=118; total=2625, TP=69, TN=2487, FP=13, FN=56; precision=0.841, recall=0.552
accuracy: (test=0.974) average_precision: (test=0.658) balanced_accuracy: (test=0.773) f1: (test=0.667) roc_auc: (test=0.884) 22.64s
[fit 120/150] END max_depth=119; total=2625, TP=65, TN=2488, FP=12, FN=60; precision=0.844, recall=0.520
accuracy: (test=0.973) average_precision: (test=0.692) balanced_accuracy: (test=0.758) f1: (test=0.644) roc_auc: (test=0.898) 23.03s
[fit 121/150] END max_depth=120; total=2625, TP=68, TN=2483, FP=17, FN=57; precision=0.800, recall=0.544
accuracy: (test=0.972) average_precision: (test=0.663) balanced_accuracy: (test=0.769) f1: (test=0.648) roc_auc: (test=0.895) 21.73s
[fit 122/150] END max_depth=121; total=2625, TP=71, TN=2482, FP=18, FN=54; precision=0.798, recall=0.568
accuracy: (test=0.973) average_precision: (test=0.678) balanced_accuracy: (test=0.780) f1: (test=0.664) roc_auc: (test=0.892) 22.12s
[fit 123/150] END max_depth=122; total=2625, TP=67, TN=2482, FP=18, FN=58; precision=0.788, recall=0.536
accuracy: (test=0.971) average_precision: (test=0.673) balanced_accuracy: (test=0.764) f1: (test=0.638) roc_auc: (test=0.906) 22.67s
[fit 124/150] END max_depth=123; total=2625, TP=71, TN=2484, FP=16, FN=54; precision=0.816, recall=0.568
accuracy: (test=0.973) average_precision: (test=0.678) balanced_accuracy: (test=0.781) f1: (test=0.670) roc_auc: (test=0.899) 22.67s
[fit 125/150] END max_depth=124; total=2625, TP=66, TN=2487, FP=13, FN=59; precision=0.835, recall=0.528
accuracy: (test=0.973) average_precision: (test=0.669) balanced_accuracy: (test=0.761) f1: (test=0.647) roc_auc: (test=0.888) 22.71s
[fit 126/150] END max_depth=125; total=2625, TP=67, TN=2483, FP=17, FN=58; precision=0.798, recall=0.536
accuracy: (test=0.971) average_precision: (test=0.689) balanced_accuracy: (test=0.765) f1: (test=0.641) roc_auc: (test=0.911) 22.96s
[fit 127/150] END max_depth=126; total=2625, TP=70, TN=2488, FP=12, FN=55; precision=0.854, recall=0.560
accuracy: (test=0.974) average_precision: (test=0.688) balanced_accuracy: (test=0.778) f1: (test=0.676) roc_auc: (test=0.904) 22.96s
[fit 128/150] END max_depth=127; total=2625, TP=69, TN=2472, FP=28, FN=56; precision=0.711, recall=0.552
accuracy: (test=0.968) average_precision: (test=0.666) balanced_accuracy: (test=0.770) f1: (test=0.622) roc_auc: (test=0.904) 22.83s
[fit 129/150] END max_depth=128; total=2625, TP=68, TN=2482, FP=18, FN=57; precision=0.791, recall=0.544
accuracy: (test=0.971) average_precision: (test=0.676) balanced_accuracy: (test=0.768) f1: (test=0.645) roc_auc: (test=0.908) 22.73s
[fit 130/150] END max_depth=129; total=2625, TP=68, TN=2487, FP=13, FN=57; precision=0.840, recall=0.544
accuracy: (test=0.973) average_precision: (test=0.679) balanced_accuracy: (test=0.769) f1: (test=0.660) roc_auc: (test=0.908) 22.83s
[fit 131/150] END max_depth=130; total=2625, TP=66, TN=2481, FP=19, FN=59; precision=0.776, recall=0.528
accuracy: (test=0.970) average_precision: (test=0.668) balanced_accuracy: (test=0.760) f1: (test=0.629) roc_auc: (test=0.892) 22.87s
[fit 132/150] END max_depth=131; total=2625, TP=66, TN=2484, FP=16, FN=59; precision=0.805, recall=0.528
accuracy: (test=0.971) average_precision: (test=0.680) balanced_accuracy: (test=0.761) f1: (test=0.638) roc_auc: (test=0.912) 22.31s
[fit 133/150] END max_depth=132; total=2625, TP=64, TN=2482, FP=18, FN=61; precision=0.780, recall=0.512
accuracy: (test=0.970) average_precision: (test=0.676) balanced_accuracy: (test=0.752) f1: (test=0.618) roc_auc: (test=0.910) 22.21s
[fit 134/150] END max_depth=133; total=2625, TP=67, TN=2483, FP=17, FN=58; precision=0.798, recall=0.536
accuracy: (test=0.971) average_precision: (test=0.684) balanced_accuracy: (test=0.765) f1: (test=0.641) roc_auc: (test=0.909) 22.75s
[fit 135/150] END max_depth=134; total=2625, TP=65, TN=2483, FP=17, FN=60; precision=0.793, recall=0.520
accuracy: (test=0.971) average_precision: (test=0.694) balanced_accuracy: (test=0.757) f1: (test=0.628) roc_auc: (test=0.914) 22.92s
[fit 136/150] END max_depth=135; total=2625, TP=68, TN=2487, FP=13, FN=57; precision=0.840, recall=0.544
accuracy: (test=0.973) average_precision: (test=0.690) balanced_accuracy: (test=0.769) f1: (test=0.660) roc_auc: (test=0.909) 22.64s
[fit 137/150] END max_depth=136; total=2625, TP=67, TN=2483, FP=17, FN=58; precision=0.798, recall=0.536
accuracy: (test=0.971) average_precision: (test=0.685) balanced_accuracy: (test=0.765) f1: (test=0.641) roc_auc: (test=0.915) 22.11s
[fit 138/150] END max_depth=137; total=2625, TP=67, TN=2485, FP=15, FN=58; precision=0.817, recall=0.536
accuracy: (test=0.972) average_precision: (test=0.679) balanced_accuracy: (test=0.765) f1: (test=0.647) roc_auc: (test=0.893) 22.50s
[fit 139/150] END max_depth=138; total=2625, TP=70, TN=2485, FP=15, FN=55; precision=0.824, recall=0.560
accuracy: (test=0.973) average_precision: (test=0.679) balanced_accuracy: (test=0.777) f1: (test=0.667) roc_auc: (test=0.893) 22.66s
[fit 140/150] END max_depth=139; total=2625, TP=67, TN=2483, FP=17, FN=58; precision=0.798, recall=0.536
accuracy: (test=0.971) average_precision: (test=0.680) balanced_accuracy: (test=0.765) f1: (test=0.641) roc_auc: (test=0.897) 22.60s
[fit 141/150] END max_depth=140; total=2625, TP=69, TN=2481, FP=19, FN=56; precision=0.784, recall=0.552
accuracy: (test=0.971) average_precision: (test=0.675) balanced_accuracy: (test=0.772) f1: (test=0.648) roc_auc: (test=0.890) 22.24s
[fit 142/150] END max_depth=141; total=2625, TP=67, TN=2480, FP=20, FN=58; precision=0.770, recall=0.536
accuracy: (test=0.970) average_precision: (test=0.668) balanced_accuracy: (test=0.764) f1: (test=0.632) roc_auc: (test=0.896) 22.21s
[fit 143/150] END max_depth=142; total=2625, TP=64, TN=2486, FP=14, FN=61; precision=0.821, recall=0.512
accuracy: (test=0.971) average_precision: (test=0.673) balanced_accuracy: (test=0.753) f1: (test=0.631) roc_auc: (test=0.902) 22.46s
[fit 144/150] END max_depth=143; total=2625, TP=66, TN=2484, FP=16, FN=59; precision=0.805, recall=0.528
accuracy: (test=0.971) average_precision: (test=0.681) balanced_accuracy: (test=0.761) f1: (test=0.638) roc_auc: (test=0.911) 23.34s
[fit 145/150] END max_depth=144; total=2625, TP=68, TN=2483, FP=17, FN=57; precision=0.800, recall=0.544
accuracy: (test=0.972) average_precision: (test=0.695) balanced_accuracy: (test=0.769) f1: (test=0.648) roc_auc: (test=0.908) 23.00s
[fit 146/150] END max_depth=145; total=2625, TP=68, TN=2480, FP=20, FN=57; precision=0.773, recall=0.544
accuracy: (test=0.971) average_precision: (test=0.677) balanced_accuracy: (test=0.768) f1: (test=0.638) roc_auc: (test=0.902) 22.28s
[fit 147/150] END max_depth=146; total=2625, TP=65, TN=2482, FP=18, FN=60; precision=0.783, recall=0.520
accuracy: (test=0.970) average_precision: (test=0.670) balanced_accuracy: (test=0.756) f1: (test=0.625) roc_auc: (test=0.896) 22.72s
[fit 148/150] END max_depth=147; total=2625, TP=64, TN=2485, FP=15, FN=61; precision=0.810, recall=0.512
accuracy: (test=0.971) average_precision: (test=0.676) balanced_accuracy: (test=0.753) f1: (test=0.627) roc_auc: (test=0.905) 22.37s
[fit 149/150] END max_depth=148; total=2625, TP=69, TN=2480, FP=20, FN=56; precision=0.775, recall=0.552
accuracy: (test=0.971) average_precision: (test=0.681) balanced_accuracy: (test=0.772) f1: (test=0.645) roc_auc: (test=0.896) 22.50s
[fit 150/150] END max_depth=149; total=2625, TP=69, TN=2482, FP=18, FN=56; precision=0.793, recall=0.552
accuracy: (test=0.972) average_precision: (test=0.682) balanced_accuracy: (test=0.772) f1: (test=0.651) roc_auc: (test=0.913) 22.40s
clf.best_estimator_params: {'max_depth': 117}
best params found in line [119] for metric [roc_auc] in rank file
best params found in fit [118] for metric [roc_auc] in run_and_score file
clf.best_scoring_result: [Total: (test=2625) TP: (test=67.000) TN: (test=2485.000) FP: (test=15.000) FN: (test=58.000) precision: (test=0.817) recall: (test=0.536) accuracy: (test=0.972) average_precision: (test=0.682) balanced_accuracy: (test=0.765) f1: (test=0.647) roc_auc: (test=0.921) ]
write rank test to csv!!!
../../ex/epivan/base/pseknc-new_rf_base/rank/IMR90_pseknc-new_rf_base_rank_2_3070.csv write over!!!
第三次
{'bootstrap': True, 'ccp_alpha': 0.0, 'class_weight': None, 'criterion': 'gini', 'max_depth': 117, 'max_features': 'auto', 'max_leaf_nodes': None, 'max_samples': None, 'min_impurity_decrease': 0.0, 'min_impurity_split': None, 'min_samples_leaf': 1, 'min_samples_split': 2, 'min_weight_fraction_leaf': 0.0, 'n_estimators': 80, 'n_jobs': 5, 'oob_score': False, 'random_state': None, 'verbose': 0, 'warm_start': False}
Fitting, totalling 90 fits
[fit 1/90] END min_samples_leaf=1, min_samples_split=2; total=2625, TP=66, TN=2487, FP=13, FN=59; precision=0.835, recall=0.528
accuracy: (test=0.973) average_precision: (test=0.676) balanced_accuracy: (test=0.761) f1: (test=0.647) roc_auc: (test=0.901) 22.52s
[fit 2/90] END min_samples_leaf=1, min_samples_split=3; total=2625, TP=65, TN=2488, FP=12, FN=60; precision=0.844, recall=0.520
accuracy: (test=0.973) average_precision: (test=0.686) balanced_accuracy: (test=0.758) f1: (test=0.644) roc_auc: (test=0.907) 22.60s
[fit 3/90] END min_samples_leaf=1, min_samples_split=4; total=2625, TP=68, TN=2484, FP=16, FN=57; precision=0.810, recall=0.544
accuracy: (test=0.972) average_precision: (test=0.677) balanced_accuracy: (test=0.769) f1: (test=0.651) roc_auc: (test=0.905) 22.97s
[fit 4/90] END min_samples_leaf=1, min_samples_split=5; total=2625, TP=70, TN=2478, FP=22, FN=55; precision=0.761, recall=0.560
accuracy: (test=0.971) average_precision: (test=0.669) balanced_accuracy: (test=0.776) f1: (test=0.645) roc_auc: (test=0.899) 23.09s
[fit 5/90] END min_samples_leaf=1, min_samples_split=6; total=2625, TP=68, TN=2483, FP=17, FN=57; precision=0.800, recall=0.544
accuracy: (test=0.972) average_precision: (test=0.684) balanced_accuracy: (test=0.769) f1: (test=0.648) roc_auc: (test=0.901) 22.27s
[fit 6/90] END min_samples_leaf=1, min_samples_split=7; total=2625, TP=65, TN=2484, FP=16, FN=60; precision=0.802, recall=0.520
accuracy: (test=0.971) average_precision: (test=0.677) balanced_accuracy: (test=0.757) f1: (test=0.631) roc_auc: (test=0.897) 22.94s
[fit 7/90] END min_samples_leaf=1, min_samples_split=8; total=2625, TP=64, TN=2479, FP=21, FN=61; precision=0.753, recall=0.512
accuracy: (test=0.969) average_precision: (test=0.672) balanced_accuracy: (test=0.752) f1: (test=0.610) roc_auc: (test=0.906) 20.36s
[fit 8/90] END min_samples_leaf=1, min_samples_split=9; total=2625, TP=66, TN=2481, FP=19, FN=59; precision=0.776, recall=0.528
accuracy: (test=0.970) average_precision: (test=0.680) balanced_accuracy: (test=0.760) f1: (test=0.629) roc_auc: (test=0.914) 21.87s
[fit 9/90] END min_samples_leaf=1, min_samples_split=10; total=2625, TP=66, TN=2479, FP=21, FN=59; precision=0.759, recall=0.528
accuracy: (test=0.970) average_precision: (test=0.670) balanced_accuracy: (test=0.760) f1: (test=0.623) roc_auc: (test=0.884) 22.54s
[fit 10/90] END min_samples_leaf=2, min_samples_split=2; total=2625, TP=66, TN=2481, FP=19, FN=59; precision=0.776, recall=0.528
accuracy: (test=0.970) average_precision: (test=0.690) balanced_accuracy: (test=0.760) f1: (test=0.629) roc_auc: (test=0.908) 21.12s
[fit 11/90] END min_samples_leaf=2, min_samples_split=3; total=2625, TP=69, TN=2485, FP=15, FN=56; precision=0.821, recall=0.552
accuracy: (test=0.973) average_precision: (test=0.697) balanced_accuracy: (test=0.773) f1: (test=0.660) roc_auc: (test=0.910) 17.93s
[fit 12/90] END min_samples_leaf=2, min_samples_split=4; total=2625, TP=69, TN=2482, FP=18, FN=56; precision=0.793, recall=0.552
accuracy: (test=0.972) average_precision: (test=0.692) balanced_accuracy: (test=0.772) f1: (test=0.651) roc_auc: (test=0.895) 17.13s
[fit 13/90] END min_samples_leaf=2, min_samples_split=5; total=2625, TP=66, TN=2481, FP=19, FN=59; precision=0.776, recall=0.528
accuracy: (test=0.970) average_precision: (test=0.678) balanced_accuracy: (test=0.760) f1: (test=0.629) roc_auc: (test=0.911) 18.13s
[fit 14/90] END min_samples_leaf=2, min_samples_split=6; total=2625, TP=63, TN=2482, FP=18, FN=62; precision=0.778, recall=0.504
accuracy: (test=0.970) average_precision: (test=0.676) balanced_accuracy: (test=0.748) f1: (test=0.612) roc_auc: (test=0.897) 17.99s
[fit 15/90] END min_samples_leaf=2, min_samples_split=7; total=2625, TP=65, TN=2482, FP=18, FN=60; precision=0.783, recall=0.520
accuracy: (test=0.970) average_precision: (test=0.671) balanced_accuracy: (test=0.756) f1: (test=0.625) roc_auc: (test=0.892) 17.96s
[fit 16/90] END min_samples_leaf=2, min_samples_split=8; total=2625, TP=66, TN=2483, FP=17, FN=59; precision=0.795, recall=0.528
accuracy: (test=0.971) average_precision: (test=0.674) balanced_accuracy: (test=0.761) f1: (test=0.635) roc_auc: (test=0.909) 17.66s
[fit 17/90] END min_samples_leaf=2, min_samples_split=9; total=2625, TP=70, TN=2477, FP=23, FN=55; precision=0.753, recall=0.560
accuracy: (test=0.970) average_precision: (test=0.669) balanced_accuracy: (test=0.775) f1: (test=0.642) roc_auc: (test=0.901) 17.11s
[fit 18/90] END min_samples_leaf=2, min_samples_split=10; total=2625, TP=67, TN=2480, FP=20, FN=58; precision=0.770, recall=0.536
accuracy: (test=0.970) average_precision: (test=0.669) balanced_accuracy: (test=0.764) f1: (test=0.632) roc_auc: (test=0.908) 15.69s
[fit 19/90] END min_samples_leaf=3, min_samples_split=2; total=2625, TP=66, TN=2484, FP=16, FN=59; precision=0.805, recall=0.528
accuracy: (test=0.971) average_precision: (test=0.675) balanced_accuracy: (test=0.761) f1: (test=0.638) roc_auc: (test=0.898) 16.79s
[fit 20/90] END min_samples_leaf=3, min_samples_split=3; total=2625, TP=68, TN=2481, FP=19, FN=57; precision=0.782, recall=0.544
accuracy: (test=0.971) average_precision: (test=0.689) balanced_accuracy: (test=0.768) f1: (test=0.642) roc_auc: (test=0.905) 16.12s
[fit 21/90] END min_samples_leaf=3, min_samples_split=4; total=2625, TP=65, TN=2482, FP=18, FN=60; precision=0.783, recall=0.520
accuracy: (test=0.970) average_precision: (test=0.677) balanced_accuracy: (test=0.756) f1: (test=0.625) roc_auc: (test=0.889) 16.42s
[fit 22/90] END min_samples_leaf=3, min_samples_split=5; total=2625, TP=66, TN=2479, FP=21, FN=59; precision=0.759, recall=0.528
accuracy: (test=0.970) average_precision: (test=0.676) balanced_accuracy: (test=0.760) f1: (test=0.623) roc_auc: (test=0.890) 16.71s
[fit 23/90] END min_samples_leaf=3, min_samples_split=6; total=2625, TP=69, TN=2479, FP=21, FN=56; precision=0.767, recall=0.552
accuracy: (test=0.971) average_precision: (test=0.680) balanced_accuracy: (test=0.772) f1: (test=0.642) roc_auc: (test=0.897) 15.79s
[fit 24/90] END min_samples_leaf=3, min_samples_split=7; total=2625, TP=65, TN=2482, FP=18, FN=60; precision=0.783, recall=0.520
accuracy: (test=0.970) average_precision: (test=0.672) balanced_accuracy: (test=0.756) f1: (test=0.625) roc_auc: (test=0.901) 15.33s
[fit 25/90] END min_samples_leaf=3, min_samples_split=8; total=2625, TP=63, TN=2478, FP=22, FN=62; precision=0.741, recall=0.504
accuracy: (test=0.968) average_precision: (test=0.667) balanced_accuracy: (test=0.748) f1: (test=0.600) roc_auc: (test=0.902) 16.19s
[fit 26/90] END min_samples_leaf=3, min_samples_split=9; total=2625, TP=64, TN=2479, FP=21, FN=61; precision=0.753, recall=0.512
accuracy: (test=0.969) average_precision: (test=0.672) balanced_accuracy: (test=0.752) f1: (test=0.610) roc_auc: (test=0.902) 15.78s
[fit 27/90] END min_samples_leaf=3, min_samples_split=10; total=2625, TP=68, TN=2476, FP=24, FN=57; precision=0.739, recall=0.544
accuracy: (test=0.969) average_precision: (test=0.674) balanced_accuracy: (test=0.767) f1: (test=0.627) roc_auc: (test=0.899) 15.65s
[fit 28/90] END min_samples_leaf=4, min_samples_split=2; total=2625, TP=67, TN=2482, FP=18, FN=58; precision=0.788, recall=0.536
accuracy: (test=0.971) average_precision: (test=0.675) balanced_accuracy: (test=0.764) f1: (test=0.638) roc_auc: (test=0.900) 15.08s
[fit 29/90] END min_samples_leaf=4, min_samples_split=3; total=2625, TP=68, TN=2485, FP=15, FN=57; precision=0.819, recall=0.544
accuracy: (test=0.973) average_precision: (test=0.670) balanced_accuracy: (test=0.769) f1: (test=0.654) roc_auc: (test=0.897) 15.51s
[fit 30/90] END min_samples_leaf=4, min_samples_split=4; total=2625, TP=70, TN=2477, FP=23, FN=55; precision=0.753, recall=0.560
accuracy: (test=0.970) average_precision: (test=0.670) balanced_accuracy: (test=0.775) f1: (test=0.642) roc_auc: (test=0.896) 15.88s
[fit 31/90] END min_samples_leaf=4, min_samples_split=5; total=2625, TP=69, TN=2480, FP=20, FN=56; precision=0.775, recall=0.552
accuracy: (test=0.971) average_precision: (test=0.693) balanced_accuracy: (test=0.772) f1: (test=0.645) roc_auc: (test=0.901) 15.29s
[fit 32/90] END min_samples_leaf=4, min_samples_split=6; total=2625, TP=67, TN=2482, FP=18, FN=58; precision=0.788, recall=0.536
accuracy: (test=0.971) average_precision: (test=0.683) balanced_accuracy: (test=0.764) f1: (test=0.638) roc_auc: (test=0.907) 15.67s
[fit 33/90] END min_samples_leaf=4, min_samples_split=7; total=2625, TP=66, TN=2477, FP=23, FN=59; precision=0.742, recall=0.528
accuracy: (test=0.969) average_precision: (test=0.677) balanced_accuracy: (test=0.759) f1: (test=0.617) roc_auc: (test=0.915) 15.35s
[fit 34/90] END min_samples_leaf=4, min_samples_split=8; total=2625, TP=64, TN=2474, FP=26, FN=61; precision=0.711, recall=0.512
accuracy: (test=0.967) average_precision: (test=0.663) balanced_accuracy: (test=0.751) f1: (test=0.595) roc_auc: (test=0.906) 15.82s
[fit 35/90] END min_samples_leaf=4, min_samples_split=9; total=2625, TP=69, TN=2478, FP=22, FN=56; precision=0.758, recall=0.552
accuracy: (test=0.970) average_precision: (test=0.669) balanced_accuracy: (test=0.772) f1: (test=0.639) roc_auc: (test=0.906) 14.99s
[fit 36/90] END min_samples_leaf=4, min_samples_split=10; total=2625, TP=69, TN=2482, FP=18, FN=56; precision=0.793, recall=0.552
accuracy: (test=0.972) average_precision: (test=0.683) balanced_accuracy: (test=0.772) f1: (test=0.651) roc_auc: (test=0.904) 15.92s
[fit 37/90] END min_samples_leaf=5, min_samples_split=2; total=2625, TP=70, TN=2485, FP=15, FN=55; precision=0.824, recall=0.560
accuracy: (test=0.973) average_precision: (test=0.675) balanced_accuracy: (test=0.777) f1: (test=0.667) roc_auc: (test=0.899) 14.73s
[fit 38/90] END min_samples_leaf=5, min_samples_split=3; total=2625, TP=69, TN=2480, FP=20, FN=56; precision=0.775, recall=0.552
accuracy: (test=0.971) average_precision: (test=0.663) balanced_accuracy: (test=0.772) f1: (test=0.645) roc_auc: (test=0.893) 15.43s
[fit 39/90] END min_samples_leaf=5, min_samples_split=4; total=2625, TP=66, TN=2477, FP=23, FN=59; precision=0.742, recall=0.528
accuracy: (test=0.969) average_precision: (test=0.666) balanced_accuracy: (test=0.759) f1: (test=0.617) roc_auc: (test=0.896) 15.45s
[fit 40/90] END min_samples_leaf=5, min_samples_split=5; total=2625, TP=66, TN=2481, FP=19, FN=59; precision=0.776, recall=0.528
accuracy: (test=0.970) average_precision: (test=0.671) balanced_accuracy: (test=0.760) f1: (test=0.629) roc_auc: (test=0.906) 15.26s
[fit 41/90] END min_samples_leaf=5, min_samples_split=6; total=2625, TP=71, TN=2474, FP=26, FN=54; precision=0.732, recall=0.568
accuracy: (test=0.970) average_precision: (test=0.666) balanced_accuracy: (test=0.779) f1: (test=0.640) roc_auc: (test=0.896) 15.83s
[fit 42/90] END min_samples_leaf=5, min_samples_split=7; total=2625, TP=69, TN=2474, FP=26, FN=56; precision=0.726, recall=0.552
accuracy: (test=0.969) average_precision: (test=0.667) balanced_accuracy: (test=0.771) f1: (test=0.627) roc_auc: (test=0.903) 15.36s
[fit 43/90] END min_samples_leaf=5, min_samples_split=8; total=2625, TP=65, TN=2475, FP=25, FN=60; precision=0.722, recall=0.520
accuracy: (test=0.968) average_precision: (test=0.659) balanced_accuracy: (test=0.755) f1: (test=0.605) roc_auc: (test=0.898) 15.18s
[fit 44/90] END min_samples_leaf=5, min_samples_split=9; total=2625, TP=67, TN=2477, FP=23, FN=58; precision=0.744, recall=0.536
accuracy: (test=0.969) average_precision: (test=0.666) balanced_accuracy: (test=0.763) f1: (test=0.623) roc_auc: (test=0.908) 15.41s
[fit 45/90] END min_samples_leaf=5, min_samples_split=10; total=2625, TP=67, TN=2479, FP=21, FN=58; precision=0.761, recall=0.536
accuracy: (test=0.970) average_precision: (test=0.670) balanced_accuracy: (test=0.764) f1: (test=0.629) roc_auc: (test=0.909) 15.43s
[fit 46/90] END min_samples_leaf=6, min_samples_split=2; total=2625, TP=65, TN=2481, FP=19, FN=60; precision=0.774, recall=0.520
accuracy: (test=0.970) average_precision: (test=0.664) balanced_accuracy: (test=0.756) f1: (test=0.622) roc_auc: (test=0.897) 14.66s
[fit 47/90] END min_samples_leaf=6, min_samples_split=3; total=2625, TP=68, TN=2474, FP=26, FN=57; precision=0.723, recall=0.544
accuracy: (test=0.968) average_precision: (test=0.653) balanced_accuracy: (test=0.767) f1: (test=0.621) roc_auc: (test=0.900) 15.05s
[fit 48/90] END min_samples_leaf=6, min_samples_split=4; total=2625, TP=67, TN=2472, FP=28, FN=58; precision=0.705, recall=0.536
accuracy: (test=0.967) average_precision: (test=0.653) balanced_accuracy: (test=0.762) f1: (test=0.609) roc_auc: (test=0.898) 14.87s
[fit 49/90] END min_samples_leaf=6, min_samples_split=5; total=2625, TP=68, TN=2478, FP=22, FN=57; precision=0.756, recall=0.544
accuracy: (test=0.970) average_precision: (test=0.661) balanced_accuracy: (test=0.768) f1: (test=0.633) roc_auc: (test=0.888) 15.50s
[fit 50/90] END min_samples_leaf=6, min_samples_split=6; total=2625, TP=70, TN=2477, FP=23, FN=55; precision=0.753, recall=0.560
accuracy: (test=0.970) average_precision: (test=0.671) balanced_accuracy: (test=0.775) f1: (test=0.642) roc_auc: (test=0.889) 14.91s
[fit 51/90] END min_samples_leaf=6, min_samples_split=7; total=2625, TP=69, TN=2476, FP=24, FN=56; precision=0.742, recall=0.552
accuracy: (test=0.970) average_precision: (test=0.655) balanced_accuracy: (test=0.771) f1: (test=0.633) roc_auc: (test=0.894) 15.42s
[fit 52/90] END min_samples_leaf=6, min_samples_split=8; total=2625, TP=68, TN=2478, FP=22, FN=57; precision=0.756, recall=0.544
accuracy: (test=0.970) average_precision: (test=0.662) balanced_accuracy: (test=0.768) f1: (test=0.633) roc_auc: (test=0.904) 14.92s
[fit 53/90] END min_samples_leaf=6, min_samples_split=9; total=2625, TP=70, TN=2477, FP=23, FN=55; precision=0.753, recall=0.560
accuracy: (test=0.970) average_precision: (test=0.671) balanced_accuracy: (test=0.775) f1: (test=0.642) roc_auc: (test=0.901) 15.42s
[fit 54/90] END min_samples_leaf=6, min_samples_split=10; total=2625, TP=64, TN=2481, FP=19, FN=61; precision=0.771, recall=0.512
accuracy: (test=0.970) average_precision: (test=0.676) balanced_accuracy: (test=0.752) f1: (test=0.615) roc_auc: (test=0.903) 15.37s
[fit 55/90] END min_samples_leaf=7, min_samples_split=2; total=2625, TP=66, TN=2479, FP=21, FN=59; precision=0.759, recall=0.528
accuracy: (test=0.970) average_precision: (test=0.648) balanced_accuracy: (test=0.760) f1: (test=0.623) roc_auc: (test=0.885) 15.00s
[fit 56/90] END min_samples_leaf=7, min_samples_split=3; total=2625, TP=68, TN=2476, FP=24, FN=57; precision=0.739, recall=0.544
accuracy: (test=0.969) average_precision: (test=0.671) balanced_accuracy: (test=0.767) f1: (test=0.627) roc_auc: (test=0.895) 14.88s
[fit 57/90] END min_samples_leaf=7, min_samples_split=4; total=2625, TP=66, TN=2476, FP=24, FN=59; precision=0.733, recall=0.528
accuracy: (test=0.968) average_precision: (test=0.656) balanced_accuracy: (test=0.759) f1: (test=0.614) roc_auc: (test=0.896) 14.48s
[fit 58/90] END min_samples_leaf=7, min_samples_split=5; total=2625, TP=67, TN=2474, FP=26, FN=58; precision=0.720, recall=0.536
accuracy: (test=0.968) average_precision: (test=0.655) balanced_accuracy: (test=0.763) f1: (test=0.615) roc_auc: (test=0.900) 15.14s
[fit 59/90] END min_samples_leaf=7, min_samples_split=6; total=2625, TP=68, TN=2475, FP=25, FN=57; precision=0.731, recall=0.544
accuracy: (test=0.969) average_precision: (test=0.661) balanced_accuracy: (test=0.767) f1: (test=0.624) roc_auc: (test=0.903) 15.14s
[fit 60/90] END min_samples_leaf=7, min_samples_split=7; total=2625, TP=71, TN=2474, FP=26, FN=54; precision=0.732, recall=0.568
accuracy: (test=0.970) average_precision: (test=0.671) balanced_accuracy: (test=0.779) f1: (test=0.640) roc_auc: (test=0.894) 14.82s
[fit 61/90] END min_samples_leaf=7, min_samples_split=8; total=2625, TP=68, TN=2476, FP=24, FN=57; precision=0.739, recall=0.544
accuracy: (test=0.969) average_precision: (test=0.654) balanced_accuracy: (test=0.767) f1: (test=0.627) roc_auc: (test=0.883) 14.97s
[fit 62/90] END min_samples_leaf=7, min_samples_split=9; total=2625, TP=65, TN=2476, FP=24, FN=60; precision=0.730, recall=0.520
accuracy: (test=0.968) average_precision: (test=0.664) balanced_accuracy: (test=0.755) f1: (test=0.607) roc_auc: (test=0.903) 15.01s
[fit 63/90] END min_samples_leaf=7, min_samples_split=10; total=2625, TP=68, TN=2472, FP=28, FN=57; precision=0.708, recall=0.544
accuracy: (test=0.968) average_precision: (test=0.655) balanced_accuracy: (test=0.766) f1: (test=0.615) roc_auc: (test=0.905) 15.35s
[fit 64/90] END min_samples_leaf=8, min_samples_split=2; total=2625, TP=69, TN=2479, FP=21, FN=56; precision=0.767, recall=0.552
accuracy: (test=0.971) average_precision: (test=0.671) balanced_accuracy: (test=0.772) f1: (test=0.642) roc_auc: (test=0.901) 15.70s
[fit 65/90] END min_samples_leaf=8, min_samples_split=3; total=2625, TP=69, TN=2469, FP=31, FN=56; precision=0.690, recall=0.552
accuracy: (test=0.967) average_precision: (test=0.649) balanced_accuracy: (test=0.770) f1: (test=0.613) roc_auc: (test=0.900) 15.17s
[fit 66/90] END min_samples_leaf=8, min_samples_split=4; total=2625, TP=68, TN=2478, FP=22, FN=57; precision=0.756, recall=0.544
accuracy: (test=0.970) average_precision: (test=0.672) balanced_accuracy: (test=0.768) f1: (test=0.633) roc_auc: (test=0.906) 15.22s
[fit 67/90] END min_samples_leaf=8, min_samples_split=5; total=2625, TP=70, TN=2474, FP=26, FN=55; precision=0.729, recall=0.560
accuracy: (test=0.969) average_precision: (test=0.656) balanced_accuracy: (test=0.775) f1: (test=0.633) roc_auc: (test=0.889) 15.38s
[fit 68/90] END min_samples_leaf=8, min_samples_split=6; total=2625, TP=67, TN=2475, FP=25, FN=58; precision=0.728, recall=0.536
accuracy: (test=0.968) average_precision: (test=0.666) balanced_accuracy: (test=0.763) f1: (test=0.618) roc_auc: (test=0.900) 14.99s
[fit 69/90] END min_samples_leaf=8, min_samples_split=7; total=2625, TP=71, TN=2477, FP=23, FN=54; precision=0.755, recall=0.568
accuracy: (test=0.971) average_precision: (test=0.662) balanced_accuracy: (test=0.779) f1: (test=0.648) roc_auc: (test=0.889) 15.48s
[fit 70/90] END min_samples_leaf=8, min_samples_split=8; total=2625, TP=65, TN=2474, FP=26, FN=60; precision=0.714, recall=0.520
accuracy: (test=0.967) average_precision: (test=0.657) balanced_accuracy: (test=0.755) f1: (test=0.602) roc_auc: (test=0.900) 15.35s
[fit 71/90] END min_samples_leaf=8, min_samples_split=9; total=2625, TP=64, TN=2472, FP=28, FN=61; precision=0.696, recall=0.512
accuracy: (test=0.966) average_precision: (test=0.650) balanced_accuracy: (test=0.750) f1: (test=0.590) roc_auc: (test=0.906) 15.27s
[fit 72/90] END min_samples_leaf=8, min_samples_split=10; total=2625, TP=65, TN=2475, FP=25, FN=60; precision=0.722, recall=0.520
accuracy: (test=0.968) average_precision: (test=0.646) balanced_accuracy: (test=0.755) f1: (test=0.605) roc_auc: (test=0.895) 15.27s
[fit 73/90] END min_samples_leaf=9, min_samples_split=2; total=2625, TP=69, TN=2465, FP=35, FN=56; precision=0.663, recall=0.552
accuracy: (test=0.965) average_precision: (test=0.649) balanced_accuracy: (test=0.769) f1: (test=0.603) roc_auc: (test=0.905) 15.21s
[fit 74/90] END min_samples_leaf=9, min_samples_split=3; total=2625, TP=68, TN=2471, FP=29, FN=57; precision=0.701, recall=0.544
accuracy: (test=0.967) average_precision: (test=0.654) balanced_accuracy: (test=0.766) f1: (test=0.613) roc_auc: (test=0.912) 15.10s
[fit 75/90] END min_samples_leaf=9, min_samples_split=4; total=2625, TP=68, TN=2471, FP=29, FN=57; precision=0.701, recall=0.544
accuracy: (test=0.967) average_precision: (test=0.663) balanced_accuracy: (test=0.766) f1: (test=0.613) roc_auc: (test=0.891) 15.17s
[fit 76/90] END min_samples_leaf=9, min_samples_split=5; total=2625, TP=70, TN=2469, FP=31, FN=55; precision=0.693, recall=0.560
accuracy: (test=0.967) average_precision: (test=0.646) balanced_accuracy: (test=0.774) f1: (test=0.619) roc_auc: (test=0.892) 15.20s
[fit 77/90] END min_samples_leaf=9, min_samples_split=6; total=2625, TP=69, TN=2468, FP=32, FN=56; precision=0.683, recall=0.552
accuracy: (test=0.966) average_precision: (test=0.652) balanced_accuracy: (test=0.770) f1: (test=0.611) roc_auc: (test=0.889) 15.07s
[fit 78/90] END min_samples_leaf=9, min_samples_split=7; total=2625, TP=68, TN=2467, FP=33, FN=57; precision=0.673, recall=0.544
accuracy: (test=0.966) average_precision: (test=0.654) balanced_accuracy: (test=0.765) f1: (test=0.602) roc_auc: (test=0.892) 15.44s
[fit 79/90] END min_samples_leaf=9, min_samples_split=8; total=2625, TP=64, TN=2480, FP=20, FN=61; precision=0.762, recall=0.512
accuracy: (test=0.969) average_precision: (test=0.662) balanced_accuracy: (test=0.752) f1: (test=0.612) roc_auc: (test=0.903) 15.95s
[fit 80/90] END min_samples_leaf=9, min_samples_split=9; total=2625, TP=66, TN=2473, FP=27, FN=59; precision=0.710, recall=0.528
accuracy: (test=0.967) average_precision: (test=0.639) balanced_accuracy: (test=0.759) f1: (test=0.606) roc_auc: (test=0.897) 14.98s
[fit 81/90] END min_samples_leaf=9, min_samples_split=10; total=2625, TP=67, TN=2470, FP=30, FN=58; precision=0.691, recall=0.536
accuracy: (test=0.966) average_precision: (test=0.645) balanced_accuracy: (test=0.762) f1: (test=0.604) roc_auc: (test=0.891) 15.78s
[fit 82/90] END min_samples_leaf=10, min_samples_split=2; total=2625, TP=66, TN=2470, FP=30, FN=59; precision=0.688, recall=0.528
accuracy: (test=0.966) average_precision: (test=0.647) balanced_accuracy: (test=0.758) f1: (test=0.597) roc_auc: (test=0.889) 16.18s
[fit 83/90] END min_samples_leaf=10, min_samples_split=3; total=2625, TP=64, TN=2475, FP=25, FN=61; precision=0.719, recall=0.512
accuracy: (test=0.967) average_precision: (test=0.632) balanced_accuracy: (test=0.751) f1: (test=0.598) roc_auc: (test=0.885) 16.12s
[fit 84/90] END min_samples_leaf=10, min_samples_split=4; total=2625, TP=70, TN=2474, FP=26, FN=55; precision=0.729, recall=0.560
accuracy: (test=0.969) average_precision: (test=0.655) balanced_accuracy: (test=0.775) f1: (test=0.633) roc_auc: (test=0.910) 15.36s
[fit 85/90] END min_samples_leaf=10, min_samples_split=5; total=2625, TP=66, TN=2472, FP=28, FN=59; precision=0.702, recall=0.528
accuracy: (test=0.967) average_precision: (test=0.660) balanced_accuracy: (test=0.758) f1: (test=0.603) roc_auc: (test=0.897) 15.77s
[fit 86/90] END min_samples_leaf=10, min_samples_split=6; total=2625, TP=69, TN=2472, FP=28, FN=56; precision=0.711, recall=0.552
accuracy: (test=0.968) average_precision: (test=0.656) balanced_accuracy: (test=0.770) f1: (test=0.622) roc_auc: (test=0.906) 15.86s
[fit 87/90] END min_samples_leaf=10, min_samples_split=7; total=2625, TP=67, TN=2473, FP=27, FN=58; precision=0.713, recall=0.536
accuracy: (test=0.968) average_precision: (test=0.651) balanced_accuracy: (test=0.763) f1: (test=0.612) roc_auc: (test=0.897) 16.43s
[fit 88/90] END min_samples_leaf=10, min_samples_split=8; total=2625, TP=66, TN=2478, FP=22, FN=59; precision=0.750, recall=0.528
accuracy: (test=0.969) average_precision: (test=0.657) balanced_accuracy: (test=0.760) f1: (test=0.620) roc_auc: (test=0.898) 16.07s
[fit 89/90] END min_samples_leaf=10, min_samples_split=9; total=2625, TP=68, TN=2475, FP=25, FN=57; precision=0.731, recall=0.544
accuracy: (test=0.969) average_precision: (test=0.663) balanced_accuracy: (test=0.767) f1: (test=0.624) roc_auc: (test=0.908) 15.93s
[fit 90/90] END min_samples_leaf=10, min_samples_split=10; total=2625, TP=69, TN=2471, FP=29, FN=56; precision=0.704, recall=0.552
accuracy: (test=0.968) average_precision: (test=0.650) balanced_accuracy: (test=0.770) f1: (test=0.619) roc_auc: (test=0.893) 16.18s
clf.best_estimator_params: {'min_samples_leaf': 4, 'min_samples_split': 7}
best params found in line [34] for metric [roc_auc] in rank file
best params found in fit [33] for metric [roc_auc] in run_and_score file
clf.best_scoring_result: [Total: (test=2625) TP: (test=66.000) TN: (test=2477.000) FP: (test=23.000) FN: (test=59.000) precision: (test=0.742) recall: (test=0.528) accuracy: (test=0.969) average_precision: (test=0.677) balanced_accuracy: (test=0.759) f1: (test=0.617) roc_auc: (test=0.915) ]
write rank test to csv!!!
../../ex/epivan/base/pseknc-new_rf_base/rank/IMR90_pseknc-new_rf_base_rank_3_3070.csv write over!!!
第四次
{'bootstrap': True, 'ccp_alpha': 0.0, 'class_weight': None, 'criterion': 'gini', 'max_depth': 117, 'max_features': 'auto', 'max_leaf_nodes': None, 'max_samples': None, 'min_impurity_decrease': 0.0, 'min_impurity_split': None, 'min_samples_leaf': 4, 'min_samples_split': 7, 'min_weight_fraction_leaf': 0.0, 'n_estimators': 80, 'n_jobs': 5, 'oob_score': False, 'random_state': None, 'verbose': 0, 'warm_start': False}
Fitting, totalling 4 fits
[fit 1/4] END max_features=auto; total=2625, TP=69, TN=2477, FP=23, FN=56; precision=0.750, recall=0.552
accuracy: (test=0.970) average_precision: (test=0.668) balanced_accuracy: (test=0.771) f1: (test=0.636) roc_auc: (test=0.894) 17.26s
[fit 2/4] END max_features=sqrt; total=2625, TP=64, TN=2482, FP=18, FN=61; precision=0.780, recall=0.512
accuracy: (test=0.970) average_precision: (test=0.673) balanced_accuracy: (test=0.752) f1: (test=0.618) roc_auc: (test=0.907) 17.18s
[fit 3/4] END max_features=log2; total=2625, TP=65, TN=2484, FP=16, FN=60; precision=0.802, recall=0.520
accuracy: (test=0.971) average_precision: (test=0.671) balanced_accuracy: (test=0.757) f1: (test=0.631) roc_auc: (test=0.906) 7.09s
[fit 4/4] END max_features=None; total=2625, TP=71, TN=2460, FP=40, FN=54; precision=0.640, recall=0.568
accuracy: (test=0.964) average_precision: (test=0.600) balanced_accuracy: (test=0.776) f1: (test=0.602) roc_auc: (test=0.877) 7.73min
clf.best_estimator_params: {'max_features': 'sqrt'}
best params found in line [3] for metric [roc_auc] in rank file
best params found in fit [2] for metric [roc_auc] in run_and_score file
clf.best_scoring_result: [Total: (test=2625) TP: (test=64.000) TN: (test=2482.000) FP: (test=18.000) FN: (test=61.000) precision: (test=0.780) recall: (test=0.512) accuracy: (test=0.970) average_precision: (test=0.673) balanced_accuracy: (test=0.752) f1: (test=0.618) roc_auc: (test=0.907) ]
write rank test to csv!!!
../../ex/epivan/base/pseknc-new_rf_base/rank/IMR90_pseknc-new_rf_base_rank_4_3070.csv write over!!!
total time spending: 1h 55m 25s
best_params_result: {'n_estimators': 80, 'max_depth': 117, 'min_samples_leaf': 4, 'min_samples_split': 7, 'max_features': 'sqrt'}
