nohup: ignoring input
experiment: K562 tpcp_svm
trainSet len:[X=71150,y=71150]
testSet len:[X=4147,y=4147]
Fitting, totalling 240 fits
[fit 1/240] END C=0.0625, gamma=0.0625, kernel=rbf; total=4147, TP=99, TN=2171, FP=1779, FN=98; precision=0.053, recall=0.503
accuracy: (test=0.547) average_precision: (test=0.058) balanced_accuracy: (test=0.526) f1: (test=0.095) roc_auc: (test=0.532) 2.13min
[fit 2/240] END C=0.0625, gamma=0.125, kernel=rbf; total=4147, TP=103, TN=2178, FP=1772, FN=94; precision=0.055, recall=0.523
accuracy: (test=0.550) average_precision: (test=0.061) balanced_accuracy: (test=0.537) f1: (test=0.099) roc_auc: (test=0.534) 2.11min
[fit 3/240] END C=0.0625, gamma=0.25, kernel=rbf; total=4147, TP=101, TN=2176, FP=1774, FN=96; precision=0.054, recall=0.513
accuracy: (test=0.549) average_precision: (test=0.061) balanced_accuracy: (test=0.532) f1: (test=0.097) roc_auc: (test=0.540) 2.15min
[fit 4/240] END C=0.0625, gamma=0.5, kernel=rbf; total=4147, TP=100, TN=2188, FP=1762, FN=97; precision=0.054, recall=0.508
accuracy: (test=0.552) average_precision: (test=0.062) balanced_accuracy: (test=0.531) f1: (test=0.097) roc_auc: (test=0.550) 2.13min
[fit 5/240] END C=0.0625, gamma=1.0, kernel=rbf; total=4147, TP=101, TN=2207, FP=1743, FN=96; precision=0.055, recall=0.513
accuracy: (test=0.557) average_precision: (test=0.064) balanced_accuracy: (test=0.536) f1: (test=0.099) roc_auc: (test=0.564) 2.11min
[fit 6/240] END C=0.0625, gamma=2.0, kernel=rbf; total=4147, TP=107, TN=2234, FP=1716, FN=90; precision=0.059, recall=0.543
accuracy: (test=0.565) average_precision: (test=0.064) balanced_accuracy: (test=0.554) f1: (test=0.106) roc_auc: (test=0.584) 2.09min
[fit 7/240] END C=0.0625, gamma=4.0, kernel=rbf; total=4147, TP=114, TN=2358, FP=1592, FN=83; precision=0.067, recall=0.579
accuracy: (test=0.596) average_precision: (test=0.071) balanced_accuracy: (test=0.588) f1: (test=0.120) roc_auc: (test=0.616) 2.16min
[fit 8/240] END C=0.0625, gamma=8.0, kernel=rbf; total=4147, TP=117, TN=2567, FP=1383, FN=80; precision=0.078, recall=0.594
accuracy: (test=0.647) average_precision: (test=0.083) balanced_accuracy: (test=0.622) f1: (test=0.138) roc_auc: (test=0.654) 2.08min
[fit 9/240] END C=0.0625, gamma=16.0, kernel=rbf; total=4147, TP=113, TN=2776, FP=1174, FN=84; precision=0.088, recall=0.574
accuracy: (test=0.697) average_precision: (test=0.113) balanced_accuracy: (test=0.638) f1: (test=0.152) roc_auc: (test=0.692) 2.03min
[fit 10/240] END C=0.0625, gamma=32.0, kernel=rbf; total=4147, TP=112, TN=3036, FP=914, FN=85; precision=0.109, recall=0.569
accuracy: (test=0.759) average_precision: (test=0.177) balanced_accuracy: (test=0.669) f1: (test=0.183) roc_auc: (test=0.731) 1.99min
[fit 11/240] END C=0.0625, gamma=64.0, kernel=rbf; total=4147, TP=105, TN=3306, FP=644, FN=92; precision=0.140, recall=0.533
accuracy: (test=0.823) average_precision: (test=0.262) balanced_accuracy: (test=0.685) f1: (test=0.222) roc_auc: (test=0.754) 2.05min
[fit 12/240] END C=0.0625, gamma=128.0, kernel=rbf; total=4147, TP=105, TN=3465, FP=485, FN=92; precision=0.178, recall=0.533
accuracy: (test=0.861) average_precision: (test=0.322) balanced_accuracy: (test=0.705) f1: (test=0.267) roc_auc: (test=0.759) 2.10min
Line search fails in two-class probability estimates
[fit 13/240] END C=0.0625, gamma=256.0, kernel=rbf; total=4147, TP=56, TN=3948, FP=2, FN=141; precision=0.966, recall=0.284
accuracy: (test=0.966) average_precision: (test=0.541) balanced_accuracy: (test=0.642) f1: (test=0.439) roc_auc: (test=0.803) 2.10min
[fit 14/240] END C=0.0625, gamma=512.0, kernel=rbf; total=4147, TP=33, TN=3950, FP=0, FN=164; precision=1.000, recall=0.168
accuracy: (test=0.960) average_precision: (test=0.605) balanced_accuracy: (test=0.584) f1: (test=0.287) roc_auc: (test=0.822) 2.12min
[fit 15/240] END C=0.0625, gamma=1024.0, kernel=rbf; total=4147, TP=32, TN=3950, FP=0, FN=165; precision=1.000, recall=0.162
accuracy: (test=0.960) average_precision: (test=0.605) balanced_accuracy: (test=0.581) f1: (test=0.279) roc_auc: (test=0.807) 2.12min
Line search fails in two-class probability estimates
[fit 16/240] END C=0.0625, gamma=2048.0, kernel=rbf; total=4147, TP=27, TN=3950, FP=0, FN=170; precision=1.000, recall=0.137
accuracy: (test=0.959) average_precision: (test=0.554) balanced_accuracy: (test=0.569) f1: (test=0.241) roc_auc: (test=0.784) 2.13min
[fit 17/240] END C=0.125, gamma=0.0625, kernel=rbf; total=4147, TP=103, TN=2172, FP=1778, FN=94; precision=0.055, recall=0.523
accuracy: (test=0.549) average_precision: (test=0.061) balanced_accuracy: (test=0.536) f1: (test=0.099) roc_auc: (test=0.534) 2.16min
[fit 18/240] END C=0.125, gamma=0.125, kernel=rbf; total=4147, TP=101, TN=2170, FP=1780, FN=96; precision=0.054, recall=0.513
accuracy: (test=0.548) average_precision: (test=0.061) balanced_accuracy: (test=0.531) f1: (test=0.097) roc_auc: (test=0.539) 2.18min
[fit 19/240] END C=0.125, gamma=0.25, kernel=rbf; total=4147, TP=100, TN=2172, FP=1778, FN=97; precision=0.053, recall=0.508
accuracy: (test=0.548) average_precision: (test=0.062) balanced_accuracy: (test=0.529) f1: (test=0.096) roc_auc: (test=0.548) 2.20min
Line search fails in two-class probability estimates
[fit 20/240] END C=0.125, gamma=0.5, kernel=rbf; total=4147, TP=99, TN=2194, FP=1756, FN=98; precision=0.053, recall=0.503
accuracy: (test=0.553) average_precision: (test=0.064) balanced_accuracy: (test=0.529) f1: (test=0.096) roc_auc: (test=0.561) 2.25min
[fit 21/240] END C=0.125, gamma=1.0, kernel=rbf; total=4147, TP=105, TN=2240, FP=1710, FN=92; precision=0.058, recall=0.533
accuracy: (test=0.565) average_precision: (test=0.067) balanced_accuracy: (test=0.550) f1: (test=0.104) roc_auc: (test=0.580) 2.22min
[fit 22/240] END C=0.125, gamma=2.0, kernel=rbf; total=4147, TP=105, TN=2340, FP=1610, FN=92; precision=0.061, recall=0.533
accuracy: (test=0.590) average_precision: (test=0.068) balanced_accuracy: (test=0.563) f1: (test=0.110) roc_auc: (test=0.607) 2.24min
[fit 23/240] END C=0.125, gamma=4.0, kernel=rbf; total=4147, TP=118, TN=2489, FP=1461, FN=79; precision=0.075, recall=0.599
accuracy: (test=0.629) average_precision: (test=0.078) balanced_accuracy: (test=0.615) f1: (test=0.133) roc_auc: (test=0.644) 2.26min
[fit 24/240] END C=0.125, gamma=8.0, kernel=rbf; total=4147, TP=114, TN=2698, FP=1252, FN=83; precision=0.083, recall=0.579
accuracy: (test=0.678) average_precision: (test=0.096) balanced_accuracy: (test=0.631) f1: (test=0.146) roc_auc: (test=0.683) 2.23min
Line search fails in two-class probability estimates
[fit 25/240] END C=0.125, gamma=16.0, kernel=rbf; total=4147, TP=116, TN=2962, FP=988, FN=81; precision=0.105, recall=0.589
accuracy: (test=0.742) average_precision: (test=0.149) balanced_accuracy: (test=0.669) f1: (test=0.178) roc_auc: (test=0.727) 2.11min
Line search fails in two-class probability estimates
[fit 26/240] END C=0.125, gamma=32.0, kernel=rbf; total=4147, TP=115, TN=3296, FP=654, FN=82; precision=0.150, recall=0.584
accuracy: (test=0.823) average_precision: (test=0.261) balanced_accuracy: (test=0.709) f1: (test=0.238) roc_auc: (test=0.776) 2.08min
[fit 27/240] END C=0.125, gamma=64.0, kernel=rbf; total=4147, TP=114, TN=3606, FP=344, FN=83; precision=0.249, recall=0.579
accuracy: (test=0.897) average_precision: (test=0.429) balanced_accuracy: (test=0.746) f1: (test=0.348) roc_auc: (test=0.807) 2.21min
[fit 28/240] END C=0.125, gamma=128.0, kernel=rbf; total=4147, TP=105, TN=3740, FP=210, FN=92; precision=0.333, recall=0.533
accuracy: (test=0.927) average_precision: (test=0.506) balanced_accuracy: (test=0.740) f1: (test=0.410) roc_auc: (test=0.807) 2.49min
[fit 29/240] END C=0.125, gamma=256.0, kernel=rbf; total=4147, TP=99, TN=3870, FP=80, FN=98; precision=0.553, recall=0.503
accuracy: (test=0.957) average_precision: (test=0.558) balanced_accuracy: (test=0.741) f1: (test=0.527) roc_auc: (test=0.811) 2.52min
[fit 30/240] END C=0.125, gamma=512.0, kernel=rbf; total=4147, TP=63, TN=3949, FP=1, FN=134; precision=0.984, recall=0.320
accuracy: (test=0.967) average_precision: (test=0.605) balanced_accuracy: (test=0.660) f1: (test=0.483) roc_auc: (test=0.822) 2.27min
[fit 31/240] END C=0.125, gamma=1024.0, kernel=rbf; total=4147, TP=32, TN=3950, FP=0, FN=165; precision=1.000, recall=0.162
accuracy: (test=0.960) average_precision: (test=0.604) balanced_accuracy: (test=0.581) f1: (test=0.279) roc_auc: (test=0.805) 2.33min
Line search fails in two-class probability estimates
[fit 32/240] END C=0.125, gamma=2048.0, kernel=rbf; total=4147, TP=27, TN=3950, FP=0, FN=170; precision=1.000, recall=0.137
accuracy: (test=0.959) average_precision: (test=0.559) balanced_accuracy: (test=0.569) f1: (test=0.241) roc_auc: (test=0.779) 2.17min
[fit 33/240] END C=0.25, gamma=0.0625, kernel=rbf; total=4147, TP=103, TN=2184, FP=1766, FN=94; precision=0.055, recall=0.523
accuracy: (test=0.551) average_precision: (test=0.061) balanced_accuracy: (test=0.538) f1: (test=0.100) roc_auc: (test=0.538) 2.14min
[fit 34/240] END C=0.25, gamma=0.125, kernel=rbf; total=4147, TP=99, TN=2163, FP=1787, FN=98; precision=0.052, recall=0.503
accuracy: (test=0.545) average_precision: (test=0.062) balanced_accuracy: (test=0.525) f1: (test=0.095) roc_auc: (test=0.547) 2.20min
[fit 35/240] END C=0.25, gamma=0.25, kernel=rbf; total=4147, TP=99, TN=2193, FP=1757, FN=98; precision=0.053, recall=0.503
accuracy: (test=0.553) average_precision: (test=0.063) balanced_accuracy: (test=0.529) f1: (test=0.096) roc_auc: (test=0.559) 2.19min
Line search fails in two-class probability estimates
[fit 36/240] END C=0.25, gamma=0.5, kernel=rbf; total=4147, TP=104, TN=2231, FP=1719, FN=93; precision=0.057, recall=0.528
accuracy: (test=0.563) average_precision: (test=0.066) balanced_accuracy: (test=0.546) f1: (test=0.103) roc_auc: (test=0.576) 2.27min
[fit 37/240] END C=0.25, gamma=1.0, kernel=rbf; total=4147, TP=106, TN=2289, FP=1661, FN=91; precision=0.060, recall=0.538
accuracy: (test=0.578) average_precision: (test=0.067) balanced_accuracy: (test=0.559) f1: (test=0.108) roc_auc: (test=0.600) 2.43min
[fit 38/240] END C=0.25, gamma=2.0, kernel=rbf; total=4147, TP=115, TN=2414, FP=1536, FN=82; precision=0.070, recall=0.584
accuracy: (test=0.610) average_precision: (test=0.074) balanced_accuracy: (test=0.597) f1: (test=0.124) roc_auc: (test=0.631) 2.61min
[fit 39/240] END C=0.25, gamma=4.0, kernel=rbf; total=4147, TP=116, TN=2584, FP=1366, FN=81; precision=0.078, recall=0.589
accuracy: (test=0.651) average_precision: (test=0.085) balanced_accuracy: (test=0.622) f1: (test=0.138) roc_auc: (test=0.668) 2.57min
Line search fails in two-class probability estimates
[fit 40/240] END C=0.25, gamma=8.0, kernel=rbf; total=4147, TP=115, TN=2808, FP=1142, FN=82; precision=0.091, recall=0.584
accuracy: (test=0.705) average_precision: (test=0.113) balanced_accuracy: (test=0.647) f1: (test=0.158) roc_auc: (test=0.708) 2.51min
[fit 41/240] END C=0.25, gamma=16.0, kernel=rbf; total=4147, TP=118, TN=3151, FP=799, FN=79; precision=0.129, recall=0.599
accuracy: (test=0.788) average_precision: (test=0.203) balanced_accuracy: (test=0.698) f1: (test=0.212) roc_auc: (test=0.760) 2.47min
[fit 42/240] END C=0.25, gamma=32.0, kernel=rbf; total=4147, TP=114, TN=3534, FP=416, FN=83; precision=0.215, recall=0.579
accuracy: (test=0.880) average_precision: (test=0.391) balanced_accuracy: (test=0.737) f1: (test=0.314) roc_auc: (test=0.811) 2.41min
[fit 43/240] END C=0.25, gamma=64.0, kernel=rbf; total=4147, TP=111, TN=3772, FP=178, FN=86; precision=0.384, recall=0.563
accuracy: (test=0.936) average_precision: (test=0.552) balanced_accuracy: (test=0.759) f1: (test=0.457) roc_auc: (test=0.836) 2.66min
[fit 44/240] END C=0.25, gamma=128.0, kernel=rbf; total=4147, TP=101, TN=3872, FP=78, FN=96; precision=0.564, recall=0.513
accuracy: (test=0.958) average_precision: (test=0.584) balanced_accuracy: (test=0.746) f1: (test=0.537) roc_auc: (test=0.833) 3.13min
[fit 45/240] END C=0.25, gamma=256.0, kernel=rbf; total=4147, TP=98, TN=3905, FP=45, FN=99; precision=0.685, recall=0.497
accuracy: (test=0.965) average_precision: (test=0.588) balanced_accuracy: (test=0.743) f1: (test=0.576) roc_auc: (test=0.826) 3.82min
[fit 46/240] END C=0.25, gamma=512.0, kernel=rbf; total=4147, TP=96, TN=3939, FP=11, FN=101; precision=0.897, recall=0.487
accuracy: (test=0.973) average_precision: (test=0.604) balanced_accuracy: (test=0.742) f1: (test=0.632) roc_auc: (test=0.825) 4.20min
[fit 47/240] END C=0.25, gamma=1024.0, kernel=rbf; total=4147, TP=56, TN=3950, FP=0, FN=141; precision=1.000, recall=0.284
accuracy: (test=0.966) average_precision: (test=0.605) balanced_accuracy: (test=0.642) f1: (test=0.443) roc_auc: (test=0.805) 2.27min
[fit 48/240] END C=0.25, gamma=2048.0, kernel=rbf; total=4147, TP=27, TN=3950, FP=0, FN=170; precision=1.000, recall=0.137
accuracy: (test=0.959) average_precision: (test=0.561) balanced_accuracy: (test=0.569) f1: (test=0.241) roc_auc: (test=0.783) 2.28min
[fit 49/240] END C=0.5, gamma=0.0625, kernel=rbf; total=4147, TP=99, TN=2164, FP=1786, FN=98; precision=0.053, recall=0.503
accuracy: (test=0.546) average_precision: (test=0.062) balanced_accuracy: (test=0.525) f1: (test=0.095) roc_auc: (test=0.546) 2.35min
[fit 50/240] END C=0.5, gamma=0.125, kernel=rbf; total=4147, TP=99, TN=2200, FP=1750, FN=98; precision=0.054, recall=0.503
accuracy: (test=0.554) average_precision: (test=0.063) balanced_accuracy: (test=0.530) f1: (test=0.097) roc_auc: (test=0.557) 2.32min
[fit 51/240] END C=0.5, gamma=0.25, kernel=rbf; total=4147, TP=103, TN=2225, FP=1725, FN=94; precision=0.056, recall=0.523
accuracy: (test=0.561) average_precision: (test=0.066) balanced_accuracy: (test=0.543) f1: (test=0.102) roc_auc: (test=0.574) 2.40min
[fit 52/240] END C=0.5, gamma=0.5, kernel=rbf; total=4147, TP=106, TN=2281, FP=1669, FN=91; precision=0.060, recall=0.538
accuracy: (test=0.576) average_precision: (test=0.066) balanced_accuracy: (test=0.558) f1: (test=0.108) roc_auc: (test=0.594) 2.57min
[fit 53/240] END C=0.5, gamma=1.0, kernel=rbf; total=4147, TP=111, TN=2387, FP=1563, FN=86; precision=0.066, recall=0.563
accuracy: (test=0.602) average_precision: (test=0.070) balanced_accuracy: (test=0.584) f1: (test=0.119) roc_auc: (test=0.620) 2.72min
[fit 54/240] END C=0.5, gamma=2.0, kernel=rbf; total=4147, TP=120, TN=2488, FP=1462, FN=77; precision=0.076, recall=0.609
accuracy: (test=0.629) average_precision: (test=0.079) balanced_accuracy: (test=0.620) f1: (test=0.135) roc_auc: (test=0.652) 2.83min
Line search fails in two-class probability estimates
[fit 55/240] END C=0.5, gamma=4.0, kernel=rbf; total=4147, TP=115, TN=2686, FP=1264, FN=82; precision=0.083, recall=0.584
accuracy: (test=0.675) average_precision: (test=0.094) balanced_accuracy: (test=0.632) f1: (test=0.146) roc_auc: (test=0.688) 2.63min
[fit 56/240] END C=0.5, gamma=8.0, kernel=rbf; total=4147, TP=115, TN=2959, FP=991, FN=82; precision=0.104, recall=0.584
accuracy: (test=0.741) average_precision: (test=0.142) balanced_accuracy: (test=0.666) f1: (test=0.177) roc_auc: (test=0.732) 2.57min
Line search fails in two-class probability estimates
[fit 57/240] END C=0.5, gamma=16.0, kernel=rbf; total=4147, TP=116, TN=3345, FP=605, FN=81; precision=0.161, recall=0.589
accuracy: (test=0.835) average_precision: (test=0.274) balanced_accuracy: (test=0.718) f1: (test=0.253) roc_auc: (test=0.792) 2.68min
[fit 58/240] END C=0.5, gamma=32.0, kernel=rbf; total=4147, TP=113, TN=3674, FP=276, FN=84; precision=0.290, recall=0.574
accuracy: (test=0.913) average_precision: (test=0.504) balanced_accuracy: (test=0.752) f1: (test=0.386) roc_auc: (test=0.835) 2.88min
[fit 59/240] END C=0.5, gamma=64.0, kernel=rbf; total=4147, TP=106, TN=3869, FP=81, FN=91; precision=0.567, recall=0.538
accuracy: (test=0.959) average_precision: (test=0.595) balanced_accuracy: (test=0.759) f1: (test=0.552) roc_auc: (test=0.849) 3.53min
[fit 60/240] END C=0.5, gamma=128.0, kernel=rbf; total=4147, TP=102, TN=3912, FP=38, FN=95; precision=0.729, recall=0.518
accuracy: (test=0.968) average_precision: (test=0.607) balanced_accuracy: (test=0.754) f1: (test=0.605) roc_auc: (test=0.841) 4.40min
[fit 61/240] END C=0.5, gamma=256.0, kernel=rbf; total=4147, TP=98, TN=3923, FP=27, FN=99; precision=0.784, recall=0.497
accuracy: (test=0.970) average_precision: (test=0.602) balanced_accuracy: (test=0.745) f1: (test=0.609) roc_auc: (test=0.832) 5.08min
[fit 62/240] END C=0.5, gamma=512.0, kernel=rbf; total=4147, TP=90, TN=3944, FP=6, FN=107; precision=0.938, recall=0.457
accuracy: (test=0.973) average_precision: (test=0.611) balanced_accuracy: (test=0.728) f1: (test=0.614) roc_auc: (test=0.826) 5.93min
[fit 63/240] END C=0.5, gamma=1024.0, kernel=rbf; total=4147, TP=69, TN=3950, FP=0, FN=128; precision=1.000, recall=0.350
accuracy: (test=0.969) average_precision: (test=0.607) balanced_accuracy: (test=0.675) f1: (test=0.519) roc_auc: (test=0.805) 5.38min
[fit 64/240] END C=0.5, gamma=2048.0, kernel=rbf; total=4147, TP=61, TN=3950, FP=0, FN=136; precision=1.000, recall=0.310
accuracy: (test=0.967) average_precision: (test=0.576) balanced_accuracy: (test=0.655) f1: (test=0.473) roc_auc: (test=0.784) 3.81min
[fit 65/240] END C=1.0, gamma=0.0625, kernel=rbf; total=4147, TP=100, TN=2199, FP=1751, FN=97; precision=0.054, recall=0.508
accuracy: (test=0.554) average_precision: (test=0.063) balanced_accuracy: (test=0.532) f1: (test=0.098) roc_auc: (test=0.556) 2.27min
Line search fails in two-class probability estimates
[fit 66/240] END C=1.0, gamma=0.125, kernel=rbf; total=4147, TP=103, TN=2221, FP=1729, FN=94; precision=0.056, recall=0.523
accuracy: (test=0.560) average_precision: (test=0.065) balanced_accuracy: (test=0.543) f1: (test=0.102) roc_auc: (test=0.572) 2.30min
Line search fails in two-class probability estimates
[fit 67/240] END C=1.0, gamma=0.25, kernel=rbf; total=4147, TP=105, TN=2282, FP=1668, FN=92; precision=0.059, recall=0.533
accuracy: (test=0.576) average_precision: (test=0.069) balanced_accuracy: (test=0.555) f1: (test=0.107) roc_auc: (test=0.590) 2.57min
[fit 68/240] END C=1.0, gamma=0.5, kernel=rbf; total=4147, TP=108, TN=2351, FP=1599, FN=89; precision=0.063, recall=0.548
accuracy: (test=0.593) average_precision: (test=0.068) balanced_accuracy: (test=0.572) f1: (test=0.113) roc_auc: (test=0.611) 2.87min
[fit 69/240] END C=1.0, gamma=1.0, kernel=rbf; total=4147, TP=118, TN=2420, FP=1530, FN=79; precision=0.072, recall=0.599
accuracy: (test=0.612) average_precision: (test=0.074) balanced_accuracy: (test=0.606) f1: (test=0.128) roc_auc: (test=0.636) 2.97min
[fit 70/240] END C=1.0, gamma=2.0, kernel=rbf; total=4147, TP=118, TN=2589, FP=1361, FN=79; precision=0.080, recall=0.599
accuracy: (test=0.653) average_precision: (test=0.084) balanced_accuracy: (test=0.627) f1: (test=0.141) roc_auc: (test=0.668) 2.95min
Line search fails in two-class probability estimates
[fit 71/240] END C=1.0, gamma=4.0, kernel=rbf; total=4147, TP=113, TN=2810, FP=1140, FN=84; precision=0.090, recall=0.574
accuracy: (test=0.705) average_precision: (test=0.107) balanced_accuracy: (test=0.642) f1: (test=0.156) roc_auc: (test=0.705) 2.93min
[fit 72/240] END C=1.0, gamma=8.0, kernel=rbf; total=4147, TP=115, TN=3093, FP=857, FN=82; precision=0.118, recall=0.584
accuracy: (test=0.774) average_precision: (test=0.188) balanced_accuracy: (test=0.683) f1: (test=0.197) roc_auc: (test=0.760) 2.94min
[fit 73/240] END C=1.0, gamma=16.0, kernel=rbf; total=4147, TP=114, TN=3516, FP=434, FN=83; precision=0.208, recall=0.579
accuracy: (test=0.875) average_precision: (test=0.383) balanced_accuracy: (test=0.734) f1: (test=0.306) roc_auc: (test=0.821) 3.33min
[fit 74/240] END C=1.0, gamma=32.0, kernel=rbf; total=4147, TP=112, TN=3786, FP=164, FN=85; precision=0.406, recall=0.569
accuracy: (test=0.940) average_precision: (test=0.570) balanced_accuracy: (test=0.764) f1: (test=0.474) roc_auc: (test=0.849) 4.08min
[fit 75/240] END C=1.0, gamma=64.0, kernel=rbf; total=4147, TP=105, TN=3909, FP=41, FN=92; precision=0.719, recall=0.533
accuracy: (test=0.968) average_precision: (test=0.616) balanced_accuracy: (test=0.761) f1: (test=0.612) roc_auc: (test=0.850) 4.64min
[fit 76/240] END C=1.0, gamma=128.0, kernel=rbf; total=4147, TP=100, TN=3922, FP=28, FN=97; precision=0.781, recall=0.508
accuracy: (test=0.970) average_precision: (test=0.614) balanced_accuracy: (test=0.750) f1: (test=0.615) roc_auc: (test=0.843) 4.76min
[fit 77/240] END C=1.0, gamma=256.0, kernel=rbf; total=4147, TP=97, TN=3936, FP=14, FN=100; precision=0.874, recall=0.492
accuracy: (test=0.973) average_precision: (test=0.601) balanced_accuracy: (test=0.744) f1: (test=0.630) roc_auc: (test=0.831) 5.94min
[fit 78/240] END C=1.0, gamma=512.0, kernel=rbf; total=4147, TP=85, TN=3946, FP=4, FN=112; precision=0.955, recall=0.431
accuracy: (test=0.972) average_precision: (test=0.611) balanced_accuracy: (test=0.715) f1: (test=0.594) roc_auc: (test=0.827) 6.96min
[fit 79/240] END C=1.0, gamma=1024.0, kernel=rbf; total=4147, TP=64, TN=3950, FP=0, FN=133; precision=1.000, recall=0.325
accuracy: (test=0.968) average_precision: (test=0.607) balanced_accuracy: (test=0.662) f1: (test=0.490) roc_auc: (test=0.805) 7.43min
[fit 80/240] END C=1.0, gamma=2048.0, kernel=rbf; total=4147, TP=45, TN=3950, FP=0, FN=152; precision=1.000, recall=0.228
accuracy: (test=0.963) average_precision: (test=0.564) balanced_accuracy: (test=0.614) f1: (test=0.372) roc_auc: (test=0.787) 6.42min
[fit 81/240] END C=2.0, gamma=0.0625, kernel=rbf; total=4147, TP=102, TN=2217, FP=1733, FN=95; precision=0.056, recall=0.518
accuracy: (test=0.559) average_precision: (test=0.065) balanced_accuracy: (test=0.540) f1: (test=0.100) roc_auc: (test=0.570) 2.39min
[fit 82/240] END C=2.0, gamma=0.125, kernel=rbf; total=4147, TP=102, TN=2263, FP=1687, FN=95; precision=0.057, recall=0.518
accuracy: (test=0.570) average_precision: (test=0.068) balanced_accuracy: (test=0.545) f1: (test=0.103) roc_auc: (test=0.587) 2.63min
[fit 83/240] END C=2.0, gamma=0.25, kernel=rbf; total=4147, TP=109, TN=2329, FP=1621, FN=88; precision=0.063, recall=0.553
accuracy: (test=0.588) average_precision: (test=0.067) balanced_accuracy: (test=0.571) f1: (test=0.113) roc_auc: (test=0.605) 2.79min
[fit 84/240] END C=2.0, gamma=0.5, kernel=rbf; total=4147, TP=113, TN=2379, FP=1571, FN=84; precision=0.067, recall=0.574
accuracy: (test=0.601) average_precision: (test=0.070) balanced_accuracy: (test=0.588) f1: (test=0.120) roc_auc: (test=0.624) 2.87min
[fit 85/240] END C=2.0, gamma=1.0, kernel=rbf; total=4147, TP=119, TN=2479, FP=1471, FN=78; precision=0.075, recall=0.604
accuracy: (test=0.626) average_precision: (test=0.078) balanced_accuracy: (test=0.616) f1: (test=0.133) roc_auc: (test=0.652) 2.90min
Line search fails in two-class probability estimates
[fit 86/240] END C=2.0, gamma=2.0, kernel=rbf; total=4147, TP=116, TN=2682, FP=1268, FN=81; precision=0.084, recall=0.589
accuracy: (test=0.675) average_precision: (test=0.091) balanced_accuracy: (test=0.634) f1: (test=0.147) roc_auc: (test=0.683) 3.00min
[fit 87/240] END C=2.0, gamma=4.0, kernel=rbf; total=4147, TP=116, TN=2922, FP=1028, FN=81; precision=0.101, recall=0.589
accuracy: (test=0.733) average_precision: (test=0.127) balanced_accuracy: (test=0.664) f1: (test=0.173) roc_auc: (test=0.726) 3.13min
Line search fails in two-class probability estimates
[fit 88/240] END C=2.0, gamma=8.0, kernel=rbf; total=4147, TP=117, TN=3259, FP=691, FN=80; precision=0.145, recall=0.594
accuracy: (test=0.814) average_precision: (test=0.248) balanced_accuracy: (test=0.709) f1: (test=0.233) roc_auc: (test=0.789) 3.64min
[fit 89/240] END C=2.0, gamma=16.0, kernel=rbf; total=4147, TP=120, TN=3641, FP=309, FN=77; precision=0.280, recall=0.609
accuracy: (test=0.907) average_precision: (test=0.480) balanced_accuracy: (test=0.765) f1: (test=0.383) roc_auc: (test=0.839) 4.60min
[fit 90/240] END C=2.0, gamma=32.0, kernel=rbf; total=4147, TP=104, TN=3853, FP=97, FN=93; precision=0.517, recall=0.528
accuracy: (test=0.954) average_precision: (test=0.600) balanced_accuracy: (test=0.752) f1: (test=0.523) roc_auc: (test=0.854) 6.03min
[fit 91/240] END C=2.0, gamma=64.0, kernel=rbf; total=4147, TP=106, TN=3917, FP=33, FN=91; precision=0.763, recall=0.538
accuracy: (test=0.970) average_precision: (test=0.622) balanced_accuracy: (test=0.765) f1: (test=0.631) roc_auc: (test=0.851) 5.89min
[fit 92/240] END C=2.0, gamma=128.0, kernel=rbf; total=4147, TP=100, TN=3925, FP=25, FN=97; precision=0.800, recall=0.508
accuracy: (test=0.971) average_precision: (test=0.611) balanced_accuracy: (test=0.751) f1: (test=0.621) roc_auc: (test=0.842) 5.19min
[fit 93/240] END C=2.0, gamma=256.0, kernel=rbf; total=4147, TP=96, TN=3936, FP=14, FN=101; precision=0.873, recall=0.487
accuracy: (test=0.972) average_precision: (test=0.601) balanced_accuracy: (test=0.742) f1: (test=0.625) roc_auc: (test=0.831) 6.06min
Line search fails in two-class probability estimates
[fit 94/240] END C=2.0, gamma=512.0, kernel=rbf; total=4147, TP=85, TN=3946, FP=4, FN=112; precision=0.955, recall=0.431
accuracy: (test=0.972) average_precision: (test=0.611) balanced_accuracy: (test=0.715) f1: (test=0.594) roc_auc: (test=0.827) 6.87min
[fit 95/240] END C=2.0, gamma=1024.0, kernel=rbf; total=4147, TP=64, TN=3950, FP=0, FN=133; precision=1.000, recall=0.325
accuracy: (test=0.968) average_precision: (test=0.607) balanced_accuracy: (test=0.662) f1: (test=0.490) roc_auc: (test=0.805) 7.36min
Line search fails in two-class probability estimates
[fit 96/240] END C=2.0, gamma=2048.0, kernel=rbf; total=4147, TP=44, TN=3950, FP=0, FN=153; precision=1.000, recall=0.223
accuracy: (test=0.963) average_precision: (test=0.574) balanced_accuracy: (test=0.612) f1: (test=0.365) roc_auc: (test=0.794) 6.93min
Line search fails in two-class probability estimates
[fit 97/240] END C=4.0, gamma=0.0625, kernel=rbf; total=4147, TP=103, TN=2262, FP=1688, FN=94; precision=0.058, recall=0.523
accuracy: (test=0.570) average_precision: (test=0.065) balanced_accuracy: (test=0.548) f1: (test=0.104) roc_auc: (test=0.586) 2.69min
[fit 98/240] END C=4.0, gamma=0.125, kernel=rbf; total=4147, TP=109, TN=2314, FP=1636, FN=88; precision=0.062, recall=0.553
accuracy: (test=0.584) average_precision: (test=0.066) balanced_accuracy: (test=0.570) f1: (test=0.112) roc_auc: (test=0.601) 2.94min
[fit 99/240] END C=4.0, gamma=0.25, kernel=rbf; total=4147, TP=113, TN=2345, FP=1605, FN=84; precision=0.066, recall=0.574
accuracy: (test=0.593) average_precision: (test=0.068) balanced_accuracy: (test=0.584) f1: (test=0.118) roc_auc: (test=0.616) 3.09min
[fit 100/240] END C=4.0, gamma=0.5, kernel=rbf; total=4147, TP=118, TN=2409, FP=1541, FN=79; precision=0.071, recall=0.599
accuracy: (test=0.609) average_precision: (test=0.073) balanced_accuracy: (test=0.604) f1: (test=0.127) roc_auc: (test=0.636) 3.06min
[fit 101/240] END C=4.0, gamma=1.0, kernel=rbf; total=4147, TP=116, TN=2563, FP=1387, FN=81; precision=0.077, recall=0.589
accuracy: (test=0.646) average_precision: (test=0.083) balanced_accuracy: (test=0.619) f1: (test=0.136) roc_auc: (test=0.665) 3.17min
[fit 102/240] END C=4.0, gamma=2.0, kernel=rbf; total=4147, TP=115, TN=2760, FP=1190, FN=82; precision=0.088, recall=0.584
accuracy: (test=0.693) average_precision: (test=0.101) balanced_accuracy: (test=0.641) f1: (test=0.153) roc_auc: (test=0.698) 3.14min
[fit 103/240] END C=4.0, gamma=4.0, kernel=rbf; total=4147, TP=120, TN=3026, FP=924, FN=77; precision=0.115, recall=0.609
accuracy: (test=0.759) average_precision: (test=0.161) balanced_accuracy: (test=0.688) f1: (test=0.193) roc_auc: (test=0.751) 3.38min
[fit 104/240] END C=4.0, gamma=8.0, kernel=rbf; total=4147, TP=121, TN=3402, FP=548, FN=76; precision=0.181, recall=0.614
accuracy: (test=0.850) average_precision: (test=0.332) balanced_accuracy: (test=0.738) f1: (test=0.279) roc_auc: (test=0.813) 4.51min
Line search fails in two-class probability estimates
[fit 105/240] END C=4.0, gamma=16.0, kernel=rbf; total=4147, TP=119, TN=3757, FP=193, FN=78; precision=0.381, recall=0.604
accuracy: (test=0.935) average_precision: (test=0.546) balanced_accuracy: (test=0.778) f1: (test=0.468) roc_auc: (test=0.851) 6.52min
[fit 106/240] END C=4.0, gamma=32.0, kernel=rbf; total=4147, TP=108, TN=3888, FP=62, FN=89; precision=0.635, recall=0.548
accuracy: (test=0.964) average_precision: (test=0.620) balanced_accuracy: (test=0.766) f1: (test=0.589) roc_auc: (test=0.857) 8.04min
[fit 107/240] END C=4.0, gamma=64.0, kernel=rbf; total=4147, TP=103, TN=3919, FP=31, FN=94; precision=0.769, recall=0.523
accuracy: (test=0.970) average_precision: (test=0.620) balanced_accuracy: (test=0.757) f1: (test=0.622) roc_auc: (test=0.850) 6.26min
[fit 108/240] END C=4.0, gamma=128.0, kernel=rbf; total=4147, TP=100, TN=3925, FP=25, FN=97; precision=0.800, recall=0.508
accuracy: (test=0.971) average_precision: (test=0.611) balanced_accuracy: (test=0.751) f1: (test=0.621) roc_auc: (test=0.842) 5.39min
[fit 109/240] END C=4.0, gamma=256.0, kernel=rbf; total=4147, TP=96, TN=3936, FP=14, FN=101; precision=0.873, recall=0.487
accuracy: (test=0.972) average_precision: (test=0.601) balanced_accuracy: (test=0.742) f1: (test=0.625) roc_auc: (test=0.831) 6.27min
[fit 110/240] END C=4.0, gamma=512.0, kernel=rbf; total=4147, TP=84, TN=3946, FP=4, FN=113; precision=0.955, recall=0.426
accuracy: (test=0.972) average_precision: (test=0.610) balanced_accuracy: (test=0.713) f1: (test=0.589) roc_auc: (test=0.827) 7.32min
[fit 111/240] END C=4.0, gamma=1024.0, kernel=rbf; total=4147, TP=64, TN=3950, FP=0, FN=133; precision=1.000, recall=0.325
accuracy: (test=0.968) average_precision: (test=0.607) balanced_accuracy: (test=0.662) f1: (test=0.490) roc_auc: (test=0.805) 7.82min
Line search fails in two-class probability estimates
[fit 112/240] END C=4.0, gamma=2048.0, kernel=rbf; total=4147, TP=44, TN=3950, FP=0, FN=153; precision=1.000, recall=0.223
accuracy: (test=0.963) average_precision: (test=0.574) balanced_accuracy: (test=0.612) f1: (test=0.365) roc_auc: (test=0.794) 6.97min
[fit 113/240] END C=8.0, gamma=0.0625, kernel=rbf; total=4147, TP=111, TN=2311, FP=1639, FN=86; precision=0.063, recall=0.563
accuracy: (test=0.584) average_precision: (test=0.065) balanced_accuracy: (test=0.574) f1: (test=0.114) roc_auc: (test=0.599) 2.90min
[fit 114/240] END C=8.0, gamma=0.125, kernel=rbf; total=4147, TP=108, TN=2320, FP=1630, FN=89; precision=0.062, recall=0.548
accuracy: (test=0.585) average_precision: (test=0.066) balanced_accuracy: (test=0.568) f1: (test=0.112) roc_auc: (test=0.610) 3.02min
[fit 115/240] END C=8.0, gamma=0.25, kernel=rbf; total=4147, TP=113, TN=2373, FP=1577, FN=84; precision=0.067, recall=0.574
accuracy: (test=0.599) average_precision: (test=0.069) balanced_accuracy: (test=0.587) f1: (test=0.120) roc_auc: (test=0.625) 3.06min
[fit 116/240] END C=8.0, gamma=0.5, kernel=rbf; total=4147, TP=117, TN=2465, FP=1485, FN=80; precision=0.073, recall=0.594
accuracy: (test=0.623) average_precision: (test=0.076) balanced_accuracy: (test=0.609) f1: (test=0.130) roc_auc: (test=0.649) 3.09min
[fit 117/240] END C=8.0, gamma=1.0, kernel=rbf; total=4147, TP=116, TN=2648, FP=1302, FN=81; precision=0.082, recall=0.589
accuracy: (test=0.667) average_precision: (test=0.089) balanced_accuracy: (test=0.630) f1: (test=0.144) roc_auc: (test=0.678) 3.12min
[fit 118/240] END C=8.0, gamma=2.0, kernel=rbf; total=4147, TP=113, TN=2863, FP=1087, FN=84; precision=0.094, recall=0.574
accuracy: (test=0.718) average_precision: (test=0.117) balanced_accuracy: (test=0.649) f1: (test=0.162) roc_auc: (test=0.717) 3.40min
Line search fails in two-class probability estimates
[fit 119/240] END C=8.0, gamma=4.0, kernel=rbf; total=4147, TP=120, TN=3184, FP=766, FN=77; precision=0.135, recall=0.609
accuracy: (test=0.797) average_precision: (test=0.209) balanced_accuracy: (test=0.708) f1: (test=0.222) roc_auc: (test=0.777) 4.17min
[fit 120/240] END C=8.0, gamma=8.0, kernel=rbf; total=4147, TP=122, TN=3545, FP=405, FN=75; precision=0.231, recall=0.619
accuracy: (test=0.884) average_precision: (test=0.426) balanced_accuracy: (test=0.758) f1: (test=0.337) roc_auc: (test=0.832) 6.27min
[fit 121/240] END C=8.0, gamma=16.0, kernel=rbf; total=4147, TP=116, TN=3813, FP=137, FN=81; precision=0.458, recall=0.589
accuracy: (test=0.947) average_precision: (test=0.585) balanced_accuracy: (test=0.777) f1: (test=0.516) roc_auc: (test=0.858) 10.16min
[fit 122/240] END C=8.0, gamma=32.0, kernel=rbf; total=4147, TP=107, TN=3906, FP=44, FN=90; precision=0.709, recall=0.543
accuracy: (test=0.968) average_precision: (test=0.627) balanced_accuracy: (test=0.766) f1: (test=0.615) roc_auc: (test=0.858) 10.86min
[fit 123/240] END C=8.0, gamma=64.0, kernel=rbf; total=4147, TP=102, TN=3919, FP=31, FN=95; precision=0.767, recall=0.518
accuracy: (test=0.970) average_precision: (test=0.618) balanced_accuracy: (test=0.755) f1: (test=0.618) roc_auc: (test=0.850) 6.77min
[fit 124/240] END C=8.0, gamma=128.0, kernel=rbf; total=4147, TP=100, TN=3925, FP=25, FN=97; precision=0.800, recall=0.508
accuracy: (test=0.971) average_precision: (test=0.610) balanced_accuracy: (test=0.751) f1: (test=0.621) roc_auc: (test=0.842) 5.44min
[fit 125/240] END C=8.0, gamma=256.0, kernel=rbf; total=4147, TP=96, TN=3936, FP=14, FN=101; precision=0.873, recall=0.487
accuracy: (test=0.972) average_precision: (test=0.601) balanced_accuracy: (test=0.742) f1: (test=0.625) roc_auc: (test=0.831) 6.32min
[fit 126/240] END C=8.0, gamma=512.0, kernel=rbf; total=4147, TP=84, TN=3946, FP=4, FN=113; precision=0.955, recall=0.426
accuracy: (test=0.972) average_precision: (test=0.610) balanced_accuracy: (test=0.713) f1: (test=0.589) roc_auc: (test=0.827) 7.27min
[fit 127/240] END C=8.0, gamma=1024.0, kernel=rbf; total=4147, TP=64, TN=3950, FP=0, FN=133; precision=1.000, recall=0.325
accuracy: (test=0.968) average_precision: (test=0.607) balanced_accuracy: (test=0.662) f1: (test=0.490) roc_auc: (test=0.805) 7.75min
Line search fails in two-class probability estimates
[fit 128/240] END C=8.0, gamma=2048.0, kernel=rbf; total=4147, TP=44, TN=3950, FP=0, FN=153; precision=1.000, recall=0.223
accuracy: (test=0.963) average_precision: (test=0.574) balanced_accuracy: (test=0.612) f1: (test=0.365) roc_auc: (test=0.794) 6.81min
[fit 129/240] END C=16.0, gamma=0.0625, kernel=rbf; total=4147, TP=109, TN=2320, FP=1630, FN=88; precision=0.063, recall=0.553
accuracy: (test=0.586) average_precision: (test=0.065) balanced_accuracy: (test=0.570) f1: (test=0.113) roc_auc: (test=0.606) 3.03min
[fit 130/240] END C=16.0, gamma=0.125, kernel=rbf; total=4147, TP=112, TN=2345, FP=1605, FN=85; precision=0.065, recall=0.569
accuracy: (test=0.592) average_precision: (test=0.067) balanced_accuracy: (test=0.581) f1: (test=0.117) roc_auc: (test=0.616) 3.03min
[fit 131/240] END C=16.0, gamma=0.25, kernel=rbf; total=4147, TP=116, TN=2404, FP=1546, FN=81; precision=0.070, recall=0.589
accuracy: (test=0.608) average_precision: (test=0.072) balanced_accuracy: (test=0.599) f1: (test=0.125) roc_auc: (test=0.635) 3.08min
[fit 132/240] END C=16.0, gamma=0.5, kernel=rbf; total=4147, TP=115, TN=2543, FP=1407, FN=82; precision=0.076, recall=0.584
accuracy: (test=0.641) average_precision: (test=0.081) balanced_accuracy: (test=0.614) f1: (test=0.134) roc_auc: (test=0.661) 3.13min
[fit 133/240] END C=16.0, gamma=1.0, kernel=rbf; total=4147, TP=118, TN=2728, FP=1222, FN=79; precision=0.088, recall=0.599
accuracy: (test=0.686) average_precision: (test=0.098) balanced_accuracy: (test=0.645) f1: (test=0.154) roc_auc: (test=0.693) 3.32min
[fit 134/240] END C=16.0, gamma=2.0, kernel=rbf; total=4147, TP=122, TN=2977, FP=973, FN=75; precision=0.111, recall=0.619
accuracy: (test=0.747) average_precision: (test=0.141) balanced_accuracy: (test=0.686) f1: (test=0.189) roc_auc: (test=0.741) 3.82min
[fit 135/240] END C=16.0, gamma=4.0, kernel=rbf; total=4147, TP=121, TN=3335, FP=615, FN=76; precision=0.164, recall=0.614
accuracy: (test=0.833) average_precision: (test=0.267) balanced_accuracy: (test=0.729) f1: (test=0.259) roc_auc: (test=0.800) 6.00min
[fit 136/240] END C=16.0, gamma=8.0, kernel=rbf; total=4147, TP=124, TN=3670, FP=280, FN=73; precision=0.307, recall=0.629
accuracy: (test=0.915) average_precision: (test=0.503) balanced_accuracy: (test=0.779) f1: (test=0.413) roc_auc: (test=0.847) 10.18min
[fit 137/240] END C=16.0, gamma=16.0, kernel=rbf; total=4147, TP=115, TN=3859, FP=91, FN=82; precision=0.558, recall=0.584
accuracy: (test=0.958) average_precision: (test=0.604) balanced_accuracy: (test=0.780) f1: (test=0.571) roc_auc: (test=0.862) 15.11min
[fit 138/240] END C=16.0, gamma=32.0, kernel=rbf; total=4147, TP=106, TN=3902, FP=48, FN=91; precision=0.688, recall=0.538
accuracy: (test=0.966) average_precision: (test=0.621) balanced_accuracy: (test=0.763) f1: (test=0.604) roc_auc: (test=0.855) 12.19min
[fit 139/240] END C=16.0, gamma=64.0, kernel=rbf; total=4147, TP=102, TN=3919, FP=31, FN=95; precision=0.767, recall=0.518
accuracy: (test=0.970) average_precision: (test=0.617) balanced_accuracy: (test=0.755) f1: (test=0.618) roc_auc: (test=0.850) 6.70min
[fit 140/240] END C=16.0, gamma=128.0, kernel=rbf; total=4147, TP=99, TN=3925, FP=25, FN=98; precision=0.798, recall=0.503
accuracy: (test=0.970) average_precision: (test=0.609) balanced_accuracy: (test=0.748) f1: (test=0.617) roc_auc: (test=0.842) 5.45min
[fit 141/240] END C=16.0, gamma=256.0, kernel=rbf; total=4147, TP=96, TN=3936, FP=14, FN=101; precision=0.873, recall=0.487
accuracy: (test=0.972) average_precision: (test=0.601) balanced_accuracy: (test=0.742) f1: (test=0.625) roc_auc: (test=0.831) 6.31min
[fit 142/240] END C=16.0, gamma=512.0, kernel=rbf; total=4147, TP=84, TN=3946, FP=4, FN=113; precision=0.955, recall=0.426
accuracy: (test=0.972) average_precision: (test=0.610) balanced_accuracy: (test=0.713) f1: (test=0.589) roc_auc: (test=0.827) 7.29min
[fit 143/240] END C=16.0, gamma=1024.0, kernel=rbf; total=4147, TP=64, TN=3950, FP=0, FN=133; precision=1.000, recall=0.325
accuracy: (test=0.968) average_precision: (test=0.607) balanced_accuracy: (test=0.662) f1: (test=0.490) roc_auc: (test=0.805) 7.72min
Line search fails in two-class probability estimates
[fit 144/240] END C=16.0, gamma=2048.0, kernel=rbf; total=4147, TP=44, TN=3950, FP=0, FN=153; precision=1.000, recall=0.223
accuracy: (test=0.963) average_precision: (test=0.574) balanced_accuracy: (test=0.612) f1: (test=0.365) roc_auc: (test=0.794) 6.75min
[fit 145/240] END C=32.0, gamma=0.0625, kernel=rbf; total=4147, TP=108, TN=2332, FP=1618, FN=89; precision=0.063, recall=0.548
accuracy: (test=0.588) average_precision: (test=0.066) balanced_accuracy: (test=0.569) f1: (test=0.112) roc_auc: (test=0.610) 3.10min
[fit 146/240] END C=32.0, gamma=0.125, kernel=rbf; total=4147, TP=112, TN=2372, FP=1578, FN=85; precision=0.066, recall=0.569
accuracy: (test=0.599) average_precision: (test=0.069) balanced_accuracy: (test=0.585) f1: (test=0.119) roc_auc: (test=0.624) 3.13min
[fit 147/240] END C=32.0, gamma=0.25, kernel=rbf; total=4147, TP=117, TN=2461, FP=1489, FN=80; precision=0.073, recall=0.594
accuracy: (test=0.622) average_precision: (test=0.076) balanced_accuracy: (test=0.608) f1: (test=0.130) roc_auc: (test=0.646) 3.14min
[fit 148/240] END C=32.0, gamma=0.5, kernel=rbf; total=4147, TP=116, TN=2627, FP=1323, FN=81; precision=0.081, recall=0.589
accuracy: (test=0.661) average_precision: (test=0.087) balanced_accuracy: (test=0.627) f1: (test=0.142) roc_auc: (test=0.675) 3.39min
[fit 149/240] END C=32.0, gamma=1.0, kernel=rbf; total=4147, TP=116, TN=2820, FP=1130, FN=81; precision=0.093, recall=0.589
accuracy: (test=0.708) average_precision: (test=0.111) balanced_accuracy: (test=0.651) f1: (test=0.161) roc_auc: (test=0.711) 3.80min
[fit 150/240] END C=32.0, gamma=2.0, kernel=rbf; total=4147, TP=118, TN=3119, FP=831, FN=79; precision=0.124, recall=0.599
accuracy: (test=0.781) average_precision: (test=0.177) balanced_accuracy: (test=0.694) f1: (test=0.206) roc_auc: (test=0.765) 5.00min
[fit 151/240] END C=32.0, gamma=4.0, kernel=rbf; total=4147, TP=124, TN=3465, FP=485, FN=73; precision=0.204, recall=0.629
accuracy: (test=0.865) average_precision: (test=0.355) balanced_accuracy: (test=0.753) f1: (test=0.308) roc_auc: (test=0.819) 8.92min
[fit 152/240] END C=32.0, gamma=8.0, kernel=rbf; total=4147, TP=119, TN=3767, FP=183, FN=78; precision=0.394, recall=0.604
accuracy: (test=0.937) average_precision: (test=0.550) balanced_accuracy: (test=0.779) f1: (test=0.477) roc_auc: (test=0.855) 16.21min
[fit 153/240] END C=32.0, gamma=16.0, kernel=rbf; total=4147, TP=117, TN=3883, FP=67, FN=80; precision=0.636, recall=0.594
accuracy: (test=0.965) average_precision: (test=0.611) balanced_accuracy: (test=0.788) f1: (test=0.614) roc_auc: (test=0.864) 20.46min
[fit 154/240] END C=32.0, gamma=32.0, kernel=rbf; total=4147, TP=106, TN=3904, FP=46, FN=91; precision=0.697, recall=0.538
accuracy: (test=0.967) average_precision: (test=0.617) balanced_accuracy: (test=0.763) f1: (test=0.607) roc_auc: (test=0.854) 12.23min
[fit 155/240] END C=32.0, gamma=64.0, kernel=rbf; total=4147, TP=102, TN=3919, FP=31, FN=95; precision=0.767, recall=0.518
accuracy: (test=0.970) average_precision: (test=0.616) balanced_accuracy: (test=0.755) f1: (test=0.618) roc_auc: (test=0.850) 6.63min
[fit 156/240] END C=32.0, gamma=128.0, kernel=rbf; total=4147, TP=99, TN=3925, FP=25, FN=98; precision=0.798, recall=0.503
accuracy: (test=0.970) average_precision: (test=0.609) balanced_accuracy: (test=0.748) f1: (test=0.617) roc_auc: (test=0.842) 5.40min
[fit 157/240] END C=32.0, gamma=256.0, kernel=rbf; total=4147, TP=96, TN=3936, FP=14, FN=101; precision=0.873, recall=0.487
accuracy: (test=0.972) average_precision: (test=0.601) balanced_accuracy: (test=0.742) f1: (test=0.625) roc_auc: (test=0.831) 6.27min
[fit 158/240] END C=32.0, gamma=512.0, kernel=rbf; total=4147, TP=84, TN=3946, FP=4, FN=113; precision=0.955, recall=0.426
accuracy: (test=0.972) average_precision: (test=0.610) balanced_accuracy: (test=0.713) f1: (test=0.589) roc_auc: (test=0.827) 7.30min
[fit 159/240] END C=32.0, gamma=1024.0, kernel=rbf; total=4147, TP=64, TN=3950, FP=0, FN=133; precision=1.000, recall=0.325
accuracy: (test=0.968) average_precision: (test=0.607) balanced_accuracy: (test=0.662) f1: (test=0.490) roc_auc: (test=0.805) 7.77min
Line search fails in two-class probability estimates
[fit 160/240] END C=32.0, gamma=2048.0, kernel=rbf; total=4147, TP=44, TN=3950, FP=0, FN=153; precision=1.000, recall=0.223
accuracy: (test=0.963) average_precision: (test=0.574) balanced_accuracy: (test=0.612) f1: (test=0.365) roc_auc: (test=0.794) 6.96min
[fit 161/240] END C=64.0, gamma=0.0625, kernel=rbf; total=4147, TP=112, TN=2343, FP=1607, FN=85; precision=0.065, recall=0.569
accuracy: (test=0.592) average_precision: (test=0.067) balanced_accuracy: (test=0.581) f1: (test=0.117) roc_auc: (test=0.616) 3.20min
[fit 162/240] END C=64.0, gamma=0.125, kernel=rbf; total=4147, TP=114, TN=2398, FP=1552, FN=83; precision=0.068, recall=0.579
accuracy: (test=0.606) average_precision: (test=0.072) balanced_accuracy: (test=0.593) f1: (test=0.122) roc_auc: (test=0.633) 3.29min
[fit 163/240] END C=64.0, gamma=0.25, kernel=rbf; total=4147, TP=116, TN=2523, FP=1427, FN=81; precision=0.075, recall=0.589
accuracy: (test=0.636) average_precision: (test=0.080) balanced_accuracy: (test=0.614) f1: (test=0.133) roc_auc: (test=0.658) 3.46min
Line search fails in two-class probability estimates
[fit 164/240] END C=64.0, gamma=0.5, kernel=rbf; total=4147, TP=114, TN=2717, FP=1233, FN=83; precision=0.085, recall=0.579
accuracy: (test=0.683) average_precision: (test=0.096) balanced_accuracy: (test=0.633) f1: (test=0.148) roc_auc: (test=0.690) 3.82min
[fit 165/240] END C=64.0, gamma=1.0, kernel=rbf; total=4147, TP=120, TN=2938, FP=1012, FN=77; precision=0.106, recall=0.609
accuracy: (test=0.737) average_precision: (test=0.130) balanced_accuracy: (test=0.676) f1: (test=0.181) roc_auc: (test=0.732) 4.67min
[fit 166/240] END C=64.0, gamma=2.0, kernel=rbf; total=4147, TP=122, TN=3269, FP=681, FN=75; precision=0.152, recall=0.619
accuracy: (test=0.818) average_precision: (test=0.223) balanced_accuracy: (test=0.723) f1: (test=0.244) roc_auc: (test=0.788) 7.51min
[fit 167/240] END C=64.0, gamma=4.0, kernel=rbf; total=4147, TP=123, TN=3585, FP=365, FN=74; precision=0.252, recall=0.624
accuracy: (test=0.894) average_precision: (test=0.433) balanced_accuracy: (test=0.766) f1: (test=0.359) roc_auc: (test=0.836) 14.32min
[fit 168/240] END C=64.0, gamma=8.0, kernel=rbf; total=4147, TP=117, TN=3818, FP=132, FN=80; precision=0.470, recall=0.594
accuracy: (test=0.949) average_precision: (test=0.576) balanced_accuracy: (test=0.780) f1: (test=0.525) roc_auc: (test=0.860) 18.51min
[fit 169/240] END C=64.0, gamma=16.0, kernel=rbf; total=4147, TP=113, TN=3879, FP=71, FN=84; precision=0.614, recall=0.574
accuracy: (test=0.963) average_precision: (test=0.604) balanced_accuracy: (test=0.778) f1: (test=0.593) roc_auc: (test=0.862) 11.59min
[fit 170/240] END C=64.0, gamma=32.0, kernel=rbf; total=4147, TP=106, TN=3904, FP=46, FN=91; precision=0.697, recall=0.538
accuracy: (test=0.967) average_precision: (test=0.617) balanced_accuracy: (test=0.763) f1: (test=0.607) roc_auc: (test=0.853) 5.82min
[fit 171/240] END C=64.0, gamma=64.0, kernel=rbf; total=4147, TP=102, TN=3919, FP=31, FN=95; precision=0.767, recall=0.518
accuracy: (test=0.970) average_precision: (test=0.616) balanced_accuracy: (test=0.755) f1: (test=0.618) roc_auc: (test=0.850) 3.23min
[fit 172/240] END C=64.0, gamma=128.0, kernel=rbf; total=4147, TP=99, TN=3925, FP=25, FN=98; precision=0.798, recall=0.503
accuracy: (test=0.970) average_precision: (test=0.609) balanced_accuracy: (test=0.748) f1: (test=0.617) roc_auc: (test=0.842) 2.67min
[fit 173/240] END C=64.0, gamma=256.0, kernel=rbf; total=4147, TP=96, TN=3936, FP=14, FN=101; precision=0.873, recall=0.487
accuracy: (test=0.972) average_precision: (test=0.601) balanced_accuracy: (test=0.742) f1: (test=0.625) roc_auc: (test=0.831) 3.10min
[fit 174/240] END C=64.0, gamma=512.0, kernel=rbf; total=4147, TP=84, TN=3946, FP=4, FN=113; precision=0.955, recall=0.426
accuracy: (test=0.972) average_precision: (test=0.610) balanced_accuracy: (test=0.713) f1: (test=0.589) roc_auc: (test=0.827) 3.57min
[fit 175/240] END C=64.0, gamma=1024.0, kernel=rbf; total=4147, TP=64, TN=3950, FP=0, FN=133; precision=1.000, recall=0.325
accuracy: (test=0.968) average_precision: (test=0.607) balanced_accuracy: (test=0.662) f1: (test=0.490) roc_auc: (test=0.805) 3.84min
Line search fails in two-class probability estimates
[fit 176/240] END C=64.0, gamma=2048.0, kernel=rbf; total=4147, TP=44, TN=3950, FP=0, FN=153; precision=1.000, recall=0.223
accuracy: (test=0.963) average_precision: (test=0.574) balanced_accuracy: (test=0.612) f1: (test=0.365) roc_auc: (test=0.794) 3.45min
[fit 177/240] END C=128.0, gamma=0.0625, kernel=rbf; total=4147, TP=110, TN=2369, FP=1581, FN=87; precision=0.065, recall=0.558
accuracy: (test=0.598) average_precision: (test=0.069) balanced_accuracy: (test=0.579) f1: (test=0.117) roc_auc: (test=0.623) 1.71min
[fit 178/240] END C=128.0, gamma=0.125, kernel=rbf; total=4147, TP=115, TN=2458, FP=1492, FN=82; precision=0.072, recall=0.584
accuracy: (test=0.620) average_precision: (test=0.075) balanced_accuracy: (test=0.603) f1: (test=0.127) roc_auc: (test=0.644) 1.82min
[fit 179/240] END C=128.0, gamma=0.25, kernel=rbf; total=4147, TP=115, TN=2617, FP=1333, FN=82; precision=0.079, recall=0.584
accuracy: (test=0.659) average_precision: (test=0.087) balanced_accuracy: (test=0.623) f1: (test=0.140) roc_auc: (test=0.673) 2.06min
[fit 180/240] END C=128.0, gamma=0.5, kernel=rbf; total=4147, TP=119, TN=2806, FP=1144, FN=78; precision=0.094, recall=0.604
accuracy: (test=0.705) average_precision: (test=0.107) balanced_accuracy: (test=0.657) f1: (test=0.163) roc_auc: (test=0.706) 2.46min
Line search fails in two-class probability estimates
[fit 181/240] END C=128.0, gamma=1.0, kernel=rbf; total=4147, TP=119, TN=3050, FP=900, FN=78; precision=0.117, recall=0.604
accuracy: (test=0.764) average_precision: (test=0.157) balanced_accuracy: (test=0.688) f1: (test=0.196) roc_auc: (test=0.755) 3.34min
[fit 182/240] END C=128.0, gamma=2.0, kernel=rbf; total=4147, TP=124, TN=3385, FP=565, FN=73; precision=0.180, recall=0.629
accuracy: (test=0.846) average_precision: (test=0.274) balanced_accuracy: (test=0.743) f1: (test=0.280) roc_auc: (test=0.805) 6.28min
[fit 183/240] END C=128.0, gamma=4.0, kernel=rbf; total=4147, TP=123, TN=3682, FP=268, FN=74; precision=0.315, recall=0.624
accuracy: (test=0.918) average_precision: (test=0.500) balanced_accuracy: (test=0.778) f1: (test=0.418) roc_auc: (test=0.847) 11.67min
Line search fails in two-class probability estimates
[fit 184/240] END C=128.0, gamma=8.0, kernel=rbf; total=4147, TP=115, TN=3837, FP=113, FN=82; precision=0.504, recall=0.584
accuracy: (test=0.953) average_precision: (test=0.583) balanced_accuracy: (test=0.778) f1: (test=0.541) roc_auc: (test=0.862) 17.74min
[fit 185/240] END C=128.0, gamma=16.0, kernel=rbf; total=4147, TP=112, TN=3878, FP=72, FN=85; precision=0.609, recall=0.569
accuracy: (test=0.962) average_precision: (test=0.592) balanced_accuracy: (test=0.775) f1: (test=0.588) roc_auc: (test=0.858) 12.14min
[fit 186/240] END C=128.0, gamma=32.0, kernel=rbf; total=4147, TP=106, TN=3904, FP=46, FN=91; precision=0.697, recall=0.538
accuracy: (test=0.967) average_precision: (test=0.616) balanced_accuracy: (test=0.763) f1: (test=0.607) roc_auc: (test=0.853) 5.83min
[fit 187/240] END C=128.0, gamma=64.0, kernel=rbf; total=4147, TP=102, TN=3919, FP=31, FN=95; precision=0.767, recall=0.518
accuracy: (test=0.970) average_precision: (test=0.616) balanced_accuracy: (test=0.755) f1: (test=0.618) roc_auc: (test=0.850) 3.23min
[fit 188/240] END C=128.0, gamma=128.0, kernel=rbf; total=4147, TP=99, TN=3925, FP=25, FN=98; precision=0.798, recall=0.503
accuracy: (test=0.970) average_precision: (test=0.609) balanced_accuracy: (test=0.748) f1: (test=0.617) roc_auc: (test=0.842) 2.67min
[fit 189/240] END C=128.0, gamma=256.0, kernel=rbf; total=4147, TP=96, TN=3936, FP=14, FN=101; precision=0.873, recall=0.487
accuracy: (test=0.972) average_precision: (test=0.601) balanced_accuracy: (test=0.742) f1: (test=0.625) roc_auc: (test=0.831) 3.10min
[fit 190/240] END C=128.0, gamma=512.0, kernel=rbf; total=4147, TP=84, TN=3946, FP=4, FN=113; precision=0.955, recall=0.426
accuracy: (test=0.972) average_precision: (test=0.610) balanced_accuracy: (test=0.713) f1: (test=0.589) roc_auc: (test=0.827) 3.57min
[fit 191/240] END C=128.0, gamma=1024.0, kernel=rbf; total=4147, TP=64, TN=3950, FP=0, FN=133; precision=1.000, recall=0.325
accuracy: (test=0.968) average_precision: (test=0.607) balanced_accuracy: (test=0.662) f1: (test=0.490) roc_auc: (test=0.805) 3.84min
Line search fails in two-class probability estimates
[fit 192/240] END C=128.0, gamma=2048.0, kernel=rbf; total=4147, TP=44, TN=3950, FP=0, FN=153; precision=1.000, recall=0.223
accuracy: (test=0.963) average_precision: (test=0.574) balanced_accuracy: (test=0.612) f1: (test=0.365) roc_auc: (test=0.794) 3.45min
[fit 193/240] END C=256.0, gamma=0.0625, kernel=rbf; total=4147, TP=112, TN=2395, FP=1555, FN=85; precision=0.067, recall=0.569
accuracy: (test=0.605) average_precision: (test=0.071) balanced_accuracy: (test=0.587) f1: (test=0.120) roc_auc: (test=0.632) 1.83min
[fit 194/240] END C=256.0, gamma=0.125, kernel=rbf; total=4147, TP=115, TN=2512, FP=1438, FN=82; precision=0.074, recall=0.584
accuracy: (test=0.633) average_precision: (test=0.080) balanced_accuracy: (test=0.610) f1: (test=0.131) roc_auc: (test=0.657) 2.09min
[fit 195/240] END C=256.0, gamma=0.25, kernel=rbf; total=4147, TP=115, TN=2705, FP=1245, FN=82; precision=0.085, recall=0.584
accuracy: (test=0.680) average_precision: (test=0.095) balanced_accuracy: (test=0.634) f1: (test=0.148) roc_auc: (test=0.687) 2.49min
[fit 196/240] END C=256.0, gamma=0.5, kernel=rbf; total=4147, TP=119, TN=2920, FP=1030, FN=78; precision=0.104, recall=0.604
accuracy: (test=0.733) average_precision: (test=0.123) balanced_accuracy: (test=0.672) f1: (test=0.177) roc_auc: (test=0.726) 3.22min
[fit 197/240] END C=256.0, gamma=1.0, kernel=rbf; total=4147, TP=124, TN=3200, FP=750, FN=73; precision=0.142, recall=0.629
accuracy: (test=0.802) average_precision: (test=0.194) balanced_accuracy: (test=0.720) f1: (test=0.232) roc_auc: (test=0.777) 5.33min
[fit 198/240] END C=256.0, gamma=2.0, kernel=rbf; total=4147, TP=124, TN=3502, FP=448, FN=73; precision=0.217, recall=0.629
accuracy: (test=0.874) average_precision: (test=0.352) balanced_accuracy: (test=0.758) f1: (test=0.322) roc_auc: (test=0.821) 10.22min
[fit 199/240] END C=256.0, gamma=4.0, kernel=rbf; total=4147, TP=117, TN=3743, FP=207, FN=80; precision=0.361, recall=0.594
accuracy: (test=0.931) average_precision: (test=0.527) balanced_accuracy: (test=0.771) f1: (test=0.449) roc_auc: (test=0.851) 19.03min
[fit 200/240] END C=256.0, gamma=8.0, kernel=rbf; total=4147, TP=112, TN=3850, FP=100, FN=85; precision=0.528, recall=0.569
accuracy: (test=0.955) average_precision: (test=0.571) balanced_accuracy: (test=0.772) f1: (test=0.548) roc_auc: (test=0.863) 22.81min
[fit 201/240] END C=256.0, gamma=16.0, kernel=rbf; total=4147, TP=111, TN=3876, FP=74, FN=86; precision=0.600, recall=0.563
accuracy: (test=0.961) average_precision: (test=0.589) balanced_accuracy: (test=0.772) f1: (test=0.581) roc_auc: (test=0.857) 12.44min
[fit 202/240] END C=256.0, gamma=32.0, kernel=rbf; total=4147, TP=106, TN=3904, FP=46, FN=91; precision=0.697, recall=0.538
accuracy: (test=0.967) average_precision: (test=0.616) balanced_accuracy: (test=0.763) f1: (test=0.607) roc_auc: (test=0.853) 5.83min
[fit 203/240] END C=256.0, gamma=64.0, kernel=rbf; total=4147, TP=102, TN=3919, FP=31, FN=95; precision=0.767, recall=0.518
accuracy: (test=0.970) average_precision: (test=0.616) balanced_accuracy: (test=0.755) f1: (test=0.618) roc_auc: (test=0.850) 3.23min
[fit 204/240] END C=256.0, gamma=128.0, kernel=rbf; total=4147, TP=99, TN=3925, FP=25, FN=98; precision=0.798, recall=0.503
accuracy: (test=0.970) average_precision: (test=0.609) balanced_accuracy: (test=0.748) f1: (test=0.617) roc_auc: (test=0.842) 2.67min
[fit 205/240] END C=256.0, gamma=256.0, kernel=rbf; total=4147, TP=96, TN=3936, FP=14, FN=101; precision=0.873, recall=0.487
accuracy: (test=0.972) average_precision: (test=0.601) balanced_accuracy: (test=0.742) f1: (test=0.625) roc_auc: (test=0.831) 3.10min
[fit 206/240] END C=256.0, gamma=512.0, kernel=rbf; total=4147, TP=84, TN=3946, FP=4, FN=113; precision=0.955, recall=0.426
accuracy: (test=0.972) average_precision: (test=0.610) balanced_accuracy: (test=0.713) f1: (test=0.589) roc_auc: (test=0.827) 3.57min
[fit 207/240] END C=256.0, gamma=1024.0, kernel=rbf; total=4147, TP=64, TN=3950, FP=0, FN=133; precision=1.000, recall=0.325
accuracy: (test=0.968) average_precision: (test=0.607) balanced_accuracy: (test=0.662) f1: (test=0.490) roc_auc: (test=0.805) 3.84min
Line search fails in two-class probability estimates
[fit 208/240] END C=256.0, gamma=2048.0, kernel=rbf; total=4147, TP=44, TN=3950, FP=0, FN=153; precision=1.000, recall=0.223
accuracy: (test=0.963) average_precision: (test=0.574) balanced_accuracy: (test=0.612) f1: (test=0.365) roc_auc: (test=0.794) 3.45min
[fit 209/240] END C=512.0, gamma=0.0625, kernel=rbf; total=4147, TP=113, TN=2451, FP=1499, FN=84; precision=0.070, recall=0.574
accuracy: (test=0.618) average_precision: (test=0.075) balanced_accuracy: (test=0.597) f1: (test=0.125) roc_auc: (test=0.643) 2.11min
[fit 210/240] END C=512.0, gamma=0.125, kernel=rbf; total=4147, TP=115, TN=2610, FP=1340, FN=82; precision=0.079, recall=0.584
accuracy: (test=0.657) average_precision: (test=0.086) balanced_accuracy: (test=0.622) f1: (test=0.139) roc_auc: (test=0.671) 2.51min
[fit 211/240] END C=512.0, gamma=0.25, kernel=rbf; total=4147, TP=119, TN=2801, FP=1149, FN=78; precision=0.094, recall=0.604
accuracy: (test=0.704) average_precision: (test=0.106) balanced_accuracy: (test=0.657) f1: (test=0.162) roc_auc: (test=0.704) 3.19min
Line search fails in two-class probability estimates
[fit 212/240] END C=512.0, gamma=0.5, kernel=rbf; total=4147, TP=122, TN=3020, FP=930, FN=75; precision=0.116, recall=0.619
accuracy: (test=0.758) average_precision: (test=0.144) balanced_accuracy: (test=0.692) f1: (test=0.195) roc_auc: (test=0.746) 4.67min
[fit 213/240] END C=512.0, gamma=1.0, kernel=rbf; total=4147, TP=124, TN=3310, FP=640, FN=73; precision=0.162, recall=0.629
accuracy: (test=0.828) average_precision: (test=0.232) balanced_accuracy: (test=0.734) f1: (test=0.258) roc_auc: (test=0.795) 9.47min
[fit 214/240] END C=512.0, gamma=2.0, kernel=rbf; total=4147, TP=123, TN=3588, FP=362, FN=74; precision=0.254, recall=0.624
accuracy: (test=0.895) average_precision: (test=0.425) balanced_accuracy: (test=0.766) f1: (test=0.361) roc_auc: (test=0.837) 17.84min
[fit 215/240] END C=512.0, gamma=4.0, kernel=rbf; total=4147, TP=113, TN=3798, FP=152, FN=84; precision=0.426, recall=0.574
accuracy: (test=0.943) average_precision: (test=0.548) balanced_accuracy: (test=0.768) f1: (test=0.489) roc_auc: (test=0.858) 29.56min
[fit 216/240] END C=512.0, gamma=8.0, kernel=rbf; total=4147, TP=113, TN=3849, FP=101, FN=84; precision=0.528, recall=0.574
accuracy: (test=0.955) average_precision: (test=0.553) balanced_accuracy: (test=0.774) f1: (test=0.550) roc_auc: (test=0.860) 26.43min
[fit 217/240] END C=512.0, gamma=16.0, kernel=rbf; total=4147, TP=111, TN=3874, FP=76, FN=86; precision=0.594, recall=0.563
accuracy: (test=0.961) average_precision: (test=0.589) balanced_accuracy: (test=0.772) f1: (test=0.578) roc_auc: (test=0.857) 12.26min
[fit 218/240] END C=512.0, gamma=32.0, kernel=rbf; total=4147, TP=106, TN=3904, FP=46, FN=91; precision=0.697, recall=0.538
accuracy: (test=0.967) average_precision: (test=0.616) balanced_accuracy: (test=0.763) f1: (test=0.607) roc_auc: (test=0.853) 5.84min
[fit 219/240] END C=512.0, gamma=64.0, kernel=rbf; total=4147, TP=102, TN=3919, FP=31, FN=95; precision=0.767, recall=0.518
accuracy: (test=0.970) average_precision: (test=0.616) balanced_accuracy: (test=0.755) f1: (test=0.618) roc_auc: (test=0.850) 3.23min
[fit 220/240] END C=512.0, gamma=128.0, kernel=rbf; total=4147, TP=99, TN=3925, FP=25, FN=98; precision=0.798, recall=0.503
accuracy: (test=0.970) average_precision: (test=0.609) balanced_accuracy: (test=0.748) f1: (test=0.617) roc_auc: (test=0.842) 2.67min
[fit 221/240] END C=512.0, gamma=256.0, kernel=rbf; total=4147, TP=96, TN=3936, FP=14, FN=101; precision=0.873, recall=0.487
accuracy: (test=0.972) average_precision: (test=0.601) balanced_accuracy: (test=0.742) f1: (test=0.625) roc_auc: (test=0.831) 3.10min
[fit 222/240] END C=512.0, gamma=512.0, kernel=rbf; total=4147, TP=84, TN=3946, FP=4, FN=113; precision=0.955, recall=0.426
accuracy: (test=0.972) average_precision: (test=0.610) balanced_accuracy: (test=0.713) f1: (test=0.589) roc_auc: (test=0.827) 3.57min
[fit 223/240] END C=512.0, gamma=1024.0, kernel=rbf; total=4147, TP=64, TN=3950, FP=0, FN=133; precision=1.000, recall=0.325
accuracy: (test=0.968) average_precision: (test=0.607) balanced_accuracy: (test=0.662) f1: (test=0.490) roc_auc: (test=0.805) 3.84min
Line search fails in two-class probability estimates
[fit 224/240] END C=512.0, gamma=2048.0, kernel=rbf; total=4147, TP=44, TN=3950, FP=0, FN=153; precision=1.000, recall=0.223
accuracy: (test=0.963) average_precision: (test=0.574) balanced_accuracy: (test=0.612) f1: (test=0.365) roc_auc: (test=0.794) 3.46min
[fit 225/240] END C=1024.0, gamma=0.0625, kernel=rbf; total=4147, TP=115, TN=2507, FP=1443, FN=82; precision=0.074, recall=0.584
accuracy: (test=0.632) average_precision: (test=0.079) balanced_accuracy: (test=0.609) f1: (test=0.131) roc_auc: (test=0.656) 2.55min
Line search fails in two-class probability estimates
[fit 226/240] END C=1024.0, gamma=0.125, kernel=rbf; total=4147, TP=117, TN=2692, FP=1258, FN=80; precision=0.085, recall=0.594
accuracy: (test=0.677) average_precision: (test=0.094) balanced_accuracy: (test=0.638) f1: (test=0.149) roc_auc: (test=0.686) 3.25min
[fit 227/240] END C=1024.0, gamma=0.25, kernel=rbf; total=4147, TP=120, TN=2896, FP=1054, FN=77; precision=0.102, recall=0.609
accuracy: (test=0.727) average_precision: (test=0.120) balanced_accuracy: (test=0.671) f1: (test=0.175) roc_auc: (test=0.722) 4.54min
[fit 228/240] END C=1024.0, gamma=0.5, kernel=rbf; total=4147, TP=120, TN=3143, FP=807, FN=77; precision=0.129, recall=0.609
accuracy: (test=0.787) average_precision: (test=0.174) balanced_accuracy: (test=0.702) f1: (test=0.214) roc_auc: (test=0.767) 7.86min
[fit 229/240] END C=1024.0, gamma=1.0, kernel=rbf; total=4147, TP=124, TN=3414, FP=536, FN=73; precision=0.188, recall=0.629
accuracy: (test=0.853) average_precision: (test=0.290) balanced_accuracy: (test=0.747) f1: (test=0.289) roc_auc: (test=0.810) 16.45min
[fit 230/240] END C=1024.0, gamma=2.0, kernel=rbf; total=4147, TP=120, TN=3674, FP=276, FN=77; precision=0.303, recall=0.609
accuracy: (test=0.915) average_precision: (test=0.469) balanced_accuracy: (test=0.770) f1: (test=0.405) roc_auc: (test=0.842) 42.32min
Line search fails in two-class probability estimates
[fit 231/240] END C=1024.0, gamma=4.0, kernel=rbf; total=4147, TP=113, TN=3798, FP=152, FN=84; precision=0.426, recall=0.574
accuracy: (test=0.943) average_precision: (test=0.535) balanced_accuracy: (test=0.768) f1: (test=0.489) roc_auc: (test=0.855) 2h 22m 56s
[fit 232/240] END C=1024.0, gamma=8.0, kernel=rbf; total=4147, TP=109, TN=3852, FP=98, FN=88; precision=0.527, recall=0.553
accuracy: (test=0.955) average_precision: (test=0.540) balanced_accuracy: (test=0.764) f1: (test=0.540) roc_auc: (test=0.858) 27.82min
[fit 233/240] END C=1024.0, gamma=16.0, kernel=rbf; total=4147, TP=111, TN=3874, FP=76, FN=86; precision=0.594, recall=0.563
accuracy: (test=0.961) average_precision: (test=0.589) balanced_accuracy: (test=0.772) f1: (test=0.578) roc_auc: (test=0.857) 12.25min
[fit 234/240] END C=1024.0, gamma=32.0, kernel=rbf; total=4147, TP=106, TN=3904, FP=46, FN=91; precision=0.697, recall=0.538
accuracy: (test=0.967) average_precision: (test=0.616) balanced_accuracy: (test=0.763) f1: (test=0.607) roc_auc: (test=0.853) 5.83min
[fit 235/240] END C=1024.0, gamma=64.0, kernel=rbf; total=4147, TP=102, TN=3919, FP=31, FN=95; precision=0.767, recall=0.518
accuracy: (test=0.970) average_precision: (test=0.616) balanced_accuracy: (test=0.755) f1: (test=0.618) roc_auc: (test=0.850) 3.23min
[fit 236/240] END C=1024.0, gamma=128.0, kernel=rbf; total=4147, TP=99, TN=3925, FP=25, FN=98; precision=0.798, recall=0.503
accuracy: (test=0.970) average_precision: (test=0.609) balanced_accuracy: (test=0.748) f1: (test=0.617) roc_auc: (test=0.842) 2.67min
[fit 237/240] END C=1024.0, gamma=256.0, kernel=rbf; total=4147, TP=96, TN=3936, FP=14, FN=101; precision=0.873, recall=0.487
accuracy: (test=0.972) average_precision: (test=0.601) balanced_accuracy: (test=0.742) f1: (test=0.625) roc_auc: (test=0.831) 3.09min
[fit 238/240] END C=1024.0, gamma=512.0, kernel=rbf; total=4147, TP=84, TN=3946, FP=4, FN=113; precision=0.955, recall=0.426
accuracy: (test=0.972) average_precision: (test=0.610) balanced_accuracy: (test=0.713) f1: (test=0.589) roc_auc: (test=0.827) 3.57min
[fit 239/240] END C=1024.0, gamma=1024.0, kernel=rbf; total=4147, TP=64, TN=3950, FP=0, FN=133; precision=1.000, recall=0.325
accuracy: (test=0.968) average_precision: (test=0.607) balanced_accuracy: (test=0.662) f1: (test=0.490) roc_auc: (test=0.805) 3.84min
Line search fails in two-class probability estimates
[fit 240/240] END C=1024.0, gamma=2048.0, kernel=rbf; total=4147, TP=44, TN=3950, FP=0, FN=153; precision=1.000, recall=0.223
accuracy: (test=0.963) average_precision: (test=0.574) balanced_accuracy: (test=0.612) f1: (test=0.365) roc_auc: (test=0.794) 3.45min
write rank test to csv!!!
../../ex/epivan/base/tpcp_svm_base/rank/K562_tpcp_svm_base_rank_3090.csv write over!!!
clf.best_estimator_params: {'C': 32.0, 'gamma': 16.0, 'kernel': 'rbf'}
best params found in line [154] for metric [roc_auc] in rank file
best params found in fit [153] for metric [roc_auc] in run_and_score file
clf.best_scoring_result: [Total: (test=4147) TP: (test=117.000) TN: (test=3883.000) FP: (test=67.000) FN: (test=80.000) precision: (test=0.636) recall: (test=0.594) accuracy: (test=0.965) average_precision: (test=0.611) balanced_accuracy: (test=0.788) f1: (test=0.614) roc_auc: (test=0.864) ]
total time spending: 23h 32m 41s
