nohup: ignoring input
experiment: K562 tpcp_rf
trainSet len:[X=71150,y=71150]
testSet len:[X=4147,y=4147]
第一次
{'bootstrap': True, 'ccp_alpha': 0.0, 'class_weight': None, 'criterion': 'gini', 'max_depth': None, 'max_features': 'auto', 'max_leaf_nodes': None, 'max_samples': None, 'min_impurity_decrease': 0.0, 'min_impurity_split': None, 'min_samples_leaf': 1, 'min_samples_split': 2, 'min_weight_fraction_leaf': 0.0, 'n_estimators': 100, 'n_jobs': 5, 'oob_score': False, 'random_state': None, 'verbose': 0, 'warm_start': False}
Fitting, totalling 34 fits
[fit 1/34] END n_estimators=10; total=4147, TP=89, TN=3896, FP=54, FN=108; precision=0.622, recall=0.452
accuracy: (test=0.961) average_precision: (test=0.499) balanced_accuracy: (test=0.719) f1: (test=0.524) roc_auc: (test=0.870) 4.54s
[fit 2/34] END n_estimators=20; total=4147, TP=108, TN=3914, FP=36, FN=89; precision=0.750, recall=0.548
accuracy: (test=0.970) average_precision: (test=0.605) balanced_accuracy: (test=0.770) f1: (test=0.633) roc_auc: (test=0.878) 7.53s
[fit 3/34] END n_estimators=30; total=4147, TP=110, TN=3909, FP=41, FN=87; precision=0.728, recall=0.558
accuracy: (test=0.969) average_precision: (test=0.617) balanced_accuracy: (test=0.774) f1: (test=0.632) roc_auc: (test=0.880) 10.87s
[fit 4/34] END n_estimators=40; total=4147, TP=108, TN=3911, FP=39, FN=89; precision=0.735, recall=0.548
accuracy: (test=0.969) average_precision: (test=0.634) balanced_accuracy: (test=0.769) f1: (test=0.628) roc_auc: (test=0.888) 15.94s
[fit 5/34] END n_estimators=50; total=4147, TP=109, TN=3914, FP=36, FN=88; precision=0.752, recall=0.553
accuracy: (test=0.970) average_precision: (test=0.649) balanced_accuracy: (test=0.772) f1: (test=0.637) roc_auc: (test=0.884) 21.83s
[fit 6/34] END n_estimators=60; total=4147, TP=110, TN=3917, FP=33, FN=87; precision=0.769, recall=0.558
accuracy: (test=0.971) average_precision: (test=0.666) balanced_accuracy: (test=0.775) f1: (test=0.647) roc_auc: (test=0.904) 26.80s
[fit 7/34] END n_estimators=70; total=4147, TP=110, TN=3910, FP=40, FN=87; precision=0.733, recall=0.558
accuracy: (test=0.969) average_precision: (test=0.668) balanced_accuracy: (test=0.774) f1: (test=0.634) roc_auc: (test=0.906) 30.62s
[fit 8/34] END n_estimators=80; total=4147, TP=106, TN=3913, FP=37, FN=91; precision=0.741, recall=0.538
accuracy: (test=0.969) average_precision: (test=0.651) balanced_accuracy: (test=0.764) f1: (test=0.624) roc_auc: (test=0.903) 34.96s
[fit 9/34] END n_estimators=90; total=4147, TP=109, TN=3918, FP=32, FN=88; precision=0.773, recall=0.553
accuracy: (test=0.971) average_precision: (test=0.666) balanced_accuracy: (test=0.773) f1: (test=0.645) roc_auc: (test=0.899) 39.20s
[fit 10/34] END n_estimators=100; total=4147, TP=111, TN=3913, FP=37, FN=86; precision=0.750, recall=0.563
accuracy: (test=0.970) average_precision: (test=0.670) balanced_accuracy: (test=0.777) f1: (test=0.643) roc_auc: (test=0.904) 42.46s
[fit 11/34] END n_estimators=110; total=4147, TP=111, TN=3919, FP=31, FN=86; precision=0.782, recall=0.563
accuracy: (test=0.972) average_precision: (test=0.667) balanced_accuracy: (test=0.778) f1: (test=0.655) roc_auc: (test=0.894) 45.95s
[fit 12/34] END n_estimators=120; total=4147, TP=109, TN=3920, FP=30, FN=88; precision=0.784, recall=0.553
accuracy: (test=0.972) average_precision: (test=0.679) balanced_accuracy: (test=0.773) f1: (test=0.649) roc_auc: (test=0.909) 50.63s
[fit 13/34] END n_estimators=130; total=4147, TP=109, TN=3915, FP=35, FN=88; precision=0.757, recall=0.553
accuracy: (test=0.970) average_precision: (test=0.672) balanced_accuracy: (test=0.772) f1: (test=0.639) roc_auc: (test=0.906) 54.76s
[fit 14/34] END n_estimators=140; total=4147, TP=108, TN=3915, FP=35, FN=89; precision=0.755, recall=0.548
accuracy: (test=0.970) average_precision: (test=0.673) balanced_accuracy: (test=0.770) f1: (test=0.635) roc_auc: (test=0.910) 58.76s
[fit 15/34] END n_estimators=150; total=4147, TP=108, TN=3921, FP=29, FN=89; precision=0.788, recall=0.548
accuracy: (test=0.972) average_precision: (test=0.675) balanced_accuracy: (test=0.770) f1: (test=0.647) roc_auc: (test=0.909) 1.05min
[fit 16/34] END n_estimators=160; total=4147, TP=106, TN=3918, FP=32, FN=91; precision=0.768, recall=0.538
accuracy: (test=0.970) average_precision: (test=0.678) balanced_accuracy: (test=0.765) f1: (test=0.633) roc_auc: (test=0.910) 1.14min
[fit 17/34] END n_estimators=170; total=4147, TP=111, TN=3917, FP=33, FN=86; precision=0.771, recall=0.563
accuracy: (test=0.971) average_precision: (test=0.679) balanced_accuracy: (test=0.778) f1: (test=0.651) roc_auc: (test=0.900) 1.20min
[fit 18/34] END n_estimators=180; total=4147, TP=104, TN=3915, FP=35, FN=93; precision=0.748, recall=0.528
accuracy: (test=0.969) average_precision: (test=0.676) balanced_accuracy: (test=0.760) f1: (test=0.619) roc_auc: (test=0.906) 1.29min
[fit 19/34] END n_estimators=190; total=4147, TP=110, TN=3919, FP=31, FN=87; precision=0.780, recall=0.558
accuracy: (test=0.972) average_precision: (test=0.676) balanced_accuracy: (test=0.775) f1: (test=0.651) roc_auc: (test=0.901) 1.35min
[fit 20/34] END n_estimators=200; total=4147, TP=111, TN=3916, FP=34, FN=86; precision=0.766, recall=0.563
accuracy: (test=0.971) average_precision: (test=0.680) balanced_accuracy: (test=0.777) f1: (test=0.649) roc_auc: (test=0.909) 1.41min
[fit 21/34] END n_estimators=210; total=4147, TP=112, TN=3914, FP=36, FN=85; precision=0.757, recall=0.569
accuracy: (test=0.971) average_precision: (test=0.677) balanced_accuracy: (test=0.780) f1: (test=0.649) roc_auc: (test=0.905) 1.51min
[fit 22/34] END n_estimators=220; total=4147, TP=106, TN=3917, FP=33, FN=91; precision=0.763, recall=0.538
accuracy: (test=0.970) average_precision: (test=0.680) balanced_accuracy: (test=0.765) f1: (test=0.631) roc_auc: (test=0.911) 1.57min
[fit 23/34] END n_estimators=230; total=4147, TP=111, TN=3918, FP=32, FN=86; precision=0.776, recall=0.563
accuracy: (test=0.972) average_precision: (test=0.679) balanced_accuracy: (test=0.778) f1: (test=0.653) roc_auc: (test=0.906) 1.63min
[fit 24/34] END n_estimators=240; total=4147, TP=110, TN=3918, FP=32, FN=87; precision=0.775, recall=0.558
accuracy: (test=0.971) average_precision: (test=0.679) balanced_accuracy: (test=0.775) f1: (test=0.649) roc_auc: (test=0.908) 1.71min
[fit 25/34] END n_estimators=250; total=4147, TP=107, TN=3917, FP=33, FN=90; precision=0.764, recall=0.543
accuracy: (test=0.970) average_precision: (test=0.677) balanced_accuracy: (test=0.767) f1: (test=0.635) roc_auc: (test=0.901) 1.77min
[fit 26/34] END n_estimators=260; total=4147, TP=112, TN=3917, FP=33, FN=85; precision=0.772, recall=0.569
accuracy: (test=0.972) average_precision: (test=0.684) balanced_accuracy: (test=0.780) f1: (test=0.655) roc_auc: (test=0.906) 1.96min
[fit 27/34] END n_estimators=270; total=4147, TP=111, TN=3913, FP=37, FN=86; precision=0.750, recall=0.563
accuracy: (test=0.970) average_precision: (test=0.676) balanced_accuracy: (test=0.777) f1: (test=0.643) roc_auc: (test=0.907) 2.00min
[fit 28/34] END n_estimators=280; total=4147, TP=110, TN=3918, FP=32, FN=87; precision=0.775, recall=0.558
accuracy: (test=0.971) average_precision: (test=0.677) balanced_accuracy: (test=0.775) f1: (test=0.649) roc_auc: (test=0.911) 2.14min
[fit 29/34] END n_estimators=290; total=4147, TP=111, TN=3915, FP=35, FN=86; precision=0.760, recall=0.563
accuracy: (test=0.971) average_precision: (test=0.675) balanced_accuracy: (test=0.777) f1: (test=0.647) roc_auc: (test=0.910) 2.14min
[fit 30/34] END n_estimators=300; total=4147, TP=108, TN=3917, FP=33, FN=89; precision=0.766, recall=0.548
accuracy: (test=0.971) average_precision: (test=0.676) balanced_accuracy: (test=0.770) f1: (test=0.639) roc_auc: (test=0.907) 2.20min
[fit 31/34] END n_estimators=310; total=4147, TP=114, TN=3916, FP=34, FN=83; precision=0.770, recall=0.579
accuracy: (test=0.972) average_precision: (test=0.682) balanced_accuracy: (test=0.785) f1: (test=0.661) roc_auc: (test=0.911) 2.23min
[fit 32/34] END n_estimators=320; total=4147, TP=111, TN=3912, FP=38, FN=86; precision=0.745, recall=0.563
accuracy: (test=0.970) average_precision: (test=0.681) balanced_accuracy: (test=0.777) f1: (test=0.642) roc_auc: (test=0.904) 2.30min
[fit 33/34] END n_estimators=330; total=4147, TP=112, TN=3917, FP=33, FN=85; precision=0.772, recall=0.569
accuracy: (test=0.972) average_precision: (test=0.685) balanced_accuracy: (test=0.780) f1: (test=0.655) roc_auc: (test=0.910) 2.36min
[fit 34/34] END n_estimators=340; total=4147, TP=112, TN=3918, FP=32, FN=85; precision=0.778, recall=0.569
accuracy: (test=0.972) average_precision: (test=0.686) balanced_accuracy: (test=0.780) f1: (test=0.657) roc_auc: (test=0.909) 2.42min
clf.best_estimator_params: {'n_estimators': 280}
best params found in line [29] for metric [roc_auc] in rank file
best params found in fit [28] for metric [roc_auc] in run_and_score file
clf.best_scoring_result: [Total: (test=4147) TP: (test=110.000) TN: (test=3918.000) FP: (test=32.000) FN: (test=87.000) precision: (test=0.775) recall: (test=0.558) accuracy: (test=0.971) average_precision: (test=0.677) balanced_accuracy: (test=0.775) f1: (test=0.649) roc_auc: (test=0.911) ]
write rank test to csv!!!
../../ex/epivan/base/tpcp_rf_base/rank/K562_tpcp_rf_base_rank_1_3070.csv write over!!!
第二次
{'bootstrap': True, 'ccp_alpha': 0.0, 'class_weight': None, 'criterion': 'gini', 'max_depth': None, 'max_features': 'auto', 'max_leaf_nodes': None, 'max_samples': None, 'min_impurity_decrease': 0.0, 'min_impurity_split': None, 'min_samples_leaf': 1, 'min_samples_split': 2, 'min_weight_fraction_leaf': 0.0, 'n_estimators': 280, 'n_jobs': 5, 'oob_score': False, 'random_state': None, 'verbose': 0, 'warm_start': False}
Fitting, totalling 150 fits
[fit 1/150] END max_depth=None; total=4147, TP=110, TN=3919, FP=31, FN=87; precision=0.780, recall=0.558
accuracy: (test=0.972) average_precision: (test=0.680) balanced_accuracy: (test=0.775) f1: (test=0.651) roc_auc: (test=0.910) 1.99min
[fit 2/150] END max_depth=1; total=4147, TP=58, TN=2918, FP=1032, FN=139; precision=0.053, recall=0.294
accuracy: (test=0.718) average_precision: (test=0.058) balanced_accuracy: (test=0.517) f1: (test=0.090) roc_auc: (test=0.539) 13.37s
[fit 3/150] END max_depth=2; total=4147, TP=61, TN=2916, FP=1034, FN=136; precision=0.056, recall=0.310
accuracy: (test=0.718) average_precision: (test=0.070) balanced_accuracy: (test=0.524) f1: (test=0.094) roc_auc: (test=0.557) 21.88s
[fit 4/150] END max_depth=3; total=4147, TP=89, TN=2670, FP=1280, FN=108; precision=0.065, recall=0.452
accuracy: (test=0.665) average_precision: (test=0.075) balanced_accuracy: (test=0.564) f1: (test=0.114) roc_auc: (test=0.576) 30.86s
[fit 5/150] END max_depth=4; total=4147, TP=103, TN=2532, FP=1418, FN=94; precision=0.068, recall=0.523
accuracy: (test=0.635) average_precision: (test=0.089) balanced_accuracy: (test=0.582) f1: (test=0.120) roc_auc: (test=0.603) 37.89s
[fit 6/150] END max_depth=5; total=4147, TP=101, TN=2708, FP=1242, FN=96; precision=0.075, recall=0.513
accuracy: (test=0.677) average_precision: (test=0.102) balanced_accuracy: (test=0.599) f1: (test=0.131) roc_auc: (test=0.636) 44.48s
[fit 7/150] END max_depth=6; total=4147, TP=111, TN=2840, FP=1110, FN=86; precision=0.091, recall=0.563
accuracy: (test=0.712) average_precision: (test=0.130) balanced_accuracy: (test=0.641) f1: (test=0.157) roc_auc: (test=0.671) 51.31s
[fit 8/150] END max_depth=7; total=4147, TP=108, TN=3073, FP=877, FN=89; precision=0.110, recall=0.548
accuracy: (test=0.767) average_precision: (test=0.170) balanced_accuracy: (test=0.663) f1: (test=0.183) roc_auc: (test=0.705) 56.99s
[fit 9/150] END max_depth=8; total=4147, TP=106, TN=3280, FP=670, FN=91; precision=0.137, recall=0.538
accuracy: (test=0.816) average_precision: (test=0.229) balanced_accuracy: (test=0.684) f1: (test=0.218) roc_auc: (test=0.746) 1.06min
[fit 10/150] END max_depth=9; total=4147, TP=110, TN=3487, FP=463, FN=87; precision=0.192, recall=0.558
accuracy: (test=0.867) average_precision: (test=0.291) balanced_accuracy: (test=0.721) f1: (test=0.286) roc_auc: (test=0.779) 1.14min
[fit 11/150] END max_depth=10; total=4147, TP=111, TN=3615, FP=335, FN=86; precision=0.249, recall=0.563
accuracy: (test=0.898) average_precision: (test=0.350) balanced_accuracy: (test=0.739) f1: (test=0.345) roc_auc: (test=0.804) 1.23min
[fit 12/150] END max_depth=11; total=4147, TP=113, TN=3738, FP=212, FN=84; precision=0.348, recall=0.574
accuracy: (test=0.929) average_precision: (test=0.405) balanced_accuracy: (test=0.760) f1: (test=0.433) roc_auc: (test=0.824) 1.28min
[fit 13/150] END max_depth=12; total=4147, TP=116, TN=3783, FP=167, FN=81; precision=0.410, recall=0.589
accuracy: (test=0.940) average_precision: (test=0.450) balanced_accuracy: (test=0.773) f1: (test=0.483) roc_auc: (test=0.843) 1.37min
[fit 14/150] END max_depth=13; total=4147, TP=112, TN=3827, FP=123, FN=85; precision=0.477, recall=0.569
accuracy: (test=0.950) average_precision: (test=0.496) balanced_accuracy: (test=0.769) f1: (test=0.519) roc_auc: (test=0.853) 1.45min
[fit 15/150] END max_depth=14; total=4147, TP=118, TN=3857, FP=93, FN=79; precision=0.559, recall=0.599
accuracy: (test=0.959) average_precision: (test=0.534) balanced_accuracy: (test=0.788) f1: (test=0.578) roc_auc: (test=0.857) 1.51min
[fit 16/150] END max_depth=15; total=4147, TP=119, TN=3873, FP=77, FN=78; precision=0.607, recall=0.604
accuracy: (test=0.963) average_precision: (test=0.563) balanced_accuracy: (test=0.792) f1: (test=0.606) roc_auc: (test=0.869) 1.56min
[fit 17/150] END max_depth=16; total=4147, TP=111, TN=3881, FP=69, FN=86; precision=0.617, recall=0.563
accuracy: (test=0.963) average_precision: (test=0.582) balanced_accuracy: (test=0.773) f1: (test=0.589) roc_auc: (test=0.875) 1.62min
[fit 18/150] END max_depth=17; total=4147, TP=116, TN=3880, FP=70, FN=81; precision=0.624, recall=0.589
accuracy: (test=0.964) average_precision: (test=0.605) balanced_accuracy: (test=0.786) f1: (test=0.606) roc_auc: (test=0.877) 1.65min
[fit 19/150] END max_depth=18; total=4147, TP=111, TN=3892, FP=58, FN=86; precision=0.657, recall=0.563
accuracy: (test=0.965) average_precision: (test=0.622) balanced_accuracy: (test=0.774) f1: (test=0.607) roc_auc: (test=0.881) 1.72min
[fit 20/150] END max_depth=19; total=4147, TP=114, TN=3896, FP=54, FN=83; precision=0.679, recall=0.579
accuracy: (test=0.967) average_precision: (test=0.632) balanced_accuracy: (test=0.783) f1: (test=0.625) roc_auc: (test=0.887) 1.75min
[fit 21/150] END max_depth=20; total=4147, TP=112, TN=3898, FP=52, FN=85; precision=0.683, recall=0.569
accuracy: (test=0.967) average_precision: (test=0.642) balanced_accuracy: (test=0.778) f1: (test=0.620) roc_auc: (test=0.890) 1.79min
[fit 22/150] END max_depth=21; total=4147, TP=116, TN=3901, FP=49, FN=81; precision=0.703, recall=0.589
accuracy: (test=0.969) average_precision: (test=0.646) balanced_accuracy: (test=0.788) f1: (test=0.641) roc_auc: (test=0.896) 1.81min
[fit 23/150] END max_depth=22; total=4147, TP=110, TN=3902, FP=48, FN=87; precision=0.696, recall=0.558
accuracy: (test=0.967) average_precision: (test=0.648) balanced_accuracy: (test=0.773) f1: (test=0.620) roc_auc: (test=0.889) 1.83min
[fit 24/150] END max_depth=23; total=4147, TP=112, TN=3899, FP=51, FN=85; precision=0.687, recall=0.569
accuracy: (test=0.967) average_precision: (test=0.654) balanced_accuracy: (test=0.778) f1: (test=0.622) roc_auc: (test=0.896) 1.86min
[fit 25/150] END max_depth=24; total=4147, TP=111, TN=3910, FP=40, FN=86; precision=0.735, recall=0.563
accuracy: (test=0.970) average_precision: (test=0.657) balanced_accuracy: (test=0.777) f1: (test=0.638) roc_auc: (test=0.894) 1.88min
[fit 26/150] END max_depth=25; total=4147, TP=113, TN=3907, FP=43, FN=84; precision=0.724, recall=0.574
accuracy: (test=0.969) average_precision: (test=0.666) balanced_accuracy: (test=0.781) f1: (test=0.640) roc_auc: (test=0.898) 1.89min
[fit 27/150] END max_depth=26; total=4147, TP=113, TN=3906, FP=44, FN=84; precision=0.720, recall=0.574
accuracy: (test=0.969) average_precision: (test=0.665) balanced_accuracy: (test=0.781) f1: (test=0.638) roc_auc: (test=0.895) 1.89min
[fit 28/150] END max_depth=27; total=4147, TP=113, TN=3907, FP=43, FN=84; precision=0.724, recall=0.574
accuracy: (test=0.969) average_precision: (test=0.675) balanced_accuracy: (test=0.781) f1: (test=0.640) roc_auc: (test=0.902) 1.91min
[fit 29/150] END max_depth=28; total=4147, TP=115, TN=3913, FP=37, FN=82; precision=0.757, recall=0.584
accuracy: (test=0.971) average_precision: (test=0.673) balanced_accuracy: (test=0.787) f1: (test=0.659) roc_auc: (test=0.901) 1.92min
[fit 30/150] END max_depth=29; total=4147, TP=112, TN=3910, FP=40, FN=85; precision=0.737, recall=0.569
accuracy: (test=0.970) average_precision: (test=0.681) balanced_accuracy: (test=0.779) f1: (test=0.642) roc_auc: (test=0.908) 1.93min
[fit 31/150] END max_depth=30; total=4147, TP=112, TN=3912, FP=38, FN=85; precision=0.747, recall=0.569
accuracy: (test=0.970) average_precision: (test=0.677) balanced_accuracy: (test=0.779) f1: (test=0.646) roc_auc: (test=0.904) 1.94min
[fit 32/150] END max_depth=31; total=4147, TP=114, TN=3910, FP=40, FN=83; precision=0.740, recall=0.579
accuracy: (test=0.970) average_precision: (test=0.686) balanced_accuracy: (test=0.784) f1: (test=0.650) roc_auc: (test=0.910) 1.95min
[fit 33/150] END max_depth=32; total=4147, TP=108, TN=3911, FP=39, FN=89; precision=0.735, recall=0.548
accuracy: (test=0.969) average_precision: (test=0.669) balanced_accuracy: (test=0.769) f1: (test=0.628) roc_auc: (test=0.901) 1.96min
[fit 34/150] END max_depth=33; total=4147, TP=110, TN=3912, FP=38, FN=87; precision=0.743, recall=0.558
accuracy: (test=0.970) average_precision: (test=0.678) balanced_accuracy: (test=0.774) f1: (test=0.638) roc_auc: (test=0.909) 1.95min
[fit 35/150] END max_depth=34; total=4147, TP=114, TN=3913, FP=37, FN=83; precision=0.755, recall=0.579
accuracy: (test=0.971) average_precision: (test=0.682) balanced_accuracy: (test=0.785) f1: (test=0.655) roc_auc: (test=0.910) 1.94min
[fit 36/150] END max_depth=35; total=4147, TP=110, TN=3911, FP=39, FN=87; precision=0.738, recall=0.558
accuracy: (test=0.970) average_precision: (test=0.671) balanced_accuracy: (test=0.774) f1: (test=0.636) roc_auc: (test=0.907) 1.95min
[fit 37/150] END max_depth=36; total=4147, TP=110, TN=3915, FP=35, FN=87; precision=0.759, recall=0.558
accuracy: (test=0.971) average_precision: (test=0.677) balanced_accuracy: (test=0.775) f1: (test=0.643) roc_auc: (test=0.909) 1.94min
[fit 38/150] END max_depth=37; total=4147, TP=108, TN=3919, FP=31, FN=89; precision=0.777, recall=0.548
accuracy: (test=0.971) average_precision: (test=0.671) balanced_accuracy: (test=0.770) f1: (test=0.643) roc_auc: (test=0.905) 1.93min
[fit 39/150] END max_depth=38; total=4147, TP=110, TN=3913, FP=37, FN=87; precision=0.748, recall=0.558
accuracy: (test=0.970) average_precision: (test=0.674) balanced_accuracy: (test=0.775) f1: (test=0.640) roc_auc: (test=0.907) 1.97min
[fit 40/150] END max_depth=39; total=4147, TP=114, TN=3912, FP=38, FN=83; precision=0.750, recall=0.579
accuracy: (test=0.971) average_precision: (test=0.686) balanced_accuracy: (test=0.785) f1: (test=0.653) roc_auc: (test=0.907) 1.96min
[fit 41/150] END max_depth=40; total=4147, TP=111, TN=3918, FP=32, FN=86; precision=0.776, recall=0.563
accuracy: (test=0.972) average_precision: (test=0.678) balanced_accuracy: (test=0.778) f1: (test=0.653) roc_auc: (test=0.903) 2.00min
[fit 42/150] END max_depth=41; total=4147, TP=107, TN=3914, FP=36, FN=90; precision=0.748, recall=0.543
accuracy: (test=0.970) average_precision: (test=0.685) balanced_accuracy: (test=0.767) f1: (test=0.629) roc_auc: (test=0.914) 2.00min
[fit 43/150] END max_depth=42; total=4147, TP=108, TN=3916, FP=34, FN=89; precision=0.761, recall=0.548
accuracy: (test=0.970) average_precision: (test=0.685) balanced_accuracy: (test=0.770) f1: (test=0.637) roc_auc: (test=0.908) 2.00min
[fit 44/150] END max_depth=43; total=4147, TP=111, TN=3914, FP=36, FN=86; precision=0.755, recall=0.563
accuracy: (test=0.971) average_precision: (test=0.688) balanced_accuracy: (test=0.777) f1: (test=0.645) roc_auc: (test=0.908) 1.99min
[fit 45/150] END max_depth=44; total=4147, TP=108, TN=3916, FP=34, FN=89; precision=0.761, recall=0.548
accuracy: (test=0.970) average_precision: (test=0.689) balanced_accuracy: (test=0.770) f1: (test=0.637) roc_auc: (test=0.911) 1.99min
[fit 46/150] END max_depth=45; total=4147, TP=109, TN=3915, FP=35, FN=88; precision=0.757, recall=0.553
accuracy: (test=0.970) average_precision: (test=0.675) balanced_accuracy: (test=0.772) f1: (test=0.639) roc_auc: (test=0.906) 2.00min
[fit 47/150] END max_depth=46; total=4147, TP=110, TN=3920, FP=30, FN=87; precision=0.786, recall=0.558
accuracy: (test=0.972) average_precision: (test=0.679) balanced_accuracy: (test=0.775) f1: (test=0.653) roc_auc: (test=0.906) 1.98min
[fit 48/150] END max_depth=47; total=4147, TP=109, TN=3917, FP=33, FN=88; precision=0.768, recall=0.553
accuracy: (test=0.971) average_precision: (test=0.680) balanced_accuracy: (test=0.772) f1: (test=0.643) roc_auc: (test=0.903) 2.01min
[fit 49/150] END max_depth=48; total=4147, TP=110, TN=3913, FP=37, FN=87; precision=0.748, recall=0.558
accuracy: (test=0.970) average_precision: (test=0.681) balanced_accuracy: (test=0.775) f1: (test=0.640) roc_auc: (test=0.902) 1.99min
[fit 50/150] END max_depth=49; total=4147, TP=107, TN=3916, FP=34, FN=90; precision=0.759, recall=0.543
accuracy: (test=0.970) average_precision: (test=0.678) balanced_accuracy: (test=0.767) f1: (test=0.633) roc_auc: (test=0.911) 2.00min
[fit 51/150] END max_depth=50; total=4147, TP=108, TN=3916, FP=34, FN=89; precision=0.761, recall=0.548
accuracy: (test=0.970) average_precision: (test=0.680) balanced_accuracy: (test=0.770) f1: (test=0.637) roc_auc: (test=0.908) 2.01min
[fit 52/150] END max_depth=51; total=4147, TP=112, TN=3918, FP=32, FN=85; precision=0.778, recall=0.569
accuracy: (test=0.972) average_precision: (test=0.682) balanced_accuracy: (test=0.780) f1: (test=0.657) roc_auc: (test=0.907) 2.02min
[fit 53/150] END max_depth=52; total=4147, TP=111, TN=3916, FP=34, FN=86; precision=0.766, recall=0.563
accuracy: (test=0.971) average_precision: (test=0.690) balanced_accuracy: (test=0.777) f1: (test=0.649) roc_auc: (test=0.913) 2.01min
[fit 54/150] END max_depth=53; total=4147, TP=112, TN=3916, FP=34, FN=85; precision=0.767, recall=0.569
accuracy: (test=0.971) average_precision: (test=0.681) balanced_accuracy: (test=0.780) f1: (test=0.653) roc_auc: (test=0.905) 1.99min
[fit 55/150] END max_depth=54; total=4147, TP=111, TN=3913, FP=37, FN=86; precision=0.750, recall=0.563
accuracy: (test=0.970) average_precision: (test=0.675) balanced_accuracy: (test=0.777) f1: (test=0.643) roc_auc: (test=0.903) 1.99min
[fit 56/150] END max_depth=55; total=4147, TP=112, TN=3918, FP=32, FN=85; precision=0.778, recall=0.569
accuracy: (test=0.972) average_precision: (test=0.681) balanced_accuracy: (test=0.780) f1: (test=0.657) roc_auc: (test=0.902) 2.00min
[fit 57/150] END max_depth=56; total=4147, TP=110, TN=3915, FP=35, FN=87; precision=0.759, recall=0.558
accuracy: (test=0.971) average_precision: (test=0.678) balanced_accuracy: (test=0.775) f1: (test=0.643) roc_auc: (test=0.908) 2.00min
[fit 58/150] END max_depth=57; total=4147, TP=110, TN=3920, FP=30, FN=87; precision=0.786, recall=0.558
accuracy: (test=0.972) average_precision: (test=0.682) balanced_accuracy: (test=0.775) f1: (test=0.653) roc_auc: (test=0.900) 1.98min
[fit 59/150] END max_depth=58; total=4147, TP=109, TN=3916, FP=34, FN=88; precision=0.762, recall=0.553
accuracy: (test=0.971) average_precision: (test=0.681) balanced_accuracy: (test=0.772) f1: (test=0.641) roc_auc: (test=0.907) 2.01min
[fit 60/150] END max_depth=59; total=4147, TP=113, TN=3916, FP=34, FN=84; precision=0.769, recall=0.574
accuracy: (test=0.972) average_precision: (test=0.676) balanced_accuracy: (test=0.782) f1: (test=0.657) roc_auc: (test=0.903) 1.97min
[fit 61/150] END max_depth=60; total=4147, TP=112, TN=3915, FP=35, FN=85; precision=0.762, recall=0.569
accuracy: (test=0.971) average_precision: (test=0.685) balanced_accuracy: (test=0.780) f1: (test=0.651) roc_auc: (test=0.912) 1.97min
[fit 62/150] END max_depth=61; total=4147, TP=112, TN=3914, FP=36, FN=85; precision=0.757, recall=0.569
accuracy: (test=0.971) average_precision: (test=0.680) balanced_accuracy: (test=0.780) f1: (test=0.649) roc_auc: (test=0.905) 1.93min
[fit 63/150] END max_depth=62; total=4147, TP=111, TN=3915, FP=35, FN=86; precision=0.760, recall=0.563
accuracy: (test=0.971) average_precision: (test=0.681) balanced_accuracy: (test=0.777) f1: (test=0.647) roc_auc: (test=0.906) 1.95min
[fit 64/150] END max_depth=63; total=4147, TP=113, TN=3916, FP=34, FN=84; precision=0.769, recall=0.574
accuracy: (test=0.972) average_precision: (test=0.682) balanced_accuracy: (test=0.782) f1: (test=0.657) roc_auc: (test=0.907) 1.92min
[fit 65/150] END max_depth=64; total=4147, TP=109, TN=3915, FP=35, FN=88; precision=0.757, recall=0.553
accuracy: (test=0.970) average_precision: (test=0.676) balanced_accuracy: (test=0.772) f1: (test=0.639) roc_auc: (test=0.904) 1.93min
[fit 66/150] END max_depth=65; total=4147, TP=112, TN=3918, FP=32, FN=85; precision=0.778, recall=0.569
accuracy: (test=0.972) average_precision: (test=0.683) balanced_accuracy: (test=0.780) f1: (test=0.657) roc_auc: (test=0.907) 1.94min
[fit 67/150] END max_depth=66; total=4147, TP=109, TN=3917, FP=33, FN=88; precision=0.768, recall=0.553
accuracy: (test=0.971) average_precision: (test=0.689) balanced_accuracy: (test=0.772) f1: (test=0.643) roc_auc: (test=0.912) 1.94min
[fit 68/150] END max_depth=67; total=4147, TP=109, TN=3916, FP=34, FN=88; precision=0.762, recall=0.553
accuracy: (test=0.971) average_precision: (test=0.677) balanced_accuracy: (test=0.772) f1: (test=0.641) roc_auc: (test=0.903) 1.97min
[fit 69/150] END max_depth=68; total=4147, TP=111, TN=3917, FP=33, FN=86; precision=0.771, recall=0.563
accuracy: (test=0.971) average_precision: (test=0.687) balanced_accuracy: (test=0.778) f1: (test=0.651) roc_auc: (test=0.907) 1.98min
[fit 70/150] END max_depth=69; total=4147, TP=111, TN=3914, FP=36, FN=86; precision=0.755, recall=0.563
accuracy: (test=0.971) average_precision: (test=0.680) balanced_accuracy: (test=0.777) f1: (test=0.645) roc_auc: (test=0.909) 1.91min
[fit 71/150] END max_depth=70; total=4147, TP=109, TN=3918, FP=32, FN=88; precision=0.773, recall=0.553
accuracy: (test=0.971) average_precision: (test=0.683) balanced_accuracy: (test=0.773) f1: (test=0.645) roc_auc: (test=0.910) 1.68min
[fit 72/150] END max_depth=71; total=4147, TP=111, TN=3920, FP=30, FN=86; precision=0.787, recall=0.563
accuracy: (test=0.972) average_precision: (test=0.684) balanced_accuracy: (test=0.778) f1: (test=0.657) roc_auc: (test=0.907) 1.64min
[fit 73/150] END max_depth=72; total=4147, TP=108, TN=3921, FP=29, FN=89; precision=0.788, recall=0.548
accuracy: (test=0.972) average_precision: (test=0.673) balanced_accuracy: (test=0.770) f1: (test=0.647) roc_auc: (test=0.899) 1.66min
[fit 74/150] END max_depth=73; total=4147, TP=110, TN=3922, FP=28, FN=87; precision=0.797, recall=0.558
accuracy: (test=0.972) average_precision: (test=0.680) balanced_accuracy: (test=0.776) f1: (test=0.657) roc_auc: (test=0.905) 1.64min
[fit 75/150] END max_depth=74; total=4147, TP=108, TN=3915, FP=35, FN=89; precision=0.755, recall=0.548
accuracy: (test=0.970) average_precision: (test=0.673) balanced_accuracy: (test=0.770) f1: (test=0.635) roc_auc: (test=0.907) 1.66min
[fit 76/150] END max_depth=75; total=4147, TP=111, TN=3919, FP=31, FN=86; precision=0.782, recall=0.563
accuracy: (test=0.972) average_precision: (test=0.676) balanced_accuracy: (test=0.778) f1: (test=0.655) roc_auc: (test=0.907) 1.61min
[fit 77/150] END max_depth=76; total=4147, TP=109, TN=3915, FP=35, FN=88; precision=0.757, recall=0.553
accuracy: (test=0.970) average_precision: (test=0.686) balanced_accuracy: (test=0.772) f1: (test=0.639) roc_auc: (test=0.909) 1.64min
[fit 78/150] END max_depth=77; total=4147, TP=110, TN=3918, FP=32, FN=87; precision=0.775, recall=0.558
accuracy: (test=0.971) average_precision: (test=0.675) balanced_accuracy: (test=0.775) f1: (test=0.649) roc_auc: (test=0.903) 1.70min
[fit 79/150] END max_depth=78; total=4147, TP=112, TN=3920, FP=30, FN=85; precision=0.789, recall=0.569
accuracy: (test=0.972) average_precision: (test=0.684) balanced_accuracy: (test=0.780) f1: (test=0.661) roc_auc: (test=0.909) 1.64min
[fit 80/150] END max_depth=79; total=4147, TP=109, TN=3918, FP=32, FN=88; precision=0.773, recall=0.553
accuracy: (test=0.971) average_precision: (test=0.675) balanced_accuracy: (test=0.773) f1: (test=0.645) roc_auc: (test=0.902) 1.61min
[fit 81/150] END max_depth=80; total=4147, TP=108, TN=3918, FP=32, FN=89; precision=0.771, recall=0.548
accuracy: (test=0.971) average_precision: (test=0.675) balanced_accuracy: (test=0.770) f1: (test=0.641) roc_auc: (test=0.903) 1.62min
[fit 82/150] END max_depth=81; total=4147, TP=108, TN=3919, FP=31, FN=89; precision=0.777, recall=0.548
accuracy: (test=0.971) average_precision: (test=0.682) balanced_accuracy: (test=0.770) f1: (test=0.643) roc_auc: (test=0.907) 1.62min
[fit 83/150] END max_depth=82; total=4147, TP=111, TN=3917, FP=33, FN=86; precision=0.771, recall=0.563
accuracy: (test=0.971) average_precision: (test=0.679) balanced_accuracy: (test=0.778) f1: (test=0.651) roc_auc: (test=0.910) 1.61min
[fit 84/150] END max_depth=83; total=4147, TP=109, TN=3914, FP=36, FN=88; precision=0.752, recall=0.553
accuracy: (test=0.970) average_precision: (test=0.669) balanced_accuracy: (test=0.772) f1: (test=0.637) roc_auc: (test=0.903) 1.63min
[fit 85/150] END max_depth=84; total=4147, TP=108, TN=3917, FP=33, FN=89; precision=0.766, recall=0.548
accuracy: (test=0.971) average_precision: (test=0.678) balanced_accuracy: (test=0.770) f1: (test=0.639) roc_auc: (test=0.903) 1.60min
[fit 86/150] END max_depth=85; total=4147, TP=111, TN=3917, FP=33, FN=86; precision=0.771, recall=0.563
accuracy: (test=0.971) average_precision: (test=0.691) balanced_accuracy: (test=0.778) f1: (test=0.651) roc_auc: (test=0.910) 1.62min
[fit 87/150] END max_depth=86; total=4147, TP=111, TN=3916, FP=34, FN=86; precision=0.766, recall=0.563
accuracy: (test=0.971) average_precision: (test=0.680) balanced_accuracy: (test=0.777) f1: (test=0.649) roc_auc: (test=0.903) 1.61min
[fit 88/150] END max_depth=87; total=4147, TP=110, TN=3918, FP=32, FN=87; precision=0.775, recall=0.558
accuracy: (test=0.971) average_precision: (test=0.679) balanced_accuracy: (test=0.775) f1: (test=0.649) roc_auc: (test=0.907) 1.62min
[fit 89/150] END max_depth=88; total=4147, TP=109, TN=3921, FP=29, FN=88; precision=0.790, recall=0.553
accuracy: (test=0.972) average_precision: (test=0.680) balanced_accuracy: (test=0.773) f1: (test=0.651) roc_auc: (test=0.907) 1.62min
[fit 90/150] END max_depth=89; total=4147, TP=111, TN=3913, FP=37, FN=86; precision=0.750, recall=0.563
accuracy: (test=0.970) average_precision: (test=0.679) balanced_accuracy: (test=0.777) f1: (test=0.643) roc_auc: (test=0.908) 1.63min
[fit 91/150] END max_depth=90; total=4147, TP=111, TN=3916, FP=34, FN=86; precision=0.766, recall=0.563
accuracy: (test=0.971) average_precision: (test=0.674) balanced_accuracy: (test=0.777) f1: (test=0.649) roc_auc: (test=0.898) 1.65min
[fit 92/150] END max_depth=91; total=4147, TP=110, TN=3921, FP=29, FN=87; precision=0.791, recall=0.558
accuracy: (test=0.972) average_precision: (test=0.679) balanced_accuracy: (test=0.776) f1: (test=0.655) roc_auc: (test=0.908) 1.61min
[fit 93/150] END max_depth=92; total=4147, TP=110, TN=3919, FP=31, FN=87; precision=0.780, recall=0.558
accuracy: (test=0.972) average_precision: (test=0.676) balanced_accuracy: (test=0.775) f1: (test=0.651) roc_auc: (test=0.904) 1.63min
[fit 94/150] END max_depth=93; total=4147, TP=110, TN=3918, FP=32, FN=87; precision=0.775, recall=0.558
accuracy: (test=0.971) average_precision: (test=0.685) balanced_accuracy: (test=0.775) f1: (test=0.649) roc_auc: (test=0.910) 1.59min
[fit 95/150] END max_depth=94; total=4147, TP=108, TN=3915, FP=35, FN=89; precision=0.755, recall=0.548
accuracy: (test=0.970) average_precision: (test=0.680) balanced_accuracy: (test=0.770) f1: (test=0.635) roc_auc: (test=0.901) 1.63min
[fit 96/150] END max_depth=95; total=4147, TP=110, TN=3917, FP=33, FN=87; precision=0.769, recall=0.558
accuracy: (test=0.971) average_precision: (test=0.680) balanced_accuracy: (test=0.775) f1: (test=0.647) roc_auc: (test=0.905) 1.62min
[fit 97/150] END max_depth=96; total=4147, TP=113, TN=3914, FP=36, FN=84; precision=0.758, recall=0.574
accuracy: (test=0.971) average_precision: (test=0.681) balanced_accuracy: (test=0.782) f1: (test=0.653) roc_auc: (test=0.909) 1.59min
[fit 98/150] END max_depth=97; total=4147, TP=113, TN=3911, FP=39, FN=84; precision=0.743, recall=0.574
accuracy: (test=0.970) average_precision: (test=0.683) balanced_accuracy: (test=0.782) f1: (test=0.648) roc_auc: (test=0.909) 1.63min
[fit 99/150] END max_depth=98; total=4147, TP=111, TN=3918, FP=32, FN=86; precision=0.776, recall=0.563
accuracy: (test=0.972) average_precision: (test=0.680) balanced_accuracy: (test=0.778) f1: (test=0.653) roc_auc: (test=0.911) 1.66min
[fit 100/150] END max_depth=99; total=4147, TP=107, TN=3914, FP=36, FN=90; precision=0.748, recall=0.543
accuracy: (test=0.970) average_precision: (test=0.681) balanced_accuracy: (test=0.767) f1: (test=0.629) roc_auc: (test=0.909) 1.63min
[fit 101/150] END max_depth=100; total=4147, TP=104, TN=3915, FP=35, FN=93; precision=0.748, recall=0.528
accuracy: (test=0.969) average_precision: (test=0.680) balanced_accuracy: (test=0.760) f1: (test=0.619) roc_auc: (test=0.907) 1.65min
[fit 102/150] END max_depth=101; total=4147, TP=109, TN=3920, FP=30, FN=88; precision=0.784, recall=0.553
accuracy: (test=0.972) average_precision: (test=0.683) balanced_accuracy: (test=0.773) f1: (test=0.649) roc_auc: (test=0.905) 1.62min
[fit 103/150] END max_depth=102; total=4147, TP=112, TN=3917, FP=33, FN=85; precision=0.772, recall=0.569
accuracy: (test=0.972) average_precision: (test=0.687) balanced_accuracy: (test=0.780) f1: (test=0.655) roc_auc: (test=0.909) 1.63min
[fit 104/150] END max_depth=103; total=4147, TP=110, TN=3915, FP=35, FN=87; precision=0.759, recall=0.558
accuracy: (test=0.971) average_precision: (test=0.680) balanced_accuracy: (test=0.775) f1: (test=0.643) roc_auc: (test=0.911) 1.64min
[fit 105/150] END max_depth=104; total=4147, TP=110, TN=3917, FP=33, FN=87; precision=0.769, recall=0.558
accuracy: (test=0.971) average_precision: (test=0.678) balanced_accuracy: (test=0.775) f1: (test=0.647) roc_auc: (test=0.904) 1.66min
[fit 106/150] END max_depth=105; total=4147, TP=109, TN=3913, FP=37, FN=88; precision=0.747, recall=0.553
accuracy: (test=0.970) average_precision: (test=0.678) balanced_accuracy: (test=0.772) f1: (test=0.636) roc_auc: (test=0.908) 1.63min
[fit 107/150] END max_depth=106; total=4147, TP=109, TN=3919, FP=31, FN=88; precision=0.779, recall=0.553
accuracy: (test=0.971) average_precision: (test=0.676) balanced_accuracy: (test=0.773) f1: (test=0.647) roc_auc: (test=0.903) 1.65min
[fit 108/150] END max_depth=107; total=4147, TP=109, TN=3918, FP=32, FN=88; precision=0.773, recall=0.553
accuracy: (test=0.971) average_precision: (test=0.680) balanced_accuracy: (test=0.773) f1: (test=0.645) roc_auc: (test=0.907) 1.65min
[fit 109/150] END max_depth=108; total=4147, TP=109, TN=3915, FP=35, FN=88; precision=0.757, recall=0.553
accuracy: (test=0.970) average_precision: (test=0.673) balanced_accuracy: (test=0.772) f1: (test=0.639) roc_auc: (test=0.905) 1.66min
[fit 110/150] END max_depth=109; total=4147, TP=110, TN=3916, FP=34, FN=87; precision=0.764, recall=0.558
accuracy: (test=0.971) average_precision: (test=0.678) balanced_accuracy: (test=0.775) f1: (test=0.645) roc_auc: (test=0.901) 1.64min
[fit 111/150] END max_depth=110; total=4147, TP=107, TN=3915, FP=35, FN=90; precision=0.754, recall=0.543
accuracy: (test=0.970) average_precision: (test=0.678) balanced_accuracy: (test=0.767) f1: (test=0.631) roc_auc: (test=0.908) 1.66min
[fit 112/150] END max_depth=111; total=4147, TP=108, TN=3918, FP=32, FN=89; precision=0.771, recall=0.548
accuracy: (test=0.971) average_precision: (test=0.678) balanced_accuracy: (test=0.770) f1: (test=0.641) roc_auc: (test=0.905) 1.66min
[fit 113/150] END max_depth=112; total=4147, TP=110, TN=3916, FP=34, FN=87; precision=0.764, recall=0.558
accuracy: (test=0.971) average_precision: (test=0.678) balanced_accuracy: (test=0.775) f1: (test=0.645) roc_auc: (test=0.902) 1.62min
[fit 114/150] END max_depth=113; total=4147, TP=111, TN=3917, FP=33, FN=86; precision=0.771, recall=0.563
accuracy: (test=0.971) average_precision: (test=0.677) balanced_accuracy: (test=0.778) f1: (test=0.651) roc_auc: (test=0.905) 1.64min
[fit 115/150] END max_depth=114; total=4147, TP=110, TN=3916, FP=34, FN=87; precision=0.764, recall=0.558
accuracy: (test=0.971) average_precision: (test=0.686) balanced_accuracy: (test=0.775) f1: (test=0.645) roc_auc: (test=0.914) 1.62min
[fit 116/150] END max_depth=115; total=4147, TP=111, TN=3917, FP=33, FN=86; precision=0.771, recall=0.563
accuracy: (test=0.971) average_precision: (test=0.675) balanced_accuracy: (test=0.778) f1: (test=0.651) roc_auc: (test=0.906) 1.63min
[fit 117/150] END max_depth=116; total=4147, TP=110, TN=3919, FP=31, FN=87; precision=0.780, recall=0.558
accuracy: (test=0.972) average_precision: (test=0.674) balanced_accuracy: (test=0.775) f1: (test=0.651) roc_auc: (test=0.902) 1.62min
[fit 118/150] END max_depth=117; total=4147, TP=106, TN=3919, FP=31, FN=91; precision=0.774, recall=0.538
accuracy: (test=0.971) average_precision: (test=0.683) balanced_accuracy: (test=0.765) f1: (test=0.635) roc_auc: (test=0.907) 1.64min
[fit 119/150] END max_depth=118; total=4147, TP=112, TN=3915, FP=35, FN=85; precision=0.762, recall=0.569
accuracy: (test=0.971) average_precision: (test=0.685) balanced_accuracy: (test=0.780) f1: (test=0.651) roc_auc: (test=0.907) 1.66min
[fit 120/150] END max_depth=119; total=4147, TP=108, TN=3913, FP=37, FN=89; precision=0.745, recall=0.548
accuracy: (test=0.970) average_precision: (test=0.683) balanced_accuracy: (test=0.769) f1: (test=0.632) roc_auc: (test=0.907) 1.63min
[fit 121/150] END max_depth=120; total=4147, TP=109, TN=3914, FP=36, FN=88; precision=0.752, recall=0.553
accuracy: (test=0.970) average_precision: (test=0.681) balanced_accuracy: (test=0.772) f1: (test=0.637) roc_auc: (test=0.913) 1.63min
[fit 122/150] END max_depth=121; total=4147, TP=106, TN=3916, FP=34, FN=91; precision=0.757, recall=0.538
accuracy: (test=0.970) average_precision: (test=0.676) balanced_accuracy: (test=0.765) f1: (test=0.629) roc_auc: (test=0.908) 1.62min
[fit 123/150] END max_depth=122; total=4147, TP=109, TN=3916, FP=34, FN=88; precision=0.762, recall=0.553
accuracy: (test=0.971) average_precision: (test=0.686) balanced_accuracy: (test=0.772) f1: (test=0.641) roc_auc: (test=0.908) 1.61min
[fit 124/150] END max_depth=123; total=4147, TP=107, TN=3917, FP=33, FN=90; precision=0.764, recall=0.543
accuracy: (test=0.970) average_precision: (test=0.679) balanced_accuracy: (test=0.767) f1: (test=0.635) roc_auc: (test=0.907) 1.64min
[fit 125/150] END max_depth=124; total=4147, TP=110, TN=3917, FP=33, FN=87; precision=0.769, recall=0.558
accuracy: (test=0.971) average_precision: (test=0.679) balanced_accuracy: (test=0.775) f1: (test=0.647) roc_auc: (test=0.906) 1.62min
[fit 126/150] END max_depth=125; total=4147, TP=111, TN=3917, FP=33, FN=86; precision=0.771, recall=0.563
accuracy: (test=0.971) average_precision: (test=0.681) balanced_accuracy: (test=0.778) f1: (test=0.651) roc_auc: (test=0.906) 1.62min
[fit 127/150] END max_depth=126; total=4147, TP=112, TN=3918, FP=32, FN=85; precision=0.778, recall=0.569
accuracy: (test=0.972) average_precision: (test=0.681) balanced_accuracy: (test=0.780) f1: (test=0.657) roc_auc: (test=0.910) 1.64min
[fit 128/150] END max_depth=127; total=4147, TP=111, TN=3917, FP=33, FN=86; precision=0.771, recall=0.563
accuracy: (test=0.971) average_precision: (test=0.683) balanced_accuracy: (test=0.778) f1: (test=0.651) roc_auc: (test=0.914) 1.62min
[fit 129/150] END max_depth=128; total=4147, TP=106, TN=3917, FP=33, FN=91; precision=0.763, recall=0.538
accuracy: (test=0.970) average_precision: (test=0.672) balanced_accuracy: (test=0.765) f1: (test=0.631) roc_auc: (test=0.899) 1.61min
[fit 130/150] END max_depth=129; total=4147, TP=108, TN=3917, FP=33, FN=89; precision=0.766, recall=0.548
accuracy: (test=0.971) average_precision: (test=0.685) balanced_accuracy: (test=0.770) f1: (test=0.639) roc_auc: (test=0.910) 1.60min
[fit 131/150] END max_depth=130; total=4147, TP=108, TN=3916, FP=34, FN=89; precision=0.761, recall=0.548
accuracy: (test=0.970) average_precision: (test=0.676) balanced_accuracy: (test=0.770) f1: (test=0.637) roc_auc: (test=0.900) 1.62min
[fit 132/150] END max_depth=131; total=4147, TP=113, TN=3912, FP=38, FN=84; precision=0.748, recall=0.574
accuracy: (test=0.971) average_precision: (test=0.684) balanced_accuracy: (test=0.782) f1: (test=0.649) roc_auc: (test=0.903) 1.58min
[fit 133/150] END max_depth=132; total=4147, TP=109, TN=3921, FP=29, FN=88; precision=0.790, recall=0.553
accuracy: (test=0.972) average_precision: (test=0.683) balanced_accuracy: (test=0.773) f1: (test=0.651) roc_auc: (test=0.902) 1.59min
[fit 134/150] END max_depth=133; total=4147, TP=107, TN=3915, FP=35, FN=90; precision=0.754, recall=0.543
accuracy: (test=0.970) average_precision: (test=0.680) balanced_accuracy: (test=0.767) f1: (test=0.631) roc_auc: (test=0.905) 1.60min
[fit 135/150] END max_depth=134; total=4147, TP=111, TN=3918, FP=32, FN=86; precision=0.776, recall=0.563
accuracy: (test=0.972) average_precision: (test=0.680) balanced_accuracy: (test=0.778) f1: (test=0.653) roc_auc: (test=0.911) 1.60min
[fit 136/150] END max_depth=135; total=4147, TP=112, TN=3921, FP=29, FN=85; precision=0.794, recall=0.569
accuracy: (test=0.973) average_precision: (test=0.679) balanced_accuracy: (test=0.781) f1: (test=0.663) roc_auc: (test=0.900) 1.56min
[fit 137/150] END max_depth=136; total=4147, TP=110, TN=3918, FP=32, FN=87; precision=0.775, recall=0.558
accuracy: (test=0.971) average_precision: (test=0.681) balanced_accuracy: (test=0.775) f1: (test=0.649) roc_auc: (test=0.903) 1.62min
[fit 138/150] END max_depth=137; total=4147, TP=108, TN=3918, FP=32, FN=89; precision=0.771, recall=0.548
accuracy: (test=0.971) average_precision: (test=0.681) balanced_accuracy: (test=0.770) f1: (test=0.641) roc_auc: (test=0.909) 1.59min
[fit 139/150] END max_depth=138; total=4147, TP=108, TN=3914, FP=36, FN=89; precision=0.750, recall=0.548
accuracy: (test=0.970) average_precision: (test=0.675) balanced_accuracy: (test=0.770) f1: (test=0.633) roc_auc: (test=0.905) 1.58min
[fit 140/150] END max_depth=139; total=4147, TP=110, TN=3916, FP=34, FN=87; precision=0.764, recall=0.558
accuracy: (test=0.971) average_precision: (test=0.677) balanced_accuracy: (test=0.775) f1: (test=0.645) roc_auc: (test=0.899) 1.57min
[fit 141/150] END max_depth=140; total=4147, TP=112, TN=3916, FP=34, FN=85; precision=0.767, recall=0.569
accuracy: (test=0.971) average_precision: (test=0.679) balanced_accuracy: (test=0.780) f1: (test=0.653) roc_auc: (test=0.905) 1.63min
[fit 142/150] END max_depth=141; total=4147, TP=108, TN=3916, FP=34, FN=89; precision=0.761, recall=0.548
accuracy: (test=0.970) average_precision: (test=0.682) balanced_accuracy: (test=0.770) f1: (test=0.637) roc_auc: (test=0.913) 1.62min
[fit 143/150] END max_depth=142; total=4147, TP=108, TN=3915, FP=35, FN=89; precision=0.755, recall=0.548
accuracy: (test=0.970) average_precision: (test=0.680) balanced_accuracy: (test=0.770) f1: (test=0.635) roc_auc: (test=0.904) 1.62min
[fit 144/150] END max_depth=143; total=4147, TP=109, TN=3917, FP=33, FN=88; precision=0.768, recall=0.553
accuracy: (test=0.971) average_precision: (test=0.679) balanced_accuracy: (test=0.772) f1: (test=0.643) roc_auc: (test=0.915) 1.59min
[fit 145/150] END max_depth=144; total=4147, TP=109, TN=3915, FP=35, FN=88; precision=0.757, recall=0.553
accuracy: (test=0.970) average_precision: (test=0.682) balanced_accuracy: (test=0.772) f1: (test=0.639) roc_auc: (test=0.907) 1.63min
[fit 146/150] END max_depth=145; total=4147, TP=109, TN=3916, FP=34, FN=88; precision=0.762, recall=0.553
accuracy: (test=0.971) average_precision: (test=0.677) balanced_accuracy: (test=0.772) f1: (test=0.641) roc_auc: (test=0.903) 1.63min
[fit 147/150] END max_depth=146; total=4147, TP=111, TN=3918, FP=32, FN=86; precision=0.776, recall=0.563
accuracy: (test=0.972) average_precision: (test=0.682) balanced_accuracy: (test=0.778) f1: (test=0.653) roc_auc: (test=0.911) 1.66min
[fit 148/150] END max_depth=147; total=4147, TP=110, TN=3919, FP=31, FN=87; precision=0.780, recall=0.558
accuracy: (test=0.972) average_precision: (test=0.673) balanced_accuracy: (test=0.775) f1: (test=0.651) roc_auc: (test=0.904) 1.61min
[fit 149/150] END max_depth=148; total=4147, TP=109, TN=3916, FP=34, FN=88; precision=0.762, recall=0.553
accuracy: (test=0.971) average_precision: (test=0.681) balanced_accuracy: (test=0.772) f1: (test=0.641) roc_auc: (test=0.904) 1.59min
[fit 150/150] END max_depth=149; total=4147, TP=109, TN=3918, FP=32, FN=88; precision=0.773, recall=0.553
accuracy: (test=0.971) average_precision: (test=0.684) balanced_accuracy: (test=0.773) f1: (test=0.645) roc_auc: (test=0.908) 1.45min
clf.best_estimator_params: {'max_depth': 143}
best params found in line [145] for metric [roc_auc] in rank file
best params found in fit [144] for metric [roc_auc] in run_and_score file
clf.best_scoring_result: [Total: (test=4147) TP: (test=109.000) TN: (test=3917.000) FP: (test=33.000) FN: (test=88.000) precision: (test=0.768) recall: (test=0.553) accuracy: (test=0.971) average_precision: (test=0.679) balanced_accuracy: (test=0.772) f1: (test=0.643) roc_auc: (test=0.915) ]
write rank test to csv!!!
../../ex/epivan/base/tpcp_rf_base/rank/K562_tpcp_rf_base_rank_2_3070.csv write over!!!
第三次
{'bootstrap': True, 'ccp_alpha': 0.0, 'class_weight': None, 'criterion': 'gini', 'max_depth': 143, 'max_features': 'auto', 'max_leaf_nodes': None, 'max_samples': None, 'min_impurity_decrease': 0.0, 'min_impurity_split': None, 'min_samples_leaf': 1, 'min_samples_split': 2, 'min_weight_fraction_leaf': 0.0, 'n_estimators': 280, 'n_jobs': 5, 'oob_score': False, 'random_state': None, 'verbose': 0, 'warm_start': False}
Fitting, totalling 90 fits
[fit 1/90] END min_samples_leaf=1, min_samples_split=2; total=4147, TP=111, TN=3916, FP=34, FN=86; precision=0.766, recall=0.563
accuracy: (test=0.971) average_precision: (test=0.677) balanced_accuracy: (test=0.777) f1: (test=0.649) roc_auc: (test=0.903) 1.26min
[fit 2/90] END min_samples_leaf=1, min_samples_split=3; total=4147, TP=110, TN=3913, FP=37, FN=87; precision=0.748, recall=0.558
accuracy: (test=0.970) average_precision: (test=0.679) balanced_accuracy: (test=0.775) f1: (test=0.640) roc_auc: (test=0.908) 1.26min
[fit 3/90] END min_samples_leaf=1, min_samples_split=4; total=4147, TP=109, TN=3915, FP=35, FN=88; precision=0.757, recall=0.553
accuracy: (test=0.970) average_precision: (test=0.676) balanced_accuracy: (test=0.772) f1: (test=0.639) roc_auc: (test=0.907) 1.26min
[fit 4/90] END min_samples_leaf=1, min_samples_split=5; total=4147, TP=110, TN=3915, FP=35, FN=87; precision=0.759, recall=0.558
accuracy: (test=0.971) average_precision: (test=0.675) balanced_accuracy: (test=0.775) f1: (test=0.643) roc_auc: (test=0.906) 1.26min
[fit 5/90] END min_samples_leaf=1, min_samples_split=6; total=4147, TP=111, TN=3921, FP=29, FN=86; precision=0.793, recall=0.563
accuracy: (test=0.972) average_precision: (test=0.678) balanced_accuracy: (test=0.778) f1: (test=0.659) roc_auc: (test=0.904) 1.25min
[fit 6/90] END min_samples_leaf=1, min_samples_split=7; total=4147, TP=108, TN=3918, FP=32, FN=89; precision=0.771, recall=0.548
accuracy: (test=0.971) average_precision: (test=0.681) balanced_accuracy: (test=0.770) f1: (test=0.641) roc_auc: (test=0.903) 1.25min
[fit 7/90] END min_samples_leaf=1, min_samples_split=8; total=4147, TP=108, TN=3916, FP=34, FN=89; precision=0.761, recall=0.548
accuracy: (test=0.970) average_precision: (test=0.677) balanced_accuracy: (test=0.770) f1: (test=0.637) roc_auc: (test=0.907) 1.25min
[fit 8/90] END min_samples_leaf=1, min_samples_split=9; total=4147, TP=108, TN=3916, FP=34, FN=89; precision=0.761, recall=0.548
accuracy: (test=0.970) average_precision: (test=0.677) balanced_accuracy: (test=0.770) f1: (test=0.637) roc_auc: (test=0.909) 1.26min
[fit 9/90] END min_samples_leaf=1, min_samples_split=10; total=4147, TP=110, TN=3911, FP=39, FN=87; precision=0.738, recall=0.558
accuracy: (test=0.970) average_precision: (test=0.676) balanced_accuracy: (test=0.774) f1: (test=0.636) roc_auc: (test=0.912) 1.24min
[fit 10/90] END min_samples_leaf=2, min_samples_split=2; total=4147, TP=109, TN=3914, FP=36, FN=88; precision=0.752, recall=0.553
accuracy: (test=0.970) average_precision: (test=0.678) balanced_accuracy: (test=0.772) f1: (test=0.637) roc_auc: (test=0.907) 1.22min
[fit 11/90] END min_samples_leaf=2, min_samples_split=3; total=4147, TP=111, TN=3912, FP=38, FN=86; precision=0.745, recall=0.563
accuracy: (test=0.970) average_precision: (test=0.673) balanced_accuracy: (test=0.777) f1: (test=0.642) roc_auc: (test=0.905) 1.21min
[fit 12/90] END min_samples_leaf=2, min_samples_split=4; total=4147, TP=111, TN=3919, FP=31, FN=86; precision=0.782, recall=0.563
accuracy: (test=0.972) average_precision: (test=0.684) balanced_accuracy: (test=0.778) f1: (test=0.655) roc_auc: (test=0.910) 1.21min
[fit 13/90] END min_samples_leaf=2, min_samples_split=5; total=4147, TP=109, TN=3914, FP=36, FN=88; precision=0.752, recall=0.553
accuracy: (test=0.970) average_precision: (test=0.673) balanced_accuracy: (test=0.772) f1: (test=0.637) roc_auc: (test=0.910) 1.22min
[fit 14/90] END min_samples_leaf=2, min_samples_split=6; total=4147, TP=110, TN=3913, FP=37, FN=87; precision=0.748, recall=0.558
accuracy: (test=0.970) average_precision: (test=0.671) balanced_accuracy: (test=0.775) f1: (test=0.640) roc_auc: (test=0.900) 1.23min
[fit 15/90] END min_samples_leaf=2, min_samples_split=7; total=4147, TP=108, TN=3912, FP=38, FN=89; precision=0.740, recall=0.548
accuracy: (test=0.969) average_precision: (test=0.675) balanced_accuracy: (test=0.769) f1: (test=0.630) roc_auc: (test=0.911) 1.21min
[fit 16/90] END min_samples_leaf=2, min_samples_split=8; total=4147, TP=105, TN=3921, FP=29, FN=92; precision=0.784, recall=0.533
accuracy: (test=0.971) average_precision: (test=0.676) balanced_accuracy: (test=0.763) f1: (test=0.634) roc_auc: (test=0.908) 1.21min
[fit 17/90] END min_samples_leaf=2, min_samples_split=9; total=4147, TP=108, TN=3911, FP=39, FN=89; precision=0.735, recall=0.548
accuracy: (test=0.969) average_precision: (test=0.672) balanced_accuracy: (test=0.769) f1: (test=0.628) roc_auc: (test=0.909) 1.22min
[fit 18/90] END min_samples_leaf=2, min_samples_split=10; total=4147, TP=110, TN=3911, FP=39, FN=87; precision=0.738, recall=0.558
accuracy: (test=0.970) average_precision: (test=0.667) balanced_accuracy: (test=0.774) f1: (test=0.636) roc_auc: (test=0.909) 1.22min
[fit 19/90] END min_samples_leaf=3, min_samples_split=2; total=4147, TP=111, TN=3916, FP=34, FN=86; precision=0.766, recall=0.563
accuracy: (test=0.971) average_precision: (test=0.674) balanced_accuracy: (test=0.777) f1: (test=0.649) roc_auc: (test=0.910) 1.20min
[fit 20/90] END min_samples_leaf=3, min_samples_split=3; total=4147, TP=108, TN=3910, FP=40, FN=89; precision=0.730, recall=0.548
accuracy: (test=0.969) average_precision: (test=0.670) balanced_accuracy: (test=0.769) f1: (test=0.626) roc_auc: (test=0.907) 1.20min
[fit 21/90] END min_samples_leaf=3, min_samples_split=4; total=4147, TP=110, TN=3914, FP=36, FN=87; precision=0.753, recall=0.558
accuracy: (test=0.970) average_precision: (test=0.674) balanced_accuracy: (test=0.775) f1: (test=0.641) roc_auc: (test=0.908) 1.21min
[fit 22/90] END min_samples_leaf=3, min_samples_split=5; total=4147, TP=109, TN=3912, FP=38, FN=88; precision=0.741, recall=0.553
accuracy: (test=0.970) average_precision: (test=0.669) balanced_accuracy: (test=0.772) f1: (test=0.634) roc_auc: (test=0.908) 1.19min
[fit 23/90] END min_samples_leaf=3, min_samples_split=6; total=4147, TP=109, TN=3915, FP=35, FN=88; precision=0.757, recall=0.553
accuracy: (test=0.970) average_precision: (test=0.669) balanced_accuracy: (test=0.772) f1: (test=0.639) roc_auc: (test=0.905) 1.20min
[fit 24/90] END min_samples_leaf=3, min_samples_split=7; total=4147, TP=109, TN=3913, FP=37, FN=88; precision=0.747, recall=0.553
accuracy: (test=0.970) average_precision: (test=0.672) balanced_accuracy: (test=0.772) f1: (test=0.636) roc_auc: (test=0.909) 1.20min
[fit 25/90] END min_samples_leaf=3, min_samples_split=8; total=4147, TP=110, TN=3918, FP=32, FN=87; precision=0.775, recall=0.558
accuracy: (test=0.971) average_precision: (test=0.669) balanced_accuracy: (test=0.775) f1: (test=0.649) roc_auc: (test=0.907) 1.19min
[fit 26/90] END min_samples_leaf=3, min_samples_split=9; total=4147, TP=108, TN=3909, FP=41, FN=89; precision=0.725, recall=0.548
accuracy: (test=0.969) average_precision: (test=0.666) balanced_accuracy: (test=0.769) f1: (test=0.624) roc_auc: (test=0.908) 1.19min
[fit 27/90] END min_samples_leaf=3, min_samples_split=10; total=4147, TP=110, TN=3906, FP=44, FN=87; precision=0.714, recall=0.558
accuracy: (test=0.968) average_precision: (test=0.658) balanced_accuracy: (test=0.774) f1: (test=0.627) roc_auc: (test=0.904) 1.19min
[fit 28/90] END min_samples_leaf=4, min_samples_split=2; total=4147, TP=113, TN=3914, FP=36, FN=84; precision=0.758, recall=0.574
accuracy: (test=0.971) average_precision: (test=0.658) balanced_accuracy: (test=0.782) f1: (test=0.653) roc_auc: (test=0.907) 1.17min
[fit 29/90] END min_samples_leaf=4, min_samples_split=3; total=4147, TP=112, TN=3909, FP=41, FN=85; precision=0.732, recall=0.569
accuracy: (test=0.970) average_precision: (test=0.665) balanced_accuracy: (test=0.779) f1: (test=0.640) roc_auc: (test=0.906) 1.17min
[fit 30/90] END min_samples_leaf=4, min_samples_split=4; total=4147, TP=108, TN=3912, FP=38, FN=89; precision=0.740, recall=0.548
accuracy: (test=0.969) average_precision: (test=0.663) balanced_accuracy: (test=0.769) f1: (test=0.630) roc_auc: (test=0.903) 1.17min
[fit 31/90] END min_samples_leaf=4, min_samples_split=5; total=4147, TP=107, TN=3913, FP=37, FN=90; precision=0.743, recall=0.543
accuracy: (test=0.969) average_precision: (test=0.665) balanced_accuracy: (test=0.767) f1: (test=0.628) roc_auc: (test=0.903) 1.17min
[fit 32/90] END min_samples_leaf=4, min_samples_split=6; total=4147, TP=109, TN=3909, FP=41, FN=88; precision=0.727, recall=0.553
accuracy: (test=0.969) average_precision: (test=0.660) balanced_accuracy: (test=0.771) f1: (test=0.628) roc_auc: (test=0.903) 1.16min
[fit 33/90] END min_samples_leaf=4, min_samples_split=7; total=4147, TP=113, TN=3913, FP=37, FN=84; precision=0.753, recall=0.574
accuracy: (test=0.971) average_precision: (test=0.666) balanced_accuracy: (test=0.782) f1: (test=0.651) roc_auc: (test=0.905) 1.17min
[fit 34/90] END min_samples_leaf=4, min_samples_split=8; total=4147, TP=109, TN=3908, FP=42, FN=88; precision=0.722, recall=0.553
accuracy: (test=0.969) average_precision: (test=0.662) balanced_accuracy: (test=0.771) f1: (test=0.626) roc_auc: (test=0.904) 1.17min
[fit 35/90] END min_samples_leaf=4, min_samples_split=9; total=4147, TP=108, TN=3906, FP=44, FN=89; precision=0.711, recall=0.548
accuracy: (test=0.968) average_precision: (test=0.665) balanced_accuracy: (test=0.769) f1: (test=0.619) roc_auc: (test=0.905) 1.18min
[fit 36/90] END min_samples_leaf=4, min_samples_split=10; total=4147, TP=109, TN=3906, FP=44, FN=88; precision=0.712, recall=0.553
accuracy: (test=0.968) average_precision: (test=0.664) balanced_accuracy: (test=0.771) f1: (test=0.623) roc_auc: (test=0.904) 1.18min
[fit 37/90] END min_samples_leaf=5, min_samples_split=2; total=4147, TP=111, TN=3907, FP=43, FN=86; precision=0.721, recall=0.563
accuracy: (test=0.969) average_precision: (test=0.661) balanced_accuracy: (test=0.776) f1: (test=0.632) roc_auc: (test=0.912) 1.15min
[fit 38/90] END min_samples_leaf=5, min_samples_split=3; total=4147, TP=112, TN=3908, FP=42, FN=85; precision=0.727, recall=0.569
accuracy: (test=0.969) average_precision: (test=0.666) balanced_accuracy: (test=0.779) f1: (test=0.638) roc_auc: (test=0.911) 1.15min
[fit 39/90] END min_samples_leaf=5, min_samples_split=4; total=4147, TP=106, TN=3909, FP=41, FN=91; precision=0.721, recall=0.538
accuracy: (test=0.968) average_precision: (test=0.663) balanced_accuracy: (test=0.764) f1: (test=0.616) roc_auc: (test=0.905) 1.14min
[fit 40/90] END min_samples_leaf=5, min_samples_split=5; total=4147, TP=111, TN=3909, FP=41, FN=86; precision=0.730, recall=0.563
accuracy: (test=0.969) average_precision: (test=0.658) balanced_accuracy: (test=0.777) f1: (test=0.636) roc_auc: (test=0.901) 1.16min
[fit 41/90] END min_samples_leaf=5, min_samples_split=6; total=4147, TP=107, TN=3908, FP=42, FN=90; precision=0.718, recall=0.543
accuracy: (test=0.968) average_precision: (test=0.660) balanced_accuracy: (test=0.766) f1: (test=0.618) roc_auc: (test=0.907) 1.16min
[fit 42/90] END min_samples_leaf=5, min_samples_split=7; total=4147, TP=109, TN=3910, FP=40, FN=88; precision=0.732, recall=0.553
accuracy: (test=0.969) average_precision: (test=0.661) balanced_accuracy: (test=0.772) f1: (test=0.630) roc_auc: (test=0.901) 1.15min
[fit 43/90] END min_samples_leaf=5, min_samples_split=8; total=4147, TP=107, TN=3907, FP=43, FN=90; precision=0.713, recall=0.543
accuracy: (test=0.968) average_precision: (test=0.663) balanced_accuracy: (test=0.766) f1: (test=0.617) roc_auc: (test=0.904) 1.16min
[fit 44/90] END min_samples_leaf=5, min_samples_split=9; total=4147, TP=112, TN=3908, FP=42, FN=85; precision=0.727, recall=0.569
accuracy: (test=0.969) average_precision: (test=0.658) balanced_accuracy: (test=0.779) f1: (test=0.638) roc_auc: (test=0.902) 1.15min
[fit 45/90] END min_samples_leaf=5, min_samples_split=10; total=4147, TP=110, TN=3907, FP=43, FN=87; precision=0.719, recall=0.558
accuracy: (test=0.969) average_precision: (test=0.657) balanced_accuracy: (test=0.774) f1: (test=0.629) roc_auc: (test=0.902) 1.16min
[fit 46/90] END min_samples_leaf=6, min_samples_split=2; total=4147, TP=110, TN=3904, FP=46, FN=87; precision=0.705, recall=0.558
accuracy: (test=0.968) average_precision: (test=0.661) balanced_accuracy: (test=0.773) f1: (test=0.623) roc_auc: (test=0.904) 1.15min
[fit 47/90] END min_samples_leaf=6, min_samples_split=3; total=4147, TP=113, TN=3908, FP=42, FN=84; precision=0.729, recall=0.574
accuracy: (test=0.970) average_precision: (test=0.661) balanced_accuracy: (test=0.781) f1: (test=0.642) roc_auc: (test=0.906) 1.14min
[fit 48/90] END min_samples_leaf=6, min_samples_split=4; total=4147, TP=110, TN=3909, FP=41, FN=87; precision=0.728, recall=0.558
accuracy: (test=0.969) average_precision: (test=0.655) balanced_accuracy: (test=0.774) f1: (test=0.632) roc_auc: (test=0.908) 1.13min
[fit 49/90] END min_samples_leaf=6, min_samples_split=5; total=4147, TP=113, TN=3912, FP=38, FN=84; precision=0.748, recall=0.574
accuracy: (test=0.971) average_precision: (test=0.659) balanced_accuracy: (test=0.782) f1: (test=0.649) roc_auc: (test=0.908) 1.13min
[fit 50/90] END min_samples_leaf=6, min_samples_split=6; total=4147, TP=113, TN=3905, FP=45, FN=84; precision=0.715, recall=0.574
accuracy: (test=0.969) average_precision: (test=0.655) balanced_accuracy: (test=0.781) f1: (test=0.637) roc_auc: (test=0.902) 1.15min
[fit 51/90] END min_samples_leaf=6, min_samples_split=7; total=4147, TP=111, TN=3902, FP=48, FN=86; precision=0.698, recall=0.563
accuracy: (test=0.968) average_precision: (test=0.656) balanced_accuracy: (test=0.776) f1: (test=0.624) roc_auc: (test=0.905) 1.14min
[fit 52/90] END min_samples_leaf=6, min_samples_split=8; total=4147, TP=110, TN=3906, FP=44, FN=87; precision=0.714, recall=0.558
accuracy: (test=0.968) average_precision: (test=0.655) balanced_accuracy: (test=0.774) f1: (test=0.627) roc_auc: (test=0.906) 1.15min
[fit 53/90] END min_samples_leaf=6, min_samples_split=9; total=4147, TP=109, TN=3905, FP=45, FN=88; precision=0.708, recall=0.553
accuracy: (test=0.968) average_precision: (test=0.650) balanced_accuracy: (test=0.771) f1: (test=0.621) roc_auc: (test=0.904) 1.14min
[fit 54/90] END min_samples_leaf=6, min_samples_split=10; total=4147, TP=109, TN=3906, FP=44, FN=88; precision=0.712, recall=0.553
accuracy: (test=0.968) average_precision: (test=0.653) balanced_accuracy: (test=0.771) f1: (test=0.623) roc_auc: (test=0.904) 1.15min
[fit 55/90] END min_samples_leaf=7, min_samples_split=2; total=4147, TP=111, TN=3904, FP=46, FN=86; precision=0.707, recall=0.563
accuracy: (test=0.968) average_precision: (test=0.656) balanced_accuracy: (test=0.776) f1: (test=0.627) roc_auc: (test=0.905) 1.13min
[fit 56/90] END min_samples_leaf=7, min_samples_split=3; total=4147, TP=112, TN=3906, FP=44, FN=85; precision=0.718, recall=0.569
accuracy: (test=0.969) average_precision: (test=0.647) balanced_accuracy: (test=0.779) f1: (test=0.635) roc_auc: (test=0.902) 1.12min
[fit 57/90] END min_samples_leaf=7, min_samples_split=4; total=4147, TP=108, TN=3905, FP=45, FN=89; precision=0.706, recall=0.548
accuracy: (test=0.968) average_precision: (test=0.650) balanced_accuracy: (test=0.768) f1: (test=0.617) roc_auc: (test=0.904) 1.12min
[fit 58/90] END min_samples_leaf=7, min_samples_split=5; total=4147, TP=111, TN=3902, FP=48, FN=86; precision=0.698, recall=0.563
accuracy: (test=0.968) average_precision: (test=0.649) balanced_accuracy: (test=0.776) f1: (test=0.624) roc_auc: (test=0.903) 1.12min
[fit 59/90] END min_samples_leaf=7, min_samples_split=6; total=4147, TP=109, TN=3907, FP=43, FN=88; precision=0.717, recall=0.553
accuracy: (test=0.968) average_precision: (test=0.646) balanced_accuracy: (test=0.771) f1: (test=0.625) roc_auc: (test=0.904) 1.12min
[fit 60/90] END min_samples_leaf=7, min_samples_split=7; total=4147, TP=105, TN=3908, FP=42, FN=92; precision=0.714, recall=0.533
accuracy: (test=0.968) average_precision: (test=0.650) balanced_accuracy: (test=0.761) f1: (test=0.610) roc_auc: (test=0.904) 1.11min
[fit 61/90] END min_samples_leaf=7, min_samples_split=8; total=4147, TP=109, TN=3905, FP=45, FN=88; precision=0.708, recall=0.553
accuracy: (test=0.968) average_precision: (test=0.649) balanced_accuracy: (test=0.771) f1: (test=0.621) roc_auc: (test=0.906) 1.12min
[fit 62/90] END min_samples_leaf=7, min_samples_split=9; total=4147, TP=112, TN=3905, FP=45, FN=85; precision=0.713, recall=0.569
accuracy: (test=0.969) average_precision: (test=0.654) balanced_accuracy: (test=0.779) f1: (test=0.633) roc_auc: (test=0.907) 1.12min
[fit 63/90] END min_samples_leaf=7, min_samples_split=10; total=4147, TP=110, TN=3900, FP=50, FN=87; precision=0.688, recall=0.558
accuracy: (test=0.967) average_precision: (test=0.652) balanced_accuracy: (test=0.773) f1: (test=0.616) roc_auc: (test=0.907) 1.10min
[fit 64/90] END min_samples_leaf=8, min_samples_split=2; total=4147, TP=114, TN=3896, FP=54, FN=83; precision=0.679, recall=0.579
accuracy: (test=0.967) average_precision: (test=0.642) balanced_accuracy: (test=0.783) f1: (test=0.625) roc_auc: (test=0.904) 1.10min
[fit 65/90] END min_samples_leaf=8, min_samples_split=3; total=4147, TP=110, TN=3908, FP=42, FN=87; precision=0.724, recall=0.558
accuracy: (test=0.969) average_precision: (test=0.653) balanced_accuracy: (test=0.774) f1: (test=0.630) roc_auc: (test=0.905) 1.11min
[fit 66/90] END min_samples_leaf=8, min_samples_split=4; total=4147, TP=112, TN=3903, FP=47, FN=85; precision=0.704, recall=0.569
accuracy: (test=0.968) average_precision: (test=0.652) balanced_accuracy: (test=0.778) f1: (test=0.629) roc_auc: (test=0.902) 1.11min
[fit 67/90] END min_samples_leaf=8, min_samples_split=5; total=4147, TP=106, TN=3897, FP=53, FN=91; precision=0.667, recall=0.538
accuracy: (test=0.965) average_precision: (test=0.647) balanced_accuracy: (test=0.762) f1: (test=0.596) roc_auc: (test=0.903) 1.10min
[fit 68/90] END min_samples_leaf=8, min_samples_split=6; total=4147, TP=110, TN=3905, FP=45, FN=87; precision=0.710, recall=0.558
accuracy: (test=0.968) average_precision: (test=0.643) balanced_accuracy: (test=0.773) f1: (test=0.625) roc_auc: (test=0.903) 1.10min
[fit 69/90] END min_samples_leaf=8, min_samples_split=7; total=4147, TP=112, TN=3905, FP=45, FN=85; precision=0.713, recall=0.569
accuracy: (test=0.969) average_precision: (test=0.646) balanced_accuracy: (test=0.779) f1: (test=0.633) roc_auc: (test=0.906) 1.11min
[fit 70/90] END min_samples_leaf=8, min_samples_split=8; total=4147, TP=114, TN=3899, FP=51, FN=83; precision=0.691, recall=0.579
accuracy: (test=0.968) average_precision: (test=0.648) balanced_accuracy: (test=0.783) f1: (test=0.630) roc_auc: (test=0.905) 1.10min
[fit 71/90] END min_samples_leaf=8, min_samples_split=9; total=4147, TP=112, TN=3896, FP=54, FN=85; precision=0.675, recall=0.569
accuracy: (test=0.966) average_precision: (test=0.648) balanced_accuracy: (test=0.777) f1: (test=0.617) roc_auc: (test=0.908) 1.10min
[fit 72/90] END min_samples_leaf=8, min_samples_split=10; total=4147, TP=108, TN=3903, FP=47, FN=89; precision=0.697, recall=0.548
accuracy: (test=0.967) average_precision: (test=0.640) balanced_accuracy: (test=0.768) f1: (test=0.614) roc_auc: (test=0.905) 1.10min
[fit 73/90] END min_samples_leaf=9, min_samples_split=2; total=4147, TP=111, TN=3894, FP=56, FN=86; precision=0.665, recall=0.563
accuracy: (test=0.966) average_precision: (test=0.643) balanced_accuracy: (test=0.775) f1: (test=0.610) roc_auc: (test=0.909) 1.09min
[fit 74/90] END min_samples_leaf=9, min_samples_split=3; total=4147, TP=113, TN=3899, FP=51, FN=84; precision=0.689, recall=0.574
accuracy: (test=0.967) average_precision: (test=0.635) balanced_accuracy: (test=0.780) f1: (test=0.626) roc_auc: (test=0.905) 1.10min
[fit 75/90] END min_samples_leaf=9, min_samples_split=4; total=4147, TP=112, TN=3900, FP=50, FN=85; precision=0.691, recall=0.569
accuracy: (test=0.967) average_precision: (test=0.644) balanced_accuracy: (test=0.778) f1: (test=0.624) roc_auc: (test=0.907) 1.09min
[fit 76/90] END min_samples_leaf=9, min_samples_split=5; total=4147, TP=108, TN=3897, FP=53, FN=89; precision=0.671, recall=0.548
accuracy: (test=0.966) average_precision: (test=0.642) balanced_accuracy: (test=0.767) f1: (test=0.603) roc_auc: (test=0.902) 1.10min
[fit 77/90] END min_samples_leaf=9, min_samples_split=6; total=4147, TP=109, TN=3898, FP=52, FN=88; precision=0.677, recall=0.553
accuracy: (test=0.966) average_precision: (test=0.639) balanced_accuracy: (test=0.770) f1: (test=0.609) roc_auc: (test=0.900) 1.09min
[fit 78/90] END min_samples_leaf=9, min_samples_split=7; total=4147, TP=110, TN=3897, FP=53, FN=87; precision=0.675, recall=0.558
accuracy: (test=0.966) average_precision: (test=0.641) balanced_accuracy: (test=0.772) f1: (test=0.611) roc_auc: (test=0.904) 1.09min
[fit 79/90] END min_samples_leaf=9, min_samples_split=8; total=4147, TP=109, TN=3899, FP=51, FN=88; precision=0.681, recall=0.553
accuracy: (test=0.966) average_precision: (test=0.641) balanced_accuracy: (test=0.770) f1: (test=0.611) roc_auc: (test=0.903) 1.10min
[fit 80/90] END min_samples_leaf=9, min_samples_split=9; total=4147, TP=111, TN=3897, FP=53, FN=86; precision=0.677, recall=0.563
accuracy: (test=0.966) average_precision: (test=0.638) balanced_accuracy: (test=0.775) f1: (test=0.615) roc_auc: (test=0.902) 1.09min
[fit 81/90] END min_samples_leaf=9, min_samples_split=10; total=4147, TP=112, TN=3904, FP=46, FN=85; precision=0.709, recall=0.569
accuracy: (test=0.968) average_precision: (test=0.644) balanced_accuracy: (test=0.778) f1: (test=0.631) roc_auc: (test=0.905) 1.10min
[fit 82/90] END min_samples_leaf=10, min_samples_split=2; total=4147, TP=112, TN=3899, FP=51, FN=85; precision=0.687, recall=0.569
accuracy: (test=0.967) average_precision: (test=0.637) balanced_accuracy: (test=0.778) f1: (test=0.622) roc_auc: (test=0.900) 1.09min
[fit 83/90] END min_samples_leaf=10, min_samples_split=3; total=4147, TP=111, TN=3898, FP=52, FN=86; precision=0.681, recall=0.563
accuracy: (test=0.967) average_precision: (test=0.639) balanced_accuracy: (test=0.775) f1: (test=0.617) roc_auc: (test=0.901) 1.08min
[fit 84/90] END min_samples_leaf=10, min_samples_split=4; total=4147, TP=108, TN=3900, FP=50, FN=89; precision=0.684, recall=0.548
accuracy: (test=0.966) average_precision: (test=0.636) balanced_accuracy: (test=0.768) f1: (test=0.608) roc_auc: (test=0.904) 1.09min
[fit 85/90] END min_samples_leaf=10, min_samples_split=5; total=4147, TP=111, TN=3895, FP=55, FN=86; precision=0.669, recall=0.563
accuracy: (test=0.966) average_precision: (test=0.634) balanced_accuracy: (test=0.775) f1: (test=0.612) roc_auc: (test=0.901) 1.08min
[fit 86/90] END min_samples_leaf=10, min_samples_split=6; total=4147, TP=112, TN=3894, FP=56, FN=85; precision=0.667, recall=0.569
accuracy: (test=0.966) average_precision: (test=0.641) balanced_accuracy: (test=0.777) f1: (test=0.614) roc_auc: (test=0.908) 1.08min
[fit 87/90] END min_samples_leaf=10, min_samples_split=7; total=4147, TP=115, TN=3900, FP=50, FN=82; precision=0.697, recall=0.584
accuracy: (test=0.968) average_precision: (test=0.636) balanced_accuracy: (test=0.786) f1: (test=0.635) roc_auc: (test=0.901) 1.08min
[fit 88/90] END min_samples_leaf=10, min_samples_split=8; total=4147, TP=112, TN=3899, FP=51, FN=85; precision=0.687, recall=0.569
accuracy: (test=0.967) average_precision: (test=0.645) balanced_accuracy: (test=0.778) f1: (test=0.622) roc_auc: (test=0.907) 1.08min
[fit 89/90] END min_samples_leaf=10, min_samples_split=9; total=4147, TP=107, TN=3890, FP=60, FN=90; precision=0.641, recall=0.543
accuracy: (test=0.964) average_precision: (test=0.637) balanced_accuracy: (test=0.764) f1: (test=0.588) roc_auc: (test=0.902) 1.09min
[fit 90/90] END min_samples_leaf=10, min_samples_split=10; total=4147, TP=111, TN=3898, FP=52, FN=86; precision=0.681, recall=0.563
accuracy: (test=0.967) average_precision: (test=0.639) balanced_accuracy: (test=0.775) f1: (test=0.617) roc_auc: (test=0.907) 1.09min
clf.best_estimator_params: {'min_samples_leaf': 5, 'min_samples_split': 2}
best params found in line [38] for metric [roc_auc] in rank file
best params found in fit [37] for metric [roc_auc] in run_and_score file
clf.best_scoring_result: [Total: (test=4147) TP: (test=111.000) TN: (test=3907.000) FP: (test=43.000) FN: (test=86.000) precision: (test=0.721) recall: (test=0.563) accuracy: (test=0.969) average_precision: (test=0.661) balanced_accuracy: (test=0.776) f1: (test=0.632) roc_auc: (test=0.912) ]
write rank test to csv!!!
../../ex/epivan/base/tpcp_rf_base/rank/K562_tpcp_rf_base_rank_3_3070.csv write over!!!
第四次
{'bootstrap': True, 'ccp_alpha': 0.0, 'class_weight': None, 'criterion': 'gini', 'max_depth': 143, 'max_features': 'auto', 'max_leaf_nodes': None, 'max_samples': None, 'min_impurity_decrease': 0.0, 'min_impurity_split': None, 'min_samples_leaf': 5, 'min_samples_split': 2, 'min_weight_fraction_leaf': 0.0, 'n_estimators': 280, 'n_jobs': 5, 'oob_score': False, 'random_state': None, 'verbose': 0, 'warm_start': False}
Fitting, totalling 4 fits
[fit 1/4] END max_features=auto; total=4147, TP=110, TN=3908, FP=42, FN=87; precision=0.724, recall=0.558
accuracy: (test=0.969) average_precision: (test=0.659) balanced_accuracy: (test=0.774) f1: (test=0.630) roc_auc: (test=0.903) 1.14min
[fit 2/4] END max_features=sqrt; total=4147, TP=110, TN=3910, FP=40, FN=87; precision=0.733, recall=0.558
accuracy: (test=0.969) average_precision: (test=0.656) balanced_accuracy: (test=0.774) f1: (test=0.634) roc_auc: (test=0.905) 1.14min
[fit 3/4] END max_features=log2; total=4147, TP=104, TN=3918, FP=32, FN=93; precision=0.765, recall=0.528
accuracy: (test=0.970) average_precision: (test=0.656) balanced_accuracy: (test=0.760) f1: (test=0.625) roc_auc: (test=0.899) 22.74s
[fit 4/4] END max_features=None; total=4147, TP=112, TN=3883, FP=67, FN=85; precision=0.626, recall=0.569
accuracy: (test=0.963) average_precision: (test=0.629) balanced_accuracy: (test=0.776) f1: (test=0.596) roc_auc: (test=0.901) 39.76min
clf.best_estimator_params: {'max_features': 'sqrt'}
best params found in line [3] for metric [roc_auc] in rank file
best params found in fit [2] for metric [roc_auc] in run_and_score file
clf.best_scoring_result: [Total: (test=4147) TP: (test=110.000) TN: (test=3910.000) FP: (test=40.000) FN: (test=87.000) precision: (test=0.733) recall: (test=0.558) accuracy: (test=0.969) average_precision: (test=0.656) balanced_accuracy: (test=0.774) f1: (test=0.634) roc_auc: (test=0.905) ]
write rank test to csv!!!
../../ex/epivan/base/tpcp_rf_base/rank/K562_tpcp_rf_base_rank_4_3070.csv write over!!!
total time spending: 7h 25m 21s
best_params_result: {'n_estimators': 280, 'max_depth': 143, 'min_samples_leaf': 5, 'min_samples_split': 2, 'max_features': 'sqrt'}
