nohup: ignoring input
experiment: NHEK pseknc-new_deepforest
trainSet len:[X=46280,y=46280]
testSet len:[X=2689,y=2689]
Fitting, totalling 140 fits
[fit 1/140] END max_layers=10, n_estimators=2, n_trees=50; total=2689, TP=94, TN=2557, FP=3, FN=35; precision=0.969, recall=0.729
accuracy: (test=0.986) average_precision: (test=0.809) balanced_accuracy: (test=0.864) f1: (test=0.832) roc_auc: (test=0.927) 53.13s
[fit 2/140] END max_layers=10, n_estimators=2, n_trees=100; total=2689, TP=89, TN=2559, FP=1, FN=40; precision=0.989, recall=0.690
accuracy: (test=0.985) average_precision: (test=0.899) balanced_accuracy: (test=0.845) f1: (test=0.813) roc_auc: (test=0.979) 1.41min
[fit 3/140] END max_layers=10, n_estimators=2, n_trees=150; total=2689, TP=91, TN=2558, FP=2, FN=38; precision=0.978, recall=0.705
accuracy: (test=0.985) average_precision: (test=0.905) balanced_accuracy: (test=0.852) f1: (test=0.820) roc_auc: (test=0.980) 1.73min
[fit 4/140] END max_layers=10, n_estimators=2, n_trees=200; total=2689, TP=88, TN=2559, FP=1, FN=41; precision=0.989, recall=0.682
accuracy: (test=0.984) average_precision: (test=0.911) balanced_accuracy: (test=0.841) f1: (test=0.807) roc_auc: (test=0.983) 2.26min
[fit 5/140] END max_layers=10, n_estimators=2, n_trees=250; total=2689, TP=87, TN=2559, FP=1, FN=42; precision=0.989, recall=0.674
accuracy: (test=0.984) average_precision: (test=0.893) balanced_accuracy: (test=0.837) f1: (test=0.802) roc_auc: (test=0.974) 3.42min
[fit 6/140] END max_layers=10, n_estimators=2, n_trees=300; total=2689, TP=89, TN=2558, FP=2, FN=40; precision=0.978, recall=0.690
accuracy: (test=0.984) average_precision: (test=0.923) balanced_accuracy: (test=0.845) f1: (test=0.809) roc_auc: (test=0.981) 3.46min
[fit 7/140] END max_layers=10, n_estimators=2, n_trees=400; total=2689, TP=88, TN=2558, FP=2, FN=41; precision=0.978, recall=0.682
accuracy: (test=0.984) average_precision: (test=0.915) balanced_accuracy: (test=0.841) f1: (test=0.804) roc_auc: (test=0.980) 4.46min
[fit 8/140] END max_layers=10, n_estimators=5, n_trees=50; total=2689, TP=92, TN=2557, FP=3, FN=37; precision=0.968, recall=0.713
accuracy: (test=0.985) average_precision: (test=0.802) balanced_accuracy: (test=0.856) f1: (test=0.821) roc_auc: (test=0.897) 1.76min
[fit 9/140] END max_layers=10, n_estimators=5, n_trees=100; total=2689, TP=92, TN=2557, FP=3, FN=37; precision=0.968, recall=0.713
accuracy: (test=0.985) average_precision: (test=0.900) balanced_accuracy: (test=0.856) f1: (test=0.821) roc_auc: (test=0.976) 2.53min
[fit 10/140] END max_layers=10, n_estimators=5, n_trees=150; total=2689, TP=93, TN=2559, FP=1, FN=36; precision=0.989, recall=0.721
accuracy: (test=0.986) average_precision: (test=0.893) balanced_accuracy: (test=0.860) f1: (test=0.834) roc_auc: (test=0.976) 3.64min
[fit 11/140] END max_layers=10, n_estimators=5, n_trees=200; total=2689, TP=90, TN=2557, FP=3, FN=39; precision=0.968, recall=0.698
accuracy: (test=0.984) average_precision: (test=0.898) balanced_accuracy: (test=0.848) f1: (test=0.811) roc_auc: (test=0.978) 4.42min
[fit 12/140] END max_layers=10, n_estimators=5, n_trees=250; total=2689, TP=88, TN=2559, FP=1, FN=41; precision=0.989, recall=0.682
accuracy: (test=0.984) average_precision: (test=0.876) balanced_accuracy: (test=0.841) f1: (test=0.807) roc_auc: (test=0.960) 6.43min
[fit 13/140] END max_layers=10, n_estimators=5, n_trees=300; total=2689, TP=86, TN=2559, FP=1, FN=43; precision=0.989, recall=0.667
accuracy: (test=0.984) average_precision: (test=0.884) balanced_accuracy: (test=0.833) f1: (test=0.796) roc_auc: (test=0.978) 7.82min
[fit 14/140] END max_layers=10, n_estimators=5, n_trees=400; total=2689, TP=90, TN=2559, FP=1, FN=39; precision=0.989, recall=0.698
accuracy: (test=0.985) average_precision: (test=0.888) balanced_accuracy: (test=0.849) f1: (test=0.818) roc_auc: (test=0.971) 8.91min
[fit 15/140] END max_layers=10, n_estimators=8, n_trees=50; total=2689, TP=94, TN=2557, FP=3, FN=35; precision=0.969, recall=0.729
accuracy: (test=0.986) average_precision: (test=0.823) balanced_accuracy: (test=0.864) f1: (test=0.832) roc_auc: (test=0.913) 2.40min
[fit 16/140] END max_layers=10, n_estimators=8, n_trees=100; total=2689, TP=89, TN=2558, FP=2, FN=40; precision=0.978, recall=0.690
accuracy: (test=0.984) average_precision: (test=0.816) balanced_accuracy: (test=0.845) f1: (test=0.809) roc_auc: (test=0.914) 5.49min
[fit 17/140] END max_layers=10, n_estimators=8, n_trees=150; total=2689, TP=91, TN=2558, FP=2, FN=38; precision=0.978, recall=0.705
accuracy: (test=0.985) average_precision: (test=0.760) balanced_accuracy: (test=0.852) f1: (test=0.820) roc_auc: (test=0.881) 6.81min
[fit 18/140] END max_layers=10, n_estimators=8, n_trees=200; total=2689, TP=90, TN=2558, FP=2, FN=39; precision=0.978, recall=0.698
accuracy: (test=0.985) average_precision: (test=0.899) balanced_accuracy: (test=0.848) f1: (test=0.814) roc_auc: (test=0.976) 7.01min
[fit 19/140] END max_layers=10, n_estimators=8, n_trees=250; total=2689, TP=90, TN=2558, FP=2, FN=39; precision=0.978, recall=0.698
accuracy: (test=0.985) average_precision: (test=0.879) balanced_accuracy: (test=0.848) f1: (test=0.814) roc_auc: (test=0.965) 8.88min
[fit 20/140] END max_layers=10, n_estimators=8, n_trees=300; total=2689, TP=90, TN=2558, FP=2, FN=39; precision=0.978, recall=0.698
accuracy: (test=0.985) average_precision: (test=0.885) balanced_accuracy: (test=0.848) f1: (test=0.814) roc_auc: (test=0.971) 10.26min
[fit 21/140] END max_layers=10, n_estimators=8, n_trees=400; total=2689, TP=91, TN=2558, FP=2, FN=38; precision=0.978, recall=0.705
accuracy: (test=0.985) average_precision: (test=0.919) balanced_accuracy: (test=0.852) f1: (test=0.820) roc_auc: (test=0.985) 11.80min
[fit 22/140] END max_layers=10, n_estimators=10, n_trees=50; total=2689, TP=90, TN=2558, FP=2, FN=39; precision=0.978, recall=0.698
accuracy: (test=0.985) average_precision: (test=0.754) balanced_accuracy: (test=0.848) f1: (test=0.814) roc_auc: (test=0.871) 4.20min
[fit 23/140] END max_layers=10, n_estimators=10, n_trees=100; total=2689, TP=87, TN=2558, FP=2, FN=42; precision=0.978, recall=0.674
accuracy: (test=0.984) average_precision: (test=0.835) balanced_accuracy: (test=0.837) f1: (test=0.798) roc_auc: (test=0.920) 5.87min
[fit 24/140] END max_layers=10, n_estimators=10, n_trees=150; total=2689, TP=92, TN=2557, FP=3, FN=37; precision=0.968, recall=0.713
accuracy: (test=0.985) average_precision: (test=0.875) balanced_accuracy: (test=0.856) f1: (test=0.821) roc_auc: (test=0.948) 7.04min
[fit 25/140] END max_layers=10, n_estimators=10, n_trees=200; total=2689, TP=90, TN=2557, FP=3, FN=39; precision=0.968, recall=0.698
accuracy: (test=0.984) average_precision: (test=0.885) balanced_accuracy: (test=0.848) f1: (test=0.811) roc_auc: (test=0.965) 8.66min
[fit 26/140] END max_layers=10, n_estimators=10, n_trees=250; total=2689, TP=91, TN=2557, FP=3, FN=38; precision=0.968, recall=0.705
accuracy: (test=0.985) average_precision: (test=0.880) balanced_accuracy: (test=0.852) f1: (test=0.816) roc_auc: (test=0.958) 10.76min
[fit 27/140] END max_layers=10, n_estimators=10, n_trees=300; total=2689, TP=92, TN=2558, FP=2, FN=37; precision=0.979, recall=0.713
accuracy: (test=0.985) average_precision: (test=0.919) balanced_accuracy: (test=0.856) f1: (test=0.825) roc_auc: (test=0.984) 11.53min
[fit 28/140] END max_layers=10, n_estimators=10, n_trees=400; total=2689, TP=92, TN=2558, FP=2, FN=37; precision=0.979, recall=0.713
accuracy: (test=0.985) average_precision: (test=0.919) balanced_accuracy: (test=0.856) f1: (test=0.825) roc_auc: (test=0.984) 14.30min
[fit 29/140] END max_layers=10, n_estimators=13, n_trees=50; total=2689, TP=93, TN=2557, FP=3, FN=36; precision=0.969, recall=0.721
accuracy: (test=0.985) average_precision: (test=0.793) balanced_accuracy: (test=0.860) f1: (test=0.827) roc_auc: (test=0.898) 3.53min
[fit 30/140] END max_layers=10, n_estimators=13, n_trees=100; total=2689, TP=91, TN=2558, FP=2, FN=38; precision=0.978, recall=0.705
accuracy: (test=0.985) average_precision: (test=0.780) balanced_accuracy: (test=0.852) f1: (test=0.820) roc_auc: (test=0.891) 6.68min
[fit 31/140] END max_layers=10, n_estimators=13, n_trees=150; total=2689, TP=90, TN=2558, FP=2, FN=39; precision=0.978, recall=0.698
accuracy: (test=0.985) average_precision: (test=0.743) balanced_accuracy: (test=0.848) f1: (test=0.814) roc_auc: (test=0.868) 14.34min
[fit 32/140] END max_layers=10, n_estimators=13, n_trees=200; total=2689, TP=91, TN=2558, FP=2, FN=38; precision=0.978, recall=0.705
accuracy: (test=0.985) average_precision: (test=0.883) balanced_accuracy: (test=0.852) f1: (test=0.820) roc_auc: (test=0.960) 12.01min
[fit 33/140] END max_layers=10, n_estimators=13, n_trees=250; total=2689, TP=90, TN=2557, FP=3, FN=39; precision=0.968, recall=0.698
accuracy: (test=0.984) average_precision: (test=0.862) balanced_accuracy: (test=0.848) f1: (test=0.811) roc_auc: (test=0.944) 13.41min
[fit 34/140] END max_layers=10, n_estimators=13, n_trees=300; total=2689, TP=92, TN=2557, FP=3, FN=37; precision=0.968, recall=0.713
accuracy: (test=0.985) average_precision: (test=0.917) balanced_accuracy: (test=0.856) f1: (test=0.821) roc_auc: (test=0.985) 13.96min
[fit 35/140] END max_layers=10, n_estimators=13, n_trees=400; total=2689, TP=91, TN=2557, FP=3, FN=38; precision=0.968, recall=0.705
accuracy: (test=0.985) average_precision: (test=0.920) balanced_accuracy: (test=0.852) f1: (test=0.816) roc_auc: (test=0.985) 18.11min
[fit 36/140] END max_layers=15, n_estimators=2, n_trees=50; total=2689, TP=94, TN=2557, FP=3, FN=35; precision=0.969, recall=0.729
accuracy: (test=0.986) average_precision: (test=0.809) balanced_accuracy: (test=0.864) f1: (test=0.832) roc_auc: (test=0.927) 48.05s
[fit 37/140] END max_layers=15, n_estimators=2, n_trees=100; total=2689, TP=89, TN=2559, FP=1, FN=40; precision=0.989, recall=0.690
accuracy: (test=0.985) average_precision: (test=0.899) balanced_accuracy: (test=0.845) f1: (test=0.813) roc_auc: (test=0.979) 1.33min
[fit 38/140] END max_layers=15, n_estimators=2, n_trees=150; total=2689, TP=91, TN=2558, FP=2, FN=38; precision=0.978, recall=0.705
accuracy: (test=0.985) average_precision: (test=0.905) balanced_accuracy: (test=0.852) f1: (test=0.820) roc_auc: (test=0.980) 1.63min
[fit 39/140] END max_layers=15, n_estimators=2, n_trees=200; total=2689, TP=88, TN=2559, FP=1, FN=41; precision=0.989, recall=0.682
accuracy: (test=0.984) average_precision: (test=0.911) balanced_accuracy: (test=0.841) f1: (test=0.807) roc_auc: (test=0.983) 2.01min
[fit 40/140] END max_layers=15, n_estimators=2, n_trees=250; total=2689, TP=87, TN=2559, FP=1, FN=42; precision=0.989, recall=0.674
accuracy: (test=0.984) average_precision: (test=0.893) balanced_accuracy: (test=0.837) f1: (test=0.802) roc_auc: (test=0.974) 3.02min
[fit 41/140] END max_layers=15, n_estimators=2, n_trees=300; total=2689, TP=89, TN=2558, FP=2, FN=40; precision=0.978, recall=0.690
accuracy: (test=0.984) average_precision: (test=0.923) balanced_accuracy: (test=0.845) f1: (test=0.809) roc_auc: (test=0.981) 2.84min
[fit 42/140] END max_layers=15, n_estimators=2, n_trees=400; total=2689, TP=88, TN=2558, FP=2, FN=41; precision=0.978, recall=0.682
accuracy: (test=0.984) average_precision: (test=0.915) balanced_accuracy: (test=0.841) f1: (test=0.804) roc_auc: (test=0.980) 3.99min
[fit 43/140] END max_layers=15, n_estimators=5, n_trees=50; total=2689, TP=92, TN=2557, FP=3, FN=37; precision=0.968, recall=0.713
accuracy: (test=0.985) average_precision: (test=0.802) balanced_accuracy: (test=0.856) f1: (test=0.821) roc_auc: (test=0.897) 1.79min
[fit 44/140] END max_layers=15, n_estimators=5, n_trees=100; total=2689, TP=92, TN=2557, FP=3, FN=37; precision=0.968, recall=0.713
accuracy: (test=0.985) average_precision: (test=0.900) balanced_accuracy: (test=0.856) f1: (test=0.821) roc_auc: (test=0.976) 2.30min
[fit 45/140] END max_layers=15, n_estimators=5, n_trees=150; total=2689, TP=93, TN=2559, FP=1, FN=36; precision=0.989, recall=0.721
accuracy: (test=0.986) average_precision: (test=0.893) balanced_accuracy: (test=0.860) f1: (test=0.834) roc_auc: (test=0.976) 3.39min
[fit 46/140] END max_layers=15, n_estimators=5, n_trees=200; total=2689, TP=90, TN=2557, FP=3, FN=39; precision=0.968, recall=0.698
accuracy: (test=0.984) average_precision: (test=0.898) balanced_accuracy: (test=0.848) f1: (test=0.811) roc_auc: (test=0.978) 4.52min
[fit 47/140] END max_layers=15, n_estimators=5, n_trees=250; total=2689, TP=88, TN=2559, FP=1, FN=41; precision=0.989, recall=0.682
accuracy: (test=0.984) average_precision: (test=0.876) balanced_accuracy: (test=0.841) f1: (test=0.807) roc_auc: (test=0.960) 5.82min
[fit 48/140] END max_layers=15, n_estimators=5, n_trees=300; total=2689, TP=86, TN=2559, FP=1, FN=43; precision=0.989, recall=0.667
accuracy: (test=0.984) average_precision: (test=0.884) balanced_accuracy: (test=0.833) f1: (test=0.796) roc_auc: (test=0.978) 7.47min
[fit 49/140] END max_layers=15, n_estimators=5, n_trees=400; total=2689, TP=90, TN=2559, FP=1, FN=39; precision=0.989, recall=0.698
accuracy: (test=0.985) average_precision: (test=0.888) balanced_accuracy: (test=0.849) f1: (test=0.818) roc_auc: (test=0.971) 8.25min
[fit 50/140] END max_layers=15, n_estimators=8, n_trees=50; total=2689, TP=94, TN=2557, FP=3, FN=35; precision=0.969, recall=0.729
accuracy: (test=0.986) average_precision: (test=0.823) balanced_accuracy: (test=0.864) f1: (test=0.832) roc_auc: (test=0.913) 2.29min
[fit 51/140] END max_layers=15, n_estimators=8, n_trees=100; total=2689, TP=89, TN=2558, FP=2, FN=40; precision=0.978, recall=0.690
accuracy: (test=0.984) average_precision: (test=0.816) balanced_accuracy: (test=0.845) f1: (test=0.809) roc_auc: (test=0.914) 5.13min
[fit 52/140] END max_layers=15, n_estimators=8, n_trees=150; total=2689, TP=91, TN=2558, FP=2, FN=38; precision=0.978, recall=0.705
accuracy: (test=0.985) average_precision: (test=0.760) balanced_accuracy: (test=0.852) f1: (test=0.820) roc_auc: (test=0.881) 6.36min
[fit 53/140] END max_layers=15, n_estimators=8, n_trees=200; total=2689, TP=90, TN=2558, FP=2, FN=39; precision=0.978, recall=0.698
accuracy: (test=0.985) average_precision: (test=0.899) balanced_accuracy: (test=0.848) f1: (test=0.814) roc_auc: (test=0.976) 6.93min
[fit 54/140] END max_layers=15, n_estimators=8, n_trees=250; total=2689, TP=90, TN=2558, FP=2, FN=39; precision=0.978, recall=0.698
accuracy: (test=0.985) average_precision: (test=0.879) balanced_accuracy: (test=0.848) f1: (test=0.814) roc_auc: (test=0.965) 8.37min
[fit 55/140] END max_layers=15, n_estimators=8, n_trees=300; total=2689, TP=90, TN=2558, FP=2, FN=39; precision=0.978, recall=0.698
accuracy: (test=0.985) average_precision: (test=0.885) balanced_accuracy: (test=0.848) f1: (test=0.814) roc_auc: (test=0.971) 9.31min
[fit 56/140] END max_layers=15, n_estimators=8, n_trees=400; total=2689, TP=91, TN=2558, FP=2, FN=38; precision=0.978, recall=0.705
accuracy: (test=0.985) average_precision: (test=0.919) balanced_accuracy: (test=0.852) f1: (test=0.820) roc_auc: (test=0.985) 10.77min
[fit 57/140] END max_layers=15, n_estimators=10, n_trees=50; total=2689, TP=90, TN=2558, FP=2, FN=39; precision=0.978, recall=0.698
accuracy: (test=0.985) average_precision: (test=0.754) balanced_accuracy: (test=0.848) f1: (test=0.814) roc_auc: (test=0.871) 4.13min
[fit 58/140] END max_layers=15, n_estimators=10, n_trees=100; total=2689, TP=87, TN=2558, FP=2, FN=42; precision=0.978, recall=0.674
accuracy: (test=0.984) average_precision: (test=0.835) balanced_accuracy: (test=0.837) f1: (test=0.798) roc_auc: (test=0.920) 5.09min
[fit 59/140] END max_layers=15, n_estimators=10, n_trees=150; total=2689, TP=92, TN=2557, FP=3, FN=37; precision=0.968, recall=0.713
accuracy: (test=0.985) average_precision: (test=0.875) balanced_accuracy: (test=0.856) f1: (test=0.821) roc_auc: (test=0.948) 6.45min
[fit 60/140] END max_layers=15, n_estimators=10, n_trees=200; total=2689, TP=90, TN=2557, FP=3, FN=39; precision=0.968, recall=0.698
accuracy: (test=0.984) average_precision: (test=0.885) balanced_accuracy: (test=0.848) f1: (test=0.811) roc_auc: (test=0.965) 8.41min
[fit 61/140] END max_layers=15, n_estimators=10, n_trees=250; total=2689, TP=91, TN=2557, FP=3, FN=38; precision=0.968, recall=0.705
accuracy: (test=0.985) average_precision: (test=0.880) balanced_accuracy: (test=0.852) f1: (test=0.816) roc_auc: (test=0.958) 10.06min
[fit 62/140] END max_layers=15, n_estimators=10, n_trees=300; total=2689, TP=92, TN=2558, FP=2, FN=37; precision=0.979, recall=0.713
accuracy: (test=0.985) average_precision: (test=0.919) balanced_accuracy: (test=0.856) f1: (test=0.825) roc_auc: (test=0.984) 10.34min
[fit 63/140] END max_layers=15, n_estimators=10, n_trees=400; total=2689, TP=92, TN=2558, FP=2, FN=37; precision=0.979, recall=0.713
accuracy: (test=0.985) average_precision: (test=0.919) balanced_accuracy: (test=0.856) f1: (test=0.825) roc_auc: (test=0.984) 13.86min
[fit 64/140] END max_layers=15, n_estimators=13, n_trees=50; total=2689, TP=93, TN=2557, FP=3, FN=36; precision=0.969, recall=0.721
accuracy: (test=0.985) average_precision: (test=0.793) balanced_accuracy: (test=0.860) f1: (test=0.827) roc_auc: (test=0.898) 3.66min
[fit 65/140] END max_layers=15, n_estimators=13, n_trees=100; total=2689, TP=91, TN=2558, FP=2, FN=38; precision=0.978, recall=0.705
accuracy: (test=0.985) average_precision: (test=0.780) balanced_accuracy: (test=0.852) f1: (test=0.820) roc_auc: (test=0.891) 6.43min
[fit 66/140] END max_layers=15, n_estimators=13, n_trees=150; total=2689, TP=90, TN=2558, FP=2, FN=39; precision=0.978, recall=0.698
accuracy: (test=0.985) average_precision: (test=0.743) balanced_accuracy: (test=0.848) f1: (test=0.814) roc_auc: (test=0.868) 13.23min
[fit 67/140] END max_layers=15, n_estimators=13, n_trees=200; total=2689, TP=91, TN=2558, FP=2, FN=38; precision=0.978, recall=0.705
accuracy: (test=0.985) average_precision: (test=0.883) balanced_accuracy: (test=0.852) f1: (test=0.820) roc_auc: (test=0.960) 10.97min
[fit 68/140] END max_layers=15, n_estimators=13, n_trees=250; total=2689, TP=90, TN=2557, FP=3, FN=39; precision=0.968, recall=0.698
accuracy: (test=0.984) average_precision: (test=0.862) balanced_accuracy: (test=0.848) f1: (test=0.811) roc_auc: (test=0.944) 12.23min
[fit 69/140] END max_layers=15, n_estimators=13, n_trees=300; total=2689, TP=92, TN=2557, FP=3, FN=37; precision=0.968, recall=0.713
accuracy: (test=0.985) average_precision: (test=0.917) balanced_accuracy: (test=0.856) f1: (test=0.821) roc_auc: (test=0.985) 12.71min
[fit 70/140] END max_layers=15, n_estimators=13, n_trees=400; total=2689, TP=91, TN=2557, FP=3, FN=38; precision=0.968, recall=0.705
accuracy: (test=0.985) average_precision: (test=0.920) balanced_accuracy: (test=0.852) f1: (test=0.816) roc_auc: (test=0.985) 17.80min
[fit 71/140] END max_layers=20, n_estimators=2, n_trees=50; total=2689, TP=94, TN=2557, FP=3, FN=35; precision=0.969, recall=0.729
accuracy: (test=0.986) average_precision: (test=0.809) balanced_accuracy: (test=0.864) f1: (test=0.832) roc_auc: (test=0.927) 51.91s
[fit 72/140] END max_layers=20, n_estimators=2, n_trees=100; total=2689, TP=89, TN=2559, FP=1, FN=40; precision=0.989, recall=0.690
accuracy: (test=0.985) average_precision: (test=0.899) balanced_accuracy: (test=0.845) f1: (test=0.813) roc_auc: (test=0.979) 1.48min
[fit 73/140] END max_layers=20, n_estimators=2, n_trees=150; total=2689, TP=91, TN=2558, FP=2, FN=38; precision=0.978, recall=0.705
accuracy: (test=0.985) average_precision: (test=0.905) balanced_accuracy: (test=0.852) f1: (test=0.820) roc_auc: (test=0.980) 1.77min
[fit 74/140] END max_layers=20, n_estimators=2, n_trees=200; total=2689, TP=88, TN=2559, FP=1, FN=41; precision=0.989, recall=0.682
accuracy: (test=0.984) average_precision: (test=0.911) balanced_accuracy: (test=0.841) f1: (test=0.807) roc_auc: (test=0.983) 2.34min
[fit 75/140] END max_layers=20, n_estimators=2, n_trees=250; total=2689, TP=87, TN=2559, FP=1, FN=42; precision=0.989, recall=0.674
accuracy: (test=0.984) average_precision: (test=0.893) balanced_accuracy: (test=0.837) f1: (test=0.802) roc_auc: (test=0.974) 3.13min
[fit 76/140] END max_layers=20, n_estimators=2, n_trees=300; total=2689, TP=89, TN=2558, FP=2, FN=40; precision=0.978, recall=0.690
accuracy: (test=0.984) average_precision: (test=0.923) balanced_accuracy: (test=0.845) f1: (test=0.809) roc_auc: (test=0.981) 3.15min
[fit 77/140] END max_layers=20, n_estimators=2, n_trees=400; total=2689, TP=88, TN=2558, FP=2, FN=41; precision=0.978, recall=0.682
accuracy: (test=0.984) average_precision: (test=0.915) balanced_accuracy: (test=0.841) f1: (test=0.804) roc_auc: (test=0.980) 4.15min
[fit 78/140] END max_layers=20, n_estimators=5, n_trees=50; total=2689, TP=92, TN=2557, FP=3, FN=37; precision=0.968, recall=0.713
accuracy: (test=0.985) average_precision: (test=0.802) balanced_accuracy: (test=0.856) f1: (test=0.821) roc_auc: (test=0.897) 1.75min
[fit 79/140] END max_layers=20, n_estimators=5, n_trees=100; total=2689, TP=92, TN=2557, FP=3, FN=37; precision=0.968, recall=0.713
accuracy: (test=0.985) average_precision: (test=0.900) balanced_accuracy: (test=0.856) f1: (test=0.821) roc_auc: (test=0.976) 2.63min
[fit 80/140] END max_layers=20, n_estimators=5, n_trees=150; total=2689, TP=93, TN=2559, FP=1, FN=36; precision=0.989, recall=0.721
accuracy: (test=0.986) average_precision: (test=0.893) balanced_accuracy: (test=0.860) f1: (test=0.834) roc_auc: (test=0.976) 3.63min
[fit 81/140] END max_layers=20, n_estimators=5, n_trees=200; total=2689, TP=90, TN=2557, FP=3, FN=39; precision=0.968, recall=0.698
accuracy: (test=0.984) average_precision: (test=0.898) balanced_accuracy: (test=0.848) f1: (test=0.811) roc_auc: (test=0.978) 4.84min
[fit 82/140] END max_layers=20, n_estimators=5, n_trees=250; total=2689, TP=88, TN=2559, FP=1, FN=41; precision=0.989, recall=0.682
accuracy: (test=0.984) average_precision: (test=0.876) balanced_accuracy: (test=0.841) f1: (test=0.807) roc_auc: (test=0.960) 6.36min
