nohup: ignoring input
experiment: GM12878 cksnap_xgboost
trainSet len:[X=76020,y=76020]
testSet len:[X=4431,y=4431]
第一次
{'objective': 'binary:logistic', 'use_label_encoder': False, 'base_score': None, 'booster': None, 'colsample_bylevel': None, 'colsample_bynode': None, 'colsample_bytree': 0.8, 'gamma': 0, 'gpu_id': None, 'importance_type': 'gain', 'interaction_constraints': None, 'learning_rate': 0.1, 'max_delta_step': None, 'max_depth': 5, 'min_child_weight': 1, 'missing': nan, 'monotone_constraints': None, 'n_estimators': 500, 'n_jobs': None, 'num_parallel_tree': None, 'random_state': None, 'reg_alpha': 0, 'reg_lambda': 1, 'scale_pos_weight': None, 'subsample': 0.8, 'tree_method': 'gpu_hist', 'validate_parameters': None, 'verbosity': None, 'seed': 0, 'eval_metric': 'logloss'}
Fitting, totalling 20 fits
[fit 1/20] END n_estimators=50; total=4431, TP=137, TN=3228, FP=992, FN=74; precision=0.121, recall=0.649
accuracy: (test=0.759) average_precision: (test=0.225) balanced_accuracy: (test=0.707) f1: (test=0.204) roc_auc: (test=0.777) 16.82s
[fit 2/20] END n_estimators=100; total=4431, TP=145, TN=3462, FP=758, FN=66; precision=0.161, recall=0.687
accuracy: (test=0.814) average_precision: (test=0.309) balanced_accuracy: (test=0.754) f1: (test=0.260) roc_auc: (test=0.827) 0.97s
[fit 3/20] END n_estimators=150; total=4431, TP=149, TN=3609, FP=611, FN=62; precision=0.196, recall=0.706
accuracy: (test=0.848) average_precision: (test=0.364) balanced_accuracy: (test=0.781) f1: (test=0.307) roc_auc: (test=0.850) 1.24s
[fit 4/20] END n_estimators=200; total=4431, TP=145, TN=3726, FP=494, FN=66; precision=0.227, recall=0.687
accuracy: (test=0.874) average_precision: (test=0.415) balanced_accuracy: (test=0.785) f1: (test=0.341) roc_auc: (test=0.863) 1.61s
[fit 5/20] END n_estimators=250; total=4431, TP=145, TN=3810, FP=410, FN=66; precision=0.261, recall=0.687
accuracy: (test=0.893) average_precision: (test=0.447) balanced_accuracy: (test=0.795) f1: (test=0.379) roc_auc: (test=0.876) 1.96s
[fit 6/20] END n_estimators=300; total=4431, TP=148, TN=3865, FP=355, FN=63; precision=0.294, recall=0.701
accuracy: (test=0.906) average_precision: (test=0.483) balanced_accuracy: (test=0.809) f1: (test=0.415) roc_auc: (test=0.883) 2.33s
[fit 7/20] END n_estimators=350; total=4431, TP=142, TN=3917, FP=303, FN=69; precision=0.319, recall=0.673
accuracy: (test=0.916) average_precision: (test=0.506) balanced_accuracy: (test=0.801) f1: (test=0.433) roc_auc: (test=0.887) 2.68s
[fit 8/20] END n_estimators=400; total=4431, TP=142, TN=3934, FP=286, FN=69; precision=0.332, recall=0.673
accuracy: (test=0.920) average_precision: (test=0.526) balanced_accuracy: (test=0.803) f1: (test=0.444) roc_auc: (test=0.891) 3.04s
[fit 9/20] END n_estimators=450; total=4431, TP=142, TN=3958, FP=262, FN=69; precision=0.351, recall=0.673
accuracy: (test=0.925) average_precision: (test=0.549) balanced_accuracy: (test=0.805) f1: (test=0.462) roc_auc: (test=0.896) 3.40s
[fit 10/20] END n_estimators=500; total=4431, TP=138, TN=3987, FP=233, FN=73; precision=0.372, recall=0.654
accuracy: (test=0.931) average_precision: (test=0.560) balanced_accuracy: (test=0.799) f1: (test=0.474) roc_auc: (test=0.899) 3.76s
[fit 11/20] END n_estimators=550; total=4431, TP=138, TN=4006, FP=214, FN=73; precision=0.392, recall=0.654
accuracy: (test=0.935) average_precision: (test=0.579) balanced_accuracy: (test=0.802) f1: (test=0.490) roc_auc: (test=0.899) 4.13s
[fit 12/20] END n_estimators=600; total=4431, TP=137, TN=4039, FP=181, FN=74; precision=0.431, recall=0.649
accuracy: (test=0.942) average_precision: (test=0.584) balanced_accuracy: (test=0.803) f1: (test=0.518) roc_auc: (test=0.900) 4.50s
[fit 13/20] END n_estimators=650; total=4431, TP=138, TN=4049, FP=171, FN=73; precision=0.447, recall=0.654
accuracy: (test=0.945) average_precision: (test=0.598) balanced_accuracy: (test=0.807) f1: (test=0.531) roc_auc: (test=0.902) 4.83s
[fit 14/20] END n_estimators=700; total=4431, TP=137, TN=4061, FP=159, FN=74; precision=0.463, recall=0.649
accuracy: (test=0.947) average_precision: (test=0.612) balanced_accuracy: (test=0.806) f1: (test=0.540) roc_auc: (test=0.904) 5.17s
[fit 15/20] END n_estimators=750; total=4431, TP=140, TN=4070, FP=150, FN=71; precision=0.483, recall=0.664
accuracy: (test=0.950) average_precision: (test=0.618) balanced_accuracy: (test=0.814) f1: (test=0.559) roc_auc: (test=0.905) 5.53s
[fit 16/20] END n_estimators=800; total=4431, TP=136, TN=4080, FP=140, FN=75; precision=0.493, recall=0.645
accuracy: (test=0.951) average_precision: (test=0.620) balanced_accuracy: (test=0.806) f1: (test=0.559) roc_auc: (test=0.906) 5.89s
[fit 17/20] END n_estimators=850; total=4431, TP=140, TN=4081, FP=139, FN=71; precision=0.502, recall=0.664
accuracy: (test=0.953) average_precision: (test=0.621) balanced_accuracy: (test=0.815) f1: (test=0.571) roc_auc: (test=0.907) 6.25s
[fit 18/20] END n_estimators=900; total=4431, TP=140, TN=4088, FP=132, FN=71; precision=0.515, recall=0.664
accuracy: (test=0.954) average_precision: (test=0.629) balanced_accuracy: (test=0.816) f1: (test=0.580) roc_auc: (test=0.907) 6.62s
[fit 19/20] END n_estimators=950; total=4431, TP=137, TN=4097, FP=123, FN=74; precision=0.527, recall=0.649
accuracy: (test=0.956) average_precision: (test=0.631) balanced_accuracy: (test=0.810) f1: (test=0.582) roc_auc: (test=0.909) 6.98s
[fit 20/20] END n_estimators=1000; total=4431, TP=136, TN=4103, FP=117, FN=75; precision=0.538, recall=0.645
accuracy: (test=0.957) average_precision: (test=0.637) balanced_accuracy: (test=0.808) f1: (test=0.586) roc_auc: (test=0.908) 7.33s
clf.best_estimator_params: {'n_estimators': 950}
best params found in line [20] for metric [roc_auc] in rank file
best params found in fit [19] for metric [roc_auc] in run_and_score file
clf.best_scoring_result: [Total: (test=4431) TP: (test=137.000) TN: (test=4097.000) FP: (test=123.000) FN: (test=74.000) precision: (test=0.527) recall: (test=0.649) accuracy: (test=0.956) average_precision: (test=0.631) balanced_accuracy: (test=0.810) f1: (test=0.582) roc_auc: (test=0.909) ]
write rank test to csv!!!
created ex_rank_dir folder!!!
write over!!!
第二次
{'objective': 'binary:logistic', 'use_label_encoder': False, 'base_score': None, 'booster': None, 'colsample_bylevel': None, 'colsample_bynode': None, 'colsample_bytree': 0.8, 'gamma': 0, 'gpu_id': None, 'importance_type': 'gain', 'interaction_constraints': None, 'learning_rate': 0.1, 'max_delta_step': None, 'max_depth': 5, 'min_child_weight': 1, 'missing': nan, 'monotone_constraints': None, 'n_estimators': 950, 'n_jobs': None, 'num_parallel_tree': None, 'random_state': None, 'reg_alpha': 0, 'reg_lambda': 1, 'scale_pos_weight': None, 'subsample': 0.8, 'tree_method': 'gpu_hist', 'validate_parameters': None, 'verbosity': None, 'seed': 0, 'eval_metric': 'logloss'}
Fitting, totalling 54 fits
[fit 1/54] END max_depth=3, min_child_weight=1; total=4431, TP=150, TN=3737, FP=483, FN=61; precision=0.237, recall=0.711
accuracy: (test=0.877) average_precision: (test=0.421) balanced_accuracy: (test=0.798) f1: (test=0.355) roc_auc: (test=0.879) 3.75s
[fit 2/54] END max_depth=3, min_child_weight=2; total=4431, TP=151, TN=3736, FP=484, FN=60; precision=0.238, recall=0.716
accuracy: (test=0.877) average_precision: (test=0.427) balanced_accuracy: (test=0.800) f1: (test=0.357) roc_auc: (test=0.878) 3.75s
[fit 3/54] END max_depth=3, min_child_weight=3; total=4431, TP=149, TN=3758, FP=462, FN=62; precision=0.244, recall=0.706
accuracy: (test=0.882) average_precision: (test=0.422) balanced_accuracy: (test=0.798) f1: (test=0.363) roc_auc: (test=0.876) 3.74s
[fit 4/54] END max_depth=3, min_child_weight=4; total=4431, TP=147, TN=3744, FP=476, FN=64; precision=0.236, recall=0.697
accuracy: (test=0.878) average_precision: (test=0.415) balanced_accuracy: (test=0.792) f1: (test=0.353) roc_auc: (test=0.872) 3.75s
[fit 5/54] END max_depth=3, min_child_weight=5; total=4431, TP=147, TN=3762, FP=458, FN=64; precision=0.243, recall=0.697
accuracy: (test=0.882) average_precision: (test=0.408) balanced_accuracy: (test=0.794) f1: (test=0.360) roc_auc: (test=0.877) 3.74s
[fit 6/54] END max_depth=3, min_child_weight=6; total=4431, TP=146, TN=3745, FP=475, FN=65; precision=0.235, recall=0.692
accuracy: (test=0.878) average_precision: (test=0.406) balanced_accuracy: (test=0.790) f1: (test=0.351) roc_auc: (test=0.874) 3.75s
[fit 7/54] END max_depth=4, min_child_weight=1; total=4431, TP=145, TN=3981, FP=239, FN=66; precision=0.378, recall=0.687
accuracy: (test=0.931) average_precision: (test=0.557) balanced_accuracy: (test=0.815) f1: (test=0.487) roc_auc: (test=0.896) 4.95s
[fit 8/54] END max_depth=4, min_child_weight=2; total=4431, TP=148, TN=3978, FP=242, FN=63; precision=0.379, recall=0.701
accuracy: (test=0.931) average_precision: (test=0.573) balanced_accuracy: (test=0.822) f1: (test=0.493) roc_auc: (test=0.899) 4.91s
[fit 9/54] END max_depth=4, min_child_weight=3; total=4431, TP=144, TN=3970, FP=250, FN=67; precision=0.365, recall=0.682
accuracy: (test=0.928) average_precision: (test=0.541) balanced_accuracy: (test=0.812) f1: (test=0.476) roc_auc: (test=0.895) 4.90s
[fit 10/54] END max_depth=4, min_child_weight=4; total=4431, TP=146, TN=3964, FP=256, FN=65; precision=0.363, recall=0.692
accuracy: (test=0.928) average_precision: (test=0.559) balanced_accuracy: (test=0.816) f1: (test=0.476) roc_auc: (test=0.904) 4.91s
[fit 11/54] END max_depth=4, min_child_weight=5; total=4431, TP=141, TN=3975, FP=245, FN=70; precision=0.365, recall=0.668
accuracy: (test=0.929) average_precision: (test=0.550) balanced_accuracy: (test=0.805) f1: (test=0.472) roc_auc: (test=0.896) 4.90s
[fit 12/54] END max_depth=4, min_child_weight=6; total=4431, TP=145, TN=3962, FP=258, FN=66; precision=0.360, recall=0.687
accuracy: (test=0.927) average_precision: (test=0.546) balanced_accuracy: (test=0.813) f1: (test=0.472) roc_auc: (test=0.906) 4.90s
[fit 13/54] END max_depth=5, min_child_weight=1; total=4431, TP=137, TN=4097, FP=123, FN=74; precision=0.527, recall=0.649
accuracy: (test=0.956) average_precision: (test=0.631) balanced_accuracy: (test=0.810) f1: (test=0.582) roc_auc: (test=0.909) 7.04s
[fit 14/54] END max_depth=5, min_child_weight=2; total=4431, TP=140, TN=4094, FP=126, FN=71; precision=0.526, recall=0.664
accuracy: (test=0.956) average_precision: (test=0.651) balanced_accuracy: (test=0.817) f1: (test=0.587) roc_auc: (test=0.910) 6.97s
[fit 15/54] END max_depth=5, min_child_weight=3; total=4431, TP=137, TN=4097, FP=123, FN=74; precision=0.527, recall=0.649
accuracy: (test=0.956) average_precision: (test=0.648) balanced_accuracy: (test=0.810) f1: (test=0.582) roc_auc: (test=0.909) 6.88s
[fit 16/54] END max_depth=5, min_child_weight=4; total=4431, TP=143, TN=4085, FP=135, FN=68; precision=0.514, recall=0.678
accuracy: (test=0.954) average_precision: (test=0.634) balanced_accuracy: (test=0.823) f1: (test=0.585) roc_auc: (test=0.916) 6.80s
[fit 17/54] END max_depth=5, min_child_weight=5; total=4431, TP=135, TN=4095, FP=125, FN=76; precision=0.519, recall=0.640
accuracy: (test=0.955) average_precision: (test=0.641) balanced_accuracy: (test=0.805) f1: (test=0.573) roc_auc: (test=0.912) 6.72s
[fit 18/54] END max_depth=5, min_child_weight=6; total=4431, TP=140, TN=4092, FP=128, FN=71; precision=0.522, recall=0.664
accuracy: (test=0.955) average_precision: (test=0.646) balanced_accuracy: (test=0.817) f1: (test=0.585) roc_auc: (test=0.906) 6.67s
[fit 19/54] END max_depth=6, min_child_weight=1; total=4431, TP=133, TN=4164, FP=56, FN=78; precision=0.704, recall=0.630
accuracy: (test=0.970) average_precision: (test=0.695) balanced_accuracy: (test=0.809) f1: (test=0.665) roc_auc: (test=0.919) 10.36s
[fit 20/54] END max_depth=6, min_child_weight=2; total=4431, TP=136, TN=4155, FP=65, FN=75; precision=0.677, recall=0.645
accuracy: (test=0.968) average_precision: (test=0.699) balanced_accuracy: (test=0.815) f1: (test=0.660) roc_auc: (test=0.915) 10.05s
[fit 21/54] END max_depth=6, min_child_weight=3; total=4431, TP=134, TN=4157, FP=63, FN=77; precision=0.680, recall=0.635
accuracy: (test=0.968) average_precision: (test=0.695) balanced_accuracy: (test=0.810) f1: (test=0.657) roc_auc: (test=0.914) 9.75s
[fit 22/54] END max_depth=6, min_child_weight=4; total=4431, TP=131, TN=4140, FP=80, FN=80; precision=0.621, recall=0.621
accuracy: (test=0.964) average_precision: (test=0.688) balanced_accuracy: (test=0.801) f1: (test=0.621) roc_auc: (test=0.915) 9.53s
[fit 23/54] END max_depth=6, min_child_weight=5; total=4431, TP=131, TN=4141, FP=79, FN=80; precision=0.624, recall=0.621
accuracy: (test=0.964) average_precision: (test=0.682) balanced_accuracy: (test=0.801) f1: (test=0.622) roc_auc: (test=0.917) 9.30s
[fit 24/54] END max_depth=6, min_child_weight=6; total=4431, TP=137, TN=4152, FP=68, FN=74; precision=0.668, recall=0.649
accuracy: (test=0.968) average_precision: (test=0.685) balanced_accuracy: (test=0.817) f1: (test=0.659) roc_auc: (test=0.918) 9.21s
[fit 25/54] END max_depth=7, min_child_weight=1; total=4431, TP=127, TN=4179, FP=41, FN=84; precision=0.756, recall=0.602
accuracy: (test=0.972) average_precision: (test=0.710) balanced_accuracy: (test=0.796) f1: (test=0.670) roc_auc: (test=0.927) 15.00s
[fit 26/54] END max_depth=7, min_child_weight=2; total=4431, TP=131, TN=4179, FP=41, FN=80; precision=0.762, recall=0.621
accuracy: (test=0.973) average_precision: (test=0.708) balanced_accuracy: (test=0.806) f1: (test=0.684) roc_auc: (test=0.919) 13.92s
[fit 27/54] END max_depth=7, min_child_weight=3; total=4431, TP=130, TN=4174, FP=46, FN=81; precision=0.739, recall=0.616
accuracy: (test=0.971) average_precision: (test=0.709) balanced_accuracy: (test=0.803) f1: (test=0.672) roc_auc: (test=0.921) 13.29s
[fit 28/54] END max_depth=7, min_child_weight=4; total=4431, TP=133, TN=4175, FP=45, FN=78; precision=0.747, recall=0.630
accuracy: (test=0.972) average_precision: (test=0.709) balanced_accuracy: (test=0.810) f1: (test=0.684) roc_auc: (test=0.920) 12.93s
[fit 29/54] END max_depth=7, min_child_weight=5; total=4431, TP=131, TN=4169, FP=51, FN=80; precision=0.720, recall=0.621
accuracy: (test=0.970) average_precision: (test=0.687) balanced_accuracy: (test=0.804) f1: (test=0.667) roc_auc: (test=0.921) 12.47s
[fit 30/54] END max_depth=7, min_child_weight=6; total=4431, TP=131, TN=4160, FP=60, FN=80; precision=0.686, recall=0.621
accuracy: (test=0.968) average_precision: (test=0.695) balanced_accuracy: (test=0.803) f1: (test=0.652) roc_auc: (test=0.916) 12.04s
[fit 31/54] END max_depth=8, min_child_weight=1; total=4431, TP=127, TN=4188, FP=32, FN=84; precision=0.799, recall=0.602
accuracy: (test=0.974) average_precision: (test=0.722) balanced_accuracy: (test=0.797) f1: (test=0.686) roc_auc: (test=0.924) 19.78s
[fit 32/54] END max_depth=8, min_child_weight=2; total=4431, TP=126, TN=4184, FP=36, FN=85; precision=0.778, recall=0.597
accuracy: (test=0.973) average_precision: (test=0.703) balanced_accuracy: (test=0.794) f1: (test=0.676) roc_auc: (test=0.923) 17.69s
[fit 33/54] END max_depth=8, min_child_weight=3; total=4431, TP=133, TN=4178, FP=42, FN=78; precision=0.760, recall=0.630
accuracy: (test=0.973) average_precision: (test=0.709) balanced_accuracy: (test=0.810) f1: (test=0.689) roc_auc: (test=0.921) 16.52s
[fit 34/54] END max_depth=8, min_child_weight=4; total=4431, TP=134, TN=4184, FP=36, FN=77; precision=0.788, recall=0.635
accuracy: (test=0.974) average_precision: (test=0.709) balanced_accuracy: (test=0.813) f1: (test=0.703) roc_auc: (test=0.922) 15.84s
[fit 35/54] END max_depth=8, min_child_weight=5; total=4431, TP=133, TN=4178, FP=42, FN=78; precision=0.760, recall=0.630
accuracy: (test=0.973) average_precision: (test=0.711) balanced_accuracy: (test=0.810) f1: (test=0.689) roc_auc: (test=0.924) 15.31s
[fit 36/54] END max_depth=8, min_child_weight=6; total=4431, TP=133, TN=4179, FP=41, FN=78; precision=0.764, recall=0.630
accuracy: (test=0.973) average_precision: (test=0.708) balanced_accuracy: (test=0.810) f1: (test=0.691) roc_auc: (test=0.925) 14.71s
[fit 37/54] END max_depth=9, min_child_weight=1; total=4431, TP=125, TN=4189, FP=31, FN=86; precision=0.801, recall=0.592
accuracy: (test=0.974) average_precision: (test=0.726) balanced_accuracy: (test=0.793) f1: (test=0.681) roc_auc: (test=0.928) 24.38s
[fit 38/54] END max_depth=9, min_child_weight=2; total=4431, TP=122, TN=4189, FP=31, FN=89; precision=0.797, recall=0.578
accuracy: (test=0.973) average_precision: (test=0.719) balanced_accuracy: (test=0.785) f1: (test=0.670) roc_auc: (test=0.924) 21.32s
[fit 39/54] END max_depth=9, min_child_weight=3; total=4431, TP=128, TN=4186, FP=34, FN=83; precision=0.790, recall=0.607
accuracy: (test=0.974) average_precision: (test=0.717) balanced_accuracy: (test=0.799) f1: (test=0.686) roc_auc: (test=0.922) 19.76s
[fit 40/54] END max_depth=9, min_child_weight=4; total=4431, TP=128, TN=4184, FP=36, FN=83; precision=0.780, recall=0.607
accuracy: (test=0.973) average_precision: (test=0.710) balanced_accuracy: (test=0.799) f1: (test=0.683) roc_auc: (test=0.922) 18.58s
[fit 41/54] END max_depth=9, min_child_weight=5; total=4431, TP=127, TN=4189, FP=31, FN=84; precision=0.804, recall=0.602
accuracy: (test=0.974) average_precision: (test=0.722) balanced_accuracy: (test=0.797) f1: (test=0.688) roc_auc: (test=0.923) 17.88s
[fit 42/54] END max_depth=9, min_child_weight=6; total=4431, TP=135, TN=4178, FP=42, FN=76; precision=0.763, recall=0.640
accuracy: (test=0.973) average_precision: (test=0.717) balanced_accuracy: (test=0.815) f1: (test=0.696) roc_auc: (test=0.920) 17.26s
[fit 43/54] END max_depth=10, min_child_weight=1; total=4431, TP=127, TN=4190, FP=30, FN=84; precision=0.809, recall=0.602
accuracy: (test=0.974) average_precision: (test=0.741) balanced_accuracy: (test=0.797) f1: (test=0.690) roc_auc: (test=0.928) 28.89s
[fit 44/54] END max_depth=10, min_child_weight=2; total=4431, TP=125, TN=4182, FP=38, FN=86; precision=0.767, recall=0.592
accuracy: (test=0.972) average_precision: (test=0.720) balanced_accuracy: (test=0.792) f1: (test=0.668) roc_auc: (test=0.926) 25.11s
[fit 45/54] END max_depth=10, min_child_weight=3; total=4431, TP=126, TN=4190, FP=30, FN=85; precision=0.808, recall=0.597
accuracy: (test=0.974) average_precision: (test=0.722) balanced_accuracy: (test=0.795) f1: (test=0.687) roc_auc: (test=0.929) 22.97s
[fit 46/54] END max_depth=10, min_child_weight=4; total=4431, TP=128, TN=4178, FP=42, FN=83; precision=0.753, recall=0.607
accuracy: (test=0.972) average_precision: (test=0.712) balanced_accuracy: (test=0.798) f1: (test=0.672) roc_auc: (test=0.922) 21.49s
[fit 47/54] END max_depth=10, min_child_weight=5; total=4431, TP=127, TN=4187, FP=33, FN=84; precision=0.794, recall=0.602
accuracy: (test=0.974) average_precision: (test=0.705) balanced_accuracy: (test=0.797) f1: (test=0.685) roc_auc: (test=0.919) 20.79s
[fit 48/54] END max_depth=10, min_child_weight=6; total=4431, TP=132, TN=4178, FP=42, FN=79; precision=0.759, recall=0.626
accuracy: (test=0.973) average_precision: (test=0.717) balanced_accuracy: (test=0.808) f1: (test=0.686) roc_auc: (test=0.921) 19.28s
[fit 49/54] END max_depth=12, min_child_weight=1; total=4431, TP=124, TN=4187, FP=33, FN=87; precision=0.790, recall=0.588
accuracy: (test=0.973) average_precision: (test=0.728) balanced_accuracy: (test=0.790) f1: (test=0.674) roc_auc: (test=0.923) 34.76s
[fit 50/54] END max_depth=12, min_child_weight=2; total=4431, TP=126, TN=4197, FP=23, FN=85; precision=0.846, recall=0.597
accuracy: (test=0.976) average_precision: (test=0.729) balanced_accuracy: (test=0.796) f1: (test=0.700) roc_auc: (test=0.922) 29.59s
[fit 51/54] END max_depth=12, min_child_weight=3; total=4431, TP=125, TN=4192, FP=28, FN=86; precision=0.817, recall=0.592
accuracy: (test=0.974) average_precision: (test=0.718) balanced_accuracy: (test=0.793) f1: (test=0.687) roc_auc: (test=0.923) 26.96s
[fit 52/54] END max_depth=12, min_child_weight=4; total=4431, TP=130, TN=4181, FP=39, FN=81; precision=0.769, recall=0.616
accuracy: (test=0.973) average_precision: (test=0.718) balanced_accuracy: (test=0.803) f1: (test=0.684) roc_auc: (test=0.921) 25.22s
[fit 53/54] END max_depth=12, min_child_weight=5; total=4431, TP=128, TN=4186, FP=34, FN=83; precision=0.790, recall=0.607
accuracy: (test=0.974) average_precision: (test=0.716) balanced_accuracy: (test=0.799) f1: (test=0.686) roc_auc: (test=0.921) 24.23s
[fit 54/54] END max_depth=12, min_child_weight=6; total=4431, TP=124, TN=4182, FP=38, FN=87; precision=0.765, recall=0.588
accuracy: (test=0.972) average_precision: (test=0.704) balanced_accuracy: (test=0.789) f1: (test=0.665) roc_auc: (test=0.925) 23.07s
clf.best_estimator_params: {'max_depth': 10, 'min_child_weight': 3}
best params found in line [46] for metric [roc_auc] in rank file
best params found in fit [45] for metric [roc_auc] in run_and_score file
clf.best_scoring_result: [Total: (test=4431) TP: (test=126.000) TN: (test=4190.000) FP: (test=30.000) FN: (test=85.000) precision: (test=0.808) recall: (test=0.597) accuracy: (test=0.974) average_precision: (test=0.722) balanced_accuracy: (test=0.795) f1: (test=0.687) roc_auc: (test=0.929) ]
write rank test to csv!!!
write over!!!
第三次
{'objective': 'binary:logistic', 'use_label_encoder': False, 'base_score': None, 'booster': None, 'colsample_bylevel': None, 'colsample_bynode': None, 'colsample_bytree': 0.8, 'gamma': 0, 'gpu_id': None, 'importance_type': 'gain', 'interaction_constraints': None, 'learning_rate': 0.1, 'max_delta_step': None, 'max_depth': 10, 'min_child_weight': 3, 'missing': nan, 'monotone_constraints': None, 'n_estimators': 950, 'n_jobs': None, 'num_parallel_tree': None, 'random_state': None, 'reg_alpha': 0, 'reg_lambda': 1, 'scale_pos_weight': None, 'subsample': 0.8, 'tree_method': 'gpu_hist', 'validate_parameters': None, 'verbosity': None, 'seed': 0, 'eval_metric': 'logloss'}
Fitting, totalling 7 fits
[fit 1/7] END gamma=0; total=4431, TP=126, TN=4190, FP=30, FN=85; precision=0.808, recall=0.597
accuracy: (test=0.974) average_precision: (test=0.722) balanced_accuracy: (test=0.795) f1: (test=0.687) roc_auc: (test=0.929) 22.99s
[fit 2/7] END gamma=0.1; total=4431, TP=132, TN=4178, FP=42, FN=79; precision=0.759, recall=0.626
accuracy: (test=0.973) average_precision: (test=0.720) balanced_accuracy: (test=0.808) f1: (test=0.686) roc_auc: (test=0.924) 20.92s
[fit 3/7] END gamma=0.2; total=4431, TP=129, TN=4181, FP=39, FN=82; precision=0.768, recall=0.611
accuracy: (test=0.973) average_precision: (test=0.712) balanced_accuracy: (test=0.801) f1: (test=0.681) roc_auc: (test=0.913) 18.33s
[fit 4/7] END gamma=0.3; total=4431, TP=132, TN=4180, FP=40, FN=79; precision=0.767, recall=0.626
accuracy: (test=0.973) average_precision: (test=0.711) balanced_accuracy: (test=0.808) f1: (test=0.689) roc_auc: (test=0.916) 16.76s
[fit 5/7] END gamma=0.4; total=4431, TP=131, TN=4175, FP=45, FN=80; precision=0.744, recall=0.621
accuracy: (test=0.972) average_precision: (test=0.716) balanced_accuracy: (test=0.805) f1: (test=0.677) roc_auc: (test=0.919) 15.84s
[fit 6/7] END gamma=0.5; total=4431, TP=129, TN=4182, FP=38, FN=82; precision=0.772, recall=0.611
accuracy: (test=0.973) average_precision: (test=0.716) balanced_accuracy: (test=0.801) f1: (test=0.683) roc_auc: (test=0.920) 15.04s
[fit 7/7] END gamma=0.6; total=4431, TP=132, TN=4169, FP=51, FN=79; precision=0.721, recall=0.626
accuracy: (test=0.971) average_precision: (test=0.717) balanced_accuracy: (test=0.807) f1: (test=0.670) roc_auc: (test=0.919) 14.55s
clf.best_estimator_params: {'gamma': 0}
best params found in line [2] for metric [roc_auc] in rank file
best params found in fit [1] for metric [roc_auc] in run_and_score file
clf.best_scoring_result: [Total: (test=4431) TP: (test=126.000) TN: (test=4190.000) FP: (test=30.000) FN: (test=85.000) precision: (test=0.808) recall: (test=0.597) accuracy: (test=0.974) average_precision: (test=0.722) balanced_accuracy: (test=0.795) f1: (test=0.687) roc_auc: (test=0.929) ]
write rank test to csv!!!
write over!!!
第四次
{'objective': 'binary:logistic', 'use_label_encoder': False, 'base_score': None, 'booster': None, 'colsample_bylevel': None, 'colsample_bynode': None, 'colsample_bytree': 0.8, 'gamma': 0, 'gpu_id': None, 'importance_type': 'gain', 'interaction_constraints': None, 'learning_rate': 0.1, 'max_delta_step': None, 'max_depth': 10, 'min_child_weight': 3, 'missing': nan, 'monotone_constraints': None, 'n_estimators': 950, 'n_jobs': None, 'num_parallel_tree': None, 'random_state': None, 'reg_alpha': 0, 'reg_lambda': 1, 'scale_pos_weight': None, 'subsample': 0.8, 'tree_method': 'gpu_hist', 'validate_parameters': None, 'verbosity': None, 'seed': 0, 'eval_metric': 'logloss'}
Fitting, totalling 16 fits
[fit 1/16] END colsample_bytree=0.6, subsample=0.6; total=4431, TP=127, TN=4187, FP=33, FN=84; precision=0.794, recall=0.602
accuracy: (test=0.974) average_precision: (test=0.713) balanced_accuracy: (test=0.797) f1: (test=0.685) roc_auc: (test=0.915) 21.09s
[fit 2/16] END colsample_bytree=0.6, subsample=0.7; total=4431, TP=128, TN=4184, FP=36, FN=83; precision=0.780, recall=0.607
accuracy: (test=0.973) average_precision: (test=0.719) balanced_accuracy: (test=0.799) f1: (test=0.683) roc_auc: (test=0.917) 21.20s
[fit 3/16] END colsample_bytree=0.6, subsample=0.8; total=4431, TP=131, TN=4189, FP=31, FN=80; precision=0.809, recall=0.621
accuracy: (test=0.975) average_precision: (test=0.729) balanced_accuracy: (test=0.807) f1: (test=0.702) roc_auc: (test=0.923) 21.12s
[fit 4/16] END colsample_bytree=0.6, subsample=0.9; total=4431, TP=130, TN=4192, FP=28, FN=81; precision=0.823, recall=0.616
accuracy: (test=0.975) average_precision: (test=0.725) balanced_accuracy: (test=0.805) f1: (test=0.705) roc_auc: (test=0.925) 21.24s
[fit 5/16] END colsample_bytree=0.7, subsample=0.6; total=4431, TP=125, TN=4183, FP=37, FN=86; precision=0.772, recall=0.592
accuracy: (test=0.972) average_precision: (test=0.703) balanced_accuracy: (test=0.792) f1: (test=0.670) roc_auc: (test=0.919) 21.96s
[fit 6/16] END colsample_bytree=0.7, subsample=0.7; total=4431, TP=127, TN=4186, FP=34, FN=84; precision=0.789, recall=0.602
accuracy: (test=0.973) average_precision: (test=0.717) balanced_accuracy: (test=0.797) f1: (test=0.683) roc_auc: (test=0.921) 22.05s
[fit 7/16] END colsample_bytree=0.7, subsample=0.8; total=4431, TP=130, TN=4185, FP=35, FN=81; precision=0.788, recall=0.616
accuracy: (test=0.974) average_precision: (test=0.722) balanced_accuracy: (test=0.804) f1: (test=0.691) roc_auc: (test=0.918) 22.20s
[fit 8/16] END colsample_bytree=0.7, subsample=0.9; total=4431, TP=126, TN=4186, FP=34, FN=85; precision=0.787, recall=0.597
accuracy: (test=0.973) average_precision: (test=0.720) balanced_accuracy: (test=0.795) f1: (test=0.679) roc_auc: (test=0.925) 22.20s
[fit 9/16] END colsample_bytree=0.8, subsample=0.6; total=4431, TP=124, TN=4189, FP=31, FN=87; precision=0.800, recall=0.588
accuracy: (test=0.973) average_precision: (test=0.707) balanced_accuracy: (test=0.790) f1: (test=0.678) roc_auc: (test=0.915) 22.78s
[fit 10/16] END colsample_bytree=0.8, subsample=0.7; total=4431, TP=130, TN=4188, FP=32, FN=81; precision=0.802, recall=0.616
accuracy: (test=0.974) average_precision: (test=0.722) balanced_accuracy: (test=0.804) f1: (test=0.697) roc_auc: (test=0.921) 22.92s
[fit 11/16] END colsample_bytree=0.8, subsample=0.8; total=4431, TP=126, TN=4190, FP=30, FN=85; precision=0.808, recall=0.597
accuracy: (test=0.974) average_precision: (test=0.722) balanced_accuracy: (test=0.795) f1: (test=0.687) roc_auc: (test=0.929) 23.04s
[fit 12/16] END colsample_bytree=0.8, subsample=0.9; total=4431, TP=125, TN=4180, FP=40, FN=86; precision=0.758, recall=0.592
accuracy: (test=0.972) average_precision: (test=0.710) balanced_accuracy: (test=0.791) f1: (test=0.665) roc_auc: (test=0.917) 23.06s
[fit 13/16] END colsample_bytree=0.9, subsample=0.6; total=4431, TP=131, TN=4187, FP=33, FN=80; precision=0.799, recall=0.621
accuracy: (test=0.974) average_precision: (test=0.726) balanced_accuracy: (test=0.807) f1: (test=0.699) roc_auc: (test=0.923) 23.74s
[fit 14/16] END colsample_bytree=0.9, subsample=0.7; total=4431, TP=127, TN=4185, FP=35, FN=84; precision=0.784, recall=0.602
accuracy: (test=0.973) average_precision: (test=0.723) balanced_accuracy: (test=0.797) f1: (test=0.681) roc_auc: (test=0.925) 24.02s
[fit 15/16] END colsample_bytree=0.9, subsample=0.8; total=4431, TP=126, TN=4182, FP=38, FN=85; precision=0.768, recall=0.597
accuracy: (test=0.972) average_precision: (test=0.712) balanced_accuracy: (test=0.794) f1: (test=0.672) roc_auc: (test=0.922) 24.02s
[fit 16/16] END colsample_bytree=0.9, subsample=0.9; total=4431, TP=127, TN=4183, FP=37, FN=84; precision=0.774, recall=0.602
accuracy: (test=0.973) average_precision: (test=0.717) balanced_accuracy: (test=0.797) f1: (test=0.677) roc_auc: (test=0.919) 23.86s
clf.best_estimator_params: {'colsample_bytree': 0.8, 'subsample': 0.8}
best params found in line [12] for metric [roc_auc] in rank file
best params found in fit [11] for metric [roc_auc] in run_and_score file
clf.best_scoring_result: [Total: (test=4431) TP: (test=126.000) TN: (test=4190.000) FP: (test=30.000) FN: (test=85.000) precision: (test=0.808) recall: (test=0.597) accuracy: (test=0.974) average_precision: (test=0.722) balanced_accuracy: (test=0.795) f1: (test=0.687) roc_auc: (test=0.929) ]
write rank test to csv!!!
write over!!!
第五次
{'objective': 'binary:logistic', 'use_label_encoder': False, 'base_score': None, 'booster': None, 'colsample_bylevel': None, 'colsample_bynode': None, 'colsample_bytree': 0.8, 'gamma': 0, 'gpu_id': None, 'importance_type': 'gain', 'interaction_constraints': None, 'learning_rate': 0.1, 'max_delta_step': None, 'max_depth': 10, 'min_child_weight': 3, 'missing': nan, 'monotone_constraints': None, 'n_estimators': 950, 'n_jobs': None, 'num_parallel_tree': None, 'random_state': None, 'reg_alpha': 0, 'reg_lambda': 1, 'scale_pos_weight': None, 'subsample': 0.8, 'tree_method': 'gpu_hist', 'validate_parameters': None, 'verbosity': None, 'seed': 0, 'eval_metric': 'logloss'}
Fitting, totalling 81 fits
[fit 1/81] END reg_alpha=0, reg_lambda=0; total=4431, TP=131, TN=4188, FP=32, FN=80; precision=0.804, recall=0.621
accuracy: (test=0.975) average_precision: (test=0.729) balanced_accuracy: (test=0.807) f1: (test=0.701) roc_auc: (test=0.930) 21.90s
[fit 2/81] END reg_alpha=0, reg_lambda=0.01; total=4431, TP=131, TN=4182, FP=38, FN=80; precision=0.775, recall=0.621
accuracy: (test=0.973) average_precision: (test=0.709) balanced_accuracy: (test=0.806) f1: (test=0.689) roc_auc: (test=0.923) 22.04s
[fit 3/81] END reg_alpha=0, reg_lambda=0.02; total=4431, TP=129, TN=4192, FP=28, FN=82; precision=0.822, recall=0.611
accuracy: (test=0.975) average_precision: (test=0.717) balanced_accuracy: (test=0.802) f1: (test=0.701) roc_auc: (test=0.919) 21.93s
[fit 4/81] END reg_alpha=0, reg_lambda=0.05; total=4431, TP=128, TN=4179, FP=41, FN=83; precision=0.757, recall=0.607
accuracy: (test=0.972) average_precision: (test=0.716) balanced_accuracy: (test=0.798) f1: (test=0.674) roc_auc: (test=0.921) 21.94s
[fit 5/81] END reg_alpha=0, reg_lambda=0.1; total=4431, TP=128, TN=4182, FP=38, FN=83; precision=0.771, recall=0.607
accuracy: (test=0.973) average_precision: (test=0.716) balanced_accuracy: (test=0.799) f1: (test=0.679) roc_auc: (test=0.927) 21.97s
[fit 6/81] END reg_alpha=0, reg_lambda=0.5; total=4431, TP=124, TN=4189, FP=31, FN=87; precision=0.800, recall=0.588
accuracy: (test=0.973) average_precision: (test=0.719) balanced_accuracy: (test=0.790) f1: (test=0.678) roc_auc: (test=0.919) 22.31s
[fit 7/81] END reg_alpha=0, reg_lambda=1; total=4431, TP=126, TN=4190, FP=30, FN=85; precision=0.808, recall=0.597
accuracy: (test=0.974) average_precision: (test=0.722) balanced_accuracy: (test=0.795) f1: (test=0.687) roc_auc: (test=0.929) 22.97s
[fit 8/81] END reg_alpha=0, reg_lambda=2; total=4431, TP=129, TN=4190, FP=30, FN=82; precision=0.811, recall=0.611
accuracy: (test=0.975) average_precision: (test=0.717) balanced_accuracy: (test=0.802) f1: (test=0.697) roc_auc: (test=0.919) 23.98s
[fit 9/81] END reg_alpha=0, reg_lambda=3; total=4431, TP=127, TN=4188, FP=32, FN=84; precision=0.799, recall=0.602
accuracy: (test=0.974) average_precision: (test=0.724) balanced_accuracy: (test=0.797) f1: (test=0.686) roc_auc: (test=0.924) 24.91s
[fit 10/81] END reg_alpha=0.01, reg_lambda=0; total=4431, TP=130, TN=4188, FP=32, FN=81; precision=0.802, recall=0.616
accuracy: (test=0.974) average_precision: (test=0.718) balanced_accuracy: (test=0.804) f1: (test=0.697) roc_auc: (test=0.920) 22.37s
[fit 11/81] END reg_alpha=0.01, reg_lambda=0.01; total=4431, TP=127, TN=4190, FP=30, FN=84; precision=0.809, recall=0.602
accuracy: (test=0.974) average_precision: (test=0.712) balanced_accuracy: (test=0.797) f1: (test=0.690) roc_auc: (test=0.919) 22.33s
[fit 12/81] END reg_alpha=0.01, reg_lambda=0.02; total=4431, TP=128, TN=4187, FP=33, FN=83; precision=0.795, recall=0.607
accuracy: (test=0.974) average_precision: (test=0.703) balanced_accuracy: (test=0.799) f1: (test=0.688) roc_auc: (test=0.921) 22.33s
[fit 13/81] END reg_alpha=0.01, reg_lambda=0.05; total=4431, TP=127, TN=4185, FP=35, FN=84; precision=0.784, recall=0.602
accuracy: (test=0.973) average_precision: (test=0.710) balanced_accuracy: (test=0.797) f1: (test=0.681) roc_auc: (test=0.916) 22.23s
[fit 14/81] END reg_alpha=0.01, reg_lambda=0.1; total=4431, TP=125, TN=4189, FP=31, FN=86; precision=0.801, recall=0.592
accuracy: (test=0.974) average_precision: (test=0.716) balanced_accuracy: (test=0.793) f1: (test=0.681) roc_auc: (test=0.921) 22.38s
[fit 15/81] END reg_alpha=0.01, reg_lambda=0.5; total=4431, TP=124, TN=4189, FP=31, FN=87; precision=0.800, recall=0.588
accuracy: (test=0.973) average_precision: (test=0.714) balanced_accuracy: (test=0.790) f1: (test=0.678) roc_auc: (test=0.919) 22.73s
[fit 16/81] END reg_alpha=0.01, reg_lambda=1; total=4431, TP=129, TN=4185, FP=35, FN=82; precision=0.787, recall=0.611
accuracy: (test=0.974) average_precision: (test=0.726) balanced_accuracy: (test=0.802) f1: (test=0.688) roc_auc: (test=0.923) 23.48s
[fit 17/81] END reg_alpha=0.01, reg_lambda=2; total=4431, TP=126, TN=4180, FP=40, FN=85; precision=0.759, recall=0.597
accuracy: (test=0.972) average_precision: (test=0.712) balanced_accuracy: (test=0.794) f1: (test=0.668) roc_auc: (test=0.924) 24.61s
[fit 18/81] END reg_alpha=0.01, reg_lambda=3; total=4431, TP=129, TN=4184, FP=36, FN=82; precision=0.782, recall=0.611
accuracy: (test=0.973) average_precision: (test=0.718) balanced_accuracy: (test=0.801) f1: (test=0.686) roc_auc: (test=0.922) 25.49s
[fit 19/81] END reg_alpha=0.02, reg_lambda=0; total=4431, TP=128, TN=4186, FP=34, FN=83; precision=0.790, recall=0.607
accuracy: (test=0.974) average_precision: (test=0.717) balanced_accuracy: (test=0.799) f1: (test=0.686) roc_auc: (test=0.923) 22.50s
[fit 20/81] END reg_alpha=0.02, reg_lambda=0.01; total=4431, TP=124, TN=4187, FP=33, FN=87; precision=0.790, recall=0.588
accuracy: (test=0.973) average_precision: (test=0.720) balanced_accuracy: (test=0.790) f1: (test=0.674) roc_auc: (test=0.925) 22.61s
[fit 21/81] END reg_alpha=0.02, reg_lambda=0.02; total=4431, TP=130, TN=4179, FP=41, FN=81; precision=0.760, recall=0.616
accuracy: (test=0.972) average_precision: (test=0.720) balanced_accuracy: (test=0.803) f1: (test=0.681) roc_auc: (test=0.922) 22.55s
[fit 22/81] END reg_alpha=0.02, reg_lambda=0.05; total=4431, TP=126, TN=4187, FP=33, FN=85; precision=0.792, recall=0.597
accuracy: (test=0.973) average_precision: (test=0.718) balanced_accuracy: (test=0.795) f1: (test=0.681) roc_auc: (test=0.922) 22.43s
[fit 23/81] END reg_alpha=0.02, reg_lambda=0.1; total=4431, TP=125, TN=4186, FP=34, FN=86; precision=0.786, recall=0.592
accuracy: (test=0.973) average_precision: (test=0.722) balanced_accuracy: (test=0.792) f1: (test=0.676) roc_auc: (test=0.925) 22.58s
[fit 24/81] END reg_alpha=0.02, reg_lambda=0.5; total=4431, TP=129, TN=4186, FP=34, FN=82; precision=0.791, recall=0.611
accuracy: (test=0.974) average_precision: (test=0.727) balanced_accuracy: (test=0.802) f1: (test=0.690) roc_auc: (test=0.927) 22.96s
[fit 25/81] END reg_alpha=0.02, reg_lambda=1; total=4431, TP=129, TN=4186, FP=34, FN=82; precision=0.791, recall=0.611
accuracy: (test=0.974) average_precision: (test=0.722) balanced_accuracy: (test=0.802) f1: (test=0.690) roc_auc: (test=0.922) 23.68s
[fit 26/81] END reg_alpha=0.02, reg_lambda=2; total=4431, TP=127, TN=4192, FP=28, FN=84; precision=0.819, recall=0.602
accuracy: (test=0.975) average_precision: (test=0.714) balanced_accuracy: (test=0.798) f1: (test=0.694) roc_auc: (test=0.924) 24.40s
[fit 27/81] END reg_alpha=0.02, reg_lambda=3; total=4431, TP=127, TN=4188, FP=32, FN=84; precision=0.799, recall=0.602
accuracy: (test=0.974) average_precision: (test=0.716) balanced_accuracy: (test=0.797) f1: (test=0.686) roc_auc: (test=0.923) 25.67s
[fit 28/81] END reg_alpha=0.05, reg_lambda=0; total=4431, TP=125, TN=4186, FP=34, FN=86; precision=0.786, recall=0.592
accuracy: (test=0.973) average_precision: (test=0.706) balanced_accuracy: (test=0.792) f1: (test=0.676) roc_auc: (test=0.918) 22.92s
[fit 29/81] END reg_alpha=0.05, reg_lambda=0.01; total=4431, TP=128, TN=4187, FP=33, FN=83; precision=0.795, recall=0.607
accuracy: (test=0.974) average_precision: (test=0.719) balanced_accuracy: (test=0.799) f1: (test=0.688) roc_auc: (test=0.923) 22.93s
[fit 30/81] END reg_alpha=0.05, reg_lambda=0.02; total=4431, TP=123, TN=4187, FP=33, FN=88; precision=0.788, recall=0.583
accuracy: (test=0.973) average_precision: (test=0.730) balanced_accuracy: (test=0.788) f1: (test=0.670) roc_auc: (test=0.930) 22.82s
[fit 31/81] END reg_alpha=0.05, reg_lambda=0.05; total=4431, TP=129, TN=4182, FP=38, FN=82; precision=0.772, recall=0.611
accuracy: (test=0.973) average_precision: (test=0.717) balanced_accuracy: (test=0.801) f1: (test=0.683) roc_auc: (test=0.921) 22.89s
[fit 32/81] END reg_alpha=0.05, reg_lambda=0.1; total=4431, TP=121, TN=4184, FP=36, FN=90; precision=0.771, recall=0.573
accuracy: (test=0.972) average_precision: (test=0.720) balanced_accuracy: (test=0.782) f1: (test=0.658) roc_auc: (test=0.922) 22.90s
[fit 33/81] END reg_alpha=0.05, reg_lambda=0.5; total=4431, TP=132, TN=4184, FP=36, FN=79; precision=0.786, recall=0.626
accuracy: (test=0.974) average_precision: (test=0.714) balanced_accuracy: (test=0.809) f1: (test=0.697) roc_auc: (test=0.916) 23.40s
[fit 34/81] END reg_alpha=0.05, reg_lambda=1; total=4431, TP=129, TN=4189, FP=31, FN=82; precision=0.806, recall=0.611
accuracy: (test=0.974) average_precision: (test=0.713) balanced_accuracy: (test=0.802) f1: (test=0.695) roc_auc: (test=0.920) 24.09s
[fit 35/81] END reg_alpha=0.05, reg_lambda=2; total=4431, TP=128, TN=4187, FP=33, FN=83; precision=0.795, recall=0.607
accuracy: (test=0.974) average_precision: (test=0.723) balanced_accuracy: (test=0.799) f1: (test=0.688) roc_auc: (test=0.928) 25.27s
[fit 36/81] END reg_alpha=0.05, reg_lambda=3; total=4431, TP=125, TN=4183, FP=37, FN=86; precision=0.772, recall=0.592
accuracy: (test=0.972) average_precision: (test=0.719) balanced_accuracy: (test=0.792) f1: (test=0.670) roc_auc: (test=0.924) 25.95s
[fit 37/81] END reg_alpha=0.1, reg_lambda=0; total=4431, TP=123, TN=4188, FP=32, FN=88; precision=0.794, recall=0.583
accuracy: (test=0.973) average_precision: (test=0.715) balanced_accuracy: (test=0.788) f1: (test=0.672) roc_auc: (test=0.919) 23.46s
[fit 38/81] END reg_alpha=0.1, reg_lambda=0.01; total=4431, TP=127, TN=4179, FP=41, FN=84; precision=0.756, recall=0.602
accuracy: (test=0.972) average_precision: (test=0.711) balanced_accuracy: (test=0.796) f1: (test=0.670) roc_auc: (test=0.926) 23.40s
[fit 39/81] END reg_alpha=0.1, reg_lambda=0.02; total=4431, TP=128, TN=4187, FP=33, FN=83; precision=0.795, recall=0.607
accuracy: (test=0.974) average_precision: (test=0.714) balanced_accuracy: (test=0.799) f1: (test=0.688) roc_auc: (test=0.917) 23.33s
[fit 40/81] END reg_alpha=0.1, reg_lambda=0.05; total=4431, TP=128, TN=4181, FP=39, FN=83; precision=0.766, recall=0.607
accuracy: (test=0.972) average_precision: (test=0.706) balanced_accuracy: (test=0.799) f1: (test=0.677) roc_auc: (test=0.919) 23.48s
[fit 41/81] END reg_alpha=0.1, reg_lambda=0.1; total=4431, TP=126, TN=4182, FP=38, FN=85; precision=0.768, recall=0.597
accuracy: (test=0.972) average_precision: (test=0.726) balanced_accuracy: (test=0.794) f1: (test=0.672) roc_auc: (test=0.922) 23.49s
[fit 42/81] END reg_alpha=0.1, reg_lambda=0.5; total=4431, TP=125, TN=4184, FP=36, FN=86; precision=0.776, recall=0.592
accuracy: (test=0.972) average_precision: (test=0.721) balanced_accuracy: (test=0.792) f1: (test=0.672) roc_auc: (test=0.926) 24.03s
[fit 43/81] END reg_alpha=0.1, reg_lambda=1; total=4431, TP=128, TN=4188, FP=32, FN=83; precision=0.800, recall=0.607
accuracy: (test=0.974) average_precision: (test=0.736) balanced_accuracy: (test=0.800) f1: (test=0.690) roc_auc: (test=0.927) 24.58s
[fit 44/81] END reg_alpha=0.1, reg_lambda=2; total=4431, TP=124, TN=4185, FP=35, FN=87; precision=0.780, recall=0.588
accuracy: (test=0.972) average_precision: (test=0.718) balanced_accuracy: (test=0.790) f1: (test=0.670) roc_auc: (test=0.923) 25.67s
[fit 45/81] END reg_alpha=0.1, reg_lambda=3; total=4431, TP=125, TN=4187, FP=33, FN=86; precision=0.791, recall=0.592
accuracy: (test=0.973) average_precision: (test=0.724) balanced_accuracy: (test=0.792) f1: (test=0.678) roc_auc: (test=0.926) 26.50s
[fit 46/81] END reg_alpha=0.5, reg_lambda=0; total=4431, TP=129, TN=4183, FP=37, FN=82; precision=0.777, recall=0.611
accuracy: (test=0.973) average_precision: (test=0.725) balanced_accuracy: (test=0.801) f1: (test=0.684) roc_auc: (test=0.926) 27.34s
[fit 47/81] END reg_alpha=0.5, reg_lambda=0.01; total=4431, TP=128, TN=4186, FP=34, FN=83; precision=0.790, recall=0.607
accuracy: (test=0.974) average_precision: (test=0.717) balanced_accuracy: (test=0.799) f1: (test=0.686) roc_auc: (test=0.920) 27.27s
[fit 48/81] END reg_alpha=0.5, reg_lambda=0.02; total=4431, TP=126, TN=4189, FP=31, FN=85; precision=0.803, recall=0.597
accuracy: (test=0.974) average_precision: (test=0.720) balanced_accuracy: (test=0.795) f1: (test=0.685) roc_auc: (test=0.921) 27.14s
[fit 49/81] END reg_alpha=0.5, reg_lambda=0.05; total=4431, TP=125, TN=4182, FP=38, FN=86; precision=0.767, recall=0.592
accuracy: (test=0.972) average_precision: (test=0.716) balanced_accuracy: (test=0.792) f1: (test=0.668) roc_auc: (test=0.920) 27.26s
[fit 50/81] END reg_alpha=0.5, reg_lambda=0.1; total=4431, TP=127, TN=4190, FP=30, FN=84; precision=0.809, recall=0.602
accuracy: (test=0.974) average_precision: (test=0.719) balanced_accuracy: (test=0.797) f1: (test=0.690) roc_auc: (test=0.919) 27.44s
[fit 51/81] END reg_alpha=0.5, reg_lambda=0.5; total=4431, TP=127, TN=4192, FP=28, FN=84; precision=0.819, recall=0.602
accuracy: (test=0.975) average_precision: (test=0.721) balanced_accuracy: (test=0.798) f1: (test=0.694) roc_auc: (test=0.921) 27.89s
[fit 52/81] END reg_alpha=0.5, reg_lambda=1; total=4431, TP=127, TN=4187, FP=33, FN=84; precision=0.794, recall=0.602
accuracy: (test=0.974) average_precision: (test=0.714) balanced_accuracy: (test=0.797) f1: (test=0.685) roc_auc: (test=0.925) 28.38s
[fit 53/81] END reg_alpha=0.5, reg_lambda=2; total=4431, TP=120, TN=4184, FP=36, FN=91; precision=0.769, recall=0.569
accuracy: (test=0.971) average_precision: (test=0.715) balanced_accuracy: (test=0.780) f1: (test=0.654) roc_auc: (test=0.927) 29.00s
[fit 54/81] END reg_alpha=0.5, reg_lambda=3; total=4431, TP=129, TN=4185, FP=35, FN=82; precision=0.787, recall=0.611
accuracy: (test=0.974) average_precision: (test=0.723) balanced_accuracy: (test=0.802) f1: (test=0.688) roc_auc: (test=0.919) 29.47s
[fit 55/81] END reg_alpha=1, reg_lambda=0; total=4431, TP=128, TN=4186, FP=34, FN=83; precision=0.790, recall=0.607
accuracy: (test=0.974) average_precision: (test=0.722) balanced_accuracy: (test=0.799) f1: (test=0.686) roc_auc: (test=0.929) 29.49s
[fit 56/81] END reg_alpha=1, reg_lambda=0.01; total=4431, TP=126, TN=4182, FP=38, FN=85; precision=0.768, recall=0.597
accuracy: (test=0.972) average_precision: (test=0.724) balanced_accuracy: (test=0.794) f1: (test=0.672) roc_auc: (test=0.921) 29.81s
[fit 57/81] END reg_alpha=1, reg_lambda=0.02; total=4431, TP=126, TN=4184, FP=36, FN=85; precision=0.778, recall=0.597
accuracy: (test=0.973) average_precision: (test=0.717) balanced_accuracy: (test=0.794) f1: (test=0.676) roc_auc: (test=0.916) 29.60s
[fit 58/81] END reg_alpha=1, reg_lambda=0.05; total=4431, TP=127, TN=4188, FP=32, FN=84; precision=0.799, recall=0.602
accuracy: (test=0.974) average_precision: (test=0.716) balanced_accuracy: (test=0.797) f1: (test=0.686) roc_auc: (test=0.930) 29.82s
[fit 59/81] END reg_alpha=1, reg_lambda=0.1; total=4431, TP=126, TN=4186, FP=34, FN=85; precision=0.787, recall=0.597
accuracy: (test=0.973) average_precision: (test=0.723) balanced_accuracy: (test=0.795) f1: (test=0.679) roc_auc: (test=0.924) 29.83s
[fit 60/81] END reg_alpha=1, reg_lambda=0.5; total=4431, TP=127, TN=4184, FP=36, FN=84; precision=0.779, recall=0.602
accuracy: (test=0.973) average_precision: (test=0.717) balanced_accuracy: (test=0.797) f1: (test=0.679) roc_auc: (test=0.924) 30.12s
[fit 61/81] END reg_alpha=1, reg_lambda=1; total=4431, TP=125, TN=4179, FP=41, FN=86; precision=0.753, recall=0.592
accuracy: (test=0.971) average_precision: (test=0.702) balanced_accuracy: (test=0.791) f1: (test=0.663) roc_auc: (test=0.917) 30.41s
[fit 62/81] END reg_alpha=1, reg_lambda=2; total=4431, TP=127, TN=4185, FP=35, FN=84; precision=0.784, recall=0.602
accuracy: (test=0.973) average_precision: (test=0.722) balanced_accuracy: (test=0.797) f1: (test=0.681) roc_auc: (test=0.919) 31.31s
[fit 63/81] END reg_alpha=1, reg_lambda=3; total=4431, TP=125, TN=4182, FP=38, FN=86; precision=0.767, recall=0.592
accuracy: (test=0.972) average_precision: (test=0.710) balanced_accuracy: (test=0.792) f1: (test=0.668) roc_auc: (test=0.918) 32.01s
[fit 64/81] END reg_alpha=2, reg_lambda=0; total=4431, TP=130, TN=4183, FP=37, FN=81; precision=0.778, recall=0.616
accuracy: (test=0.973) average_precision: (test=0.716) balanced_accuracy: (test=0.804) f1: (test=0.688) roc_auc: (test=0.920) 30.80s
[fit 65/81] END reg_alpha=2, reg_lambda=0.01; total=4431, TP=126, TN=4181, FP=39, FN=85; precision=0.764, recall=0.597
accuracy: (test=0.972) average_precision: (test=0.708) balanced_accuracy: (test=0.794) f1: (test=0.670) roc_auc: (test=0.917) 30.91s
[fit 66/81] END reg_alpha=2, reg_lambda=0.02; total=4431, TP=128, TN=4177, FP=43, FN=83; precision=0.749, recall=0.607
accuracy: (test=0.972) average_precision: (test=0.710) balanced_accuracy: (test=0.798) f1: (test=0.670) roc_auc: (test=0.922) 30.82s
[fit 67/81] END reg_alpha=2, reg_lambda=0.05; total=4431, TP=132, TN=4177, FP=43, FN=79; precision=0.754, recall=0.626
accuracy: (test=0.972) average_precision: (test=0.712) balanced_accuracy: (test=0.808) f1: (test=0.684) roc_auc: (test=0.922) 30.88s
[fit 68/81] END reg_alpha=2, reg_lambda=0.1; total=4431, TP=130, TN=4178, FP=42, FN=81; precision=0.756, recall=0.616
accuracy: (test=0.972) average_precision: (test=0.710) balanced_accuracy: (test=0.803) f1: (test=0.679) roc_auc: (test=0.918) 30.74s
[fit 69/81] END reg_alpha=2, reg_lambda=0.5; total=4431, TP=127, TN=4182, FP=38, FN=84; precision=0.770, recall=0.602
accuracy: (test=0.972) average_precision: (test=0.716) balanced_accuracy: (test=0.796) f1: (test=0.676) roc_auc: (test=0.925) 31.40s
[fit 70/81] END reg_alpha=2, reg_lambda=1; total=4431, TP=125, TN=4179, FP=41, FN=86; precision=0.753, recall=0.592
accuracy: (test=0.971) average_precision: (test=0.708) balanced_accuracy: (test=0.791) f1: (test=0.663) roc_auc: (test=0.916) 31.70s
[fit 71/81] END reg_alpha=2, reg_lambda=2; total=4431, TP=132, TN=4181, FP=39, FN=79; precision=0.772, recall=0.626
accuracy: (test=0.973) average_precision: (test=0.717) balanced_accuracy: (test=0.808) f1: (test=0.691) roc_auc: (test=0.921) 32.43s
[fit 72/81] END reg_alpha=2, reg_lambda=3; total=4431, TP=120, TN=4181, FP=39, FN=91; precision=0.755, recall=0.569
accuracy: (test=0.971) average_precision: (test=0.710) balanced_accuracy: (test=0.780) f1: (test=0.649) roc_auc: (test=0.922) 33.16s
[fit 73/81] END reg_alpha=3, reg_lambda=0; total=4431, TP=128, TN=4184, FP=36, FN=83; precision=0.780, recall=0.607
accuracy: (test=0.973) average_precision: (test=0.720) balanced_accuracy: (test=0.799) f1: (test=0.683) roc_auc: (test=0.918) 30.84s
[fit 74/81] END reg_alpha=3, reg_lambda=0.01; total=4431, TP=128, TN=4176, FP=44, FN=83; precision=0.744, recall=0.607
accuracy: (test=0.971) average_precision: (test=0.710) balanced_accuracy: (test=0.798) f1: (test=0.668) roc_auc: (test=0.921) 30.63s
[fit 75/81] END reg_alpha=3, reg_lambda=0.02; total=4431, TP=126, TN=4183, FP=37, FN=85; precision=0.773, recall=0.597
accuracy: (test=0.972) average_precision: (test=0.717) balanced_accuracy: (test=0.794) f1: (test=0.674) roc_auc: (test=0.922) 30.68s
[fit 76/81] END reg_alpha=3, reg_lambda=0.05; total=4431, TP=123, TN=4179, FP=41, FN=88; precision=0.750, recall=0.583
accuracy: (test=0.971) average_precision: (test=0.714) balanced_accuracy: (test=0.787) f1: (test=0.656) roc_auc: (test=0.921) 30.81s
[fit 77/81] END reg_alpha=3, reg_lambda=0.1; total=4431, TP=129, TN=4179, FP=41, FN=82; precision=0.759, recall=0.611
accuracy: (test=0.972) average_precision: (test=0.710) balanced_accuracy: (test=0.801) f1: (test=0.677) roc_auc: (test=0.923) 30.87s
[fit 78/81] END reg_alpha=3, reg_lambda=0.5; total=4431, TP=131, TN=4177, FP=43, FN=80; precision=0.753, recall=0.621
accuracy: (test=0.972) average_precision: (test=0.716) balanced_accuracy: (test=0.805) f1: (test=0.681) roc_auc: (test=0.917) 30.96s
[fit 79/81] END reg_alpha=3, reg_lambda=1; total=4431, TP=126, TN=4178, FP=42, FN=85; precision=0.750, recall=0.597
accuracy: (test=0.971) average_precision: (test=0.703) balanced_accuracy: (test=0.794) f1: (test=0.665) roc_auc: (test=0.920) 31.43s
[fit 80/81] END reg_alpha=3, reg_lambda=2; total=4431, TP=130, TN=4171, FP=49, FN=81; precision=0.726, recall=0.616
accuracy: (test=0.971) average_precision: (test=0.716) balanced_accuracy: (test=0.802) f1: (test=0.667) roc_auc: (test=0.924) 32.02s
[fit 81/81] END reg_alpha=3, reg_lambda=3; total=4431, TP=132, TN=4179, FP=41, FN=79; precision=0.763, recall=0.626
accuracy: (test=0.973) average_precision: (test=0.717) balanced_accuracy: (test=0.808) f1: (test=0.687) roc_auc: (test=0.925) 32.53s
clf.best_estimator_params: {'reg_alpha': 0, 'reg_lambda': 0}
best params found in line [2] for metric [roc_auc] in rank file
best params found in fit [1] for metric [roc_auc] in run_and_score file
clf.best_scoring_result: [Total: (test=4431) TP: (test=131.000) TN: (test=4188.000) FP: (test=32.000) FN: (test=80.000) precision: (test=0.804) recall: (test=0.621) accuracy: (test=0.975) average_precision: (test=0.729) balanced_accuracy: (test=0.807) f1: (test=0.701) roc_auc: (test=0.930) ]
write rank test to csv!!!
write over!!!
第六次
{'objective': 'binary:logistic', 'use_label_encoder': False, 'base_score': None, 'booster': None, 'colsample_bylevel': None, 'colsample_bynode': None, 'colsample_bytree': 0.8, 'gamma': 0, 'gpu_id': None, 'importance_type': 'gain', 'interaction_constraints': None, 'learning_rate': 0.1, 'max_delta_step': None, 'max_depth': 10, 'min_child_weight': 3, 'missing': nan, 'monotone_constraints': None, 'n_estimators': 950, 'n_jobs': None, 'num_parallel_tree': None, 'random_state': None, 'reg_alpha': 0, 'reg_lambda': 0, 'scale_pos_weight': None, 'subsample': 0.8, 'tree_method': 'gpu_hist', 'validate_parameters': None, 'verbosity': None, 'seed': 0, 'eval_metric': 'logloss'}
Fitting, totalling 9 fits
[fit 1/9] END learning_rate=0.001; total=4431, TP=128, TN=3683, FP=537, FN=83; precision=0.192, recall=0.607
accuracy: (test=0.860) average_precision: (test=0.356) balanced_accuracy: (test=0.740) f1: (test=0.292) roc_auc: (test=0.824) 1.00min
[fit 2/9] END learning_rate=0.01; total=4431, TP=132, TN=4125, FP=95, FN=79; precision=0.581, recall=0.626
accuracy: (test=0.961) average_precision: (test=0.671) balanced_accuracy: (test=0.802) f1: (test=0.603) roc_auc: (test=0.905) 52.23s
[fit 3/9] END learning_rate=0.05; total=4431, TP=128, TN=4186, FP=34, FN=83; precision=0.790, recall=0.607
accuracy: (test=0.974) average_precision: (test=0.716) balanced_accuracy: (test=0.799) f1: (test=0.686) roc_auc: (test=0.919) 30.42s
[fit 4/9] END learning_rate=0.07; total=4431, TP=128, TN=4188, FP=32, FN=83; precision=0.800, recall=0.607
accuracy: (test=0.974) average_precision: (test=0.724) balanced_accuracy: (test=0.800) f1: (test=0.690) roc_auc: (test=0.924) 26.13s
[fit 5/9] END learning_rate=0.1; total=4431, TP=131, TN=4188, FP=32, FN=80; precision=0.804, recall=0.621
accuracy: (test=0.975) average_precision: (test=0.729) balanced_accuracy: (test=0.807) f1: (test=0.701) roc_auc: (test=0.930) 21.86s
[fit 6/9] END learning_rate=0.2; total=4431, TP=129, TN=4185, FP=35, FN=82; precision=0.787, recall=0.611
accuracy: (test=0.974) average_precision: (test=0.721) balanced_accuracy: (test=0.802) f1: (test=0.688) roc_auc: (test=0.928) 16.43s
[fit 7/9] END learning_rate=0.5; total=4431, TP=128, TN=4160, FP=60, FN=83; precision=0.681, recall=0.607
accuracy: (test=0.968) average_precision: (test=0.664) balanced_accuracy: (test=0.796) f1: (test=0.642) roc_auc: (test=0.911) 11.40s
[fit 8/9] END learning_rate=0.75; total=4431, TP=126, TN=4140, FP=80, FN=85; precision=0.612, recall=0.597
accuracy: (test=0.963) average_precision: (test=0.652) balanced_accuracy: (test=0.789) f1: (test=0.604) roc_auc: (test=0.915) 9.91s
[fit 9/9] END learning_rate=1.0; total=4431, TP=126, TN=4093, FP=127, FN=85; precision=0.498, recall=0.597
accuracy: (test=0.952) average_precision: (test=0.570) balanced_accuracy: (test=0.784) f1: (test=0.543) roc_auc: (test=0.888) 9.11s
clf.best_estimator_params: {'learning_rate': 0.1}
best params found in line [6] for metric [roc_auc] in rank file
best params found in fit [5] for metric [roc_auc] in run_and_score file
clf.best_scoring_result: [Total: (test=4431) TP: (test=131.000) TN: (test=4188.000) FP: (test=32.000) FN: (test=80.000) precision: (test=0.804) recall: (test=0.621) accuracy: (test=0.975) average_precision: (test=0.729) balanced_accuracy: (test=0.807) f1: (test=0.701) roc_auc: (test=0.930) ]
write rank test to csv!!!
write over!!!
total time spending: 1h 3m 49s
