nohup: ignoring input
experiment: HeLa-S3 eiip_deepforest
trainSet len:[X=62640,y=62640]
testSet len:[X=3654,y=3654]
Fitting, totalling 140 fits
[fit 1/140] END max_layers=10, n_estimators=2, n_trees=50; total=3654, TP=91, TN=3478, FP=2, FN=83; precision=0.978, recall=0.523
accuracy: (test=0.977) average_precision: (test=0.639) balanced_accuracy: (test=0.761) f1: (test=0.682) roc_auc: (test=0.837) 1.42min
[fit 2/140] END max_layers=10, n_estimators=2, n_trees=100; total=3654, TP=88, TN=3477, FP=3, FN=86; precision=0.967, recall=0.506
accuracy: (test=0.976) average_precision: (test=0.791) balanced_accuracy: (test=0.752) f1: (test=0.664) roc_auc: (test=0.928) 1.67min
[fit 3/140] END max_layers=10, n_estimators=2, n_trees=150; total=3654, TP=88, TN=3475, FP=5, FN=86; precision=0.946, recall=0.506
accuracy: (test=0.975) average_precision: (test=0.785) balanced_accuracy: (test=0.752) f1: (test=0.659) roc_auc: (test=0.931) 2.54min
[fit 4/140] END max_layers=10, n_estimators=2, n_trees=200; total=3654, TP=93, TN=3477, FP=3, FN=81; precision=0.969, recall=0.534
accuracy: (test=0.977) average_precision: (test=0.799) balanced_accuracy: (test=0.767) f1: (test=0.689) roc_auc: (test=0.931) 3.18min
[fit 5/140] END max_layers=10, n_estimators=2, n_trees=250; total=3654, TP=90, TN=3476, FP=4, FN=84; precision=0.957, recall=0.517
accuracy: (test=0.976) average_precision: (test=0.798) balanced_accuracy: (test=0.758) f1: (test=0.672) roc_auc: (test=0.933) 3.66min
[fit 6/140] END max_layers=10, n_estimators=2, n_trees=300; total=3654, TP=91, TN=3477, FP=3, FN=83; precision=0.968, recall=0.523
accuracy: (test=0.976) average_precision: (test=0.803) balanced_accuracy: (test=0.761) f1: (test=0.679) roc_auc: (test=0.938) 4.00min
[fit 7/140] END max_layers=10, n_estimators=2, n_trees=400; total=3654, TP=91, TN=3476, FP=4, FN=83; precision=0.958, recall=0.523
accuracy: (test=0.976) average_precision: (test=0.811) balanced_accuracy: (test=0.761) f1: (test=0.677) roc_auc: (test=0.931) 5.56min
[fit 8/140] END max_layers=10, n_estimators=5, n_trees=50; total=3654, TP=87, TN=3478, FP=2, FN=87; precision=0.978, recall=0.500
accuracy: (test=0.976) average_precision: (test=0.640) balanced_accuracy: (test=0.750) f1: (test=0.662) roc_auc: (test=0.820) 2.41min
[fit 9/140] END max_layers=10, n_estimators=5, n_trees=100; total=3654, TP=89, TN=3477, FP=3, FN=85; precision=0.967, recall=0.511
accuracy: (test=0.976) average_precision: (test=0.778) balanced_accuracy: (test=0.755) f1: (test=0.669) roc_auc: (test=0.933) 3.67min
[fit 10/140] END max_layers=10, n_estimators=5, n_trees=150; total=3654, TP=90, TN=3476, FP=4, FN=84; precision=0.957, recall=0.517
accuracy: (test=0.976) average_precision: (test=0.769) balanced_accuracy: (test=0.758) f1: (test=0.672) roc_auc: (test=0.932) 4.30min
[fit 11/140] END max_layers=10, n_estimators=5, n_trees=200; total=3654, TP=95, TN=3477, FP=3, FN=79; precision=0.969, recall=0.546
accuracy: (test=0.978) average_precision: (test=0.820) balanced_accuracy: (test=0.773) f1: (test=0.699) roc_auc: (test=0.946) 5.63min
[fit 12/140] END max_layers=10, n_estimators=5, n_trees=250; total=3654, TP=93, TN=3476, FP=4, FN=81; precision=0.959, recall=0.534
accuracy: (test=0.977) average_precision: (test=0.819) balanced_accuracy: (test=0.767) f1: (test=0.686) roc_auc: (test=0.941) 6.16min
[fit 13/140] END max_layers=10, n_estimators=5, n_trees=300; total=3654, TP=93, TN=3476, FP=4, FN=81; precision=0.959, recall=0.534
accuracy: (test=0.977) average_precision: (test=0.821) balanced_accuracy: (test=0.767) f1: (test=0.686) roc_auc: (test=0.940) 8.33min
[fit 14/140] END max_layers=10, n_estimators=5, n_trees=400; total=3654, TP=91, TN=3476, FP=4, FN=83; precision=0.958, recall=0.523
accuracy: (test=0.976) average_precision: (test=0.820) balanced_accuracy: (test=0.761) f1: (test=0.677) roc_auc: (test=0.941) 10.25min
[fit 15/140] END max_layers=10, n_estimators=8, n_trees=50; total=3654, TP=83, TN=3478, FP=2, FN=91; precision=0.976, recall=0.477
accuracy: (test=0.975) average_precision: (test=0.597) balanced_accuracy: (test=0.738) f1: (test=0.641) roc_auc: (test=0.795) 4.90min
[fit 16/140] END max_layers=10, n_estimators=8, n_trees=100; total=3654, TP=88, TN=3477, FP=3, FN=86; precision=0.967, recall=0.506
accuracy: (test=0.976) average_precision: (test=0.747) balanced_accuracy: (test=0.752) f1: (test=0.664) roc_auc: (test=0.909) 4.75min
[fit 17/140] END max_layers=10, n_estimators=8, n_trees=150; total=3654, TP=88, TN=3476, FP=4, FN=86; precision=0.957, recall=0.506
accuracy: (test=0.975) average_precision: (test=0.751) balanced_accuracy: (test=0.752) f1: (test=0.662) roc_auc: (test=0.908) 6.89min
[fit 18/140] END max_layers=10, n_estimators=8, n_trees=200; total=3654, TP=90, TN=3477, FP=3, FN=84; precision=0.968, recall=0.517
accuracy: (test=0.976) average_precision: (test=0.747) balanced_accuracy: (test=0.758) f1: (test=0.674) roc_auc: (test=0.908) 9.23min
[fit 19/140] END max_layers=10, n_estimators=8, n_trees=250; total=3654, TP=93, TN=3476, FP=4, FN=81; precision=0.959, recall=0.534
accuracy: (test=0.977) average_precision: (test=0.818) balanced_accuracy: (test=0.767) f1: (test=0.686) roc_auc: (test=0.949) 8.91min
[fit 20/140] END max_layers=10, n_estimators=8, n_trees=300; total=3654, TP=92, TN=3476, FP=4, FN=82; precision=0.958, recall=0.529
accuracy: (test=0.976) average_precision: (test=0.819) balanced_accuracy: (test=0.764) f1: (test=0.681) roc_auc: (test=0.948) 11.10min
[fit 21/140] END max_layers=10, n_estimators=8, n_trees=400; total=3654, TP=92, TN=3476, FP=4, FN=82; precision=0.958, recall=0.529
accuracy: (test=0.976) average_precision: (test=0.818) balanced_accuracy: (test=0.764) f1: (test=0.681) roc_auc: (test=0.944) 15.01min
[fit 22/140] END max_layers=10, n_estimators=10, n_trees=50; total=3654, TP=87, TN=3478, FP=2, FN=87; precision=0.978, recall=0.500
accuracy: (test=0.976) average_precision: (test=0.580) balanced_accuracy: (test=0.750) f1: (test=0.662) roc_auc: (test=0.787) 5.69min
[fit 23/140] END max_layers=10, n_estimators=10, n_trees=100; total=3654, TP=88, TN=3477, FP=3, FN=86; precision=0.967, recall=0.506
accuracy: (test=0.976) average_precision: (test=0.718) balanced_accuracy: (test=0.752) f1: (test=0.664) roc_auc: (test=0.875) 6.15min
[fit 24/140] END max_layers=10, n_estimators=10, n_trees=150; total=3654, TP=88, TN=3477, FP=3, FN=86; precision=0.967, recall=0.506
accuracy: (test=0.976) average_precision: (test=0.716) balanced_accuracy: (test=0.752) f1: (test=0.664) roc_auc: (test=0.871) 8.21min
[fit 25/140] END max_layers=10, n_estimators=10, n_trees=200; total=3654, TP=94, TN=3476, FP=4, FN=80; precision=0.959, recall=0.540
accuracy: (test=0.977) average_precision: (test=0.819) balanced_accuracy: (test=0.770) f1: (test=0.691) roc_auc: (test=0.948) 9.53min
[fit 26/140] END max_layers=10, n_estimators=10, n_trees=250; total=3654, TP=93, TN=3476, FP=4, FN=81; precision=0.959, recall=0.534
accuracy: (test=0.977) average_precision: (test=0.817) balanced_accuracy: (test=0.767) f1: (test=0.686) roc_auc: (test=0.947) 11.05min
[fit 27/140] END max_layers=10, n_estimators=10, n_trees=300; total=3654, TP=87, TN=3477, FP=3, FN=87; precision=0.967, recall=0.500
accuracy: (test=0.975) average_precision: (test=0.733) balanced_accuracy: (test=0.750) f1: (test=0.659) roc_auc: (test=0.892) 16.41min
[fit 28/140] END max_layers=10, n_estimators=10, n_trees=400; total=3654, TP=92, TN=3475, FP=5, FN=82; precision=0.948, recall=0.529
accuracy: (test=0.976) average_precision: (test=0.816) balanced_accuracy: (test=0.764) f1: (test=0.679) roc_auc: (test=0.944) 17.40min
[fit 29/140] END max_layers=10, n_estimators=13, n_trees=50; total=3654, TP=89, TN=3478, FP=2, FN=85; precision=0.978, recall=0.511
accuracy: (test=0.976) average_precision: (test=0.578) balanced_accuracy: (test=0.755) f1: (test=0.672) roc_auc: (test=0.785) 6.39min
[fit 30/140] END max_layers=10, n_estimators=13, n_trees=100; total=3654, TP=89, TN=3477, FP=3, FN=85; precision=0.967, recall=0.511
accuracy: (test=0.976) average_precision: (test=0.663) balanced_accuracy: (test=0.755) f1: (test=0.669) roc_auc: (test=0.831) 9.59min
[fit 31/140] END max_layers=10, n_estimators=13, n_trees=150; total=3654, TP=87, TN=3477, FP=3, FN=87; precision=0.967, recall=0.500
accuracy: (test=0.975) average_precision: (test=0.702) balanced_accuracy: (test=0.750) f1: (test=0.659) roc_auc: (test=0.860) 9.89min
[fit 32/140] END max_layers=10, n_estimators=13, n_trees=200; total=3654, TP=94, TN=3477, FP=3, FN=80; precision=0.969, recall=0.540
accuracy: (test=0.977) average_precision: (test=0.814) balanced_accuracy: (test=0.770) f1: (test=0.694) roc_auc: (test=0.947) 12.21min
[fit 33/140] END max_layers=10, n_estimators=13, n_trees=250; total=3654, TP=92, TN=3476, FP=4, FN=82; precision=0.958, recall=0.529
accuracy: (test=0.976) average_precision: (test=0.815) balanced_accuracy: (test=0.764) f1: (test=0.681) roc_auc: (test=0.948) 15.44min
[fit 34/140] END max_layers=10, n_estimators=13, n_trees=300; total=3654, TP=92, TN=3476, FP=4, FN=82; precision=0.958, recall=0.529
accuracy: (test=0.976) average_precision: (test=0.814) balanced_accuracy: (test=0.764) f1: (test=0.681) roc_auc: (test=0.948) 16.76min
[fit 35/140] END max_layers=10, n_estimators=13, n_trees=400; total=3654, TP=91, TN=3475, FP=5, FN=83; precision=0.948, recall=0.523
accuracy: (test=0.976) average_precision: (test=0.815) balanced_accuracy: (test=0.761) f1: (test=0.674) roc_auc: (test=0.946) 22.77min
[fit 36/140] END max_layers=15, n_estimators=2, n_trees=50; total=3654, TP=91, TN=3478, FP=2, FN=83; precision=0.978, recall=0.523
accuracy: (test=0.977) average_precision: (test=0.639) balanced_accuracy: (test=0.761) f1: (test=0.682) roc_auc: (test=0.837) 1.31min
[fit 37/140] END max_layers=15, n_estimators=2, n_trees=100; total=3654, TP=88, TN=3477, FP=3, FN=86; precision=0.967, recall=0.506
accuracy: (test=0.976) average_precision: (test=0.791) balanced_accuracy: (test=0.752) f1: (test=0.664) roc_auc: (test=0.928) 1.56min
[fit 38/140] END max_layers=15, n_estimators=2, n_trees=150; total=3654, TP=88, TN=3475, FP=5, FN=86; precision=0.946, recall=0.506
accuracy: (test=0.975) average_precision: (test=0.785) balanced_accuracy: (test=0.752) f1: (test=0.659) roc_auc: (test=0.931) 2.35min
[fit 39/140] END max_layers=15, n_estimators=2, n_trees=200; total=3654, TP=93, TN=3477, FP=3, FN=81; precision=0.969, recall=0.534
accuracy: (test=0.977) average_precision: (test=0.799) balanced_accuracy: (test=0.767) f1: (test=0.689) roc_auc: (test=0.931) 3.07min
[fit 40/140] END max_layers=15, n_estimators=2, n_trees=250; total=3654, TP=90, TN=3476, FP=4, FN=84; precision=0.957, recall=0.517
accuracy: (test=0.976) average_precision: (test=0.798) balanced_accuracy: (test=0.758) f1: (test=0.672) roc_auc: (test=0.933) 3.78min
[fit 41/140] END max_layers=15, n_estimators=2, n_trees=300; total=3654, TP=91, TN=3477, FP=3, FN=83; precision=0.968, recall=0.523
accuracy: (test=0.976) average_precision: (test=0.803) balanced_accuracy: (test=0.761) f1: (test=0.679) roc_auc: (test=0.938) 4.94min
[fit 42/140] END max_layers=15, n_estimators=2, n_trees=400; total=3654, TP=91, TN=3476, FP=4, FN=83; precision=0.958, recall=0.523
accuracy: (test=0.976) average_precision: (test=0.811) balanced_accuracy: (test=0.761) f1: (test=0.677) roc_auc: (test=0.931) 6.51min
[fit 43/140] END max_layers=15, n_estimators=5, n_trees=50; total=3654, TP=87, TN=3478, FP=2, FN=87; precision=0.978, recall=0.500
accuracy: (test=0.976) average_precision: (test=0.640) balanced_accuracy: (test=0.750) f1: (test=0.662) roc_auc: (test=0.820) 2.68min
[fit 44/140] END max_layers=15, n_estimators=5, n_trees=100; total=3654, TP=89, TN=3477, FP=3, FN=85; precision=0.967, recall=0.511
accuracy: (test=0.976) average_precision: (test=0.778) balanced_accuracy: (test=0.755) f1: (test=0.669) roc_auc: (test=0.933) 3.03min
[fit 45/140] END max_layers=15, n_estimators=5, n_trees=150; total=3654, TP=90, TN=3476, FP=4, FN=84; precision=0.957, recall=0.517
accuracy: (test=0.976) average_precision: (test=0.769) balanced_accuracy: (test=0.758) f1: (test=0.672) roc_auc: (test=0.932) 4.46min
[fit 46/140] END max_layers=15, n_estimators=5, n_trees=200; total=3654, TP=95, TN=3477, FP=3, FN=79; precision=0.969, recall=0.546
accuracy: (test=0.978) average_precision: (test=0.820) balanced_accuracy: (test=0.773) f1: (test=0.699) roc_auc: (test=0.946) 5.52min
[fit 47/140] END max_layers=15, n_estimators=5, n_trees=250; total=3654, TP=93, TN=3476, FP=4, FN=81; precision=0.959, recall=0.534
accuracy: (test=0.977) average_precision: (test=0.819) balanced_accuracy: (test=0.767) f1: (test=0.686) roc_auc: (test=0.941) 5.11min
[fit 48/140] END max_layers=15, n_estimators=5, n_trees=300; total=3654, TP=93, TN=3476, FP=4, FN=81; precision=0.959, recall=0.534
accuracy: (test=0.977) average_precision: (test=0.821) balanced_accuracy: (test=0.767) f1: (test=0.686) roc_auc: (test=0.940) 5.01min
[fit 49/140] END max_layers=15, n_estimators=5, n_trees=400; total=3654, TP=91, TN=3476, FP=4, FN=83; precision=0.958, recall=0.523
accuracy: (test=0.976) average_precision: (test=0.820) balanced_accuracy: (test=0.761) f1: (test=0.677) roc_auc: (test=0.941) 6.56min
[fit 50/140] END max_layers=15, n_estimators=8, n_trees=50; total=3654, TP=83, TN=3478, FP=2, FN=91; precision=0.976, recall=0.477
accuracy: (test=0.975) average_precision: (test=0.597) balanced_accuracy: (test=0.738) f1: (test=0.641) roc_auc: (test=0.795) 2.95min
[fit 51/140] END max_layers=15, n_estimators=8, n_trees=100; total=3654, TP=88, TN=3477, FP=3, FN=86; precision=0.967, recall=0.506
accuracy: (test=0.976) average_precision: (test=0.747) balanced_accuracy: (test=0.752) f1: (test=0.664) roc_auc: (test=0.909) 3.36min
[fit 52/140] END max_layers=15, n_estimators=8, n_trees=150; total=3654, TP=88, TN=3476, FP=4, FN=86; precision=0.957, recall=0.506
accuracy: (test=0.975) average_precision: (test=0.751) balanced_accuracy: (test=0.752) f1: (test=0.662) roc_auc: (test=0.908) 4.54min
[fit 53/140] END max_layers=15, n_estimators=8, n_trees=200; total=3654, TP=90, TN=3477, FP=3, FN=84; precision=0.968, recall=0.517
accuracy: (test=0.976) average_precision: (test=0.747) balanced_accuracy: (test=0.758) f1: (test=0.674) roc_auc: (test=0.908) 5.81min
[fit 54/140] END max_layers=15, n_estimators=8, n_trees=250; total=3654, TP=93, TN=3476, FP=4, FN=81; precision=0.959, recall=0.534
accuracy: (test=0.977) average_precision: (test=0.818) balanced_accuracy: (test=0.767) f1: (test=0.686) roc_auc: (test=0.949) 6.31min
[fit 55/140] END max_layers=15, n_estimators=8, n_trees=300; total=3654, TP=92, TN=3476, FP=4, FN=82; precision=0.958, recall=0.529
accuracy: (test=0.976) average_precision: (test=0.819) balanced_accuracy: (test=0.764) f1: (test=0.681) roc_auc: (test=0.948) 7.49min
[fit 56/140] END max_layers=15, n_estimators=8, n_trees=400; total=3654, TP=92, TN=3476, FP=4, FN=82; precision=0.958, recall=0.529
accuracy: (test=0.976) average_precision: (test=0.818) balanced_accuracy: (test=0.764) f1: (test=0.681) roc_auc: (test=0.944) 9.74min
[fit 57/140] END max_layers=15, n_estimators=10, n_trees=50; total=3654, TP=87, TN=3478, FP=2, FN=87; precision=0.978, recall=0.500
accuracy: (test=0.976) average_precision: (test=0.580) balanced_accuracy: (test=0.750) f1: (test=0.662) roc_auc: (test=0.787) 4.08min
[fit 58/140] END max_layers=15, n_estimators=10, n_trees=100; total=3654, TP=88, TN=3477, FP=3, FN=86; precision=0.967, recall=0.506
accuracy: (test=0.976) average_precision: (test=0.718) balanced_accuracy: (test=0.752) f1: (test=0.664) roc_auc: (test=0.875) 4.05min
[fit 59/140] END max_layers=15, n_estimators=10, n_trees=150; total=3654, TP=88, TN=3477, FP=3, FN=86; precision=0.967, recall=0.506
accuracy: (test=0.976) average_precision: (test=0.716) balanced_accuracy: (test=0.752) f1: (test=0.664) roc_auc: (test=0.871) 5.45min
[fit 60/140] END max_layers=15, n_estimators=10, n_trees=200; total=3654, TP=94, TN=3476, FP=4, FN=80; precision=0.959, recall=0.540
accuracy: (test=0.977) average_precision: (test=0.819) balanced_accuracy: (test=0.770) f1: (test=0.691) roc_auc: (test=0.948) 6.17min
[fit 61/140] END max_layers=15, n_estimators=10, n_trees=250; total=3654, TP=93, TN=3476, FP=4, FN=81; precision=0.959, recall=0.534
accuracy: (test=0.977) average_precision: (test=0.817) balanced_accuracy: (test=0.767) f1: (test=0.686) roc_auc: (test=0.947) 7.55min
[fit 62/140] END max_layers=15, n_estimators=10, n_trees=300; total=3654, TP=87, TN=3477, FP=3, FN=87; precision=0.967, recall=0.500
accuracy: (test=0.975) average_precision: (test=0.733) balanced_accuracy: (test=0.750) f1: (test=0.659) roc_auc: (test=0.892) 10.18min
[fit 63/140] END max_layers=15, n_estimators=10, n_trees=400; total=3654, TP=92, TN=3475, FP=5, FN=82; precision=0.948, recall=0.529
accuracy: (test=0.976) average_precision: (test=0.816) balanced_accuracy: (test=0.764) f1: (test=0.679) roc_auc: (test=0.944) 13.22min
[fit 64/140] END max_layers=15, n_estimators=13, n_trees=50; total=3654, TP=89, TN=3478, FP=2, FN=85; precision=0.978, recall=0.511
accuracy: (test=0.976) average_precision: (test=0.578) balanced_accuracy: (test=0.755) f1: (test=0.672) roc_auc: (test=0.785) 5.93min
[fit 65/140] END max_layers=15, n_estimators=13, n_trees=100; total=3654, TP=89, TN=3477, FP=3, FN=85; precision=0.967, recall=0.511
accuracy: (test=0.976) average_precision: (test=0.663) balanced_accuracy: (test=0.755) f1: (test=0.669) roc_auc: (test=0.831) 8.80min
[fit 66/140] END max_layers=15, n_estimators=13, n_trees=150; total=3654, TP=87, TN=3477, FP=3, FN=87; precision=0.967, recall=0.500
accuracy: (test=0.975) average_precision: (test=0.702) balanced_accuracy: (test=0.750) f1: (test=0.659) roc_auc: (test=0.860) 9.99min
[fit 67/140] END max_layers=15, n_estimators=13, n_trees=200; total=3654, TP=94, TN=3477, FP=3, FN=80; precision=0.969, recall=0.540
accuracy: (test=0.977) average_precision: (test=0.814) balanced_accuracy: (test=0.770) f1: (test=0.694) roc_auc: (test=0.947) 11.50min
[fit 68/140] END max_layers=15, n_estimators=13, n_trees=250; total=3654, TP=92, TN=3476, FP=4, FN=82; precision=0.958, recall=0.529
accuracy: (test=0.976) average_precision: (test=0.815) balanced_accuracy: (test=0.764) f1: (test=0.681) roc_auc: (test=0.948) 13.89min
[fit 69/140] END max_layers=15, n_estimators=13, n_trees=300; total=3654, TP=92, TN=3476, FP=4, FN=82; precision=0.958, recall=0.529
accuracy: (test=0.976) average_precision: (test=0.814) balanced_accuracy: (test=0.764) f1: (test=0.681) roc_auc: (test=0.948) 16.39min
[fit 70/140] END max_layers=15, n_estimators=13, n_trees=400; total=3654, TP=91, TN=3475, FP=5, FN=83; precision=0.948, recall=0.523
accuracy: (test=0.976) average_precision: (test=0.815) balanced_accuracy: (test=0.761) f1: (test=0.674) roc_auc: (test=0.946) 22.14min
[fit 71/140] END max_layers=20, n_estimators=2, n_trees=50; total=3654, TP=91, TN=3478, FP=2, FN=83; precision=0.978, recall=0.523
accuracy: (test=0.977) average_precision: (test=0.639) balanced_accuracy: (test=0.761) f1: (test=0.682) roc_auc: (test=0.837) 1.50min
[fit 72/140] END max_layers=20, n_estimators=2, n_trees=100; total=3654, TP=88, TN=3477, FP=3, FN=86; precision=0.967, recall=0.506
accuracy: (test=0.976) average_precision: (test=0.791) balanced_accuracy: (test=0.752) f1: (test=0.664) roc_auc: (test=0.928) 1.40min
[fit 73/140] END max_layers=20, n_estimators=2, n_trees=150; total=3654, TP=88, TN=3475, FP=5, FN=86; precision=0.946, recall=0.506
accuracy: (test=0.975) average_precision: (test=0.785) balanced_accuracy: (test=0.752) f1: (test=0.659) roc_auc: (test=0.931) 2.10min
[fit 74/140] END max_layers=20, n_estimators=2, n_trees=200; total=3654, TP=93, TN=3477, FP=3, FN=81; precision=0.969, recall=0.534
accuracy: (test=0.977) average_precision: (test=0.799) balanced_accuracy: (test=0.767) f1: (test=0.689) roc_auc: (test=0.931) 3.01min
[fit 75/140] END max_layers=20, n_estimators=2, n_trees=250; total=3654, TP=90, TN=3476, FP=4, FN=84; precision=0.957, recall=0.517
accuracy: (test=0.976) average_precision: (test=0.798) balanced_accuracy: (test=0.758) f1: (test=0.672) roc_auc: (test=0.933) 3.69min
[fit 76/140] END max_layers=20, n_estimators=2, n_trees=300; total=3654, TP=91, TN=3477, FP=3, FN=83; precision=0.968, recall=0.523
accuracy: (test=0.976) average_precision: (test=0.803) balanced_accuracy: (test=0.761) f1: (test=0.679) roc_auc: (test=0.938) 3.99min
[fit 77/140] END max_layers=20, n_estimators=2, n_trees=400; total=3654, TP=91, TN=3476, FP=4, FN=83; precision=0.958, recall=0.523
accuracy: (test=0.976) average_precision: (test=0.811) balanced_accuracy: (test=0.761) f1: (test=0.677) roc_auc: (test=0.931) 5.75min
[fit 78/140] END max_layers=20, n_estimators=5, n_trees=50; total=3654, TP=87, TN=3478, FP=2, FN=87; precision=0.978, recall=0.500
accuracy: (test=0.976) average_precision: (test=0.640) balanced_accuracy: (test=0.750) f1: (test=0.662) roc_auc: (test=0.820) 2.45min
[fit 79/140] END max_layers=20, n_estimators=5, n_trees=100; total=3654, TP=89, TN=3477, FP=3, FN=85; precision=0.967, recall=0.511
accuracy: (test=0.976) average_precision: (test=0.778) balanced_accuracy: (test=0.755) f1: (test=0.669) roc_auc: (test=0.933) 3.15min
[fit 80/140] END max_layers=20, n_estimators=5, n_trees=150; total=3654, TP=90, TN=3476, FP=4, FN=84; precision=0.957, recall=0.517
accuracy: (test=0.976) average_precision: (test=0.769) balanced_accuracy: (test=0.758) f1: (test=0.672) roc_auc: (test=0.932) 4.23min
[fit 81/140] END max_layers=20, n_estimators=5, n_trees=200; total=3654, TP=95, TN=3477, FP=3, FN=79; precision=0.969, recall=0.546
accuracy: (test=0.978) average_precision: (test=0.820) balanced_accuracy: (test=0.773) f1: (test=0.699) roc_auc: (test=0.946) 4.66min
[fit 82/140] END max_layers=20, n_estimators=5, n_trees=250; total=3654, TP=93, TN=3476, FP=4, FN=81; precision=0.959, recall=0.534
accuracy: (test=0.977) average_precision: (test=0.819) balanced_accuracy: (test=0.767) f1: (test=0.686) roc_auc: (test=0.941) 6.53min
[fit 83/140] END max_layers=20, n_estimators=5, n_trees=300; total=3654, TP=93, TN=3476, FP=4, FN=81; precision=0.959, recall=0.534
accuracy: (test=0.977) average_precision: (test=0.821) balanced_accuracy: (test=0.767) f1: (test=0.686) roc_auc: (test=0.940) 6.97min
[fit 84/140] END max_layers=20, n_estimators=5, n_trees=400; total=3654, TP=91, TN=3476, FP=4, FN=83; precision=0.958, recall=0.523
accuracy: (test=0.976) average_precision: (test=0.820) balanced_accuracy: (test=0.761) f1: (test=0.677) roc_auc: (test=0.941) 9.72min
[fit 85/140] END max_layers=20, n_estimators=8, n_trees=50; total=3654, TP=83, TN=3478, FP=2, FN=91; precision=0.976, recall=0.477
accuracy: (test=0.975) average_precision: (test=0.597) balanced_accuracy: (test=0.738) f1: (test=0.641) roc_auc: (test=0.795) 4.13min
[fit 86/140] END max_layers=20, n_estimators=8, n_trees=100; total=3654, TP=88, TN=3477, FP=3, FN=86; precision=0.967, recall=0.506
accuracy: (test=0.976) average_precision: (test=0.747) balanced_accuracy: (test=0.752) f1: (test=0.664) roc_auc: (test=0.909) 5.15min
[fit 87/140] END max_layers=20, n_estimators=8, n_trees=150; total=3654, TP=88, TN=3476, FP=4, FN=86; precision=0.957, recall=0.506
accuracy: (test=0.975) average_precision: (test=0.751) balanced_accuracy: (test=0.752) f1: (test=0.662) roc_auc: (test=0.908) 6.22min
[fit 88/140] END max_layers=20, n_estimators=8, n_trees=200; total=3654, TP=90, TN=3477, FP=3, FN=84; precision=0.968, recall=0.517
accuracy: (test=0.976) average_precision: (test=0.747) balanced_accuracy: (test=0.758) f1: (test=0.674) roc_auc: (test=0.908) 8.37min
[fit 89/140] END max_layers=20, n_estimators=8, n_trees=250; total=3654, TP=93, TN=3476, FP=4, FN=81; precision=0.959, recall=0.534
accuracy: (test=0.977) average_precision: (test=0.818) balanced_accuracy: (test=0.767) f1: (test=0.686) roc_auc: (test=0.949) 9.42min
[fit 90/140] END max_layers=20, n_estimators=8, n_trees=300; total=3654, TP=92, TN=3476, FP=4, FN=82; precision=0.958, recall=0.529
accuracy: (test=0.976) average_precision: (test=0.819) balanced_accuracy: (test=0.764) f1: (test=0.681) roc_auc: (test=0.948) 10.45min
[fit 91/140] END max_layers=20, n_estimators=8, n_trees=400; total=3654, TP=92, TN=3476, FP=4, FN=82; precision=0.958, recall=0.529
accuracy: (test=0.976) average_precision: (test=0.818) balanced_accuracy: (test=0.764) f1: (test=0.681) roc_auc: (test=0.944) 13.92min
[fit 92/140] END max_layers=20, n_estimators=10, n_trees=50; total=3654, TP=87, TN=3478, FP=2, FN=87; precision=0.978, recall=0.500
accuracy: (test=0.976) average_precision: (test=0.580) balanced_accuracy: (test=0.750) f1: (test=0.662) roc_auc: (test=0.787) 5.36min
[fit 93/140] END max_layers=20, n_estimators=10, n_trees=100; total=3654, TP=88, TN=3477, FP=3, FN=86; precision=0.967, recall=0.506
accuracy: (test=0.976) average_precision: (test=0.718) balanced_accuracy: (test=0.752) f1: (test=0.664) roc_auc: (test=0.875) 6.16min
[fit 94/140] END max_layers=20, n_estimators=10, n_trees=150; total=3654, TP=88, TN=3477, FP=3, FN=86; precision=0.967, recall=0.506
accuracy: (test=0.976) average_precision: (test=0.716) balanced_accuracy: (test=0.752) f1: (test=0.664) roc_auc: (test=0.871) 7.24min
[fit 95/140] END max_layers=20, n_estimators=10, n_trees=200; total=3654, TP=94, TN=3476, FP=4, FN=80; precision=0.959, recall=0.540
accuracy: (test=0.977) average_precision: (test=0.819) balanced_accuracy: (test=0.770) f1: (test=0.691) roc_auc: (test=0.948) 9.35min
[fit 96/140] END max_layers=20, n_estimators=10, n_trees=250; total=3654, TP=93, TN=3476, FP=4, FN=81; precision=0.959, recall=0.534
accuracy: (test=0.977) average_precision: (test=0.817) balanced_accuracy: (test=0.767) f1: (test=0.686) roc_auc: (test=0.947) 11.23min
[fit 97/140] END max_layers=20, n_estimators=10, n_trees=300; total=3654, TP=87, TN=3477, FP=3, FN=87; precision=0.967, recall=0.500
accuracy: (test=0.975) average_precision: (test=0.733) balanced_accuracy: (test=0.750) f1: (test=0.659) roc_auc: (test=0.892) 14.12min
[fit 98/140] END max_layers=20, n_estimators=10, n_trees=400; total=3654, TP=92, TN=3475, FP=5, FN=82; precision=0.948, recall=0.529
accuracy: (test=0.976) average_precision: (test=0.816) balanced_accuracy: (test=0.764) f1: (test=0.679) roc_auc: (test=0.944) 17.23min
[fit 99/140] END max_layers=20, n_estimators=13, n_trees=50; total=3654, TP=89, TN=3478, FP=2, FN=85; precision=0.978, recall=0.511
accuracy: (test=0.976) average_precision: (test=0.578) balanced_accuracy: (test=0.755) f1: (test=0.672) roc_auc: (test=0.785) 5.95min
[fit 100/140] END max_layers=20, n_estimators=13, n_trees=100; total=3654, TP=89, TN=3477, FP=3, FN=85; precision=0.967, recall=0.511
accuracy: (test=0.976) average_precision: (test=0.663) balanced_accuracy: (test=0.755) f1: (test=0.669) roc_auc: (test=0.831) 8.80min
[fit 101/140] END max_layers=20, n_estimators=13, n_trees=150; total=3654, TP=87, TN=3477, FP=3, FN=87; precision=0.967, recall=0.500
accuracy: (test=0.975) average_precision: (test=0.702) balanced_accuracy: (test=0.750) f1: (test=0.659) roc_auc: (test=0.860) 9.81min
[fit 102/140] END max_layers=20, n_estimators=13, n_trees=200; total=3654, TP=94, TN=3477, FP=3, FN=80; precision=0.969, recall=0.540
accuracy: (test=0.977) average_precision: (test=0.814) balanced_accuracy: (test=0.770) f1: (test=0.694) roc_auc: (test=0.947) 11.78min
[fit 103/140] END max_layers=20, n_estimators=13, n_trees=250; total=3654, TP=92, TN=3476, FP=4, FN=82; precision=0.958, recall=0.529
accuracy: (test=0.976) average_precision: (test=0.815) balanced_accuracy: (test=0.764) f1: (test=0.681) roc_auc: (test=0.948) 13.89min
[fit 104/140] END max_layers=20, n_estimators=13, n_trees=300; total=3654, TP=92, TN=3476, FP=4, FN=82; precision=0.958, recall=0.529
accuracy: (test=0.976) average_precision: (test=0.814) balanced_accuracy: (test=0.764) f1: (test=0.681) roc_auc: (test=0.948) 16.31min
[fit 105/140] END max_layers=20, n_estimators=13, n_trees=400; total=3654, TP=91, TN=3475, FP=5, FN=83; precision=0.948, recall=0.523
accuracy: (test=0.976) average_precision: (test=0.815) balanced_accuracy: (test=0.761) f1: (test=0.674) roc_auc: (test=0.946) 22.32min
[fit 106/140] END max_layers=25, n_estimators=2, n_trees=50; total=3654, TP=91, TN=3478, FP=2, FN=83; precision=0.978, recall=0.523
accuracy: (test=0.977) average_precision: (test=0.639) balanced_accuracy: (test=0.761) f1: (test=0.682) roc_auc: (test=0.837) 1.29min
[fit 107/140] END max_layers=25, n_estimators=2, n_trees=100; total=3654, TP=88, TN=3477, FP=3, FN=86; precision=0.967, recall=0.506
accuracy: (test=0.976) average_precision: (test=0.791) balanced_accuracy: (test=0.752) f1: (test=0.664) roc_auc: (test=0.928) 1.52min
[fit 108/140] END max_layers=25, n_estimators=2, n_trees=150; total=3654, TP=88, TN=3475, FP=5, FN=86; precision=0.946, recall=0.506
accuracy: (test=0.975) average_precision: (test=0.785) balanced_accuracy: (test=0.752) f1: (test=0.659) roc_auc: (test=0.931) 2.30min
[fit 109/140] END max_layers=25, n_estimators=2, n_trees=200; total=3654, TP=93, TN=3477, FP=3, FN=81; precision=0.969, recall=0.534
accuracy: (test=0.977) average_precision: (test=0.799) balanced_accuracy: (test=0.767) f1: (test=0.689) roc_auc: (test=0.931) 3.13min
[fit 110/140] END max_layers=25, n_estimators=2, n_trees=250; total=3654, TP=90, TN=3476, FP=4, FN=84; precision=0.957, recall=0.517
accuracy: (test=0.976) average_precision: (test=0.798) balanced_accuracy: (test=0.758) f1: (test=0.672) roc_auc: (test=0.933) 3.41min
[fit 111/140] END max_layers=25, n_estimators=2, n_trees=300; total=3654, TP=91, TN=3477, FP=3, FN=83; precision=0.968, recall=0.523
accuracy: (test=0.976) average_precision: (test=0.803) balanced_accuracy: (test=0.761) f1: (test=0.679) roc_auc: (test=0.938) 4.21min
[fit 112/140] END max_layers=25, n_estimators=2, n_trees=400; total=3654, TP=91, TN=3476, FP=4, FN=83; precision=0.958, recall=0.523
accuracy: (test=0.976) average_precision: (test=0.811) balanced_accuracy: (test=0.761) f1: (test=0.677) roc_auc: (test=0.931) 5.95min
[fit 113/140] END max_layers=25, n_estimators=5, n_trees=50; total=3654, TP=87, TN=3478, FP=2, FN=87; precision=0.978, recall=0.500
accuracy: (test=0.976) average_precision: (test=0.640) balanced_accuracy: (test=0.750) f1: (test=0.662) roc_auc: (test=0.820) 2.21min
[fit 114/140] END max_layers=25, n_estimators=5, n_trees=100; total=3654, TP=89, TN=3477, FP=3, FN=85; precision=0.967, recall=0.511
accuracy: (test=0.976) average_precision: (test=0.778) balanced_accuracy: (test=0.755) f1: (test=0.669) roc_auc: (test=0.933) 3.00min
[fit 115/140] END max_layers=25, n_estimators=5, n_trees=150; total=3654, TP=90, TN=3476, FP=4, FN=84; precision=0.957, recall=0.517
accuracy: (test=0.976) average_precision: (test=0.769) balanced_accuracy: (test=0.758) f1: (test=0.672) roc_auc: (test=0.932) 4.74min
[fit 116/140] END max_layers=25, n_estimators=5, n_trees=200; total=3654, TP=95, TN=3477, FP=3, FN=79; precision=0.969, recall=0.546
accuracy: (test=0.978) average_precision: (test=0.820) balanced_accuracy: (test=0.773) f1: (test=0.699) roc_auc: (test=0.946) 4.86min
[fit 117/140] END max_layers=25, n_estimators=5, n_trees=250; total=3654, TP=93, TN=3476, FP=4, FN=81; precision=0.959, recall=0.534
accuracy: (test=0.977) average_precision: (test=0.819) balanced_accuracy: (test=0.767) f1: (test=0.686) roc_auc: (test=0.941) 6.54min
[fit 118/140] END max_layers=25, n_estimators=5, n_trees=300; total=3654, TP=93, TN=3476, FP=4, FN=81; precision=0.959, recall=0.534
accuracy: (test=0.977) average_precision: (test=0.821) balanced_accuracy: (test=0.767) f1: (test=0.686) roc_auc: (test=0.940) 7.14min
[fit 119/140] END max_layers=25, n_estimators=5, n_trees=400; total=3654, TP=91, TN=3476, FP=4, FN=83; precision=0.958, recall=0.523
accuracy: (test=0.976) average_precision: (test=0.820) balanced_accuracy: (test=0.761) f1: (test=0.677) roc_auc: (test=0.941) 9.11min
[fit 120/140] END max_layers=25, n_estimators=8, n_trees=50; total=3654, TP=83, TN=3478, FP=2, FN=91; precision=0.976, recall=0.477
accuracy: (test=0.975) average_precision: (test=0.597) balanced_accuracy: (test=0.738) f1: (test=0.641) roc_auc: (test=0.795) 4.31min
[fit 121/140] END max_layers=25, n_estimators=8, n_trees=100; total=3654, TP=88, TN=3477, FP=3, FN=86; precision=0.967, recall=0.506
accuracy: (test=0.976) average_precision: (test=0.747) balanced_accuracy: (test=0.752) f1: (test=0.664) roc_auc: (test=0.909) 4.76min
[fit 122/140] END max_layers=25, n_estimators=8, n_trees=150; total=3654, TP=88, TN=3476, FP=4, FN=86; precision=0.957, recall=0.506
accuracy: (test=0.975) average_precision: (test=0.751) balanced_accuracy: (test=0.752) f1: (test=0.662) roc_auc: (test=0.908) 6.48min
[fit 123/140] END max_layers=25, n_estimators=8, n_trees=200; total=3654, TP=90, TN=3477, FP=3, FN=84; precision=0.968, recall=0.517
accuracy: (test=0.976) average_precision: (test=0.747) balanced_accuracy: (test=0.758) f1: (test=0.674) roc_auc: (test=0.908) 7.93min
[fit 124/140] END max_layers=25, n_estimators=8, n_trees=250; total=3654, TP=93, TN=3476, FP=4, FN=81; precision=0.959, recall=0.534
accuracy: (test=0.977) average_precision: (test=0.818) balanced_accuracy: (test=0.767) f1: (test=0.686) roc_auc: (test=0.949) 9.48min
[fit 125/140] END max_layers=25, n_estimators=8, n_trees=300; total=3654, TP=92, TN=3476, FP=4, FN=82; precision=0.958, recall=0.529
accuracy: (test=0.976) average_precision: (test=0.819) balanced_accuracy: (test=0.764) f1: (test=0.681) roc_auc: (test=0.948) 10.15min
[fit 126/140] END max_layers=25, n_estimators=8, n_trees=400; total=3654, TP=92, TN=3476, FP=4, FN=82; precision=0.958, recall=0.529
accuracy: (test=0.976) average_precision: (test=0.818) balanced_accuracy: (test=0.764) f1: (test=0.681) roc_auc: (test=0.944) 13.78min
[fit 127/140] END max_layers=25, n_estimators=10, n_trees=50; total=3654, TP=87, TN=3478, FP=2, FN=87; precision=0.978, recall=0.500
accuracy: (test=0.976) average_precision: (test=0.580) balanced_accuracy: (test=0.750) f1: (test=0.662) roc_auc: (test=0.787) 5.67min
[fit 128/140] END max_layers=25, n_estimators=10, n_trees=100; total=3654, TP=88, TN=3477, FP=3, FN=86; precision=0.967, recall=0.506
accuracy: (test=0.976) average_precision: (test=0.718) balanced_accuracy: (test=0.752) f1: (test=0.664) roc_auc: (test=0.875) 6.08min
[fit 129/140] END max_layers=25, n_estimators=10, n_trees=150; total=3654, TP=88, TN=3477, FP=3, FN=86; precision=0.967, recall=0.506
accuracy: (test=0.976) average_precision: (test=0.716) balanced_accuracy: (test=0.752) f1: (test=0.664) roc_auc: (test=0.871) 7.38min
[fit 130/140] END max_layers=25, n_estimators=10, n_trees=200; total=3654, TP=94, TN=3476, FP=4, FN=80; precision=0.959, recall=0.540
accuracy: (test=0.977) average_precision: (test=0.819) balanced_accuracy: (test=0.770) f1: (test=0.691) roc_auc: (test=0.948) 8.91min
[fit 131/140] END max_layers=25, n_estimators=10, n_trees=250; total=3654, TP=93, TN=3476, FP=4, FN=81; precision=0.959, recall=0.534
accuracy: (test=0.977) average_precision: (test=0.817) balanced_accuracy: (test=0.767) f1: (test=0.686) roc_auc: (test=0.947) 11.60min
[fit 132/140] END max_layers=25, n_estimators=10, n_trees=300; total=3654, TP=87, TN=3477, FP=3, FN=87; precision=0.967, recall=0.500
accuracy: (test=0.975) average_precision: (test=0.733) balanced_accuracy: (test=0.750) f1: (test=0.659) roc_auc: (test=0.892) 14.46min
[fit 133/140] END max_layers=25, n_estimators=10, n_trees=400; total=3654, TP=92, TN=3475, FP=5, FN=82; precision=0.948, recall=0.529
accuracy: (test=0.976) average_precision: (test=0.816) balanced_accuracy: (test=0.764) f1: (test=0.679) roc_auc: (test=0.944) 16.93min
[fit 134/140] END max_layers=25, n_estimators=13, n_trees=50; total=3654, TP=89, TN=3478, FP=2, FN=85; precision=0.978, recall=0.511
accuracy: (test=0.976) average_precision: (test=0.578) balanced_accuracy: (test=0.755) f1: (test=0.672) roc_auc: (test=0.785) 5.88min
[fit 135/140] END max_layers=25, n_estimators=13, n_trees=100; total=3654, TP=89, TN=3477, FP=3, FN=85; precision=0.967, recall=0.511
accuracy: (test=0.976) average_precision: (test=0.663) balanced_accuracy: (test=0.755) f1: (test=0.669) roc_auc: (test=0.831) 8.52min
[fit 136/140] END max_layers=25, n_estimators=13, n_trees=150; total=3654, TP=87, TN=3477, FP=3, FN=87; precision=0.967, recall=0.500
accuracy: (test=0.975) average_precision: (test=0.702) balanced_accuracy: (test=0.750) f1: (test=0.659) roc_auc: (test=0.860) 9.83min
[fit 137/140] END max_layers=25, n_estimators=13, n_trees=200; total=3654, TP=94, TN=3477, FP=3, FN=80; precision=0.969, recall=0.540
accuracy: (test=0.977) average_precision: (test=0.814) balanced_accuracy: (test=0.770) f1: (test=0.694) roc_auc: (test=0.947) 11.42min
[fit 138/140] END max_layers=25, n_estimators=13, n_trees=250; total=3654, TP=92, TN=3476, FP=4, FN=82; precision=0.958, recall=0.529
accuracy: (test=0.976) average_precision: (test=0.815) balanced_accuracy: (test=0.764) f1: (test=0.681) roc_auc: (test=0.948) 14.03min
[fit 139/140] END max_layers=25, n_estimators=13, n_trees=300; total=3654, TP=92, TN=3476, FP=4, FN=82; precision=0.958, recall=0.529
accuracy: (test=0.976) average_precision: (test=0.814) balanced_accuracy: (test=0.764) f1: (test=0.681) roc_auc: (test=0.948) 16.61min
[fit 140/140] END max_layers=25, n_estimators=13, n_trees=400; total=3654, TP=91, TN=3475, FP=5, FN=83; precision=0.948, recall=0.523
accuracy: (test=0.976) average_precision: (test=0.815) balanced_accuracy: (test=0.761) f1: (test=0.674) roc_auc: (test=0.946) 21.65min
write rank test to csv!!!
write over!!!
clf.best_estimator_params: {'max_layers': 10, 'n_estimators': 8, 'n_trees': 250}
best params found in line [20] for metric [roc_auc] in rank file
best params found in fit [19] for metric [roc_auc] in run_and_score file
clf.best_scoring_result: [Total: (test=3654) TP: (test=93.000) TN: (test=3476.000) FP: (test=4.000) FN: (test=81.000) precision: (test=0.959) recall: (test=0.534) accuracy: (test=0.977) average_precision: (test=0.818) balanced_accuracy: (test=0.767) f1: (test=0.686) roc_auc: (test=0.949) ]
total time spending: 18h 7m 23s
