nohup: ignoring input
experiment: IMR90 eiip_xgboost
trainSet len:[X=45080,y=45080]
testSet len:[X=2625,y=2625]
第一次
{'objective': 'binary:logistic', 'use_label_encoder': False, 'base_score': None, 'booster': None, 'colsample_bylevel': None, 'colsample_bynode': None, 'colsample_bytree': 0.8, 'gamma': 0, 'gpu_id': None, 'importance_type': 'gain', 'interaction_constraints': None, 'learning_rate': 0.1, 'max_delta_step': None, 'max_depth': 5, 'min_child_weight': 1, 'missing': nan, 'monotone_constraints': None, 'n_estimators': 500, 'n_jobs': None, 'num_parallel_tree': None, 'random_state': None, 'reg_alpha': 0, 'reg_lambda': 1, 'scale_pos_weight': None, 'subsample': 0.8, 'tree_method': 'gpu_hist', 'validate_parameters': None, 'verbosity': None, 'seed': 0, 'eval_metric': 'logloss'}
Fitting, totalling 20 fits
[fit 1/20] END n_estimators=50; total=2625, TP=73, TN=2230, FP=270, FN=52; precision=0.213, recall=0.584
accuracy: (test=0.877) average_precision: (test=0.322) balanced_accuracy: (test=0.738) f1: (test=0.312) roc_auc: (test=0.834) 2.59s
[fit 2/20] END n_estimators=100; total=2625, TP=80, TN=2315, FP=185, FN=45; precision=0.302, recall=0.640
accuracy: (test=0.912) average_precision: (test=0.430) balanced_accuracy: (test=0.783) f1: (test=0.410) roc_auc: (test=0.867) 3.99s
[fit 3/20] END n_estimators=150; total=2625, TP=78, TN=2360, FP=140, FN=47; precision=0.358, recall=0.624
accuracy: (test=0.929) average_precision: (test=0.513) balanced_accuracy: (test=0.784) f1: (test=0.455) roc_auc: (test=0.879) 5.84s
[fit 4/20] END n_estimators=200; total=2625, TP=81, TN=2395, FP=105, FN=44; precision=0.435, recall=0.648
accuracy: (test=0.943) average_precision: (test=0.545) balanced_accuracy: (test=0.803) f1: (test=0.521) roc_auc: (test=0.886) 7.98s
[fit 5/20] END n_estimators=250; total=2625, TP=81, TN=2412, FP=88, FN=44; precision=0.479, recall=0.648
accuracy: (test=0.950) average_precision: (test=0.585) balanced_accuracy: (test=0.806) f1: (test=0.551) roc_auc: (test=0.888) 8.49s
[fit 6/20] END n_estimators=300; total=2625, TP=83, TN=2425, FP=75, FN=42; precision=0.525, recall=0.664
accuracy: (test=0.955) average_precision: (test=0.609) balanced_accuracy: (test=0.817) f1: (test=0.587) roc_auc: (test=0.895) 10.68s
[fit 7/20] END n_estimators=350; total=2625, TP=81, TN=2434, FP=66, FN=44; precision=0.551, recall=0.648
accuracy: (test=0.958) average_precision: (test=0.630) balanced_accuracy: (test=0.811) f1: (test=0.596) roc_auc: (test=0.901) 12.52s
[fit 8/20] END n_estimators=400; total=2625, TP=79, TN=2438, FP=62, FN=46; precision=0.560, recall=0.632
accuracy: (test=0.959) average_precision: (test=0.639) balanced_accuracy: (test=0.804) f1: (test=0.594) roc_auc: (test=0.901) 14.89s
[fit 9/20] END n_estimators=450; total=2625, TP=78, TN=2447, FP=53, FN=47; precision=0.595, recall=0.624
accuracy: (test=0.962) average_precision: (test=0.658) balanced_accuracy: (test=0.801) f1: (test=0.609) roc_auc: (test=0.903) 15.48s
[fit 10/20] END n_estimators=500; total=2625, TP=77, TN=2459, FP=41, FN=48; precision=0.653, recall=0.616
accuracy: (test=0.966) average_precision: (test=0.660) balanced_accuracy: (test=0.800) f1: (test=0.634) roc_auc: (test=0.902) 17.66s
[fit 11/20] END n_estimators=550; total=2625, TP=75, TN=2462, FP=38, FN=50; precision=0.664, recall=0.600
accuracy: (test=0.966) average_precision: (test=0.667) balanced_accuracy: (test=0.792) f1: (test=0.630) roc_auc: (test=0.900) 19.75s
[fit 12/20] END n_estimators=600; total=2625, TP=76, TN=2468, FP=32, FN=49; precision=0.704, recall=0.608
accuracy: (test=0.969) average_precision: (test=0.677) balanced_accuracy: (test=0.798) f1: (test=0.652) roc_auc: (test=0.904) 20.86s
[fit 13/20] END n_estimators=650; total=2625, TP=76, TN=2467, FP=33, FN=49; precision=0.697, recall=0.608
accuracy: (test=0.969) average_precision: (test=0.682) balanced_accuracy: (test=0.797) f1: (test=0.650) roc_auc: (test=0.906) 23.09s
[fit 14/20] END n_estimators=700; total=2625, TP=75, TN=2470, FP=30, FN=50; precision=0.714, recall=0.600
accuracy: (test=0.970) average_precision: (test=0.689) balanced_accuracy: (test=0.794) f1: (test=0.652) roc_auc: (test=0.907) 24.33s
[fit 15/20] END n_estimators=750; total=2625, TP=75, TN=2471, FP=29, FN=50; precision=0.721, recall=0.600
accuracy: (test=0.970) average_precision: (test=0.693) balanced_accuracy: (test=0.794) f1: (test=0.655) roc_auc: (test=0.910) 26.58s
[fit 16/20] END n_estimators=800; total=2625, TP=75, TN=2472, FP=28, FN=50; precision=0.728, recall=0.600
accuracy: (test=0.970) average_precision: (test=0.695) balanced_accuracy: (test=0.794) f1: (test=0.658) roc_auc: (test=0.910) 28.06s
[fit 17/20] END n_estimators=850; total=2625, TP=73, TN=2473, FP=27, FN=52; precision=0.730, recall=0.584
accuracy: (test=0.970) average_precision: (test=0.697) balanced_accuracy: (test=0.787) f1: (test=0.649) roc_auc: (test=0.911) 31.51s
[fit 18/20] END n_estimators=900; total=2625, TP=71, TN=2472, FP=28, FN=54; precision=0.717, recall=0.568
accuracy: (test=0.969) average_precision: (test=0.701) balanced_accuracy: (test=0.778) f1: (test=0.634) roc_auc: (test=0.910) 29.04s
[fit 19/20] END n_estimators=950; total=2625, TP=72, TN=2476, FP=24, FN=53; precision=0.750, recall=0.576
accuracy: (test=0.971) average_precision: (test=0.703) balanced_accuracy: (test=0.783) f1: (test=0.652) roc_auc: (test=0.911) 33.61s
[fit 20/20] END n_estimators=1000; total=2625, TP=72, TN=2477, FP=23, FN=53; precision=0.758, recall=0.576
accuracy: (test=0.971) average_precision: (test=0.708) balanced_accuracy: (test=0.783) f1: (test=0.655) roc_auc: (test=0.912) 32.49s
clf.best_estimator_params: {'n_estimators': 1000}
best params found in line [21] for metric [roc_auc] in rank file
best params found in fit [20] for metric [roc_auc] in run_and_score file
clf.best_scoring_result: [Total: (test=2625) TP: (test=72.000) TN: (test=2477.000) FP: (test=23.000) FN: (test=53.000) precision: (test=0.758) recall: (test=0.576) accuracy: (test=0.971) average_precision: (test=0.708) balanced_accuracy: (test=0.783) f1: (test=0.655) roc_auc: (test=0.912) ]
write rank test to csv!!!
write over!!!
第二次
{'objective': 'binary:logistic', 'use_label_encoder': False, 'base_score': None, 'booster': None, 'colsample_bylevel': None, 'colsample_bynode': None, 'colsample_bytree': 0.8, 'gamma': 0, 'gpu_id': None, 'importance_type': 'gain', 'interaction_constraints': None, 'learning_rate': 0.1, 'max_delta_step': None, 'max_depth': 5, 'min_child_weight': 1, 'missing': nan, 'monotone_constraints': None, 'n_estimators': 1000, 'n_jobs': None, 'num_parallel_tree': None, 'random_state': None, 'reg_alpha': 0, 'reg_lambda': 1, 'scale_pos_weight': None, 'subsample': 0.8, 'tree_method': 'gpu_hist', 'validate_parameters': None, 'verbosity': None, 'seed': 0, 'eval_metric': 'logloss'}
Fitting, totalling 54 fits
[fit 1/54] END max_depth=3, min_child_weight=1; total=2625, TP=81, TN=2381, FP=119, FN=44; precision=0.405, recall=0.648
accuracy: (test=0.938) average_precision: (test=0.542) balanced_accuracy: (test=0.800) f1: (test=0.498) roc_auc: (test=0.892) 17.11s
[fit 2/54] END max_depth=3, min_child_weight=2; total=2625, TP=82, TN=2390, FP=110, FN=43; precision=0.427, recall=0.656
accuracy: (test=0.942) average_precision: (test=0.554) balanced_accuracy: (test=0.806) f1: (test=0.517) roc_auc: (test=0.900) 17.92s
[fit 3/54] END max_depth=3, min_child_weight=3; total=2625, TP=83, TN=2384, FP=116, FN=42; precision=0.417, recall=0.664
accuracy: (test=0.940) average_precision: (test=0.528) balanced_accuracy: (test=0.809) f1: (test=0.512) roc_auc: (test=0.897) 19.00s
[fit 4/54] END max_depth=3, min_child_weight=4; total=2625, TP=86, TN=2398, FP=102, FN=39; precision=0.457, recall=0.688
accuracy: (test=0.946) average_precision: (test=0.542) balanced_accuracy: (test=0.824) f1: (test=0.550) roc_auc: (test=0.898) 18.26s
[fit 5/54] END max_depth=3, min_child_weight=5; total=2625, TP=83, TN=2393, FP=107, FN=42; precision=0.437, recall=0.664
accuracy: (test=0.943) average_precision: (test=0.523) balanced_accuracy: (test=0.811) f1: (test=0.527) roc_auc: (test=0.899) 17.56s
[fit 6/54] END max_depth=3, min_child_weight=6; total=2625, TP=83, TN=2390, FP=110, FN=42; precision=0.430, recall=0.664
accuracy: (test=0.942) average_precision: (test=0.540) balanced_accuracy: (test=0.810) f1: (test=0.522) roc_auc: (test=0.898) 18.13s
[fit 7/54] END max_depth=4, min_child_weight=1; total=2625, TP=81, TN=2460, FP=40, FN=44; precision=0.669, recall=0.648
accuracy: (test=0.968) average_precision: (test=0.663) balanced_accuracy: (test=0.816) f1: (test=0.659) roc_auc: (test=0.906) 24.69s
[fit 8/54] END max_depth=4, min_child_weight=2; total=2625, TP=78, TN=2452, FP=48, FN=47; precision=0.619, recall=0.624
accuracy: (test=0.964) average_precision: (test=0.640) balanced_accuracy: (test=0.802) f1: (test=0.622) roc_auc: (test=0.900) 23.88s
[fit 9/54] END max_depth=4, min_child_weight=3; total=2625, TP=77, TN=2457, FP=43, FN=48; precision=0.642, recall=0.616
accuracy: (test=0.965) average_precision: (test=0.665) balanced_accuracy: (test=0.799) f1: (test=0.629) roc_auc: (test=0.901) 25.14s
[fit 10/54] END max_depth=4, min_child_weight=4; total=2625, TP=78, TN=2453, FP=47, FN=47; precision=0.624, recall=0.624
accuracy: (test=0.964) average_precision: (test=0.642) balanced_accuracy: (test=0.803) f1: (test=0.624) roc_auc: (test=0.906) 24.47s
[fit 11/54] END max_depth=4, min_child_weight=5; total=2625, TP=80, TN=2448, FP=52, FN=45; precision=0.606, recall=0.640
accuracy: (test=0.963) average_precision: (test=0.662) balanced_accuracy: (test=0.810) f1: (test=0.623) roc_auc: (test=0.912) 23.77s
[fit 12/54] END max_depth=4, min_child_weight=6; total=2625, TP=79, TN=2451, FP=49, FN=46; precision=0.617, recall=0.632
accuracy: (test=0.964) average_precision: (test=0.666) balanced_accuracy: (test=0.806) f1: (test=0.625) roc_auc: (test=0.910) 25.15s
[fit 13/54] END max_depth=5, min_child_weight=1; total=2625, TP=72, TN=2477, FP=23, FN=53; precision=0.758, recall=0.576
accuracy: (test=0.971) average_precision: (test=0.708) balanced_accuracy: (test=0.783) f1: (test=0.655) roc_auc: (test=0.912) 33.63s
[fit 14/54] END max_depth=5, min_child_weight=2; total=2625, TP=74, TN=2476, FP=24, FN=51; precision=0.755, recall=0.592
accuracy: (test=0.971) average_precision: (test=0.711) balanced_accuracy: (test=0.791) f1: (test=0.664) roc_auc: (test=0.922) 34.68s
[fit 15/54] END max_depth=5, min_child_weight=3; total=2625, TP=73, TN=2476, FP=24, FN=52; precision=0.753, recall=0.584
accuracy: (test=0.971) average_precision: (test=0.699) balanced_accuracy: (test=0.787) f1: (test=0.658) roc_auc: (test=0.923) 32.00s
[fit 16/54] END max_depth=5, min_child_weight=4; total=2625, TP=73, TN=2479, FP=21, FN=52; precision=0.777, recall=0.584
accuracy: (test=0.972) average_precision: (test=0.696) balanced_accuracy: (test=0.788) f1: (test=0.667) roc_auc: (test=0.905) 33.50s
[fit 17/54] END max_depth=5, min_child_weight=5; total=2625, TP=74, TN=2471, FP=29, FN=51; precision=0.718, recall=0.592
accuracy: (test=0.970) average_precision: (test=0.698) balanced_accuracy: (test=0.790) f1: (test=0.649) roc_auc: (test=0.918) 32.08s
[fit 18/54] END max_depth=5, min_child_weight=6; total=2625, TP=73, TN=2472, FP=28, FN=52; precision=0.723, recall=0.584
accuracy: (test=0.970) average_precision: (test=0.704) balanced_accuracy: (test=0.786) f1: (test=0.646) roc_auc: (test=0.919) 33.48s
[fit 19/54] END max_depth=6, min_child_weight=1; total=2625, TP=71, TN=2481, FP=19, FN=54; precision=0.789, recall=0.568
accuracy: (test=0.972) average_precision: (test=0.715) balanced_accuracy: (test=0.780) f1: (test=0.660) roc_auc: (test=0.922) 48.12s
[fit 20/54] END max_depth=6, min_child_weight=2; total=2625, TP=76, TN=2481, FP=19, FN=49; precision=0.800, recall=0.608
accuracy: (test=0.974) average_precision: (test=0.728) balanced_accuracy: (test=0.800) f1: (test=0.691) roc_auc: (test=0.922) 46.42s
[fit 21/54] END max_depth=6, min_child_weight=3; total=2625, TP=70, TN=2483, FP=17, FN=55; precision=0.805, recall=0.560
accuracy: (test=0.973) average_precision: (test=0.716) balanced_accuracy: (test=0.777) f1: (test=0.660) roc_auc: (test=0.923) 44.78s
[fit 22/54] END max_depth=6, min_child_weight=4; total=2625, TP=73, TN=2477, FP=23, FN=52; precision=0.760, recall=0.584
accuracy: (test=0.971) average_precision: (test=0.713) balanced_accuracy: (test=0.787) f1: (test=0.661) roc_auc: (test=0.924) 42.22s
[fit 23/54] END max_depth=6, min_child_weight=5; total=2625, TP=72, TN=2475, FP=25, FN=53; precision=0.742, recall=0.576
accuracy: (test=0.970) average_precision: (test=0.716) balanced_accuracy: (test=0.783) f1: (test=0.649) roc_auc: (test=0.919) 42.89s
[fit 24/54] END max_depth=6, min_child_weight=6; total=2625, TP=72, TN=2480, FP=20, FN=53; precision=0.783, recall=0.576
accuracy: (test=0.972) average_precision: (test=0.710) balanced_accuracy: (test=0.784) f1: (test=0.664) roc_auc: (test=0.921) 42.65s
[fit 25/54] END max_depth=7, min_child_weight=1; total=2625, TP=69, TN=2484, FP=16, FN=56; precision=0.812, recall=0.552
accuracy: (test=0.973) average_precision: (test=0.730) balanced_accuracy: (test=0.773) f1: (test=0.657) roc_auc: (test=0.924) 1.05min
[fit 26/54] END max_depth=7, min_child_weight=2; total=2625, TP=72, TN=2485, FP=15, FN=53; precision=0.828, recall=0.576
accuracy: (test=0.974) average_precision: (test=0.730) balanced_accuracy: (test=0.785) f1: (test=0.679) roc_auc: (test=0.920) 57.66s
[fit 27/54] END max_depth=7, min_child_weight=3; total=2625, TP=74, TN=2486, FP=14, FN=51; precision=0.841, recall=0.592
accuracy: (test=0.975) average_precision: (test=0.729) balanced_accuracy: (test=0.793) f1: (test=0.695) roc_auc: (test=0.923) 55.35s
[fit 28/54] END max_depth=7, min_child_weight=4; total=2625, TP=75, TN=2485, FP=15, FN=50; precision=0.833, recall=0.600
accuracy: (test=0.975) average_precision: (test=0.733) balanced_accuracy: (test=0.797) f1: (test=0.698) roc_auc: (test=0.924) 53.43s
[fit 29/54] END max_depth=7, min_child_weight=5; total=2625, TP=75, TN=2477, FP=23, FN=50; precision=0.765, recall=0.600
accuracy: (test=0.972) average_precision: (test=0.714) balanced_accuracy: (test=0.795) f1: (test=0.673) roc_auc: (test=0.912) 47.78s
[fit 30/54] END max_depth=7, min_child_weight=6; total=2625, TP=73, TN=2478, FP=22, FN=52; precision=0.768, recall=0.584
accuracy: (test=0.972) average_precision: (test=0.711) balanced_accuracy: (test=0.788) f1: (test=0.664) roc_auc: (test=0.917) 47.85s
[fit 31/54] END max_depth=8, min_child_weight=1; total=2625, TP=72, TN=2486, FP=14, FN=53; precision=0.837, recall=0.576
accuracy: (test=0.974) average_precision: (test=0.729) balanced_accuracy: (test=0.785) f1: (test=0.682) roc_auc: (test=0.921) 1.16min
[fit 32/54] END max_depth=8, min_child_weight=2; total=2625, TP=74, TN=2485, FP=15, FN=51; precision=0.831, recall=0.592
accuracy: (test=0.975) average_precision: (test=0.724) balanced_accuracy: (test=0.793) f1: (test=0.692) roc_auc: (test=0.925) 1.04min
[fit 33/54] END max_depth=8, min_child_weight=3; total=2625, TP=72, TN=2484, FP=16, FN=53; precision=0.818, recall=0.576
accuracy: (test=0.974) average_precision: (test=0.719) balanced_accuracy: (test=0.785) f1: (test=0.676) roc_auc: (test=0.926) 58.92s
[fit 34/54] END max_depth=8, min_child_weight=4; total=2625, TP=72, TN=2483, FP=17, FN=53; precision=0.809, recall=0.576
accuracy: (test=0.973) average_precision: (test=0.718) balanced_accuracy: (test=0.785) f1: (test=0.673) roc_auc: (test=0.923) 56.74s
[fit 35/54] END max_depth=8, min_child_weight=5; total=2625, TP=72, TN=2483, FP=17, FN=53; precision=0.809, recall=0.576
accuracy: (test=0.973) average_precision: (test=0.717) balanced_accuracy: (test=0.785) f1: (test=0.673) roc_auc: (test=0.917) 55.31s
[fit 36/54] END max_depth=8, min_child_weight=6; total=2625, TP=75, TN=2484, FP=16, FN=50; precision=0.824, recall=0.600
accuracy: (test=0.975) average_precision: (test=0.728) balanced_accuracy: (test=0.797) f1: (test=0.694) roc_auc: (test=0.919) 53.92s
[fit 37/54] END max_depth=9, min_child_weight=1; total=2625, TP=70, TN=2487, FP=13, FN=55; precision=0.843, recall=0.560
accuracy: (test=0.974) average_precision: (test=0.729) balanced_accuracy: (test=0.777) f1: (test=0.673) roc_auc: (test=0.924) 1.30min
[fit 38/54] END max_depth=9, min_child_weight=2; total=2625, TP=73, TN=2490, FP=10, FN=52; precision=0.880, recall=0.584
accuracy: (test=0.976) average_precision: (test=0.724) balanced_accuracy: (test=0.790) f1: (test=0.702) roc_auc: (test=0.915) 1.17min
[fit 39/54] END max_depth=9, min_child_weight=3; total=2625, TP=70, TN=2487, FP=13, FN=55; precision=0.843, recall=0.560
accuracy: (test=0.974) average_precision: (test=0.728) balanced_accuracy: (test=0.777) f1: (test=0.673) roc_auc: (test=0.919) 1.10min
[fit 40/54] END max_depth=9, min_child_weight=4; total=2625, TP=69, TN=2486, FP=14, FN=56; precision=0.831, recall=0.552
accuracy: (test=0.973) average_precision: (test=0.721) balanced_accuracy: (test=0.773) f1: (test=0.663) roc_auc: (test=0.921) 1.04min
[fit 41/54] END max_depth=9, min_child_weight=5; total=2625, TP=71, TN=2488, FP=12, FN=54; precision=0.855, recall=0.568
accuracy: (test=0.975) average_precision: (test=0.723) balanced_accuracy: (test=0.782) f1: (test=0.683) roc_auc: (test=0.918) 59.56s
[fit 42/54] END max_depth=9, min_child_weight=6; total=2625, TP=78, TN=2486, FP=14, FN=47; precision=0.848, recall=0.624
accuracy: (test=0.977) average_precision: (test=0.730) balanced_accuracy: (test=0.809) f1: (test=0.719) roc_auc: (test=0.921) 58.09s
[fit 43/54] END max_depth=10, min_child_weight=1; total=2625, TP=70, TN=2485, FP=15, FN=55; precision=0.824, recall=0.560
accuracy: (test=0.973) average_precision: (test=0.729) balanced_accuracy: (test=0.777) f1: (test=0.667) roc_auc: (test=0.926) 1.44min
[fit 44/54] END max_depth=10, min_child_weight=2; total=2625, TP=71, TN=2488, FP=12, FN=54; precision=0.855, recall=0.568
accuracy: (test=0.975) average_precision: (test=0.723) balanced_accuracy: (test=0.782) f1: (test=0.683) roc_auc: (test=0.914) 1.25min
[fit 45/54] END max_depth=10, min_child_weight=3; total=2625, TP=71, TN=2487, FP=13, FN=54; precision=0.845, recall=0.568
accuracy: (test=0.974) average_precision: (test=0.726) balanced_accuracy: (test=0.781) f1: (test=0.679) roc_auc: (test=0.919) 1.17min
[fit 46/54] END max_depth=10, min_child_weight=4; total=2625, TP=72, TN=2485, FP=15, FN=53; precision=0.828, recall=0.576
accuracy: (test=0.974) average_precision: (test=0.719) balanced_accuracy: (test=0.785) f1: (test=0.679) roc_auc: (test=0.918) 1.12min
[fit 47/54] END max_depth=10, min_child_weight=5; total=2625, TP=72, TN=2483, FP=17, FN=53; precision=0.809, recall=0.576
accuracy: (test=0.973) average_precision: (test=0.709) balanced_accuracy: (test=0.785) f1: (test=0.673) roc_auc: (test=0.912) 1.08min
[fit 48/54] END max_depth=10, min_child_weight=6; total=2625, TP=73, TN=2486, FP=14, FN=52; precision=0.839, recall=0.584
accuracy: (test=0.975) average_precision: (test=0.720) balanced_accuracy: (test=0.789) f1: (test=0.689) roc_auc: (test=0.917) 1.06min
[fit 49/54] END max_depth=12, min_child_weight=1; total=2625, TP=71, TN=2485, FP=15, FN=54; precision=0.826, recall=0.568
accuracy: (test=0.974) average_precision: (test=0.741) balanced_accuracy: (test=0.781) f1: (test=0.673) roc_auc: (test=0.922) 1.60min
[fit 50/54] END max_depth=12, min_child_weight=2; total=2625, TP=70, TN=2487, FP=13, FN=55; precision=0.843, recall=0.560
accuracy: (test=0.974) average_precision: (test=0.727) balanced_accuracy: (test=0.777) f1: (test=0.673) roc_auc: (test=0.915) 1.41min
[fit 51/54] END max_depth=12, min_child_weight=3; total=2625, TP=70, TN=2487, FP=13, FN=55; precision=0.843, recall=0.560
accuracy: (test=0.974) average_precision: (test=0.729) balanced_accuracy: (test=0.777) f1: (test=0.673) roc_auc: (test=0.925) 1.31min
[fit 52/54] END max_depth=12, min_child_weight=4; total=2625, TP=71, TN=2484, FP=16, FN=54; precision=0.816, recall=0.568
accuracy: (test=0.973) average_precision: (test=0.724) balanced_accuracy: (test=0.781) f1: (test=0.670) roc_auc: (test=0.919) 1.22min
[fit 53/54] END max_depth=12, min_child_weight=5; total=2625, TP=73, TN=2482, FP=18, FN=52; precision=0.802, recall=0.584
accuracy: (test=0.973) average_precision: (test=0.719) balanced_accuracy: (test=0.788) f1: (test=0.676) roc_auc: (test=0.919) 1.19min
[fit 54/54] END max_depth=12, min_child_weight=6; total=2625, TP=76, TN=2487, FP=13, FN=49; precision=0.854, recall=0.608
accuracy: (test=0.976) average_precision: (test=0.727) balanced_accuracy: (test=0.801) f1: (test=0.710) roc_auc: (test=0.915) 1.14min
clf.best_estimator_params: {'max_depth': 10, 'min_child_weight': 1}
best params found in line [44] for metric [roc_auc] in rank file
best params found in fit [43] for metric [roc_auc] in run_and_score file
clf.best_scoring_result: [Total: (test=2625) TP: (test=70.000) TN: (test=2485.000) FP: (test=15.000) FN: (test=55.000) precision: (test=0.824) recall: (test=0.560) accuracy: (test=0.973) average_precision: (test=0.729) balanced_accuracy: (test=0.777) f1: (test=0.667) roc_auc: (test=0.926) ]
write rank test to csv!!!
write over!!!
第三次
{'objective': 'binary:logistic', 'use_label_encoder': False, 'base_score': None, 'booster': None, 'colsample_bylevel': None, 'colsample_bynode': None, 'colsample_bytree': 0.8, 'gamma': 0, 'gpu_id': None, 'importance_type': 'gain', 'interaction_constraints': None, 'learning_rate': 0.1, 'max_delta_step': None, 'max_depth': 10, 'min_child_weight': 1, 'missing': nan, 'monotone_constraints': None, 'n_estimators': 1000, 'n_jobs': None, 'num_parallel_tree': None, 'random_state': None, 'reg_alpha': 0, 'reg_lambda': 1, 'scale_pos_weight': None, 'subsample': 0.8, 'tree_method': 'gpu_hist', 'validate_parameters': None, 'verbosity': None, 'seed': 0, 'eval_metric': 'logloss'}
Fitting, totalling 7 fits
[fit 1/7] END gamma=0; total=2625, TP=70, TN=2485, FP=15, FN=55; precision=0.824, recall=0.560
accuracy: (test=0.973) average_precision: (test=0.729) balanced_accuracy: (test=0.777) f1: (test=0.667) roc_auc: (test=0.926) 1.44min
[fit 2/7] END gamma=0.1; total=2625, TP=72, TN=2486, FP=14, FN=53; precision=0.837, recall=0.576
accuracy: (test=0.974) average_precision: (test=0.713) balanced_accuracy: (test=0.785) f1: (test=0.682) roc_auc: (test=0.925) 59.52s
[fit 3/7] END gamma=0.2; total=2625, TP=70, TN=2486, FP=14, FN=55; precision=0.833, recall=0.560
accuracy: (test=0.974) average_precision: (test=0.710) balanced_accuracy: (test=0.777) f1: (test=0.670) roc_auc: (test=0.916) 52.92s
[fit 4/7] END gamma=0.3; total=2625, TP=75, TN=2485, FP=15, FN=50; precision=0.833, recall=0.600
accuracy: (test=0.975) average_precision: (test=0.720) balanced_accuracy: (test=0.797) f1: (test=0.698) roc_auc: (test=0.921) 50.31s
[fit 5/7] END gamma=0.4; total=2625, TP=74, TN=2482, FP=18, FN=51; precision=0.804, recall=0.592
accuracy: (test=0.974) average_precision: (test=0.722) balanced_accuracy: (test=0.792) f1: (test=0.682) roc_auc: (test=0.926) 45.77s
[fit 6/7] END gamma=0.5; total=2625, TP=69, TN=2482, FP=18, FN=56; precision=0.793, recall=0.552
accuracy: (test=0.972) average_precision: (test=0.704) balanced_accuracy: (test=0.772) f1: (test=0.651) roc_auc: (test=0.921) 44.52s
[fit 7/7] END gamma=0.6; total=2625, TP=72, TN=2482, FP=18, FN=53; precision=0.800, recall=0.576
accuracy: (test=0.973) average_precision: (test=0.706) balanced_accuracy: (test=0.784) f1: (test=0.670) roc_auc: (test=0.917) 44.78s
clf.best_estimator_params: {'gamma': 0}
best params found in line [2] for metric [roc_auc] in rank file
best params found in fit [1] for metric [roc_auc] in run_and_score file
clf.best_scoring_result: [Total: (test=2625) TP: (test=70.000) TN: (test=2485.000) FP: (test=15.000) FN: (test=55.000) precision: (test=0.824) recall: (test=0.560) accuracy: (test=0.973) average_precision: (test=0.729) balanced_accuracy: (test=0.777) f1: (test=0.667) roc_auc: (test=0.926) ]
write rank test to csv!!!
write over!!!
第四次
{'objective': 'binary:logistic', 'use_label_encoder': False, 'base_score': None, 'booster': None, 'colsample_bylevel': None, 'colsample_bynode': None, 'colsample_bytree': 0.8, 'gamma': 0, 'gpu_id': None, 'importance_type': 'gain', 'interaction_constraints': None, 'learning_rate': 0.1, 'max_delta_step': None, 'max_depth': 10, 'min_child_weight': 1, 'missing': nan, 'monotone_constraints': None, 'n_estimators': 1000, 'n_jobs': None, 'num_parallel_tree': None, 'random_state': None, 'reg_alpha': 0, 'reg_lambda': 1, 'scale_pos_weight': None, 'subsample': 0.8, 'tree_method': 'gpu_hist', 'validate_parameters': None, 'verbosity': None, 'seed': 0, 'eval_metric': 'logloss'}
Fitting, totalling 16 fits
[fit 1/16] END colsample_bytree=0.6, subsample=0.6; total=2625, TP=72, TN=2489, FP=11, FN=53; precision=0.867, recall=0.576
accuracy: (test=0.976) average_precision: (test=0.735) balanced_accuracy: (test=0.786) f1: (test=0.692) roc_auc: (test=0.931) 1.36min
[fit 2/16] END colsample_bytree=0.6, subsample=0.7; total=2625, TP=71, TN=2488, FP=12, FN=54; precision=0.855, recall=0.568
accuracy: (test=0.975) average_precision: (test=0.733) balanced_accuracy: (test=0.782) f1: (test=0.683) roc_auc: (test=0.925) 1.38min
[fit 3/16] END colsample_bytree=0.6, subsample=0.8; total=2625, TP=67, TN=2488, FP=12, FN=58; precision=0.848, recall=0.536
accuracy: (test=0.973) average_precision: (test=0.718) balanced_accuracy: (test=0.766) f1: (test=0.657) roc_auc: (test=0.911) 1.41min
[fit 4/16] END colsample_bytree=0.6, subsample=0.9; total=2625, TP=73, TN=2486, FP=14, FN=52; precision=0.839, recall=0.584
accuracy: (test=0.975) average_precision: (test=0.733) balanced_accuracy: (test=0.789) f1: (test=0.689) roc_auc: (test=0.919) 1.40min
[fit 5/16] END colsample_bytree=0.7, subsample=0.6; total=2625, TP=71, TN=2486, FP=14, FN=54; precision=0.835, recall=0.568
accuracy: (test=0.974) average_precision: (test=0.738) balanced_accuracy: (test=0.781) f1: (test=0.676) roc_auc: (test=0.924) 1.38min
[fit 6/16] END colsample_bytree=0.7, subsample=0.7; total=2625, TP=67, TN=2487, FP=13, FN=58; precision=0.838, recall=0.536
accuracy: (test=0.973) average_precision: (test=0.731) balanced_accuracy: (test=0.765) f1: (test=0.654) roc_auc: (test=0.922) 1.42min
[fit 7/16] END colsample_bytree=0.7, subsample=0.8; total=2625, TP=73, TN=2489, FP=11, FN=52; precision=0.869, recall=0.584
accuracy: (test=0.976) average_precision: (test=0.732) balanced_accuracy: (test=0.790) f1: (test=0.699) roc_auc: (test=0.920) 1.44min
[fit 8/16] END colsample_bytree=0.7, subsample=0.9; total=2625, TP=70, TN=2490, FP=10, FN=55; precision=0.875, recall=0.560
accuracy: (test=0.975) average_precision: (test=0.728) balanced_accuracy: (test=0.778) f1: (test=0.683) roc_auc: (test=0.925) 1.43min
[fit 9/16] END colsample_bytree=0.8, subsample=0.6; total=2625, TP=73, TN=2483, FP=17, FN=52; precision=0.811, recall=0.584
accuracy: (test=0.974) average_precision: (test=0.722) balanced_accuracy: (test=0.789) f1: (test=0.679) roc_auc: (test=0.925) 1.41min
[fit 10/16] END colsample_bytree=0.8, subsample=0.7; total=2625, TP=71, TN=2489, FP=11, FN=54; precision=0.866, recall=0.568
accuracy: (test=0.975) average_precision: (test=0.727) balanced_accuracy: (test=0.782) f1: (test=0.686) roc_auc: (test=0.919) 1.45min
[fit 11/16] END colsample_bytree=0.8, subsample=0.8; total=2625, TP=70, TN=2485, FP=15, FN=55; precision=0.824, recall=0.560
accuracy: (test=0.973) average_precision: (test=0.729) balanced_accuracy: (test=0.777) f1: (test=0.667) roc_auc: (test=0.926) 1.48min
[fit 12/16] END colsample_bytree=0.8, subsample=0.9; total=2625, TP=69, TN=2487, FP=13, FN=56; precision=0.841, recall=0.552
accuracy: (test=0.974) average_precision: (test=0.728) balanced_accuracy: (test=0.773) f1: (test=0.667) roc_auc: (test=0.926) 1.50min
[fit 13/16] END colsample_bytree=0.9, subsample=0.6; total=2625, TP=71, TN=2491, FP=9, FN=54; precision=0.887, recall=0.568
accuracy: (test=0.976) average_precision: (test=0.728) balanced_accuracy: (test=0.782) f1: (test=0.693) roc_auc: (test=0.925) 1.46min
[fit 14/16] END colsample_bytree=0.9, subsample=0.7; total=2625, TP=68, TN=2489, FP=11, FN=57; precision=0.861, recall=0.544
accuracy: (test=0.974) average_precision: (test=0.728) balanced_accuracy: (test=0.770) f1: (test=0.667) roc_auc: (test=0.919) 1.48min
[fit 15/16] END colsample_bytree=0.9, subsample=0.8; total=2625, TP=72, TN=2484, FP=16, FN=53; precision=0.818, recall=0.576
accuracy: (test=0.974) average_precision: (test=0.718) balanced_accuracy: (test=0.785) f1: (test=0.676) roc_auc: (test=0.922) 1.49min
[fit 16/16] END colsample_bytree=0.9, subsample=0.9; total=2625, TP=74, TN=2486, FP=14, FN=51; precision=0.841, recall=0.592
accuracy: (test=0.975) average_precision: (test=0.726) balanced_accuracy: (test=0.793) f1: (test=0.695) roc_auc: (test=0.918) 1.51min
clf.best_estimator_params: {'colsample_bytree': 0.6, 'subsample': 0.6}
best params found in line [2] for metric [roc_auc] in rank file
best params found in fit [1] for metric [roc_auc] in run_and_score file
clf.best_scoring_result: [Total: (test=2625) TP: (test=72.000) TN: (test=2489.000) FP: (test=11.000) FN: (test=53.000) precision: (test=0.867) recall: (test=0.576) accuracy: (test=0.976) average_precision: (test=0.735) balanced_accuracy: (test=0.786) f1: (test=0.692) roc_auc: (test=0.931) ]
write rank test to csv!!!
write over!!!
第五次
{'objective': 'binary:logistic', 'use_label_encoder': False, 'base_score': None, 'booster': None, 'colsample_bylevel': None, 'colsample_bynode': None, 'colsample_bytree': 0.6, 'gamma': 0, 'gpu_id': None, 'importance_type': 'gain', 'interaction_constraints': None, 'learning_rate': 0.1, 'max_delta_step': None, 'max_depth': 10, 'min_child_weight': 1, 'missing': nan, 'monotone_constraints': None, 'n_estimators': 1000, 'n_jobs': None, 'num_parallel_tree': None, 'random_state': None, 'reg_alpha': 0, 'reg_lambda': 1, 'scale_pos_weight': None, 'subsample': 0.6, 'tree_method': 'gpu_hist', 'validate_parameters': None, 'verbosity': None, 'seed': 0, 'eval_metric': 'logloss'}
Fitting, totalling 81 fits
[fit 1/81] END reg_alpha=0, reg_lambda=0; total=2625, TP=70, TN=2487, FP=13, FN=55; precision=0.843, recall=0.560
accuracy: (test=0.974) average_precision: (test=0.724) balanced_accuracy: (test=0.777) f1: (test=0.673) roc_auc: (test=0.921) 1.25min
[fit 2/81] END reg_alpha=0, reg_lambda=0.01; total=2625, TP=72, TN=2488, FP=12, FN=53; precision=0.857, recall=0.576
accuracy: (test=0.975) average_precision: (test=0.728) balanced_accuracy: (test=0.786) f1: (test=0.689) roc_auc: (test=0.913) 1.24min
[fit 3/81] END reg_alpha=0, reg_lambda=0.02; total=2625, TP=73, TN=2490, FP=10, FN=52; precision=0.880, recall=0.584
accuracy: (test=0.976) average_precision: (test=0.732) balanced_accuracy: (test=0.790) f1: (test=0.702) roc_auc: (test=0.915) 1.23min
[fit 4/81] END reg_alpha=0, reg_lambda=0.05; total=2625, TP=72, TN=2488, FP=12, FN=53; precision=0.857, recall=0.576
accuracy: (test=0.975) average_precision: (test=0.738) balanced_accuracy: (test=0.786) f1: (test=0.689) roc_auc: (test=0.921) 1.23min
[fit 5/81] END reg_alpha=0, reg_lambda=0.1; total=2625, TP=72, TN=2488, FP=12, FN=53; precision=0.857, recall=0.576
accuracy: (test=0.975) average_precision: (test=0.729) balanced_accuracy: (test=0.786) f1: (test=0.689) roc_auc: (test=0.930) 1.24min
[fit 6/81] END reg_alpha=0, reg_lambda=0.5; total=2625, TP=73, TN=2486, FP=14, FN=52; precision=0.839, recall=0.584
accuracy: (test=0.975) average_precision: (test=0.726) balanced_accuracy: (test=0.789) f1: (test=0.689) roc_auc: (test=0.921) 1.32min
[fit 7/81] END reg_alpha=0, reg_lambda=1; total=2625, TP=72, TN=2489, FP=11, FN=53; precision=0.867, recall=0.576
accuracy: (test=0.976) average_precision: (test=0.735) balanced_accuracy: (test=0.786) f1: (test=0.692) roc_auc: (test=0.931) 1.39min
[fit 8/81] END reg_alpha=0, reg_lambda=2; total=2625, TP=69, TN=2486, FP=14, FN=56; precision=0.831, recall=0.552
accuracy: (test=0.973) average_precision: (test=0.717) balanced_accuracy: (test=0.773) f1: (test=0.663) roc_auc: (test=0.912) 1.50min
[fit 9/81] END reg_alpha=0, reg_lambda=3; total=2625, TP=72, TN=2490, FP=10, FN=53; precision=0.878, recall=0.576
accuracy: (test=0.976) average_precision: (test=0.721) balanced_accuracy: (test=0.786) f1: (test=0.696) roc_auc: (test=0.921) 1.58min
[fit 10/81] END reg_alpha=0.01, reg_lambda=0; total=2625, TP=74, TN=2486, FP=14, FN=51; precision=0.841, recall=0.592
accuracy: (test=0.975) average_precision: (test=0.721) balanced_accuracy: (test=0.793) f1: (test=0.695) roc_auc: (test=0.920) 1.25min
[fit 11/81] END reg_alpha=0.01, reg_lambda=0.01; total=2625, TP=71, TN=2485, FP=15, FN=54; precision=0.826, recall=0.568
accuracy: (test=0.974) average_precision: (test=0.727) balanced_accuracy: (test=0.781) f1: (test=0.673) roc_auc: (test=0.919) 1.25min
[fit 12/81] END reg_alpha=0.01, reg_lambda=0.02; total=2625, TP=71, TN=2486, FP=14, FN=54; precision=0.835, recall=0.568
accuracy: (test=0.974) average_precision: (test=0.723) balanced_accuracy: (test=0.781) f1: (test=0.676) roc_auc: (test=0.921) 1.24min
[fit 13/81] END reg_alpha=0.01, reg_lambda=0.05; total=2625, TP=71, TN=2486, FP=14, FN=54; precision=0.835, recall=0.568
accuracy: (test=0.974) average_precision: (test=0.720) balanced_accuracy: (test=0.781) f1: (test=0.676) roc_auc: (test=0.916) 1.24min
[fit 14/81] END reg_alpha=0.01, reg_lambda=0.1; total=2625, TP=69, TN=2489, FP=11, FN=56; precision=0.863, recall=0.552
accuracy: (test=0.974) average_precision: (test=0.725) balanced_accuracy: (test=0.774) f1: (test=0.673) roc_auc: (test=0.929) 1.25min
[fit 15/81] END reg_alpha=0.01, reg_lambda=0.5; total=2625, TP=72, TN=2485, FP=15, FN=53; precision=0.828, recall=0.576
accuracy: (test=0.974) average_precision: (test=0.722) balanced_accuracy: (test=0.785) f1: (test=0.679) roc_auc: (test=0.912) 1.34min
[fit 16/81] END reg_alpha=0.01, reg_lambda=1; total=2625, TP=72, TN=2491, FP=9, FN=53; precision=0.889, recall=0.576
accuracy: (test=0.976) average_precision: (test=0.729) balanced_accuracy: (test=0.786) f1: (test=0.699) roc_auc: (test=0.919) 1.41min
[fit 17/81] END reg_alpha=0.01, reg_lambda=2; total=2625, TP=67, TN=2489, FP=11, FN=58; precision=0.859, recall=0.536
accuracy: (test=0.974) average_precision: (test=0.721) balanced_accuracy: (test=0.766) f1: (test=0.660) roc_auc: (test=0.923) 1.52min
[fit 18/81] END reg_alpha=0.01, reg_lambda=3; total=2625, TP=75, TN=2486, FP=14, FN=50; precision=0.843, recall=0.600
accuracy: (test=0.976) average_precision: (test=0.732) balanced_accuracy: (test=0.797) f1: (test=0.701) roc_auc: (test=0.919) 1.57min
[fit 19/81] END reg_alpha=0.02, reg_lambda=0; total=2625, TP=73, TN=2487, FP=13, FN=52; precision=0.849, recall=0.584
accuracy: (test=0.975) average_precision: (test=0.728) balanced_accuracy: (test=0.789) f1: (test=0.692) roc_auc: (test=0.916) 1.26min
[fit 20/81] END reg_alpha=0.02, reg_lambda=0.01; total=2625, TP=71, TN=2483, FP=17, FN=54; precision=0.807, recall=0.568
accuracy: (test=0.973) average_precision: (test=0.714) balanced_accuracy: (test=0.781) f1: (test=0.667) roc_auc: (test=0.921) 1.25min
[fit 21/81] END reg_alpha=0.02, reg_lambda=0.02; total=2625, TP=68, TN=2485, FP=15, FN=57; precision=0.819, recall=0.544
accuracy: (test=0.973) average_precision: (test=0.717) balanced_accuracy: (test=0.769) f1: (test=0.654) roc_auc: (test=0.917) 1.26min
[fit 22/81] END reg_alpha=0.02, reg_lambda=0.05; total=2625, TP=73, TN=2490, FP=10, FN=52; precision=0.880, recall=0.584
accuracy: (test=0.976) average_precision: (test=0.729) balanced_accuracy: (test=0.790) f1: (test=0.702) roc_auc: (test=0.915) 1.26min
[fit 23/81] END reg_alpha=0.02, reg_lambda=0.1; total=2625, TP=70, TN=2490, FP=10, FN=55; precision=0.875, recall=0.560
accuracy: (test=0.975) average_precision: (test=0.728) balanced_accuracy: (test=0.778) f1: (test=0.683) roc_auc: (test=0.922) 1.27min
[fit 24/81] END reg_alpha=0.02, reg_lambda=0.5; total=2625, TP=68, TN=2491, FP=9, FN=57; precision=0.883, recall=0.544
accuracy: (test=0.975) average_precision: (test=0.727) balanced_accuracy: (test=0.770) f1: (test=0.673) roc_auc: (test=0.922) 1.35min
[fit 25/81] END reg_alpha=0.02, reg_lambda=1; total=2625, TP=71, TN=2488, FP=12, FN=54; precision=0.855, recall=0.568
accuracy: (test=0.975) average_precision: (test=0.723) balanced_accuracy: (test=0.782) f1: (test=0.683) roc_auc: (test=0.912) 1.41min
[fit 26/81] END reg_alpha=0.02, reg_lambda=2; total=2625, TP=70, TN=2489, FP=11, FN=55; precision=0.864, recall=0.560
accuracy: (test=0.975) average_precision: (test=0.726) balanced_accuracy: (test=0.778) f1: (test=0.680) roc_auc: (test=0.911) 1.52min
[fit 27/81] END reg_alpha=0.02, reg_lambda=3; total=2625, TP=69, TN=2489, FP=11, FN=56; precision=0.863, recall=0.552
accuracy: (test=0.974) average_precision: (test=0.730) balanced_accuracy: (test=0.774) f1: (test=0.673) roc_auc: (test=0.922) 1.58min
[fit 28/81] END reg_alpha=0.05, reg_lambda=0; total=2625, TP=68, TN=2481, FP=19, FN=57; precision=0.782, recall=0.544
accuracy: (test=0.971) average_precision: (test=0.716) balanced_accuracy: (test=0.768) f1: (test=0.642) roc_auc: (test=0.918) 1.20min
[fit 29/81] END reg_alpha=0.05, reg_lambda=0.01; total=2625, TP=74, TN=2489, FP=11, FN=51; precision=0.871, recall=0.592
accuracy: (test=0.976) average_precision: (test=0.730) balanced_accuracy: (test=0.794) f1: (test=0.705) roc_auc: (test=0.916) 1.18min
[fit 30/81] END reg_alpha=0.05, reg_lambda=0.02; total=2625, TP=77, TN=2485, FP=15, FN=48; precision=0.837, recall=0.616
accuracy: (test=0.976) average_precision: (test=0.733) balanced_accuracy: (test=0.805) f1: (test=0.710) roc_auc: (test=0.916) 1.16min
[fit 31/81] END reg_alpha=0.05, reg_lambda=0.05; total=2625, TP=71, TN=2487, FP=13, FN=54; precision=0.845, recall=0.568
accuracy: (test=0.974) average_precision: (test=0.725) balanced_accuracy: (test=0.781) f1: (test=0.679) roc_auc: (test=0.920) 1.17min
[fit 32/81] END reg_alpha=0.05, reg_lambda=0.1; total=2625, TP=69, TN=2488, FP=12, FN=56; precision=0.852, recall=0.552
accuracy: (test=0.974) average_precision: (test=0.719) balanced_accuracy: (test=0.774) f1: (test=0.670) roc_auc: (test=0.920) 1.21min
[fit 33/81] END reg_alpha=0.05, reg_lambda=0.5; total=2625, TP=72, TN=2490, FP=10, FN=53; precision=0.878, recall=0.576
accuracy: (test=0.976) average_precision: (test=0.732) balanced_accuracy: (test=0.786) f1: (test=0.696) roc_auc: (test=0.918) 1.30min
[fit 34/81] END reg_alpha=0.05, reg_lambda=1; total=2625, TP=72, TN=2486, FP=14, FN=53; precision=0.837, recall=0.576
accuracy: (test=0.974) average_precision: (test=0.723) balanced_accuracy: (test=0.785) f1: (test=0.682) roc_auc: (test=0.916) 1.42min
[fit 35/81] END reg_alpha=0.05, reg_lambda=2; total=2625, TP=72, TN=2487, FP=13, FN=53; precision=0.847, recall=0.576
accuracy: (test=0.975) average_precision: (test=0.734) balanced_accuracy: (test=0.785) f1: (test=0.686) roc_auc: (test=0.921) 1.61min
[fit 36/81] END reg_alpha=0.05, reg_lambda=3; total=2625, TP=69, TN=2488, FP=12, FN=56; precision=0.852, recall=0.552
accuracy: (test=0.974) average_precision: (test=0.718) balanced_accuracy: (test=0.774) f1: (test=0.670) roc_auc: (test=0.921) 1.44min
[fit 37/81] END reg_alpha=0.1, reg_lambda=0; total=2625, TP=71, TN=2489, FP=11, FN=54; precision=0.866, recall=0.568
accuracy: (test=0.975) average_precision: (test=0.722) balanced_accuracy: (test=0.782) f1: (test=0.686) roc_auc: (test=0.922) 32.66s
[fit 38/81] END reg_alpha=0.1, reg_lambda=0.01; total=2625, TP=74, TN=2489, FP=11, FN=51; precision=0.871, recall=0.592
accuracy: (test=0.976) average_precision: (test=0.734) balanced_accuracy: (test=0.794) f1: (test=0.705) roc_auc: (test=0.929) 32.71s
[fit 39/81] END reg_alpha=0.1, reg_lambda=0.02; total=2625, TP=70, TN=2489, FP=11, FN=55; precision=0.864, recall=0.560
accuracy: (test=0.975) average_precision: (test=0.730) balanced_accuracy: (test=0.778) f1: (test=0.680) roc_auc: (test=0.922) 32.71s
[fit 40/81] END reg_alpha=0.1, reg_lambda=0.05; total=2625, TP=71, TN=2488, FP=12, FN=54; precision=0.855, recall=0.568
accuracy: (test=0.975) average_precision: (test=0.732) balanced_accuracy: (test=0.782) f1: (test=0.683) roc_auc: (test=0.918) 33.13s
[fit 41/81] END reg_alpha=0.1, reg_lambda=0.1; total=2625, TP=70, TN=2489, FP=11, FN=55; precision=0.864, recall=0.560
accuracy: (test=0.975) average_precision: (test=0.723) balanced_accuracy: (test=0.778) f1: (test=0.680) roc_auc: (test=0.922) 33.19s
[fit 42/81] END reg_alpha=0.1, reg_lambda=0.5; total=2625, TP=67, TN=2486, FP=14, FN=58; precision=0.827, recall=0.536
accuracy: (test=0.973) average_precision: (test=0.722) balanced_accuracy: (test=0.765) f1: (test=0.650) roc_auc: (test=0.909) 1.08min
[fit 43/81] END reg_alpha=0.1, reg_lambda=1; total=2625, TP=70, TN=2491, FP=9, FN=55; precision=0.886, recall=0.560
accuracy: (test=0.976) average_precision: (test=0.727) balanced_accuracy: (test=0.778) f1: (test=0.686) roc_auc: (test=0.921) 1.46min
[fit 44/81] END reg_alpha=0.1, reg_lambda=2; total=2625, TP=73, TN=2487, FP=13, FN=52; precision=0.849, recall=0.584
accuracy: (test=0.975) average_precision: (test=0.729) balanced_accuracy: (test=0.789) f1: (test=0.692) roc_auc: (test=0.924) 1.58min
[fit 45/81] END reg_alpha=0.1, reg_lambda=3; total=2625, TP=69, TN=2488, FP=12, FN=56; precision=0.852, recall=0.552
accuracy: (test=0.974) average_precision: (test=0.717) balanced_accuracy: (test=0.774) f1: (test=0.670) roc_auc: (test=0.916) 1.65min
[fit 46/81] END reg_alpha=0.5, reg_lambda=0; total=2625, TP=69, TN=2490, FP=10, FN=56; precision=0.873, recall=0.552
accuracy: (test=0.975) average_precision: (test=0.721) balanced_accuracy: (test=0.774) f1: (test=0.676) roc_auc: (test=0.913) 1.48min
[fit 47/81] END reg_alpha=0.5, reg_lambda=0.01; total=2625, TP=71, TN=2491, FP=9, FN=54; precision=0.887, recall=0.568
accuracy: (test=0.976) average_precision: (test=0.739) balanced_accuracy: (test=0.782) f1: (test=0.693) roc_auc: (test=0.927) 1.46min
[fit 48/81] END reg_alpha=0.5, reg_lambda=0.02; total=2625, TP=72, TN=2486, FP=14, FN=53; precision=0.837, recall=0.576
accuracy: (test=0.974) average_precision: (test=0.716) balanced_accuracy: (test=0.785) f1: (test=0.682) roc_auc: (test=0.920) 1.47min
[fit 49/81] END reg_alpha=0.5, reg_lambda=0.05; total=2625, TP=71, TN=2481, FP=19, FN=54; precision=0.789, recall=0.568
accuracy: (test=0.972) average_precision: (test=0.719) balanced_accuracy: (test=0.780) f1: (test=0.660) roc_auc: (test=0.918) 1.47min
[fit 50/81] END reg_alpha=0.5, reg_lambda=0.1; total=2625, TP=73, TN=2486, FP=14, FN=52; precision=0.839, recall=0.584
accuracy: (test=0.975) average_precision: (test=0.713) balanced_accuracy: (test=0.789) f1: (test=0.689) roc_auc: (test=0.910) 1.47min
[fit 51/81] END reg_alpha=0.5, reg_lambda=0.5; total=2625, TP=72, TN=2490, FP=10, FN=53; precision=0.878, recall=0.576
accuracy: (test=0.976) average_precision: (test=0.720) balanced_accuracy: (test=0.786) f1: (test=0.696) roc_auc: (test=0.911) 1.52min
[fit 52/81] END reg_alpha=0.5, reg_lambda=1; total=2625, TP=70, TN=2486, FP=14, FN=55; precision=0.833, recall=0.560
accuracy: (test=0.974) average_precision: (test=0.710) balanced_accuracy: (test=0.777) f1: (test=0.670) roc_auc: (test=0.907) 1.60min
[fit 53/81] END reg_alpha=0.5, reg_lambda=2; total=2625, TP=69, TN=2486, FP=14, FN=56; precision=0.831, recall=0.552
accuracy: (test=0.973) average_precision: (test=0.724) balanced_accuracy: (test=0.773) f1: (test=0.663) roc_auc: (test=0.918) 1.68min
[fit 54/81] END reg_alpha=0.5, reg_lambda=3; total=2625, TP=70, TN=2485, FP=15, FN=55; precision=0.824, recall=0.560
accuracy: (test=0.973) average_precision: (test=0.722) balanced_accuracy: (test=0.777) f1: (test=0.667) roc_auc: (test=0.916) 1.76min
[fit 55/81] END reg_alpha=1, reg_lambda=0; total=2625, TP=72, TN=2486, FP=14, FN=53; precision=0.837, recall=0.576
accuracy: (test=0.974) average_precision: (test=0.724) balanced_accuracy: (test=0.785) f1: (test=0.682) roc_auc: (test=0.926) 1.44min
[fit 56/81] END reg_alpha=1, reg_lambda=0.01; total=2625, TP=73, TN=2484, FP=16, FN=52; precision=0.820, recall=0.584
accuracy: (test=0.974) average_precision: (test=0.726) balanced_accuracy: (test=0.789) f1: (test=0.682) roc_auc: (test=0.919) 1.41min
[fit 57/81] END reg_alpha=1, reg_lambda=0.02; total=2625, TP=70, TN=2485, FP=15, FN=55; precision=0.824, recall=0.560
accuracy: (test=0.973) average_precision: (test=0.725) balanced_accuracy: (test=0.777) f1: (test=0.667) roc_auc: (test=0.921) 1.43min
[fit 58/81] END reg_alpha=1, reg_lambda=0.05; total=2625, TP=72, TN=2486, FP=14, FN=53; precision=0.837, recall=0.576
accuracy: (test=0.974) average_precision: (test=0.714) balanced_accuracy: (test=0.785) f1: (test=0.682) roc_auc: (test=0.909) 1.44min
[fit 59/81] END reg_alpha=1, reg_lambda=0.1; total=2625, TP=69, TN=2484, FP=16, FN=56; precision=0.812, recall=0.552
accuracy: (test=0.973) average_precision: (test=0.717) balanced_accuracy: (test=0.773) f1: (test=0.657) roc_auc: (test=0.914) 1.46min
[fit 60/81] END reg_alpha=1, reg_lambda=0.5; total=2625, TP=69, TN=2487, FP=13, FN=56; precision=0.841, recall=0.552
accuracy: (test=0.974) average_precision: (test=0.714) balanced_accuracy: (test=0.773) f1: (test=0.667) roc_auc: (test=0.916) 1.49min
[fit 61/81] END reg_alpha=1, reg_lambda=1; total=2625, TP=72, TN=2485, FP=15, FN=53; precision=0.828, recall=0.576
accuracy: (test=0.974) average_precision: (test=0.722) balanced_accuracy: (test=0.785) f1: (test=0.679) roc_auc: (test=0.920) 1.52min
[fit 62/81] END reg_alpha=1, reg_lambda=2; total=2625, TP=68, TN=2482, FP=18, FN=57; precision=0.791, recall=0.544
accuracy: (test=0.971) average_precision: (test=0.714) balanced_accuracy: (test=0.768) f1: (test=0.645) roc_auc: (test=0.912) 1.66min
[fit 63/81] END reg_alpha=1, reg_lambda=3; total=2625, TP=74, TN=2486, FP=14, FN=51; precision=0.841, recall=0.592
accuracy: (test=0.975) average_precision: (test=0.710) balanced_accuracy: (test=0.793) f1: (test=0.695) roc_auc: (test=0.915) 1.72min
[fit 64/81] END reg_alpha=2, reg_lambda=0; total=2625, TP=75, TN=2488, FP=12, FN=50; precision=0.862, recall=0.600
accuracy: (test=0.976) average_precision: (test=0.719) balanced_accuracy: (test=0.798) f1: (test=0.708) roc_auc: (test=0.907) 1.34min
[fit 65/81] END reg_alpha=2, reg_lambda=0.01; total=2625, TP=73, TN=2486, FP=14, FN=52; precision=0.839, recall=0.584
accuracy: (test=0.975) average_precision: (test=0.724) balanced_accuracy: (test=0.789) f1: (test=0.689) roc_auc: (test=0.922) 1.35min
[fit 66/81] END reg_alpha=2, reg_lambda=0.02; total=2625, TP=68, TN=2488, FP=12, FN=57; precision=0.850, recall=0.544
accuracy: (test=0.974) average_precision: (test=0.715) balanced_accuracy: (test=0.770) f1: (test=0.663) roc_auc: (test=0.924) 1.36min
[fit 67/81] END reg_alpha=2, reg_lambda=0.05; total=2625, TP=74, TN=2489, FP=11, FN=51; precision=0.871, recall=0.592
accuracy: (test=0.976) average_precision: (test=0.720) balanced_accuracy: (test=0.794) f1: (test=0.705) roc_auc: (test=0.913) 1.36min
[fit 68/81] END reg_alpha=2, reg_lambda=0.1; total=2625, TP=71, TN=2483, FP=17, FN=54; precision=0.807, recall=0.568
accuracy: (test=0.973) average_precision: (test=0.716) balanced_accuracy: (test=0.781) f1: (test=0.667) roc_auc: (test=0.919) 1.37min
[fit 69/81] END reg_alpha=2, reg_lambda=0.5; total=2625, TP=76, TN=2482, FP=18, FN=49; precision=0.809, recall=0.608
accuracy: (test=0.974) average_precision: (test=0.724) balanced_accuracy: (test=0.800) f1: (test=0.694) roc_auc: (test=0.927) 1.40min
[fit 70/81] END reg_alpha=2, reg_lambda=1; total=2625, TP=72, TN=2482, FP=18, FN=53; precision=0.800, recall=0.576
accuracy: (test=0.973) average_precision: (test=0.714) balanced_accuracy: (test=0.784) f1: (test=0.670) roc_auc: (test=0.915) 1.37min
[fit 71/81] END reg_alpha=2, reg_lambda=2; total=2625, TP=68, TN=2479, FP=21, FN=57; precision=0.764, recall=0.544
accuracy: (test=0.970) average_precision: (test=0.714) balanced_accuracy: (test=0.768) f1: (test=0.636) roc_auc: (test=0.916) 1.48min
[fit 72/81] END reg_alpha=2, reg_lambda=3; total=2625, TP=76, TN=2483, FP=17, FN=49; precision=0.817, recall=0.608
accuracy: (test=0.975) average_precision: (test=0.722) balanced_accuracy: (test=0.801) f1: (test=0.697) roc_auc: (test=0.917) 1.55min
[fit 73/81] END reg_alpha=3, reg_lambda=0; total=2625, TP=74, TN=2480, FP=20, FN=51; precision=0.787, recall=0.592
accuracy: (test=0.973) average_precision: (test=0.712) balanced_accuracy: (test=0.792) f1: (test=0.676) roc_auc: (test=0.910) 1.28min
[fit 74/81] END reg_alpha=3, reg_lambda=0.01; total=2625, TP=72, TN=2485, FP=15, FN=53; precision=0.828, recall=0.576
accuracy: (test=0.974) average_precision: (test=0.707) balanced_accuracy: (test=0.785) f1: (test=0.679) roc_auc: (test=0.915) 1.29min
[fit 75/81] END reg_alpha=3, reg_lambda=0.02; total=2625, TP=73, TN=2484, FP=16, FN=52; precision=0.820, recall=0.584
accuracy: (test=0.974) average_precision: (test=0.719) balanced_accuracy: (test=0.789) f1: (test=0.682) roc_auc: (test=0.922) 1.29min
[fit 76/81] END reg_alpha=3, reg_lambda=0.05; total=2625, TP=68, TN=2482, FP=18, FN=57; precision=0.791, recall=0.544
accuracy: (test=0.971) average_precision: (test=0.705) balanced_accuracy: (test=0.768) f1: (test=0.645) roc_auc: (test=0.920) 1.29min
[fit 77/81] END reg_alpha=3, reg_lambda=0.1; total=2625, TP=73, TN=2486, FP=14, FN=52; precision=0.839, recall=0.584
accuracy: (test=0.975) average_precision: (test=0.722) balanced_accuracy: (test=0.789) f1: (test=0.689) roc_auc: (test=0.927) 1.26min
[fit 78/81] END reg_alpha=3, reg_lambda=0.5; total=2625, TP=75, TN=2485, FP=15, FN=50; precision=0.833, recall=0.600
accuracy: (test=0.975) average_precision: (test=0.724) balanced_accuracy: (test=0.797) f1: (test=0.698) roc_auc: (test=0.920) 1.30min
[fit 79/81] END reg_alpha=3, reg_lambda=1; total=2625, TP=75, TN=2487, FP=13, FN=50; precision=0.852, recall=0.600
accuracy: (test=0.976) average_precision: (test=0.711) balanced_accuracy: (test=0.797) f1: (test=0.704) roc_auc: (test=0.909) 1.32min
[fit 80/81] END reg_alpha=3, reg_lambda=2; total=2625, TP=74, TN=2478, FP=22, FN=51; precision=0.771, recall=0.592
accuracy: (test=0.972) average_precision: (test=0.716) balanced_accuracy: (test=0.792) f1: (test=0.670) roc_auc: (test=0.916) 1.36min
[fit 81/81] END reg_alpha=3, reg_lambda=3; total=2625, TP=76, TN=2480, FP=20, FN=49; precision=0.792, recall=0.608
accuracy: (test=0.974) average_precision: (test=0.715) balanced_accuracy: (test=0.800) f1: (test=0.688) roc_auc: (test=0.918) 1.41min
clf.best_estimator_params: {'reg_alpha': 0, 'reg_lambda': 1}
best params found in line [8] for metric [roc_auc] in rank file
best params found in fit [7] for metric [roc_auc] in run_and_score file
clf.best_scoring_result: [Total: (test=2625) TP: (test=72.000) TN: (test=2489.000) FP: (test=11.000) FN: (test=53.000) precision: (test=0.867) recall: (test=0.576) accuracy: (test=0.976) average_precision: (test=0.735) balanced_accuracy: (test=0.786) f1: (test=0.692) roc_auc: (test=0.931) ]
write rank test to csv!!!
write over!!!
第六次
{'objective': 'binary:logistic', 'use_label_encoder': False, 'base_score': None, 'booster': None, 'colsample_bylevel': None, 'colsample_bynode': None, 'colsample_bytree': 0.6, 'gamma': 0, 'gpu_id': None, 'importance_type': 'gain', 'interaction_constraints': None, 'learning_rate': 0.1, 'max_delta_step': None, 'max_depth': 10, 'min_child_weight': 1, 'missing': nan, 'monotone_constraints': None, 'n_estimators': 1000, 'n_jobs': None, 'num_parallel_tree': None, 'random_state': None, 'reg_alpha': 0, 'reg_lambda': 1, 'scale_pos_weight': None, 'subsample': 0.6, 'tree_method': 'gpu_hist', 'validate_parameters': None, 'verbosity': None, 'seed': 0, 'eval_metric': 'logloss'}
Fitting, totalling 9 fits
[fit 1/9] END learning_rate=0.001; total=2625, TP=79, TN=2433, FP=67, FN=46; precision=0.541, recall=0.632
accuracy: (test=0.957) average_precision: (test=0.552) balanced_accuracy: (test=0.803) f1: (test=0.583) roc_auc: (test=0.872) 4.78min
[fit 2/9] END learning_rate=0.01; total=2625, TP=75, TN=2479, FP=21, FN=50; precision=0.781, recall=0.600
accuracy: (test=0.973) average_precision: (test=0.713) balanced_accuracy: (test=0.796) f1: (test=0.679) roc_auc: (test=0.922) 3.69min
[fit 3/9] END learning_rate=0.05; total=2625, TP=71, TN=2490, FP=10, FN=54; precision=0.877, recall=0.568
accuracy: (test=0.976) average_precision: (test=0.728) balanced_accuracy: (test=0.782) f1: (test=0.689) roc_auc: (test=0.918) 2.02min
[fit 4/9] END learning_rate=0.07; total=2625, TP=74, TN=2488, FP=12, FN=51; precision=0.860, recall=0.592
accuracy: (test=0.976) average_precision: (test=0.736) balanced_accuracy: (test=0.794) f1: (test=0.701) roc_auc: (test=0.926) 1.66min
[fit 5/9] END learning_rate=0.1; total=2625, TP=72, TN=2489, FP=11, FN=53; precision=0.867, recall=0.576
accuracy: (test=0.976) average_precision: (test=0.735) balanced_accuracy: (test=0.786) f1: (test=0.692) roc_auc: (test=0.931) 1.41min
[fit 6/9] END learning_rate=0.2; total=2625, TP=68, TN=2485, FP=15, FN=57; precision=0.819, recall=0.544
accuracy: (test=0.973) average_precision: (test=0.712) balanced_accuracy: (test=0.769) f1: (test=0.654) roc_auc: (test=0.908) 57.40s
[fit 7/9] END learning_rate=0.5; total=2625, TP=73, TN=2474, FP=26, FN=52; precision=0.737, recall=0.584
accuracy: (test=0.970) average_precision: (test=0.691) balanced_accuracy: (test=0.787) f1: (test=0.652) roc_auc: (test=0.907) 38.10s
[fit 8/9] END learning_rate=0.75; total=2625, TP=68, TN=2467, FP=33, FN=57; precision=0.673, recall=0.544
accuracy: (test=0.966) average_precision: (test=0.631) balanced_accuracy: (test=0.765) f1: (test=0.602) roc_auc: (test=0.881) 33.21s
[fit 9/9] END learning_rate=1.0; total=2625, TP=68, TN=2457, FP=43, FN=57; precision=0.613, recall=0.544
accuracy: (test=0.962) average_precision: (test=0.581) balanced_accuracy: (test=0.763) f1: (test=0.576) roc_auc: (test=0.892) 29.95s
clf.best_estimator_params: {'learning_rate': 0.1}
best params found in line [6] for metric [roc_auc] in rank file
best params found in fit [5] for metric [roc_auc] in run_and_score file
clf.best_scoring_result: [Total: (test=2625) TP: (test=72.000) TN: (test=2489.000) FP: (test=11.000) FN: (test=53.000) precision: (test=0.867) recall: (test=0.576) accuracy: (test=0.976) average_precision: (test=0.735) balanced_accuracy: (test=0.786) f1: (test=0.692) roc_auc: (test=0.931) ]
write rank test to csv!!!
write over!!!
total time spending: 3h 32m 37s
best_params_result: {'n_estimators': 1000, 'max_depth': 10, 'min_child_weight': 1, 'gamma': 0, 'colsample_bytree': 0.6, 'subsample': 0.6, 'reg_alpha': 0, 'reg_lambda': 1, 'learning_rate': 0.1}
