nohup: ignoring input
experiment: GM12878 pseknc_xgboost
trainSet len:[X=76020,y=76020]
testSet len:[X=4431,y=4431]
第一次
{'objective': 'binary:logistic', 'use_label_encoder': False, 'base_score': None, 'booster': None, 'colsample_bylevel': None, 'colsample_bynode': None, 'colsample_bytree': 0.8, 'gamma': 0, 'gpu_id': None, 'importance_type': 'gain', 'interaction_constraints': None, 'learning_rate': 0.1, 'max_delta_step': None, 'max_depth': 5, 'min_child_weight': 1, 'missing': nan, 'monotone_constraints': None, 'n_estimators': 500, 'n_jobs': None, 'num_parallel_tree': None, 'random_state': None, 'reg_alpha': 0, 'reg_lambda': 1, 'scale_pos_weight': None, 'subsample': 0.8, 'tree_method': 'gpu_hist', 'validate_parameters': None, 'verbosity': None, 'seed': 0, 'eval_metric': 'logloss'}
Fitting, totalling 50 fits
[fit 1/50] END n_estimators=50; total=4431, TP=139, TN=3578, FP=642, FN=72; precision=0.178, recall=0.659
accuracy: (test=0.839) average_precision: (test=0.309) balanced_accuracy: (test=0.753) f1: (test=0.280) roc_auc: (test=0.825) 3.12min
[fit 2/50] END n_estimators=100; total=4431, TP=153, TN=3771, FP=449, FN=58; precision=0.254, recall=0.725
accuracy: (test=0.886) average_precision: (test=0.425) balanced_accuracy: (test=0.809) f1: (test=0.376) roc_auc: (test=0.872) 5.78s
[fit 3/50] END n_estimators=150; total=4431, TP=148, TN=3895, FP=325, FN=63; precision=0.313, recall=0.701
accuracy: (test=0.912) average_precision: (test=0.475) balanced_accuracy: (test=0.812) f1: (test=0.433) roc_auc: (test=0.885) 9.33s
[fit 4/50] END n_estimators=200; total=4431, TP=148, TN=3947, FP=273, FN=63; precision=0.352, recall=0.701
accuracy: (test=0.924) average_precision: (test=0.526) balanced_accuracy: (test=0.818) f1: (test=0.468) roc_auc: (test=0.894) 12.45s
[fit 5/50] END n_estimators=250; total=4431, TP=149, TN=3997, FP=223, FN=62; precision=0.401, recall=0.706
accuracy: (test=0.936) average_precision: (test=0.566) balanced_accuracy: (test=0.827) f1: (test=0.511) roc_auc: (test=0.901) 16.47s
[fit 6/50] END n_estimators=300; total=4431, TP=150, TN=4024, FP=196, FN=61; precision=0.434, recall=0.711
accuracy: (test=0.942) average_precision: (test=0.604) balanced_accuracy: (test=0.832) f1: (test=0.539) roc_auc: (test=0.906) 20.26s
[fit 7/50] END n_estimators=350; total=4431, TP=147, TN=4039, FP=181, FN=64; precision=0.448, recall=0.697
accuracy: (test=0.945) average_precision: (test=0.621) balanced_accuracy: (test=0.827) f1: (test=0.545) roc_auc: (test=0.905) 24.52s
[fit 8/50] END n_estimators=400; total=4431, TP=146, TN=4063, FP=157, FN=65; precision=0.482, recall=0.692
accuracy: (test=0.950) average_precision: (test=0.635) balanced_accuracy: (test=0.827) f1: (test=0.568) roc_auc: (test=0.909) 26.88s
[fit 9/50] END n_estimators=450; total=4431, TP=146, TN=4081, FP=139, FN=65; precision=0.512, recall=0.692
accuracy: (test=0.954) average_precision: (test=0.655) balanced_accuracy: (test=0.830) f1: (test=0.589) roc_auc: (test=0.914) 30.82s
[fit 10/50] END n_estimators=500; total=4431, TP=145, TN=4100, FP=120, FN=66; precision=0.547, recall=0.687
accuracy: (test=0.958) average_precision: (test=0.664) balanced_accuracy: (test=0.829) f1: (test=0.609) roc_auc: (test=0.915) 34.99s
[fit 11/50] END n_estimators=550; total=4431, TP=141, TN=4110, FP=110, FN=70; precision=0.562, recall=0.668
accuracy: (test=0.959) average_precision: (test=0.676) balanced_accuracy: (test=0.821) f1: (test=0.610) roc_auc: (test=0.913) 38.05s
[fit 12/50] END n_estimators=600; total=4431, TP=140, TN=4119, FP=101, FN=71; precision=0.581, recall=0.664
accuracy: (test=0.961) average_precision: (test=0.682) balanced_accuracy: (test=0.820) f1: (test=0.619) roc_auc: (test=0.914) 40.92s
[fit 13/50] END n_estimators=650; total=4431, TP=139, TN=4120, FP=100, FN=72; precision=0.582, recall=0.659
accuracy: (test=0.961) average_precision: (test=0.687) balanced_accuracy: (test=0.818) f1: (test=0.618) roc_auc: (test=0.914) 44.74s
[fit 14/50] END n_estimators=700; total=4431, TP=137, TN=4128, FP=92, FN=74; precision=0.598, recall=0.649
accuracy: (test=0.963) average_precision: (test=0.698) balanced_accuracy: (test=0.814) f1: (test=0.623) roc_auc: (test=0.914) 48.21s
[fit 15/50] END n_estimators=750; total=4431, TP=137, TN=4133, FP=87, FN=74; precision=0.612, recall=0.649
accuracy: (test=0.964) average_precision: (test=0.702) balanced_accuracy: (test=0.814) f1: (test=0.630) roc_auc: (test=0.915) 51.30s
[fit 16/50] END n_estimators=800; total=4431, TP=136, TN=4143, FP=77, FN=75; precision=0.638, recall=0.645
accuracy: (test=0.966) average_precision: (test=0.703) balanced_accuracy: (test=0.813) f1: (test=0.642) roc_auc: (test=0.915) 54.82s
[fit 17/50] END n_estimators=850; total=4431, TP=137, TN=4147, FP=73, FN=74; precision=0.652, recall=0.649
accuracy: (test=0.967) average_precision: (test=0.704) balanced_accuracy: (test=0.816) f1: (test=0.651) roc_auc: (test=0.915) 58.53s
[fit 18/50] END n_estimators=900; total=4431, TP=136, TN=4155, FP=65, FN=75; precision=0.677, recall=0.645
accuracy: (test=0.968) average_precision: (test=0.708) balanced_accuracy: (test=0.815) f1: (test=0.660) roc_auc: (test=0.915) 1.02min
[fit 19/50] END n_estimators=950; total=4431, TP=136, TN=4159, FP=61, FN=75; precision=0.690, recall=0.645
accuracy: (test=0.969) average_precision: (test=0.713) balanced_accuracy: (test=0.815) f1: (test=0.667) roc_auc: (test=0.915) 1.09min
[fit 20/50] END n_estimators=1000; total=4431, TP=136, TN=4160, FP=60, FN=75; precision=0.694, recall=0.645
accuracy: (test=0.970) average_precision: (test=0.715) balanced_accuracy: (test=0.815) f1: (test=0.668) roc_auc: (test=0.915) 1.13min
[fit 21/50] END n_estimators=1050; total=4431, TP=135, TN=4163, FP=57, FN=76; precision=0.703, recall=0.640
accuracy: (test=0.970) average_precision: (test=0.717) balanced_accuracy: (test=0.813) f1: (test=0.670) roc_auc: (test=0.914) 1.19min
[fit 22/50] END n_estimators=1100; total=4431, TP=134, TN=4161, FP=59, FN=77; precision=0.694, recall=0.635
accuracy: (test=0.969) average_precision: (test=0.717) balanced_accuracy: (test=0.811) f1: (test=0.663) roc_auc: (test=0.915) 1.26min
[fit 23/50] END n_estimators=1150; total=4431, TP=134, TN=4166, FP=54, FN=77; precision=0.713, recall=0.635
accuracy: (test=0.970) average_precision: (test=0.722) balanced_accuracy: (test=0.811) f1: (test=0.672) roc_auc: (test=0.915) 1.31min
[fit 24/50] END n_estimators=1200; total=4431, TP=134, TN=4170, FP=50, FN=77; precision=0.728, recall=0.635
accuracy: (test=0.971) average_precision: (test=0.725) balanced_accuracy: (test=0.812) f1: (test=0.678) roc_auc: (test=0.915) 1.36min
[fit 25/50] END n_estimators=1250; total=4431, TP=135, TN=4173, FP=47, FN=76; precision=0.742, recall=0.640
accuracy: (test=0.972) average_precision: (test=0.727) balanced_accuracy: (test=0.814) f1: (test=0.687) roc_auc: (test=0.915) 1.41min
[fit 26/50] END n_estimators=1300; total=4431, TP=134, TN=4175, FP=45, FN=77; precision=0.749, recall=0.635
accuracy: (test=0.972) average_precision: (test=0.730) balanced_accuracy: (test=0.812) f1: (test=0.687) roc_auc: (test=0.915) 1.45min
[fit 27/50] END n_estimators=1350; total=4431, TP=134, TN=4177, FP=43, FN=77; precision=0.757, recall=0.635
accuracy: (test=0.973) average_precision: (test=0.730) balanced_accuracy: (test=0.812) f1: (test=0.691) roc_auc: (test=0.915) 1.52min
[fit 28/50] END n_estimators=1400; total=4431, TP=135, TN=4176, FP=44, FN=76; precision=0.754, recall=0.640
accuracy: (test=0.973) average_precision: (test=0.731) balanced_accuracy: (test=0.815) f1: (test=0.692) roc_auc: (test=0.915) 1.58min
[fit 29/50] END n_estimators=1450; total=4431, TP=134, TN=4181, FP=39, FN=77; precision=0.775, recall=0.635
accuracy: (test=0.974) average_precision: (test=0.732) balanced_accuracy: (test=0.813) f1: (test=0.698) roc_auc: (test=0.916) 1.64min
[fit 30/50] END n_estimators=1500; total=4431, TP=134, TN=4182, FP=38, FN=77; precision=0.779, recall=0.635
accuracy: (test=0.974) average_precision: (test=0.734) balanced_accuracy: (test=0.813) f1: (test=0.700) roc_auc: (test=0.916) 1.71min
[fit 31/50] END n_estimators=1550; total=4431, TP=131, TN=4181, FP=39, FN=80; precision=0.771, recall=0.621
accuracy: (test=0.973) average_precision: (test=0.734) balanced_accuracy: (test=0.806) f1: (test=0.688) roc_auc: (test=0.917) 1.74min
[fit 32/50] END n_estimators=1600; total=4431, TP=130, TN=4186, FP=34, FN=81; precision=0.793, recall=0.616
accuracy: (test=0.974) average_precision: (test=0.736) balanced_accuracy: (test=0.804) f1: (test=0.693) roc_auc: (test=0.917) 1.81min
[fit 33/50] END n_estimators=1650; total=4431, TP=130, TN=4183, FP=37, FN=81; precision=0.778, recall=0.616
accuracy: (test=0.973) average_precision: (test=0.736) balanced_accuracy: (test=0.804) f1: (test=0.688) roc_auc: (test=0.917) 1.86min
[fit 34/50] END n_estimators=1700; total=4431, TP=130, TN=4185, FP=35, FN=81; precision=0.788, recall=0.616
accuracy: (test=0.974) average_precision: (test=0.736) balanced_accuracy: (test=0.804) f1: (test=0.691) roc_auc: (test=0.916) 1.93min
[fit 35/50] END n_estimators=1750; total=4431, TP=130, TN=4188, FP=32, FN=81; precision=0.802, recall=0.616
accuracy: (test=0.974) average_precision: (test=0.737) balanced_accuracy: (test=0.804) f1: (test=0.697) roc_auc: (test=0.916) 1.96min
[fit 36/50] END n_estimators=1800; total=4431, TP=130, TN=4189, FP=31, FN=81; precision=0.807, recall=0.616
accuracy: (test=0.975) average_precision: (test=0.739) balanced_accuracy: (test=0.804) f1: (test=0.699) roc_auc: (test=0.918) 2.03min
[fit 37/50] END n_estimators=1850; total=4431, TP=130, TN=4188, FP=32, FN=81; precision=0.802, recall=0.616
accuracy: (test=0.974) average_precision: (test=0.740) balanced_accuracy: (test=0.804) f1: (test=0.697) roc_auc: (test=0.917) 2.09min
[fit 38/50] END n_estimators=1900; total=4431, TP=129, TN=4187, FP=33, FN=82; precision=0.796, recall=0.611
accuracy: (test=0.974) average_precision: (test=0.739) balanced_accuracy: (test=0.802) f1: (test=0.692) roc_auc: (test=0.917) 2.15min
[fit 39/50] END n_estimators=1950; total=4431, TP=131, TN=4187, FP=33, FN=80; precision=0.799, recall=0.621
accuracy: (test=0.974) average_precision: (test=0.739) balanced_accuracy: (test=0.807) f1: (test=0.699) roc_auc: (test=0.917) 2.21min
[fit 40/50] END n_estimators=2000; total=4431, TP=132, TN=4190, FP=30, FN=79; precision=0.815, recall=0.626
accuracy: (test=0.975) average_precision: (test=0.741) balanced_accuracy: (test=0.809) f1: (test=0.708) roc_auc: (test=0.917) 2.25min
[fit 41/50] END n_estimators=2050; total=4431, TP=131, TN=4192, FP=28, FN=80; precision=0.824, recall=0.621
accuracy: (test=0.976) average_precision: (test=0.743) balanced_accuracy: (test=0.807) f1: (test=0.708) roc_auc: (test=0.918) 2.29min
[fit 42/50] END n_estimators=2100; total=4431, TP=130, TN=4191, FP=29, FN=81; precision=0.818, recall=0.616
accuracy: (test=0.975) average_precision: (test=0.743) balanced_accuracy: (test=0.805) f1: (test=0.703) roc_auc: (test=0.919) 2.37min
[fit 43/50] END n_estimators=2150; total=4431, TP=132, TN=4192, FP=28, FN=79; precision=0.825, recall=0.626
accuracy: (test=0.976) average_precision: (test=0.743) balanced_accuracy: (test=0.809) f1: (test=0.712) roc_auc: (test=0.919) 2.42min
[fit 44/50] END n_estimators=2200; total=4431, TP=131, TN=4192, FP=28, FN=80; precision=0.824, recall=0.621
accuracy: (test=0.976) average_precision: (test=0.743) balanced_accuracy: (test=0.807) f1: (test=0.708) roc_auc: (test=0.918) 2.47min
[fit 45/50] END n_estimators=2250; total=4431, TP=132, TN=4191, FP=29, FN=79; precision=0.820, recall=0.626
accuracy: (test=0.976) average_precision: (test=0.743) balanced_accuracy: (test=0.809) f1: (test=0.710) roc_auc: (test=0.919) 2.53min
[fit 46/50] END n_estimators=2300; total=4431, TP=131, TN=4193, FP=27, FN=80; precision=0.829, recall=0.621
accuracy: (test=0.976) average_precision: (test=0.744) balanced_accuracy: (test=0.807) f1: (test=0.710) roc_auc: (test=0.919) 2.57min
[fit 47/50] END n_estimators=2350; total=4431, TP=132, TN=4192, FP=28, FN=79; precision=0.825, recall=0.626
accuracy: (test=0.976) average_precision: (test=0.744) balanced_accuracy: (test=0.809) f1: (test=0.712) roc_auc: (test=0.918) 2.63min
[fit 48/50] END n_estimators=2400; total=4431, TP=132, TN=4192, FP=28, FN=79; precision=0.825, recall=0.626
accuracy: (test=0.976) average_precision: (test=0.744) balanced_accuracy: (test=0.809) f1: (test=0.712) roc_auc: (test=0.919) 2.68min
[fit 49/50] END n_estimators=2450; total=4431, TP=131, TN=4191, FP=29, FN=80; precision=0.819, recall=0.621
accuracy: (test=0.975) average_precision: (test=0.745) balanced_accuracy: (test=0.807) f1: (test=0.706) roc_auc: (test=0.919) 2.64min
[fit 50/50] END n_estimators=2500; total=4431, TP=133, TN=4192, FP=28, FN=78; precision=0.826, recall=0.630
accuracy: (test=0.976) average_precision: (test=0.745) balanced_accuracy: (test=0.812) f1: (test=0.715) roc_auc: (test=0.919) 2.69min
clf.best_estimator_params: {'n_estimators': 2500}
best params found in line [51] for metric [roc_auc] in rank file
best params found in fit [50] for metric [roc_auc] in run_and_score file
clf.best_scoring_result: [Total: (test=4431) TP: (test=133.000) TN: (test=4192.000) FP: (test=28.000) FN: (test=78.000) precision: (test=0.826) recall: (test=0.630) accuracy: (test=0.976) average_precision: (test=0.745) balanced_accuracy: (test=0.812) f1: (test=0.715) roc_auc: (test=0.919) ]
write rank test to csv!!!
write over!!!
第二次
{'objective': 'binary:logistic', 'use_label_encoder': False, 'base_score': None, 'booster': None, 'colsample_bylevel': None, 'colsample_bynode': None, 'colsample_bytree': 0.8, 'gamma': 0, 'gpu_id': None, 'importance_type': 'gain', 'interaction_constraints': None, 'learning_rate': 0.1, 'max_delta_step': None, 'max_depth': 5, 'min_child_weight': 1, 'missing': nan, 'monotone_constraints': None, 'n_estimators': 2500, 'n_jobs': None, 'num_parallel_tree': None, 'random_state': None, 'reg_alpha': 0, 'reg_lambda': 1, 'scale_pos_weight': None, 'subsample': 0.8, 'tree_method': 'gpu_hist', 'validate_parameters': None, 'verbosity': None, 'seed': 0, 'eval_metric': 'logloss'}
Fitting, totalling 54 fits
[fit 1/54] END max_depth=3, min_child_weight=1; total=4431, TP=140, TN=4097, FP=123, FN=71; precision=0.532, recall=0.664
accuracy: (test=0.956) average_precision: (test=0.667) balanced_accuracy: (test=0.817) f1: (test=0.591) roc_auc: (test=0.914) 1.37min
[fit 2/54] END max_depth=3, min_child_weight=2; total=4431, TP=135, TN=4100, FP=120, FN=76; precision=0.529, recall=0.640
accuracy: (test=0.956) average_precision: (test=0.664) balanced_accuracy: (test=0.806) f1: (test=0.579) roc_auc: (test=0.908) 1.39min
[fit 3/54] END max_depth=3, min_child_weight=3; total=4431, TP=139, TN=4109, FP=111, FN=72; precision=0.556, recall=0.659
accuracy: (test=0.959) average_precision: (test=0.665) balanced_accuracy: (test=0.816) f1: (test=0.603) roc_auc: (test=0.908) 1.40min
[fit 4/54] END max_depth=3, min_child_weight=4; total=4431, TP=140, TN=4106, FP=114, FN=71; precision=0.551, recall=0.664
accuracy: (test=0.958) average_precision: (test=0.659) balanced_accuracy: (test=0.818) f1: (test=0.602) roc_auc: (test=0.912) 1.39min
[fit 5/54] END max_depth=3, min_child_weight=5; total=4431, TP=139, TN=4103, FP=117, FN=72; precision=0.543, recall=0.659
accuracy: (test=0.957) average_precision: (test=0.659) balanced_accuracy: (test=0.816) f1: (test=0.595) roc_auc: (test=0.910) 1.41min
[fit 6/54] END max_depth=3, min_child_weight=6; total=4431, TP=135, TN=4102, FP=118, FN=76; precision=0.534, recall=0.640
accuracy: (test=0.956) average_precision: (test=0.656) balanced_accuracy: (test=0.806) f1: (test=0.582) roc_auc: (test=0.911) 1.42min
[fit 7/54] END max_depth=4, min_child_weight=1; total=4431, TP=136, TN=4172, FP=48, FN=75; precision=0.739, recall=0.645
accuracy: (test=0.972) average_precision: (test=0.722) balanced_accuracy: (test=0.817) f1: (test=0.689) roc_auc: (test=0.914) 1.92min
[fit 8/54] END max_depth=4, min_child_weight=2; total=4431, TP=135, TN=4176, FP=44, FN=76; precision=0.754, recall=0.640
accuracy: (test=0.973) average_precision: (test=0.737) balanced_accuracy: (test=0.815) f1: (test=0.692) roc_auc: (test=0.921) 1.92min
[fit 9/54] END max_depth=4, min_child_weight=3; total=4431, TP=133, TN=4171, FP=49, FN=78; precision=0.731, recall=0.630
accuracy: (test=0.971) average_precision: (test=0.718) balanced_accuracy: (test=0.809) f1: (test=0.677) roc_auc: (test=0.913) 1.90min
[fit 10/54] END max_depth=4, min_child_weight=4; total=4431, TP=131, TN=4164, FP=56, FN=80; precision=0.701, recall=0.621
accuracy: (test=0.969) average_precision: (test=0.726) balanced_accuracy: (test=0.804) f1: (test=0.658) roc_auc: (test=0.916) 1.90min
[fit 11/54] END max_depth=4, min_child_weight=5; total=4431, TP=137, TN=4174, FP=46, FN=74; precision=0.749, recall=0.649
accuracy: (test=0.973) average_precision: (test=0.729) balanced_accuracy: (test=0.819) f1: (test=0.695) roc_auc: (test=0.917) 1.90min
[fit 12/54] END max_depth=4, min_child_weight=6; total=4431, TP=136, TN=4171, FP=49, FN=75; precision=0.735, recall=0.645
accuracy: (test=0.972) average_precision: (test=0.725) balanced_accuracy: (test=0.816) f1: (test=0.687) roc_auc: (test=0.916) 1.92min
[fit 13/54] END max_depth=5, min_child_weight=1; total=4431, TP=133, TN=4192, FP=28, FN=78; precision=0.826, recall=0.630
accuracy: (test=0.976) average_precision: (test=0.745) balanced_accuracy: (test=0.812) f1: (test=0.715) roc_auc: (test=0.919) 2.76min
[fit 14/54] END max_depth=5, min_child_weight=2; total=4431, TP=133, TN=4196, FP=24, FN=78; precision=0.847, recall=0.630
accuracy: (test=0.977) average_precision: (test=0.746) balanced_accuracy: (test=0.812) f1: (test=0.723) roc_auc: (test=0.917) 2.67min
[fit 15/54] END max_depth=5, min_child_weight=3; total=4431, TP=133, TN=4185, FP=35, FN=78; precision=0.792, recall=0.630
accuracy: (test=0.974) average_precision: (test=0.741) balanced_accuracy: (test=0.811) f1: (test=0.702) roc_auc: (test=0.914) 2.60min
[fit 16/54] END max_depth=5, min_child_weight=4; total=4431, TP=130, TN=4187, FP=33, FN=81; precision=0.798, recall=0.616
accuracy: (test=0.974) average_precision: (test=0.737) balanced_accuracy: (test=0.804) f1: (test=0.695) roc_auc: (test=0.919) 2.57min
[fit 17/54] END max_depth=5, min_child_weight=5; total=4431, TP=131, TN=4191, FP=29, FN=80; precision=0.819, recall=0.621
accuracy: (test=0.975) average_precision: (test=0.739) balanced_accuracy: (test=0.807) f1: (test=0.706) roc_auc: (test=0.920) 2.58min
[fit 18/54] END max_depth=5, min_child_weight=6; total=4431, TP=129, TN=4189, FP=31, FN=82; precision=0.806, recall=0.611
accuracy: (test=0.974) average_precision: (test=0.735) balanced_accuracy: (test=0.802) f1: (test=0.695) roc_auc: (test=0.919) 2.60min
[fit 19/54] END max_depth=6, min_child_weight=1; total=4431, TP=128, TN=4196, FP=24, FN=83; precision=0.842, recall=0.607
accuracy: (test=0.976) average_precision: (test=0.749) balanced_accuracy: (test=0.800) f1: (test=0.705) roc_auc: (test=0.916) 3.68min
[fit 20/54] END max_depth=6, min_child_weight=2; total=4431, TP=129, TN=4199, FP=21, FN=82; precision=0.860, recall=0.611
accuracy: (test=0.977) average_precision: (test=0.752) balanced_accuracy: (test=0.803) f1: (test=0.715) roc_auc: (test=0.917) 3.44min
[fit 21/54] END max_depth=6, min_child_weight=3; total=4431, TP=127, TN=4192, FP=28, FN=84; precision=0.819, recall=0.602
accuracy: (test=0.975) average_precision: (test=0.744) balanced_accuracy: (test=0.798) f1: (test=0.694) roc_auc: (test=0.919) 3.32min
[fit 22/54] END max_depth=6, min_child_weight=4; total=4431, TP=133, TN=4192, FP=28, FN=78; precision=0.826, recall=0.630
accuracy: (test=0.976) average_precision: (test=0.749) balanced_accuracy: (test=0.812) f1: (test=0.715) roc_auc: (test=0.919) 3.25min
[fit 23/54] END max_depth=6, min_child_weight=5; total=4431, TP=131, TN=4195, FP=25, FN=80; precision=0.840, recall=0.621
accuracy: (test=0.976) average_precision: (test=0.740) balanced_accuracy: (test=0.807) f1: (test=0.714) roc_auc: (test=0.914) 3.20min
[fit 24/54] END max_depth=6, min_child_weight=6; total=4431, TP=127, TN=4194, FP=26, FN=84; precision=0.830, recall=0.602
accuracy: (test=0.975) average_precision: (test=0.738) balanced_accuracy: (test=0.798) f1: (test=0.698) roc_auc: (test=0.917) 3.18min
[fit 25/54] END max_depth=7, min_child_weight=1; total=4431, TP=130, TN=4197, FP=23, FN=81; precision=0.850, recall=0.616
accuracy: (test=0.977) average_precision: (test=0.761) balanced_accuracy: (test=0.805) f1: (test=0.714) roc_auc: (test=0.914) 4.46min
[fit 26/54] END max_depth=7, min_child_weight=2; total=4431, TP=131, TN=4194, FP=26, FN=80; precision=0.834, recall=0.621
accuracy: (test=0.976) average_precision: (test=0.750) balanced_accuracy: (test=0.807) f1: (test=0.712) roc_auc: (test=0.916) 4.07min
[fit 27/54] END max_depth=7, min_child_weight=3; total=4431, TP=129, TN=4197, FP=23, FN=82; precision=0.849, recall=0.611
accuracy: (test=0.976) average_precision: (test=0.750) balanced_accuracy: (test=0.803) f1: (test=0.711) roc_auc: (test=0.913) 3.88min
[fit 28/54] END max_depth=7, min_child_weight=4; total=4431, TP=133, TN=4197, FP=23, FN=78; precision=0.853, recall=0.630
accuracy: (test=0.977) average_precision: (test=0.756) balanced_accuracy: (test=0.812) f1: (test=0.725) roc_auc: (test=0.923) 3.81min
[fit 29/54] END max_depth=7, min_child_weight=5; total=4431, TP=126, TN=4193, FP=27, FN=85; precision=0.824, recall=0.597
accuracy: (test=0.975) average_precision: (test=0.732) balanced_accuracy: (test=0.795) f1: (test=0.692) roc_auc: (test=0.913) 3.81min
[fit 30/54] END max_depth=7, min_child_weight=6; total=4431, TP=130, TN=4193, FP=27, FN=81; precision=0.828, recall=0.616
accuracy: (test=0.976) average_precision: (test=0.741) balanced_accuracy: (test=0.805) f1: (test=0.707) roc_auc: (test=0.913) 3.72min
[fit 31/54] END max_depth=8, min_child_weight=1; total=4431, TP=130, TN=4199, FP=21, FN=81; precision=0.861, recall=0.616
accuracy: (test=0.977) average_precision: (test=0.754) balanced_accuracy: (test=0.806) f1: (test=0.718) roc_auc: (test=0.916) 5.02min
[fit 32/54] END max_depth=8, min_child_weight=2; total=4431, TP=132, TN=4201, FP=19, FN=79; precision=0.874, recall=0.626
accuracy: (test=0.978) average_precision: (test=0.754) balanced_accuracy: (test=0.811) f1: (test=0.729) roc_auc: (test=0.917) 4.50min
[fit 33/54] END max_depth=8, min_child_weight=3; total=4431, TP=128, TN=4198, FP=22, FN=83; precision=0.853, recall=0.607
accuracy: (test=0.976) average_precision: (test=0.746) balanced_accuracy: (test=0.801) f1: (test=0.709) roc_auc: (test=0.918) 4.26min
[fit 34/54] END max_depth=8, min_child_weight=4; total=4431, TP=131, TN=4192, FP=28, FN=80; precision=0.824, recall=0.621
accuracy: (test=0.976) average_precision: (test=0.743) balanced_accuracy: (test=0.807) f1: (test=0.708) roc_auc: (test=0.917) 4.11min
[fit 35/54] END max_depth=8, min_child_weight=5; total=4431, TP=130, TN=4193, FP=27, FN=81; precision=0.828, recall=0.616
accuracy: (test=0.976) average_precision: (test=0.752) balanced_accuracy: (test=0.805) f1: (test=0.707) roc_auc: (test=0.915) 4.02min
[fit 36/54] END max_depth=8, min_child_weight=6; total=4431, TP=131, TN=4192, FP=28, FN=80; precision=0.824, recall=0.621
accuracy: (test=0.976) average_precision: (test=0.734) balanced_accuracy: (test=0.807) f1: (test=0.708) roc_auc: (test=0.909) 3.93min
[fit 37/54] END max_depth=9, min_child_weight=1; total=4431, TP=129, TN=4200, FP=20, FN=82; precision=0.866, recall=0.611
accuracy: (test=0.977) average_precision: (test=0.754) balanced_accuracy: (test=0.803) f1: (test=0.717) roc_auc: (test=0.919) 5.37min
[fit 38/54] END max_depth=9, min_child_weight=2; total=4431, TP=128, TN=4193, FP=27, FN=83; precision=0.826, recall=0.607
accuracy: (test=0.975) average_precision: (test=0.751) balanced_accuracy: (test=0.800) f1: (test=0.699) roc_auc: (test=0.922) 4.78min
[fit 39/54] END max_depth=9, min_child_weight=3; total=4431, TP=128, TN=4195, FP=25, FN=83; precision=0.837, recall=0.607
accuracy: (test=0.976) average_precision: (test=0.745) balanced_accuracy: (test=0.800) f1: (test=0.703) roc_auc: (test=0.913) 4.53min
[fit 40/54] END max_depth=9, min_child_weight=4; total=4431, TP=128, TN=4200, FP=20, FN=83; precision=0.865, recall=0.607
accuracy: (test=0.977) average_precision: (test=0.754) balanced_accuracy: (test=0.801) f1: (test=0.713) roc_auc: (test=0.918) 4.32min
[fit 41/54] END max_depth=9, min_child_weight=5; total=4431, TP=128, TN=4195, FP=25, FN=83; precision=0.837, recall=0.607
accuracy: (test=0.976) average_precision: (test=0.749) balanced_accuracy: (test=0.800) f1: (test=0.703) roc_auc: (test=0.916) 4.19min
[fit 42/54] END max_depth=9, min_child_weight=6; total=4431, TP=130, TN=4195, FP=25, FN=81; precision=0.839, recall=0.616
accuracy: (test=0.976) average_precision: (test=0.742) balanced_accuracy: (test=0.805) f1: (test=0.710) roc_auc: (test=0.910) 4.08min
[fit 43/54] END max_depth=10, min_child_weight=1; total=4431, TP=127, TN=4199, FP=21, FN=84; precision=0.858, recall=0.602
accuracy: (test=0.976) average_precision: (test=0.751) balanced_accuracy: (test=0.798) f1: (test=0.708) roc_auc: (test=0.922) 5.68min
[fit 44/54] END max_depth=10, min_child_weight=2; total=4431, TP=130, TN=4191, FP=29, FN=81; precision=0.818, recall=0.616
accuracy: (test=0.975) average_precision: (test=0.750) balanced_accuracy: (test=0.805) f1: (test=0.703) roc_auc: (test=0.912) 5.11min
[fit 45/54] END max_depth=10, min_child_weight=3; total=4431, TP=128, TN=4200, FP=20, FN=83; precision=0.865, recall=0.607
accuracy: (test=0.977) average_precision: (test=0.744) balanced_accuracy: (test=0.801) f1: (test=0.713) roc_auc: (test=0.912) 4.75min
[fit 46/54] END max_depth=10, min_child_weight=4; total=4431, TP=130, TN=4202, FP=18, FN=81; precision=0.878, recall=0.616
accuracy: (test=0.978) average_precision: (test=0.756) balanced_accuracy: (test=0.806) f1: (test=0.724) roc_auc: (test=0.921) 4.47min
[fit 47/54] END max_depth=10, min_child_weight=5; total=4431, TP=127, TN=4191, FP=29, FN=84; precision=0.814, recall=0.602
accuracy: (test=0.974) average_precision: (test=0.742) balanced_accuracy: (test=0.798) f1: (test=0.692) roc_auc: (test=0.909) 4.32min
[fit 48/54] END max_depth=10, min_child_weight=6; total=4431, TP=128, TN=4194, FP=26, FN=83; precision=0.831, recall=0.607
accuracy: (test=0.975) average_precision: (test=0.740) balanced_accuracy: (test=0.800) f1: (test=0.701) roc_auc: (test=0.922) 4.18min
[fit 49/54] END max_depth=12, min_child_weight=1; total=4431, TP=126, TN=4201, FP=19, FN=85; precision=0.869, recall=0.597
accuracy: (test=0.977) average_precision: (test=0.755) balanced_accuracy: (test=0.796) f1: (test=0.708) roc_auc: (test=0.916) 6.32min
[fit 50/54] END max_depth=12, min_child_weight=2; total=4431, TP=129, TN=4196, FP=24, FN=82; precision=0.843, recall=0.611
accuracy: (test=0.976) average_precision: (test=0.748) balanced_accuracy: (test=0.803) f1: (test=0.709) roc_auc: (test=0.916) 5.51min
[fit 51/54] END max_depth=12, min_child_weight=3; total=4431, TP=130, TN=4201, FP=19, FN=81; precision=0.872, recall=0.616
accuracy: (test=0.977) average_precision: (test=0.744) balanced_accuracy: (test=0.806) f1: (test=0.722) roc_auc: (test=0.912) 5.13min
[fit 52/54] END max_depth=12, min_child_weight=4; total=4431, TP=131, TN=4197, FP=23, FN=80; precision=0.851, recall=0.621
accuracy: (test=0.977) average_precision: (test=0.755) balanced_accuracy: (test=0.808) f1: (test=0.718) roc_auc: (test=0.920) 4.85min
[fit 53/54] END max_depth=12, min_child_weight=5; total=4431, TP=132, TN=4199, FP=21, FN=79; precision=0.863, recall=0.626
accuracy: (test=0.977) average_precision: (test=0.749) balanced_accuracy: (test=0.810) f1: (test=0.725) roc_auc: (test=0.917) 4.65min
[fit 54/54] END max_depth=12, min_child_weight=6; total=4431, TP=131, TN=4199, FP=21, FN=80; precision=0.862, recall=0.621
accuracy: (test=0.977) average_precision: (test=0.747) balanced_accuracy: (test=0.808) f1: (test=0.722) roc_auc: (test=0.916) 4.48min
clf.best_estimator_params: {'max_depth': 7, 'min_child_weight': 4}
best params found in line [29] for metric [roc_auc] in rank file
best params found in fit [28] for metric [roc_auc] in run_and_score file
clf.best_scoring_result: [Total: (test=4431) TP: (test=133.000) TN: (test=4197.000) FP: (test=23.000) FN: (test=78.000) precision: (test=0.853) recall: (test=0.630) accuracy: (test=0.977) average_precision: (test=0.756) balanced_accuracy: (test=0.812) f1: (test=0.725) roc_auc: (test=0.923) ]
write rank test to csv!!!
write over!!!
第三次
{'objective': 'binary:logistic', 'use_label_encoder': False, 'base_score': None, 'booster': None, 'colsample_bylevel': None, 'colsample_bynode': None, 'colsample_bytree': 0.8, 'gamma': 0, 'gpu_id': None, 'importance_type': 'gain', 'interaction_constraints': None, 'learning_rate': 0.1, 'max_delta_step': None, 'max_depth': 7, 'min_child_weight': 4, 'missing': nan, 'monotone_constraints': None, 'n_estimators': 2500, 'n_jobs': None, 'num_parallel_tree': None, 'random_state': None, 'reg_alpha': 0, 'reg_lambda': 1, 'scale_pos_weight': None, 'subsample': 0.8, 'tree_method': 'gpu_hist', 'validate_parameters': None, 'verbosity': None, 'seed': 0, 'eval_metric': 'logloss'}
Fitting, totalling 7 fits
[fit 1/7] END gamma=0; total=4431, TP=133, TN=4197, FP=23, FN=78; precision=0.853, recall=0.630
accuracy: (test=0.977) average_precision: (test=0.756) balanced_accuracy: (test=0.812) f1: (test=0.725) roc_auc: (test=0.923) 3.70min
[fit 2/7] END gamma=0.1; total=4431, TP=131, TN=4190, FP=30, FN=80; precision=0.814, recall=0.621
accuracy: (test=0.975) average_precision: (test=0.744) balanced_accuracy: (test=0.807) f1: (test=0.704) roc_auc: (test=0.921) 2.71min
[fit 3/7] END gamma=0.2; total=4431, TP=131, TN=4186, FP=34, FN=80; precision=0.794, recall=0.621
accuracy: (test=0.974) average_precision: (test=0.745) balanced_accuracy: (test=0.806) f1: (test=0.697) roc_auc: (test=0.922) 2.41min
[fit 4/7] END gamma=0.3; total=4431, TP=130, TN=4189, FP=31, FN=81; precision=0.807, recall=0.616
accuracy: (test=0.975) average_precision: (test=0.738) balanced_accuracy: (test=0.804) f1: (test=0.699) roc_auc: (test=0.923) 2.30min
[fit 5/7] END gamma=0.4; total=4431, TP=134, TN=4186, FP=34, FN=77; precision=0.798, recall=0.635
accuracy: (test=0.975) average_precision: (test=0.741) balanced_accuracy: (test=0.814) f1: (test=0.707) roc_auc: (test=0.917) 2.17min
[fit 6/7] END gamma=0.5; total=4431, TP=138, TN=4182, FP=38, FN=73; precision=0.784, recall=0.654
accuracy: (test=0.975) average_precision: (test=0.745) balanced_accuracy: (test=0.823) f1: (test=0.713) roc_auc: (test=0.917) 2.14min
[fit 7/7] END gamma=0.6; total=4431, TP=133, TN=4178, FP=42, FN=78; precision=0.760, recall=0.630
accuracy: (test=0.973) average_precision: (test=0.746) balanced_accuracy: (test=0.810) f1: (test=0.689) roc_auc: (test=0.929) 2.01min
clf.best_estimator_params: {'gamma': 0.6}
best params found in line [8] for metric [roc_auc] in rank file
best params found in fit [7] for metric [roc_auc] in run_and_score file
clf.best_scoring_result: [Total: (test=4431) TP: (test=133.000) TN: (test=4178.000) FP: (test=42.000) FN: (test=78.000) precision: (test=0.760) recall: (test=0.630) accuracy: (test=0.973) average_precision: (test=0.746) balanced_accuracy: (test=0.810) f1: (test=0.689) roc_auc: (test=0.929) ]
write rank test to csv!!!
write over!!!
第四次
{'objective': 'binary:logistic', 'use_label_encoder': False, 'base_score': None, 'booster': None, 'colsample_bylevel': None, 'colsample_bynode': None, 'colsample_bytree': 0.8, 'gamma': 0.6, 'gpu_id': None, 'importance_type': 'gain', 'interaction_constraints': None, 'learning_rate': 0.1, 'max_delta_step': None, 'max_depth': 7, 'min_child_weight': 4, 'missing': nan, 'monotone_constraints': None, 'n_estimators': 2500, 'n_jobs': None, 'num_parallel_tree': None, 'random_state': None, 'reg_alpha': 0, 'reg_lambda': 1, 'scale_pos_weight': None, 'subsample': 0.8, 'tree_method': 'gpu_hist', 'validate_parameters': None, 'verbosity': None, 'seed': 0, 'eval_metric': 'logloss'}
Fitting, totalling 16 fits
[fit 1/16] END colsample_bytree=0.6, subsample=0.6; total=4431, TP=133, TN=4182, FP=38, FN=78; precision=0.778, recall=0.630
accuracy: (test=0.974) average_precision: (test=0.732) balanced_accuracy: (test=0.811) f1: (test=0.696) roc_auc: (test=0.918) 2.07min
[fit 2/16] END colsample_bytree=0.6, subsample=0.7; total=4431, TP=133, TN=4181, FP=39, FN=78; precision=0.773, recall=0.630
accuracy: (test=0.974) average_precision: (test=0.735) balanced_accuracy: (test=0.811) f1: (test=0.695) roc_auc: (test=0.912) 2.09min
[fit 3/16] END colsample_bytree=0.6, subsample=0.8; total=4431, TP=131, TN=4186, FP=34, FN=80; precision=0.794, recall=0.621
accuracy: (test=0.974) average_precision: (test=0.740) balanced_accuracy: (test=0.806) f1: (test=0.697) roc_auc: (test=0.918) 2.07min
[fit 4/16] END colsample_bytree=0.6, subsample=0.9; total=4431, TP=136, TN=4175, FP=45, FN=75; precision=0.751, recall=0.645
accuracy: (test=0.973) average_precision: (test=0.737) balanced_accuracy: (test=0.817) f1: (test=0.694) roc_auc: (test=0.918) 2.10min
[fit 5/16] END colsample_bytree=0.7, subsample=0.6; total=4431, TP=129, TN=4189, FP=31, FN=82; precision=0.806, recall=0.611
accuracy: (test=0.974) average_precision: (test=0.740) balanced_accuracy: (test=0.802) f1: (test=0.695) roc_auc: (test=0.911) 2.09min
[fit 6/16] END colsample_bytree=0.7, subsample=0.7; total=4431, TP=131, TN=4189, FP=31, FN=80; precision=0.809, recall=0.621
accuracy: (test=0.975) average_precision: (test=0.743) balanced_accuracy: (test=0.807) f1: (test=0.702) roc_auc: (test=0.921) 2.11min
[fit 7/16] END colsample_bytree=0.7, subsample=0.8; total=4431, TP=134, TN=4185, FP=35, FN=77; precision=0.793, recall=0.635
accuracy: (test=0.975) average_precision: (test=0.738) balanced_accuracy: (test=0.813) f1: (test=0.705) roc_auc: (test=0.917) 2.07min
[fit 8/16] END colsample_bytree=0.7, subsample=0.9; total=4431, TP=133, TN=4176, FP=44, FN=78; precision=0.751, recall=0.630
accuracy: (test=0.972) average_precision: (test=0.738) balanced_accuracy: (test=0.810) f1: (test=0.686) roc_auc: (test=0.923) 2.08min
[fit 9/16] END colsample_bytree=0.8, subsample=0.6; total=4431, TP=133, TN=4177, FP=43, FN=78; precision=0.756, recall=0.630
accuracy: (test=0.973) average_precision: (test=0.744) balanced_accuracy: (test=0.810) f1: (test=0.687) roc_auc: (test=0.922) 2.11min
[fit 10/16] END colsample_bytree=0.8, subsample=0.7; total=4431, TP=130, TN=4180, FP=40, FN=81; precision=0.765, recall=0.616
accuracy: (test=0.973) average_precision: (test=0.741) balanced_accuracy: (test=0.803) f1: (test=0.682) roc_auc: (test=0.922) 2.10min
[fit 11/16] END colsample_bytree=0.8, subsample=0.8; total=4431, TP=133, TN=4178, FP=42, FN=78; precision=0.760, recall=0.630
accuracy: (test=0.973) average_precision: (test=0.746) balanced_accuracy: (test=0.810) f1: (test=0.689) roc_auc: (test=0.929) 2.09min
[fit 12/16] END colsample_bytree=0.8, subsample=0.9; total=4431, TP=134, TN=4184, FP=36, FN=77; precision=0.788, recall=0.635
accuracy: (test=0.974) average_precision: (test=0.740) balanced_accuracy: (test=0.813) f1: (test=0.703) roc_auc: (test=0.915) 2.08min
[fit 13/16] END colsample_bytree=0.9, subsample=0.6; total=4431, TP=129, TN=4184, FP=36, FN=82; precision=0.782, recall=0.611
accuracy: (test=0.973) average_precision: (test=0.731) balanced_accuracy: (test=0.801) f1: (test=0.686) roc_auc: (test=0.915) 2.09min
[fit 14/16] END colsample_bytree=0.9, subsample=0.7; total=4431, TP=132, TN=4176, FP=44, FN=79; precision=0.750, recall=0.626
accuracy: (test=0.972) average_precision: (test=0.737) balanced_accuracy: (test=0.808) f1: (test=0.682) roc_auc: (test=0.915) 2.10min
[fit 15/16] END colsample_bytree=0.9, subsample=0.8; total=4431, TP=130, TN=4181, FP=39, FN=81; precision=0.769, recall=0.616
accuracy: (test=0.973) average_precision: (test=0.738) balanced_accuracy: (test=0.803) f1: (test=0.684) roc_auc: (test=0.918) 2.05min
[fit 16/16] END colsample_bytree=0.9, subsample=0.9; total=4431, TP=137, TN=4183, FP=37, FN=74; precision=0.787, recall=0.649
accuracy: (test=0.975) average_precision: (test=0.742) balanced_accuracy: (test=0.820) f1: (test=0.712) roc_auc: (test=0.925) 2.03min
clf.best_estimator_params: {'colsample_bytree': 0.8, 'subsample': 0.8}
best params found in line [12] for metric [roc_auc] in rank file
best params found in fit [11] for metric [roc_auc] in run_and_score file
clf.best_scoring_result: [Total: (test=4431) TP: (test=133.000) TN: (test=4178.000) FP: (test=42.000) FN: (test=78.000) precision: (test=0.760) recall: (test=0.630) accuracy: (test=0.973) average_precision: (test=0.746) balanced_accuracy: (test=0.810) f1: (test=0.689) roc_auc: (test=0.929) ]
write rank test to csv!!!
write over!!!
第五次
{'objective': 'binary:logistic', 'use_label_encoder': False, 'base_score': None, 'booster': None, 'colsample_bylevel': None, 'colsample_bynode': None, 'colsample_bytree': 0.8, 'gamma': 0.6, 'gpu_id': None, 'importance_type': 'gain', 'interaction_constraints': None, 'learning_rate': 0.1, 'max_delta_step': None, 'max_depth': 7, 'min_child_weight': 4, 'missing': nan, 'monotone_constraints': None, 'n_estimators': 2500, 'n_jobs': None, 'num_parallel_tree': None, 'random_state': None, 'reg_alpha': 0, 'reg_lambda': 1, 'scale_pos_weight': None, 'subsample': 0.8, 'tree_method': 'gpu_hist', 'validate_parameters': None, 'verbosity': None, 'seed': 0, 'eval_metric': 'logloss'}
Fitting, totalling 81 fits
[fit 1/81] END reg_alpha=0, reg_lambda=0; total=4431, TP=134, TN=4188, FP=32, FN=77; precision=0.807, recall=0.635
accuracy: (test=0.975) average_precision: (test=0.740) balanced_accuracy: (test=0.814) f1: (test=0.711) roc_auc: (test=0.919) 2.06min
[fit 2/81] END reg_alpha=0, reg_lambda=0.01; total=4431, TP=134, TN=4186, FP=34, FN=77; precision=0.798, recall=0.635
accuracy: (test=0.975) average_precision: (test=0.737) balanced_accuracy: (test=0.814) f1: (test=0.707) roc_auc: (test=0.924) 2.07min
[fit 3/81] END reg_alpha=0, reg_lambda=0.02; total=4431, TP=137, TN=4186, FP=34, FN=74; precision=0.801, recall=0.649
accuracy: (test=0.976) average_precision: (test=0.740) balanced_accuracy: (test=0.821) f1: (test=0.717) roc_auc: (test=0.916) 2.08min
[fit 4/81] END reg_alpha=0, reg_lambda=0.05; total=4431, TP=133, TN=4187, FP=33, FN=78; precision=0.801, recall=0.630
accuracy: (test=0.975) average_precision: (test=0.745) balanced_accuracy: (test=0.811) f1: (test=0.706) roc_auc: (test=0.920) 2.07min
[fit 5/81] END reg_alpha=0, reg_lambda=0.1; total=4431, TP=135, TN=4178, FP=42, FN=76; precision=0.763, recall=0.640
accuracy: (test=0.973) average_precision: (test=0.732) balanced_accuracy: (test=0.815) f1: (test=0.696) roc_auc: (test=0.918) 2.08min
[fit 6/81] END reg_alpha=0, reg_lambda=0.5; total=4431, TP=129, TN=4183, FP=37, FN=82; precision=0.777, recall=0.611
accuracy: (test=0.973) average_precision: (test=0.726) balanced_accuracy: (test=0.801) f1: (test=0.684) roc_auc: (test=0.919) 2.08min
[fit 7/81] END reg_alpha=0, reg_lambda=1; total=4431, TP=133, TN=4178, FP=42, FN=78; precision=0.760, recall=0.630
accuracy: (test=0.973) average_precision: (test=0.746) balanced_accuracy: (test=0.810) f1: (test=0.689) roc_auc: (test=0.929) 2.10min
[fit 8/81] END reg_alpha=0, reg_lambda=2; total=4431, TP=134, TN=4186, FP=34, FN=77; precision=0.798, recall=0.635
accuracy: (test=0.975) average_precision: (test=0.741) balanced_accuracy: (test=0.814) f1: (test=0.707) roc_auc: (test=0.915) 2.12min
[fit 9/81] END reg_alpha=0, reg_lambda=3; total=4431, TP=135, TN=4181, FP=39, FN=76; precision=0.776, recall=0.640
accuracy: (test=0.974) average_precision: (test=0.747) balanced_accuracy: (test=0.815) f1: (test=0.701) roc_auc: (test=0.922) 2.16min
[fit 10/81] END reg_alpha=0.01, reg_lambda=0; total=4431, TP=131, TN=4182, FP=38, FN=80; precision=0.775, recall=0.621
accuracy: (test=0.973) average_precision: (test=0.738) balanced_accuracy: (test=0.806) f1: (test=0.689) roc_auc: (test=0.916) 2.09min
[fit 11/81] END reg_alpha=0.01, reg_lambda=0.01; total=4431, TP=131, TN=4186, FP=34, FN=80; precision=0.794, recall=0.621
accuracy: (test=0.974) average_precision: (test=0.731) balanced_accuracy: (test=0.806) f1: (test=0.697) roc_auc: (test=0.910) 2.04min
[fit 12/81] END reg_alpha=0.01, reg_lambda=0.02; total=4431, TP=137, TN=4183, FP=37, FN=74; precision=0.787, recall=0.649
accuracy: (test=0.975) average_precision: (test=0.747) balanced_accuracy: (test=0.820) f1: (test=0.712) roc_auc: (test=0.926) 2.08min
[fit 13/81] END reg_alpha=0.01, reg_lambda=0.05; total=4431, TP=133, TN=4176, FP=44, FN=78; precision=0.751, recall=0.630
accuracy: (test=0.972) average_precision: (test=0.737) balanced_accuracy: (test=0.810) f1: (test=0.686) roc_auc: (test=0.924) 2.04min
[fit 14/81] END reg_alpha=0.01, reg_lambda=0.1; total=4431, TP=131, TN=4190, FP=30, FN=80; precision=0.814, recall=0.621
accuracy: (test=0.975) average_precision: (test=0.746) balanced_accuracy: (test=0.807) f1: (test=0.704) roc_auc: (test=0.925) 2.07min
[fit 15/81] END reg_alpha=0.01, reg_lambda=0.5; total=4431, TP=129, TN=4187, FP=33, FN=82; precision=0.796, recall=0.611
accuracy: (test=0.974) average_precision: (test=0.740) balanced_accuracy: (test=0.802) f1: (test=0.692) roc_auc: (test=0.918) 2.07min
[fit 16/81] END reg_alpha=0.01, reg_lambda=1; total=4431, TP=131, TN=4177, FP=43, FN=80; precision=0.753, recall=0.621
accuracy: (test=0.972) average_precision: (test=0.736) balanced_accuracy: (test=0.805) f1: (test=0.681) roc_auc: (test=0.924) 2.08min
[fit 17/81] END reg_alpha=0.01, reg_lambda=2; total=4431, TP=135, TN=4183, FP=37, FN=76; precision=0.785, recall=0.640
accuracy: (test=0.974) average_precision: (test=0.741) balanced_accuracy: (test=0.816) f1: (test=0.705) roc_auc: (test=0.915) 2.09min
[fit 18/81] END reg_alpha=0.01, reg_lambda=3; total=4431, TP=132, TN=4181, FP=39, FN=79; precision=0.772, recall=0.626
accuracy: (test=0.973) average_precision: (test=0.731) balanced_accuracy: (test=0.808) f1: (test=0.691) roc_auc: (test=0.919) 2.14min
[fit 19/81] END reg_alpha=0.02, reg_lambda=0; total=4431, TP=131, TN=4181, FP=39, FN=80; precision=0.771, recall=0.621
accuracy: (test=0.973) average_precision: (test=0.737) balanced_accuracy: (test=0.806) f1: (test=0.688) roc_auc: (test=0.925) 2.04min
[fit 20/81] END reg_alpha=0.02, reg_lambda=0.01; total=4431, TP=131, TN=4188, FP=32, FN=80; precision=0.804, recall=0.621
accuracy: (test=0.975) average_precision: (test=0.737) balanced_accuracy: (test=0.807) f1: (test=0.701) roc_auc: (test=0.920) 2.08min
[fit 21/81] END reg_alpha=0.02, reg_lambda=0.02; total=4431, TP=132, TN=4186, FP=34, FN=79; precision=0.795, recall=0.626
accuracy: (test=0.974) average_precision: (test=0.742) balanced_accuracy: (test=0.809) f1: (test=0.700) roc_auc: (test=0.922) 2.05min
[fit 22/81] END reg_alpha=0.02, reg_lambda=0.05; total=4431, TP=134, TN=4187, FP=33, FN=77; precision=0.802, recall=0.635
accuracy: (test=0.975) average_precision: (test=0.744) balanced_accuracy: (test=0.814) f1: (test=0.709) roc_auc: (test=0.923) 2.09min
[fit 23/81] END reg_alpha=0.02, reg_lambda=0.1; total=4431, TP=131, TN=4185, FP=35, FN=80; precision=0.789, recall=0.621
accuracy: (test=0.974) average_precision: (test=0.734) balanced_accuracy: (test=0.806) f1: (test=0.695) roc_auc: (test=0.914) 2.06min
[fit 24/81] END reg_alpha=0.02, reg_lambda=0.5; total=4431, TP=134, TN=4181, FP=39, FN=77; precision=0.775, recall=0.635
accuracy: (test=0.974) average_precision: (test=0.742) balanced_accuracy: (test=0.813) f1: (test=0.698) roc_auc: (test=0.925) 2.11min
[fit 25/81] END reg_alpha=0.02, reg_lambda=1; total=4431, TP=133, TN=4188, FP=32, FN=78; precision=0.806, recall=0.630
accuracy: (test=0.975) average_precision: (test=0.748) balanced_accuracy: (test=0.811) f1: (test=0.707) roc_auc: (test=0.925) 2.10min
[fit 26/81] END reg_alpha=0.02, reg_lambda=2; total=4431, TP=132, TN=4185, FP=35, FN=79; precision=0.790, recall=0.626
accuracy: (test=0.974) average_precision: (test=0.738) balanced_accuracy: (test=0.809) f1: (test=0.698) roc_auc: (test=0.920) 2.13min
[fit 27/81] END reg_alpha=0.02, reg_lambda=3; total=4431, TP=127, TN=4182, FP=38, FN=84; precision=0.770, recall=0.602
accuracy: (test=0.972) average_precision: (test=0.741) balanced_accuracy: (test=0.796) f1: (test=0.676) roc_auc: (test=0.920) 2.11min
[fit 28/81] END reg_alpha=0.05, reg_lambda=0; total=4431, TP=134, TN=4177, FP=43, FN=77; precision=0.757, recall=0.635
accuracy: (test=0.973) average_precision: (test=0.740) balanced_accuracy: (test=0.812) f1: (test=0.691) roc_auc: (test=0.921) 2.10min
[fit 29/81] END reg_alpha=0.05, reg_lambda=0.01; total=4431, TP=135, TN=4179, FP=41, FN=76; precision=0.767, recall=0.640
accuracy: (test=0.974) average_precision: (test=0.744) balanced_accuracy: (test=0.815) f1: (test=0.698) roc_auc: (test=0.920) 2.05min
[fit 30/81] END reg_alpha=0.05, reg_lambda=0.02; total=4431, TP=130, TN=4184, FP=36, FN=81; precision=0.783, recall=0.616
accuracy: (test=0.974) average_precision: (test=0.740) balanced_accuracy: (test=0.804) f1: (test=0.690) roc_auc: (test=0.924) 2.07min
[fit 31/81] END reg_alpha=0.05, reg_lambda=0.05; total=4431, TP=132, TN=4178, FP=42, FN=79; precision=0.759, recall=0.626
accuracy: (test=0.973) average_precision: (test=0.741) balanced_accuracy: (test=0.808) f1: (test=0.686) roc_auc: (test=0.921) 2.08min
[fit 32/81] END reg_alpha=0.05, reg_lambda=0.1; total=4431, TP=132, TN=4185, FP=35, FN=79; precision=0.790, recall=0.626
accuracy: (test=0.974) average_precision: (test=0.731) balanced_accuracy: (test=0.809) f1: (test=0.698) roc_auc: (test=0.916) 2.07min
[fit 33/81] END reg_alpha=0.05, reg_lambda=0.5; total=4431, TP=139, TN=4184, FP=36, FN=72; precision=0.794, recall=0.659
accuracy: (test=0.976) average_precision: (test=0.759) balanced_accuracy: (test=0.825) f1: (test=0.720) roc_auc: (test=0.928) 2.10min
[fit 34/81] END reg_alpha=0.05, reg_lambda=1; total=4431, TP=138, TN=4180, FP=40, FN=73; precision=0.775, recall=0.654
accuracy: (test=0.974) average_precision: (test=0.745) balanced_accuracy: (test=0.822) f1: (test=0.710) roc_auc: (test=0.921) 2.10min
[fit 35/81] END reg_alpha=0.05, reg_lambda=2; total=4431, TP=136, TN=4185, FP=35, FN=75; precision=0.795, recall=0.645
accuracy: (test=0.975) average_precision: (test=0.748) balanced_accuracy: (test=0.818) f1: (test=0.712) roc_auc: (test=0.922) 2.13min
[fit 36/81] END reg_alpha=0.05, reg_lambda=3; total=4431, TP=133, TN=4172, FP=48, FN=78; precision=0.735, recall=0.630
accuracy: (test=0.972) average_precision: (test=0.729) balanced_accuracy: (test=0.809) f1: (test=0.679) roc_auc: (test=0.914) 2.14min
[fit 37/81] END reg_alpha=0.1, reg_lambda=0; total=4431, TP=133, TN=4178, FP=42, FN=78; precision=0.760, recall=0.630
accuracy: (test=0.973) average_precision: (test=0.736) balanced_accuracy: (test=0.810) f1: (test=0.689) roc_auc: (test=0.917) 2.06min
[fit 38/81] END reg_alpha=0.1, reg_lambda=0.01; total=4431, TP=129, TN=4185, FP=35, FN=82; precision=0.787, recall=0.611
accuracy: (test=0.974) average_precision: (test=0.735) balanced_accuracy: (test=0.802) f1: (test=0.688) roc_auc: (test=0.911) 2.08min
[fit 39/81] END reg_alpha=0.1, reg_lambda=0.02; total=4431, TP=132, TN=4185, FP=35, FN=79; precision=0.790, recall=0.626
accuracy: (test=0.974) average_precision: (test=0.728) balanced_accuracy: (test=0.809) f1: (test=0.698) roc_auc: (test=0.918) 2.12min
[fit 40/81] END reg_alpha=0.1, reg_lambda=0.05; total=4431, TP=133, TN=4187, FP=33, FN=78; precision=0.801, recall=0.630
accuracy: (test=0.975) average_precision: (test=0.748) balanced_accuracy: (test=0.811) f1: (test=0.706) roc_auc: (test=0.920) 2.07min
[fit 41/81] END reg_alpha=0.1, reg_lambda=0.1; total=4431, TP=131, TN=4184, FP=36, FN=80; precision=0.784, recall=0.621
accuracy: (test=0.974) average_precision: (test=0.741) balanced_accuracy: (test=0.806) f1: (test=0.693) roc_auc: (test=0.923) 2.09min
[fit 42/81] END reg_alpha=0.1, reg_lambda=0.5; total=4431, TP=133, TN=4181, FP=39, FN=78; precision=0.773, recall=0.630
accuracy: (test=0.974) average_precision: (test=0.750) balanced_accuracy: (test=0.811) f1: (test=0.695) roc_auc: (test=0.925) 2.07min
[fit 43/81] END reg_alpha=0.1, reg_lambda=1; total=4431, TP=135, TN=4181, FP=39, FN=76; precision=0.776, recall=0.640
accuracy: (test=0.974) average_precision: (test=0.731) balanced_accuracy: (test=0.815) f1: (test=0.701) roc_auc: (test=0.915) 2.12min
[fit 44/81] END reg_alpha=0.1, reg_lambda=2; total=4431, TP=133, TN=4180, FP=40, FN=78; precision=0.769, recall=0.630
accuracy: (test=0.973) average_precision: (test=0.740) balanced_accuracy: (test=0.810) f1: (test=0.693) roc_auc: (test=0.919) 2.13min
[fit 45/81] END reg_alpha=0.1, reg_lambda=3; total=4431, TP=129, TN=4176, FP=44, FN=82; precision=0.746, recall=0.611
accuracy: (test=0.972) average_precision: (test=0.736) balanced_accuracy: (test=0.800) f1: (test=0.672) roc_auc: (test=0.922) 2.18min
[fit 46/81] END reg_alpha=0.5, reg_lambda=0; total=4431, TP=132, TN=4184, FP=36, FN=79; precision=0.786, recall=0.626
accuracy: (test=0.974) average_precision: (test=0.736) balanced_accuracy: (test=0.809) f1: (test=0.697) roc_auc: (test=0.915) 2.04min
[fit 47/81] END reg_alpha=0.5, reg_lambda=0.01; total=4431, TP=133, TN=4182, FP=38, FN=78; precision=0.778, recall=0.630
accuracy: (test=0.974) average_precision: (test=0.739) balanced_accuracy: (test=0.811) f1: (test=0.696) roc_auc: (test=0.920) 2.07min
[fit 48/81] END reg_alpha=0.5, reg_lambda=0.02; total=4431, TP=130, TN=4175, FP=45, FN=81; precision=0.743, recall=0.616
accuracy: (test=0.972) average_precision: (test=0.727) balanced_accuracy: (test=0.803) f1: (test=0.674) roc_auc: (test=0.919) 2.05min
[fit 49/81] END reg_alpha=0.5, reg_lambda=0.05; total=4431, TP=136, TN=4189, FP=31, FN=75; precision=0.814, recall=0.645
accuracy: (test=0.976) average_precision: (test=0.746) balanced_accuracy: (test=0.819) f1: (test=0.720) roc_auc: (test=0.920) 2.07min
[fit 50/81] END reg_alpha=0.5, reg_lambda=0.1; total=4431, TP=131, TN=4178, FP=42, FN=80; precision=0.757, recall=0.621
accuracy: (test=0.972) average_precision: (test=0.729) balanced_accuracy: (test=0.805) f1: (test=0.682) roc_auc: (test=0.917) 2.07min
[fit 51/81] END reg_alpha=0.5, reg_lambda=0.5; total=4431, TP=128, TN=4189, FP=31, FN=83; precision=0.805, recall=0.607
accuracy: (test=0.974) average_precision: (test=0.735) balanced_accuracy: (test=0.800) f1: (test=0.692) roc_auc: (test=0.914) 2.04min
[fit 52/81] END reg_alpha=0.5, reg_lambda=1; total=4431, TP=137, TN=4181, FP=39, FN=74; precision=0.778, recall=0.649
accuracy: (test=0.974) average_precision: (test=0.741) balanced_accuracy: (test=0.820) f1: (test=0.708) roc_auc: (test=0.915) 2.08min
[fit 53/81] END reg_alpha=0.5, reg_lambda=2; total=4431, TP=133, TN=4176, FP=44, FN=78; precision=0.751, recall=0.630
accuracy: (test=0.972) average_precision: (test=0.742) balanced_accuracy: (test=0.810) f1: (test=0.686) roc_auc: (test=0.915) 2.11min
[fit 54/81] END reg_alpha=0.5, reg_lambda=3; total=4431, TP=132, TN=4182, FP=38, FN=79; precision=0.776, recall=0.626
accuracy: (test=0.974) average_precision: (test=0.748) balanced_accuracy: (test=0.808) f1: (test=0.693) roc_auc: (test=0.919) 2.13min
[fit 55/81] END reg_alpha=1, reg_lambda=0; total=4431, TP=133, TN=4182, FP=38, FN=78; precision=0.778, recall=0.630
accuracy: (test=0.974) average_precision: (test=0.736) balanced_accuracy: (test=0.811) f1: (test=0.696) roc_auc: (test=0.913) 2.03min
[fit 56/81] END reg_alpha=1, reg_lambda=0.01; total=4431, TP=135, TN=4191, FP=29, FN=76; precision=0.823, recall=0.640
accuracy: (test=0.976) average_precision: (test=0.737) balanced_accuracy: (test=0.816) f1: (test=0.720) roc_auc: (test=0.914) 2.04min
[fit 57/81] END reg_alpha=1, reg_lambda=0.02; total=4431, TP=137, TN=4182, FP=38, FN=74; precision=0.783, recall=0.649
accuracy: (test=0.975) average_precision: (test=0.748) balanced_accuracy: (test=0.820) f1: (test=0.710) roc_auc: (test=0.926) 2.02min
[fit 58/81] END reg_alpha=1, reg_lambda=0.05; total=4431, TP=133, TN=4178, FP=42, FN=78; precision=0.760, recall=0.630
accuracy: (test=0.973) average_precision: (test=0.745) balanced_accuracy: (test=0.810) f1: (test=0.689) roc_auc: (test=0.918) 2.04min
[fit 59/81] END reg_alpha=1, reg_lambda=0.1; total=4431, TP=131, TN=4181, FP=39, FN=80; precision=0.771, recall=0.621
accuracy: (test=0.973) average_precision: (test=0.735) balanced_accuracy: (test=0.806) f1: (test=0.688) roc_auc: (test=0.914) 2.02min
[fit 60/81] END reg_alpha=1, reg_lambda=0.5; total=4431, TP=134, TN=4183, FP=37, FN=77; precision=0.784, recall=0.635
accuracy: (test=0.974) average_precision: (test=0.747) balanced_accuracy: (test=0.813) f1: (test=0.702) roc_auc: (test=0.923) 2.05min
[fit 61/81] END reg_alpha=1, reg_lambda=1; total=4431, TP=133, TN=4184, FP=36, FN=78; precision=0.787, recall=0.630
accuracy: (test=0.974) average_precision: (test=0.730) balanced_accuracy: (test=0.811) f1: (test=0.700) roc_auc: (test=0.910) 2.06min
[fit 62/81] END reg_alpha=1, reg_lambda=2; total=4431, TP=134, TN=4175, FP=45, FN=77; precision=0.749, recall=0.635
accuracy: (test=0.972) average_precision: (test=0.740) balanced_accuracy: (test=0.812) f1: (test=0.687) roc_auc: (test=0.916) 2.09min
[fit 63/81] END reg_alpha=1, reg_lambda=3; total=4431, TP=130, TN=4179, FP=41, FN=81; precision=0.760, recall=0.616
accuracy: (test=0.972) average_precision: (test=0.742) balanced_accuracy: (test=0.803) f1: (test=0.681) roc_auc: (test=0.914) 2.09min
[fit 64/81] END reg_alpha=2, reg_lambda=0; total=4431, TP=135, TN=4176, FP=44, FN=76; precision=0.754, recall=0.640
accuracy: (test=0.973) average_precision: (test=0.741) balanced_accuracy: (test=0.815) f1: (test=0.692) roc_auc: (test=0.923) 2.03min
[fit 65/81] END reg_alpha=2, reg_lambda=0.01; total=4431, TP=138, TN=4175, FP=45, FN=73; precision=0.754, recall=0.654
accuracy: (test=0.973) average_precision: (test=0.749) balanced_accuracy: (test=0.822) f1: (test=0.701) roc_auc: (test=0.920) 2.00min
[fit 66/81] END reg_alpha=2, reg_lambda=0.02; total=4431, TP=136, TN=4171, FP=49, FN=75; precision=0.735, recall=0.645
accuracy: (test=0.972) average_precision: (test=0.741) balanced_accuracy: (test=0.816) f1: (test=0.687) roc_auc: (test=0.923) 2.05min
[fit 67/81] END reg_alpha=2, reg_lambda=0.05; total=4431, TP=130, TN=4178, FP=42, FN=81; precision=0.756, recall=0.616
accuracy: (test=0.972) average_precision: (test=0.739) balanced_accuracy: (test=0.803) f1: (test=0.679) roc_auc: (test=0.923) 2.01min
[fit 68/81] END reg_alpha=2, reg_lambda=0.1; total=4431, TP=132, TN=4177, FP=43, FN=79; precision=0.754, recall=0.626
accuracy: (test=0.972) average_precision: (test=0.743) balanced_accuracy: (test=0.808) f1: (test=0.684) roc_auc: (test=0.923) 2.03min
[fit 69/81] END reg_alpha=2, reg_lambda=0.5; total=4431, TP=133, TN=4180, FP=40, FN=78; precision=0.769, recall=0.630
accuracy: (test=0.973) average_precision: (test=0.748) balanced_accuracy: (test=0.810) f1: (test=0.693) roc_auc: (test=0.921) 2.06min
[fit 70/81] END reg_alpha=2, reg_lambda=1; total=4431, TP=132, TN=4175, FP=45, FN=79; precision=0.746, recall=0.626
accuracy: (test=0.972) average_precision: (test=0.726) balanced_accuracy: (test=0.807) f1: (test=0.680) roc_auc: (test=0.909) 2.06min
[fit 71/81] END reg_alpha=2, reg_lambda=2; total=4431, TP=128, TN=4175, FP=45, FN=83; precision=0.740, recall=0.607
accuracy: (test=0.971) average_precision: (test=0.734) balanced_accuracy: (test=0.798) f1: (test=0.667) roc_auc: (test=0.923) 2.09min
[fit 72/81] END reg_alpha=2, reg_lambda=3; total=4431, TP=133, TN=4173, FP=47, FN=78; precision=0.739, recall=0.630
accuracy: (test=0.972) average_precision: (test=0.732) balanced_accuracy: (test=0.810) f1: (test=0.680) roc_auc: (test=0.919) 2.04min
[fit 73/81] END reg_alpha=3, reg_lambda=0; total=4431, TP=133, TN=4168, FP=52, FN=78; precision=0.719, recall=0.630
accuracy: (test=0.971) average_precision: (test=0.727) balanced_accuracy: (test=0.809) f1: (test=0.672) roc_auc: (test=0.917) 2.07min
[fit 74/81] END reg_alpha=3, reg_lambda=0.01; total=4431, TP=135, TN=4174, FP=46, FN=76; precision=0.746, recall=0.640
accuracy: (test=0.972) average_precision: (test=0.738) balanced_accuracy: (test=0.814) f1: (test=0.689) roc_auc: (test=0.918) 1.97min
[fit 75/81] END reg_alpha=3, reg_lambda=0.02; total=4431, TP=137, TN=4172, FP=48, FN=74; precision=0.741, recall=0.649
accuracy: (test=0.972) average_precision: (test=0.734) balanced_accuracy: (test=0.819) f1: (test=0.692) roc_auc: (test=0.912) 2.05min
[fit 76/81] END reg_alpha=3, reg_lambda=0.05; total=4431, TP=133, TN=4171, FP=49, FN=78; precision=0.731, recall=0.630
accuracy: (test=0.971) average_precision: (test=0.737) balanced_accuracy: (test=0.809) f1: (test=0.677) roc_auc: (test=0.912) 1.83min
[fit 77/81] END reg_alpha=3, reg_lambda=0.1; total=4431, TP=131, TN=4174, FP=46, FN=80; precision=0.740, recall=0.621
accuracy: (test=0.972) average_precision: (test=0.734) balanced_accuracy: (test=0.805) f1: (test=0.675) roc_auc: (test=0.914) 1.69min
[fit 78/81] END reg_alpha=3, reg_lambda=0.5; total=4431, TP=134, TN=4169, FP=51, FN=77; precision=0.724, recall=0.635
accuracy: (test=0.971) average_precision: (test=0.728) balanced_accuracy: (test=0.811) f1: (test=0.677) roc_auc: (test=0.917) 1.70min
[fit 79/81] END reg_alpha=3, reg_lambda=1; total=4431, TP=135, TN=4177, FP=43, FN=76; precision=0.758, recall=0.640
accuracy: (test=0.973) average_precision: (test=0.736) balanced_accuracy: (test=0.815) f1: (test=0.694) roc_auc: (test=0.915) 1.70min
[fit 80/81] END reg_alpha=3, reg_lambda=2; total=4431, TP=135, TN=4167, FP=53, FN=76; precision=0.718, recall=0.640
accuracy: (test=0.971) average_precision: (test=0.739) balanced_accuracy: (test=0.814) f1: (test=0.677) roc_auc: (test=0.915) 1.76min
[fit 81/81] END reg_alpha=3, reg_lambda=3; total=4431, TP=132, TN=4183, FP=37, FN=79; precision=0.781, recall=0.626
accuracy: (test=0.974) average_precision: (test=0.741) balanced_accuracy: (test=0.808) f1: (test=0.695) roc_auc: (test=0.919) 1.72min
clf.best_estimator_params: {'reg_alpha': 0, 'reg_lambda': 1}
best params found in line [8] for metric [roc_auc] in rank file
best params found in fit [7] for metric [roc_auc] in run_and_score file
clf.best_scoring_result: [Total: (test=4431) TP: (test=133.000) TN: (test=4178.000) FP: (test=42.000) FN: (test=78.000) precision: (test=0.760) recall: (test=0.630) accuracy: (test=0.973) average_precision: (test=0.746) balanced_accuracy: (test=0.810) f1: (test=0.689) roc_auc: (test=0.929) ]
write rank test to csv!!!
write over!!!
第六次
{'objective': 'binary:logistic', 'use_label_encoder': False, 'base_score': None, 'booster': None, 'colsample_bylevel': None, 'colsample_bynode': None, 'colsample_bytree': 0.8, 'gamma': 0.6, 'gpu_id': None, 'importance_type': 'gain', 'interaction_constraints': None, 'learning_rate': 0.1, 'max_delta_step': None, 'max_depth': 7, 'min_child_weight': 4, 'missing': nan, 'monotone_constraints': None, 'n_estimators': 2500, 'n_jobs': None, 'num_parallel_tree': None, 'random_state': None, 'reg_alpha': 0, 'reg_lambda': 1, 'scale_pos_weight': None, 'subsample': 0.8, 'tree_method': 'gpu_hist', 'validate_parameters': None, 'verbosity': None, 'seed': 0, 'eval_metric': 'logloss'}
Fitting, totalling 9 fits
[fit 1/9] END learning_rate=0.001; total=4431, TP=143, TN=3921, FP=299, FN=68; precision=0.324, recall=0.678
accuracy: (test=0.917) average_precision: (test=0.431) balanced_accuracy: (test=0.803) f1: (test=0.438) roc_auc: (test=0.880) 6.58min
[fit 2/9] END learning_rate=0.01; total=4431, TP=139, TN=4146, FP=74, FN=72; precision=0.653, recall=0.659
accuracy: (test=0.967) average_precision: (test=0.722) balanced_accuracy: (test=0.821) f1: (test=0.656) roc_auc: (test=0.924) 4.69min
[fit 3/9] END learning_rate=0.05; total=4431, TP=131, TN=4180, FP=40, FN=80; precision=0.766, recall=0.621
accuracy: (test=0.973) average_precision: (test=0.741) balanced_accuracy: (test=0.806) f1: (test=0.686) roc_auc: (test=0.919) 2.22min
[fit 4/9] END learning_rate=0.07; total=4431, TP=133, TN=4188, FP=32, FN=78; precision=0.806, recall=0.630
accuracy: (test=0.975) average_precision: (test=0.744) balanced_accuracy: (test=0.811) f1: (test=0.707) roc_auc: (test=0.922) 1.74min
[fit 5/9] END learning_rate=0.1; total=4431, TP=133, TN=4178, FP=42, FN=78; precision=0.760, recall=0.630
accuracy: (test=0.973) average_precision: (test=0.746) balanced_accuracy: (test=0.810) f1: (test=0.689) roc_auc: (test=0.929) 1.49min
[fit 6/9] END learning_rate=0.2; total=4431, TP=129, TN=4174, FP=46, FN=82; precision=0.737, recall=0.611
accuracy: (test=0.971) average_precision: (test=0.719) balanced_accuracy: (test=0.800) f1: (test=0.668) roc_auc: (test=0.917) 1.04min
[fit 7/9] END learning_rate=0.5; total=4431, TP=130, TN=4145, FP=75, FN=81; precision=0.634, recall=0.616
accuracy: (test=0.965) average_precision: (test=0.662) balanced_accuracy: (test=0.799) f1: (test=0.625) roc_auc: (test=0.904) 51.35s
[fit 8/9] END learning_rate=0.75; total=4431, TP=136, TN=4117, FP=103, FN=75; precision=0.569, recall=0.645
accuracy: (test=0.960) average_precision: (test=0.644) balanced_accuracy: (test=0.810) f1: (test=0.604) roc_auc: (test=0.898) 48.49s
[fit 9/9] END learning_rate=1.0; total=4431, TP=132, TN=4083, FP=137, FN=79; precision=0.491, recall=0.626
accuracy: (test=0.951) average_precision: (test=0.574) balanced_accuracy: (test=0.797) f1: (test=0.550) roc_auc: (test=0.880) 45.04s
clf.best_estimator_params: {'learning_rate': 0.1}
best params found in line [6] for metric [roc_auc] in rank file
best params found in fit [5] for metric [roc_auc] in run_and_score file
clf.best_scoring_result: [Total: (test=4431) TP: (test=133.000) TN: (test=4178.000) FP: (test=42.000) FN: (test=78.000) precision: (test=0.760) recall: (test=0.630) accuracy: (test=0.973) average_precision: (test=0.746) balanced_accuracy: (test=0.810) f1: (test=0.689) roc_auc: (test=0.929) ]
write rank test to csv!!!
write over!!!
total time spending: 8h 37m 28s
best_params_result: {'n_estimators': 2500, 'max_depth': 7, 'min_child_weight': 4, 'gamma': 0.6, 'colsample_bytree': 0.8, 'subsample': 0.8, 'reg_alpha': 0, 'reg_lambda': 1, 'learning_rate': 0.1}
