nohup: ignoring input
experiment: HeLa-S3 pseknc_xgboost
trainSet len:[X=62640,y=62640]
testSet len:[X=3654,y=3654]
第一次
{'objective': 'binary:logistic', 'use_label_encoder': False, 'base_score': None, 'booster': None, 'colsample_bylevel': None, 'colsample_bynode': None, 'colsample_bytree': 0.8, 'gamma': 0, 'gpu_id': None, 'importance_type': 'gain', 'interaction_constraints': None, 'learning_rate': 0.1, 'max_delta_step': None, 'max_depth': 5, 'min_child_weight': 1, 'missing': nan, 'monotone_constraints': None, 'n_estimators': 500, 'n_jobs': None, 'num_parallel_tree': None, 'random_state': None, 'reg_alpha': 0, 'reg_lambda': 1, 'scale_pos_weight': None, 'subsample': 0.8, 'tree_method': 'gpu_hist', 'validate_parameters': None, 'verbosity': None, 'seed': 0, 'eval_metric': 'logloss'}
Fitting, totalling 50 fits
[fit 1/50] END n_estimators=50; total=3654, TP=134, TN=3117, FP=363, FN=40; precision=0.270, recall=0.770
accuracy: (test=0.890) average_precision: (test=0.421) balanced_accuracy: (test=0.833) f1: (test=0.399) roc_auc: (test=0.912) 25.84s
[fit 2/50] END n_estimators=100; total=3654, TP=139, TN=3249, FP=231, FN=35; precision=0.376, recall=0.799
accuracy: (test=0.927) average_precision: (test=0.521) balanced_accuracy: (test=0.866) f1: (test=0.511) roc_auc: (test=0.936) 5.81s
[fit 3/50] END n_estimators=150; total=3654, TP=138, TN=3316, FP=164, FN=36; precision=0.457, recall=0.793
accuracy: (test=0.945) average_precision: (test=0.539) balanced_accuracy: (test=0.873) f1: (test=0.580) roc_auc: (test=0.943) 9.63s
[fit 4/50] END n_estimators=200; total=3654, TP=136, TN=3347, FP=133, FN=38; precision=0.506, recall=0.782
accuracy: (test=0.953) average_precision: (test=0.593) balanced_accuracy: (test=0.872) f1: (test=0.614) roc_auc: (test=0.946) 12.06s
[fit 5/50] END n_estimators=250; total=3654, TP=139, TN=3361, FP=119, FN=35; precision=0.539, recall=0.799
accuracy: (test=0.958) average_precision: (test=0.614) balanced_accuracy: (test=0.882) f1: (test=0.644) roc_auc: (test=0.948) 17.99s
[fit 6/50] END n_estimators=300; total=3654, TP=136, TN=3378, FP=102, FN=38; precision=0.571, recall=0.782
accuracy: (test=0.962) average_precision: (test=0.655) balanced_accuracy: (test=0.876) f1: (test=0.660) roc_auc: (test=0.951) 20.86s
[fit 7/50] END n_estimators=350; total=3654, TP=130, TN=3389, FP=91, FN=44; precision=0.588, recall=0.747
accuracy: (test=0.963) average_precision: (test=0.669) balanced_accuracy: (test=0.860) f1: (test=0.658) roc_auc: (test=0.950) 23.48s
[fit 8/50] END n_estimators=400; total=3654, TP=132, TN=3402, FP=78, FN=42; precision=0.629, recall=0.759
accuracy: (test=0.967) average_precision: (test=0.705) balanced_accuracy: (test=0.868) f1: (test=0.688) roc_auc: (test=0.952) 27.63s
[fit 9/50] END n_estimators=450; total=3654, TP=130, TN=3407, FP=73, FN=44; precision=0.640, recall=0.747
accuracy: (test=0.968) average_precision: (test=0.726) balanced_accuracy: (test=0.863) f1: (test=0.690) roc_auc: (test=0.952) 30.73s
[fit 10/50] END n_estimators=500; total=3654, TP=127, TN=3416, FP=64, FN=47; precision=0.665, recall=0.730
accuracy: (test=0.970) average_precision: (test=0.738) balanced_accuracy: (test=0.856) f1: (test=0.696) roc_auc: (test=0.952) 34.43s
[fit 11/50] END n_estimators=550; total=3654, TP=125, TN=3417, FP=63, FN=49; precision=0.665, recall=0.718
accuracy: (test=0.969) average_precision: (test=0.749) balanced_accuracy: (test=0.850) f1: (test=0.691) roc_auc: (test=0.951) 37.19s
[fit 12/50] END n_estimators=600; total=3654, TP=125, TN=3426, FP=54, FN=49; precision=0.698, recall=0.718
accuracy: (test=0.972) average_precision: (test=0.758) balanced_accuracy: (test=0.851) f1: (test=0.708) roc_auc: (test=0.953) 40.90s
[fit 13/50] END n_estimators=650; total=3654, TP=125, TN=3429, FP=51, FN=49; precision=0.710, recall=0.718
accuracy: (test=0.973) average_precision: (test=0.771) balanced_accuracy: (test=0.852) f1: (test=0.714) roc_auc: (test=0.952) 44.30s
[fit 14/50] END n_estimators=700; total=3654, TP=123, TN=3429, FP=51, FN=51; precision=0.707, recall=0.707
accuracy: (test=0.972) average_precision: (test=0.776) balanced_accuracy: (test=0.846) f1: (test=0.707) roc_auc: (test=0.953) 47.76s
[fit 15/50] END n_estimators=750; total=3654, TP=125, TN=3436, FP=44, FN=49; precision=0.740, recall=0.718
accuracy: (test=0.975) average_precision: (test=0.783) balanced_accuracy: (test=0.853) f1: (test=0.729) roc_auc: (test=0.953) 51.70s
[fit 16/50] END n_estimators=800; total=3654, TP=124, TN=3439, FP=41, FN=50; precision=0.752, recall=0.713
accuracy: (test=0.975) average_precision: (test=0.789) balanced_accuracy: (test=0.850) f1: (test=0.732) roc_auc: (test=0.953) 54.81s
[fit 17/50] END n_estimators=850; total=3654, TP=122, TN=3442, FP=38, FN=52; precision=0.762, recall=0.701
accuracy: (test=0.975) average_precision: (test=0.790) balanced_accuracy: (test=0.845) f1: (test=0.731) roc_auc: (test=0.954) 58.37s
[fit 18/50] END n_estimators=900; total=3654, TP=121, TN=3444, FP=36, FN=53; precision=0.771, recall=0.695
accuracy: (test=0.976) average_precision: (test=0.789) balanced_accuracy: (test=0.843) f1: (test=0.731) roc_auc: (test=0.954) 1.03min
[fit 19/50] END n_estimators=950; total=3654, TP=121, TN=3444, FP=36, FN=53; precision=0.771, recall=0.695
accuracy: (test=0.976) average_precision: (test=0.792) balanced_accuracy: (test=0.843) f1: (test=0.731) roc_auc: (test=0.953) 1.07min
[fit 20/50] END n_estimators=1000; total=3654, TP=122, TN=3443, FP=37, FN=52; precision=0.767, recall=0.701
accuracy: (test=0.976) average_precision: (test=0.796) balanced_accuracy: (test=0.845) f1: (test=0.733) roc_auc: (test=0.954) 1.12min
[fit 21/50] END n_estimators=1050; total=3654, TP=121, TN=3447, FP=33, FN=53; precision=0.786, recall=0.695
accuracy: (test=0.976) average_precision: (test=0.798) balanced_accuracy: (test=0.843) f1: (test=0.738) roc_auc: (test=0.954) 1.18min
[fit 22/50] END n_estimators=1100; total=3654, TP=121, TN=3450, FP=30, FN=53; precision=0.801, recall=0.695
accuracy: (test=0.977) average_precision: (test=0.798) balanced_accuracy: (test=0.843) f1: (test=0.745) roc_auc: (test=0.954) 1.23min
[fit 23/50] END n_estimators=1150; total=3654, TP=120, TN=3449, FP=31, FN=54; precision=0.795, recall=0.690
accuracy: (test=0.977) average_precision: (test=0.800) balanced_accuracy: (test=0.840) f1: (test=0.738) roc_auc: (test=0.953) 1.27min
[fit 24/50] END n_estimators=1200; total=3654, TP=121, TN=3448, FP=32, FN=53; precision=0.791, recall=0.695
accuracy: (test=0.977) average_precision: (test=0.801) balanced_accuracy: (test=0.843) f1: (test=0.740) roc_auc: (test=0.954) 1.35min
[fit 25/50] END n_estimators=1250; total=3654, TP=121, TN=3450, FP=30, FN=53; precision=0.801, recall=0.695
accuracy: (test=0.977) average_precision: (test=0.803) balanced_accuracy: (test=0.843) f1: (test=0.745) roc_auc: (test=0.954) 1.39min
[fit 26/50] END n_estimators=1300; total=3654, TP=121, TN=3450, FP=30, FN=53; precision=0.801, recall=0.695
accuracy: (test=0.977) average_precision: (test=0.806) balanced_accuracy: (test=0.843) f1: (test=0.745) roc_auc: (test=0.955) 1.46min
[fit 27/50] END n_estimators=1350; total=3654, TP=121, TN=3449, FP=31, FN=53; precision=0.796, recall=0.695
accuracy: (test=0.977) average_precision: (test=0.807) balanced_accuracy: (test=0.843) f1: (test=0.742) roc_auc: (test=0.956) 1.51min
[fit 28/50] END n_estimators=1400; total=3654, TP=122, TN=3454, FP=26, FN=52; precision=0.824, recall=0.701
accuracy: (test=0.979) average_precision: (test=0.810) balanced_accuracy: (test=0.847) f1: (test=0.758) roc_auc: (test=0.956) 1.55min
[fit 29/50] END n_estimators=1450; total=3654, TP=120, TN=3452, FP=28, FN=54; precision=0.811, recall=0.690
accuracy: (test=0.978) average_precision: (test=0.809) balanced_accuracy: (test=0.841) f1: (test=0.745) roc_auc: (test=0.956) 1.61min
[fit 30/50] END n_estimators=1500; total=3654, TP=119, TN=3453, FP=27, FN=55; precision=0.815, recall=0.684
accuracy: (test=0.978) average_precision: (test=0.811) balanced_accuracy: (test=0.838) f1: (test=0.744) roc_auc: (test=0.956) 1.66min
[fit 31/50] END n_estimators=1550; total=3654, TP=120, TN=3456, FP=24, FN=54; precision=0.833, recall=0.690
accuracy: (test=0.979) average_precision: (test=0.811) balanced_accuracy: (test=0.841) f1: (test=0.755) roc_auc: (test=0.956) 1.72min
[fit 32/50] END n_estimators=1600; total=3654, TP=120, TN=3454, FP=26, FN=54; precision=0.822, recall=0.690
accuracy: (test=0.978) average_precision: (test=0.811) balanced_accuracy: (test=0.841) f1: (test=0.750) roc_auc: (test=0.956) 1.76min
[fit 33/50] END n_estimators=1650; total=3654, TP=119, TN=3454, FP=26, FN=55; precision=0.821, recall=0.684
accuracy: (test=0.978) average_precision: (test=0.811) balanced_accuracy: (test=0.838) f1: (test=0.746) roc_auc: (test=0.956) 1.82min
[fit 34/50] END n_estimators=1700; total=3654, TP=119, TN=3454, FP=26, FN=55; precision=0.821, recall=0.684
accuracy: (test=0.978) average_precision: (test=0.812) balanced_accuracy: (test=0.838) f1: (test=0.746) roc_auc: (test=0.956) 1.85min
[fit 35/50] END n_estimators=1750; total=3654, TP=120, TN=3455, FP=25, FN=54; precision=0.828, recall=0.690
accuracy: (test=0.978) average_precision: (test=0.813) balanced_accuracy: (test=0.841) f1: (test=0.752) roc_auc: (test=0.956) 1.93min
[fit 36/50] END n_estimators=1800; total=3654, TP=119, TN=3455, FP=25, FN=55; precision=0.826, recall=0.684
accuracy: (test=0.978) average_precision: (test=0.812) balanced_accuracy: (test=0.838) f1: (test=0.748) roc_auc: (test=0.955) 1.97min
[fit 37/50] END n_estimators=1850; total=3654, TP=121, TN=3454, FP=26, FN=53; precision=0.823, recall=0.695
accuracy: (test=0.978) average_precision: (test=0.813) balanced_accuracy: (test=0.844) f1: (test=0.754) roc_auc: (test=0.956) 2.02min
[fit 38/50] END n_estimators=1900; total=3654, TP=120, TN=3455, FP=25, FN=54; precision=0.828, recall=0.690
accuracy: (test=0.978) average_precision: (test=0.812) balanced_accuracy: (test=0.841) f1: (test=0.752) roc_auc: (test=0.956) 2.08min
[fit 39/50] END n_estimators=1950; total=3654, TP=121, TN=3454, FP=26, FN=53; precision=0.823, recall=0.695
accuracy: (test=0.978) average_precision: (test=0.813) balanced_accuracy: (test=0.844) f1: (test=0.754) roc_auc: (test=0.956) 2.14min
[fit 40/50] END n_estimators=2000; total=3654, TP=120, TN=3454, FP=26, FN=54; precision=0.822, recall=0.690
accuracy: (test=0.978) average_precision: (test=0.814) balanced_accuracy: (test=0.841) f1: (test=0.750) roc_auc: (test=0.956) 2.18min
[fit 41/50] END n_estimators=2050; total=3654, TP=119, TN=3455, FP=25, FN=55; precision=0.826, recall=0.684
accuracy: (test=0.978) average_precision: (test=0.814) balanced_accuracy: (test=0.838) f1: (test=0.748) roc_auc: (test=0.956) 2.23min
[fit 42/50] END n_estimators=2100; total=3654, TP=120, TN=3454, FP=26, FN=54; precision=0.822, recall=0.690
accuracy: (test=0.978) average_precision: (test=0.814) balanced_accuracy: (test=0.841) f1: (test=0.750) roc_auc: (test=0.957) 2.28min
[fit 43/50] END n_estimators=2150; total=3654, TP=120, TN=3455, FP=25, FN=54; precision=0.828, recall=0.690
accuracy: (test=0.978) average_precision: (test=0.814) balanced_accuracy: (test=0.841) f1: (test=0.752) roc_auc: (test=0.957) 2.33min
[fit 44/50] END n_estimators=2200; total=3654, TP=119, TN=3454, FP=26, FN=55; precision=0.821, recall=0.684
accuracy: (test=0.978) average_precision: (test=0.815) balanced_accuracy: (test=0.838) f1: (test=0.746) roc_auc: (test=0.956) 2.39min
[fit 45/50] END n_estimators=2250; total=3654, TP=120, TN=3455, FP=25, FN=54; precision=0.828, recall=0.690
accuracy: (test=0.978) average_precision: (test=0.816) balanced_accuracy: (test=0.841) f1: (test=0.752) roc_auc: (test=0.956) 2.43min
[fit 46/50] END n_estimators=2300; total=3654, TP=120, TN=3454, FP=26, FN=54; precision=0.822, recall=0.690
accuracy: (test=0.978) average_precision: (test=0.817) balanced_accuracy: (test=0.841) f1: (test=0.750) roc_auc: (test=0.957) 2.48min
[fit 47/50] END n_estimators=2350; total=3654, TP=119, TN=3454, FP=26, FN=55; precision=0.821, recall=0.684
accuracy: (test=0.978) average_precision: (test=0.816) balanced_accuracy: (test=0.838) f1: (test=0.746) roc_auc: (test=0.957) 2.53min
[fit 48/50] END n_estimators=2400; total=3654, TP=119, TN=3454, FP=26, FN=55; precision=0.821, recall=0.684
accuracy: (test=0.978) average_precision: (test=0.816) balanced_accuracy: (test=0.838) f1: (test=0.746) roc_auc: (test=0.956) 2.57min
[fit 49/50] END n_estimators=2450; total=3654, TP=120, TN=3454, FP=26, FN=54; precision=0.822, recall=0.690
accuracy: (test=0.978) average_precision: (test=0.816) balanced_accuracy: (test=0.841) f1: (test=0.750) roc_auc: (test=0.957) 2.59min
[fit 50/50] END n_estimators=2500; total=3654, TP=120, TN=3454, FP=26, FN=54; precision=0.822, recall=0.690
accuracy: (test=0.978) average_precision: (test=0.816) balanced_accuracy: (test=0.841) f1: (test=0.750) roc_auc: (test=0.957) 2.57min
clf.best_estimator_params: {'n_estimators': 2300}
best params found in line [47] for metric [roc_auc] in rank file
best params found in fit [46] for metric [roc_auc] in run_and_score file
clf.best_scoring_result: [Total: (test=3654) TP: (test=120.000) TN: (test=3454.000) FP: (test=26.000) FN: (test=54.000) precision: (test=0.822) recall: (test=0.690) accuracy: (test=0.978) average_precision: (test=0.817) balanced_accuracy: (test=0.841) f1: (test=0.750) roc_auc: (test=0.957) ]
write rank test to csv!!!
write over!!!
第二次
{'objective': 'binary:logistic', 'use_label_encoder': False, 'base_score': None, 'booster': None, 'colsample_bylevel': None, 'colsample_bynode': None, 'colsample_bytree': 0.8, 'gamma': 0, 'gpu_id': None, 'importance_type': 'gain', 'interaction_constraints': None, 'learning_rate': 0.1, 'max_delta_step': None, 'max_depth': 5, 'min_child_weight': 1, 'missing': nan, 'monotone_constraints': None, 'n_estimators': 2300, 'n_jobs': None, 'num_parallel_tree': None, 'random_state': None, 'reg_alpha': 0, 'reg_lambda': 1, 'scale_pos_weight': None, 'subsample': 0.8, 'tree_method': 'gpu_hist', 'validate_parameters': None, 'verbosity': None, 'seed': 0, 'eval_metric': 'logloss'}
Fitting, totalling 54 fits
[fit 1/54] END max_depth=3, min_child_weight=1; total=3654, TP=124, TN=3419, FP=61, FN=50; precision=0.670, recall=0.713
accuracy: (test=0.970) average_precision: (test=0.733) balanced_accuracy: (test=0.848) f1: (test=0.691) roc_auc: (test=0.946) 1.29min
[fit 2/54] END max_depth=3, min_child_weight=2; total=3654, TP=125, TN=3415, FP=65, FN=49; precision=0.658, recall=0.718
accuracy: (test=0.969) average_precision: (test=0.728) balanced_accuracy: (test=0.850) f1: (test=0.687) roc_auc: (test=0.947) 1.27min
[fit 3/54] END max_depth=3, min_child_weight=3; total=3654, TP=125, TN=3411, FP=69, FN=49; precision=0.644, recall=0.718
accuracy: (test=0.968) average_precision: (test=0.727) balanced_accuracy: (test=0.849) f1: (test=0.679) roc_auc: (test=0.949) 1.27min
[fit 4/54] END max_depth=3, min_child_weight=4; total=3654, TP=125, TN=3407, FP=73, FN=49; precision=0.631, recall=0.718
accuracy: (test=0.967) average_precision: (test=0.722) balanced_accuracy: (test=0.849) f1: (test=0.672) roc_auc: (test=0.944) 1.27min
[fit 5/54] END max_depth=3, min_child_weight=5; total=3654, TP=126, TN=3409, FP=71, FN=48; precision=0.640, recall=0.724
accuracy: (test=0.967) average_precision: (test=0.730) balanced_accuracy: (test=0.852) f1: (test=0.679) roc_auc: (test=0.946) 1.28min
[fit 6/54] END max_depth=3, min_child_weight=6; total=3654, TP=128, TN=3412, FP=68, FN=46; precision=0.653, recall=0.736
accuracy: (test=0.969) average_precision: (test=0.717) balanced_accuracy: (test=0.858) f1: (test=0.692) roc_auc: (test=0.943) 1.28min
[fit 7/54] END max_depth=4, min_child_weight=1; total=3654, TP=122, TN=3446, FP=34, FN=52; precision=0.782, recall=0.701
accuracy: (test=0.976) average_precision: (test=0.802) balanced_accuracy: (test=0.846) f1: (test=0.739) roc_auc: (test=0.954) 1.74min
[fit 8/54] END max_depth=4, min_child_weight=2; total=3654, TP=120, TN=3448, FP=32, FN=54; precision=0.789, recall=0.690
accuracy: (test=0.976) average_precision: (test=0.784) balanced_accuracy: (test=0.840) f1: (test=0.736) roc_auc: (test=0.948) 1.73min
[fit 9/54] END max_depth=4, min_child_weight=3; total=3654, TP=122, TN=3444, FP=36, FN=52; precision=0.772, recall=0.701
accuracy: (test=0.976) average_precision: (test=0.780) balanced_accuracy: (test=0.845) f1: (test=0.735) roc_auc: (test=0.948) 1.73min
[fit 10/54] END max_depth=4, min_child_weight=4; total=3654, TP=117, TN=3444, FP=36, FN=57; precision=0.765, recall=0.672
accuracy: (test=0.975) average_precision: (test=0.778) balanced_accuracy: (test=0.831) f1: (test=0.716) roc_auc: (test=0.951) 1.75min
[fit 11/54] END max_depth=4, min_child_weight=5; total=3654, TP=121, TN=3437, FP=43, FN=53; precision=0.738, recall=0.695
accuracy: (test=0.974) average_precision: (test=0.783) balanced_accuracy: (test=0.842) f1: (test=0.716) roc_auc: (test=0.950) 1.73min
[fit 12/54] END max_depth=4, min_child_weight=6; total=3654, TP=119, TN=3442, FP=38, FN=55; precision=0.758, recall=0.684
accuracy: (test=0.975) average_precision: (test=0.778) balanced_accuracy: (test=0.836) f1: (test=0.719) roc_auc: (test=0.948) 1.72min
[fit 13/54] END max_depth=5, min_child_weight=1; total=3654, TP=120, TN=3454, FP=26, FN=54; precision=0.822, recall=0.690
accuracy: (test=0.978) average_precision: (test=0.817) balanced_accuracy: (test=0.841) f1: (test=0.750) roc_auc: (test=0.957) 2.44min
[fit 14/54] END max_depth=5, min_child_weight=2; total=3654, TP=120, TN=3450, FP=30, FN=54; precision=0.800, recall=0.690
accuracy: (test=0.977) average_precision: (test=0.804) balanced_accuracy: (test=0.841) f1: (test=0.741) roc_auc: (test=0.952) 2.37min
[fit 15/54] END max_depth=5, min_child_weight=3; total=3654, TP=119, TN=3452, FP=28, FN=55; precision=0.810, recall=0.684
accuracy: (test=0.977) average_precision: (test=0.795) balanced_accuracy: (test=0.838) f1: (test=0.741) roc_auc: (test=0.948) 2.33min
[fit 16/54] END max_depth=5, min_child_weight=4; total=3654, TP=120, TN=3452, FP=28, FN=54; precision=0.811, recall=0.690
accuracy: (test=0.978) average_precision: (test=0.798) balanced_accuracy: (test=0.841) f1: (test=0.745) roc_auc: (test=0.951) 2.29min
[fit 17/54] END max_depth=5, min_child_weight=5; total=3654, TP=116, TN=3450, FP=30, FN=58; precision=0.795, recall=0.667
accuracy: (test=0.976) average_precision: (test=0.789) balanced_accuracy: (test=0.829) f1: (test=0.725) roc_auc: (test=0.950) 2.26min
[fit 18/54] END max_depth=5, min_child_weight=6; total=3654, TP=121, TN=3451, FP=29, FN=53; precision=0.807, recall=0.695
accuracy: (test=0.978) average_precision: (test=0.786) balanced_accuracy: (test=0.844) f1: (test=0.747) roc_auc: (test=0.946) 2.23min
[fit 19/54] END max_depth=6, min_child_weight=1; total=3654, TP=119, TN=3458, FP=22, FN=55; precision=0.844, recall=0.684
accuracy: (test=0.979) average_precision: (test=0.807) balanced_accuracy: (test=0.839) f1: (test=0.756) roc_auc: (test=0.950) 3.12min
[fit 20/54] END max_depth=6, min_child_weight=2; total=3654, TP=116, TN=3452, FP=28, FN=58; precision=0.806, recall=0.667
accuracy: (test=0.976) average_precision: (test=0.809) balanced_accuracy: (test=0.829) f1: (test=0.730) roc_auc: (test=0.955) 2.96min
[fit 21/54] END max_depth=6, min_child_weight=3; total=3654, TP=117, TN=3452, FP=28, FN=57; precision=0.807, recall=0.672
accuracy: (test=0.977) average_precision: (test=0.796) balanced_accuracy: (test=0.832) f1: (test=0.734) roc_auc: (test=0.951) 2.86min
[fit 22/54] END max_depth=6, min_child_weight=4; total=3654, TP=118, TN=3449, FP=31, FN=56; precision=0.792, recall=0.678
accuracy: (test=0.976) average_precision: (test=0.801) balanced_accuracy: (test=0.835) f1: (test=0.731) roc_auc: (test=0.950) 2.79min
[fit 23/54] END max_depth=6, min_child_weight=5; total=3654, TP=118, TN=3447, FP=33, FN=56; precision=0.781, recall=0.678
accuracy: (test=0.976) average_precision: (test=0.790) balanced_accuracy: (test=0.834) f1: (test=0.726) roc_auc: (test=0.947) 2.74min
[fit 24/54] END max_depth=6, min_child_weight=6; total=3654, TP=123, TN=3455, FP=25, FN=51; precision=0.831, recall=0.707
accuracy: (test=0.979) average_precision: (test=0.805) balanced_accuracy: (test=0.850) f1: (test=0.764) roc_auc: (test=0.953) 2.70min
[fit 25/54] END max_depth=7, min_child_weight=1; total=3654, TP=114, TN=3452, FP=28, FN=60; precision=0.803, recall=0.655
accuracy: (test=0.976) average_precision: (test=0.814) balanced_accuracy: (test=0.824) f1: (test=0.722) roc_auc: (test=0.951) 3.63min
[fit 26/54] END max_depth=7, min_child_weight=2; total=3654, TP=118, TN=3455, FP=25, FN=56; precision=0.825, recall=0.678
accuracy: (test=0.978) average_precision: (test=0.810) balanced_accuracy: (test=0.835) f1: (test=0.744) roc_auc: (test=0.952) 3.37min
[fit 27/54] END max_depth=7, min_child_weight=3; total=3654, TP=116, TN=3451, FP=29, FN=58; precision=0.800, recall=0.667
accuracy: (test=0.976) average_precision: (test=0.811) balanced_accuracy: (test=0.829) f1: (test=0.727) roc_auc: (test=0.954) 3.23min
[fit 28/54] END max_depth=7, min_child_weight=4; total=3654, TP=113, TN=3455, FP=25, FN=61; precision=0.819, recall=0.649
accuracy: (test=0.976) average_precision: (test=0.794) balanced_accuracy: (test=0.821) f1: (test=0.724) roc_auc: (test=0.954) 3.17min
[fit 29/54] END max_depth=7, min_child_weight=5; total=3654, TP=115, TN=3453, FP=27, FN=59; precision=0.810, recall=0.661
accuracy: (test=0.976) average_precision: (test=0.804) balanced_accuracy: (test=0.827) f1: (test=0.728) roc_auc: (test=0.953) 3.08min
[fit 30/54] END max_depth=7, min_child_weight=6; total=3654, TP=121, TN=3447, FP=33, FN=53; precision=0.786, recall=0.695
accuracy: (test=0.976) average_precision: (test=0.802) balanced_accuracy: (test=0.843) f1: (test=0.738) roc_auc: (test=0.952) 3.01min
[fit 31/54] END max_depth=8, min_child_weight=1; total=3654, TP=118, TN=3458, FP=22, FN=56; precision=0.843, recall=0.678
accuracy: (test=0.979) average_precision: (test=0.808) balanced_accuracy: (test=0.836) f1: (test=0.752) roc_auc: (test=0.950) 3.96min
[fit 32/54] END max_depth=8, min_child_weight=2; total=3654, TP=118, TN=3456, FP=24, FN=56; precision=0.831, recall=0.678
accuracy: (test=0.978) average_precision: (test=0.812) balanced_accuracy: (test=0.836) f1: (test=0.747) roc_auc: (test=0.954) 3.62min
[fit 33/54] END max_depth=8, min_child_weight=3; total=3654, TP=117, TN=3454, FP=26, FN=57; precision=0.818, recall=0.672
accuracy: (test=0.977) average_precision: (test=0.806) balanced_accuracy: (test=0.832) f1: (test=0.738) roc_auc: (test=0.956) 3.48min
[fit 34/54] END max_depth=8, min_child_weight=4; total=3654, TP=117, TN=3455, FP=25, FN=57; precision=0.824, recall=0.672
accuracy: (test=0.978) average_precision: (test=0.808) balanced_accuracy: (test=0.833) f1: (test=0.741) roc_auc: (test=0.953) 3.36min
[fit 35/54] END max_depth=8, min_child_weight=5; total=3654, TP=120, TN=3451, FP=29, FN=54; precision=0.805, recall=0.690
accuracy: (test=0.977) average_precision: (test=0.805) balanced_accuracy: (test=0.841) f1: (test=0.743) roc_auc: (test=0.951) 3.30min
[fit 36/54] END max_depth=8, min_child_weight=6; total=3654, TP=124, TN=3450, FP=30, FN=50; precision=0.805, recall=0.713
accuracy: (test=0.978) average_precision: (test=0.812) balanced_accuracy: (test=0.852) f1: (test=0.756) roc_auc: (test=0.955) 3.17min
[fit 37/54] END max_depth=9, min_child_weight=1; total=3654, TP=119, TN=3459, FP=21, FN=55; precision=0.850, recall=0.684
accuracy: (test=0.979) average_precision: (test=0.809) balanced_accuracy: (test=0.839) f1: (test=0.758) roc_auc: (test=0.950) 4.38min
[fit 38/54] END max_depth=9, min_child_weight=2; total=3654, TP=114, TN=3460, FP=20, FN=60; precision=0.851, recall=0.655
accuracy: (test=0.978) average_precision: (test=0.810) balanced_accuracy: (test=0.825) f1: (test=0.740) roc_auc: (test=0.954) 3.89min
[fit 39/54] END max_depth=9, min_child_weight=3; total=3654, TP=115, TN=3456, FP=24, FN=59; precision=0.827, recall=0.661
accuracy: (test=0.977) average_precision: (test=0.813) balanced_accuracy: (test=0.827) f1: (test=0.735) roc_auc: (test=0.956) 3.67min
[fit 40/54] END max_depth=9, min_child_weight=4; total=3654, TP=114, TN=3454, FP=26, FN=60; precision=0.814, recall=0.655
accuracy: (test=0.976) average_precision: (test=0.802) balanced_accuracy: (test=0.824) f1: (test=0.726) roc_auc: (test=0.955) 3.52min
[fit 41/54] END max_depth=9, min_child_weight=5; total=3654, TP=117, TN=3452, FP=28, FN=57; precision=0.807, recall=0.672
accuracy: (test=0.977) average_precision: (test=0.801) balanced_accuracy: (test=0.832) f1: (test=0.734) roc_auc: (test=0.951) 3.42min
[fit 42/54] END max_depth=9, min_child_weight=6; total=3654, TP=117, TN=3453, FP=27, FN=57; precision=0.812, recall=0.672
accuracy: (test=0.977) average_precision: (test=0.809) balanced_accuracy: (test=0.832) f1: (test=0.736) roc_auc: (test=0.951) 3.33min
[fit 43/54] END max_depth=10, min_child_weight=1; total=3654, TP=113, TN=3459, FP=21, FN=61; precision=0.843, recall=0.649
accuracy: (test=0.978) average_precision: (test=0.811) balanced_accuracy: (test=0.822) f1: (test=0.734) roc_auc: (test=0.955) 4.53min
[fit 44/54] END max_depth=10, min_child_weight=2; total=3654, TP=113, TN=3454, FP=26, FN=61; precision=0.813, recall=0.649
accuracy: (test=0.976) average_precision: (test=0.798) balanced_accuracy: (test=0.821) f1: (test=0.722) roc_auc: (test=0.950) 4.03min
[fit 45/54] END max_depth=10, min_child_weight=3; total=3654, TP=118, TN=3453, FP=27, FN=56; precision=0.814, recall=0.678
accuracy: (test=0.977) average_precision: (test=0.813) balanced_accuracy: (test=0.835) f1: (test=0.740) roc_auc: (test=0.951) 3.80min
[fit 46/54] END max_depth=10, min_child_weight=4; total=3654, TP=119, TN=3455, FP=25, FN=55; precision=0.826, recall=0.684
accuracy: (test=0.978) average_precision: (test=0.809) balanced_accuracy: (test=0.838) f1: (test=0.748) roc_auc: (test=0.955) 3.67min
[fit 47/54] END max_depth=10, min_child_weight=5; total=3654, TP=114, TN=3454, FP=26, FN=60; precision=0.814, recall=0.655
accuracy: (test=0.976) average_precision: (test=0.810) balanced_accuracy: (test=0.824) f1: (test=0.726) roc_auc: (test=0.955) 3.53min
[fit 48/54] END max_depth=10, min_child_weight=6; total=3654, TP=115, TN=3459, FP=21, FN=59; precision=0.846, recall=0.661
accuracy: (test=0.978) average_precision: (test=0.817) balanced_accuracy: (test=0.827) f1: (test=0.742) roc_auc: (test=0.957) 3.46min
[fit 49/54] END max_depth=12, min_child_weight=1; total=3654, TP=115, TN=3457, FP=23, FN=59; precision=0.833, recall=0.661
accuracy: (test=0.978) average_precision: (test=0.814) balanced_accuracy: (test=0.827) f1: (test=0.737) roc_auc: (test=0.954) 5.02min
[fit 50/54] END max_depth=12, min_child_weight=2; total=3654, TP=116, TN=3457, FP=23, FN=58; precision=0.835, recall=0.667
accuracy: (test=0.978) average_precision: (test=0.812) balanced_accuracy: (test=0.830) f1: (test=0.741) roc_auc: (test=0.955) 4.38min
[fit 51/54] END max_depth=12, min_child_weight=3; total=3654, TP=115, TN=3461, FP=19, FN=59; precision=0.858, recall=0.661
accuracy: (test=0.979) average_precision: (test=0.809) balanced_accuracy: (test=0.828) f1: (test=0.747) roc_auc: (test=0.950) 4.09min
[fit 52/54] END max_depth=12, min_child_weight=4; total=3654, TP=116, TN=3451, FP=29, FN=58; precision=0.800, recall=0.667
accuracy: (test=0.976) average_precision: (test=0.813) balanced_accuracy: (test=0.829) f1: (test=0.727) roc_auc: (test=0.955) 3.86min
[fit 53/54] END max_depth=12, min_child_weight=5; total=3654, TP=115, TN=3456, FP=24, FN=59; precision=0.827, recall=0.661
accuracy: (test=0.977) average_precision: (test=0.810) balanced_accuracy: (test=0.827) f1: (test=0.735) roc_auc: (test=0.950) 3.78min
[fit 54/54] END max_depth=12, min_child_weight=6; total=3654, TP=116, TN=3448, FP=32, FN=58; precision=0.784, recall=0.667
accuracy: (test=0.975) average_precision: (test=0.805) balanced_accuracy: (test=0.829) f1: (test=0.720) roc_auc: (test=0.949) 3.67min
clf.best_estimator_params: {'max_depth': 10, 'min_child_weight': 6}
best params found in line [49] for metric [roc_auc] in rank file
best params found in fit [48] for metric [roc_auc] in run_and_score file
clf.best_scoring_result: [Total: (test=3654) TP: (test=115.000) TN: (test=3459.000) FP: (test=21.000) FN: (test=59.000) precision: (test=0.846) recall: (test=0.661) accuracy: (test=0.978) average_precision: (test=0.817) balanced_accuracy: (test=0.827) f1: (test=0.742) roc_auc: (test=0.957) ]
write rank test to csv!!!
write over!!!
第三次
{'objective': 'binary:logistic', 'use_label_encoder': False, 'base_score': None, 'booster': None, 'colsample_bylevel': None, 'colsample_bynode': None, 'colsample_bytree': 0.8, 'gamma': 0, 'gpu_id': None, 'importance_type': 'gain', 'interaction_constraints': None, 'learning_rate': 0.1, 'max_delta_step': None, 'max_depth': 10, 'min_child_weight': 6, 'missing': nan, 'monotone_constraints': None, 'n_estimators': 2300, 'n_jobs': None, 'num_parallel_tree': None, 'random_state': None, 'reg_alpha': 0, 'reg_lambda': 1, 'scale_pos_weight': None, 'subsample': 0.8, 'tree_method': 'gpu_hist', 'validate_parameters': None, 'verbosity': None, 'seed': 0, 'eval_metric': 'logloss'}
Fitting, totalling 7 fits
[fit 1/7] END gamma=0; total=3654, TP=115, TN=3459, FP=21, FN=59; precision=0.846, recall=0.661
accuracy: (test=0.978) average_precision: (test=0.817) balanced_accuracy: (test=0.827) f1: (test=0.742) roc_auc: (test=0.957) 3.32min
[fit 2/7] END gamma=0.1; total=3654, TP=117, TN=3454, FP=26, FN=57; precision=0.818, recall=0.672
accuracy: (test=0.977) average_precision: (test=0.802) balanced_accuracy: (test=0.832) f1: (test=0.738) roc_auc: (test=0.954) 2.66min
[fit 3/7] END gamma=0.2; total=3654, TP=118, TN=3449, FP=31, FN=56; precision=0.792, recall=0.678
accuracy: (test=0.976) average_precision: (test=0.791) balanced_accuracy: (test=0.835) f1: (test=0.731) roc_auc: (test=0.947) 2.32min
[fit 4/7] END gamma=0.3; total=3654, TP=123, TN=3451, FP=29, FN=51; precision=0.809, recall=0.707
accuracy: (test=0.978) average_precision: (test=0.810) balanced_accuracy: (test=0.849) f1: (test=0.755) roc_auc: (test=0.952) 2.18min
[fit 5/7] END gamma=0.4; total=3654, TP=118, TN=3442, FP=38, FN=56; precision=0.756, recall=0.678
accuracy: (test=0.974) average_precision: (test=0.785) balanced_accuracy: (test=0.834) f1: (test=0.715) roc_auc: (test=0.949) 2.13min
[fit 6/7] END gamma=0.5; total=3654, TP=122, TN=3446, FP=34, FN=52; precision=0.782, recall=0.701
accuracy: (test=0.976) average_precision: (test=0.793) balanced_accuracy: (test=0.846) f1: (test=0.739) roc_auc: (test=0.953) 2.01min
[fit 7/7] END gamma=0.6; total=3654, TP=120, TN=3443, FP=37, FN=54; precision=0.764, recall=0.690
accuracy: (test=0.975) average_precision: (test=0.776) balanced_accuracy: (test=0.840) f1: (test=0.725) roc_auc: (test=0.952) 1.99min
clf.best_estimator_params: {'gamma': 0}
best params found in line [2] for metric [roc_auc] in rank file
best params found in fit [1] for metric [roc_auc] in run_and_score file
clf.best_scoring_result: [Total: (test=3654) TP: (test=115.000) TN: (test=3459.000) FP: (test=21.000) FN: (test=59.000) precision: (test=0.846) recall: (test=0.661) accuracy: (test=0.978) average_precision: (test=0.817) balanced_accuracy: (test=0.827) f1: (test=0.742) roc_auc: (test=0.957) ]
write rank test to csv!!!
write over!!!
第四次
{'objective': 'binary:logistic', 'use_label_encoder': False, 'base_score': None, 'booster': None, 'colsample_bylevel': None, 'colsample_bynode': None, 'colsample_bytree': 0.8, 'gamma': 0, 'gpu_id': None, 'importance_type': 'gain', 'interaction_constraints': None, 'learning_rate': 0.1, 'max_delta_step': None, 'max_depth': 10, 'min_child_weight': 6, 'missing': nan, 'monotone_constraints': None, 'n_estimators': 2300, 'n_jobs': None, 'num_parallel_tree': None, 'random_state': None, 'reg_alpha': 0, 'reg_lambda': 1, 'scale_pos_weight': None, 'subsample': 0.8, 'tree_method': 'gpu_hist', 'validate_parameters': None, 'verbosity': None, 'seed': 0, 'eval_metric': 'logloss'}
Fitting, totalling 16 fits
[fit 1/16] END colsample_bytree=0.6, subsample=0.6; total=3654, TP=119, TN=3455, FP=25, FN=55; precision=0.826, recall=0.684
accuracy: (test=0.978) average_precision: (test=0.798) balanced_accuracy: (test=0.838) f1: (test=0.748) roc_auc: (test=0.951) 3.36min
[fit 2/16] END colsample_bytree=0.6, subsample=0.7; total=3654, TP=116, TN=3449, FP=31, FN=58; precision=0.789, recall=0.667
accuracy: (test=0.976) average_precision: (test=0.803) balanced_accuracy: (test=0.829) f1: (test=0.723) roc_auc: (test=0.950) 3.43min
[fit 3/16] END colsample_bytree=0.6, subsample=0.8; total=3654, TP=118, TN=3456, FP=24, FN=56; precision=0.831, recall=0.678
accuracy: (test=0.978) average_precision: (test=0.809) balanced_accuracy: (test=0.836) f1: (test=0.747) roc_auc: (test=0.954) 3.42min
[fit 4/16] END colsample_bytree=0.6, subsample=0.9; total=3654, TP=114, TN=3456, FP=24, FN=60; precision=0.826, recall=0.655
accuracy: (test=0.977) average_precision: (test=0.798) balanced_accuracy: (test=0.824) f1: (test=0.731) roc_auc: (test=0.954) 3.43min
[fit 5/16] END colsample_bytree=0.7, subsample=0.6; total=3654, TP=116, TN=3453, FP=27, FN=58; precision=0.811, recall=0.667
accuracy: (test=0.977) average_precision: (test=0.819) balanced_accuracy: (test=0.829) f1: (test=0.732) roc_auc: (test=0.951) 3.27min
[fit 6/16] END colsample_bytree=0.7, subsample=0.7; total=3654, TP=118, TN=3453, FP=27, FN=56; precision=0.814, recall=0.678
accuracy: (test=0.977) average_precision: (test=0.812) balanced_accuracy: (test=0.835) f1: (test=0.740) roc_auc: (test=0.952) 3.33min
[fit 7/16] END colsample_bytree=0.7, subsample=0.8; total=3654, TP=116, TN=3451, FP=29, FN=58; precision=0.800, recall=0.667
accuracy: (test=0.976) average_precision: (test=0.798) balanced_accuracy: (test=0.829) f1: (test=0.727) roc_auc: (test=0.954) 3.35min
[fit 8/16] END colsample_bytree=0.7, subsample=0.9; total=3654, TP=116, TN=3455, FP=25, FN=58; precision=0.823, recall=0.667
accuracy: (test=0.977) average_precision: (test=0.806) balanced_accuracy: (test=0.830) f1: (test=0.737) roc_auc: (test=0.953) 3.39min
[fit 9/16] END colsample_bytree=0.8, subsample=0.6; total=3654, TP=116, TN=3449, FP=31, FN=58; precision=0.789, recall=0.667
accuracy: (test=0.976) average_precision: (test=0.799) balanced_accuracy: (test=0.829) f1: (test=0.723) roc_auc: (test=0.949) 3.26min
[fit 10/16] END colsample_bytree=0.8, subsample=0.7; total=3654, TP=118, TN=3452, FP=28, FN=56; precision=0.808, recall=0.678
accuracy: (test=0.977) average_precision: (test=0.802) balanced_accuracy: (test=0.835) f1: (test=0.737) roc_auc: (test=0.951) 3.25min
[fit 11/16] END colsample_bytree=0.8, subsample=0.8; total=3654, TP=115, TN=3459, FP=21, FN=59; precision=0.846, recall=0.661
accuracy: (test=0.978) average_precision: (test=0.817) balanced_accuracy: (test=0.827) f1: (test=0.742) roc_auc: (test=0.957) 3.29min
[fit 12/16] END colsample_bytree=0.8, subsample=0.9; total=3654, TP=115, TN=3452, FP=28, FN=59; precision=0.804, recall=0.661
accuracy: (test=0.976) average_precision: (test=0.807) balanced_accuracy: (test=0.826) f1: (test=0.726) roc_auc: (test=0.953) 3.39min
[fit 13/16] END colsample_bytree=0.9, subsample=0.6; total=3654, TP=118, TN=3455, FP=25, FN=56; precision=0.825, recall=0.678
accuracy: (test=0.978) average_precision: (test=0.807) balanced_accuracy: (test=0.835) f1: (test=0.744) roc_auc: (test=0.945) 3.26min
[fit 14/16] END colsample_bytree=0.9, subsample=0.7; total=3654, TP=113, TN=3449, FP=31, FN=61; precision=0.785, recall=0.649
accuracy: (test=0.975) average_precision: (test=0.803) balanced_accuracy: (test=0.820) f1: (test=0.711) roc_auc: (test=0.948) 3.32min
[fit 15/16] END colsample_bytree=0.9, subsample=0.8; total=3654, TP=121, TN=3449, FP=31, FN=53; precision=0.796, recall=0.695
accuracy: (test=0.977) average_precision: (test=0.811) balanced_accuracy: (test=0.843) f1: (test=0.742) roc_auc: (test=0.953) 3.34min
[fit 16/16] END colsample_bytree=0.9, subsample=0.9; total=3654, TP=116, TN=3456, FP=24, FN=58; precision=0.829, recall=0.667
accuracy: (test=0.978) average_precision: (test=0.802) balanced_accuracy: (test=0.830) f1: (test=0.739) roc_auc: (test=0.951) 3.45min
clf.best_estimator_params: {'colsample_bytree': 0.8, 'subsample': 0.8}
best params found in line [12] for metric [roc_auc] in rank file
best params found in fit [11] for metric [roc_auc] in run_and_score file
clf.best_scoring_result: [Total: (test=3654) TP: (test=115.000) TN: (test=3459.000) FP: (test=21.000) FN: (test=59.000) precision: (test=0.846) recall: (test=0.661) accuracy: (test=0.978) average_precision: (test=0.817) balanced_accuracy: (test=0.827) f1: (test=0.742) roc_auc: (test=0.957) ]
write rank test to csv!!!
write over!!!
第五次
{'objective': 'binary:logistic', 'use_label_encoder': False, 'base_score': None, 'booster': None, 'colsample_bylevel': None, 'colsample_bynode': None, 'colsample_bytree': 0.8, 'gamma': 0, 'gpu_id': None, 'importance_type': 'gain', 'interaction_constraints': None, 'learning_rate': 0.1, 'max_delta_step': None, 'max_depth': 10, 'min_child_weight': 6, 'missing': nan, 'monotone_constraints': None, 'n_estimators': 2300, 'n_jobs': None, 'num_parallel_tree': None, 'random_state': None, 'reg_alpha': 0, 'reg_lambda': 1, 'scale_pos_weight': None, 'subsample': 0.8, 'tree_method': 'gpu_hist', 'validate_parameters': None, 'verbosity': None, 'seed': 0, 'eval_metric': 'logloss'}
Fitting, totalling 81 fits
[fit 1/81] END reg_alpha=0, reg_lambda=0; total=3654, TP=123, TN=3453, FP=27, FN=51; precision=0.820, recall=0.707
accuracy: (test=0.979) average_precision: (test=0.806) balanced_accuracy: (test=0.850) f1: (test=0.759) roc_auc: (test=0.955) 3.33min
[fit 2/81] END reg_alpha=0, reg_lambda=0.01; total=3654, TP=119, TN=3449, FP=31, FN=55; precision=0.793, recall=0.684
accuracy: (test=0.976) average_precision: (test=0.797) balanced_accuracy: (test=0.838) f1: (test=0.735) roc_auc: (test=0.948) 3.31min
[fit 3/81] END reg_alpha=0, reg_lambda=0.02; total=3654, TP=117, TN=3453, FP=27, FN=57; precision=0.812, recall=0.672
accuracy: (test=0.977) average_precision: (test=0.799) balanced_accuracy: (test=0.832) f1: (test=0.736) roc_auc: (test=0.951) 3.29min
[fit 4/81] END reg_alpha=0, reg_lambda=0.05; total=3654, TP=115, TN=3459, FP=21, FN=59; precision=0.846, recall=0.661
accuracy: (test=0.978) average_precision: (test=0.799) balanced_accuracy: (test=0.827) f1: (test=0.742) roc_auc: (test=0.952) 3.28min
[fit 5/81] END reg_alpha=0, reg_lambda=0.1; total=3654, TP=114, TN=3457, FP=23, FN=60; precision=0.832, recall=0.655
accuracy: (test=0.977) average_precision: (test=0.808) balanced_accuracy: (test=0.824) f1: (test=0.733) roc_auc: (test=0.956) 3.31min
[fit 6/81] END reg_alpha=0, reg_lambda=0.5; total=3654, TP=117, TN=3454, FP=26, FN=57; precision=0.818, recall=0.672
accuracy: (test=0.977) average_precision: (test=0.797) balanced_accuracy: (test=0.832) f1: (test=0.738) roc_auc: (test=0.948) 3.36min
[fit 7/81] END reg_alpha=0, reg_lambda=1; total=3654, TP=115, TN=3459, FP=21, FN=59; precision=0.846, recall=0.661
accuracy: (test=0.978) average_precision: (test=0.817) balanced_accuracy: (test=0.827) f1: (test=0.742) roc_auc: (test=0.957) 3.39min
[fit 8/81] END reg_alpha=0, reg_lambda=2; total=3654, TP=117, TN=3453, FP=27, FN=57; precision=0.812, recall=0.672
accuracy: (test=0.977) average_precision: (test=0.804) balanced_accuracy: (test=0.832) f1: (test=0.736) roc_auc: (test=0.955) 3.54min
[fit 9/81] END reg_alpha=0, reg_lambda=3; total=3654, TP=115, TN=3454, FP=26, FN=59; precision=0.816, recall=0.661
accuracy: (test=0.977) average_precision: (test=0.803) balanced_accuracy: (test=0.827) f1: (test=0.730) roc_auc: (test=0.955) 3.68min
[fit 10/81] END reg_alpha=0.01, reg_lambda=0; total=3654, TP=118, TN=3450, FP=30, FN=56; precision=0.797, recall=0.678
accuracy: (test=0.976) average_precision: (test=0.798) balanced_accuracy: (test=0.835) f1: (test=0.733) roc_auc: (test=0.952) 3.35min
[fit 11/81] END reg_alpha=0.01, reg_lambda=0.01; total=3654, TP=118, TN=3453, FP=27, FN=56; precision=0.814, recall=0.678
accuracy: (test=0.977) average_precision: (test=0.799) balanced_accuracy: (test=0.835) f1: (test=0.740) roc_auc: (test=0.951) 3.29min
[fit 12/81] END reg_alpha=0.01, reg_lambda=0.02; total=3654, TP=115, TN=3457, FP=23, FN=59; precision=0.833, recall=0.661
accuracy: (test=0.978) average_precision: (test=0.791) balanced_accuracy: (test=0.827) f1: (test=0.737) roc_auc: (test=0.953) 3.26min
[fit 13/81] END reg_alpha=0.01, reg_lambda=0.05; total=3654, TP=112, TN=3451, FP=29, FN=62; precision=0.794, recall=0.644
accuracy: (test=0.975) average_precision: (test=0.797) balanced_accuracy: (test=0.818) f1: (test=0.711) roc_auc: (test=0.954) 3.27min
[fit 14/81] END reg_alpha=0.01, reg_lambda=0.1; total=3654, TP=118, TN=3451, FP=29, FN=56; precision=0.803, recall=0.678
accuracy: (test=0.977) average_precision: (test=0.800) balanced_accuracy: (test=0.835) f1: (test=0.735) roc_auc: (test=0.955) 3.30min
[fit 15/81] END reg_alpha=0.01, reg_lambda=0.5; total=3654, TP=118, TN=3455, FP=25, FN=56; precision=0.825, recall=0.678
accuracy: (test=0.978) average_precision: (test=0.811) balanced_accuracy: (test=0.835) f1: (test=0.744) roc_auc: (test=0.952) 3.39min
[fit 16/81] END reg_alpha=0.01, reg_lambda=1; total=3654, TP=115, TN=3458, FP=22, FN=59; precision=0.839, recall=0.661
accuracy: (test=0.978) average_precision: (test=0.801) balanced_accuracy: (test=0.827) f1: (test=0.740) roc_auc: (test=0.953) 3.40min
[fit 17/81] END reg_alpha=0.01, reg_lambda=2; total=3654, TP=117, TN=3456, FP=24, FN=57; precision=0.830, recall=0.672
accuracy: (test=0.978) average_precision: (test=0.806) balanced_accuracy: (test=0.833) f1: (test=0.743) roc_auc: (test=0.954) 3.49min
[fit 18/81] END reg_alpha=0.01, reg_lambda=3; total=3654, TP=116, TN=3458, FP=22, FN=58; precision=0.841, recall=0.667
accuracy: (test=0.978) average_precision: (test=0.793) balanced_accuracy: (test=0.830) f1: (test=0.744) roc_auc: (test=0.952) 3.62min
[fit 19/81] END reg_alpha=0.02, reg_lambda=0; total=3654, TP=119, TN=3456, FP=24, FN=55; precision=0.832, recall=0.684
accuracy: (test=0.978) average_precision: (test=0.797) balanced_accuracy: (test=0.839) f1: (test=0.751) roc_auc: (test=0.949) 3.32min
[fit 20/81] END reg_alpha=0.02, reg_lambda=0.01; total=3654, TP=120, TN=3456, FP=24, FN=54; precision=0.833, recall=0.690
accuracy: (test=0.979) average_precision: (test=0.794) balanced_accuracy: (test=0.841) f1: (test=0.755) roc_auc: (test=0.953) 3.33min
[fit 21/81] END reg_alpha=0.02, reg_lambda=0.02; total=3654, TP=118, TN=3452, FP=28, FN=56; precision=0.808, recall=0.678
accuracy: (test=0.977) average_precision: (test=0.800) balanced_accuracy: (test=0.835) f1: (test=0.737) roc_auc: (test=0.948) 3.32min
[fit 22/81] END reg_alpha=0.02, reg_lambda=0.05; total=3654, TP=118, TN=3453, FP=27, FN=56; precision=0.814, recall=0.678
accuracy: (test=0.977) average_precision: (test=0.801) balanced_accuracy: (test=0.835) f1: (test=0.740) roc_auc: (test=0.949) 3.31min
[fit 23/81] END reg_alpha=0.02, reg_lambda=0.1; total=3654, TP=121, TN=3457, FP=23, FN=53; precision=0.840, recall=0.695
accuracy: (test=0.979) average_precision: (test=0.811) balanced_accuracy: (test=0.844) f1: (test=0.761) roc_auc: (test=0.952) 3.36min
[fit 24/81] END reg_alpha=0.02, reg_lambda=0.5; total=3654, TP=113, TN=3449, FP=31, FN=61; precision=0.785, recall=0.649
accuracy: (test=0.975) average_precision: (test=0.800) balanced_accuracy: (test=0.820) f1: (test=0.711) roc_auc: (test=0.954) 3.40min
[fit 25/81] END reg_alpha=0.02, reg_lambda=1; total=3654, TP=115, TN=3451, FP=29, FN=59; precision=0.799, recall=0.661
accuracy: (test=0.976) average_precision: (test=0.793) balanced_accuracy: (test=0.826) f1: (test=0.723) roc_auc: (test=0.949) 3.39min
[fit 26/81] END reg_alpha=0.02, reg_lambda=2; total=3654, TP=119, TN=3451, FP=29, FN=55; precision=0.804, recall=0.684
accuracy: (test=0.977) average_precision: (test=0.799) balanced_accuracy: (test=0.838) f1: (test=0.739) roc_auc: (test=0.950) 3.56min
[fit 27/81] END reg_alpha=0.02, reg_lambda=3; total=3654, TP=116, TN=3453, FP=27, FN=58; precision=0.811, recall=0.667
accuracy: (test=0.977) average_precision: (test=0.796) balanced_accuracy: (test=0.829) f1: (test=0.732) roc_auc: (test=0.950) 3.67min
[fit 28/81] END reg_alpha=0.05, reg_lambda=0; total=3654, TP=116, TN=3454, FP=26, FN=58; precision=0.817, recall=0.667
accuracy: (test=0.977) average_precision: (test=0.805) balanced_accuracy: (test=0.830) f1: (test=0.734) roc_auc: (test=0.951) 3.37min
[fit 29/81] END reg_alpha=0.05, reg_lambda=0.01; total=3654, TP=118, TN=3451, FP=29, FN=56; precision=0.803, recall=0.678
accuracy: (test=0.977) average_precision: (test=0.794) balanced_accuracy: (test=0.835) f1: (test=0.735) roc_auc: (test=0.951) 3.38min
[fit 30/81] END reg_alpha=0.05, reg_lambda=0.02; total=3654, TP=113, TN=3452, FP=28, FN=61; precision=0.801, recall=0.649
accuracy: (test=0.976) average_precision: (test=0.801) balanced_accuracy: (test=0.821) f1: (test=0.717) roc_auc: (test=0.953) 3.35min
[fit 31/81] END reg_alpha=0.05, reg_lambda=0.05; total=3654, TP=116, TN=3450, FP=30, FN=58; precision=0.795, recall=0.667
accuracy: (test=0.976) average_precision: (test=0.795) balanced_accuracy: (test=0.829) f1: (test=0.725) roc_auc: (test=0.951) 3.30min
[fit 32/81] END reg_alpha=0.05, reg_lambda=0.1; total=3654, TP=118, TN=3454, FP=26, FN=56; precision=0.819, recall=0.678
accuracy: (test=0.978) average_precision: (test=0.803) balanced_accuracy: (test=0.835) f1: (test=0.742) roc_auc: (test=0.955) 3.38min
[fit 33/81] END reg_alpha=0.05, reg_lambda=0.5; total=3654, TP=113, TN=3455, FP=25, FN=61; precision=0.819, recall=0.649
accuracy: (test=0.976) average_precision: (test=0.798) balanced_accuracy: (test=0.821) f1: (test=0.724) roc_auc: (test=0.948) 3.44min
[fit 34/81] END reg_alpha=0.05, reg_lambda=1; total=3654, TP=120, TN=3450, FP=30, FN=54; precision=0.800, recall=0.690
accuracy: (test=0.977) average_precision: (test=0.803) balanced_accuracy: (test=0.841) f1: (test=0.741) roc_auc: (test=0.953) 3.48min
[fit 35/81] END reg_alpha=0.05, reg_lambda=2; total=3654, TP=115, TN=3456, FP=24, FN=59; precision=0.827, recall=0.661
accuracy: (test=0.977) average_precision: (test=0.799) balanced_accuracy: (test=0.827) f1: (test=0.735) roc_auc: (test=0.952) 3.58min
[fit 36/81] END reg_alpha=0.05, reg_lambda=3; total=3654, TP=120, TN=3449, FP=31, FN=54; precision=0.795, recall=0.690
accuracy: (test=0.977) average_precision: (test=0.801) balanced_accuracy: (test=0.840) f1: (test=0.738) roc_auc: (test=0.951) 3.68min
[fit 37/81] END reg_alpha=0.1, reg_lambda=0; total=3654, TP=114, TN=3447, FP=33, FN=60; precision=0.776, recall=0.655
accuracy: (test=0.975) average_precision: (test=0.800) balanced_accuracy: (test=0.823) f1: (test=0.710) roc_auc: (test=0.956) 3.39min
[fit 38/81] END reg_alpha=0.1, reg_lambda=0.01; total=3654, TP=119, TN=3457, FP=23, FN=55; precision=0.838, recall=0.684
accuracy: (test=0.979) average_precision: (test=0.813) balanced_accuracy: (test=0.839) f1: (test=0.753) roc_auc: (test=0.954) 3.39min
[fit 39/81] END reg_alpha=0.1, reg_lambda=0.02; total=3654, TP=116, TN=3455, FP=25, FN=58; precision=0.823, recall=0.667
accuracy: (test=0.977) average_precision: (test=0.808) balanced_accuracy: (test=0.830) f1: (test=0.737) roc_auc: (test=0.952) 3.36min
[fit 40/81] END reg_alpha=0.1, reg_lambda=0.05; total=3654, TP=115, TN=3454, FP=26, FN=59; precision=0.816, recall=0.661
accuracy: (test=0.977) average_precision: (test=0.791) balanced_accuracy: (test=0.827) f1: (test=0.730) roc_auc: (test=0.953) 3.32min
[fit 41/81] END reg_alpha=0.1, reg_lambda=0.1; total=3654, TP=118, TN=3453, FP=27, FN=56; precision=0.814, recall=0.678
accuracy: (test=0.977) average_precision: (test=0.804) balanced_accuracy: (test=0.835) f1: (test=0.740) roc_auc: (test=0.950) 3.39min
[fit 42/81] END reg_alpha=0.1, reg_lambda=0.5; total=3654, TP=115, TN=3450, FP=30, FN=59; precision=0.793, recall=0.661
accuracy: (test=0.976) average_precision: (test=0.805) balanced_accuracy: (test=0.826) f1: (test=0.721) roc_auc: (test=0.950) 3.42min
[fit 43/81] END reg_alpha=0.1, reg_lambda=1; total=3654, TP=120, TN=3452, FP=28, FN=54; precision=0.811, recall=0.690
accuracy: (test=0.978) average_precision: (test=0.810) balanced_accuracy: (test=0.841) f1: (test=0.745) roc_auc: (test=0.953) 3.50min
[fit 44/81] END reg_alpha=0.1, reg_lambda=2; total=3654, TP=118, TN=3454, FP=26, FN=56; precision=0.819, recall=0.678
accuracy: (test=0.978) average_precision: (test=0.812) balanced_accuracy: (test=0.835) f1: (test=0.742) roc_auc: (test=0.952) 3.58min
[fit 45/81] END reg_alpha=0.1, reg_lambda=3; total=3654, TP=118, TN=3456, FP=24, FN=56; precision=0.831, recall=0.678
accuracy: (test=0.978) average_precision: (test=0.806) balanced_accuracy: (test=0.836) f1: (test=0.747) roc_auc: (test=0.953) 3.71min
[fit 46/81] END reg_alpha=0.5, reg_lambda=0; total=3654, TP=120, TN=3453, FP=27, FN=54; precision=0.816, recall=0.690
accuracy: (test=0.978) average_precision: (test=0.812) balanced_accuracy: (test=0.841) f1: (test=0.748) roc_auc: (test=0.957) 3.62min
[fit 47/81] END reg_alpha=0.5, reg_lambda=0.01; total=3654, TP=119, TN=3454, FP=26, FN=55; precision=0.821, recall=0.684
accuracy: (test=0.978) average_precision: (test=0.821) balanced_accuracy: (test=0.838) f1: (test=0.746) roc_auc: (test=0.957) 3.64min
[fit 48/81] END reg_alpha=0.5, reg_lambda=0.02; total=3654, TP=118, TN=3459, FP=21, FN=56; precision=0.849, recall=0.678
accuracy: (test=0.979) average_precision: (test=0.810) balanced_accuracy: (test=0.836) f1: (test=0.754) roc_auc: (test=0.951) 3.61min
[fit 49/81] END reg_alpha=0.5, reg_lambda=0.05; total=3654, TP=116, TN=3451, FP=29, FN=58; precision=0.800, recall=0.667
accuracy: (test=0.976) average_precision: (test=0.803) balanced_accuracy: (test=0.829) f1: (test=0.727) roc_auc: (test=0.949) 3.59min
[fit 50/81] END reg_alpha=0.5, reg_lambda=0.1; total=3654, TP=114, TN=3450, FP=30, FN=60; precision=0.792, recall=0.655
accuracy: (test=0.975) average_precision: (test=0.796) balanced_accuracy: (test=0.823) f1: (test=0.717) roc_auc: (test=0.950) 3.21min
[fit 51/81] END reg_alpha=0.5, reg_lambda=0.5; total=3654, TP=118, TN=3450, FP=30, FN=56; precision=0.797, recall=0.678
accuracy: (test=0.976) average_precision: (test=0.801) balanced_accuracy: (test=0.835) f1: (test=0.733) roc_auc: (test=0.953) 3.08min
[fit 52/81] END reg_alpha=0.5, reg_lambda=1; total=3654, TP=119, TN=3454, FP=26, FN=55; precision=0.821, recall=0.684
accuracy: (test=0.978) average_precision: (test=0.802) balanced_accuracy: (test=0.838) f1: (test=0.746) roc_auc: (test=0.951) 3.13min
[fit 53/81] END reg_alpha=0.5, reg_lambda=2; total=3654, TP=121, TN=3454, FP=26, FN=53; precision=0.823, recall=0.695
accuracy: (test=0.978) average_precision: (test=0.806) balanced_accuracy: (test=0.844) f1: (test=0.754) roc_auc: (test=0.954) 3.20min
[fit 54/81] END reg_alpha=0.5, reg_lambda=3; total=3654, TP=114, TN=3453, FP=27, FN=60; precision=0.809, recall=0.655
accuracy: (test=0.976) average_precision: (test=0.806) balanced_accuracy: (test=0.824) f1: (test=0.724) roc_auc: (test=0.950) 3.26min
[fit 55/81] END reg_alpha=1, reg_lambda=0; total=3654, TP=121, TN=3455, FP=25, FN=53; precision=0.829, recall=0.695
accuracy: (test=0.979) average_precision: (test=0.810) balanced_accuracy: (test=0.844) f1: (test=0.756) roc_auc: (test=0.956) 3.03min
[fit 56/81] END reg_alpha=1, reg_lambda=0.01; total=3654, TP=119, TN=3455, FP=25, FN=55; precision=0.826, recall=0.684
accuracy: (test=0.978) average_precision: (test=0.815) balanced_accuracy: (test=0.838) f1: (test=0.748) roc_auc: (test=0.956) 2.76min
[fit 57/81] END reg_alpha=1, reg_lambda=0.02; total=3654, TP=116, TN=3455, FP=25, FN=58; precision=0.823, recall=0.667
accuracy: (test=0.977) average_precision: (test=0.812) balanced_accuracy: (test=0.830) f1: (test=0.737) roc_auc: (test=0.952) 2.47min
[fit 58/81] END reg_alpha=1, reg_lambda=0.05; total=3654, TP=120, TN=3454, FP=26, FN=54; precision=0.822, recall=0.690
accuracy: (test=0.978) average_precision: (test=0.805) balanced_accuracy: (test=0.841) f1: (test=0.750) roc_auc: (test=0.954) 2.49min
[fit 59/81] END reg_alpha=1, reg_lambda=0.1; total=3654, TP=119, TN=3455, FP=25, FN=55; precision=0.826, recall=0.684
accuracy: (test=0.978) average_precision: (test=0.811) balanced_accuracy: (test=0.838) f1: (test=0.748) roc_auc: (test=0.956) 2.51min
[fit 60/81] END reg_alpha=1, reg_lambda=0.5; total=3654, TP=117, TN=3452, FP=28, FN=57; precision=0.807, recall=0.672
accuracy: (test=0.977) average_precision: (test=0.804) balanced_accuracy: (test=0.832) f1: (test=0.734) roc_auc: (test=0.952) 2.56min
[fit 61/81] END reg_alpha=1, reg_lambda=1; total=3654, TP=120, TN=3453, FP=27, FN=54; precision=0.816, recall=0.690
accuracy: (test=0.978) average_precision: (test=0.813) balanced_accuracy: (test=0.841) f1: (test=0.748) roc_auc: (test=0.955) 2.53min
[fit 62/81] END reg_alpha=1, reg_lambda=2; total=3654, TP=119, TN=3454, FP=26, FN=55; precision=0.821, recall=0.684
accuracy: (test=0.978) average_precision: (test=0.805) balanced_accuracy: (test=0.838) f1: (test=0.746) roc_auc: (test=0.957) 1.99min
[fit 63/81] END reg_alpha=1, reg_lambda=3; total=3654, TP=119, TN=3454, FP=26, FN=55; precision=0.821, recall=0.684
accuracy: (test=0.978) average_precision: (test=0.814) balanced_accuracy: (test=0.838) f1: (test=0.746) roc_auc: (test=0.953) 2.03min
[fit 64/81] END reg_alpha=2, reg_lambda=0; total=3654, TP=119, TN=3452, FP=28, FN=55; precision=0.810, recall=0.684
accuracy: (test=0.977) average_precision: (test=0.795) balanced_accuracy: (test=0.838) f1: (test=0.741) roc_auc: (test=0.945) 1.77min
[fit 65/81] END reg_alpha=2, reg_lambda=0.01; total=3654, TP=121, TN=3455, FP=25, FN=53; precision=0.829, recall=0.695
accuracy: (test=0.979) average_precision: (test=0.805) balanced_accuracy: (test=0.844) f1: (test=0.756) roc_auc: (test=0.951) 1.77min
[fit 66/81] END reg_alpha=2, reg_lambda=0.02; total=3654, TP=120, TN=3450, FP=30, FN=54; precision=0.800, recall=0.690
accuracy: (test=0.977) average_precision: (test=0.801) balanced_accuracy: (test=0.841) f1: (test=0.741) roc_auc: (test=0.950) 1.80min
[fit 67/81] END reg_alpha=2, reg_lambda=0.05; total=3654, TP=121, TN=3450, FP=30, FN=53; precision=0.801, recall=0.695
accuracy: (test=0.977) average_precision: (test=0.806) balanced_accuracy: (test=0.843) f1: (test=0.745) roc_auc: (test=0.949) 1.75min
[fit 68/81] END reg_alpha=2, reg_lambda=0.1; total=3654, TP=120, TN=3444, FP=36, FN=54; precision=0.769, recall=0.690
accuracy: (test=0.975) average_precision: (test=0.805) balanced_accuracy: (test=0.840) f1: (test=0.727) roc_auc: (test=0.950) 1.76min
[fit 69/81] END reg_alpha=2, reg_lambda=0.5; total=3654, TP=121, TN=3451, FP=29, FN=53; precision=0.807, recall=0.695
accuracy: (test=0.978) average_precision: (test=0.812) balanced_accuracy: (test=0.844) f1: (test=0.747) roc_auc: (test=0.953) 1.82min
[fit 70/81] END reg_alpha=2, reg_lambda=1; total=3654, TP=122, TN=3447, FP=33, FN=52; precision=0.787, recall=0.701
accuracy: (test=0.977) average_precision: (test=0.793) balanced_accuracy: (test=0.846) f1: (test=0.742) roc_auc: (test=0.946) 1.87min
[fit 71/81] END reg_alpha=2, reg_lambda=2; total=3654, TP=123, TN=3458, FP=22, FN=51; precision=0.848, recall=0.707
accuracy: (test=0.980) average_precision: (test=0.812) balanced_accuracy: (test=0.850) f1: (test=0.771) roc_auc: (test=0.956) 1.88min
[fit 72/81] END reg_alpha=2, reg_lambda=3; total=3654, TP=117, TN=3452, FP=28, FN=57; precision=0.807, recall=0.672
accuracy: (test=0.977) average_precision: (test=0.802) balanced_accuracy: (test=0.832) f1: (test=0.734) roc_auc: (test=0.952) 1.92min
[fit 73/81] END reg_alpha=3, reg_lambda=0; total=3654, TP=116, TN=3451, FP=29, FN=58; precision=0.800, recall=0.667
accuracy: (test=0.976) average_precision: (test=0.802) balanced_accuracy: (test=0.829) f1: (test=0.727) roc_auc: (test=0.945) 1.73min
[fit 74/81] END reg_alpha=3, reg_lambda=0.01; total=3654, TP=121, TN=3450, FP=30, FN=53; precision=0.801, recall=0.695
accuracy: (test=0.977) average_precision: (test=0.804) balanced_accuracy: (test=0.843) f1: (test=0.745) roc_auc: (test=0.942) 1.75min
[fit 75/81] END reg_alpha=3, reg_lambda=0.02; total=3654, TP=119, TN=3445, FP=35, FN=55; precision=0.773, recall=0.684
accuracy: (test=0.975) average_precision: (test=0.791) balanced_accuracy: (test=0.837) f1: (test=0.726) roc_auc: (test=0.948) 1.73min
[fit 76/81] END reg_alpha=3, reg_lambda=0.05; total=3654, TP=118, TN=3448, FP=32, FN=56; precision=0.787, recall=0.678
accuracy: (test=0.976) average_precision: (test=0.804) balanced_accuracy: (test=0.834) f1: (test=0.728) roc_auc: (test=0.948) 1.69min
[fit 77/81] END reg_alpha=3, reg_lambda=0.1; total=3654, TP=118, TN=3449, FP=31, FN=56; precision=0.792, recall=0.678
accuracy: (test=0.976) average_precision: (test=0.811) balanced_accuracy: (test=0.835) f1: (test=0.731) roc_auc: (test=0.948) 1.70min
[fit 78/81] END reg_alpha=3, reg_lambda=0.5; total=3654, TP=120, TN=3455, FP=25, FN=54; precision=0.828, recall=0.690
accuracy: (test=0.978) average_precision: (test=0.803) balanced_accuracy: (test=0.841) f1: (test=0.752) roc_auc: (test=0.951) 1.76min
[fit 79/81] END reg_alpha=3, reg_lambda=1; total=3654, TP=118, TN=3450, FP=30, FN=56; precision=0.797, recall=0.678
accuracy: (test=0.976) average_precision: (test=0.801) balanced_accuracy: (test=0.835) f1: (test=0.733) roc_auc: (test=0.944) 1.69min
[fit 80/81] END reg_alpha=3, reg_lambda=2; total=3654, TP=121, TN=3451, FP=29, FN=53; precision=0.807, recall=0.695
accuracy: (test=0.978) average_precision: (test=0.810) balanced_accuracy: (test=0.844) f1: (test=0.747) roc_auc: (test=0.946) 1.76min
[fit 81/81] END reg_alpha=3, reg_lambda=3; total=3654, TP=121, TN=3448, FP=32, FN=53; precision=0.791, recall=0.695
accuracy: (test=0.977) average_precision: (test=0.798) balanced_accuracy: (test=0.843) f1: (test=0.740) roc_auc: (test=0.949) 1.81min
clf.best_estimator_params: {'reg_alpha': 0.5, 'reg_lambda': 0}
best params found in line [47] for metric [roc_auc] in rank file
best params found in fit [46] for metric [roc_auc] in run_and_score file
clf.best_scoring_result: [Total: (test=3654) TP: (test=120.000) TN: (test=3453.000) FP: (test=27.000) FN: (test=54.000) precision: (test=0.816) recall: (test=0.690) accuracy: (test=0.978) average_precision: (test=0.812) balanced_accuracy: (test=0.841) f1: (test=0.748) roc_auc: (test=0.957) ]
write rank test to csv!!!
write over!!!
第六次
{'objective': 'binary:logistic', 'use_label_encoder': False, 'base_score': None, 'booster': None, 'colsample_bylevel': None, 'colsample_bynode': None, 'colsample_bytree': 0.8, 'gamma': 0, 'gpu_id': None, 'importance_type': 'gain', 'interaction_constraints': None, 'learning_rate': 0.1, 'max_delta_step': None, 'max_depth': 10, 'min_child_weight': 6, 'missing': nan, 'monotone_constraints': None, 'n_estimators': 2300, 'n_jobs': None, 'num_parallel_tree': None, 'random_state': None, 'reg_alpha': 0.5, 'reg_lambda': 0, 'scale_pos_weight': None, 'subsample': 0.8, 'tree_method': 'gpu_hist', 'validate_parameters': None, 'verbosity': None, 'seed': 0, 'eval_metric': 'logloss'}
Fitting, totalling 9 fits
[fit 1/9] END learning_rate=0.001; total=3654, TP=135, TN=3368, FP=112, FN=39; precision=0.547, recall=0.776
accuracy: (test=0.959) average_precision: (test=0.614) balanced_accuracy: (test=0.872) f1: (test=0.641) roc_auc: (test=0.940) 9.46min
[fit 2/9] END learning_rate=0.01; total=3654, TP=125, TN=3443, FP=37, FN=49; precision=0.772, recall=0.718
accuracy: (test=0.976) average_precision: (test=0.807) balanced_accuracy: (test=0.854) f1: (test=0.744) roc_auc: (test=0.956) 3.98min
[fit 3/9] END learning_rate=0.05; total=3654, TP=120, TN=3454, FP=26, FN=54; precision=0.822, recall=0.690
accuracy: (test=0.978) average_precision: (test=0.812) balanced_accuracy: (test=0.841) f1: (test=0.750) roc_auc: (test=0.953) 1.73min
[fit 4/9] END learning_rate=0.07; total=3654, TP=115, TN=3450, FP=30, FN=59; precision=0.793, recall=0.661
accuracy: (test=0.976) average_precision: (test=0.811) balanced_accuracy: (test=0.826) f1: (test=0.721) roc_auc: (test=0.953) 1.46min
[fit 5/9] END learning_rate=0.1; total=3654, TP=120, TN=3453, FP=27, FN=54; precision=0.816, recall=0.690
accuracy: (test=0.978) average_precision: (test=0.812) balanced_accuracy: (test=0.841) f1: (test=0.748) roc_auc: (test=0.957) 1.26min
[fit 6/9] END learning_rate=0.2; total=3654, TP=119, TN=3454, FP=26, FN=55; precision=0.821, recall=0.684
accuracy: (test=0.978) average_precision: (test=0.800) balanced_accuracy: (test=0.838) f1: (test=0.746) roc_auc: (test=0.954) 51.93s
[fit 7/9] END learning_rate=0.5; total=3654, TP=115, TN=3437, FP=43, FN=59; precision=0.728, recall=0.661
accuracy: (test=0.972) average_precision: (test=0.737) balanced_accuracy: (test=0.824) f1: (test=0.693) roc_auc: (test=0.937) 37.37s
[fit 8/9] END learning_rate=0.75; total=3654, TP=114, TN=3422, FP=58, FN=60; precision=0.663, recall=0.655
accuracy: (test=0.968) average_precision: (test=0.703) balanced_accuracy: (test=0.819) f1: (test=0.659) roc_auc: (test=0.933) 28.76s
[fit 9/9] END learning_rate=1.0; total=3654, TP=116, TN=3410, FP=70, FN=58; precision=0.624, recall=0.667
accuracy: (test=0.965) average_precision: (test=0.640) balanced_accuracy: (test=0.823) f1: (test=0.644) roc_auc: (test=0.933) 28.16s
clf.best_estimator_params: {'learning_rate': 0.1}
best params found in line [6] for metric [roc_auc] in rank file
best params found in fit [5] for metric [roc_auc] in run_and_score file
clf.best_scoring_result: [Total: (test=3654) TP: (test=120.000) TN: (test=3453.000) FP: (test=27.000) FN: (test=54.000) precision: (test=0.816) recall: (test=0.690) accuracy: (test=0.978) average_precision: (test=0.812) balanced_accuracy: (test=0.841) f1: (test=0.748) roc_auc: (test=0.957) ]
write rank test to csv!!!
write over!!!
total time spending: 9h 34m 17s
best_params_result: {'n_estimators': 2300, 'max_depth': 10, 'min_child_weight': 6, 'gamma': 0, 'colsample_bytree': 0.8, 'subsample': 0.8, 'reg_alpha': 0.5, 'reg_lambda': 0, 'learning_rate': 0.1}
