nohup: ignoring input
experiment: HUVEC pseknc_xgboost
trainSet len:[X=54800,y=54800]
testSet len:[X=3192,y=3192]
第一次
{'objective': 'binary:logistic', 'use_label_encoder': False, 'base_score': None, 'booster': None, 'colsample_bylevel': None, 'colsample_bynode': None, 'colsample_bytree': 0.8, 'gamma': 0, 'gpu_id': None, 'importance_type': 'gain', 'interaction_constraints': None, 'learning_rate': 0.1, 'max_delta_step': None, 'max_depth': 5, 'min_child_weight': 1, 'missing': nan, 'monotone_constraints': None, 'n_estimators': 500, 'n_jobs': None, 'num_parallel_tree': None, 'random_state': None, 'reg_alpha': 0, 'reg_lambda': 1, 'scale_pos_weight': None, 'subsample': 0.8, 'tree_method': 'gpu_hist', 'validate_parameters': None, 'verbosity': None, 'seed': 0, 'eval_metric': 'logloss'}
Fitting, totalling 50 fits
[fit 1/50] END n_estimators=50; total=3192, TP=89, TN=2615, FP=425, FN=63; precision=0.173, recall=0.586
accuracy: (test=0.847) average_precision: (test=0.318) balanced_accuracy: (test=0.723) f1: (test=0.267) roc_auc: (test=0.809) 37.99s
[fit 2/50] END n_estimators=100; total=3192, TP=94, TN=2781, FP=259, FN=58; precision=0.266, recall=0.618
accuracy: (test=0.901) average_precision: (test=0.389) balanced_accuracy: (test=0.767) f1: (test=0.372) roc_auc: (test=0.860) 1.68s
[fit 3/50] END n_estimators=150; total=3192, TP=94, TN=2852, FP=188, FN=58; precision=0.333, recall=0.618
accuracy: (test=0.923) average_precision: (test=0.432) balanced_accuracy: (test=0.778) f1: (test=0.433) roc_auc: (test=0.881) 2.16s
[fit 4/50] END n_estimators=200; total=3192, TP=96, TN=2882, FP=158, FN=56; precision=0.378, recall=0.632
accuracy: (test=0.933) average_precision: (test=0.467) balanced_accuracy: (test=0.790) f1: (test=0.473) roc_auc: (test=0.892) 4.26s
[fit 5/50] END n_estimators=250; total=3192, TP=96, TN=2912, FP=128, FN=56; precision=0.429, recall=0.632
accuracy: (test=0.942) average_precision: (test=0.497) balanced_accuracy: (test=0.795) f1: (test=0.511) roc_auc: (test=0.903) 5.68s
[fit 6/50] END n_estimators=300; total=3192, TP=95, TN=2928, FP=112, FN=57; precision=0.459, recall=0.625
accuracy: (test=0.947) average_precision: (test=0.518) balanced_accuracy: (test=0.794) f1: (test=0.529) roc_auc: (test=0.904) 15.70s
[fit 7/50] END n_estimators=350; total=3192, TP=95, TN=2945, FP=95, FN=57; precision=0.500, recall=0.625
accuracy: (test=0.952) average_precision: (test=0.528) balanced_accuracy: (test=0.797) f1: (test=0.556) roc_auc: (test=0.904) 21.09s
[fit 8/50] END n_estimators=400; total=3192, TP=96, TN=2947, FP=93, FN=56; precision=0.508, recall=0.632
accuracy: (test=0.953) average_precision: (test=0.545) balanced_accuracy: (test=0.800) f1: (test=0.563) roc_auc: (test=0.909) 27.86s
[fit 9/50] END n_estimators=450; total=3192, TP=95, TN=2961, FP=79, FN=57; precision=0.546, recall=0.625
accuracy: (test=0.957) average_precision: (test=0.555) balanced_accuracy: (test=0.800) f1: (test=0.583) roc_auc: (test=0.911) 30.43s
[fit 10/50] END n_estimators=500; total=3192, TP=92, TN=2961, FP=79, FN=60; precision=0.538, recall=0.605
accuracy: (test=0.956) average_precision: (test=0.565) balanced_accuracy: (test=0.790) f1: (test=0.570) roc_auc: (test=0.913) 33.89s
[fit 11/50] END n_estimators=550; total=3192, TP=93, TN=2967, FP=73, FN=59; precision=0.560, recall=0.612
accuracy: (test=0.959) average_precision: (test=0.580) balanced_accuracy: (test=0.794) f1: (test=0.585) roc_auc: (test=0.916) 37.12s
[fit 12/50] END n_estimators=600; total=3192, TP=92, TN=2974, FP=66, FN=60; precision=0.582, recall=0.605
accuracy: (test=0.961) average_precision: (test=0.592) balanced_accuracy: (test=0.792) f1: (test=0.594) roc_auc: (test=0.916) 39.79s
[fit 13/50] END n_estimators=650; total=3192, TP=91, TN=2976, FP=64, FN=61; precision=0.587, recall=0.599
accuracy: (test=0.961) average_precision: (test=0.596) balanced_accuracy: (test=0.789) f1: (test=0.593) roc_auc: (test=0.916) 44.45s
[fit 14/50] END n_estimators=700; total=3192, TP=92, TN=2983, FP=57, FN=60; precision=0.617, recall=0.605
accuracy: (test=0.963) average_precision: (test=0.600) balanced_accuracy: (test=0.793) f1: (test=0.611) roc_auc: (test=0.917) 47.19s
[fit 15/50] END n_estimators=750; total=3192, TP=91, TN=2986, FP=54, FN=61; precision=0.628, recall=0.599
accuracy: (test=0.964) average_precision: (test=0.603) balanced_accuracy: (test=0.790) f1: (test=0.613) roc_auc: (test=0.918) 50.40s
[fit 16/50] END n_estimators=800; total=3192, TP=89, TN=2989, FP=51, FN=63; precision=0.636, recall=0.586
accuracy: (test=0.964) average_precision: (test=0.605) balanced_accuracy: (test=0.784) f1: (test=0.610) roc_auc: (test=0.920) 53.02s
[fit 17/50] END n_estimators=850; total=3192, TP=89, TN=2991, FP=49, FN=63; precision=0.645, recall=0.586
accuracy: (test=0.965) average_precision: (test=0.606) balanced_accuracy: (test=0.785) f1: (test=0.614) roc_auc: (test=0.920) 57.07s
[fit 18/50] END n_estimators=900; total=3192, TP=88, TN=2995, FP=45, FN=64; precision=0.662, recall=0.579
accuracy: (test=0.966) average_precision: (test=0.612) balanced_accuracy: (test=0.782) f1: (test=0.618) roc_auc: (test=0.920) 1.02min
[fit 19/50] END n_estimators=950; total=3192, TP=90, TN=2998, FP=42, FN=62; precision=0.682, recall=0.592
accuracy: (test=0.967) average_precision: (test=0.618) balanced_accuracy: (test=0.789) f1: (test=0.634) roc_auc: (test=0.922) 1.06min
[fit 20/50] END n_estimators=1000; total=3192, TP=92, TN=2998, FP=42, FN=60; precision=0.687, recall=0.605
accuracy: (test=0.968) average_precision: (test=0.617) balanced_accuracy: (test=0.796) f1: (test=0.643) roc_auc: (test=0.922) 1.11min
[fit 21/50] END n_estimators=1050; total=3192, TP=92, TN=2997, FP=43, FN=60; precision=0.681, recall=0.605
accuracy: (test=0.968) average_precision: (test=0.617) balanced_accuracy: (test=0.796) f1: (test=0.641) roc_auc: (test=0.921) 1.18min
[fit 22/50] END n_estimators=1100; total=3192, TP=91, TN=3000, FP=40, FN=61; precision=0.695, recall=0.599
accuracy: (test=0.968) average_precision: (test=0.618) balanced_accuracy: (test=0.793) f1: (test=0.643) roc_auc: (test=0.921) 1.23min
[fit 23/50] END n_estimators=1150; total=3192, TP=90, TN=3000, FP=40, FN=62; precision=0.692, recall=0.592
accuracy: (test=0.968) average_precision: (test=0.620) balanced_accuracy: (test=0.789) f1: (test=0.638) roc_auc: (test=0.920) 1.30min
[fit 24/50] END n_estimators=1200; total=3192, TP=89, TN=2999, FP=41, FN=63; precision=0.685, recall=0.586
accuracy: (test=0.967) average_precision: (test=0.623) balanced_accuracy: (test=0.786) f1: (test=0.631) roc_auc: (test=0.919) 1.34min
[fit 25/50] END n_estimators=1250; total=3192, TP=88, TN=3005, FP=35, FN=64; precision=0.715, recall=0.579
accuracy: (test=0.969) average_precision: (test=0.627) balanced_accuracy: (test=0.784) f1: (test=0.640) roc_auc: (test=0.919) 1.40min
[fit 26/50] END n_estimators=1300; total=3192, TP=89, TN=3001, FP=39, FN=63; precision=0.695, recall=0.586
accuracy: (test=0.968) average_precision: (test=0.624) balanced_accuracy: (test=0.786) f1: (test=0.636) roc_auc: (test=0.919) 1.45min
[fit 27/50] END n_estimators=1350; total=3192, TP=89, TN=3002, FP=38, FN=63; precision=0.701, recall=0.586
accuracy: (test=0.968) average_precision: (test=0.625) balanced_accuracy: (test=0.787) f1: (test=0.638) roc_auc: (test=0.920) 1.50min
[fit 28/50] END n_estimators=1400; total=3192, TP=86, TN=3004, FP=36, FN=66; precision=0.705, recall=0.566
accuracy: (test=0.968) average_precision: (test=0.625) balanced_accuracy: (test=0.777) f1: (test=0.628) roc_auc: (test=0.920) 1.55min
[fit 29/50] END n_estimators=1450; total=3192, TP=85, TN=3004, FP=36, FN=67; precision=0.702, recall=0.559
accuracy: (test=0.968) average_precision: (test=0.625) balanced_accuracy: (test=0.774) f1: (test=0.623) roc_auc: (test=0.919) 1.62min
[fit 30/50] END n_estimators=1500; total=3192, TP=84, TN=3005, FP=35, FN=68; precision=0.706, recall=0.553
accuracy: (test=0.968) average_precision: (test=0.626) balanced_accuracy: (test=0.771) f1: (test=0.620) roc_auc: (test=0.921) 1.66min
[fit 31/50] END n_estimators=1550; total=3192, TP=85, TN=3004, FP=36, FN=67; precision=0.702, recall=0.559
accuracy: (test=0.968) average_precision: (test=0.627) balanced_accuracy: (test=0.774) f1: (test=0.623) roc_auc: (test=0.921) 1.72min
[fit 32/50] END n_estimators=1600; total=3192, TP=83, TN=3006, FP=34, FN=69; precision=0.709, recall=0.546
accuracy: (test=0.968) average_precision: (test=0.626) balanced_accuracy: (test=0.767) f1: (test=0.617) roc_auc: (test=0.921) 1.76min
[fit 33/50] END n_estimators=1650; total=3192, TP=84, TN=3007, FP=33, FN=68; precision=0.718, recall=0.553
accuracy: (test=0.968) average_precision: (test=0.629) balanced_accuracy: (test=0.771) f1: (test=0.625) roc_auc: (test=0.921) 1.82min
[fit 34/50] END n_estimators=1700; total=3192, TP=83, TN=3004, FP=36, FN=69; precision=0.697, recall=0.546
accuracy: (test=0.967) average_precision: (test=0.629) balanced_accuracy: (test=0.767) f1: (test=0.613) roc_auc: (test=0.921) 1.88min
[fit 35/50] END n_estimators=1750; total=3192, TP=83, TN=3005, FP=35, FN=69; precision=0.703, recall=0.546
accuracy: (test=0.967) average_precision: (test=0.628) balanced_accuracy: (test=0.767) f1: (test=0.615) roc_auc: (test=0.922) 1.93min
[fit 36/50] END n_estimators=1800; total=3192, TP=82, TN=3004, FP=36, FN=70; precision=0.695, recall=0.539
accuracy: (test=0.967) average_precision: (test=0.629) balanced_accuracy: (test=0.764) f1: (test=0.607) roc_auc: (test=0.923) 1.99min
[fit 37/50] END n_estimators=1850; total=3192, TP=84, TN=3005, FP=35, FN=68; precision=0.706, recall=0.553
accuracy: (test=0.968) average_precision: (test=0.633) balanced_accuracy: (test=0.771) f1: (test=0.620) roc_auc: (test=0.924) 2.04min
[fit 38/50] END n_estimators=1900; total=3192, TP=84, TN=3004, FP=36, FN=68; precision=0.700, recall=0.553
accuracy: (test=0.967) average_precision: (test=0.633) balanced_accuracy: (test=0.770) f1: (test=0.618) roc_auc: (test=0.925) 2.08min
[fit 39/50] END n_estimators=1950; total=3192, TP=84, TN=3004, FP=36, FN=68; precision=0.700, recall=0.553
accuracy: (test=0.967) average_precision: (test=0.633) balanced_accuracy: (test=0.770) f1: (test=0.618) roc_auc: (test=0.925) 2.13min
[fit 40/50] END n_estimators=2000; total=3192, TP=83, TN=3004, FP=36, FN=69; precision=0.697, recall=0.546
accuracy: (test=0.967) average_precision: (test=0.634) balanced_accuracy: (test=0.767) f1: (test=0.613) roc_auc: (test=0.925) 2.18min
[fit 41/50] END n_estimators=2050; total=3192, TP=84, TN=3004, FP=36, FN=68; precision=0.700, recall=0.553
accuracy: (test=0.967) average_precision: (test=0.635) balanced_accuracy: (test=0.770) f1: (test=0.618) roc_auc: (test=0.925) 2.22min
[fit 42/50] END n_estimators=2100; total=3192, TP=84, TN=3005, FP=35, FN=68; precision=0.706, recall=0.553
accuracy: (test=0.968) average_precision: (test=0.635) balanced_accuracy: (test=0.771) f1: (test=0.620) roc_auc: (test=0.925) 2.29min
[fit 43/50] END n_estimators=2150; total=3192, TP=83, TN=3005, FP=35, FN=69; precision=0.703, recall=0.546
accuracy: (test=0.967) average_precision: (test=0.635) balanced_accuracy: (test=0.767) f1: (test=0.615) roc_auc: (test=0.925) 2.34min
[fit 44/50] END n_estimators=2200; total=3192, TP=82, TN=3005, FP=35, FN=70; precision=0.701, recall=0.539
accuracy: (test=0.967) average_precision: (test=0.635) balanced_accuracy: (test=0.764) f1: (test=0.610) roc_auc: (test=0.925) 2.38min
[fit 45/50] END n_estimators=2250; total=3192, TP=81, TN=3006, FP=34, FN=71; precision=0.704, recall=0.533
accuracy: (test=0.967) average_precision: (test=0.636) balanced_accuracy: (test=0.761) f1: (test=0.607) roc_auc: (test=0.925) 2.43min
[fit 46/50] END n_estimators=2300; total=3192, TP=81, TN=3005, FP=35, FN=71; precision=0.698, recall=0.533
accuracy: (test=0.967) average_precision: (test=0.636) balanced_accuracy: (test=0.761) f1: (test=0.604) roc_auc: (test=0.925) 2.50min
[fit 47/50] END n_estimators=2350; total=3192, TP=82, TN=3006, FP=34, FN=70; precision=0.707, recall=0.539
accuracy: (test=0.967) average_precision: (test=0.636) balanced_accuracy: (test=0.764) f1: (test=0.612) roc_auc: (test=0.926) 2.54min
[fit 48/50] END n_estimators=2400; total=3192, TP=82, TN=3007, FP=33, FN=70; precision=0.713, recall=0.539
accuracy: (test=0.968) average_precision: (test=0.636) balanced_accuracy: (test=0.764) f1: (test=0.614) roc_auc: (test=0.925) 2.59min
[fit 49/50] END n_estimators=2450; total=3192, TP=82, TN=3006, FP=34, FN=70; precision=0.707, recall=0.539
accuracy: (test=0.967) average_precision: (test=0.636) balanced_accuracy: (test=0.764) f1: (test=0.612) roc_auc: (test=0.925) 2.63min
[fit 50/50] END n_estimators=2500; total=3192, TP=83, TN=3007, FP=33, FN=69; precision=0.716, recall=0.546
accuracy: (test=0.968) average_precision: (test=0.636) balanced_accuracy: (test=0.768) f1: (test=0.619) roc_auc: (test=0.926) 2.59min
clf.best_estimator_params: {'n_estimators': 2500}
best params found in line [51] for metric [roc_auc] in rank file
best params found in fit [50] for metric [roc_auc] in run_and_score file
clf.best_scoring_result: [Total: (test=3192) TP: (test=83.000) TN: (test=3007.000) FP: (test=33.000) FN: (test=69.000) precision: (test=0.716) recall: (test=0.546) accuracy: (test=0.968) average_precision: (test=0.636) balanced_accuracy: (test=0.768) f1: (test=0.619) roc_auc: (test=0.926) ]
write rank test to csv!!!
write over!!!
第二次
{'objective': 'binary:logistic', 'use_label_encoder': False, 'base_score': None, 'booster': None, 'colsample_bylevel': None, 'colsample_bynode': None, 'colsample_bytree': 0.8, 'gamma': 0, 'gpu_id': None, 'importance_type': 'gain', 'interaction_constraints': None, 'learning_rate': 0.1, 'max_delta_step': None, 'max_depth': 5, 'min_child_weight': 1, 'missing': nan, 'monotone_constraints': None, 'n_estimators': 2500, 'n_jobs': None, 'num_parallel_tree': None, 'random_state': None, 'reg_alpha': 0, 'reg_lambda': 1, 'scale_pos_weight': None, 'subsample': 0.8, 'tree_method': 'gpu_hist', 'validate_parameters': None, 'verbosity': None, 'seed': 0, 'eval_metric': 'logloss'}
Fitting, totalling 54 fits
[fit 1/54] END max_depth=3, min_child_weight=1; total=3192, TP=86, TN=2968, FP=72, FN=66; precision=0.544, recall=0.566
accuracy: (test=0.957) average_precision: (test=0.570) balanced_accuracy: (test=0.771) f1: (test=0.555) roc_auc: (test=0.915) 1.40min
[fit 2/54] END max_depth=3, min_child_weight=2; total=3192, TP=86, TN=2977, FP=63, FN=66; precision=0.577, recall=0.566
accuracy: (test=0.960) average_precision: (test=0.548) balanced_accuracy: (test=0.773) f1: (test=0.571) roc_auc: (test=0.914) 1.39min
[fit 3/54] END max_depth=3, min_child_weight=3; total=3192, TP=87, TN=2957, FP=83, FN=65; precision=0.512, recall=0.572
accuracy: (test=0.954) average_precision: (test=0.552) balanced_accuracy: (test=0.773) f1: (test=0.540) roc_auc: (test=0.912) 1.38min
[fit 4/54] END max_depth=3, min_child_weight=4; total=3192, TP=85, TN=2969, FP=71, FN=67; precision=0.545, recall=0.559
accuracy: (test=0.957) average_precision: (test=0.562) balanced_accuracy: (test=0.768) f1: (test=0.552) roc_auc: (test=0.912) 1.38min
[fit 5/54] END max_depth=3, min_child_weight=5; total=3192, TP=84, TN=2968, FP=72, FN=68; precision=0.538, recall=0.553
accuracy: (test=0.956) average_precision: (test=0.566) balanced_accuracy: (test=0.764) f1: (test=0.545) roc_auc: (test=0.910) 1.39min
[fit 6/54] END max_depth=3, min_child_weight=6; total=3192, TP=85, TN=2971, FP=69, FN=67; precision=0.552, recall=0.559
accuracy: (test=0.957) average_precision: (test=0.549) balanced_accuracy: (test=0.768) f1: (test=0.556) roc_auc: (test=0.909) 1.38min
[fit 7/54] END max_depth=4, min_child_weight=1; total=3192, TP=74, TN=2997, FP=43, FN=78; precision=0.632, recall=0.487
accuracy: (test=0.962) average_precision: (test=0.608) balanced_accuracy: (test=0.736) f1: (test=0.550) roc_auc: (test=0.918) 1.90min
[fit 8/54] END max_depth=4, min_child_weight=2; total=3192, TP=77, TN=2999, FP=41, FN=75; precision=0.653, recall=0.507
accuracy: (test=0.964) average_precision: (test=0.605) balanced_accuracy: (test=0.747) f1: (test=0.570) roc_auc: (test=0.916) 1.88min
[fit 9/54] END max_depth=4, min_child_weight=3; total=3192, TP=79, TN=2994, FP=46, FN=73; precision=0.632, recall=0.520
accuracy: (test=0.963) average_precision: (test=0.595) balanced_accuracy: (test=0.752) f1: (test=0.570) roc_auc: (test=0.915) 1.89min
[fit 10/54] END max_depth=4, min_child_weight=4; total=3192, TP=79, TN=2998, FP=42, FN=73; precision=0.653, recall=0.520
accuracy: (test=0.964) average_precision: (test=0.598) balanced_accuracy: (test=0.753) f1: (test=0.579) roc_auc: (test=0.914) 1.90min
[fit 11/54] END max_depth=4, min_child_weight=5; total=3192, TP=78, TN=2991, FP=49, FN=74; precision=0.614, recall=0.513
accuracy: (test=0.961) average_precision: (test=0.600) balanced_accuracy: (test=0.749) f1: (test=0.559) roc_auc: (test=0.910) 1.88min
[fit 12/54] END max_depth=4, min_child_weight=6; total=3192, TP=80, TN=2996, FP=44, FN=72; precision=0.645, recall=0.526
accuracy: (test=0.964) average_precision: (test=0.603) balanced_accuracy: (test=0.756) f1: (test=0.580) roc_auc: (test=0.917) 1.87min
[fit 13/54] END max_depth=5, min_child_weight=1; total=3192, TP=83, TN=3007, FP=33, FN=69; precision=0.716, recall=0.546
accuracy: (test=0.968) average_precision: (test=0.636) balanced_accuracy: (test=0.768) f1: (test=0.619) roc_auc: (test=0.926) 2.66min
[fit 14/54] END max_depth=5, min_child_weight=2; total=3192, TP=77, TN=3003, FP=37, FN=75; precision=0.675, recall=0.507
accuracy: (test=0.965) average_precision: (test=0.624) balanced_accuracy: (test=0.747) f1: (test=0.579) roc_auc: (test=0.925) 2.57min
[fit 15/54] END max_depth=5, min_child_weight=3; total=3192, TP=77, TN=3001, FP=39, FN=75; precision=0.664, recall=0.507
accuracy: (test=0.964) average_precision: (test=0.613) balanced_accuracy: (test=0.747) f1: (test=0.575) roc_auc: (test=0.924) 2.52min
[fit 16/54] END max_depth=5, min_child_weight=4; total=3192, TP=77, TN=3000, FP=40, FN=75; precision=0.658, recall=0.507
accuracy: (test=0.964) average_precision: (test=0.625) balanced_accuracy: (test=0.747) f1: (test=0.572) roc_auc: (test=0.920) 2.47min
[fit 17/54] END max_depth=5, min_child_weight=5; total=3192, TP=76, TN=3002, FP=38, FN=76; precision=0.667, recall=0.500
accuracy: (test=0.964) average_precision: (test=0.626) balanced_accuracy: (test=0.744) f1: (test=0.571) roc_auc: (test=0.924) 2.44min
[fit 18/54] END max_depth=5, min_child_weight=6; total=3192, TP=80, TN=3000, FP=40, FN=72; precision=0.667, recall=0.526
accuracy: (test=0.965) average_precision: (test=0.631) balanced_accuracy: (test=0.757) f1: (test=0.588) roc_auc: (test=0.923) 2.44min
[fit 19/54] END max_depth=6, min_child_weight=1; total=3192, TP=82, TN=3007, FP=33, FN=70; precision=0.713, recall=0.539
accuracy: (test=0.968) average_precision: (test=0.637) balanced_accuracy: (test=0.764) f1: (test=0.614) roc_auc: (test=0.923) 3.42min
[fit 20/54] END max_depth=6, min_child_weight=2; total=3192, TP=78, TN=3007, FP=33, FN=74; precision=0.703, recall=0.513
accuracy: (test=0.966) average_precision: (test=0.644) balanced_accuracy: (test=0.751) f1: (test=0.593) roc_auc: (test=0.932) 3.18min
[fit 21/54] END max_depth=6, min_child_weight=3; total=3192, TP=79, TN=2997, FP=43, FN=73; precision=0.648, recall=0.520
accuracy: (test=0.964) average_precision: (test=0.622) balanced_accuracy: (test=0.753) f1: (test=0.577) roc_auc: (test=0.924) 3.08min
[fit 22/54] END max_depth=6, min_child_weight=4; total=3192, TP=76, TN=3006, FP=34, FN=76; precision=0.691, recall=0.500
accuracy: (test=0.966) average_precision: (test=0.630) balanced_accuracy: (test=0.744) f1: (test=0.580) roc_auc: (test=0.921) 2.99min
[fit 23/54] END max_depth=6, min_child_weight=5; total=3192, TP=78, TN=3006, FP=34, FN=74; precision=0.696, recall=0.513
accuracy: (test=0.966) average_precision: (test=0.626) balanced_accuracy: (test=0.751) f1: (test=0.591) roc_auc: (test=0.925) 2.95min
[fit 24/54] END max_depth=6, min_child_weight=6; total=3192, TP=79, TN=3000, FP=40, FN=73; precision=0.664, recall=0.520
accuracy: (test=0.965) average_precision: (test=0.625) balanced_accuracy: (test=0.753) f1: (test=0.583) roc_auc: (test=0.920) 2.91min
[fit 25/54] END max_depth=7, min_child_weight=1; total=3192, TP=76, TN=3010, FP=30, FN=76; precision=0.717, recall=0.500
accuracy: (test=0.967) average_precision: (test=0.629) balanced_accuracy: (test=0.745) f1: (test=0.589) roc_auc: (test=0.924) 3.91min
[fit 26/54] END max_depth=7, min_child_weight=2; total=3192, TP=72, TN=3008, FP=32, FN=80; precision=0.692, recall=0.474
accuracy: (test=0.965) average_precision: (test=0.626) balanced_accuracy: (test=0.732) f1: (test=0.562) roc_auc: (test=0.921) 3.63min
[fit 27/54] END max_depth=7, min_child_weight=3; total=3192, TP=79, TN=3004, FP=36, FN=73; precision=0.687, recall=0.520
accuracy: (test=0.966) average_precision: (test=0.630) balanced_accuracy: (test=0.754) f1: (test=0.592) roc_auc: (test=0.919) 3.48min
[fit 28/54] END max_depth=7, min_child_weight=4; total=3192, TP=81, TN=3007, FP=33, FN=71; precision=0.711, recall=0.533
accuracy: (test=0.967) average_precision: (test=0.628) balanced_accuracy: (test=0.761) f1: (test=0.609) roc_auc: (test=0.924) 3.37min
[fit 29/54] END max_depth=7, min_child_weight=5; total=3192, TP=79, TN=3009, FP=31, FN=73; precision=0.718, recall=0.520
accuracy: (test=0.967) average_precision: (test=0.630) balanced_accuracy: (test=0.755) f1: (test=0.603) roc_auc: (test=0.923) 3.30min
[fit 30/54] END max_depth=7, min_child_weight=6; total=3192, TP=75, TN=3003, FP=37, FN=77; precision=0.670, recall=0.493
accuracy: (test=0.964) average_precision: (test=0.619) balanced_accuracy: (test=0.741) f1: (test=0.568) roc_auc: (test=0.924) 3.26min
[fit 31/54] END max_depth=8, min_child_weight=1; total=3192, TP=74, TN=3011, FP=29, FN=78; precision=0.718, recall=0.487
accuracy: (test=0.966) average_precision: (test=0.640) balanced_accuracy: (test=0.739) f1: (test=0.580) roc_auc: (test=0.926) 4.31min
[fit 32/54] END max_depth=8, min_child_weight=2; total=3192, TP=69, TN=3008, FP=32, FN=83; precision=0.683, recall=0.454
accuracy: (test=0.964) average_precision: (test=0.620) balanced_accuracy: (test=0.722) f1: (test=0.545) roc_auc: (test=0.923) 3.89min
[fit 33/54] END max_depth=8, min_child_weight=3; total=3192, TP=73, TN=3011, FP=29, FN=79; precision=0.716, recall=0.480
accuracy: (test=0.966) average_precision: (test=0.611) balanced_accuracy: (test=0.735) f1: (test=0.575) roc_auc: (test=0.908) 3.72min
[fit 34/54] END max_depth=8, min_child_weight=4; total=3192, TP=80, TN=2999, FP=41, FN=72; precision=0.661, recall=0.526
accuracy: (test=0.965) average_precision: (test=0.630) balanced_accuracy: (test=0.756) f1: (test=0.586) roc_auc: (test=0.922) 3.58min
[fit 35/54] END max_depth=8, min_child_weight=5; total=3192, TP=75, TN=3000, FP=40, FN=77; precision=0.652, recall=0.493
accuracy: (test=0.963) average_precision: (test=0.631) balanced_accuracy: (test=0.740) f1: (test=0.562) roc_auc: (test=0.926) 3.49min
[fit 36/54] END max_depth=8, min_child_weight=6; total=3192, TP=77, TN=3002, FP=38, FN=75; precision=0.670, recall=0.507
accuracy: (test=0.965) average_precision: (test=0.620) balanced_accuracy: (test=0.747) f1: (test=0.577) roc_auc: (test=0.915) 3.46min
[fit 37/54] END max_depth=9, min_child_weight=1; total=3192, TP=73, TN=3012, FP=28, FN=79; precision=0.723, recall=0.480
accuracy: (test=0.966) average_precision: (test=0.628) balanced_accuracy: (test=0.736) f1: (test=0.577) roc_auc: (test=0.926) 4.64min
[fit 38/54] END max_depth=9, min_child_weight=2; total=3192, TP=72, TN=3009, FP=31, FN=80; precision=0.699, recall=0.474
accuracy: (test=0.965) average_precision: (test=0.624) balanced_accuracy: (test=0.732) f1: (test=0.565) roc_auc: (test=0.922) 4.17min
[fit 39/54] END max_depth=9, min_child_weight=3; total=3192, TP=73, TN=3007, FP=33, FN=79; precision=0.689, recall=0.480
accuracy: (test=0.965) average_precision: (test=0.620) balanced_accuracy: (test=0.735) f1: (test=0.566) roc_auc: (test=0.917) 3.94min
[fit 40/54] END max_depth=9, min_child_weight=4; total=3192, TP=74, TN=3012, FP=28, FN=78; precision=0.725, recall=0.487
accuracy: (test=0.967) average_precision: (test=0.630) balanced_accuracy: (test=0.739) f1: (test=0.583) roc_auc: (test=0.925) 3.77min
[fit 41/54] END max_depth=9, min_child_weight=5; total=3192, TP=73, TN=3007, FP=33, FN=79; precision=0.689, recall=0.480
accuracy: (test=0.965) average_precision: (test=0.614) balanced_accuracy: (test=0.735) f1: (test=0.566) roc_auc: (test=0.923) 3.62min
[fit 42/54] END max_depth=9, min_child_weight=6; total=3192, TP=76, TN=3006, FP=34, FN=76; precision=0.691, recall=0.500
accuracy: (test=0.966) average_precision: (test=0.622) balanced_accuracy: (test=0.744) f1: (test=0.580) roc_auc: (test=0.915) 3.56min
[fit 43/54] END max_depth=10, min_child_weight=1; total=3192, TP=74, TN=3012, FP=28, FN=78; precision=0.725, recall=0.487
accuracy: (test=0.967) average_precision: (test=0.636) balanced_accuracy: (test=0.739) f1: (test=0.583) roc_auc: (test=0.921) 4.90min
[fit 44/54] END max_depth=10, min_child_weight=2; total=3192, TP=75, TN=3007, FP=33, FN=77; precision=0.694, recall=0.493
accuracy: (test=0.966) average_precision: (test=0.622) balanced_accuracy: (test=0.741) f1: (test=0.577) roc_auc: (test=0.925) 4.37min
[fit 45/54] END max_depth=10, min_child_weight=3; total=3192, TP=77, TN=3007, FP=33, FN=75; precision=0.700, recall=0.507
accuracy: (test=0.966) average_precision: (test=0.628) balanced_accuracy: (test=0.748) f1: (test=0.588) roc_auc: (test=0.928) 4.12min
[fit 46/54] END max_depth=10, min_child_weight=4; total=3192, TP=73, TN=3006, FP=34, FN=79; precision=0.682, recall=0.480
accuracy: (test=0.965) average_precision: (test=0.605) balanced_accuracy: (test=0.735) f1: (test=0.564) roc_auc: (test=0.914) 3.92min
[fit 47/54] END max_depth=10, min_child_weight=5; total=3192, TP=75, TN=3000, FP=40, FN=77; precision=0.652, recall=0.493
accuracy: (test=0.963) average_precision: (test=0.616) balanced_accuracy: (test=0.740) f1: (test=0.562) roc_auc: (test=0.918) 3.81min
[fit 48/54] END max_depth=10, min_child_weight=6; total=3192, TP=71, TN=3003, FP=37, FN=81; precision=0.657, recall=0.467
accuracy: (test=0.963) average_precision: (test=0.615) balanced_accuracy: (test=0.727) f1: (test=0.546) roc_auc: (test=0.911) 3.71min
[fit 49/54] END max_depth=12, min_child_weight=1; total=3192, TP=71, TN=3010, FP=30, FN=81; precision=0.703, recall=0.467
accuracy: (test=0.965) average_precision: (test=0.622) balanced_accuracy: (test=0.729) f1: (test=0.561) roc_auc: (test=0.919) 5.42min
[fit 50/54] END max_depth=12, min_child_weight=2; total=3192, TP=73, TN=3016, FP=24, FN=79; precision=0.753, recall=0.480
accuracy: (test=0.968) average_precision: (test=0.623) balanced_accuracy: (test=0.736) f1: (test=0.586) roc_auc: (test=0.918) 4.69min
[fit 51/54] END max_depth=12, min_child_weight=3; total=3192, TP=72, TN=3006, FP=34, FN=80; precision=0.679, recall=0.474
accuracy: (test=0.964) average_precision: (test=0.614) balanced_accuracy: (test=0.731) f1: (test=0.558) roc_auc: (test=0.925) 4.37min
[fit 52/54] END max_depth=12, min_child_weight=4; total=3192, TP=73, TN=3008, FP=32, FN=79; precision=0.695, recall=0.480
accuracy: (test=0.965) average_precision: (test=0.618) balanced_accuracy: (test=0.735) f1: (test=0.568) roc_auc: (test=0.921) 4.18min
[fit 53/54] END max_depth=12, min_child_weight=5; total=3192, TP=74, TN=3004, FP=36, FN=78; precision=0.673, recall=0.487
accuracy: (test=0.964) average_precision: (test=0.626) balanced_accuracy: (test=0.738) f1: (test=0.565) roc_auc: (test=0.916) 3.99min
[fit 54/54] END max_depth=12, min_child_weight=6; total=3192, TP=73, TN=3007, FP=33, FN=79; precision=0.689, recall=0.480
accuracy: (test=0.965) average_precision: (test=0.610) balanced_accuracy: (test=0.735) f1: (test=0.566) roc_auc: (test=0.925) 3.96min
clf.best_estimator_params: {'max_depth': 6, 'min_child_weight': 2}
best params found in line [21] for metric [roc_auc] in rank file
best params found in fit [20] for metric [roc_auc] in run_and_score file
clf.best_scoring_result: [Total: (test=3192) TP: (test=78.000) TN: (test=3007.000) FP: (test=33.000) FN: (test=74.000) precision: (test=0.703) recall: (test=0.513) accuracy: (test=0.966) average_precision: (test=0.644) balanced_accuracy: (test=0.751) f1: (test=0.593) roc_auc: (test=0.932) ]
write rank test to csv!!!
write over!!!
第三次
{'objective': 'binary:logistic', 'use_label_encoder': False, 'base_score': None, 'booster': None, 'colsample_bylevel': None, 'colsample_bynode': None, 'colsample_bytree': 0.8, 'gamma': 0, 'gpu_id': None, 'importance_type': 'gain', 'interaction_constraints': None, 'learning_rate': 0.1, 'max_delta_step': None, 'max_depth': 6, 'min_child_weight': 2, 'missing': nan, 'monotone_constraints': None, 'n_estimators': 2500, 'n_jobs': None, 'num_parallel_tree': None, 'random_state': None, 'reg_alpha': 0, 'reg_lambda': 1, 'scale_pos_weight': None, 'subsample': 0.8, 'tree_method': 'gpu_hist', 'validate_parameters': None, 'verbosity': None, 'seed': 0, 'eval_metric': 'logloss'}
Fitting, totalling 7 fits
[fit 1/7] END gamma=0; total=3192, TP=78, TN=3007, FP=33, FN=74; precision=0.703, recall=0.513
accuracy: (test=0.966) average_precision: (test=0.644) balanced_accuracy: (test=0.751) f1: (test=0.593) roc_auc: (test=0.932) 3.24min
[fit 2/7] END gamma=0.1; total=3192, TP=79, TN=3003, FP=37, FN=73; precision=0.681, recall=0.520
accuracy: (test=0.966) average_precision: (test=0.630) balanced_accuracy: (test=0.754) f1: (test=0.590) roc_auc: (test=0.923) 2.33min
[fit 3/7] END gamma=0.2; total=3192, TP=77, TN=3003, FP=37, FN=75; precision=0.675, recall=0.507
accuracy: (test=0.965) average_precision: (test=0.614) balanced_accuracy: (test=0.747) f1: (test=0.579) roc_auc: (test=0.926) 2.05min
[fit 4/7] END gamma=0.3; total=3192, TP=75, TN=2999, FP=41, FN=77; precision=0.647, recall=0.493
accuracy: (test=0.963) average_precision: (test=0.612) balanced_accuracy: (test=0.740) f1: (test=0.560) roc_auc: (test=0.923) 1.96min
[fit 5/7] END gamma=0.4; total=3192, TP=74, TN=2996, FP=44, FN=78; precision=0.627, recall=0.487
accuracy: (test=0.962) average_precision: (test=0.607) balanced_accuracy: (test=0.736) f1: (test=0.548) roc_auc: (test=0.921) 1.88min
[fit 6/7] END gamma=0.5; total=3192, TP=79, TN=2997, FP=43, FN=73; precision=0.648, recall=0.520
accuracy: (test=0.964) average_precision: (test=0.617) balanced_accuracy: (test=0.753) f1: (test=0.577) roc_auc: (test=0.921) 1.79min
[fit 7/7] END gamma=0.6; total=3192, TP=79, TN=2997, FP=43, FN=73; precision=0.648, recall=0.520
accuracy: (test=0.964) average_precision: (test=0.596) balanced_accuracy: (test=0.753) f1: (test=0.577) roc_auc: (test=0.916) 1.78min
clf.best_estimator_params: {'gamma': 0}
best params found in line [2] for metric [roc_auc] in rank file
best params found in fit [1] for metric [roc_auc] in run_and_score file
clf.best_scoring_result: [Total: (test=3192) TP: (test=78.000) TN: (test=3007.000) FP: (test=33.000) FN: (test=74.000) precision: (test=0.703) recall: (test=0.513) accuracy: (test=0.966) average_precision: (test=0.644) balanced_accuracy: (test=0.751) f1: (test=0.593) roc_auc: (test=0.932) ]
write rank test to csv!!!
write over!!!
第四次
{'objective': 'binary:logistic', 'use_label_encoder': False, 'base_score': None, 'booster': None, 'colsample_bylevel': None, 'colsample_bynode': None, 'colsample_bytree': 0.8, 'gamma': 0, 'gpu_id': None, 'importance_type': 'gain', 'interaction_constraints': None, 'learning_rate': 0.1, 'max_delta_step': None, 'max_depth': 6, 'min_child_weight': 2, 'missing': nan, 'monotone_constraints': None, 'n_estimators': 2500, 'n_jobs': None, 'num_parallel_tree': None, 'random_state': None, 'reg_alpha': 0, 'reg_lambda': 1, 'scale_pos_weight': None, 'subsample': 0.8, 'tree_method': 'gpu_hist', 'validate_parameters': None, 'verbosity': None, 'seed': 0, 'eval_metric': 'logloss'}
Fitting, totalling 16 fits
[fit 1/16] END colsample_bytree=0.6, subsample=0.6; total=3192, TP=73, TN=3008, FP=32, FN=79; precision=0.695, recall=0.480
accuracy: (test=0.965) average_precision: (test=0.623) balanced_accuracy: (test=0.735) f1: (test=0.568) roc_auc: (test=0.922) 3.21min
[fit 2/16] END colsample_bytree=0.6, subsample=0.7; total=3192, TP=76, TN=3005, FP=35, FN=76; precision=0.685, recall=0.500
accuracy: (test=0.965) average_precision: (test=0.625) balanced_accuracy: (test=0.744) f1: (test=0.578) roc_auc: (test=0.922) 3.20min
[fit 3/16] END colsample_bytree=0.6, subsample=0.8; total=3192, TP=76, TN=3007, FP=33, FN=76; precision=0.697, recall=0.500
accuracy: (test=0.966) average_precision: (test=0.630) balanced_accuracy: (test=0.745) f1: (test=0.582) roc_auc: (test=0.927) 3.22min
[fit 4/16] END colsample_bytree=0.6, subsample=0.9; total=3192, TP=72, TN=3011, FP=29, FN=80; precision=0.713, recall=0.474
accuracy: (test=0.966) average_precision: (test=0.628) balanced_accuracy: (test=0.732) f1: (test=0.569) roc_auc: (test=0.926) 3.23min
[fit 5/16] END colsample_bytree=0.7, subsample=0.6; total=3192, TP=76, TN=3005, FP=35, FN=76; precision=0.685, recall=0.500
accuracy: (test=0.965) average_precision: (test=0.628) balanced_accuracy: (test=0.744) f1: (test=0.578) roc_auc: (test=0.927) 3.17min
[fit 6/16] END colsample_bytree=0.7, subsample=0.7; total=3192, TP=77, TN=3008, FP=32, FN=75; precision=0.706, recall=0.507
accuracy: (test=0.966) average_precision: (test=0.636) balanced_accuracy: (test=0.748) f1: (test=0.590) roc_auc: (test=0.922) 3.18min
[fit 7/16] END colsample_bytree=0.7, subsample=0.8; total=3192, TP=76, TN=3003, FP=37, FN=76; precision=0.673, recall=0.500
accuracy: (test=0.965) average_precision: (test=0.623) balanced_accuracy: (test=0.744) f1: (test=0.574) roc_auc: (test=0.918) 3.23min
[fit 8/16] END colsample_bytree=0.7, subsample=0.9; total=3192, TP=75, TN=3008, FP=32, FN=77; precision=0.701, recall=0.493
accuracy: (test=0.966) average_precision: (test=0.630) balanced_accuracy: (test=0.741) f1: (test=0.579) roc_auc: (test=0.928) 3.22min
[fit 9/16] END colsample_bytree=0.8, subsample=0.6; total=3192, TP=75, TN=3004, FP=36, FN=77; precision=0.676, recall=0.493
accuracy: (test=0.965) average_precision: (test=0.631) balanced_accuracy: (test=0.741) f1: (test=0.570) roc_auc: (test=0.928) 3.16min
[fit 10/16] END colsample_bytree=0.8, subsample=0.7; total=3192, TP=77, TN=3000, FP=40, FN=75; precision=0.658, recall=0.507
accuracy: (test=0.964) average_precision: (test=0.628) balanced_accuracy: (test=0.747) f1: (test=0.572) roc_auc: (test=0.923) 3.19min
[fit 11/16] END colsample_bytree=0.8, subsample=0.8; total=3192, TP=78, TN=3007, FP=33, FN=74; precision=0.703, recall=0.513
accuracy: (test=0.966) average_precision: (test=0.644) balanced_accuracy: (test=0.751) f1: (test=0.593) roc_auc: (test=0.932) 3.24min
[fit 12/16] END colsample_bytree=0.8, subsample=0.9; total=3192, TP=71, TN=3010, FP=30, FN=81; precision=0.703, recall=0.467
accuracy: (test=0.965) average_precision: (test=0.630) balanced_accuracy: (test=0.729) f1: (test=0.561) roc_auc: (test=0.923) 3.25min
[fit 13/16] END colsample_bytree=0.9, subsample=0.6; total=3192, TP=74, TN=3002, FP=38, FN=78; precision=0.661, recall=0.487
accuracy: (test=0.964) average_precision: (test=0.629) balanced_accuracy: (test=0.737) f1: (test=0.561) roc_auc: (test=0.932) 3.23min
[fit 14/16] END colsample_bytree=0.9, subsample=0.7; total=3192, TP=71, TN=3009, FP=31, FN=81; precision=0.696, recall=0.467
accuracy: (test=0.965) average_precision: (test=0.629) balanced_accuracy: (test=0.728) f1: (test=0.559) roc_auc: (test=0.923) 3.21min
[fit 15/16] END colsample_bytree=0.9, subsample=0.8; total=3192, TP=72, TN=3009, FP=31, FN=80; precision=0.699, recall=0.474
accuracy: (test=0.965) average_precision: (test=0.631) balanced_accuracy: (test=0.732) f1: (test=0.565) roc_auc: (test=0.918) 3.26min
[fit 16/16] END colsample_bytree=0.9, subsample=0.9; total=3192, TP=76, TN=3007, FP=33, FN=76; precision=0.697, recall=0.500
accuracy: (test=0.966) average_precision: (test=0.632) balanced_accuracy: (test=0.745) f1: (test=0.582) roc_auc: (test=0.925) 3.29min
clf.best_estimator_params: {'colsample_bytree': 0.8, 'subsample': 0.8}
best params found in line [12] for metric [roc_auc] in rank file
best params found in fit [11] for metric [roc_auc] in run_and_score file
clf.best_scoring_result: [Total: (test=3192) TP: (test=78.000) TN: (test=3007.000) FP: (test=33.000) FN: (test=74.000) precision: (test=0.703) recall: (test=0.513) accuracy: (test=0.966) average_precision: (test=0.644) balanced_accuracy: (test=0.751) f1: (test=0.593) roc_auc: (test=0.932) ]
write rank test to csv!!!
write over!!!
第五次
{'objective': 'binary:logistic', 'use_label_encoder': False, 'base_score': None, 'booster': None, 'colsample_bylevel': None, 'colsample_bynode': None, 'colsample_bytree': 0.8, 'gamma': 0, 'gpu_id': None, 'importance_type': 'gain', 'interaction_constraints': None, 'learning_rate': 0.1, 'max_delta_step': None, 'max_depth': 6, 'min_child_weight': 2, 'missing': nan, 'monotone_constraints': None, 'n_estimators': 2500, 'n_jobs': None, 'num_parallel_tree': None, 'random_state': None, 'reg_alpha': 0, 'reg_lambda': 1, 'scale_pos_weight': None, 'subsample': 0.8, 'tree_method': 'gpu_hist', 'validate_parameters': None, 'verbosity': None, 'seed': 0, 'eval_metric': 'logloss'}
Fitting, totalling 81 fits
[fit 1/81] END reg_alpha=0, reg_lambda=0; total=3192, TP=77, TN=3007, FP=33, FN=75; precision=0.700, recall=0.507
accuracy: (test=0.966) average_precision: (test=0.623) balanced_accuracy: (test=0.748) f1: (test=0.588) roc_auc: (test=0.920) 3.08min
[fit 2/81] END reg_alpha=0, reg_lambda=0.01; total=3192, TP=75, TN=3007, FP=33, FN=77; precision=0.694, recall=0.493
accuracy: (test=0.966) average_precision: (test=0.617) balanced_accuracy: (test=0.741) f1: (test=0.577) roc_auc: (test=0.922) 3.08min
[fit 3/81] END reg_alpha=0, reg_lambda=0.02; total=3192, TP=77, TN=3005, FP=35, FN=75; precision=0.688, recall=0.507
accuracy: (test=0.966) average_precision: (test=0.629) balanced_accuracy: (test=0.748) f1: (test=0.583) roc_auc: (test=0.925) 3.11min
[fit 4/81] END reg_alpha=0, reg_lambda=0.05; total=3192, TP=77, TN=3004, FP=36, FN=75; precision=0.681, recall=0.507
accuracy: (test=0.965) average_precision: (test=0.624) balanced_accuracy: (test=0.747) f1: (test=0.581) roc_auc: (test=0.925) 3.12min
[fit 5/81] END reg_alpha=0, reg_lambda=0.1; total=3192, TP=72, TN=3004, FP=36, FN=80; precision=0.667, recall=0.474
accuracy: (test=0.964) average_precision: (test=0.624) balanced_accuracy: (test=0.731) f1: (test=0.554) roc_auc: (test=0.926) 3.12min
[fit 6/81] END reg_alpha=0, reg_lambda=0.5; total=3192, TP=76, TN=3004, FP=36, FN=76; precision=0.679, recall=0.500
accuracy: (test=0.965) average_precision: (test=0.631) balanced_accuracy: (test=0.744) f1: (test=0.576) roc_auc: (test=0.929) 3.20min
[fit 7/81] END reg_alpha=0, reg_lambda=1; total=3192, TP=78, TN=3007, FP=33, FN=74; precision=0.703, recall=0.513
accuracy: (test=0.966) average_precision: (test=0.644) balanced_accuracy: (test=0.751) f1: (test=0.593) roc_auc: (test=0.932) 3.31min
[fit 8/81] END reg_alpha=0, reg_lambda=2; total=3192, TP=75, TN=3007, FP=33, FN=77; precision=0.694, recall=0.493
accuracy: (test=0.966) average_precision: (test=0.636) balanced_accuracy: (test=0.741) f1: (test=0.577) roc_auc: (test=0.929) 3.43min
[fit 9/81] END reg_alpha=0, reg_lambda=3; total=3192, TP=75, TN=3001, FP=39, FN=77; precision=0.658, recall=0.493
accuracy: (test=0.964) average_precision: (test=0.638) balanced_accuracy: (test=0.740) f1: (test=0.564) roc_auc: (test=0.927) 3.48min
[fit 10/81] END reg_alpha=0.01, reg_lambda=0; total=3192, TP=80, TN=3006, FP=34, FN=72; precision=0.702, recall=0.526
accuracy: (test=0.967) average_precision: (test=0.623) balanced_accuracy: (test=0.758) f1: (test=0.602) roc_auc: (test=0.920) 3.09min
[fit 11/81] END reg_alpha=0.01, reg_lambda=0.01; total=3192, TP=75, TN=3005, FP=35, FN=77; precision=0.682, recall=0.493
accuracy: (test=0.965) average_precision: (test=0.626) balanced_accuracy: (test=0.741) f1: (test=0.573) roc_auc: (test=0.922) 3.10min
[fit 12/81] END reg_alpha=0.01, reg_lambda=0.02; total=3192, TP=77, TN=3004, FP=36, FN=75; precision=0.681, recall=0.507
accuracy: (test=0.965) average_precision: (test=0.620) balanced_accuracy: (test=0.747) f1: (test=0.581) roc_auc: (test=0.920) 3.12min
[fit 13/81] END reg_alpha=0.01, reg_lambda=0.05; total=3192, TP=78, TN=3007, FP=33, FN=74; precision=0.703, recall=0.513
accuracy: (test=0.966) average_precision: (test=0.619) balanced_accuracy: (test=0.751) f1: (test=0.593) roc_auc: (test=0.923) 3.09min
[fit 14/81] END reg_alpha=0.01, reg_lambda=0.1; total=3192, TP=77, TN=3008, FP=32, FN=75; precision=0.706, recall=0.507
accuracy: (test=0.966) average_precision: (test=0.629) balanced_accuracy: (test=0.748) f1: (test=0.590) roc_auc: (test=0.921) 3.11min
[fit 15/81] END reg_alpha=0.01, reg_lambda=0.5; total=3192, TP=78, TN=3006, FP=34, FN=74; precision=0.696, recall=0.513
accuracy: (test=0.966) average_precision: (test=0.628) balanced_accuracy: (test=0.751) f1: (test=0.591) roc_auc: (test=0.928) 3.20min
[fit 16/81] END reg_alpha=0.01, reg_lambda=1; total=3192, TP=75, TN=3006, FP=34, FN=77; precision=0.688, recall=0.493
accuracy: (test=0.965) average_precision: (test=0.626) balanced_accuracy: (test=0.741) f1: (test=0.575) roc_auc: (test=0.926) 3.31min
[fit 17/81] END reg_alpha=0.01, reg_lambda=2; total=3192, TP=77, TN=3002, FP=38, FN=75; precision=0.670, recall=0.507
accuracy: (test=0.965) average_precision: (test=0.629) balanced_accuracy: (test=0.747) f1: (test=0.577) roc_auc: (test=0.927) 3.40min
[fit 18/81] END reg_alpha=0.01, reg_lambda=3; total=3192, TP=77, TN=3004, FP=36, FN=75; precision=0.681, recall=0.507
accuracy: (test=0.965) average_precision: (test=0.629) balanced_accuracy: (test=0.747) f1: (test=0.581) roc_auc: (test=0.922) 3.50min
[fit 19/81] END reg_alpha=0.02, reg_lambda=0; total=3192, TP=75, TN=3003, FP=37, FN=77; precision=0.670, recall=0.493
accuracy: (test=0.964) average_precision: (test=0.624) balanced_accuracy: (test=0.741) f1: (test=0.568) roc_auc: (test=0.923) 3.13min
[fit 20/81] END reg_alpha=0.02, reg_lambda=0.01; total=3192, TP=76, TN=3004, FP=36, FN=76; precision=0.679, recall=0.500
accuracy: (test=0.965) average_precision: (test=0.620) balanced_accuracy: (test=0.744) f1: (test=0.576) roc_auc: (test=0.920) 3.16min
[fit 21/81] END reg_alpha=0.02, reg_lambda=0.02; total=3192, TP=76, TN=3006, FP=34, FN=76; precision=0.691, recall=0.500
accuracy: (test=0.966) average_precision: (test=0.627) balanced_accuracy: (test=0.744) f1: (test=0.580) roc_auc: (test=0.928) 3.12min
[fit 22/81] END reg_alpha=0.02, reg_lambda=0.05; total=3192, TP=75, TN=3006, FP=34, FN=77; precision=0.688, recall=0.493
accuracy: (test=0.965) average_precision: (test=0.621) balanced_accuracy: (test=0.741) f1: (test=0.575) roc_auc: (test=0.925) 3.15min
[fit 23/81] END reg_alpha=0.02, reg_lambda=0.1; total=3192, TP=75, TN=3004, FP=36, FN=77; precision=0.676, recall=0.493
accuracy: (test=0.965) average_precision: (test=0.624) balanced_accuracy: (test=0.741) f1: (test=0.570) roc_auc: (test=0.924) 3.18min
[fit 24/81] END reg_alpha=0.02, reg_lambda=0.5; total=3192, TP=76, TN=3004, FP=36, FN=76; precision=0.679, recall=0.500
accuracy: (test=0.965) average_precision: (test=0.622) balanced_accuracy: (test=0.744) f1: (test=0.576) roc_auc: (test=0.924) 3.25min
[fit 25/81] END reg_alpha=0.02, reg_lambda=1; total=3192, TP=74, TN=3005, FP=35, FN=78; precision=0.679, recall=0.487
accuracy: (test=0.965) average_precision: (test=0.620) balanced_accuracy: (test=0.738) f1: (test=0.567) roc_auc: (test=0.928) 3.32min
[fit 26/81] END reg_alpha=0.02, reg_lambda=2; total=3192, TP=73, TN=3007, FP=33, FN=79; precision=0.689, recall=0.480
accuracy: (test=0.965) average_precision: (test=0.628) balanced_accuracy: (test=0.735) f1: (test=0.566) roc_auc: (test=0.927) 3.45min
[fit 27/81] END reg_alpha=0.02, reg_lambda=3; total=3192, TP=77, TN=3006, FP=34, FN=75; precision=0.694, recall=0.507
accuracy: (test=0.966) average_precision: (test=0.636) balanced_accuracy: (test=0.748) f1: (test=0.586) roc_auc: (test=0.921) 3.58min
[fit 28/81] END reg_alpha=0.05, reg_lambda=0; total=3192, TP=76, TN=3009, FP=31, FN=76; precision=0.710, recall=0.500
accuracy: (test=0.966) average_precision: (test=0.622) balanced_accuracy: (test=0.745) f1: (test=0.587) roc_auc: (test=0.923) 3.21min
[fit 29/81] END reg_alpha=0.05, reg_lambda=0.01; total=3192, TP=78, TN=3003, FP=37, FN=74; precision=0.678, recall=0.513
accuracy: (test=0.965) average_precision: (test=0.632) balanced_accuracy: (test=0.750) f1: (test=0.584) roc_auc: (test=0.924) 3.19min
[fit 30/81] END reg_alpha=0.05, reg_lambda=0.02; total=3192, TP=76, TN=3004, FP=36, FN=76; precision=0.679, recall=0.500
accuracy: (test=0.965) average_precision: (test=0.629) balanced_accuracy: (test=0.744) f1: (test=0.576) roc_auc: (test=0.924) 3.21min
[fit 31/81] END reg_alpha=0.05, reg_lambda=0.05; total=3192, TP=78, TN=3004, FP=36, FN=74; precision=0.684, recall=0.513
accuracy: (test=0.966) average_precision: (test=0.630) balanced_accuracy: (test=0.751) f1: (test=0.586) roc_auc: (test=0.927) 3.21min
[fit 32/81] END reg_alpha=0.05, reg_lambda=0.1; total=3192, TP=77, TN=3005, FP=35, FN=75; precision=0.688, recall=0.507
accuracy: (test=0.966) average_precision: (test=0.612) balanced_accuracy: (test=0.748) f1: (test=0.583) roc_auc: (test=0.917) 3.24min
[fit 33/81] END reg_alpha=0.05, reg_lambda=0.5; total=3192, TP=77, TN=3005, FP=35, FN=75; precision=0.688, recall=0.507
accuracy: (test=0.966) average_precision: (test=0.629) balanced_accuracy: (test=0.748) f1: (test=0.583) roc_auc: (test=0.924) 3.29min
[fit 34/81] END reg_alpha=0.05, reg_lambda=1; total=3192, TP=72, TN=3009, FP=31, FN=80; precision=0.699, recall=0.474
accuracy: (test=0.965) average_precision: (test=0.626) balanced_accuracy: (test=0.732) f1: (test=0.565) roc_auc: (test=0.924) 3.40min
[fit 35/81] END reg_alpha=0.05, reg_lambda=2; total=3192, TP=75, TN=3005, FP=35, FN=77; precision=0.682, recall=0.493
accuracy: (test=0.965) average_precision: (test=0.634) balanced_accuracy: (test=0.741) f1: (test=0.573) roc_auc: (test=0.925) 3.47min
[fit 36/81] END reg_alpha=0.05, reg_lambda=3; total=3192, TP=79, TN=3009, FP=31, FN=73; precision=0.718, recall=0.520
accuracy: (test=0.967) average_precision: (test=0.625) balanced_accuracy: (test=0.755) f1: (test=0.603) roc_auc: (test=0.927) 3.57min
[fit 37/81] END reg_alpha=0.1, reg_lambda=0; total=3192, TP=74, TN=3011, FP=29, FN=78; precision=0.718, recall=0.487
accuracy: (test=0.966) average_precision: (test=0.615) balanced_accuracy: (test=0.739) f1: (test=0.580) roc_auc: (test=0.921) 3.23min
[fit 38/81] END reg_alpha=0.1, reg_lambda=0.01; total=3192, TP=78, TN=3002, FP=38, FN=74; precision=0.672, recall=0.513
accuracy: (test=0.965) average_precision: (test=0.629) balanced_accuracy: (test=0.750) f1: (test=0.582) roc_auc: (test=0.916) 3.24min
[fit 39/81] END reg_alpha=0.1, reg_lambda=0.02; total=3192, TP=77, TN=3003, FP=37, FN=75; precision=0.675, recall=0.507
accuracy: (test=0.965) average_precision: (test=0.640) balanced_accuracy: (test=0.747) f1: (test=0.579) roc_auc: (test=0.923) 3.25min
[fit 40/81] END reg_alpha=0.1, reg_lambda=0.05; total=3192, TP=75, TN=3004, FP=36, FN=77; precision=0.676, recall=0.493
accuracy: (test=0.965) average_precision: (test=0.627) balanced_accuracy: (test=0.741) f1: (test=0.570) roc_auc: (test=0.920) 3.29min
[fit 41/81] END reg_alpha=0.1, reg_lambda=0.1; total=3192, TP=75, TN=3002, FP=38, FN=77; precision=0.664, recall=0.493
accuracy: (test=0.964) average_precision: (test=0.633) balanced_accuracy: (test=0.740) f1: (test=0.566) roc_auc: (test=0.926) 3.24min
[fit 42/81] END reg_alpha=0.1, reg_lambda=0.5; total=3192, TP=78, TN=3005, FP=35, FN=74; precision=0.690, recall=0.513
accuracy: (test=0.966) average_precision: (test=0.634) balanced_accuracy: (test=0.751) f1: (test=0.589) roc_auc: (test=0.921) 3.35min
[fit 43/81] END reg_alpha=0.1, reg_lambda=1; total=3192, TP=77, TN=3004, FP=36, FN=75; precision=0.681, recall=0.507
accuracy: (test=0.965) average_precision: (test=0.629) balanced_accuracy: (test=0.747) f1: (test=0.581) roc_auc: (test=0.928) 3.44min
[fit 44/81] END reg_alpha=0.1, reg_lambda=2; total=3192, TP=77, TN=3006, FP=34, FN=75; precision=0.694, recall=0.507
accuracy: (test=0.966) average_precision: (test=0.632) balanced_accuracy: (test=0.748) f1: (test=0.586) roc_auc: (test=0.925) 3.57min
[fit 45/81] END reg_alpha=0.1, reg_lambda=3; total=3192, TP=76, TN=3008, FP=32, FN=76; precision=0.704, recall=0.500
accuracy: (test=0.966) average_precision: (test=0.627) balanced_accuracy: (test=0.745) f1: (test=0.585) roc_auc: (test=0.927) 3.61min
[fit 46/81] END reg_alpha=0.5, reg_lambda=0; total=3192, TP=76, TN=3005, FP=35, FN=76; precision=0.685, recall=0.500
accuracy: (test=0.965) average_precision: (test=0.634) balanced_accuracy: (test=0.744) f1: (test=0.578) roc_auc: (test=0.922) 3.39min
[fit 47/81] END reg_alpha=0.5, reg_lambda=0.01; total=3192, TP=78, TN=3008, FP=32, FN=74; precision=0.709, recall=0.513
accuracy: (test=0.967) average_precision: (test=0.636) balanced_accuracy: (test=0.751) f1: (test=0.595) roc_auc: (test=0.927) 3.37min
[fit 48/81] END reg_alpha=0.5, reg_lambda=0.02; total=3192, TP=74, TN=3000, FP=40, FN=78; precision=0.649, recall=0.487
accuracy: (test=0.963) average_precision: (test=0.624) balanced_accuracy: (test=0.737) f1: (test=0.556) roc_auc: (test=0.920) 3.39min
[fit 49/81] END reg_alpha=0.5, reg_lambda=0.05; total=3192, TP=73, TN=3008, FP=32, FN=79; precision=0.695, recall=0.480
accuracy: (test=0.965) average_precision: (test=0.624) balanced_accuracy: (test=0.735) f1: (test=0.568) roc_auc: (test=0.920) 3.40min
[fit 50/81] END reg_alpha=0.5, reg_lambda=0.1; total=3192, TP=79, TN=3002, FP=38, FN=73; precision=0.675, recall=0.520
accuracy: (test=0.965) average_precision: (test=0.626) balanced_accuracy: (test=0.754) f1: (test=0.587) roc_auc: (test=0.917) 3.00min
[fit 51/81] END reg_alpha=0.5, reg_lambda=0.5; total=3192, TP=78, TN=3009, FP=31, FN=74; precision=0.716, recall=0.513
accuracy: (test=0.967) average_precision: (test=0.627) balanced_accuracy: (test=0.751) f1: (test=0.598) roc_auc: (test=0.924) 2.92min
[fit 52/81] END reg_alpha=0.5, reg_lambda=1; total=3192, TP=76, TN=3003, FP=37, FN=76; precision=0.673, recall=0.500
accuracy: (test=0.965) average_precision: (test=0.623) balanced_accuracy: (test=0.744) f1: (test=0.574) roc_auc: (test=0.917) 3.00min
[fit 53/81] END reg_alpha=0.5, reg_lambda=2; total=3192, TP=81, TN=3003, FP=37, FN=71; precision=0.686, recall=0.533
accuracy: (test=0.966) average_precision: (test=0.623) balanced_accuracy: (test=0.760) f1: (test=0.600) roc_auc: (test=0.925) 3.13min
[fit 54/81] END reg_alpha=0.5, reg_lambda=3; total=3192, TP=80, TN=3005, FP=35, FN=72; precision=0.696, recall=0.526
accuracy: (test=0.966) average_precision: (test=0.628) balanced_accuracy: (test=0.757) f1: (test=0.599) roc_auc: (test=0.924) 3.17min
[fit 55/81] END reg_alpha=1, reg_lambda=0; total=3192, TP=79, TN=3007, FP=33, FN=73; precision=0.705, recall=0.520
accuracy: (test=0.967) average_precision: (test=0.628) balanced_accuracy: (test=0.754) f1: (test=0.598) roc_auc: (test=0.923) 2.52min
[fit 56/81] END reg_alpha=1, reg_lambda=0.01; total=3192, TP=77, TN=3004, FP=36, FN=75; precision=0.681, recall=0.507
accuracy: (test=0.965) average_precision: (test=0.633) balanced_accuracy: (test=0.747) f1: (test=0.581) roc_auc: (test=0.924) 2.53min
[fit 57/81] END reg_alpha=1, reg_lambda=0.02; total=3192, TP=81, TN=3005, FP=35, FN=71; precision=0.698, recall=0.533
accuracy: (test=0.967) average_precision: (test=0.617) balanced_accuracy: (test=0.761) f1: (test=0.604) roc_auc: (test=0.908) 2.08min
[fit 58/81] END reg_alpha=1, reg_lambda=0.05; total=3192, TP=77, TN=3009, FP=31, FN=75; precision=0.713, recall=0.507
accuracy: (test=0.967) average_precision: (test=0.637) balanced_accuracy: (test=0.748) f1: (test=0.592) roc_auc: (test=0.920) 2.05min
[fit 59/81] END reg_alpha=1, reg_lambda=0.1; total=3192, TP=79, TN=3009, FP=31, FN=73; precision=0.718, recall=0.520
accuracy: (test=0.967) average_precision: (test=0.632) balanced_accuracy: (test=0.755) f1: (test=0.603) roc_auc: (test=0.924) 2.11min
[fit 60/81] END reg_alpha=1, reg_lambda=0.5; total=3192, TP=78, TN=3005, FP=35, FN=74; precision=0.690, recall=0.513
accuracy: (test=0.966) average_precision: (test=0.630) balanced_accuracy: (test=0.751) f1: (test=0.589) roc_auc: (test=0.922) 2.17min
[fit 61/81] END reg_alpha=1, reg_lambda=1; total=3192, TP=77, TN=3008, FP=32, FN=75; precision=0.706, recall=0.507
accuracy: (test=0.966) average_precision: (test=0.630) balanced_accuracy: (test=0.748) f1: (test=0.590) roc_auc: (test=0.925) 2.18min
[fit 62/81] END reg_alpha=1, reg_lambda=2; total=3192, TP=79, TN=3003, FP=37, FN=73; precision=0.681, recall=0.520
accuracy: (test=0.966) average_precision: (test=0.631) balanced_accuracy: (test=0.754) f1: (test=0.590) roc_auc: (test=0.923) 2.30min
[fit 63/81] END reg_alpha=1, reg_lambda=3; total=3192, TP=79, TN=3004, FP=36, FN=73; precision=0.687, recall=0.520
accuracy: (test=0.966) average_precision: (test=0.624) balanced_accuracy: (test=0.754) f1: (test=0.592) roc_auc: (test=0.919) 1.96min
[fit 64/81] END reg_alpha=2, reg_lambda=0; total=3192, TP=78, TN=3004, FP=36, FN=74; precision=0.684, recall=0.513
accuracy: (test=0.966) average_precision: (test=0.627) balanced_accuracy: (test=0.751) f1: (test=0.586) roc_auc: (test=0.919) 1.48min
[fit 65/81] END reg_alpha=2, reg_lambda=0.01; total=3192, TP=81, TN=3003, FP=37, FN=71; precision=0.686, recall=0.533
accuracy: (test=0.966) average_precision: (test=0.625) balanced_accuracy: (test=0.760) f1: (test=0.600) roc_auc: (test=0.928) 1.44min
[fit 66/81] END reg_alpha=2, reg_lambda=0.02; total=3192, TP=76, TN=3004, FP=36, FN=76; precision=0.679, recall=0.500
accuracy: (test=0.965) average_precision: (test=0.615) balanced_accuracy: (test=0.744) f1: (test=0.576) roc_auc: (test=0.922) 1.45min
[fit 67/81] END reg_alpha=2, reg_lambda=0.05; total=3192, TP=83, TN=3004, FP=36, FN=69; precision=0.697, recall=0.546
accuracy: (test=0.967) average_precision: (test=0.621) balanced_accuracy: (test=0.767) f1: (test=0.613) roc_auc: (test=0.923) 1.47min
[fit 68/81] END reg_alpha=2, reg_lambda=0.1; total=3192, TP=82, TN=2999, FP=41, FN=70; precision=0.667, recall=0.539
accuracy: (test=0.965) average_precision: (test=0.627) balanced_accuracy: (test=0.763) f1: (test=0.596) roc_auc: (test=0.918) 1.41min
[fit 69/81] END reg_alpha=2, reg_lambda=0.5; total=3192, TP=79, TN=3001, FP=39, FN=73; precision=0.669, recall=0.520
accuracy: (test=0.965) average_precision: (test=0.620) balanced_accuracy: (test=0.753) f1: (test=0.585) roc_auc: (test=0.914) 1.49min
[fit 70/81] END reg_alpha=2, reg_lambda=1; total=3192, TP=76, TN=3003, FP=37, FN=76; precision=0.673, recall=0.500
accuracy: (test=0.965) average_precision: (test=0.623) balanced_accuracy: (test=0.744) f1: (test=0.574) roc_auc: (test=0.919) 1.49min
[fit 71/81] END reg_alpha=2, reg_lambda=2; total=3192, TP=78, TN=2997, FP=43, FN=74; precision=0.645, recall=0.513
accuracy: (test=0.963) average_precision: (test=0.617) balanced_accuracy: (test=0.750) f1: (test=0.571) roc_auc: (test=0.921) 1.54min
[fit 72/81] END reg_alpha=2, reg_lambda=3; total=3192, TP=76, TN=2998, FP=42, FN=76; precision=0.644, recall=0.500
accuracy: (test=0.963) average_precision: (test=0.623) balanced_accuracy: (test=0.743) f1: (test=0.563) roc_auc: (test=0.924) 1.62min
[fit 73/81] END reg_alpha=3, reg_lambda=0; total=3192, TP=76, TN=3000, FP=40, FN=76; precision=0.655, recall=0.500
accuracy: (test=0.964) average_precision: (test=0.611) balanced_accuracy: (test=0.743) f1: (test=0.567) roc_auc: (test=0.920) 1.37min
[fit 74/81] END reg_alpha=3, reg_lambda=0.01; total=3192, TP=81, TN=3003, FP=37, FN=71; precision=0.686, recall=0.533
accuracy: (test=0.966) average_precision: (test=0.611) balanced_accuracy: (test=0.760) f1: (test=0.600) roc_auc: (test=0.913) 1.37min
[fit 75/81] END reg_alpha=3, reg_lambda=0.02; total=3192, TP=79, TN=2998, FP=42, FN=73; precision=0.653, recall=0.520
accuracy: (test=0.964) average_precision: (test=0.616) balanced_accuracy: (test=0.753) f1: (test=0.579) roc_auc: (test=0.921) 1.43min
[fit 76/81] END reg_alpha=3, reg_lambda=0.05; total=3192, TP=80, TN=3004, FP=36, FN=72; precision=0.690, recall=0.526
accuracy: (test=0.966) average_precision: (test=0.618) balanced_accuracy: (test=0.757) f1: (test=0.597) roc_auc: (test=0.922) 1.37min
[fit 77/81] END reg_alpha=3, reg_lambda=0.1; total=3192, TP=83, TN=2996, FP=44, FN=69; precision=0.654, recall=0.546
accuracy: (test=0.965) average_precision: (test=0.613) balanced_accuracy: (test=0.766) f1: (test=0.595) roc_auc: (test=0.917) 1.42min
[fit 78/81] END reg_alpha=3, reg_lambda=0.5; total=3192, TP=79, TN=3000, FP=40, FN=73; precision=0.664, recall=0.520
accuracy: (test=0.965) average_precision: (test=0.626) balanced_accuracy: (test=0.753) f1: (test=0.583) roc_auc: (test=0.925) 1.37min
[fit 79/81] END reg_alpha=3, reg_lambda=1; total=3192, TP=77, TN=3002, FP=38, FN=75; precision=0.670, recall=0.507
accuracy: (test=0.965) average_precision: (test=0.615) balanced_accuracy: (test=0.747) f1: (test=0.577) roc_auc: (test=0.920) 1.43min
[fit 80/81] END reg_alpha=3, reg_lambda=2; total=3192, TP=80, TN=2998, FP=42, FN=72; precision=0.656, recall=0.526
accuracy: (test=0.964) average_precision: (test=0.612) balanced_accuracy: (test=0.756) f1: (test=0.584) roc_auc: (test=0.918) 1.47min
[fit 81/81] END reg_alpha=3, reg_lambda=3; total=3192, TP=76, TN=3002, FP=38, FN=76; precision=0.667, recall=0.500
accuracy: (test=0.964) average_precision: (test=0.615) balanced_accuracy: (test=0.744) f1: (test=0.571) roc_auc: (test=0.919) 1.44min
clf.best_estimator_params: {'reg_alpha': 0, 'reg_lambda': 1}
best params found in line [8] for metric [roc_auc] in rank file
best params found in fit [7] for metric [roc_auc] in run_and_score file
clf.best_scoring_result: [Total: (test=3192) TP: (test=78.000) TN: (test=3007.000) FP: (test=33.000) FN: (test=74.000) precision: (test=0.703) recall: (test=0.513) accuracy: (test=0.966) average_precision: (test=0.644) balanced_accuracy: (test=0.751) f1: (test=0.593) roc_auc: (test=0.932) ]
write rank test to csv!!!
write over!!!
第六次
{'objective': 'binary:logistic', 'use_label_encoder': False, 'base_score': None, 'booster': None, 'colsample_bylevel': None, 'colsample_bynode': None, 'colsample_bytree': 0.8, 'gamma': 0, 'gpu_id': None, 'importance_type': 'gain', 'interaction_constraints': None, 'learning_rate': 0.1, 'max_delta_step': None, 'max_depth': 6, 'min_child_weight': 2, 'missing': nan, 'monotone_constraints': None, 'n_estimators': 2500, 'n_jobs': None, 'num_parallel_tree': None, 'random_state': None, 'reg_alpha': 0, 'reg_lambda': 1, 'scale_pos_weight': None, 'subsample': 0.8, 'tree_method': 'gpu_hist', 'validate_parameters': None, 'verbosity': None, 'seed': 0, 'eval_metric': 'logloss'}
Fitting, totalling 9 fits
[fit 1/9] END learning_rate=0.001; total=3192, TP=81, TN=2686, FP=354, FN=71; precision=0.186, recall=0.533
accuracy: (test=0.867) average_precision: (test=0.335) balanced_accuracy: (test=0.708) f1: (test=0.276) roc_auc: (test=0.811) 2.52min
[fit 2/9] END learning_rate=0.01; total=3192, TP=93, TN=2971, FP=69, FN=59; precision=0.574, recall=0.612
accuracy: (test=0.960) average_precision: (test=0.561) balanced_accuracy: (test=0.795) f1: (test=0.592) roc_auc: (test=0.916) 2.31min
[fit 3/9] END learning_rate=0.05; total=3192, TP=75, TN=3009, FP=31, FN=77; precision=0.708, recall=0.493
accuracy: (test=0.966) average_precision: (test=0.638) balanced_accuracy: (test=0.742) f1: (test=0.581) roc_auc: (test=0.928) 2.00min
[fit 4/9] END learning_rate=0.07; total=3192, TP=76, TN=3005, FP=35, FN=76; precision=0.685, recall=0.500
accuracy: (test=0.965) average_precision: (test=0.630) balanced_accuracy: (test=0.744) f1: (test=0.578) roc_auc: (test=0.924) 1.83min
[fit 5/9] END learning_rate=0.1; total=3192, TP=78, TN=3007, FP=33, FN=74; precision=0.703, recall=0.513
accuracy: (test=0.966) average_precision: (test=0.644) balanced_accuracy: (test=0.751) f1: (test=0.593) roc_auc: (test=0.932) 1.61min
[fit 6/9] END learning_rate=0.2; total=3192, TP=76, TN=3004, FP=36, FN=76; precision=0.679, recall=0.500
accuracy: (test=0.965) average_precision: (test=0.619) balanced_accuracy: (test=0.744) f1: (test=0.576) roc_auc: (test=0.914) 1.31min
[fit 7/9] END learning_rate=0.5; total=3192, TP=81, TN=2999, FP=41, FN=71; precision=0.664, recall=0.533
accuracy: (test=0.965) average_precision: (test=0.593) balanced_accuracy: (test=0.760) f1: (test=0.591) roc_auc: (test=0.894) 56.01s
[fit 8/9] END learning_rate=0.75; total=3192, TP=78, TN=2988, FP=52, FN=74; precision=0.600, recall=0.513
accuracy: (test=0.961) average_precision: (test=0.549) balanced_accuracy: (test=0.748) f1: (test=0.553) roc_auc: (test=0.906) 52.48s
[fit 9/9] END learning_rate=1.0; total=3192, TP=76, TN=2975, FP=65, FN=76; precision=0.539, recall=0.500
accuracy: (test=0.956) average_precision: (test=0.509) balanced_accuracy: (test=0.739) f1: (test=0.519) roc_auc: (test=0.897) 44.93s
clf.best_estimator_params: {'learning_rate': 0.1}
best params found in line [6] for metric [roc_auc] in rank file
best params found in fit [5] for metric [roc_auc] in run_and_score file
clf.best_scoring_result: [Total: (test=3192) TP: (test=78.000) TN: (test=3007.000) FP: (test=33.000) FN: (test=74.000) precision: (test=0.703) recall: (test=0.513) accuracy: (test=0.966) average_precision: (test=0.644) balanced_accuracy: (test=0.751) f1: (test=0.593) roc_auc: (test=0.932) ]
write rank test to csv!!!
write over!!!
total time spending: 9h 20m 2s
best_params_result: {'n_estimators': 2500, 'max_depth': 6, 'min_child_weight': 2, 'gamma': 0, 'colsample_bytree': 0.8, 'subsample': 0.8, 'reg_alpha': 0, 'reg_lambda': 1, 'learning_rate': 0.1}
