nohup: ignoring input
experiment: IMR90 pseknc_xgboost
trainSet len:[X=45080,y=45080]
testSet len:[X=2625,y=2625]
第一次
{'objective': 'binary:logistic', 'use_label_encoder': False, 'base_score': None, 'booster': None, 'colsample_bylevel': None, 'colsample_bynode': None, 'colsample_bytree': 0.8, 'gamma': 0, 'gpu_id': None, 'importance_type': 'gain', 'interaction_constraints': None, 'learning_rate': 0.1, 'max_delta_step': None, 'max_depth': 5, 'min_child_weight': 1, 'missing': nan, 'monotone_constraints': None, 'n_estimators': 500, 'n_jobs': None, 'num_parallel_tree': None, 'random_state': None, 'reg_alpha': 0, 'reg_lambda': 1, 'scale_pos_weight': None, 'subsample': 0.8, 'tree_method': 'gpu_hist', 'validate_parameters': None, 'verbosity': None, 'seed': 0, 'eval_metric': 'logloss'}
Fitting, totalling 50 fits
[fit 1/50] END n_estimators=50; total=2625, TP=82, TN=2255, FP=245, FN=43; precision=0.251, recall=0.656
accuracy: (test=0.890) average_precision: (test=0.337) balanced_accuracy: (test=0.779) f1: (test=0.363) roc_auc: (test=0.856) 2.48s
[fit 2/50] END n_estimators=100; total=2625, TP=82, TN=2337, FP=163, FN=43; precision=0.335, recall=0.656
accuracy: (test=0.922) average_precision: (test=0.426) balanced_accuracy: (test=0.795) f1: (test=0.443) roc_auc: (test=0.890) 2.23s
[fit 3/50] END n_estimators=150; total=2625, TP=83, TN=2378, FP=122, FN=42; precision=0.405, recall=0.664
accuracy: (test=0.938) average_precision: (test=0.509) balanced_accuracy: (test=0.808) f1: (test=0.503) roc_auc: (test=0.902) 3.66s
[fit 4/50] END n_estimators=200; total=2625, TP=80, TN=2398, FP=102, FN=45; precision=0.440, recall=0.640
accuracy: (test=0.944) average_precision: (test=0.584) balanced_accuracy: (test=0.800) f1: (test=0.521) roc_auc: (test=0.908) 7.39s
[fit 5/50] END n_estimators=250; total=2625, TP=77, TN=2419, FP=81, FN=48; precision=0.487, recall=0.616
accuracy: (test=0.951) average_precision: (test=0.621) balanced_accuracy: (test=0.792) f1: (test=0.544) roc_auc: (test=0.913) 12.47s
[fit 6/50] END n_estimators=300; total=2625, TP=75, TN=2435, FP=65, FN=50; precision=0.536, recall=0.600
accuracy: (test=0.956) average_precision: (test=0.642) balanced_accuracy: (test=0.787) f1: (test=0.566) roc_auc: (test=0.914) 18.16s
[fit 7/50] END n_estimators=350; total=2625, TP=78, TN=2441, FP=59, FN=47; precision=0.569, recall=0.624
accuracy: (test=0.960) average_precision: (test=0.661) balanced_accuracy: (test=0.800) f1: (test=0.595) roc_auc: (test=0.914) 21.11s
[fit 8/50] END n_estimators=400; total=2625, TP=76, TN=2444, FP=56, FN=49; precision=0.576, recall=0.608
accuracy: (test=0.960) average_precision: (test=0.667) balanced_accuracy: (test=0.793) f1: (test=0.591) roc_auc: (test=0.912) 25.89s
[fit 9/50] END n_estimators=450; total=2625, TP=76, TN=2458, FP=42, FN=49; precision=0.644, recall=0.608
accuracy: (test=0.965) average_precision: (test=0.678) balanced_accuracy: (test=0.796) f1: (test=0.626) roc_auc: (test=0.915) 29.11s
[fit 10/50] END n_estimators=500; total=2625, TP=74, TN=2464, FP=36, FN=51; precision=0.673, recall=0.592
accuracy: (test=0.967) average_precision: (test=0.687) balanced_accuracy: (test=0.789) f1: (test=0.630) roc_auc: (test=0.916) 32.30s
[fit 11/50] END n_estimators=550; total=2625, TP=72, TN=2466, FP=34, FN=53; precision=0.679, recall=0.576
accuracy: (test=0.967) average_precision: (test=0.699) balanced_accuracy: (test=0.781) f1: (test=0.623) roc_auc: (test=0.919) 35.88s
[fit 12/50] END n_estimators=600; total=2625, TP=73, TN=2469, FP=31, FN=52; precision=0.702, recall=0.584
accuracy: (test=0.968) average_precision: (test=0.700) balanced_accuracy: (test=0.786) f1: (test=0.638) roc_auc: (test=0.918) 38.58s
[fit 13/50] END n_estimators=650; total=2625, TP=72, TN=2475, FP=25, FN=53; precision=0.742, recall=0.576
accuracy: (test=0.970) average_precision: (test=0.702) balanced_accuracy: (test=0.783) f1: (test=0.649) roc_auc: (test=0.920) 41.73s
[fit 14/50] END n_estimators=700; total=2625, TP=72, TN=2477, FP=23, FN=53; precision=0.758, recall=0.576
accuracy: (test=0.971) average_precision: (test=0.705) balanced_accuracy: (test=0.783) f1: (test=0.655) roc_auc: (test=0.921) 45.40s
[fit 15/50] END n_estimators=750; total=2625, TP=72, TN=2480, FP=20, FN=53; precision=0.783, recall=0.576
accuracy: (test=0.972) average_precision: (test=0.706) balanced_accuracy: (test=0.784) f1: (test=0.664) roc_auc: (test=0.923) 47.91s
[fit 16/50] END n_estimators=800; total=2625, TP=71, TN=2482, FP=18, FN=54; precision=0.798, recall=0.568
accuracy: (test=0.973) average_precision: (test=0.708) balanced_accuracy: (test=0.780) f1: (test=0.664) roc_auc: (test=0.922) 50.91s
[fit 17/50] END n_estimators=850; total=2625, TP=71, TN=2483, FP=17, FN=54; precision=0.807, recall=0.568
accuracy: (test=0.973) average_precision: (test=0.706) balanced_accuracy: (test=0.781) f1: (test=0.667) roc_auc: (test=0.923) 53.14s
[fit 18/50] END n_estimators=900; total=2625, TP=70, TN=2484, FP=16, FN=55; precision=0.814, recall=0.560
accuracy: (test=0.973) average_precision: (test=0.711) balanced_accuracy: (test=0.777) f1: (test=0.664) roc_auc: (test=0.925) 58.08s
[fit 19/50] END n_estimators=950; total=2625, TP=69, TN=2485, FP=15, FN=56; precision=0.821, recall=0.552
accuracy: (test=0.973) average_precision: (test=0.712) balanced_accuracy: (test=0.773) f1: (test=0.660) roc_auc: (test=0.924) 1.01min
[fit 20/50] END n_estimators=1000; total=2625, TP=70, TN=2485, FP=15, FN=55; precision=0.824, recall=0.560
accuracy: (test=0.973) average_precision: (test=0.714) balanced_accuracy: (test=0.777) f1: (test=0.667) roc_auc: (test=0.924) 1.07min
[fit 21/50] END n_estimators=1050; total=2625, TP=70, TN=2486, FP=14, FN=55; precision=0.833, recall=0.560
accuracy: (test=0.974) average_precision: (test=0.713) balanced_accuracy: (test=0.777) f1: (test=0.670) roc_auc: (test=0.924) 1.12min
[fit 22/50] END n_estimators=1100; total=2625, TP=69, TN=2486, FP=14, FN=56; precision=0.831, recall=0.552
accuracy: (test=0.973) average_precision: (test=0.714) balanced_accuracy: (test=0.773) f1: (test=0.663) roc_auc: (test=0.925) 1.16min
[fit 23/50] END n_estimators=1150; total=2625, TP=69, TN=2486, FP=14, FN=56; precision=0.831, recall=0.552
accuracy: (test=0.973) average_precision: (test=0.715) balanced_accuracy: (test=0.773) f1: (test=0.663) roc_auc: (test=0.924) 1.21min
[fit 24/50] END n_estimators=1200; total=2625, TP=69, TN=2485, FP=15, FN=56; precision=0.821, recall=0.552
accuracy: (test=0.973) average_precision: (test=0.716) balanced_accuracy: (test=0.773) f1: (test=0.660) roc_auc: (test=0.924) 1.26min
[fit 25/50] END n_estimators=1250; total=2625, TP=70, TN=2485, FP=15, FN=55; precision=0.824, recall=0.560
accuracy: (test=0.973) average_precision: (test=0.718) balanced_accuracy: (test=0.777) f1: (test=0.667) roc_auc: (test=0.923) 1.33min
[fit 26/50] END n_estimators=1300; total=2625, TP=70, TN=2486, FP=14, FN=55; precision=0.833, recall=0.560
accuracy: (test=0.974) average_precision: (test=0.720) balanced_accuracy: (test=0.777) f1: (test=0.670) roc_auc: (test=0.924) 1.37min
[fit 27/50] END n_estimators=1350; total=2625, TP=70, TN=2487, FP=13, FN=55; precision=0.843, recall=0.560
accuracy: (test=0.974) average_precision: (test=0.718) balanced_accuracy: (test=0.777) f1: (test=0.673) roc_auc: (test=0.925) 1.41min
[fit 28/50] END n_estimators=1400; total=2625, TP=70, TN=2487, FP=13, FN=55; precision=0.843, recall=0.560
accuracy: (test=0.974) average_precision: (test=0.719) balanced_accuracy: (test=0.777) f1: (test=0.673) roc_auc: (test=0.925) 1.46min
[fit 29/50] END n_estimators=1450; total=2625, TP=69, TN=2486, FP=14, FN=56; precision=0.831, recall=0.552
accuracy: (test=0.973) average_precision: (test=0.718) balanced_accuracy: (test=0.773) f1: (test=0.663) roc_auc: (test=0.925) 1.52min
[fit 30/50] END n_estimators=1500; total=2625, TP=70, TN=2486, FP=14, FN=55; precision=0.833, recall=0.560
accuracy: (test=0.974) average_precision: (test=0.719) balanced_accuracy: (test=0.777) f1: (test=0.670) roc_auc: (test=0.924) 1.55min
[fit 31/50] END n_estimators=1550; total=2625, TP=70, TN=2485, FP=15, FN=55; precision=0.824, recall=0.560
accuracy: (test=0.973) average_precision: (test=0.719) balanced_accuracy: (test=0.777) f1: (test=0.667) roc_auc: (test=0.924) 1.61min
[fit 32/50] END n_estimators=1600; total=2625, TP=70, TN=2487, FP=13, FN=55; precision=0.843, recall=0.560
accuracy: (test=0.974) average_precision: (test=0.718) balanced_accuracy: (test=0.777) f1: (test=0.673) roc_auc: (test=0.924) 1.64min
[fit 33/50] END n_estimators=1650; total=2625, TP=70, TN=2486, FP=14, FN=55; precision=0.833, recall=0.560
accuracy: (test=0.974) average_precision: (test=0.717) balanced_accuracy: (test=0.777) f1: (test=0.670) roc_auc: (test=0.923) 1.71min
[fit 34/50] END n_estimators=1700; total=2625, TP=70, TN=2486, FP=14, FN=55; precision=0.833, recall=0.560
accuracy: (test=0.974) average_precision: (test=0.719) balanced_accuracy: (test=0.777) f1: (test=0.670) roc_auc: (test=0.923) 1.74min
[fit 35/50] END n_estimators=1750; total=2625, TP=70, TN=2486, FP=14, FN=55; precision=0.833, recall=0.560
accuracy: (test=0.974) average_precision: (test=0.719) balanced_accuracy: (test=0.777) f1: (test=0.670) roc_auc: (test=0.923) 1.80min
[fit 36/50] END n_estimators=1800; total=2625, TP=69, TN=2485, FP=15, FN=56; precision=0.821, recall=0.552
accuracy: (test=0.973) average_precision: (test=0.720) balanced_accuracy: (test=0.773) f1: (test=0.660) roc_auc: (test=0.922) 1.84min
[fit 37/50] END n_estimators=1850; total=2625, TP=69, TN=2486, FP=14, FN=56; precision=0.831, recall=0.552
accuracy: (test=0.973) average_precision: (test=0.719) balanced_accuracy: (test=0.773) f1: (test=0.663) roc_auc: (test=0.923) 1.89min
[fit 38/50] END n_estimators=1900; total=2625, TP=69, TN=2486, FP=14, FN=56; precision=0.831, recall=0.552
accuracy: (test=0.973) average_precision: (test=0.719) balanced_accuracy: (test=0.773) f1: (test=0.663) roc_auc: (test=0.923) 1.93min
[fit 39/50] END n_estimators=1950; total=2625, TP=69, TN=2486, FP=14, FN=56; precision=0.831, recall=0.552
accuracy: (test=0.973) average_precision: (test=0.720) balanced_accuracy: (test=0.773) f1: (test=0.663) roc_auc: (test=0.924) 1.98min
[fit 40/50] END n_estimators=2000; total=2625, TP=69, TN=2486, FP=14, FN=56; precision=0.831, recall=0.552
accuracy: (test=0.973) average_precision: (test=0.721) balanced_accuracy: (test=0.773) f1: (test=0.663) roc_auc: (test=0.923) 2.02min
[fit 41/50] END n_estimators=2050; total=2625, TP=69, TN=2486, FP=14, FN=56; precision=0.831, recall=0.552
accuracy: (test=0.973) average_precision: (test=0.720) balanced_accuracy: (test=0.773) f1: (test=0.663) roc_auc: (test=0.923) 2.07min
[fit 42/50] END n_estimators=2100; total=2625, TP=70, TN=2486, FP=14, FN=55; precision=0.833, recall=0.560
accuracy: (test=0.974) average_precision: (test=0.719) balanced_accuracy: (test=0.777) f1: (test=0.670) roc_auc: (test=0.922) 2.12min
[fit 43/50] END n_estimators=2150; total=2625, TP=70, TN=2486, FP=14, FN=55; precision=0.833, recall=0.560
accuracy: (test=0.974) average_precision: (test=0.719) balanced_accuracy: (test=0.777) f1: (test=0.670) roc_auc: (test=0.922) 2.16min
[fit 44/50] END n_estimators=2200; total=2625, TP=69, TN=2486, FP=14, FN=56; precision=0.831, recall=0.552
accuracy: (test=0.973) average_precision: (test=0.720) balanced_accuracy: (test=0.773) f1: (test=0.663) roc_auc: (test=0.922) 2.20min
[fit 45/50] END n_estimators=2250; total=2625, TP=70, TN=2486, FP=14, FN=55; precision=0.833, recall=0.560
accuracy: (test=0.974) average_precision: (test=0.720) balanced_accuracy: (test=0.777) f1: (test=0.670) roc_auc: (test=0.922) 2.23min
[fit 46/50] END n_estimators=2300; total=2625, TP=70, TN=2486, FP=14, FN=55; precision=0.833, recall=0.560
accuracy: (test=0.974) average_precision: (test=0.720) balanced_accuracy: (test=0.777) f1: (test=0.670) roc_auc: (test=0.922) 2.28min
[fit 47/50] END n_estimators=2350; total=2625, TP=71, TN=2486, FP=14, FN=54; precision=0.835, recall=0.568
accuracy: (test=0.974) average_precision: (test=0.719) balanced_accuracy: (test=0.781) f1: (test=0.676) roc_auc: (test=0.922) 2.32min
[fit 48/50] END n_estimators=2400; total=2625, TP=69, TN=2486, FP=14, FN=56; precision=0.831, recall=0.552
accuracy: (test=0.973) average_precision: (test=0.720) balanced_accuracy: (test=0.773) f1: (test=0.663) roc_auc: (test=0.922) 2.35min
[fit 49/50] END n_estimators=2450; total=2625, TP=71, TN=2486, FP=14, FN=54; precision=0.835, recall=0.568
accuracy: (test=0.974) average_precision: (test=0.720) balanced_accuracy: (test=0.781) f1: (test=0.676) roc_auc: (test=0.922) 2.39min
[fit 50/50] END n_estimators=2500; total=2625, TP=70, TN=2485, FP=15, FN=55; precision=0.824, recall=0.560
accuracy: (test=0.973) average_precision: (test=0.720) balanced_accuracy: (test=0.777) f1: (test=0.667) roc_auc: (test=0.922) 2.44min
clf.best_estimator_params: {'n_estimators': 1350}
best params found in line [28] for metric [roc_auc] in rank file
best params found in fit [27] for metric [roc_auc] in run_and_score file
clf.best_scoring_result: [Total: (test=2625) TP: (test=70.000) TN: (test=2487.000) FP: (test=13.000) FN: (test=55.000) precision: (test=0.843) recall: (test=0.560) accuracy: (test=0.974) average_precision: (test=0.718) balanced_accuracy: (test=0.777) f1: (test=0.673) roc_auc: (test=0.925) ]
write rank test to csv!!!
write over!!!
第二次
{'objective': 'binary:logistic', 'use_label_encoder': False, 'base_score': None, 'booster': None, 'colsample_bylevel': None, 'colsample_bynode': None, 'colsample_bytree': 0.8, 'gamma': 0, 'gpu_id': None, 'importance_type': 'gain', 'interaction_constraints': None, 'learning_rate': 0.1, 'max_delta_step': None, 'max_depth': 5, 'min_child_weight': 1, 'missing': nan, 'monotone_constraints': None, 'n_estimators': 1350, 'n_jobs': None, 'num_parallel_tree': None, 'random_state': None, 'reg_alpha': 0, 'reg_lambda': 1, 'scale_pos_weight': None, 'subsample': 0.8, 'tree_method': 'gpu_hist', 'validate_parameters': None, 'verbosity': None, 'seed': 0, 'eval_metric': 'logloss'}
Fitting, totalling 54 fits
[fit 1/54] END max_depth=3, min_child_weight=1; total=2625, TP=75, TN=2439, FP=61, FN=50; precision=0.551, recall=0.600
accuracy: (test=0.958) average_precision: (test=0.613) balanced_accuracy: (test=0.788) f1: (test=0.575) roc_auc: (test=0.902) 43.49s
[fit 2/54] END max_depth=3, min_child_weight=2; total=2625, TP=75, TN=2435, FP=65, FN=50; precision=0.536, recall=0.600
accuracy: (test=0.956) average_precision: (test=0.578) balanced_accuracy: (test=0.787) f1: (test=0.566) roc_auc: (test=0.905) 42.78s
[fit 3/54] END max_depth=3, min_child_weight=3; total=2625, TP=76, TN=2429, FP=71, FN=49; precision=0.517, recall=0.608
accuracy: (test=0.954) average_precision: (test=0.580) balanced_accuracy: (test=0.790) f1: (test=0.559) roc_auc: (test=0.904) 43.28s
[fit 4/54] END max_depth=3, min_child_weight=4; total=2625, TP=78, TN=2433, FP=67, FN=47; precision=0.538, recall=0.624
accuracy: (test=0.957) average_precision: (test=0.590) balanced_accuracy: (test=0.799) f1: (test=0.578) roc_auc: (test=0.904) 43.14s
[fit 5/54] END max_depth=3, min_child_weight=5; total=2625, TP=76, TN=2431, FP=69, FN=49; precision=0.524, recall=0.608
accuracy: (test=0.955) average_precision: (test=0.573) balanced_accuracy: (test=0.790) f1: (test=0.563) roc_auc: (test=0.901) 42.59s
[fit 6/54] END max_depth=3, min_child_weight=6; total=2625, TP=77, TN=2436, FP=64, FN=48; precision=0.546, recall=0.616
accuracy: (test=0.957) average_precision: (test=0.575) balanced_accuracy: (test=0.795) f1: (test=0.579) roc_auc: (test=0.900) 42.87s
[fit 7/54] END max_depth=4, min_child_weight=1; total=2625, TP=74, TN=2474, FP=26, FN=51; precision=0.740, recall=0.592
accuracy: (test=0.971) average_precision: (test=0.688) balanced_accuracy: (test=0.791) f1: (test=0.658) roc_auc: (test=0.921) 1.01min
[fit 8/54] END max_depth=4, min_child_weight=2; total=2625, TP=73, TN=2473, FP=27, FN=52; precision=0.730, recall=0.584
accuracy: (test=0.970) average_precision: (test=0.693) balanced_accuracy: (test=0.787) f1: (test=0.649) roc_auc: (test=0.904) 58.12s
[fit 9/54] END max_depth=4, min_child_weight=3; total=2625, TP=73, TN=2470, FP=30, FN=52; precision=0.709, recall=0.584
accuracy: (test=0.969) average_precision: (test=0.683) balanced_accuracy: (test=0.786) f1: (test=0.640) roc_auc: (test=0.919) 57.24s
[fit 10/54] END max_depth=4, min_child_weight=4; total=2625, TP=71, TN=2467, FP=33, FN=54; precision=0.683, recall=0.568
accuracy: (test=0.967) average_precision: (test=0.667) balanced_accuracy: (test=0.777) f1: (test=0.620) roc_auc: (test=0.909) 56.58s
[fit 11/54] END max_depth=4, min_child_weight=5; total=2625, TP=72, TN=2474, FP=26, FN=53; precision=0.735, recall=0.576
accuracy: (test=0.970) average_precision: (test=0.677) balanced_accuracy: (test=0.783) f1: (test=0.646) roc_auc: (test=0.912) 56.32s
[fit 12/54] END max_depth=4, min_child_weight=6; total=2625, TP=68, TN=2467, FP=33, FN=57; precision=0.673, recall=0.544
accuracy: (test=0.966) average_precision: (test=0.665) balanced_accuracy: (test=0.765) f1: (test=0.602) roc_auc: (test=0.916) 56.27s
[fit 13/54] END max_depth=5, min_child_weight=1; total=2625, TP=70, TN=2487, FP=13, FN=55; precision=0.843, recall=0.560
accuracy: (test=0.974) average_precision: (test=0.718) balanced_accuracy: (test=0.777) f1: (test=0.673) roc_auc: (test=0.925) 1.36min
[fit 14/54] END max_depth=5, min_child_weight=2; total=2625, TP=73, TN=2482, FP=18, FN=52; precision=0.802, recall=0.584
accuracy: (test=0.973) average_precision: (test=0.713) balanced_accuracy: (test=0.788) f1: (test=0.676) roc_auc: (test=0.918) 1.31min
[fit 15/54] END max_depth=5, min_child_weight=3; total=2625, TP=67, TN=2478, FP=22, FN=58; precision=0.753, recall=0.536
accuracy: (test=0.970) average_precision: (test=0.701) balanced_accuracy: (test=0.764) f1: (test=0.626) roc_auc: (test=0.925) 1.28min
[fit 16/54] END max_depth=5, min_child_weight=4; total=2625, TP=73, TN=2478, FP=22, FN=52; precision=0.768, recall=0.584
accuracy: (test=0.972) average_precision: (test=0.705) balanced_accuracy: (test=0.788) f1: (test=0.664) roc_auc: (test=0.925) 1.28min
[fit 17/54] END max_depth=5, min_child_weight=5; total=2625, TP=72, TN=2483, FP=17, FN=53; precision=0.809, recall=0.576
accuracy: (test=0.973) average_precision: (test=0.723) balanced_accuracy: (test=0.785) f1: (test=0.673) roc_auc: (test=0.923) 1.26min
[fit 18/54] END max_depth=5, min_child_weight=6; total=2625, TP=69, TN=2476, FP=24, FN=56; precision=0.742, recall=0.552
accuracy: (test=0.970) average_precision: (test=0.695) balanced_accuracy: (test=0.771) f1: (test=0.633) roc_auc: (test=0.922) 1.26min
[fit 19/54] END max_depth=6, min_child_weight=1; total=2625, TP=70, TN=2487, FP=13, FN=55; precision=0.843, recall=0.560
accuracy: (test=0.974) average_precision: (test=0.723) balanced_accuracy: (test=0.777) f1: (test=0.673) roc_auc: (test=0.928) 1.84min
[fit 20/54] END max_depth=6, min_child_weight=2; total=2625, TP=70, TN=2484, FP=16, FN=55; precision=0.814, recall=0.560
accuracy: (test=0.973) average_precision: (test=0.723) balanced_accuracy: (test=0.777) f1: (test=0.664) roc_auc: (test=0.927) 1.72min
[fit 21/54] END max_depth=6, min_child_weight=3; total=2625, TP=73, TN=2485, FP=15, FN=52; precision=0.830, recall=0.584
accuracy: (test=0.974) average_precision: (test=0.719) balanced_accuracy: (test=0.789) f1: (test=0.685) roc_auc: (test=0.917) 1.65min
[fit 22/54] END max_depth=6, min_child_weight=4; total=2625, TP=72, TN=2480, FP=20, FN=53; precision=0.783, recall=0.576
accuracy: (test=0.972) average_precision: (test=0.714) balanced_accuracy: (test=0.784) f1: (test=0.664) roc_auc: (test=0.928) 1.60min
[fit 23/54] END max_depth=6, min_child_weight=5; total=2625, TP=68, TN=2485, FP=15, FN=57; precision=0.819, recall=0.544
accuracy: (test=0.973) average_precision: (test=0.716) balanced_accuracy: (test=0.769) f1: (test=0.654) roc_auc: (test=0.923) 1.59min
[fit 24/54] END max_depth=6, min_child_weight=6; total=2625, TP=70, TN=2483, FP=17, FN=55; precision=0.805, recall=0.560
accuracy: (test=0.973) average_precision: (test=0.708) balanced_accuracy: (test=0.777) f1: (test=0.660) roc_auc: (test=0.928) 1.59min
[fit 25/54] END max_depth=7, min_child_weight=1; total=2625, TP=70, TN=2488, FP=12, FN=55; precision=0.854, recall=0.560
accuracy: (test=0.974) average_precision: (test=0.716) balanced_accuracy: (test=0.778) f1: (test=0.676) roc_auc: (test=0.917) 2.26min
[fit 26/54] END max_depth=7, min_child_weight=2; total=2625, TP=70, TN=2482, FP=18, FN=55; precision=0.795, recall=0.560
accuracy: (test=0.972) average_precision: (test=0.722) balanced_accuracy: (test=0.776) f1: (test=0.657) roc_auc: (test=0.930) 2.06min
[fit 27/54] END max_depth=7, min_child_weight=3; total=2625, TP=69, TN=2484, FP=16, FN=56; precision=0.812, recall=0.552
accuracy: (test=0.973) average_precision: (test=0.706) balanced_accuracy: (test=0.773) f1: (test=0.657) roc_auc: (test=0.922) 1.97min
[fit 28/54] END max_depth=7, min_child_weight=4; total=2625, TP=71, TN=2483, FP=17, FN=54; precision=0.807, recall=0.568
accuracy: (test=0.973) average_precision: (test=0.722) balanced_accuracy: (test=0.781) f1: (test=0.667) roc_auc: (test=0.925) 1.88min
[fit 29/54] END max_depth=7, min_child_weight=5; total=2625, TP=68, TN=2479, FP=21, FN=57; precision=0.764, recall=0.544
accuracy: (test=0.970) average_precision: (test=0.711) balanced_accuracy: (test=0.768) f1: (test=0.636) roc_auc: (test=0.921) 1.84min
[fit 30/54] END max_depth=7, min_child_weight=6; total=2625, TP=69, TN=2485, FP=15, FN=56; precision=0.821, recall=0.552
accuracy: (test=0.973) average_precision: (test=0.720) balanced_accuracy: (test=0.773) f1: (test=0.660) roc_auc: (test=0.921) 1.81min
[fit 31/54] END max_depth=8, min_child_weight=1; total=2625, TP=67, TN=2485, FP=15, FN=58; precision=0.817, recall=0.536
accuracy: (test=0.972) average_precision: (test=0.729) balanced_accuracy: (test=0.765) f1: (test=0.647) roc_auc: (test=0.922) 2.50min
[fit 32/54] END max_depth=8, min_child_weight=2; total=2625, TP=74, TN=2489, FP=11, FN=51; precision=0.871, recall=0.592
accuracy: (test=0.976) average_precision: (test=0.736) balanced_accuracy: (test=0.794) f1: (test=0.705) roc_auc: (test=0.922) 2.26min
[fit 33/54] END max_depth=8, min_child_weight=3; total=2625, TP=65, TN=2491, FP=9, FN=60; precision=0.878, recall=0.520
accuracy: (test=0.974) average_precision: (test=0.717) balanced_accuracy: (test=0.758) f1: (test=0.653) roc_auc: (test=0.922) 2.11min
[fit 34/54] END max_depth=8, min_child_weight=4; total=2625, TP=70, TN=2483, FP=17, FN=55; precision=0.805, recall=0.560
accuracy: (test=0.973) average_precision: (test=0.714) balanced_accuracy: (test=0.777) f1: (test=0.660) roc_auc: (test=0.917) 2.00min
[fit 35/54] END max_depth=8, min_child_weight=5; total=2625, TP=70, TN=2488, FP=12, FN=55; precision=0.854, recall=0.560
accuracy: (test=0.974) average_precision: (test=0.716) balanced_accuracy: (test=0.778) f1: (test=0.676) roc_auc: (test=0.914) 1.98min
[fit 36/54] END max_depth=8, min_child_weight=6; total=2625, TP=69, TN=2483, FP=17, FN=56; precision=0.802, recall=0.552
accuracy: (test=0.972) average_precision: (test=0.711) balanced_accuracy: (test=0.773) f1: (test=0.654) roc_auc: (test=0.917) 1.92min
[fit 37/54] END max_depth=9, min_child_weight=1; total=2625, TP=65, TN=2489, FP=11, FN=60; precision=0.855, recall=0.520
accuracy: (test=0.973) average_precision: (test=0.722) balanced_accuracy: (test=0.758) f1: (test=0.647) roc_auc: (test=0.925) 2.73min
[fit 38/54] END max_depth=9, min_child_weight=2; total=2625, TP=67, TN=2489, FP=11, FN=58; precision=0.859, recall=0.536
accuracy: (test=0.974) average_precision: (test=0.722) balanced_accuracy: (test=0.766) f1: (test=0.660) roc_auc: (test=0.919) 2.42min
[fit 39/54] END max_depth=9, min_child_weight=3; total=2625, TP=72, TN=2487, FP=13, FN=53; precision=0.847, recall=0.576
accuracy: (test=0.975) average_precision: (test=0.722) balanced_accuracy: (test=0.785) f1: (test=0.686) roc_auc: (test=0.919) 2.27min
[fit 40/54] END max_depth=9, min_child_weight=4; total=2625, TP=67, TN=2488, FP=12, FN=58; precision=0.848, recall=0.536
accuracy: (test=0.973) average_precision: (test=0.715) balanced_accuracy: (test=0.766) f1: (test=0.657) roc_auc: (test=0.920) 2.22min
[fit 41/54] END max_depth=9, min_child_weight=5; total=2625, TP=70, TN=2487, FP=13, FN=55; precision=0.843, recall=0.560
accuracy: (test=0.974) average_precision: (test=0.719) balanced_accuracy: (test=0.777) f1: (test=0.673) roc_auc: (test=0.920) 2.13min
[fit 42/54] END max_depth=9, min_child_weight=6; total=2625, TP=70, TN=2480, FP=20, FN=55; precision=0.778, recall=0.560
accuracy: (test=0.971) average_precision: (test=0.715) balanced_accuracy: (test=0.776) f1: (test=0.651) roc_auc: (test=0.917) 2.09min
[fit 43/54] END max_depth=10, min_child_weight=1; total=2625, TP=67, TN=2485, FP=15, FN=58; precision=0.817, recall=0.536
accuracy: (test=0.972) average_precision: (test=0.711) balanced_accuracy: (test=0.765) f1: (test=0.647) roc_auc: (test=0.918) 3.04min
[fit 44/54] END max_depth=10, min_child_weight=2; total=2625, TP=66, TN=2481, FP=19, FN=59; precision=0.776, recall=0.528
accuracy: (test=0.970) average_precision: (test=0.696) balanced_accuracy: (test=0.760) f1: (test=0.629) roc_auc: (test=0.917) 2.64min
[fit 45/54] END max_depth=10, min_child_weight=3; total=2625, TP=68, TN=2485, FP=15, FN=57; precision=0.819, recall=0.544
accuracy: (test=0.973) average_precision: (test=0.714) balanced_accuracy: (test=0.769) f1: (test=0.654) roc_auc: (test=0.924) 2.45min
[fit 46/54] END max_depth=10, min_child_weight=4; total=2625, TP=71, TN=2485, FP=15, FN=54; precision=0.826, recall=0.568
accuracy: (test=0.974) average_precision: (test=0.714) balanced_accuracy: (test=0.781) f1: (test=0.673) roc_auc: (test=0.925) 2.39min
[fit 47/54] END max_depth=10, min_child_weight=5; total=2625, TP=68, TN=2484, FP=16, FN=57; precision=0.810, recall=0.544
accuracy: (test=0.972) average_precision: (test=0.715) balanced_accuracy: (test=0.769) f1: (test=0.651) roc_auc: (test=0.920) 2.28min
[fit 48/54] END max_depth=10, min_child_weight=6; total=2625, TP=69, TN=2480, FP=20, FN=56; precision=0.775, recall=0.552
accuracy: (test=0.971) average_precision: (test=0.708) balanced_accuracy: (test=0.772) f1: (test=0.645) roc_auc: (test=0.917) 2.21min
[fit 49/54] END max_depth=12, min_child_weight=1; total=2625, TP=67, TN=2488, FP=12, FN=58; precision=0.848, recall=0.536
accuracy: (test=0.973) average_precision: (test=0.718) balanced_accuracy: (test=0.766) f1: (test=0.657) roc_auc: (test=0.916) 3.54min
[fit 50/54] END max_depth=12, min_child_weight=2; total=2625, TP=69, TN=2484, FP=16, FN=56; precision=0.812, recall=0.552
accuracy: (test=0.973) average_precision: (test=0.716) balanced_accuracy: (test=0.773) f1: (test=0.657) roc_auc: (test=0.919) 3.03min
[fit 51/54] END max_depth=12, min_child_weight=3; total=2625, TP=73, TN=2487, FP=13, FN=52; precision=0.849, recall=0.584
accuracy: (test=0.975) average_precision: (test=0.713) balanced_accuracy: (test=0.789) f1: (test=0.692) roc_auc: (test=0.913) 2.79min
[fit 52/54] END max_depth=12, min_child_weight=4; total=2625, TP=70, TN=2485, FP=15, FN=55; precision=0.824, recall=0.560
accuracy: (test=0.973) average_precision: (test=0.713) balanced_accuracy: (test=0.777) f1: (test=0.667) roc_auc: (test=0.915) 2.69min
[fit 53/54] END max_depth=12, min_child_weight=5; total=2625, TP=69, TN=2486, FP=14, FN=56; precision=0.831, recall=0.552
accuracy: (test=0.973) average_precision: (test=0.726) balanced_accuracy: (test=0.773) f1: (test=0.663) roc_auc: (test=0.933) 2.57min
[fit 54/54] END max_depth=12, min_child_weight=6; total=2625, TP=65, TN=2483, FP=17, FN=60; precision=0.793, recall=0.520
accuracy: (test=0.971) average_precision: (test=0.706) balanced_accuracy: (test=0.757) f1: (test=0.628) roc_auc: (test=0.921) 2.47min
clf.best_estimator_params: {'max_depth': 12, 'min_child_weight': 5}
best params found in line [54] for metric [roc_auc] in rank file
best params found in fit [53] for metric [roc_auc] in run_and_score file
clf.best_scoring_result: [Total: (test=2625) TP: (test=69.000) TN: (test=2486.000) FP: (test=14.000) FN: (test=56.000) precision: (test=0.831) recall: (test=0.552) accuracy: (test=0.973) average_precision: (test=0.726) balanced_accuracy: (test=0.773) f1: (test=0.663) roc_auc: (test=0.933) ]
write rank test to csv!!!
write over!!!
第三次
{'objective': 'binary:logistic', 'use_label_encoder': False, 'base_score': None, 'booster': None, 'colsample_bylevel': None, 'colsample_bynode': None, 'colsample_bytree': 0.8, 'gamma': 0, 'gpu_id': None, 'importance_type': 'gain', 'interaction_constraints': None, 'learning_rate': 0.1, 'max_delta_step': None, 'max_depth': 12, 'min_child_weight': 5, 'missing': nan, 'monotone_constraints': None, 'n_estimators': 1350, 'n_jobs': None, 'num_parallel_tree': None, 'random_state': None, 'reg_alpha': 0, 'reg_lambda': 1, 'scale_pos_weight': None, 'subsample': 0.8, 'tree_method': 'gpu_hist', 'validate_parameters': None, 'verbosity': None, 'seed': 0, 'eval_metric': 'logloss'}
Fitting, totalling 7 fits
[fit 1/7] END gamma=0; total=2625, TP=69, TN=2486, FP=14, FN=56; precision=0.831, recall=0.552
accuracy: (test=0.973) average_precision: (test=0.726) balanced_accuracy: (test=0.773) f1: (test=0.663) roc_auc: (test=0.933) 2.55min
[fit 2/7] END gamma=0.1; total=2625, TP=71, TN=2486, FP=14, FN=54; precision=0.835, recall=0.568
accuracy: (test=0.974) average_precision: (test=0.716) balanced_accuracy: (test=0.781) f1: (test=0.676) roc_auc: (test=0.923) 2.12min
[fit 3/7] END gamma=0.2; total=2625, TP=71, TN=2481, FP=19, FN=54; precision=0.789, recall=0.568
accuracy: (test=0.972) average_precision: (test=0.712) balanced_accuracy: (test=0.780) f1: (test=0.660) roc_auc: (test=0.926) 1.89min
[fit 4/7] END gamma=0.3; total=2625, TP=72, TN=2482, FP=18, FN=53; precision=0.800, recall=0.576
accuracy: (test=0.973) average_precision: (test=0.709) balanced_accuracy: (test=0.784) f1: (test=0.670) roc_auc: (test=0.914) 1.76min
[fit 5/7] END gamma=0.4; total=2625, TP=69, TN=2484, FP=16, FN=56; precision=0.812, recall=0.552
accuracy: (test=0.973) average_precision: (test=0.706) balanced_accuracy: (test=0.773) f1: (test=0.657) roc_auc: (test=0.913) 1.67min
[fit 6/7] END gamma=0.5; total=2625, TP=69, TN=2478, FP=22, FN=56; precision=0.758, recall=0.552
accuracy: (test=0.970) average_precision: (test=0.701) balanced_accuracy: (test=0.772) f1: (test=0.639) roc_auc: (test=0.923) 1.62min
[fit 7/7] END gamma=0.6; total=2625, TP=71, TN=2481, FP=19, FN=54; precision=0.789, recall=0.568
accuracy: (test=0.972) average_precision: (test=0.704) balanced_accuracy: (test=0.780) f1: (test=0.660) roc_auc: (test=0.914) 1.55min
clf.best_estimator_params: {'gamma': 0}
best params found in line [2] for metric [roc_auc] in rank file
best params found in fit [1] for metric [roc_auc] in run_and_score file
clf.best_scoring_result: [Total: (test=2625) TP: (test=69.000) TN: (test=2486.000) FP: (test=14.000) FN: (test=56.000) precision: (test=0.831) recall: (test=0.552) accuracy: (test=0.973) average_precision: (test=0.726) balanced_accuracy: (test=0.773) f1: (test=0.663) roc_auc: (test=0.933) ]
write rank test to csv!!!
write over!!!
第四次
{'objective': 'binary:logistic', 'use_label_encoder': False, 'base_score': None, 'booster': None, 'colsample_bylevel': None, 'colsample_bynode': None, 'colsample_bytree': 0.8, 'gamma': 0, 'gpu_id': None, 'importance_type': 'gain', 'interaction_constraints': None, 'learning_rate': 0.1, 'max_delta_step': None, 'max_depth': 12, 'min_child_weight': 5, 'missing': nan, 'monotone_constraints': None, 'n_estimators': 1350, 'n_jobs': None, 'num_parallel_tree': None, 'random_state': None, 'reg_alpha': 0, 'reg_lambda': 1, 'scale_pos_weight': None, 'subsample': 0.8, 'tree_method': 'gpu_hist', 'validate_parameters': None, 'verbosity': None, 'seed': 0, 'eval_metric': 'logloss'}
Fitting, totalling 16 fits
[fit 1/16] END colsample_bytree=0.6, subsample=0.6; total=2625, TP=68, TN=2484, FP=16, FN=57; precision=0.810, recall=0.544
accuracy: (test=0.972) average_precision: (test=0.701) balanced_accuracy: (test=0.769) f1: (test=0.651) roc_auc: (test=0.917) 2.43min
[fit 2/16] END colsample_bytree=0.6, subsample=0.7; total=2625, TP=69, TN=2483, FP=17, FN=56; precision=0.802, recall=0.552
accuracy: (test=0.972) average_precision: (test=0.714) balanced_accuracy: (test=0.773) f1: (test=0.654) roc_auc: (test=0.920) 2.50min
[fit 3/16] END colsample_bytree=0.6, subsample=0.8; total=2625, TP=66, TN=2483, FP=17, FN=59; precision=0.795, recall=0.528
accuracy: (test=0.971) average_precision: (test=0.706) balanced_accuracy: (test=0.761) f1: (test=0.635) roc_auc: (test=0.925) 2.59min
[fit 4/16] END colsample_bytree=0.6, subsample=0.9; total=2625, TP=71, TN=2486, FP=14, FN=54; precision=0.835, recall=0.568
accuracy: (test=0.974) average_precision: (test=0.716) balanced_accuracy: (test=0.781) f1: (test=0.676) roc_auc: (test=0.912) 2.56min
[fit 5/16] END colsample_bytree=0.7, subsample=0.6; total=2625, TP=72, TN=2486, FP=14, FN=53; precision=0.837, recall=0.576
accuracy: (test=0.974) average_precision: (test=0.724) balanced_accuracy: (test=0.785) f1: (test=0.682) roc_auc: (test=0.926) 2.43min
[fit 6/16] END colsample_bytree=0.7, subsample=0.7; total=2625, TP=69, TN=2490, FP=10, FN=56; precision=0.873, recall=0.552
accuracy: (test=0.975) average_precision: (test=0.710) balanced_accuracy: (test=0.774) f1: (test=0.676) roc_auc: (test=0.913) 2.49min
[fit 7/16] END colsample_bytree=0.7, subsample=0.8; total=2625, TP=72, TN=2485, FP=15, FN=53; precision=0.828, recall=0.576
accuracy: (test=0.974) average_precision: (test=0.716) balanced_accuracy: (test=0.785) f1: (test=0.679) roc_auc: (test=0.921) 2.54min
[fit 8/16] END colsample_bytree=0.7, subsample=0.9; total=2625, TP=73, TN=2484, FP=16, FN=52; precision=0.820, recall=0.584
accuracy: (test=0.974) average_precision: (test=0.714) balanced_accuracy: (test=0.789) f1: (test=0.682) roc_auc: (test=0.915) 2.58min
[fit 9/16] END colsample_bytree=0.8, subsample=0.6; total=2625, TP=73, TN=2484, FP=16, FN=52; precision=0.820, recall=0.584
accuracy: (test=0.974) average_precision: (test=0.717) balanced_accuracy: (test=0.789) f1: (test=0.682) roc_auc: (test=0.916) 2.37min
[fit 10/16] END colsample_bytree=0.8, subsample=0.7; total=2625, TP=69, TN=2485, FP=15, FN=56; precision=0.821, recall=0.552
accuracy: (test=0.973) average_precision: (test=0.716) balanced_accuracy: (test=0.773) f1: (test=0.660) roc_auc: (test=0.920) 2.48min
[fit 11/16] END colsample_bytree=0.8, subsample=0.8; total=2625, TP=69, TN=2486, FP=14, FN=56; precision=0.831, recall=0.552
accuracy: (test=0.973) average_precision: (test=0.726) balanced_accuracy: (test=0.773) f1: (test=0.663) roc_auc: (test=0.933) 2.45min
[fit 12/16] END colsample_bytree=0.8, subsample=0.9; total=2625, TP=68, TN=2487, FP=13, FN=57; precision=0.840, recall=0.544
accuracy: (test=0.973) average_precision: (test=0.716) balanced_accuracy: (test=0.769) f1: (test=0.660) roc_auc: (test=0.918) 2.61min
[fit 13/16] END colsample_bytree=0.9, subsample=0.6; total=2625, TP=68, TN=2486, FP=14, FN=57; precision=0.829, recall=0.544
accuracy: (test=0.973) average_precision: (test=0.717) balanced_accuracy: (test=0.769) f1: (test=0.657) roc_auc: (test=0.916) 2.36min
[fit 14/16] END colsample_bytree=0.9, subsample=0.7; total=2625, TP=70, TN=2484, FP=16, FN=55; precision=0.814, recall=0.560
accuracy: (test=0.973) average_precision: (test=0.721) balanced_accuracy: (test=0.777) f1: (test=0.664) roc_auc: (test=0.924) 2.49min
[fit 15/16] END colsample_bytree=0.9, subsample=0.8; total=2625, TP=69, TN=2482, FP=18, FN=56; precision=0.793, recall=0.552
accuracy: (test=0.972) average_precision: (test=0.710) balanced_accuracy: (test=0.772) f1: (test=0.651) roc_auc: (test=0.923) 2.48min
[fit 16/16] END colsample_bytree=0.9, subsample=0.9; total=2625, TP=66, TN=2483, FP=17, FN=59; precision=0.795, recall=0.528
accuracy: (test=0.971) average_precision: (test=0.705) balanced_accuracy: (test=0.761) f1: (test=0.635) roc_auc: (test=0.922) 2.51min
clf.best_estimator_params: {'colsample_bytree': 0.8, 'subsample': 0.8}
best params found in line [12] for metric [roc_auc] in rank file
best params found in fit [11] for metric [roc_auc] in run_and_score file
clf.best_scoring_result: [Total: (test=2625) TP: (test=69.000) TN: (test=2486.000) FP: (test=14.000) FN: (test=56.000) precision: (test=0.831) recall: (test=0.552) accuracy: (test=0.973) average_precision: (test=0.726) balanced_accuracy: (test=0.773) f1: (test=0.663) roc_auc: (test=0.933) ]
write rank test to csv!!!
write over!!!
第五次
{'objective': 'binary:logistic', 'use_label_encoder': False, 'base_score': None, 'booster': None, 'colsample_bylevel': None, 'colsample_bynode': None, 'colsample_bytree': 0.8, 'gamma': 0, 'gpu_id': None, 'importance_type': 'gain', 'interaction_constraints': None, 'learning_rate': 0.1, 'max_delta_step': None, 'max_depth': 12, 'min_child_weight': 5, 'missing': nan, 'monotone_constraints': None, 'n_estimators': 1350, 'n_jobs': None, 'num_parallel_tree': None, 'random_state': None, 'reg_alpha': 0, 'reg_lambda': 1, 'scale_pos_weight': None, 'subsample': 0.8, 'tree_method': 'gpu_hist', 'validate_parameters': None, 'verbosity': None, 'seed': 0, 'eval_metric': 'logloss'}
Fitting, totalling 81 fits
[fit 1/81] END reg_alpha=0, reg_lambda=0; total=2625, TP=66, TN=2485, FP=15, FN=59; precision=0.815, recall=0.528
accuracy: (test=0.972) average_precision: (test=0.703) balanced_accuracy: (test=0.761) f1: (test=0.641) roc_auc: (test=0.911) 2.45min
[fit 2/81] END reg_alpha=0, reg_lambda=0.01; total=2625, TP=67, TN=2485, FP=15, FN=58; precision=0.817, recall=0.536
accuracy: (test=0.972) average_precision: (test=0.704) balanced_accuracy: (test=0.765) f1: (test=0.647) roc_auc: (test=0.912) 2.41min
[fit 3/81] END reg_alpha=0, reg_lambda=0.02; total=2625, TP=68, TN=2484, FP=16, FN=57; precision=0.810, recall=0.544
accuracy: (test=0.972) average_precision: (test=0.703) balanced_accuracy: (test=0.769) f1: (test=0.651) roc_auc: (test=0.919) 2.46min
[fit 4/81] END reg_alpha=0, reg_lambda=0.05; total=2625, TP=71, TN=2480, FP=20, FN=54; precision=0.780, recall=0.568
accuracy: (test=0.972) average_precision: (test=0.711) balanced_accuracy: (test=0.780) f1: (test=0.657) roc_auc: (test=0.919) 2.44min
[fit 5/81] END reg_alpha=0, reg_lambda=0.1; total=2625, TP=69, TN=2484, FP=16, FN=56; precision=0.812, recall=0.552
accuracy: (test=0.973) average_precision: (test=0.705) balanced_accuracy: (test=0.773) f1: (test=0.657) roc_auc: (test=0.910) 2.38min
[fit 6/81] END reg_alpha=0, reg_lambda=0.5; total=2625, TP=67, TN=2481, FP=19, FN=58; precision=0.779, recall=0.536
accuracy: (test=0.971) average_precision: (test=0.710) balanced_accuracy: (test=0.764) f1: (test=0.635) roc_auc: (test=0.921) 2.44min
[fit 7/81] END reg_alpha=0, reg_lambda=1; total=2625, TP=69, TN=2486, FP=14, FN=56; precision=0.831, recall=0.552
accuracy: (test=0.973) average_precision: (test=0.726) balanced_accuracy: (test=0.773) f1: (test=0.663) roc_auc: (test=0.933) 2.51min
[fit 8/81] END reg_alpha=0, reg_lambda=2; total=2625, TP=68, TN=2485, FP=15, FN=57; precision=0.819, recall=0.544
accuracy: (test=0.973) average_precision: (test=0.706) balanced_accuracy: (test=0.769) f1: (test=0.654) roc_auc: (test=0.905) 2.59min
[fit 9/81] END reg_alpha=0, reg_lambda=3; total=2625, TP=71, TN=2487, FP=13, FN=54; precision=0.845, recall=0.568
accuracy: (test=0.974) average_precision: (test=0.718) balanced_accuracy: (test=0.781) f1: (test=0.679) roc_auc: (test=0.914) 2.69min
[fit 10/81] END reg_alpha=0.01, reg_lambda=0; total=2625, TP=67, TN=2480, FP=20, FN=58; precision=0.770, recall=0.536
accuracy: (test=0.970) average_precision: (test=0.705) balanced_accuracy: (test=0.764) f1: (test=0.632) roc_auc: (test=0.914) 2.40min
[fit 11/81] END reg_alpha=0.01, reg_lambda=0.01; total=2625, TP=68, TN=2482, FP=18, FN=57; precision=0.791, recall=0.544
accuracy: (test=0.971) average_precision: (test=0.710) balanced_accuracy: (test=0.768) f1: (test=0.645) roc_auc: (test=0.918) 2.45min
[fit 12/81] END reg_alpha=0.01, reg_lambda=0.02; total=2625, TP=71, TN=2484, FP=16, FN=54; precision=0.816, recall=0.568
accuracy: (test=0.973) average_precision: (test=0.711) balanced_accuracy: (test=0.781) f1: (test=0.670) roc_auc: (test=0.912) 2.36min
[fit 13/81] END reg_alpha=0.01, reg_lambda=0.05; total=2625, TP=71, TN=2482, FP=18, FN=54; precision=0.798, recall=0.568
accuracy: (test=0.973) average_precision: (test=0.708) balanced_accuracy: (test=0.780) f1: (test=0.664) roc_auc: (test=0.918) 2.43min
[fit 14/81] END reg_alpha=0.01, reg_lambda=0.1; total=2625, TP=69, TN=2483, FP=17, FN=56; precision=0.802, recall=0.552
accuracy: (test=0.972) average_precision: (test=0.717) balanced_accuracy: (test=0.773) f1: (test=0.654) roc_auc: (test=0.918) 2.32min
[fit 15/81] END reg_alpha=0.01, reg_lambda=0.5; total=2625, TP=69, TN=2479, FP=21, FN=56; precision=0.767, recall=0.552
accuracy: (test=0.971) average_precision: (test=0.699) balanced_accuracy: (test=0.772) f1: (test=0.642) roc_auc: (test=0.917) 2.45min
[fit 16/81] END reg_alpha=0.01, reg_lambda=1; total=2625, TP=70, TN=2485, FP=15, FN=55; precision=0.824, recall=0.560
accuracy: (test=0.973) average_precision: (test=0.710) balanced_accuracy: (test=0.777) f1: (test=0.667) roc_auc: (test=0.910) 2.43min
[fit 17/81] END reg_alpha=0.01, reg_lambda=2; total=2625, TP=71, TN=2486, FP=14, FN=54; precision=0.835, recall=0.568
accuracy: (test=0.974) average_precision: (test=0.718) balanced_accuracy: (test=0.781) f1: (test=0.676) roc_auc: (test=0.913) 2.54min
[fit 18/81] END reg_alpha=0.01, reg_lambda=3; total=2625, TP=72, TN=2482, FP=18, FN=53; precision=0.800, recall=0.576
accuracy: (test=0.973) average_precision: (test=0.714) balanced_accuracy: (test=0.784) f1: (test=0.670) roc_auc: (test=0.921) 2.63min
[fit 19/81] END reg_alpha=0.02, reg_lambda=0; total=2625, TP=66, TN=2486, FP=14, FN=59; precision=0.825, recall=0.528
accuracy: (test=0.972) average_precision: (test=0.716) balanced_accuracy: (test=0.761) f1: (test=0.644) roc_auc: (test=0.919) 2.36min
[fit 20/81] END reg_alpha=0.02, reg_lambda=0.01; total=2625, TP=71, TN=2483, FP=17, FN=54; precision=0.807, recall=0.568
accuracy: (test=0.973) average_precision: (test=0.717) balanced_accuracy: (test=0.781) f1: (test=0.667) roc_auc: (test=0.918) 2.37min
[fit 21/81] END reg_alpha=0.02, reg_lambda=0.02; total=2625, TP=67, TN=2486, FP=14, FN=58; precision=0.827, recall=0.536
accuracy: (test=0.973) average_precision: (test=0.716) balanced_accuracy: (test=0.765) f1: (test=0.650) roc_auc: (test=0.919) 2.38min
[fit 22/81] END reg_alpha=0.02, reg_lambda=0.05; total=2625, TP=71, TN=2483, FP=17, FN=54; precision=0.807, recall=0.568
accuracy: (test=0.973) average_precision: (test=0.717) balanced_accuracy: (test=0.781) f1: (test=0.667) roc_auc: (test=0.918) 2.32min
[fit 23/81] END reg_alpha=0.02, reg_lambda=0.1; total=2625, TP=71, TN=2488, FP=12, FN=54; precision=0.855, recall=0.568
accuracy: (test=0.975) average_precision: (test=0.721) balanced_accuracy: (test=0.782) f1: (test=0.683) roc_auc: (test=0.924) 2.36min
[fit 24/81] END reg_alpha=0.02, reg_lambda=0.5; total=2625, TP=70, TN=2488, FP=12, FN=55; precision=0.854, recall=0.560
accuracy: (test=0.974) average_precision: (test=0.715) balanced_accuracy: (test=0.778) f1: (test=0.676) roc_auc: (test=0.919) 2.34min
[fit 25/81] END reg_alpha=0.02, reg_lambda=1; total=2625, TP=70, TN=2485, FP=15, FN=55; precision=0.824, recall=0.560
accuracy: (test=0.973) average_precision: (test=0.715) balanced_accuracy: (test=0.777) f1: (test=0.667) roc_auc: (test=0.921) 2.48min
[fit 26/81] END reg_alpha=0.02, reg_lambda=2; total=2625, TP=71, TN=2485, FP=15, FN=54; precision=0.826, recall=0.568
accuracy: (test=0.974) average_precision: (test=0.707) balanced_accuracy: (test=0.781) f1: (test=0.673) roc_auc: (test=0.917) 2.51min
[fit 27/81] END reg_alpha=0.02, reg_lambda=3; total=2625, TP=71, TN=2486, FP=14, FN=54; precision=0.835, recall=0.568
accuracy: (test=0.974) average_precision: (test=0.717) balanced_accuracy: (test=0.781) f1: (test=0.676) roc_auc: (test=0.917) 2.57min
[fit 28/81] END reg_alpha=0.05, reg_lambda=0; total=2625, TP=71, TN=2484, FP=16, FN=54; precision=0.816, recall=0.568
accuracy: (test=0.973) average_precision: (test=0.713) balanced_accuracy: (test=0.781) f1: (test=0.670) roc_auc: (test=0.916) 2.35min
[fit 29/81] END reg_alpha=0.05, reg_lambda=0.01; total=2625, TP=71, TN=2482, FP=18, FN=54; precision=0.798, recall=0.568
accuracy: (test=0.973) average_precision: (test=0.718) balanced_accuracy: (test=0.780) f1: (test=0.664) roc_auc: (test=0.925) 2.33min
[fit 30/81] END reg_alpha=0.05, reg_lambda=0.02; total=2625, TP=66, TN=2487, FP=13, FN=59; precision=0.835, recall=0.528
accuracy: (test=0.973) average_precision: (test=0.722) balanced_accuracy: (test=0.761) f1: (test=0.647) roc_auc: (test=0.916) 2.41min
[fit 31/81] END reg_alpha=0.05, reg_lambda=0.05; total=2625, TP=69, TN=2484, FP=16, FN=56; precision=0.812, recall=0.552
accuracy: (test=0.973) average_precision: (test=0.711) balanced_accuracy: (test=0.773) f1: (test=0.657) roc_auc: (test=0.912) 2.36min
[fit 32/81] END reg_alpha=0.05, reg_lambda=0.1; total=2625, TP=66, TN=2485, FP=15, FN=59; precision=0.815, recall=0.528
accuracy: (test=0.972) average_precision: (test=0.714) balanced_accuracy: (test=0.761) f1: (test=0.641) roc_auc: (test=0.912) 2.42min
[fit 33/81] END reg_alpha=0.05, reg_lambda=0.5; total=2625, TP=72, TN=2486, FP=14, FN=53; precision=0.837, recall=0.576
accuracy: (test=0.974) average_precision: (test=0.712) balanced_accuracy: (test=0.785) f1: (test=0.682) roc_auc: (test=0.913) 2.42min
[fit 34/81] END reg_alpha=0.05, reg_lambda=1; total=2625, TP=68, TN=2482, FP=18, FN=57; precision=0.791, recall=0.544
accuracy: (test=0.971) average_precision: (test=0.702) balanced_accuracy: (test=0.768) f1: (test=0.645) roc_auc: (test=0.920) 2.52min
[fit 35/81] END reg_alpha=0.05, reg_lambda=2; total=2625, TP=73, TN=2484, FP=16, FN=52; precision=0.820, recall=0.584
accuracy: (test=0.974) average_precision: (test=0.719) balanced_accuracy: (test=0.789) f1: (test=0.682) roc_auc: (test=0.913) 2.59min
[fit 36/81] END reg_alpha=0.05, reg_lambda=3; total=2625, TP=71, TN=2484, FP=16, FN=54; precision=0.816, recall=0.568
accuracy: (test=0.973) average_precision: (test=0.717) balanced_accuracy: (test=0.781) f1: (test=0.670) roc_auc: (test=0.911) 2.68min
[fit 37/81] END reg_alpha=0.1, reg_lambda=0; total=2625, TP=69, TN=2484, FP=16, FN=56; precision=0.812, recall=0.552
accuracy: (test=0.973) average_precision: (test=0.712) balanced_accuracy: (test=0.773) f1: (test=0.657) roc_auc: (test=0.916) 2.48min
[fit 38/81] END reg_alpha=0.1, reg_lambda=0.01; total=2625, TP=67, TN=2481, FP=19, FN=58; precision=0.779, recall=0.536
accuracy: (test=0.971) average_precision: (test=0.714) balanced_accuracy: (test=0.764) f1: (test=0.635) roc_auc: (test=0.919) 2.42min
[fit 39/81] END reg_alpha=0.1, reg_lambda=0.02; total=2625, TP=72, TN=2483, FP=17, FN=53; precision=0.809, recall=0.576
accuracy: (test=0.973) average_precision: (test=0.718) balanced_accuracy: (test=0.785) f1: (test=0.673) roc_auc: (test=0.922) 2.44min
[fit 40/81] END reg_alpha=0.1, reg_lambda=0.05; total=2625, TP=69, TN=2490, FP=10, FN=56; precision=0.873, recall=0.552
accuracy: (test=0.975) average_precision: (test=0.715) balanced_accuracy: (test=0.774) f1: (test=0.676) roc_auc: (test=0.913) 2.43min
[fit 41/81] END reg_alpha=0.1, reg_lambda=0.1; total=2625, TP=70, TN=2481, FP=19, FN=55; precision=0.787, recall=0.560
accuracy: (test=0.972) average_precision: (test=0.715) balanced_accuracy: (test=0.776) f1: (test=0.654) roc_auc: (test=0.911) 2.40min
[fit 42/81] END reg_alpha=0.1, reg_lambda=0.5; total=2625, TP=72, TN=2489, FP=11, FN=53; precision=0.867, recall=0.576
accuracy: (test=0.976) average_precision: (test=0.717) balanced_accuracy: (test=0.786) f1: (test=0.692) roc_auc: (test=0.909) 2.46min
[fit 43/81] END reg_alpha=0.1, reg_lambda=1; total=2625, TP=74, TN=2483, FP=17, FN=51; precision=0.813, recall=0.592
accuracy: (test=0.974) average_precision: (test=0.721) balanced_accuracy: (test=0.793) f1: (test=0.685) roc_auc: (test=0.924) 2.52min
[fit 44/81] END reg_alpha=0.1, reg_lambda=2; total=2625, TP=67, TN=2483, FP=17, FN=58; precision=0.798, recall=0.536
accuracy: (test=0.971) average_precision: (test=0.716) balanced_accuracy: (test=0.765) f1: (test=0.641) roc_auc: (test=0.917) 2.64min
[fit 45/81] END reg_alpha=0.1, reg_lambda=3; total=2625, TP=72, TN=2484, FP=16, FN=53; precision=0.818, recall=0.576
accuracy: (test=0.974) average_precision: (test=0.712) balanced_accuracy: (test=0.785) f1: (test=0.676) roc_auc: (test=0.919) 2.70min
[fit 46/81] END reg_alpha=0.5, reg_lambda=0; total=2625, TP=66, TN=2486, FP=14, FN=59; precision=0.825, recall=0.528
accuracy: (test=0.972) average_precision: (test=0.701) balanced_accuracy: (test=0.761) f1: (test=0.644) roc_auc: (test=0.910) 2.51min
[fit 47/81] END reg_alpha=0.5, reg_lambda=0.01; total=2625, TP=70, TN=2485, FP=15, FN=55; precision=0.824, recall=0.560
accuracy: (test=0.973) average_precision: (test=0.709) balanced_accuracy: (test=0.777) f1: (test=0.667) roc_auc: (test=0.911) 2.57min
[fit 48/81] END reg_alpha=0.5, reg_lambda=0.02; total=2625, TP=70, TN=2487, FP=13, FN=55; precision=0.843, recall=0.560
accuracy: (test=0.974) average_precision: (test=0.710) balanced_accuracy: (test=0.777) f1: (test=0.673) roc_auc: (test=0.911) 2.54min
[fit 49/81] END reg_alpha=0.5, reg_lambda=0.05; total=2625, TP=64, TN=2487, FP=13, FN=61; precision=0.831, recall=0.512
accuracy: (test=0.972) average_precision: (test=0.707) balanced_accuracy: (test=0.753) f1: (test=0.634) roc_auc: (test=0.916) 2.55min
[fit 50/81] END reg_alpha=0.5, reg_lambda=0.1; total=2625, TP=67, TN=2486, FP=14, FN=58; precision=0.827, recall=0.536
accuracy: (test=0.973) average_precision: (test=0.718) balanced_accuracy: (test=0.765) f1: (test=0.650) roc_auc: (test=0.919) 2.52min
[fit 51/81] END reg_alpha=0.5, reg_lambda=0.5; total=2625, TP=68, TN=2486, FP=14, FN=57; precision=0.829, recall=0.544
accuracy: (test=0.973) average_precision: (test=0.716) balanced_accuracy: (test=0.769) f1: (test=0.657) roc_auc: (test=0.911) 2.51min
[fit 52/81] END reg_alpha=0.5, reg_lambda=1; total=2625, TP=66, TN=2486, FP=14, FN=59; precision=0.825, recall=0.528
accuracy: (test=0.972) average_precision: (test=0.695) balanced_accuracy: (test=0.761) f1: (test=0.644) roc_auc: (test=0.912) 2.63min
[fit 53/81] END reg_alpha=0.5, reg_lambda=2; total=2625, TP=72, TN=2484, FP=16, FN=53; precision=0.818, recall=0.576
accuracy: (test=0.974) average_precision: (test=0.728) balanced_accuracy: (test=0.785) f1: (test=0.676) roc_auc: (test=0.930) 2.62min
[fit 54/81] END reg_alpha=0.5, reg_lambda=3; total=2625, TP=72, TN=2484, FP=16, FN=53; precision=0.818, recall=0.576
accuracy: (test=0.974) average_precision: (test=0.712) balanced_accuracy: (test=0.785) f1: (test=0.676) roc_auc: (test=0.920) 2.72min
[fit 55/81] END reg_alpha=1, reg_lambda=0; total=2625, TP=69, TN=2482, FP=18, FN=56; precision=0.793, recall=0.552
accuracy: (test=0.972) average_precision: (test=0.705) balanced_accuracy: (test=0.772) f1: (test=0.651) roc_auc: (test=0.928) 2.60min
[fit 56/81] END reg_alpha=1, reg_lambda=0.01; total=2625, TP=69, TN=2480, FP=20, FN=56; precision=0.775, recall=0.552
accuracy: (test=0.971) average_precision: (test=0.698) balanced_accuracy: (test=0.772) f1: (test=0.645) roc_auc: (test=0.917) 2.57min
[fit 57/81] END reg_alpha=1, reg_lambda=0.02; total=2625, TP=68, TN=2484, FP=16, FN=57; precision=0.810, recall=0.544
accuracy: (test=0.972) average_precision: (test=0.710) balanced_accuracy: (test=0.769) f1: (test=0.651) roc_auc: (test=0.924) 2.64min
[fit 58/81] END reg_alpha=1, reg_lambda=0.05; total=2625, TP=73, TN=2489, FP=11, FN=52; precision=0.869, recall=0.584
accuracy: (test=0.976) average_precision: (test=0.713) balanced_accuracy: (test=0.790) f1: (test=0.699) roc_auc: (test=0.917) 2.59min
[fit 59/81] END reg_alpha=1, reg_lambda=0.1; total=2625, TP=71, TN=2482, FP=18, FN=54; precision=0.798, recall=0.568
accuracy: (test=0.973) average_precision: (test=0.714) balanced_accuracy: (test=0.780) f1: (test=0.664) roc_auc: (test=0.921) 2.59min
[fit 60/81] END reg_alpha=1, reg_lambda=0.5; total=2625, TP=68, TN=2484, FP=16, FN=57; precision=0.810, recall=0.544
accuracy: (test=0.972) average_precision: (test=0.713) balanced_accuracy: (test=0.769) f1: (test=0.651) roc_auc: (test=0.920) 2.69min
[fit 61/81] END reg_alpha=1, reg_lambda=1; total=2625, TP=70, TN=2485, FP=15, FN=55; precision=0.824, recall=0.560
accuracy: (test=0.973) average_precision: (test=0.710) balanced_accuracy: (test=0.777) f1: (test=0.667) roc_auc: (test=0.919) 2.69min
[fit 62/81] END reg_alpha=1, reg_lambda=2; total=2625, TP=68, TN=2484, FP=16, FN=57; precision=0.810, recall=0.544
accuracy: (test=0.972) average_precision: (test=0.720) balanced_accuracy: (test=0.769) f1: (test=0.651) roc_auc: (test=0.923) 2.80min
[fit 63/81] END reg_alpha=1, reg_lambda=3; total=2625, TP=66, TN=2486, FP=14, FN=59; precision=0.825, recall=0.528
accuracy: (test=0.972) average_precision: (test=0.710) balanced_accuracy: (test=0.761) f1: (test=0.644) roc_auc: (test=0.920) 2.88min
[fit 64/81] END reg_alpha=2, reg_lambda=0; total=2625, TP=69, TN=2485, FP=15, FN=56; precision=0.821, recall=0.552
accuracy: (test=0.973) average_precision: (test=0.706) balanced_accuracy: (test=0.773) f1: (test=0.660) roc_auc: (test=0.915) 2.53min
[fit 65/81] END reg_alpha=2, reg_lambda=0.01; total=2625, TP=67, TN=2482, FP=18, FN=58; precision=0.788, recall=0.536
accuracy: (test=0.971) average_precision: (test=0.699) balanced_accuracy: (test=0.764) f1: (test=0.638) roc_auc: (test=0.907) 2.57min
[fit 66/81] END reg_alpha=2, reg_lambda=0.02; total=2625, TP=70, TN=2482, FP=18, FN=55; precision=0.795, recall=0.560
accuracy: (test=0.972) average_precision: (test=0.703) balanced_accuracy: (test=0.776) f1: (test=0.657) roc_auc: (test=0.913) 2.56min
[fit 67/81] END reg_alpha=2, reg_lambda=0.05; total=2625, TP=71, TN=2485, FP=15, FN=54; precision=0.826, recall=0.568
accuracy: (test=0.974) average_precision: (test=0.716) balanced_accuracy: (test=0.781) f1: (test=0.673) roc_auc: (test=0.916) 2.62min
[fit 68/81] END reg_alpha=2, reg_lambda=0.1; total=2625, TP=70, TN=2486, FP=14, FN=55; precision=0.833, recall=0.560
accuracy: (test=0.974) average_precision: (test=0.707) balanced_accuracy: (test=0.777) f1: (test=0.670) roc_auc: (test=0.914) 2.56min
[fit 69/81] END reg_alpha=2, reg_lambda=0.5; total=2625, TP=73, TN=2482, FP=18, FN=52; precision=0.802, recall=0.584
accuracy: (test=0.973) average_precision: (test=0.705) balanced_accuracy: (test=0.788) f1: (test=0.676) roc_auc: (test=0.915) 2.62min
[fit 70/81] END reg_alpha=2, reg_lambda=1; total=2625, TP=71, TN=2479, FP=21, FN=54; precision=0.772, recall=0.568
accuracy: (test=0.971) average_precision: (test=0.709) balanced_accuracy: (test=0.780) f1: (test=0.654) roc_auc: (test=0.914) 2.72min
[fit 71/81] END reg_alpha=2, reg_lambda=2; total=2625, TP=69, TN=2485, FP=15, FN=56; precision=0.821, recall=0.552
accuracy: (test=0.973) average_precision: (test=0.690) balanced_accuracy: (test=0.773) f1: (test=0.660) roc_auc: (test=0.912) 2.72min
[fit 72/81] END reg_alpha=2, reg_lambda=3; total=2625, TP=73, TN=2483, FP=17, FN=52; precision=0.811, recall=0.584
accuracy: (test=0.974) average_precision: (test=0.720) balanced_accuracy: (test=0.789) f1: (test=0.679) roc_auc: (test=0.920) 2.84min
[fit 73/81] END reg_alpha=3, reg_lambda=0; total=2625, TP=70, TN=2486, FP=14, FN=55; precision=0.833, recall=0.560
accuracy: (test=0.974) average_precision: (test=0.705) balanced_accuracy: (test=0.777) f1: (test=0.670) roc_auc: (test=0.909) 2.51min
[fit 74/81] END reg_alpha=3, reg_lambda=0.01; total=2625, TP=73, TN=2483, FP=17, FN=52; precision=0.811, recall=0.584
accuracy: (test=0.974) average_precision: (test=0.715) balanced_accuracy: (test=0.789) f1: (test=0.679) roc_auc: (test=0.920) 2.49min
[fit 75/81] END reg_alpha=3, reg_lambda=0.02; total=2625, TP=71, TN=2484, FP=16, FN=54; precision=0.816, recall=0.568
accuracy: (test=0.973) average_precision: (test=0.717) balanced_accuracy: (test=0.781) f1: (test=0.670) roc_auc: (test=0.921) 2.56min
[fit 76/81] END reg_alpha=3, reg_lambda=0.05; total=2625, TP=71, TN=2477, FP=23, FN=54; precision=0.755, recall=0.568
accuracy: (test=0.971) average_precision: (test=0.713) balanced_accuracy: (test=0.779) f1: (test=0.648) roc_auc: (test=0.918) 2.46min
[fit 77/81] END reg_alpha=3, reg_lambda=0.1; total=2625, TP=72, TN=2483, FP=17, FN=53; precision=0.809, recall=0.576
accuracy: (test=0.973) average_precision: (test=0.710) balanced_accuracy: (test=0.785) f1: (test=0.673) roc_auc: (test=0.913) 2.54min
[fit 78/81] END reg_alpha=3, reg_lambda=0.5; total=2625, TP=69, TN=2485, FP=15, FN=56; precision=0.821, recall=0.552
accuracy: (test=0.973) average_precision: (test=0.696) balanced_accuracy: (test=0.773) f1: (test=0.660) roc_auc: (test=0.911) 2.52min
[fit 79/81] END reg_alpha=3, reg_lambda=1; total=2625, TP=70, TN=2483, FP=17, FN=55; precision=0.805, recall=0.560
accuracy: (test=0.973) average_precision: (test=0.714) balanced_accuracy: (test=0.777) f1: (test=0.660) roc_auc: (test=0.923) 2.62min
[fit 80/81] END reg_alpha=3, reg_lambda=2; total=2625, TP=67, TN=2481, FP=19, FN=58; precision=0.779, recall=0.536
accuracy: (test=0.971) average_precision: (test=0.712) balanced_accuracy: (test=0.764) f1: (test=0.635) roc_auc: (test=0.912) 2.69min
[fit 81/81] END reg_alpha=3, reg_lambda=3; total=2625, TP=74, TN=2483, FP=17, FN=51; precision=0.813, recall=0.592
accuracy: (test=0.974) average_precision: (test=0.709) balanced_accuracy: (test=0.793) f1: (test=0.685) roc_auc: (test=0.908) 2.75min
clf.best_estimator_params: {'reg_alpha': 0, 'reg_lambda': 1}
best params found in line [8] for metric [roc_auc] in rank file
best params found in fit [7] for metric [roc_auc] in run_and_score file
clf.best_scoring_result: [Total: (test=2625) TP: (test=69.000) TN: (test=2486.000) FP: (test=14.000) FN: (test=56.000) precision: (test=0.831) recall: (test=0.552) accuracy: (test=0.973) average_precision: (test=0.726) balanced_accuracy: (test=0.773) f1: (test=0.663) roc_auc: (test=0.933) ]
write rank test to csv!!!
write over!!!
第六次
{'objective': 'binary:logistic', 'use_label_encoder': False, 'base_score': None, 'booster': None, 'colsample_bylevel': None, 'colsample_bynode': None, 'colsample_bytree': 0.8, 'gamma': 0, 'gpu_id': None, 'importance_type': 'gain', 'interaction_constraints': None, 'learning_rate': 0.1, 'max_delta_step': None, 'max_depth': 12, 'min_child_weight': 5, 'missing': nan, 'monotone_constraints': None, 'n_estimators': 1350, 'n_jobs': None, 'num_parallel_tree': None, 'random_state': None, 'reg_alpha': 0, 'reg_lambda': 1, 'scale_pos_weight': None, 'subsample': 0.8, 'tree_method': 'gpu_hist', 'validate_parameters': None, 'verbosity': None, 'seed': 0, 'eval_metric': 'logloss'}
Fitting, totalling 9 fits
[fit 1/9] END learning_rate=0.001; total=2625, TP=80, TN=2444, FP=56, FN=45; precision=0.588, recall=0.640
accuracy: (test=0.962) average_precision: (test=0.598) balanced_accuracy: (test=0.809) f1: (test=0.613) roc_auc: (test=0.895) 21.94min
[fit 2/9] END learning_rate=0.01; total=2625, TP=70, TN=2479, FP=21, FN=55; precision=0.769, recall=0.560
accuracy: (test=0.971) average_precision: (test=0.717) balanced_accuracy: (test=0.776) f1: (test=0.648) roc_auc: (test=0.925) 10.31min
[fit 3/9] END learning_rate=0.05; total=2625, TP=69, TN=2487, FP=13, FN=56; precision=0.841, recall=0.552
accuracy: (test=0.974) average_precision: (test=0.721) balanced_accuracy: (test=0.773) f1: (test=0.667) roc_auc: (test=0.924) 3.93min
[fit 4/9] END learning_rate=0.07; total=2625, TP=70, TN=2484, FP=16, FN=55; precision=0.814, recall=0.560
accuracy: (test=0.973) average_precision: (test=0.722) balanced_accuracy: (test=0.777) f1: (test=0.664) roc_auc: (test=0.918) 3.16min
[fit 5/9] END learning_rate=0.1; total=2625, TP=69, TN=2486, FP=14, FN=56; precision=0.831, recall=0.552
accuracy: (test=0.973) average_precision: (test=0.726) balanced_accuracy: (test=0.773) f1: (test=0.663) roc_auc: (test=0.933) 2.51min
[fit 6/9] END learning_rate=0.2; total=2625, TP=69, TN=2480, FP=20, FN=56; precision=0.775, recall=0.552
accuracy: (test=0.971) average_precision: (test=0.693) balanced_accuracy: (test=0.772) f1: (test=0.645) roc_auc: (test=0.898) 1.73min
[fit 7/9] END learning_rate=0.5; total=2625, TP=69, TN=2479, FP=21, FN=56; precision=0.767, recall=0.552
accuracy: (test=0.971) average_precision: (test=0.664) balanced_accuracy: (test=0.772) f1: (test=0.642) roc_auc: (test=0.898) 1.14min
[fit 8/9] END learning_rate=0.75; total=2625, TP=74, TN=2456, FP=44, FN=51; precision=0.627, recall=0.592
accuracy: (test=0.964) average_precision: (test=0.651) balanced_accuracy: (test=0.787) f1: (test=0.609) roc_auc: (test=0.906) 55.91s
[fit 9/9] END learning_rate=1.0; total=2625, TP=66, TN=2448, FP=52, FN=59; precision=0.559, recall=0.528
accuracy: (test=0.958) average_precision: (test=0.582) balanced_accuracy: (test=0.754) f1: (test=0.543) roc_auc: (test=0.881) 52.41s
clf.best_estimator_params: {'learning_rate': 0.1}
best params found in line [6] for metric [roc_auc] in rank file
best params found in fit [5] for metric [roc_auc] in run_and_score file
clf.best_scoring_result: [Total: (test=2625) TP: (test=69.000) TN: (test=2486.000) FP: (test=14.000) FN: (test=56.000) precision: (test=0.831) recall: (test=0.552) accuracy: (test=0.973) average_precision: (test=0.726) balanced_accuracy: (test=0.773) f1: (test=0.663) roc_auc: (test=0.933) ]
write rank test to csv!!!
write over!!!
total time spending: 8h 1m 44s
best_params_result: {'n_estimators': 1350, 'max_depth': 12, 'min_child_weight': 5, 'gamma': 0, 'colsample_bytree': 0.8, 'subsample': 0.8, 'reg_alpha': 0, 'reg_lambda': 1, 'learning_rate': 0.1}
