nohup: ignoring input
experiment: GM12878 pseknc_deepforest
trainSet len: 76020
testSet len: 4431
Fitting, totalling 144 fits
[fit 3/144] END max_layers=20, n_estimators=2, n_trees=50, predictors=forest, use_predictor=True; accuracy: (test=0.976) average_precision: (test=0.576) balanced_accuracy: (test=0.746) f1: (test=0.660) roc_auc: (test=0.777) 2.98min
[fit 4/144] END max_layers=20, n_estimators=2, n_trees=100, predictors=xgboost, use_predictor=True; accuracy: (test=0.977) average_precision: (test=0.641) balanced_accuracy: (test=0.761) f1: (test=0.685) roc_auc: (test=0.822) 4.03min
[fit 7/144] END max_layers=20, n_estimators=2, n_trees=150, predictors=xgboost, use_predictor=True; accuracy: (test=0.978) average_precision: (test=0.655) balanced_accuracy: (test=0.770) f1: (test=0.702) roc_auc: (test=0.834) 5.91min
[fit 10/144] END max_layers=20, n_estimators=2, n_trees=200, predictors=xgboost, use_predictor=True; accuracy: (test=0.977) average_precision: (test=0.685) balanced_accuracy: (test=0.767) f1: (test=0.691) roc_auc: (test=0.850) 7.72min
[fit 13/144] END max_layers=20, n_estimators=5, n_trees=50, predictors=xgboost, use_predictor=True; accuracy: (test=0.977) average_precision: (test=0.561) balanced_accuracy: (test=0.754) f1: (test=0.673) roc_auc: (test=0.769) 5.67min
[fit 16/144] END max_layers=20, n_estimators=5, n_trees=100, predictors=xgboost, use_predictor=True; accuracy: (test=0.976) average_precision: (test=0.557) balanced_accuracy: (test=0.749) f1: (test=0.665) roc_auc: (test=0.767) 9.75min
[fit 19/144] END max_layers=20, n_estimators=5, n_trees=150, predictors=xgboost, use_predictor=True; accuracy: (test=0.977) average_precision: (test=0.646) balanced_accuracy: (test=0.763) f1: (test=0.689) roc_auc: (test=0.815) 10.31min
[fit 22/144] END max_layers=20, n_estimators=5, n_trees=200, predictors=xgboost, use_predictor=True; accuracy: (test=0.976) average_precision: (test=0.661) balanced_accuracy: (test=0.753) f1: (test=0.671) roc_auc: (test=0.825) 13.61min
[fit 25/144] END max_layers=20, n_estimators=8, n_trees=50, predictors=xgboost, use_predictor=True; accuracy: (test=0.976) average_precision: (test=0.562) balanced_accuracy: (test=0.746) f1: (test=0.660) roc_auc: (test=0.770) 9.66min
[fit 28/144] END max_layers=20, n_estimators=8, n_trees=100, predictors=xgboost, use_predictor=True; accuracy: (test=0.977) average_precision: (test=0.631) balanced_accuracy: (test=0.754) f1: (test=0.673) roc_auc: (test=0.807) 10.65min
[fit 31/144] END max_layers=20, n_estimators=8, n_trees=150, predictors=xgboost, use_predictor=True; accuracy: (test=0.976) average_precision: (test=0.626) balanced_accuracy: (test=0.751) f1: (test=0.669) roc_auc: (test=0.805) 15.40min
[fit 1/144] END max_layers=20, n_estimators=2, n_trees=50, predictors=xgboost, use_predictor=True; accuracy: (test=0.976) average_precision: (test=0.576) balanced_accuracy: (test=0.746) f1: (test=0.660) roc_auc: (test=0.777) 3.04min
[fit 5/144] END max_layers=20, n_estimators=2, n_trees=100, predictors=lightgbm, use_predictor=True; accuracy: (test=0.977) average_precision: (test=0.641) balanced_accuracy: (test=0.761) f1: (test=0.685) roc_auc: (test=0.822) 4.08min
[fit 8/144] END max_layers=20, n_estimators=2, n_trees=150, predictors=lightgbm, use_predictor=True; accuracy: (test=0.978) average_precision: (test=0.655) balanced_accuracy: (test=0.770) f1: (test=0.702) roc_auc: (test=0.834) 6.03min
[fit 11/144] END max_layers=20, n_estimators=2, n_trees=200, predictors=lightgbm, use_predictor=True; accuracy: (test=0.977) average_precision: (test=0.685) balanced_accuracy: (test=0.767) f1: (test=0.691) roc_auc: (test=0.850) 7.95min
[fit 14/144] END max_layers=20, n_estimators=5, n_trees=50, predictors=lightgbm, use_predictor=True; accuracy: (test=0.977) average_precision: (test=0.561) balanced_accuracy: (test=0.754) f1: (test=0.673) roc_auc: (test=0.769) 5.71min
[fit 17/144] END max_layers=20, n_estimators=5, n_trees=100, predictors=lightgbm, use_predictor=True; accuracy: (test=0.976) average_precision: (test=0.557) balanced_accuracy: (test=0.749) f1: (test=0.665) roc_auc: (test=0.767) 9.91min
[fit 20/144] END max_layers=20, n_estimators=5, n_trees=150, predictors=lightgbm, use_predictor=True; accuracy: (test=0.977) average_precision: (test=0.646) balanced_accuracy: (test=0.763) f1: (test=0.689) roc_auc: (test=0.815) 10.57min
[fit 23/144] END max_layers=20, n_estimators=5, n_trees=200, predictors=lightgbm, use_predictor=True; accuracy: (test=0.976) average_precision: (test=0.661) balanced_accuracy: (test=0.753) f1: (test=0.671) roc_auc: (test=0.825) 13.85min
[fit 26/144] END max_layers=20, n_estimators=8, n_trees=50, predictors=lightgbm, use_predictor=True; accuracy: (test=0.976) average_precision: (test=0.562) balanced_accuracy: (test=0.746) f1: (test=0.660) roc_auc: (test=0.770) 9.70min
[fit 29/144] END max_layers=20, n_estimators=8, n_trees=100, predictors=lightgbm, use_predictor=True; accuracy: (test=0.977) average_precision: (test=0.631) balanced_accuracy: (test=0.754) f1: (test=0.673) roc_auc: (test=0.807) 11.02min
[fit 32/144] END max_layers=20, n_estimators=8, n_trees=150, predictors=lightgbm, use_predictor=True; accuracy: (test=0.976) average_precision: (test=0.626) balanced_accuracy: (test=0.751) f1: (test=0.669) roc_auc: (test=0.805) 15.77min
[fit 2/144] END max_layers=20, n_estimators=2, n_trees=50, predictors=lightgbm, use_predictor=True; accuracy: (test=0.976) average_precision: (test=0.576) balanced_accuracy: (test=0.746) f1: (test=0.660) roc_auc: (test=0.777) 3.04min
[fit 6/144] END max_layers=20, n_estimators=2, n_trees=100, predictors=forest, use_predictor=True; accuracy: (test=0.977) average_precision: (test=0.641) balanced_accuracy: (test=0.761) f1: (test=0.685) roc_auc: (test=0.822) 4.11min
[fit 9/144] END max_layers=20, n_estimators=2, n_trees=150, predictors=forest, use_predictor=True; accuracy: (test=0.978) average_precision: (test=0.655) balanced_accuracy: (test=0.770) f1: (test=0.702) roc_auc: (test=0.834) 6.04min
[fit 12/144] END max_layers=20, n_estimators=2, n_trees=200, predictors=forest, use_predictor=True; accuracy: (test=0.977) average_precision: (test=0.685) balanced_accuracy: (test=0.767) f1: (test=0.691) roc_auc: (test=0.850) 7.95min
[fit 15/144] END max_layers=20, n_estimators=5, n_trees=50, predictors=forest, use_predictor=True; accuracy: (test=0.977) average_precision: (test=0.561) balanced_accuracy: (test=0.754) f1: (test=0.673) roc_auc: (test=0.769) 5.75min
[fit 18/144] END max_layers=20, n_estimators=5, n_trees=100, predictors=forest, use_predictor=True; accuracy: (test=0.976) average_precision: (test=0.557) balanced_accuracy: (test=0.749) f1: (test=0.665) roc_auc: (test=0.767) 10.02min
[fit 21/144] END max_layers=20, n_estimators=5, n_trees=150, predictors=forest, use_predictor=True; accuracy: (test=0.977) average_precision: (test=0.646) balanced_accuracy: (test=0.763) f1: (test=0.689) roc_auc: (test=0.815) 10.56min
[fit 24/144] END max_layers=20, n_estimators=5, n_trees=200, predictors=forest, use_predictor=True; accuracy: (test=0.976) average_precision: (test=0.661) balanced_accuracy: (test=0.753) f1: (test=0.671) roc_auc: (test=0.825) 13.91min
[fit 27/144] END max_layers=20, n_estimators=8, n_trees=50, predictors=forest, use_predictor=True; accuracy: (test=0.976) average_precision: (test=0.562) balanced_accuracy: (test=0.746) f1: (test=0.660) roc_auc: (test=0.770) 9.66min
[fit 30/144] END max_layers=20, n_estimators=8, n_trees=100, predictors=forest, use_predictor=True; accuracy: (test=0.977) average_precision: (test=0.631) balanced_accuracy: (test=0.754) f1: (test=0.673) roc_auc: (test=0.807) 10.99min
[fit 33/144] END max_layers=20, n_estimators=8, n_trees=150, predictors=forest, use_predictor=True; accuracy: (test=0.976) average_precision: (test=0.626) balanced_accuracy: (test=0.751) f1: (test=0.669) roc_auc: (test=0.805) 15.83min
[fit 35/144] END max_layers=20, n_estimators=8, n_trees=200, predictors=lightgbm, use_predictor=True; accuracy: (test=0.977) average_precision: (test=0.651) balanced_accuracy: (test=0.756) f1: (test=0.677) roc_auc: (test=0.819) 21.12min
[fit 38/144] END max_layers=50, n_estimators=2, n_trees=50, predictors=lightgbm, use_predictor=True; accuracy: (test=0.976) average_precision: (test=0.576) balanced_accuracy: (test=0.746) f1: (test=0.660) roc_auc: (test=0.777) 2.88min
[fit 41/144] END max_layers=50, n_estimators=2, n_trees=100, predictors=lightgbm, use_predictor=True; accuracy: (test=0.977) average_precision: (test=0.641) balanced_accuracy: (test=0.761) f1: (test=0.685) roc_auc: (test=0.822) 3.97min
[fit 44/144] END max_layers=50, n_estimators=2, n_trees=150, predictors=lightgbm, use_predictor=True; accuracy: (test=0.978) average_precision: (test=0.655) balanced_accuracy: (test=0.770) f1: (test=0.702) roc_auc: (test=0.834) 5.85min
[fit 47/144] END max_layers=50, n_estimators=2, n_trees=200, predictors=lightgbm, use_predictor=True; accuracy: (test=0.977) average_precision: (test=0.685) balanced_accuracy: (test=0.767) f1: (test=0.691) roc_auc: (test=0.850) 7.74min
[fit 50/144] END max_layers=50, n_estimators=5, n_trees=50, predictors=lightgbm, use_predictor=True; accuracy: (test=0.977) average_precision: (test=0.561) balanced_accuracy: (test=0.754) f1: (test=0.673) roc_auc: (test=0.769) 5.39min
[fit 53/144] END max_layers=50, n_estimators=5, n_trees=100, predictors=lightgbm, use_predictor=True; accuracy: (test=0.976) average_precision: (test=0.557) balanced_accuracy: (test=0.749) f1: (test=0.665) roc_auc: (test=0.767) 9.68min
[fit 56/144] END max_layers=50, n_estimators=5, n_trees=150, predictors=lightgbm, use_predictor=True; accuracy: (test=0.977) average_precision: (test=0.646) balanced_accuracy: (test=0.763) f1: (test=0.689) roc_auc: (test=0.815) 10.32min
[fit 59/144] END max_layers=50, n_estimators=5, n_trees=200, predictors=lightgbm, use_predictor=True; accuracy: (test=0.976) average_precision: (test=0.661) balanced_accuracy: (test=0.753) f1: (test=0.671) roc_auc: (test=0.825) 13.79min
[fit 62/144] END max_layers=50, n_estimators=8, n_trees=50, predictors=lightgbm, use_predictor=True; accuracy: (test=0.976) average_precision: (test=0.562) balanced_accuracy: (test=0.746) f1: (test=0.660) roc_auc: (test=0.770) 9.50min
[fit 65/144] END max_layers=50, n_estimators=8, n_trees=100, predictors=lightgbm, use_predictor=True; accuracy: (test=0.977) average_precision: (test=0.631) balanced_accuracy: (test=0.754) f1: (test=0.673) roc_auc: (test=0.807) 10.70min
[fit 68/144] END max_layers=50, n_estimators=8, n_trees=150, predictors=lightgbm, use_predictor=True; accuracy: (test=0.976) average_precision: (test=0.626) balanced_accuracy: (test=0.751) f1: (test=0.669) roc_auc: (test=0.805) 15.49min
[fit 71/144] END max_layers=50, n_estimators=8, n_trees=200, predictors=lightgbm, use_predictor=True; accuracy: (test=0.977) average_precision: (test=0.651) balanced_accuracy: (test=0.756) f1: (test=0.677) roc_auc: (test=0.819) 21.05min
[fit 75/144] END max_layers=80, n_estimators=2, n_trees=50, predictors=forest, use_predictor=True; accuracy: (test=0.976) average_precision: (test=0.576) balanced_accuracy: (test=0.746) f1: (test=0.660) roc_auc: (test=0.777) 2.87min
[fit 78/144] END max_layers=80, n_estimators=2, n_trees=100, predictors=forest, use_predictor=True; accuracy: (test=0.977) average_precision: (test=0.641) balanced_accuracy: (test=0.761) f1: (test=0.685) roc_auc: (test=0.822) 3.85min
[fit 81/144] END max_layers=80, n_estimators=2, n_trees=150, predictors=forest, use_predictor=True; accuracy: (test=0.978) average_precision: (test=0.655) balanced_accuracy: (test=0.770) f1: (test=0.702) roc_auc: (test=0.834) 5.72min
[fit 84/144] END max_layers=80, n_estimators=2, n_trees=200, predictors=forest, use_predictor=True; accuracy: (test=0.977) average_precision: (test=0.685) balanced_accuracy: (test=0.767) f1: (test=0.691) roc_auc: (test=0.850) 7.67min
[fit 87/144] END max_layers=80, n_estimators=5, n_trees=50, predictors=forest, use_predictor=True; accuracy: (test=0.977) average_precision: (test=0.561) balanced_accuracy: (test=0.754) f1: (test=0.673) roc_auc: (test=0.769) 5.27min
[fit 90/144] END max_layers=80, n_estimators=5, n_trees=100, predictors=forest, use_predictor=True; accuracy: (test=0.976) average_precision: (test=0.557) balanced_accuracy: (test=0.749) f1: (test=0.665) roc_auc: (test=0.767) 9.66min
[fit 93/144] END max_layers=80, n_estimators=5, n_trees=150, predictors=forest, use_predictor=True; accuracy: (test=0.977) average_precision: (test=0.646) balanced_accuracy: (test=0.763) f1: (test=0.689) roc_auc: (test=0.815) 10.25min
[fit 96/144] END max_layers=80, n_estimators=5, n_trees=200, predictors=forest, use_predictor=True; accuracy: (test=0.976) average_precision: (test=0.661) balanced_accuracy: (test=0.753) f1: (test=0.671) roc_auc: (test=0.825) 13.65min
[fit 99/144] END max_layers=80, n_estimators=8, n_trees=50, predictors=forest, use_predictor=True; accuracy: (test=0.976) average_precision: (test=0.562) balanced_accuracy: (test=0.746) f1: (test=0.660) roc_auc: (test=0.770) 9.50min
[fit 102/144] END max_layers=80, n_estimators=8, n_trees=100, predictors=forest, use_predictor=True; accuracy: (test=0.977) average_precision: (test=0.631) balanced_accuracy: (test=0.754) f1: (test=0.673) roc_auc: (test=0.807) 10.74min
[fit 105/144] END max_layers=80, n_estimators=8, n_trees=150, predictors=forest, use_predictor=True; accuracy: (test=0.976) average_precision: (test=0.626) balanced_accuracy: (test=0.751) f1: (test=0.669) roc_auc: (test=0.805) 15.49min
[fit 108/144] END max_layers=80, n_estimators=8, n_trees=200, predictors=forest, use_predictor=True; accuracy: (test=0.977) average_precision: (test=0.651) balanced_accuracy: (test=0.756) f1: (test=0.677) roc_auc: (test=0.819) 20.77min
[fit 112/144] END max_layers=20, n_estimators=2, n_trees=200; accuracy: (test=0.977) average_precision: (test=0.762) balanced_accuracy: (test=0.756) f1: (test=0.675) roc_auc: (test=0.910) 7.12min
[fit 115/144] END max_layers=20, n_estimators=5, n_trees=150; accuracy: (test=0.976) average_precision: (test=0.767) balanced_accuracy: (test=0.753) f1: (test=0.671) roc_auc: (test=0.924) 9.92min
[fit 118/144] END max_layers=20, n_estimators=8, n_trees=100; accuracy: (test=0.977) average_precision: (test=0.761) balanced_accuracy: (test=0.756) f1: (test=0.677) roc_auc: (test=0.912) 10.01min
[fit 121/144] END max_layers=50, n_estimators=2, n_trees=50; accuracy: (test=0.976) average_precision: (test=0.638) balanced_accuracy: (test=0.749) f1: (test=0.665) roc_auc: (test=0.833) 2.78min
[fit 122/144] END max_layers=50, n_estimators=2, n_trees=100; accuracy: (test=0.978) average_precision: (test=0.736) balanced_accuracy: (test=0.765) f1: (test=0.693) roc_auc: (test=0.906) 4.11min
[fit 123/144] END max_layers=50, n_estimators=2, n_trees=150; accuracy: (test=0.977) average_precision: (test=0.735) balanced_accuracy: (test=0.763) f1: (test=0.689) roc_auc: (test=0.901) 5.74min
[fit 125/144] END max_layers=50, n_estimators=5, n_trees=50; accuracy: (test=0.976) average_precision: (test=0.622) balanced_accuracy: (test=0.751) f1: (test=0.669) roc_auc: (test=0.803) 5.42min
[fit 128/144] END max_layers=50, n_estimators=5, n_trees=200; accuracy: (test=0.977) average_precision: (test=0.772) balanced_accuracy: (test=0.756) f1: (test=0.677) roc_auc: (test=0.927) 12.97min
[fit 131/144] END max_layers=50, n_estimators=8, n_trees=150; accuracy: (test=0.977) average_precision: (test=0.763) balanced_accuracy: (test=0.756) f1: (test=0.675) roc_auc: (test=0.911) 14.54min
[fit 136/144] END max_layers=80, n_estimators=2, n_trees=200; accuracy: (test=0.977) average_precision: (test=0.762) balanced_accuracy: (test=0.756) f1: (test=0.675) roc_auc: (test=0.910) 7.69min
[fit 138/144] END max_layers=80, n_estimators=5, n_trees=100; accuracy: (test=0.976) average_precision: (test=0.708) balanced_accuracy: (test=0.749) f1: (test=0.665) roc_auc: (test=0.863) 9.24min
[fit 141/144] END max_layers=80, n_estimators=8, n_trees=50; accuracy: (test=0.976) average_precision: (test=0.578) balanced_accuracy: (test=0.749) f1: (test=0.665) roc_auc: (test=0.778) 9.21min[fit 34/144] END max_layers=20, n_estimators=8, n_trees=200, predictors=xgboost, use_predictor=True; accuracy: (test=0.977) average_precision: (test=0.651) balanced_accuracy: (test=0.756) f1: (test=0.677) roc_auc: (test=0.819) 20.33min
[fit 37/144] END max_layers=50, n_estimators=2, n_trees=50, predictors=xgboost, use_predictor=True; accuracy: (test=0.976) average_precision: (test=0.576) balanced_accuracy: (test=0.746) f1: (test=0.660) roc_auc: (test=0.777) 3.23min
[fit 40/144] END max_layers=50, n_estimators=2, n_trees=100, predictors=xgboost, use_predictor=True; accuracy: (test=0.977) average_precision: (test=0.641) balanced_accuracy: (test=0.761) f1: (test=0.685) roc_auc: (test=0.822) 3.88min
[fit 43/144] END max_layers=50, n_estimators=2, n_trees=150, predictors=xgboost, use_predictor=True; accuracy: (test=0.978) average_precision: (test=0.655) balanced_accuracy: (test=0.770) f1: (test=0.702) roc_auc: (test=0.834) 5.77min
[fit 46/144] END max_layers=50, n_estimators=2, n_trees=200, predictors=xgboost, use_predictor=True; accuracy: (test=0.977) average_precision: (test=0.685) balanced_accuracy: (test=0.767) f1: (test=0.691) roc_auc: (test=0.850) 7.53min
[fit 49/144] END max_layers=50, n_estimators=5, n_trees=50, predictors=xgboost, use_predictor=True; accuracy: (test=0.977) average_precision: (test=0.561) balanced_accuracy: (test=0.754) f1: (test=0.673) roc_auc: (test=0.769) 5.47min
[fit 52/144] END max_layers=50, n_estimators=5, n_trees=100, predictors=xgboost, use_predictor=True; accuracy: (test=0.976) average_precision: (test=0.557) balanced_accuracy: (test=0.749) f1: (test=0.665) roc_auc: (test=0.767) 9.44min
[fit 55/144] END max_layers=50, n_estimators=5, n_trees=150, predictors=xgboost, use_predictor=True; accuracy: (test=0.977) average_precision: (test=0.646) balanced_accuracy: (test=0.763) f1: (test=0.689) roc_auc: (test=0.815) 9.97min
[fit 58/144] END max_layers=50, n_estimators=5, n_trees=200, predictors=xgboost, use_predictor=True; accuracy: (test=0.976) average_precision: (test=0.661) balanced_accuracy: (test=0.753) f1: (test=0.671) roc_auc: (test=0.825) 13.25min
[fit 61/144] END max_layers=50, n_estimators=8, n_trees=50, predictors=xgboost, use_predictor=True; accuracy: (test=0.976) average_precision: (test=0.562) balanced_accuracy: (test=0.746) f1: (test=0.660) roc_auc: (test=0.770) 9.61min
[fit 64/144] END max_layers=50, n_estimators=8, n_trees=100, predictors=xgboost, use_predictor=True; accuracy: (test=0.977) average_precision: (test=0.631) balanced_accuracy: (test=0.754) f1: (test=0.673) roc_auc: (test=0.807) 10.16min
[fit 67/144] END max_layers=50, n_estimators=8, n_trees=150, predictors=xgboost, use_predictor=True; accuracy: (test=0.976) average_precision: (test=0.626) balanced_accuracy: (test=0.751) f1: (test=0.669) roc_auc: (test=0.805) 14.76min
[fit 70/144] END max_layers=50, n_estimators=8, n_trees=200, predictors=xgboost, use_predictor=True; accuracy: (test=0.977) average_precision: (test=0.651) balanced_accuracy: (test=0.756) f1: (test=0.677) roc_auc: (test=0.819) 19.93min
[fit 73/144] END max_layers=80, n_estimators=2, n_trees=50, predictors=xgboost, use_predictor=True; accuracy: (test=0.976) average_precision: (test=0.576) balanced_accuracy: (test=0.746) f1: (test=0.660) roc_auc: (test=0.777) 3.36min
[fit 74/144] END max_layers=80, n_estimators=2, n_trees=50, predictors=lightgbm, use_predictor=True; accuracy: (test=0.976) average_precision: (test=0.576) balanced_accuracy: (test=0.746) f1: (test=0.660) roc_auc: (test=0.777) 3.24min
[fit 77/144] END max_layers=80, n_estimators=2, n_trees=100, predictors=lightgbm, use_predictor=True; accuracy: (test=0.977) average_precision: (test=0.641) balanced_accuracy: (test=0.761) f1: (test=0.685) roc_auc: (test=0.822) 3.95min
[fit 80/144] END max_layers=80, n_estimators=2, n_trees=150, predictors=lightgbm, use_predictor=True; accuracy: (test=0.978) average_precision: (test=0.655) balanced_accuracy: (test=0.770) f1: (test=0.702) roc_auc: (test=0.834) 5.79min
[fit 83/144] END max_layers=80, n_estimators=2, n_trees=200, predictors=lightgbm, use_predictor=True; accuracy: (test=0.977) average_precision: (test=0.685) balanced_accuracy: (test=0.767) f1: (test=0.691) roc_auc: (test=0.850) 7.64min
[fit 86/144] END max_layers=80, n_estimators=5, n_trees=50, predictors=lightgbm, use_predictor=True; accuracy: (test=0.977) average_precision: (test=0.561) balanced_accuracy: (test=0.754) f1: (test=0.673) roc_auc: (test=0.769) 5.55min
[fit 89/144] END max_layers=80, n_estimators=5, n_trees=100, predictors=lightgbm, use_predictor=True; accuracy: (test=0.976) average_precision: (test=0.557) balanced_accuracy: (test=0.749) f1: (test=0.665) roc_auc: (test=0.767) 9.68min
[fit 92/144] END max_layers=80, n_estimators=5, n_trees=150, predictors=lightgbm, use_predictor=True; accuracy: (test=0.977) average_precision: (test=0.646) balanced_accuracy: (test=0.763) f1: (test=0.689) roc_auc: (test=0.815) 10.28min
[fit 95/144] END max_layers=80, n_estimators=5, n_trees=200, predictors=lightgbm, use_predictor=True; accuracy: (test=0.976) average_precision: (test=0.661) balanced_accuracy: (test=0.753) f1: (test=0.671) roc_auc: (test=0.825) 13.60min
[fit 98/144] END max_layers=80, n_estimators=8, n_trees=50, predictors=lightgbm, use_predictor=True; accuracy: (test=0.976) average_precision: (test=0.562) balanced_accuracy: (test=0.746) f1: (test=0.660) roc_auc: (test=0.770) 9.64min
[fit 101/144] END max_layers=80, n_estimators=8, n_trees=100, predictors=lightgbm, use_predictor=True; accuracy: (test=0.977) average_precision: (test=0.631) balanced_accuracy: (test=0.754) f1: (test=0.673) roc_auc: (test=0.807) 10.65min
[fit 104/144] END max_layers=80, n_estimators=8, n_trees=150, predictors=lightgbm, use_predictor=True; accuracy: (test=0.976) average_precision: (test=0.626) balanced_accuracy: (test=0.751) f1: (test=0.669) roc_auc: (test=0.805) 15.52min
[fit 107/144] END max_layers=80, n_estimators=8, n_trees=200, predictors=lightgbm, use_predictor=True; accuracy: (test=0.977) average_precision: (test=0.651) balanced_accuracy: (test=0.756) f1: (test=0.677) roc_auc: (test=0.819) 20.54min
[fit 110/144] END max_layers=20, n_estimators=2, n_trees=100; accuracy: (test=0.978) average_precision: (test=0.736) balanced_accuracy: (test=0.765) f1: (test=0.693) roc_auc: (test=0.906) 3.70min
[fit 113/144] END max_layers=20, n_estimators=5, n_trees=50; accuracy: (test=0.976) average_precision: (test=0.622) balanced_accuracy: (test=0.751) f1: (test=0.669) roc_auc: (test=0.803) 5.55min
[fit 116/144] END max_layers=20, n_estimators=5, n_trees=200; accuracy: (test=0.977) average_precision: (test=0.772) balanced_accuracy: (test=0.756) f1: (test=0.677) roc_auc: (test=0.927) 12.93min
[fit 119/144] END max_layers=20, n_estimators=8, n_trees=150; accuracy: (test=0.977) average_precision: (test=0.763) balanced_accuracy: (test=0.756) f1: (test=0.675) roc_auc: (test=0.911) 14.54min
[fit 124/144] END max_layers=50, n_estimators=2, n_trees=200; accuracy: (test=0.977) average_precision: (test=0.762) balanced_accuracy: (test=0.756) f1: (test=0.675) roc_auc: (test=0.910) 7.61min
[fit 126/144] END max_layers=50, n_estimators=5, n_trees=100; accuracy: (test=0.976) average_precision: (test=0.708) balanced_accuracy: (test=0.749) f1: (test=0.665) roc_auc: (test=0.863) 9.12min
[fit 129/144] END max_layers=50, n_estimators=8, n_trees=50; accuracy: (test=0.976) average_precision: (test=0.578) balanced_accuracy: (test=0.749) f1: (test=0.665) roc_auc: (test=0.778) 9.40min
[fit 132/144] END max_layers=50, n_estimators=8, n_trees=200; accuracy: (test=0.977) average_precision: (test=0.767) balanced_accuracy: (test=0.756) f1: (test=0.677) roc_auc: (test=0.914) 19.77min
[fit 139/144] END max_layers=80, n_estimators=5, n_trees=150; accuracy: (test=0.976) average_precision: (test=0.767) balanced_accuracy: (test=0.753) f1: (test=0.671) roc_auc: (test=0.924) 10.00min
[fit 142/144] END max_layers=80, n_estimators=8, n_trees=100; accuracy: (test=0.977) average_precision: (test=0.761) balanced_accuracy: (test=0.756) f1: (test=0.677) roc_auc: (test=0.912) 10.10min
[fit 36/144] END max_layers=20, n_estimators=8, n_trees=200, predictors=forest, use_predictor=True; accuracy: (test=0.977) average_precision: (test=0.651) balanced_accuracy: (test=0.756) f1: (test=0.677) roc_auc: (test=0.819) 21.11min
[fit 39/144] END max_layers=50, n_estimators=2, n_trees=50, predictors=forest, use_predictor=True; accuracy: (test=0.976) average_precision: (test=0.576) balanced_accuracy: (test=0.746) f1: (test=0.660) roc_auc: (test=0.777) 2.86min
[fit 42/144] END max_layers=50, n_estimators=2, n_trees=100, predictors=forest, use_predictor=True; accuracy: (test=0.977) average_precision: (test=0.641) balanced_accuracy: (test=0.761) f1: (test=0.685) roc_auc: (test=0.822) 3.93min
[fit 45/144] END max_layers=50, n_estimators=2, n_trees=150, predictors=forest, use_predictor=True; accuracy: (test=0.978) average_precision: (test=0.655) balanced_accuracy: (test=0.770) f1: (test=0.702) roc_auc: (test=0.834) 5.88min
[fit 48/144] END max_layers=50, n_estimators=2, n_trees=200, predictors=forest, use_predictor=True; accuracy: (test=0.977) average_precision: (test=0.685) balanced_accuracy: (test=0.767) f1: (test=0.691) roc_auc: (test=0.850) 7.73min
[fit 51/144] END max_layers=50, n_estimators=5, n_trees=50, predictors=forest, use_predictor=True; accuracy: (test=0.977) average_precision: (test=0.561) balanced_accuracy: (test=0.754) f1: (test=0.673) roc_auc: (test=0.769) 5.43min
[fit 54/144] END max_layers=50, n_estimators=5, n_trees=100, predictors=forest, use_predictor=True; accuracy: (test=0.976) average_precision: (test=0.557) balanced_accuracy: (test=0.749) f1: (test=0.665) roc_auc: (test=0.767) 9.70min
[fit 57/144] END max_layers=50, n_estimators=5, n_trees=150, predictors=forest, use_predictor=True; accuracy: (test=0.977) average_precision: (test=0.646) balanced_accuracy: (test=0.763) f1: (test=0.689) roc_auc: (test=0.815) 10.33min
[fit 60/144] END max_layers=50, n_estimators=5, n_trees=200, predictors=forest, use_predictor=True; accuracy: (test=0.976) average_precision: (test=0.661) balanced_accuracy: (test=0.753) f1: (test=0.671) roc_auc: (test=0.825) 13.79min
[fit 63/144] END max_layers=50, n_estimators=8, n_trees=50, predictors=forest, use_predictor=True; accuracy: (test=0.976) average_precision: (test=0.562) balanced_accuracy: (test=0.746) f1: (test=0.660) roc_auc: (test=0.770) 9.43min
[fit 66/144] END max_layers=50, n_estimators=8, n_trees=100, predictors=forest, use_predictor=True; accuracy: (test=0.977) average_precision: (test=0.631) balanced_accuracy: (test=0.754) f1: (test=0.673) roc_auc: (test=0.807) 10.77min
[fit 69/144] END max_layers=50, n_estimators=8, n_trees=150, predictors=forest, use_predictor=True; accuracy: (test=0.976) average_precision: (test=0.626) balanced_accuracy: (test=0.751) f1: (test=0.669) roc_auc: (test=0.805) 15.47min
[fit 72/144] END max_layers=50, n_estimators=8, n_trees=200, predictors=forest, use_predictor=True; accuracy: (test=0.977) average_precision: (test=0.651) balanced_accuracy: (test=0.756) f1: (test=0.677) roc_auc: (test=0.819) 21.06min
[fit 76/144] END max_layers=80, n_estimators=2, n_trees=100, predictors=xgboost, use_predictor=True; accuracy: (test=0.977) average_precision: (test=0.641) balanced_accuracy: (test=0.761) f1: (test=0.685) roc_auc: (test=0.822) 3.90min
[fit 79/144] END max_layers=80, n_estimators=2, n_trees=150, predictors=xgboost, use_predictor=True; accuracy: (test=0.978) average_precision: (test=0.655) balanced_accuracy: (test=0.770) f1: (test=0.702) roc_auc: (test=0.834) 5.77min
[fit 82/144] END max_layers=80, n_estimators=2, n_trees=200, predictors=xgboost, use_predictor=True; accuracy: (test=0.977) average_precision: (test=0.685) balanced_accuracy: (test=0.767) f1: (test=0.691) roc_auc: (test=0.850) 7.60min
[fit 85/144] END max_layers=80, n_estimators=5, n_trees=50, predictors=xgboost, use_predictor=True; accuracy: (test=0.977) average_precision: (test=0.561) balanced_accuracy: (test=0.754) f1: (test=0.673) roc_auc: (test=0.769) 5.52min
[fit 88/144] END max_layers=80, n_estimators=5, n_trees=100, predictors=xgboost, use_predictor=True; accuracy: (test=0.976) average_precision: (test=0.557) balanced_accuracy: (test=0.749) f1: (test=0.665) roc_auc: (test=0.767) 9.52min
[fit 91/144] END max_layers=80, n_estimators=5, n_trees=150, predictors=xgboost, use_predictor=True; accuracy: (test=0.977) average_precision: (test=0.646) balanced_accuracy: (test=0.763) f1: (test=0.689) roc_auc: (test=0.815) 10.16min
[fit 94/144] END max_layers=80, n_estimators=5, n_trees=200, predictors=xgboost, use_predictor=True; accuracy: (test=0.976) average_precision: (test=0.661) balanced_accuracy: (test=0.753) f1: (test=0.671) roc_auc: (test=0.825) 13.43min
[fit 97/144] END max_layers=80, n_estimators=8, n_trees=50, predictors=xgboost, use_predictor=True; accuracy: (test=0.976) average_precision: (test=0.562) balanced_accuracy: (test=0.746) f1: (test=0.660) roc_auc: (test=0.770) 9.75min
[fit 100/144] END max_layers=80, n_estimators=8, n_trees=100, predictors=xgboost, use_predictor=True; accuracy: (test=0.977) average_precision: (test=0.631) balanced_accuracy: (test=0.754) f1: (test=0.673) roc_auc: (test=0.807) 10.58min
[fit 103/144] END max_layers=80, n_estimators=8, n_trees=150, predictors=xgboost, use_predictor=True; accuracy: (test=0.976) average_precision: (test=0.626) balanced_accuracy: (test=0.751) f1: (test=0.669) roc_auc: (test=0.805) 15.35min
[fit 106/144] END max_layers=80, n_estimators=8, n_trees=200, predictors=xgboost, use_predictor=True; accuracy: (test=0.977) average_precision: (test=0.651) balanced_accuracy: (test=0.756) f1: (test=0.677) roc_auc: (test=0.819) 20.40min
[fit 109/144] END max_layers=20, n_estimators=2, n_trees=50; accuracy: (test=0.976) average_precision: (test=0.638) balanced_accuracy: (test=0.749) f1: (test=0.665) roc_auc: (test=0.833) 3.04min
[fit 111/144] END max_layers=20, n_estimators=2, n_trees=150; accuracy: (test=0.977) average_precision: (test=0.735) balanced_accuracy: (test=0.763) f1: (test=0.689) roc_auc: (test=0.901) 5.52min
[fit 114/144] END max_layers=20, n_estimators=5, n_trees=100; accuracy: (test=0.976) average_precision: (test=0.708) balanced_accuracy: (test=0.749) f1: (test=0.665) roc_auc: (test=0.863) 9.01min
[fit 117/144] END max_layers=20, n_estimators=8, n_trees=50; accuracy: (test=0.976) average_precision: (test=0.578) balanced_accuracy: (test=0.749) f1: (test=0.665) roc_auc: (test=0.778) 9.26min
[fit 120/144] END max_layers=20, n_estimators=8, n_trees=200; accuracy: (test=0.977) average_precision: (test=0.767) balanced_accuracy: (test=0.756) f1: (test=0.677) roc_auc: (test=0.914) 19.69min
[fit 127/144] END max_layers=50, n_estimators=5, n_trees=150; accuracy: (test=0.976) average_precision: (test=0.767) balanced_accuracy: (test=0.753) f1: (test=0.671) roc_auc: (test=0.924) 9.77min
[fit 130/144] END max_layers=50, n_estimators=8, n_trees=100; accuracy: (test=0.977) average_precision: (test=0.761) balanced_accuracy: (test=0.756) f1: (test=0.677) roc_auc: (test=0.912) 10.23min
[fit 133/144] END max_layers=80, n_estimators=2, n_trees=50; accuracy: (test=0.976) average_precision: (test=0.638) balanced_accuracy: (test=0.749) f1: (test=0.665) roc_auc: (test=0.833) 2.81min
[fit 134/144] END max_layers=80, n_estimators=2, n_trees=100; accuracy: (test=0.978) average_precision: (test=0.736) balanced_accuracy: (test=0.765) f1: (test=0.693) roc_auc: (test=0.906) 4.04min
[fit 135/144] END max_layers=80, n_estimators=2, n_trees=150; accuracy: (test=0.977) average_precision: (test=0.735) balanced_accuracy: (test=0.763) f1: (test=0.689) roc_auc: (test=0.901) 5.74min
[fit 137/144] END max_layers=80, n_estimators=5, n_trees=50; accuracy: (test=0.976) average_precision: (test=0.622) balanced_accuracy: (test=0.751) f1: (test=0.669) roc_auc: (test=0.803) 5.69min
[fit 140/144] END max_layers=80, n_estimators=5, n_trees=200; accuracy: (test=0.977) average_precision: (test=0.772) balanced_accuracy: (test=0.756) f1: (test=0.677) roc_auc: (test=0.927) 12.97min
[fit 143/144] END max_layers=80, n_estimators=8, n_trees=150; accuracy: (test=0.977) average_precision: (test=0.763) balanced_accuracy: (test=0.756) f1: (test=0.675) roc_auc: (test=0.911) 12.69min
[fit 144/144] END max_layers=80, n_estimators=8, n_trees=200; accuracy: (test=0.977) average_precision: (test=0.767) balanced_accuracy: (test=0.756) f1: (test=0.677) roc_auc: (test=0.914) 14.02min
write rank test to csv!!!
write over!!!
