nohup: ignoring input
experiment: IMR90 pseknc_deepforest
trainSet len: 45080
testSet len: 2625
Fitting, totalling 210 fits
[fit 3/210] END max_layers=20, n_estimators=2, n_trees=150; total=2625, TP=54, TN=2500, FP=0, FN=71
accuracy: (test=0.973) average_precision: (test=0.720) balanced_accuracy: (test=0.716) f1: (test=0.603) roc_auc: (test=0.903) 2.71min
[fit 6/210] END max_layers=20, n_estimators=2, n_trees=300; total=2625, TP=56, TN=2500, FP=0, FN=69
accuracy: (test=0.974) average_precision: (test=0.733) balanced_accuracy: (test=0.724) f1: (test=0.619) roc_auc: (test=0.906) 5.47min
[fit 9/210] END max_layers=20, n_estimators=5, n_trees=100; total=2625, TP=56, TN=2500, FP=0, FN=69
accuracy: (test=0.974) average_precision: (test=0.674) balanced_accuracy: (test=0.724) f1: (test=0.619) roc_auc: (test=0.870) 4.11min
[fit 12/210] END max_layers=20, n_estimators=5, n_trees=250; total=2625, TP=56, TN=2499, FP=1, FN=69
accuracy: (test=0.973) average_precision: (test=0.712) balanced_accuracy: (test=0.724) f1: (test=0.615) roc_auc: (test=0.917) 9.38min
/home/pbc/anaconda3/envs/ml/lib/python3.6/site-packages/joblib/externals/loky/process_executor.py:691: UserWarning: A worker stopped while some jobs were given to the executor. This can be caused by a too short worker timeout or by a memory leak.
  "timeout or by a memory leak.", UserWarning
[fit 2/210] END max_layers=20, n_estimators=2, n_trees=100; total=2625, TP=54, TN=2500, FP=0, FN=71
accuracy: (test=0.973) average_precision: (test=0.697) balanced_accuracy: (test=0.716) f1: (test=0.603) roc_auc: (test=0.901) 1.88min
[fit 5/210] END max_layers=20, n_estimators=2, n_trees=250; total=2625, TP=53, TN=2499, FP=1, FN=72
accuracy: (test=0.972) average_precision: (test=0.727) balanced_accuracy: (test=0.712) f1: (test=0.592) roc_auc: (test=0.901) 4.49min
[fit 8/210] END max_layers=20, n_estimators=5, n_trees=50; total=2625, TP=51, TN=2500, FP=0, FN=74
accuracy: (test=0.972) average_precision: (test=0.516) balanced_accuracy: (test=0.704) f1: (test=0.580) roc_auc: (test=0.748) 3.10min
[fit 10/210] END max_layers=20, n_estimators=5, n_trees=150; total=2625, TP=56, TN=2500, FP=0, FN=69
accuracy: (test=0.974) average_precision: (test=0.657) balanced_accuracy: (test=0.724) f1: (test=0.619) roc_auc: (test=0.862) 6.54min
[fit 13/210] END max_layers=20, n_estimators=5, n_trees=300; total=2625, TP=54, TN=2499, FP=1, FN=71
accuracy: (test=0.973) average_precision: (test=0.743) balanced_accuracy: (test=0.716) f1: (test=0.600) roc_auc: (test=0.930) 9.96min
[fit 1/210] END max_layers=20, n_estimators=2, n_trees=50; total=2625, TP=52, TN=2500, FP=0, FN=73
accuracy: (test=0.972) average_precision: (test=0.596) balanced_accuracy: (test=0.708) f1: (test=0.588) roc_auc: (test=0.819) 1.24min
[fit 4/210] END max_layers=20, n_estimators=2, n_trees=200; total=2625, TP=53, TN=2500, FP=0, FN=72
accuracy: (test=0.973) average_precision: (test=0.723) balanced_accuracy: (test=0.712) f1: (test=0.596) roc_auc: (test=0.905) 3.61min
[fit 7/210] END max_layers=20, n_estimators=2, n_trees=400; total=2625, TP=53, TN=2500, FP=0, FN=72
accuracy: (test=0.973) average_precision: (test=0.742) balanced_accuracy: (test=0.712) f1: (test=0.596) roc_auc: (test=0.915) 7.09min
[fit 11/210] END max_layers=20, n_estimators=5, n_trees=200; total=2625, TP=55, TN=2499, FP=1, FN=70
accuracy: (test=0.973) average_precision: (test=0.739) balanced_accuracy: (test=0.720) f1: (test=0.608) roc_auc: (test=0.924) 6.54min
[fit 14/210] END max_layers=20, n_estimators=5, n_trees=400; total=2625, TP=53, TN=2499, FP=1, FN=72
accuracy: (test=0.972) average_precision: (test=0.744) balanced_accuracy: (test=0.712) f1: (test=0.592) roc_auc: (test=0.921) 13.05min
[fit 15/210] END max_layers=20, n_estimators=8, n_trees=50; total=2625, TP=53, TN=2500, FP=0, FN=72
accuracy: (test=0.973) average_precision: (test=0.499) balanced_accuracy: (test=0.712) f1: (test=0.596) roc_auc: (test=0.733) 4.91min
[fit 17/210] END max_layers=20, n_estimators=8, n_trees=150; total=2625, TP=54, TN=2499, FP=1, FN=71
accuracy: (test=0.973) average_precision: (test=0.739) balanced_accuracy: (test=0.716) f1: (test=0.600) roc_auc: (test=0.927) 7.80min
[fit 16/210] END max_layers=20, n_estimators=8, n_trees=100; total=2625, TP=52, TN=2499, FP=1, FN=73
accuracy: (test=0.972) average_precision: (test=0.562) balanced_accuracy: (test=0.708) f1: (test=0.584) roc_auc: (test=0.770) 7.21min
[fit 19/210] END max_layers=20, n_estimators=8, n_trees=250; total=2625, TP=53, TN=2499, FP=1, FN=72
accuracy: (test=0.972) average_precision: (test=0.738) balanced_accuracy: (test=0.712) f1: (test=0.592) roc_auc: (test=0.920) 12.32min
[fit 18/210] END max_layers=20, n_estimators=8, n_trees=200; total=2625, TP=53, TN=2499, FP=1, FN=72
accuracy: (test=0.972) average_precision: (test=0.733) balanced_accuracy: (test=0.712) f1: (test=0.592) roc_auc: (test=0.915) 9.81min
[fit 21/210] END max_layers=20, n_estimators=8, n_trees=400; total=2625, TP=53, TN=2499, FP=1, FN=72
accuracy: (test=0.972) average_precision: (test=0.738) balanced_accuracy: (test=0.712) f1: (test=0.592) roc_auc: (test=0.927) 19.62min
[fit 22/210] END max_layers=20, n_estimators=10, n_trees=50; total=2625, TP=53, TN=2499, FP=1, FN=72
accuracy: (test=0.972) average_precision: (test=0.551) balanced_accuracy: (test=0.712) f1: (test=0.592) roc_auc: (test=0.767) 5.13min
[fit 24/210] END max_layers=20, n_estimators=10, n_trees=150; total=2625, TP=56, TN=2499, FP=1, FN=69
accuracy: (test=0.973) average_precision: (test=0.680) balanced_accuracy: (test=0.724) f1: (test=0.615) roc_auc: (test=0.858) 11.55min
[fit 20/210] END max_layers=20, n_estimators=8, n_trees=300; total=2625, TP=54, TN=2499, FP=1, FN=71
accuracy: (test=0.973) average_precision: (test=0.740) balanced_accuracy: (test=0.716) f1: (test=0.600) roc_auc: (test=0.924) 14.55min
[fit 23/210] END max_layers=20, n_estimators=10, n_trees=100; total=2625, TP=53, TN=2499, FP=1, FN=72
accuracy: (test=0.972) average_precision: (test=0.575) balanced_accuracy: (test=0.712) f1: (test=0.592) roc_auc: (test=0.779) 9.11min
[fit 25/210] END max_layers=20, n_estimators=10, n_trees=200; total=2625, TP=53, TN=2499, FP=1, FN=72
accuracy: (test=0.972) average_precision: (test=0.731) balanced_accuracy: (test=0.712) f1: (test=0.592) roc_auc: (test=0.912) 11.77min
[fit 28/210] END max_layers=20, n_estimators=10, n_trees=400; total=2625, TP=53, TN=2499, FP=1, FN=72
accuracy: (test=0.972) average_precision: (test=0.730) balanced_accuracy: (test=0.712) f1: (test=0.592) roc_auc: (test=0.905) 24.22min
[fit 26/210] END max_layers=20, n_estimators=10, n_trees=250; total=2625, TP=52, TN=2499, FP=1, FN=73
accuracy: (test=0.972) average_precision: (test=0.732) balanced_accuracy: (test=0.708) f1: (test=0.584) roc_auc: (test=0.901) 14.84min
[fit 29/210] END max_layers=20, n_estimators=13, n_trees=50; total=2625, TP=52, TN=2500, FP=0, FN=73
accuracy: (test=0.972) average_precision: (test=0.516) balanced_accuracy: (test=0.708) f1: (test=0.588) roc_auc: (test=0.746) 7.55min
[fit 31/210] END max_layers=20, n_estimators=13, n_trees=150; total=2625, TP=51, TN=2499, FP=1, FN=74
accuracy: (test=0.971) average_precision: (test=0.643) balanced_accuracy: (test=0.704) f1: (test=0.576) roc_auc: (test=0.824) 14.56min
[fit 34/210] END max_layers=20, n_estimators=13, n_trees=300; total=2625, TP=54, TN=2499, FP=1, FN=71
accuracy: (test=0.973) average_precision: (test=0.728) balanced_accuracy: (test=0.716) f1: (test=0.600) roc_auc: (test=0.905) 21.97min
[fit 27/210] END max_layers=20, n_estimators=10, n_trees=300; total=2625, TP=54, TN=2499, FP=1, FN=71
accuracy: (test=0.973) average_precision: (test=0.734) balanced_accuracy: (test=0.716) f1: (test=0.600) roc_auc: (test=0.918) 17.83min
[fit 30/210] END max_layers=20, n_estimators=13, n_trees=100; total=2625, TP=53, TN=2499, FP=1, FN=72
accuracy: (test=0.972) average_precision: (test=0.525) balanced_accuracy: (test=0.712) f1: (test=0.592) roc_auc: (test=0.752) 13.38min
[fit 32/210] END max_layers=20, n_estimators=13, n_trees=200; total=2625, TP=51, TN=2499, FP=1, FN=74
accuracy: (test=0.971) average_precision: (test=0.723) balanced_accuracy: (test=0.704) f1: (test=0.576) roc_auc: (test=0.888) 15.14min
[fit 35/210] END max_layers=20, n_estimators=13, n_trees=400; total=2625, TP=53, TN=2499, FP=1, FN=72
accuracy: (test=0.972) average_precision: (test=0.728) balanced_accuracy: (test=0.712) f1: (test=0.592) roc_auc: (test=0.901) 29.34min
[fit 40/210] END max_layers=50, n_estimators=2, n_trees=250; total=2625, TP=53, TN=2499, FP=1, FN=72
accuracy: (test=0.972) average_precision: (test=0.727) balanced_accuracy: (test=0.712) f1: (test=0.592) roc_auc: (test=0.901) 4.55min
[fit 42/210] END max_layers=50, n_estimators=2, n_trees=400; total=2625, TP=53, TN=2500, FP=0, FN=72
accuracy: (test=0.973) average_precision: (test=0.742) balanced_accuracy: (test=0.712) f1: (test=0.596) roc_auc: (test=0.915) 7.24min
[fit 45/210] END max_layers=50, n_estimators=5, n_trees=150; total=2625, TP=56, TN=2500, FP=0, FN=69
accuracy: (test=0.974) average_precision: (test=0.657) balanced_accuracy: (test=0.724) f1: (test=0.619) roc_auc: (test=0.862) 6.85min
[fit 48/210] END max_layers=50, n_estimators=5, n_trees=300; total=2625, TP=54, TN=2499, FP=1, FN=71
accuracy: (test=0.973) average_precision: (test=0.743) balanced_accuracy: (test=0.716) f1: (test=0.600) roc_auc: (test=0.930) 9.53min
[fit 51/210] END max_layers=50, n_estimators=8, n_trees=100; total=2625, TP=52, TN=2499, FP=1, FN=73
accuracy: (test=0.972) average_precision: (test=0.562) balanced_accuracy: (test=0.708) f1: (test=0.584) roc_auc: (test=0.770) 6.91min
[fit 54/210] END max_layers=50, n_estimators=8, n_trees=250; total=2625, TP=53, TN=2499, FP=1, FN=72
accuracy: (test=0.972) average_precision: (test=0.738) balanced_accuracy: (test=0.712) f1: (test=0.592) roc_auc: (test=0.920) 11.83min
[fit 47/210] END max_layers=50, n_estimators=5, n_trees=250; total=2625, TP=56, TN=2499, FP=1, FN=69
accuracy: (test=0.973) average_precision: (test=0.712) balanced_accuracy: (test=0.724) f1: (test=0.615) roc_auc: (test=0.917) 9.15min
[fit 50/210] END max_layers=50, n_estimators=8, n_trees=50; total=2625, TP=53, TN=2500, FP=0, FN=72
accuracy: (test=0.973) average_precision: (test=0.499) balanced_accuracy: (test=0.712) f1: (test=0.596) roc_auc: (test=0.733) 4.65min
[fit 52/210] END max_layers=50, n_estimators=8, n_trees=150; total=2625, TP=54, TN=2499, FP=1, FN=71
accuracy: (test=0.973) average_precision: (test=0.739) balanced_accuracy: (test=0.716) f1: (test=0.600) roc_auc: (test=0.927) 7.18min
[fit 55/210] END max_layers=50, n_estimators=8, n_trees=300; total=2625, TP=54, TN=2499, FP=1, FN=71
accuracy: (test=0.973) average_precision: (test=0.740) balanced_accuracy: (test=0.716) f1: (test=0.600) roc_auc: (test=0.924) 14.17min
[fit 57/210] END max_layers=50, n_estimators=10, n_trees=50; total=2625, TP=53, TN=2499, FP=1, FN=72
accuracy: (test=0.972) average_precision: (test=0.551) balanced_accuracy: (test=0.712) f1: (test=0.592) roc_auc: (test=0.767) 5.10min
[fit 58/210] END max_layers=50, n_estimators=10, n_trees=100; total=2625, TP=53, TN=2499, FP=1, FN=72
accuracy: (test=0.972) average_precision: (test=0.575) balanced_accuracy: (test=0.712) f1: (test=0.592) roc_auc: (test=0.779) 8.88min
[fit 60/210] END max_layers=50, n_estimators=10, n_trees=200; total=2625, TP=53, TN=2499, FP=1, FN=72
accuracy: (test=0.972) average_precision: (test=0.731) balanced_accuracy: (test=0.712) f1: (test=0.592) roc_auc: (test=0.912) 11.70min
[fit 59/210] END max_layers=50, n_estimators=10, n_trees=150; total=2625, TP=56, TN=2499, FP=1, FN=69
accuracy: (test=0.973) average_precision: (test=0.680) balanced_accuracy: (test=0.724) f1: (test=0.615) roc_auc: (test=0.858) 10.98min
[fit 62/210] END max_layers=50, n_estimators=10, n_trees=300; total=2625, TP=54, TN=2499, FP=1, FN=71
accuracy: (test=0.973) average_precision: (test=0.734) balanced_accuracy: (test=0.716) f1: (test=0.600) roc_auc: (test=0.918) 17.41min
[fit 65/210] END max_layers=50, n_estimators=13, n_trees=100; total=2625, TP=53, TN=2499, FP=1, FN=72
accuracy: (test=0.972) average_precision: (test=0.525) balanced_accuracy: (test=0.712) f1: (test=0.592) roc_auc: (test=0.752) 12.91min
[fit 67/210] END max_layers=50, n_estimators=13, n_trees=200; total=2625, TP=51, TN=2499, FP=1, FN=74
accuracy: (test=0.971) average_precision: (test=0.723) balanced_accuracy: (test=0.704) f1: (test=0.576) roc_auc: (test=0.888) 15.18min
[fit 33/210] END max_layers=20, n_estimators=13, n_trees=250; total=2625, TP=54, TN=2499, FP=1, FN=71
accuracy: (test=0.973) average_precision: (test=0.724) balanced_accuracy: (test=0.716) f1: (test=0.600) roc_auc: (test=0.895) 18.42min
[fit 36/210] END max_layers=50, n_estimators=2, n_trees=50; total=2625, TP=52, TN=2500, FP=0, FN=73
accuracy: (test=0.972) average_precision: (test=0.596) balanced_accuracy: (test=0.708) f1: (test=0.588) roc_auc: (test=0.819) 1.30min
[fit 37/210] END max_layers=50, n_estimators=2, n_trees=100; total=2625, TP=54, TN=2500, FP=0, FN=71
accuracy: (test=0.973) average_precision: (test=0.697) balanced_accuracy: (test=0.716) f1: (test=0.603) roc_auc: (test=0.901) 1.83min
[fit 38/210] END max_layers=50, n_estimators=2, n_trees=150; total=2625, TP=54, TN=2500, FP=0, FN=71
accuracy: (test=0.973) average_precision: (test=0.720) balanced_accuracy: (test=0.716) f1: (test=0.603) roc_auc: (test=0.903) 2.73min
[fit 39/210] END max_layers=50, n_estimators=2, n_trees=200; total=2625, TP=53, TN=2500, FP=0, FN=72
accuracy: (test=0.973) average_precision: (test=0.723) balanced_accuracy: (test=0.712) f1: (test=0.596) roc_auc: (test=0.905) 3.61min
[fit 41/210] END max_layers=50, n_estimators=2, n_trees=300; total=2625, TP=56, TN=2500, FP=0, FN=69
accuracy: (test=0.974) average_precision: (test=0.733) balanced_accuracy: (test=0.724) f1: (test=0.619) roc_auc: (test=0.906) 5.29min
[fit 43/210] END max_layers=50, n_estimators=5, n_trees=50; total=2625, TP=51, TN=2500, FP=0, FN=74
accuracy: (test=0.972) average_precision: (test=0.516) balanced_accuracy: (test=0.704) f1: (test=0.580) roc_auc: (test=0.748) 3.33min
[fit 44/210] END max_layers=50, n_estimators=5, n_trees=100; total=2625, TP=56, TN=2500, FP=0, FN=69
accuracy: (test=0.974) average_precision: (test=0.674) balanced_accuracy: (test=0.724) f1: (test=0.619) roc_auc: (test=0.870) 4.23min
[fit 46/210] END max_layers=50, n_estimators=5, n_trees=200; total=2625, TP=55, TN=2499, FP=1, FN=70
accuracy: (test=0.973) average_precision: (test=0.739) balanced_accuracy: (test=0.720) f1: (test=0.608) roc_auc: (test=0.924) 6.28min
[fit 49/210] END max_layers=50, n_estimators=5, n_trees=400; total=2625, TP=53, TN=2499, FP=1, FN=72
accuracy: (test=0.972) average_precision: (test=0.744) balanced_accuracy: (test=0.712) f1: (test=0.592) roc_auc: (test=0.921) 12.72min
[fit 53/210] END max_layers=50, n_estimators=8, n_trees=200; total=2625, TP=53, TN=2499, FP=1, FN=72
accuracy: (test=0.972) average_precision: (test=0.733) balanced_accuracy: (test=0.712) f1: (test=0.592) roc_auc: (test=0.915) 9.59min
[fit 56/210] END max_layers=50, n_estimators=8, n_trees=400; total=2625, TP=53, TN=2499, FP=1, FN=72
accuracy: (test=0.972) average_precision: (test=0.738) balanced_accuracy: (test=0.712) f1: (test=0.592) roc_auc: (test=0.927) 19.03min
[fit 61/210] END max_layers=50, n_estimators=10, n_trees=250; total=2625, TP=52, TN=2499, FP=1, FN=73
accuracy: (test=0.972) average_precision: (test=0.732) balanced_accuracy: (test=0.708) f1: (test=0.584) roc_auc: (test=0.901) 14.59min
[fit 64/210] END max_layers=50, n_estimators=13, n_trees=50; total=2625, TP=52, TN=2500, FP=0, FN=73
accuracy: (test=0.972) average_precision: (test=0.516) balanced_accuracy: (test=0.708) f1: (test=0.588) roc_auc: (test=0.746) 7.27min
[fit 66/210] END max_layers=50, n_estimators=13, n_trees=150; total=2625, TP=51, TN=2499, FP=1, FN=74
accuracy: (test=0.971) average_precision: (test=0.643) balanced_accuracy: (test=0.704) f1: (test=0.576) roc_auc: (test=0.824) 14.04min
[fit 69/210] END max_layers=50, n_estimators=13, n_trees=300; total=2625, TP=54, TN=2499, FP=1, FN=71
accuracy: (test=0.973) average_precision: (test=0.728) balanced_accuracy: (test=0.716) f1: (test=0.600) roc_auc: (test=0.905) 22.17min
[fit 75/210] END max_layers=80, n_estimators=2, n_trees=250; total=2625, TP=53, TN=2499, FP=1, FN=72
accuracy: (test=0.972) average_precision: (test=0.727) balanced_accuracy: (test=0.712) f1: (test=0.592) roc_auc: (test=0.901) 4.53min
[fit 77/210] END max_layers=80, n_estimators=2, n_trees=400; total=2625, TP=53, TN=2500, FP=0, FN=72
accuracy: (test=0.973) average_precision: (test=0.742) balanced_accuracy: (test=0.712) f1: (test=0.596) roc_auc: (test=0.915) 7.29min
[fit 79/210] END max_layers=80, n_estimators=5, n_trees=100; total=2625, TP=56, TN=2500, FP=0, FN=69
accuracy: (test=0.974) average_precision: (test=0.674) balanced_accuracy: (test=0.724) f1: (test=0.619) roc_auc: (test=0.870) 4.39min
[fit 81/210] END max_layers=80, n_estimators=5, n_trees=200; total=2625, TP=55, TN=2499, FP=1, FN=70
accuracy: (test=0.973) average_precision: (test=0.739) balanced_accuracy: (test=0.720) f1: (test=0.608) roc_auc: (test=0.924) 7.46min
[fit 84/210] END max_layers=80, n_estimators=5, n_trees=400; total=2625, TP=53, TN=2499, FP=1, FN=72
accuracy: (test=0.972) average_precision: (test=0.744) balanced_accuracy: (test=0.712) f1: (test=0.592) roc_auc: (test=0.921) 15.00min
[fit 88/210] END max_layers=80, n_estimators=8, n_trees=200; total=2625, TP=53, TN=2499, FP=1, FN=72
accuracy: (test=0.972) average_precision: (test=0.733) balanced_accuracy: (test=0.712) f1: (test=0.592) roc_auc: (test=0.915) 9.49min
[fit 91/210] END max_layers=80, n_estimators=8, n_trees=400; total=2625, TP=53, TN=2499, FP=1, FN=72
accuracy: (test=0.972) average_precision: (test=0.738) balanced_accuracy: (test=0.712) f1: (test=0.592) roc_auc: (test=0.927) 19.01min
[fit 96/210] END max_layers=80, n_estimators=10, n_trees=250; total=2625, TP=52, TN=2499, FP=1, FN=73
accuracy: (test=0.972) average_precision: (test=0.732) balanced_accuracy: (test=0.708) f1: (test=0.584) roc_auc: (test=0.901) 14.36min
[fit 99/210] END max_layers=80, n_estimators=13, n_trees=50; total=2625, TP=52, TN=2500, FP=0, FN=73
accuracy: (test=0.972) average_precision: (test=0.516) balanced_accuracy: (test=0.708) f1: (test=0.588) roc_auc: (test=0.746) 7.28min
[fit 101/210] END max_layers=80, n_estimators=13, n_trees=150; total=2625, TP=51, TN=2499, FP=1, FN=74
accuracy: (test=0.971) average_precision: (test=0.643) balanced_accuracy: (test=0.704) f1: (test=0.576) roc_auc: (test=0.824) 13.80min
[fit 104/210] END max_layers=80, n_estimators=13, n_trees=300; total=2625, TP=54, TN=2499, FP=1, FN=71
accuracy: (test=0.973) average_precision: (test=0.728) balanced_accuracy: (test=0.716) f1: (test=0.600) roc_auc: (test=0.905) 21.81min
[fit 110/210] END max_layers=120, n_estimators=2, n_trees=250; total=2625, TP=53, TN=2499, FP=1, FN=72
accuracy: (test=0.972) average_precision: (test=0.727) balanced_accuracy: (test=0.712) f1: (test=0.592) roc_auc: (test=0.901) 4.52min
[fit 112/210] END max_layers=120, n_estimators=2, n_trees=400; total=2625, TP=53, TN=2500, FP=0, FN=72
accuracy: (test=0.973) average_precision: (test=0.742) balanced_accuracy: (test=0.712) f1: (test=0.596) roc_auc: (test=0.915) 7.51min
[fit 115/210] END max_layers=120, n_estimators=5, n_trees=150; total=2625, TP=56, TN=2500, FP=0, FN=69
accuracy: (test=0.974) average_precision: (test=0.657) balanced_accuracy: (test=0.724) f1: (test=0.619) roc_auc: (test=0.862) 7.02min
[fit 118/210] END max_layers=120, n_estimators=5, n_trees=300; total=2625, TP=54, TN=2499, FP=1, FN=71
accuracy: (test=0.973) average_precision: (test=0.743) balanced_accuracy: (test=0.716) f1: (test=0.600) roc_auc: (test=0.930) 9.78min
[fit 121/210] END max_layers=120, n_estimators=8, n_trees=100; total=2625, TP=52, TN=2499, FP=1, FN=73
accuracy: (test=0.972) average_precision: (test=0.562) balanced_accuracy: (test=0.708) f1: (test=0.584) roc_auc: (test=0.770) 7.08min
[fit 124/210] END max_layers=120, n_estimators=8, n_trees=250; total=2625, TP=53, TN=2499, FP=1, FN=72
accuracy: (test=0.972) average_precision: (test=0.738) balanced_accuracy: (test=0.712) f1: (test=0.592) roc_auc: (test=0.920) 12.16min
[fit 127/210] END max_layers=120, n_estimators=10, n_trees=50; total=2625, TP=53, TN=2499, FP=1, FN=72
accuracy: (test=0.972) average_precision: (test=0.551) balanced_accuracy: (test=0.712) f1: (test=0.592) roc_auc: (test=0.767) 5.24min
[fit 128/210] END max_layers=120, n_estimators=10, n_trees=100; total=2625, TP=53, TN=2499, FP=1, FN=72
accuracy: (test=0.972) average_precision: (test=0.575) balanced_accuracy: (test=0.712) f1: (test=0.592) roc_auc: (test=0.779) 9.18min
[fit 130/210] END max_layers=120, n_estimators=10, n_trees=200; total=2625, TP=53, TN=2499, FP=1, FN=72
accuracy: (test=0.972) average_precision: (test=0.731) balanced_accuracy: (test=0.712) f1: (test=0.592) roc_auc: (test=0.912) 11.90min
[fit 133/210] END max_layers=120, n_estimators=10, n_trees=400; total=2625, TP=53, TN=2499, FP=1, FN=72
accuracy: (test=0.972) average_precision: (test=0.730) balanced_accuracy: (test=0.712) f1: (test=0.592) roc_auc: (test=0.905) 23.75min
[fit 63/210] END max_layers=50, n_estimators=10, n_trees=400; total=2625, TP=53, TN=2499, FP=1, FN=72
accuracy: (test=0.972) average_precision: (test=0.730) balanced_accuracy: (test=0.712) f1: (test=0.592) roc_auc: (test=0.905) 23.19min
[fit 68/210] END max_layers=50, n_estimators=13, n_trees=250; total=2625, TP=54, TN=2499, FP=1, FN=71
accuracy: (test=0.973) average_precision: (test=0.724) balanced_accuracy: (test=0.716) f1: (test=0.600) roc_auc: (test=0.895) 18.53min
[fit 71/210] END max_layers=80, n_estimators=2, n_trees=50; total=2625, TP=52, TN=2500, FP=0, FN=73
accuracy: (test=0.972) average_precision: (test=0.596) balanced_accuracy: (test=0.708) f1: (test=0.588) roc_auc: (test=0.819) 1.21min
[fit 72/210] END max_layers=80, n_estimators=2, n_trees=100; total=2625, TP=54, TN=2500, FP=0, FN=71
accuracy: (test=0.973) average_precision: (test=0.697) balanced_accuracy: (test=0.716) f1: (test=0.603) roc_auc: (test=0.901) 1.94min
[fit 73/210] END max_layers=80, n_estimators=2, n_trees=150; total=2625, TP=54, TN=2500, FP=0, FN=71
accuracy: (test=0.973) average_precision: (test=0.720) balanced_accuracy: (test=0.716) f1: (test=0.603) roc_auc: (test=0.903) 2.76min
[fit 74/210] END max_layers=80, n_estimators=2, n_trees=200; total=2625, TP=53, TN=2500, FP=0, FN=72
accuracy: (test=0.973) average_precision: (test=0.723) balanced_accuracy: (test=0.712) f1: (test=0.596) roc_auc: (test=0.905) 3.68min
[fit 76/210] END max_layers=80, n_estimators=2, n_trees=300; total=2625, TP=56, TN=2500, FP=0, FN=69
accuracy: (test=0.974) average_precision: (test=0.733) balanced_accuracy: (test=0.724) f1: (test=0.619) roc_auc: (test=0.906) 5.34min
[fit 78/210] END max_layers=80, n_estimators=5, n_trees=50; total=2625, TP=51, TN=2500, FP=0, FN=74
accuracy: (test=0.972) average_precision: (test=0.516) balanced_accuracy: (test=0.704) f1: (test=0.580) roc_auc: (test=0.748) 3.28min
[fit 80/210] END max_layers=80, n_estimators=5, n_trees=150; total=2625, TP=56, TN=2500, FP=0, FN=69
accuracy: (test=0.974) average_precision: (test=0.657) balanced_accuracy: (test=0.724) f1: (test=0.619) roc_auc: (test=0.862) 7.28min
[fit 83/210] END max_layers=80, n_estimators=5, n_trees=300; total=2625, TP=54, TN=2499, FP=1, FN=71
accuracy: (test=0.973) average_precision: (test=0.743) balanced_accuracy: (test=0.716) f1: (test=0.600) roc_auc: (test=0.930) 11.43min
[fit 86/210] END max_layers=80, n_estimators=8, n_trees=100; total=2625, TP=52, TN=2499, FP=1, FN=73
accuracy: (test=0.972) average_precision: (test=0.562) balanced_accuracy: (test=0.708) f1: (test=0.584) roc_auc: (test=0.770) 8.13min
[fit 89/210] END max_layers=80, n_estimators=8, n_trees=250; total=2625, TP=53, TN=2499, FP=1, FN=72
accuracy: (test=0.972) average_precision: (test=0.738) balanced_accuracy: (test=0.712) f1: (test=0.592) roc_auc: (test=0.920) 11.76min
[fit 92/210] END max_layers=80, n_estimators=10, n_trees=50; total=2625, TP=53, TN=2499, FP=1, FN=72
accuracy: (test=0.972) average_precision: (test=0.551) balanced_accuracy: (test=0.712) f1: (test=0.592) roc_auc: (test=0.767) 4.98min
[fit 93/210] END max_layers=80, n_estimators=10, n_trees=100; total=2625, TP=53, TN=2499, FP=1, FN=72
accuracy: (test=0.972) average_precision: (test=0.575) balanced_accuracy: (test=0.712) f1: (test=0.592) roc_auc: (test=0.779) 8.84min
[fit 95/210] END max_layers=80, n_estimators=10, n_trees=200; total=2625, TP=53, TN=2499, FP=1, FN=72
accuracy: (test=0.972) average_precision: (test=0.731) balanced_accuracy: (test=0.712) f1: (test=0.592) roc_auc: (test=0.912) 11.44min
[fit 98/210] END max_layers=80, n_estimators=10, n_trees=400; total=2625, TP=53, TN=2499, FP=1, FN=72
accuracy: (test=0.972) average_precision: (test=0.730) balanced_accuracy: (test=0.712) f1: (test=0.592) roc_auc: (test=0.905) 23.03min
[fit 103/210] END max_layers=80, n_estimators=13, n_trees=250; total=2625, TP=54, TN=2499, FP=1, FN=71
accuracy: (test=0.973) average_precision: (test=0.724) balanced_accuracy: (test=0.716) f1: (test=0.600) roc_auc: (test=0.895) 18.26min
[fit 106/210] END max_layers=120, n_estimators=2, n_trees=50; total=2625, TP=52, TN=2500, FP=0, FN=73
accuracy: (test=0.972) average_precision: (test=0.596) balanced_accuracy: (test=0.708) f1: (test=0.588) roc_auc: (test=0.819) 1.32min
[fit 107/210] END max_layers=120, n_estimators=2, n_trees=100; total=2625, TP=54, TN=2500, FP=0, FN=71
accuracy: (test=0.973) average_precision: (test=0.697) balanced_accuracy: (test=0.716) f1: (test=0.603) roc_auc: (test=0.901) 1.80min
[fit 108/210] END max_layers=120, n_estimators=2, n_trees=150; total=2625, TP=54, TN=2500, FP=0, FN=71
accuracy: (test=0.973) average_precision: (test=0.720) balanced_accuracy: (test=0.716) f1: (test=0.603) roc_auc: (test=0.903) 2.73min
[fit 109/210] END max_layers=120, n_estimators=2, n_trees=200; total=2625, TP=53, TN=2500, FP=0, FN=72
accuracy: (test=0.973) average_precision: (test=0.723) balanced_accuracy: (test=0.712) f1: (test=0.596) roc_auc: (test=0.905) 3.61min
[fit 111/210] END max_layers=120, n_estimators=2, n_trees=300; total=2625, TP=56, TN=2500, FP=0, FN=69
accuracy: (test=0.974) average_precision: (test=0.733) balanced_accuracy: (test=0.724) f1: (test=0.619) roc_auc: (test=0.906) 5.33min
[fit 113/210] END max_layers=120, n_estimators=5, n_trees=50; total=2625, TP=51, TN=2500, FP=0, FN=74
accuracy: (test=0.972) average_precision: (test=0.516) balanced_accuracy: (test=0.704) f1: (test=0.580) roc_auc: (test=0.748) 3.47min
[fit 114/210] END max_layers=120, n_estimators=5, n_trees=100; total=2625, TP=56, TN=2500, FP=0, FN=69
accuracy: (test=0.974) average_precision: (test=0.674) balanced_accuracy: (test=0.724) f1: (test=0.619) roc_auc: (test=0.870) 4.38min
[fit 116/210] END max_layers=120, n_estimators=5, n_trees=200; total=2625, TP=55, TN=2499, FP=1, FN=70
accuracy: (test=0.973) average_precision: (test=0.739) balanced_accuracy: (test=0.720) f1: (test=0.608) roc_auc: (test=0.924) 6.42min
[fit 119/210] END max_layers=120, n_estimators=5, n_trees=400; total=2625, TP=53, TN=2499, FP=1, FN=72
accuracy: (test=0.972) average_precision: (test=0.744) balanced_accuracy: (test=0.712) f1: (test=0.592) roc_auc: (test=0.921) 13.06min
[fit 123/210] END max_layers=120, n_estimators=8, n_trees=200; total=2625, TP=53, TN=2499, FP=1, FN=72
accuracy: (test=0.972) average_precision: (test=0.733) balanced_accuracy: (test=0.712) f1: (test=0.592) roc_auc: (test=0.915) 9.85min
[fit 126/210] END max_layers=120, n_estimators=8, n_trees=400; total=2625, TP=53, TN=2499, FP=1, FN=72
accuracy: (test=0.972) average_precision: (test=0.738) balanced_accuracy: (test=0.712) f1: (test=0.592) roc_auc: (test=0.927) 19.76min
[fit 131/210] END max_layers=120, n_estimators=10, n_trees=250; total=2625, TP=52, TN=2499, FP=1, FN=73
accuracy: (test=0.972) average_precision: (test=0.732) balanced_accuracy: (test=0.708) f1: (test=0.584) roc_auc: (test=0.901) 14.86min
[fit 134/210] END max_layers=120, n_estimators=13, n_trees=50; total=2625, TP=52, TN=2500, FP=0, FN=73
accuracy: (test=0.972) average_precision: (test=0.516) balanced_accuracy: (test=0.708) f1: (test=0.588) roc_auc: (test=0.746) 7.47min
[fit 136/210] END max_layers=120, n_estimators=13, n_trees=150; total=2625, TP=51, TN=2499, FP=1, FN=74
accuracy: (test=0.971) average_precision: (test=0.643) balanced_accuracy: (test=0.704) f1: (test=0.576) roc_auc: (test=0.824) 14.44min
[fit 139/210] END max_layers=120, n_estimators=13, n_trees=300; total=2625, TP=54, TN=2499, FP=1, FN=71
accuracy: (test=0.973) average_precision: (test=0.728) balanced_accuracy: (test=0.716) f1: (test=0.600) roc_auc: (test=0.905) 22.68min
[fit 145/210] END max_layers=150, n_estimators=2, n_trees=250; total=2625, TP=53, TN=2499, FP=1, FN=72
accuracy: (test=0.972) average_precision: (test=0.727) balanced_accuracy: (test=0.712) f1: (test=0.592) roc_auc: (test=0.901) 4.69min
[fit 147/210] END max_layers=150, n_estimators=2, n_trees=400; total=2625, TP=53, TN=2500, FP=0, FN=72
accuracy: (test=0.973) average_precision: (test=0.742) balanced_accuracy: (test=0.712) f1: (test=0.596) roc_auc: (test=0.915) 7.56min
[fit 150/210] END max_layers=150, n_estimators=5, n_trees=150; total=2625, TP=56, TN=2500, FP=0, FN=69
accuracy: (test=0.974) average_precision: (test=0.657) balanced_accuracy: (test=0.724) f1: (test=0.619) roc_auc: (test=0.862) 6.95min[fit 70/210] END max_layers=50, n_estimators=13, n_trees=400; total=2625, TP=53, TN=2499, FP=1, FN=72
accuracy: (test=0.972) average_precision: (test=0.728) balanced_accuracy: (test=0.712) f1: (test=0.592) roc_auc: (test=0.901) 29.75min
[fit 82/210] END max_layers=80, n_estimators=5, n_trees=250; total=2625, TP=56, TN=2499, FP=1, FN=69
accuracy: (test=0.973) average_precision: (test=0.712) balanced_accuracy: (test=0.724) f1: (test=0.615) roc_auc: (test=0.917) 10.93min
[fit 85/210] END max_layers=80, n_estimators=8, n_trees=50; total=2625, TP=53, TN=2500, FP=0, FN=72
accuracy: (test=0.973) average_precision: (test=0.499) balanced_accuracy: (test=0.712) f1: (test=0.596) roc_auc: (test=0.733) 5.33min
[fit 87/210] END max_layers=80, n_estimators=8, n_trees=150; total=2625, TP=54, TN=2499, FP=1, FN=71
accuracy: (test=0.973) average_precision: (test=0.739) balanced_accuracy: (test=0.716) f1: (test=0.600) roc_auc: (test=0.927) 7.69min
[fit 90/210] END max_layers=80, n_estimators=8, n_trees=300; total=2625, TP=54, TN=2499, FP=1, FN=71
accuracy: (test=0.973) average_precision: (test=0.740) balanced_accuracy: (test=0.716) f1: (test=0.600) roc_auc: (test=0.924) 14.11min
[fit 94/210] END max_layers=80, n_estimators=10, n_trees=150; total=2625, TP=56, TN=2499, FP=1, FN=69
accuracy: (test=0.973) average_precision: (test=0.680) balanced_accuracy: (test=0.724) f1: (test=0.615) roc_auc: (test=0.858) 11.15min
[fit 97/210] END max_layers=80, n_estimators=10, n_trees=300; total=2625, TP=54, TN=2499, FP=1, FN=71
accuracy: (test=0.973) average_precision: (test=0.734) balanced_accuracy: (test=0.716) f1: (test=0.600) roc_auc: (test=0.918) 17.14min
[fit 100/210] END max_layers=80, n_estimators=13, n_trees=100; total=2625, TP=53, TN=2499, FP=1, FN=72
accuracy: (test=0.972) average_precision: (test=0.525) balanced_accuracy: (test=0.712) f1: (test=0.592) roc_auc: (test=0.752) 12.77min
[fit 102/210] END max_layers=80, n_estimators=13, n_trees=200; total=2625, TP=51, TN=2499, FP=1, FN=74
accuracy: (test=0.971) average_precision: (test=0.723) balanced_accuracy: (test=0.704) f1: (test=0.576) roc_auc: (test=0.888) 14.93min
[fit 105/210] END max_layers=80, n_estimators=13, n_trees=400; total=2625, TP=53, TN=2499, FP=1, FN=72
accuracy: (test=0.972) average_precision: (test=0.728) balanced_accuracy: (test=0.712) f1: (test=0.592) roc_auc: (test=0.901) 29.77min
[fit 117/210] END max_layers=120, n_estimators=5, n_trees=250; total=2625, TP=56, TN=2499, FP=1, FN=69
accuracy: (test=0.973) average_precision: (test=0.712) balanced_accuracy: (test=0.724) f1: (test=0.615) roc_auc: (test=0.917) 9.41min
[fit 120/210] END max_layers=120, n_estimators=8, n_trees=50; total=2625, TP=53, TN=2500, FP=0, FN=72
accuracy: (test=0.973) average_precision: (test=0.499) balanced_accuracy: (test=0.712) f1: (test=0.596) roc_auc: (test=0.733) 4.77min
[fit 122/210] END max_layers=120, n_estimators=8, n_trees=150; total=2625, TP=54, TN=2499, FP=1, FN=71
accuracy: (test=0.973) average_precision: (test=0.739) balanced_accuracy: (test=0.716) f1: (test=0.600) roc_auc: (test=0.927) 7.38min
[fit 125/210] END max_layers=120, n_estimators=8, n_trees=300; total=2625, TP=54, TN=2499, FP=1, FN=71
accuracy: (test=0.973) average_precision: (test=0.740) balanced_accuracy: (test=0.716) f1: (test=0.600) roc_auc: (test=0.924) 14.61min
[fit 129/210] END max_layers=120, n_estimators=10, n_trees=150; total=2625, TP=56, TN=2499, FP=1, FN=69
accuracy: (test=0.973) average_precision: (test=0.680) balanced_accuracy: (test=0.724) f1: (test=0.615) roc_auc: (test=0.858) 11.39min
[fit 132/210] END max_layers=120, n_estimators=10, n_trees=300; total=2625, TP=54, TN=2499, FP=1, FN=71
accuracy: (test=0.973) average_precision: (test=0.734) balanced_accuracy: (test=0.716) f1: (test=0.600) roc_auc: (test=0.918) 17.80min
[fit 135/210] END max_layers=120, n_estimators=13, n_trees=100; total=2625, TP=53, TN=2499, FP=1, FN=72
accuracy: (test=0.972) average_precision: (test=0.525) balanced_accuracy: (test=0.712) f1: (test=0.592) roc_auc: (test=0.752) 13.20min
[fit 137/210] END max_layers=120, n_estimators=13, n_trees=200; total=2625, TP=51, TN=2499, FP=1, FN=74
accuracy: (test=0.971) average_precision: (test=0.723) balanced_accuracy: (test=0.704) f1: (test=0.576) roc_auc: (test=0.888) 15.42min
[fit 140/210] END max_layers=120, n_estimators=13, n_trees=400; total=2625, TP=53, TN=2499, FP=1, FN=72
accuracy: (test=0.972) average_precision: (test=0.728) balanced_accuracy: (test=0.712) f1: (test=0.592) roc_auc: (test=0.901) 30.09min
[fit 152/210] END max_layers=150, n_estimators=5, n_trees=250; total=2625, TP=56, TN=2499, FP=1, FN=69
accuracy: (test=0.973) average_precision: (test=0.712) balanced_accuracy: (test=0.724) f1: (test=0.615) roc_auc: (test=0.917) 9.31min
[fit 155/210] END max_layers=150, n_estimators=8, n_trees=50; total=2625, TP=53, TN=2500, FP=0, FN=72
accuracy: (test=0.973) average_precision: (test=0.499) balanced_accuracy: (test=0.712) f1: (test=0.596) roc_auc: (test=0.733) 4.75min
[fit 157/210] END max_layers=150, n_estimators=8, n_trees=150; total=2625, TP=54, TN=2499, FP=1, FN=71
accuracy: (test=0.973) average_precision: (test=0.739) balanced_accuracy: (test=0.716) f1: (test=0.600) roc_auc: (test=0.927) 7.34min
[fit 160/210] END max_layers=150, n_estimators=8, n_trees=300; total=2625, TP=54, TN=2499, FP=1, FN=71
accuracy: (test=0.973) average_precision: (test=0.740) balanced_accuracy: (test=0.716) f1: (test=0.600) roc_auc: (test=0.924) 14.48min
[fit 164/210] END max_layers=150, n_estimators=10, n_trees=150; total=2625, TP=56, TN=2499, FP=1, FN=69
accuracy: (test=0.973) average_precision: (test=0.680) balanced_accuracy: (test=0.724) f1: (test=0.615) roc_auc: (test=0.858) 11.55min
[fit 167/210] END max_layers=150, n_estimators=10, n_trees=300; total=2625, TP=54, TN=2499, FP=1, FN=71
accuracy: (test=0.973) average_precision: (test=0.734) balanced_accuracy: (test=0.716) f1: (test=0.600) roc_auc: (test=0.918) 17.64min
[fit 170/210] END max_layers=150, n_estimators=13, n_trees=100; total=2625, TP=53, TN=2499, FP=1, FN=72
accuracy: (test=0.972) average_precision: (test=0.525) balanced_accuracy: (test=0.712) f1: (test=0.592) roc_auc: (test=0.752) 13.10min
[fit 172/210] END max_layers=150, n_estimators=13, n_trees=200; total=2625, TP=51, TN=2499, FP=1, FN=74
accuracy: (test=0.971) average_precision: (test=0.723) balanced_accuracy: (test=0.704) f1: (test=0.576) roc_auc: (test=0.888) 15.24min
[fit 175/210] END max_layers=150, n_estimators=13, n_trees=400; total=2625, TP=53, TN=2499, FP=1, FN=72
accuracy: (test=0.972) average_precision: (test=0.728) balanced_accuracy: (test=0.712) f1: (test=0.592) roc_auc: (test=0.901) 30.04min
[fit 187/210] END max_layers=200, n_estimators=5, n_trees=250; total=2625, TP=56, TN=2499, FP=1, FN=69
accuracy: (test=0.973) average_precision: (test=0.712) balanced_accuracy: (test=0.724) f1: (test=0.615) roc_auc: (test=0.917) 9.20min
[fit 190/210] END max_layers=200, n_estimators=8, n_trees=50; total=2625, TP=53, TN=2500, FP=0, FN=72
accuracy: (test=0.973) average_precision: (test=0.499) balanced_accuracy: (test=0.712) f1: (test=0.596) roc_auc: (test=0.733) 4.83min
[fit 192/210] END max_layers=200, n_estimators=8, n_trees=150; total=2625, TP=54, TN=2499, FP=1, FN=71
accuracy: (test=0.973) average_precision: (test=0.739) balanced_accuracy: (test=0.716) f1: (test=0.600) roc_auc: (test=0.927) 7.47min
[fit 195/210] END max_layers=200, n_estimators=8, n_trees=300; total=2625, TP=54, TN=2499, FP=1, FN=71
accuracy: (test=0.973) average_precision: (test=0.740) balanced_accuracy: (test=0.716) f1: (test=0.600) roc_auc: (test=0.924) 14.56min
[fit 198/210] END max_layers=200, n_estimators=10, n_trees=100; total=2625, TP=53, TN=2499, FP=1, FN=72
accuracy: (test=0.972) average_precision: (test=0.575) balanced_accuracy: (test=0.712) f1: (test=0.592) roc_auc: (test=0.779) 9.27min
[fit 200/210] END max_layers=200, n_estimators=10, n_trees=200; total=2625, TP=53, TN=2499, FP=1, FN=72
accuracy: (test=0.972) average_precision: (test=0.731) balanced_accuracy: (test=0.712) f1: (test=0.592) roc_auc: (test=0.912) 12.10min
[fit 203/210] END max_layers=200, n_estimators=10, n_trees=400; total=2625, TP=53, TN=2499, FP=1, FN=72
accuracy: (test=0.972) average_precision: (test=0.730) balanced_accuracy: (test=0.712) f1: (test=0.592) roc_auc: (test=0.905) 23.69min
[fit 208/210] END max_layers=200, n_estimators=13, n_trees=250; total=2625, TP=54, TN=2499, FP=1, FN=71
accuracy: (test=0.973) average_precision: (test=0.724) balanced_accuracy: (test=0.716) f1: (test=0.600) roc_auc: (test=0.895) 18.94min

[fit 153/210] END max_layers=150, n_estimators=5, n_trees=300; total=2625, TP=54, TN=2499, FP=1, FN=71
accuracy: (test=0.973) average_precision: (test=0.743) balanced_accuracy: (test=0.716) f1: (test=0.600) roc_auc: (test=0.930) 9.74min
[fit 156/210] END max_layers=150, n_estimators=8, n_trees=100; total=2625, TP=52, TN=2499, FP=1, FN=73
accuracy: (test=0.972) average_precision: (test=0.562) balanced_accuracy: (test=0.708) f1: (test=0.584) roc_auc: (test=0.770) 7.33min
[fit 159/210] END max_layers=150, n_estimators=8, n_trees=250; total=2625, TP=53, TN=2499, FP=1, FN=72
accuracy: (test=0.972) average_precision: (test=0.738) balanced_accuracy: (test=0.712) f1: (test=0.592) roc_auc: (test=0.920) 12.13min
[fit 162/210] END max_layers=150, n_estimators=10, n_trees=50; total=2625, TP=53, TN=2499, FP=1, FN=72
accuracy: (test=0.972) average_precision: (test=0.551) balanced_accuracy: (test=0.712) f1: (test=0.592) roc_auc: (test=0.767) 5.07min
[fit 163/210] END max_layers=150, n_estimators=10, n_trees=100; total=2625, TP=53, TN=2499, FP=1, FN=72
accuracy: (test=0.972) average_precision: (test=0.575) balanced_accuracy: (test=0.712) f1: (test=0.592) roc_auc: (test=0.779) 9.23min
[fit 165/210] END max_layers=150, n_estimators=10, n_trees=200; total=2625, TP=53, TN=2499, FP=1, FN=72
accuracy: (test=0.972) average_precision: (test=0.731) balanced_accuracy: (test=0.712) f1: (test=0.592) roc_auc: (test=0.912) 11.78min
[fit 168/210] END max_layers=150, n_estimators=10, n_trees=400; total=2625, TP=53, TN=2499, FP=1, FN=72
accuracy: (test=0.972) average_precision: (test=0.730) balanced_accuracy: (test=0.712) f1: (test=0.592) roc_auc: (test=0.905) 23.73min
[fit 173/210] END max_layers=150, n_estimators=13, n_trees=250; total=2625, TP=54, TN=2499, FP=1, FN=71
accuracy: (test=0.973) average_precision: (test=0.724) balanced_accuracy: (test=0.716) f1: (test=0.600) roc_auc: (test=0.895) 18.79min
[fit 176/210] END max_layers=200, n_estimators=2, n_trees=50; total=2625, TP=52, TN=2500, FP=0, FN=73
accuracy: (test=0.972) average_precision: (test=0.596) balanced_accuracy: (test=0.708) f1: (test=0.588) roc_auc: (test=0.819) 1.34min
[fit 177/210] END max_layers=200, n_estimators=2, n_trees=100; total=2625, TP=54, TN=2500, FP=0, FN=71
accuracy: (test=0.973) average_precision: (test=0.697) balanced_accuracy: (test=0.716) f1: (test=0.603) roc_auc: (test=0.901) 1.87min
[fit 178/210] END max_layers=200, n_estimators=2, n_trees=150; total=2625, TP=54, TN=2500, FP=0, FN=71
accuracy: (test=0.973) average_precision: (test=0.720) balanced_accuracy: (test=0.716) f1: (test=0.603) roc_auc: (test=0.903) 2.83min
[fit 179/210] END max_layers=200, n_estimators=2, n_trees=200; total=2625, TP=53, TN=2500, FP=0, FN=72
accuracy: (test=0.973) average_precision: (test=0.723) balanced_accuracy: (test=0.712) f1: (test=0.596) roc_auc: (test=0.905) 3.90min
[fit 181/210] END max_layers=200, n_estimators=2, n_trees=300; total=2625, TP=56, TN=2500, FP=0, FN=69
accuracy: (test=0.974) average_precision: (test=0.733) balanced_accuracy: (test=0.724) f1: (test=0.619) roc_auc: (test=0.906) 5.51min
[fit 183/210] END max_layers=200, n_estimators=5, n_trees=50; total=2625, TP=51, TN=2500, FP=0, FN=74
accuracy: (test=0.972) average_precision: (test=0.516) balanced_accuracy: (test=0.704) f1: (test=0.580) roc_auc: (test=0.748) 3.33min
[fit 184/210] END max_layers=200, n_estimators=5, n_trees=100; total=2625, TP=56, TN=2500, FP=0, FN=69
accuracy: (test=0.974) average_precision: (test=0.674) balanced_accuracy: (test=0.724) f1: (test=0.619) roc_auc: (test=0.870) 4.30min
[fit 186/210] END max_layers=200, n_estimators=5, n_trees=200; total=2625, TP=55, TN=2499, FP=1, FN=70
accuracy: (test=0.973) average_precision: (test=0.739) balanced_accuracy: (test=0.720) f1: (test=0.608) roc_auc: (test=0.924) 6.46min
[fit 189/210] END max_layers=200, n_estimators=5, n_trees=400; total=2625, TP=53, TN=2499, FP=1, FN=72
accuracy: (test=0.972) average_precision: (test=0.744) balanced_accuracy: (test=0.712) f1: (test=0.592) roc_auc: (test=0.921) 13.06min
[fit 193/210] END max_layers=200, n_estimators=8, n_trees=200; total=2625, TP=53, TN=2499, FP=1, FN=72
accuracy: (test=0.972) average_precision: (test=0.733) balanced_accuracy: (test=0.712) f1: (test=0.592) roc_auc: (test=0.915) 9.67min
[fit 196/210] END max_layers=200, n_estimators=8, n_trees=400; total=2625, TP=53, TN=2499, FP=1, FN=72
accuracy: (test=0.972) average_precision: (test=0.738) balanced_accuracy: (test=0.712) f1: (test=0.592) roc_auc: (test=0.927) 19.70min
[fit 201/210] END max_layers=200, n_estimators=10, n_trees=250; total=2625, TP=52, TN=2499, FP=1, FN=73
accuracy: (test=0.972) average_precision: (test=0.732) balanced_accuracy: (test=0.708) f1: (test=0.584) roc_auc: (test=0.901) 15.03min
[fit 204/210] END max_layers=200, n_estimators=13, n_trees=50; total=2625, TP=52, TN=2500, FP=0, FN=73
accuracy: (test=0.972) average_precision: (test=0.516) balanced_accuracy: (test=0.708) f1: (test=0.588) roc_auc: (test=0.746) 7.32min
[fit 206/210] END max_layers=200, n_estimators=13, n_trees=150; total=2625, TP=51, TN=2499, FP=1, FN=74
accuracy: (test=0.971) average_precision: (test=0.643) balanced_accuracy: (test=0.704) f1: (test=0.576) roc_auc: (test=0.824) 14.34min
[fit 209/210] END max_layers=200, n_estimators=13, n_trees=300; total=2625, TP=54, TN=2499, FP=1, FN=71
accuracy: (test=0.973) average_precision: (test=0.728) balanced_accuracy: (test=0.716) f1: (test=0.600) roc_auc: (test=0.905) 21.39min
[fit 138/210] END max_layers=120, n_estimators=13, n_trees=250; total=2625, TP=54, TN=2499, FP=1, FN=71
accuracy: (test=0.973) average_precision: (test=0.724) balanced_accuracy: (test=0.716) f1: (test=0.600) roc_auc: (test=0.895) 19.06min
[fit 141/210] END max_layers=150, n_estimators=2, n_trees=50; total=2625, TP=52, TN=2500, FP=0, FN=73
accuracy: (test=0.972) average_precision: (test=0.596) balanced_accuracy: (test=0.708) f1: (test=0.588) roc_auc: (test=0.819) 1.27min
[fit 142/210] END max_layers=150, n_estimators=2, n_trees=100; total=2625, TP=54, TN=2500, FP=0, FN=71
accuracy: (test=0.973) average_precision: (test=0.697) balanced_accuracy: (test=0.716) f1: (test=0.603) roc_auc: (test=0.901) 1.97min
[fit 143/210] END max_layers=150, n_estimators=2, n_trees=150; total=2625, TP=54, TN=2500, FP=0, FN=71
accuracy: (test=0.973) average_precision: (test=0.720) balanced_accuracy: (test=0.716) f1: (test=0.603) roc_auc: (test=0.903) 2.85min
[fit 144/210] END max_layers=150, n_estimators=2, n_trees=200; total=2625, TP=53, TN=2500, FP=0, FN=72
accuracy: (test=0.973) average_precision: (test=0.723) balanced_accuracy: (test=0.712) f1: (test=0.596) roc_auc: (test=0.905) 3.82min
[fit 146/210] END max_layers=150, n_estimators=2, n_trees=300; total=2625, TP=56, TN=2500, FP=0, FN=69
accuracy: (test=0.974) average_precision: (test=0.733) balanced_accuracy: (test=0.724) f1: (test=0.619) roc_auc: (test=0.906) 5.54min
[fit 148/210] END max_layers=150, n_estimators=5, n_trees=50; total=2625, TP=51, TN=2500, FP=0, FN=74
accuracy: (test=0.972) average_precision: (test=0.516) balanced_accuracy: (test=0.704) f1: (test=0.580) roc_auc: (test=0.748) 3.37min
[fit 149/210] END max_layers=150, n_estimators=5, n_trees=100; total=2625, TP=56, TN=2500, FP=0, FN=69
accuracy: (test=0.974) average_precision: (test=0.674) balanced_accuracy: (test=0.724) f1: (test=0.619) roc_auc: (test=0.870) 4.43min
[fit 151/210] END max_layers=150, n_estimators=5, n_trees=200; total=2625, TP=55, TN=2499, FP=1, FN=70
accuracy: (test=0.973) average_precision: (test=0.739) balanced_accuracy: (test=0.720) f1: (test=0.608) roc_auc: (test=0.924) 6.39min
[fit 154/210] END max_layers=150, n_estimators=5, n_trees=400; total=2625, TP=53, TN=2499, FP=1, FN=72
accuracy: (test=0.972) average_precision: (test=0.744) balanced_accuracy: (test=0.712) f1: (test=0.592) roc_auc: (test=0.921) 13.14min
[fit 158/210] END max_layers=150, n_estimators=8, n_trees=200; total=2625, TP=53, TN=2499, FP=1, FN=72
accuracy: (test=0.972) average_precision: (test=0.733) balanced_accuracy: (test=0.712) f1: (test=0.592) roc_auc: (test=0.915) 9.71min
[fit 161/210] END max_layers=150, n_estimators=8, n_trees=400; total=2625, TP=53, TN=2499, FP=1, FN=72
accuracy: (test=0.972) average_precision: (test=0.738) balanced_accuracy: (test=0.712) f1: (test=0.592) roc_auc: (test=0.927) 19.68min
[fit 166/210] END max_layers=150, n_estimators=10, n_trees=250; total=2625, TP=52, TN=2499, FP=1, FN=73
accuracy: (test=0.972) average_precision: (test=0.732) balanced_accuracy: (test=0.708) f1: (test=0.584) roc_auc: (test=0.901) 14.92min
[fit 169/210] END max_layers=150, n_estimators=13, n_trees=50; total=2625, TP=52, TN=2500, FP=0, FN=73
accuracy: (test=0.972) average_precision: (test=0.516) balanced_accuracy: (test=0.708) f1: (test=0.588) roc_auc: (test=0.746) 7.48min
[fit 171/210] END max_layers=150, n_estimators=13, n_trees=150; total=2625, TP=51, TN=2499, FP=1, FN=74
accuracy: (test=0.971) average_precision: (test=0.643) balanced_accuracy: (test=0.704) f1: (test=0.576) roc_auc: (test=0.824) 14.21min
[fit 174/210] END max_layers=150, n_estimators=13, n_trees=300; total=2625, TP=54, TN=2499, FP=1, FN=71
accuracy: (test=0.973) average_precision: (test=0.728) balanced_accuracy: (test=0.716) f1: (test=0.600) roc_auc: (test=0.905) 22.44min
[fit 180/210] END max_layers=200, n_estimators=2, n_trees=250; total=2625, TP=53, TN=2499, FP=1, FN=72
accuracy: (test=0.972) average_precision: (test=0.727) balanced_accuracy: (test=0.712) f1: (test=0.592) roc_auc: (test=0.901) 4.63min
[fit 182/210] END max_layers=200, n_estimators=2, n_trees=400; total=2625, TP=53, TN=2500, FP=0, FN=72
accuracy: (test=0.973) average_precision: (test=0.742) balanced_accuracy: (test=0.712) f1: (test=0.596) roc_auc: (test=0.915) 7.58min
[fit 185/210] END max_layers=200, n_estimators=5, n_trees=150; total=2625, TP=56, TN=2500, FP=0, FN=69
accuracy: (test=0.974) average_precision: (test=0.657) balanced_accuracy: (test=0.724) f1: (test=0.619) roc_auc: (test=0.862) 6.90min
[fit 188/210] END max_layers=200, n_estimators=5, n_trees=300; total=2625, TP=54, TN=2499, FP=1, FN=71
accuracy: (test=0.973) average_precision: (test=0.743) balanced_accuracy: (test=0.716) f1: (test=0.600) roc_auc: (test=0.930) 9.81min
[fit 191/210] END max_layers=200, n_estimators=8, n_trees=100; total=2625, TP=52, TN=2499, FP=1, FN=73
accuracy: (test=0.972) average_precision: (test=0.562) balanced_accuracy: (test=0.708) f1: (test=0.584) roc_auc: (test=0.770) 7.11min
[fit 194/210] END max_layers=200, n_estimators=8, n_trees=250; total=2625, TP=53, TN=2499, FP=1, FN=72
accuracy: (test=0.972) average_precision: (test=0.738) balanced_accuracy: (test=0.712) f1: (test=0.592) roc_auc: (test=0.920) 12.19min
[fit 197/210] END max_layers=200, n_estimators=10, n_trees=50; total=2625, TP=53, TN=2499, FP=1, FN=72
accuracy: (test=0.972) average_precision: (test=0.551) balanced_accuracy: (test=0.712) f1: (test=0.592) roc_auc: (test=0.767) 5.32min
[fit 199/210] END max_layers=200, n_estimators=10, n_trees=150; total=2625, TP=56, TN=2499, FP=1, FN=69
accuracy: (test=0.973) average_precision: (test=0.680) balanced_accuracy: (test=0.724) f1: (test=0.615) roc_auc: (test=0.858) 11.63min
[fit 202/210] END max_layers=200, n_estimators=10, n_trees=300; total=2625, TP=54, TN=2499, FP=1, FN=71
accuracy: (test=0.973) average_precision: (test=0.734) balanced_accuracy: (test=0.716) f1: (test=0.600) roc_auc: (test=0.918) 17.86min
[fit 205/210] END max_layers=200, n_estimators=13, n_trees=100; total=2625, TP=53, TN=2499, FP=1, FN=72
accuracy: (test=0.972) average_precision: (test=0.525) balanced_accuracy: (test=0.712) f1: (test=0.592) roc_auc: (test=0.752) 13.22min
[fit 207/210] END max_layers=200, n_estimators=13, n_trees=200; total=2625, TP=51, TN=2499, FP=1, FN=74
accuracy: (test=0.971) average_precision: (test=0.723) balanced_accuracy: (test=0.704) f1: (test=0.576) roc_auc: (test=0.888) 15.28min
[fit 210/210] END max_layers=200, n_estimators=13, n_trees=400; total=2625, TP=53, TN=2499, FP=1, FN=72
accuracy: (test=0.972) average_precision: (test=0.728) balanced_accuracy: (test=0.712) f1: (test=0.592) roc_auc: (test=0.901) 21.96min
write rank test to csv!!!
write over!!!
clf.best_estimator_params: {'max_layers': 20, 'n_estimators': 5, 'n_trees': 300}
best params found in line [14] for metric [roc_auc] in rank file
