nohup: ignoring input
experiment: K562 kmer_xgboost
trainSet len:[X=71150,y=71150]
testSet len:[X=4147,y=4147]
第一次
{'objective': 'binary:logistic', 'use_label_encoder': False, 'base_score': None, 'booster': None, 'colsample_bylevel': None, 'colsample_bynode': None, 'colsample_bytree': 0.8, 'gamma': 0, 'gpu_id': None, 'importance_type': 'gain', 'interaction_constraints': None, 'learning_rate': 0.1, 'max_delta_step': None, 'max_depth': 5, 'min_child_weight': 1, 'missing': nan, 'monotone_constraints': None, 'n_estimators': 500, 'n_jobs': None, 'num_parallel_tree': None, 'random_state': None, 'reg_alpha': 0, 'reg_lambda': 1, 'scale_pos_weight': None, 'subsample': 0.8, 'tree_method': 'gpu_hist', 'validate_parameters': None, 'verbosity': None, 'seed': 0, 'eval_metric': 'logloss'}
Fitting, totalling 20 fits
[fit 1/20] END n_estimators=50; total=4147, TP=112, TN=3382, FP=568, FN=85; precision=0.165, recall=0.569
accuracy: (test=0.843) average_precision: (test=0.291) balanced_accuracy: (test=0.712) f1: (test=0.255) roc_auc: (test=0.799) 6.31s
[fit 2/20] END n_estimators=100; total=4147, TP=132, TN=3563, FP=387, FN=65; precision=0.254, recall=0.670
accuracy: (test=0.891) average_precision: (test=0.389) balanced_accuracy: (test=0.786) f1: (test=0.369) roc_auc: (test=0.849) 10.74s
[fit 3/20] END n_estimators=150; total=4147, TP=130, TN=3662, FP=288, FN=67; precision=0.311, recall=0.660
accuracy: (test=0.914) average_precision: (test=0.441) balanced_accuracy: (test=0.793) f1: (test=0.423) roc_auc: (test=0.863) 15.63s
[fit 4/20] END n_estimators=200; total=4147, TP=135, TN=3711, FP=239, FN=62; precision=0.361, recall=0.685
accuracy: (test=0.927) average_precision: (test=0.475) balanced_accuracy: (test=0.812) f1: (test=0.473) roc_auc: (test=0.873) 21.81s
[fit 5/20] END n_estimators=250; total=4147, TP=134, TN=3742, FP=208, FN=63; precision=0.392, recall=0.680
accuracy: (test=0.935) average_precision: (test=0.509) balanced_accuracy: (test=0.814) f1: (test=0.497) roc_auc: (test=0.881) 29.63s
[fit 6/20] END n_estimators=300; total=4147, TP=130, TN=3774, FP=176, FN=67; precision=0.425, recall=0.660
accuracy: (test=0.941) average_precision: (test=0.544) balanced_accuracy: (test=0.808) f1: (test=0.517) roc_auc: (test=0.887) 35.44s
[fit 7/20] END n_estimators=350; total=4147, TP=133, TN=3785, FP=165, FN=64; precision=0.446, recall=0.675
accuracy: (test=0.945) average_precision: (test=0.575) balanced_accuracy: (test=0.817) f1: (test=0.537) roc_auc: (test=0.893) 40.94s
[fit 8/20] END n_estimators=400; total=4147, TP=128, TN=3810, FP=140, FN=69; precision=0.478, recall=0.650
accuracy: (test=0.950) average_precision: (test=0.601) balanced_accuracy: (test=0.807) f1: (test=0.551) roc_auc: (test=0.898) 46.73s
[fit 9/20] END n_estimators=450; total=4147, TP=130, TN=3829, FP=121, FN=67; precision=0.518, recall=0.660
accuracy: (test=0.955) average_precision: (test=0.617) balanced_accuracy: (test=0.815) f1: (test=0.580) roc_auc: (test=0.902) 52.06s
[fit 10/20] END n_estimators=500; total=4147, TP=128, TN=3844, FP=106, FN=69; precision=0.547, recall=0.650
accuracy: (test=0.958) average_precision: (test=0.630) balanced_accuracy: (test=0.811) f1: (test=0.594) roc_auc: (test=0.905) 58.19s
[fit 11/20] END n_estimators=550; total=4147, TP=127, TN=3854, FP=96, FN=70; precision=0.570, recall=0.645
accuracy: (test=0.960) average_precision: (test=0.646) balanced_accuracy: (test=0.810) f1: (test=0.605) roc_auc: (test=0.908) 1.07min
[fit 12/20] END n_estimators=600; total=4147, TP=123, TN=3855, FP=95, FN=74; precision=0.564, recall=0.624
accuracy: (test=0.959) average_precision: (test=0.655) balanced_accuracy: (test=0.800) f1: (test=0.593) roc_auc: (test=0.910) 1.16min
[fit 13/20] END n_estimators=650; total=4147, TP=123, TN=3867, FP=83, FN=74; precision=0.597, recall=0.624
accuracy: (test=0.962) average_precision: (test=0.665) balanced_accuracy: (test=0.802) f1: (test=0.610) roc_auc: (test=0.911) 1.27min
[fit 14/20] END n_estimators=700; total=4147, TP=122, TN=3876, FP=74, FN=75; precision=0.622, recall=0.619
accuracy: (test=0.964) average_precision: (test=0.674) balanced_accuracy: (test=0.800) f1: (test=0.621) roc_auc: (test=0.910) 1.37min
[fit 15/20] END n_estimators=750; total=4147, TP=122, TN=3881, FP=69, FN=75; precision=0.639, recall=0.619
accuracy: (test=0.965) average_precision: (test=0.681) balanced_accuracy: (test=0.801) f1: (test=0.629) roc_auc: (test=0.910) 1.46min
[fit 16/20] END n_estimators=800; total=4147, TP=120, TN=3885, FP=65, FN=77; precision=0.649, recall=0.609
accuracy: (test=0.966) average_precision: (test=0.684) balanced_accuracy: (test=0.796) f1: (test=0.628) roc_auc: (test=0.909) 1.56min
[fit 17/20] END n_estimators=850; total=4147, TP=118, TN=3892, FP=58, FN=79; precision=0.670, recall=0.599
accuracy: (test=0.967) average_precision: (test=0.689) balanced_accuracy: (test=0.792) f1: (test=0.633) roc_auc: (test=0.909) 1.66min
[fit 18/20] END n_estimators=900; total=4147, TP=117, TN=3901, FP=49, FN=80; precision=0.705, recall=0.594
accuracy: (test=0.969) average_precision: (test=0.691) balanced_accuracy: (test=0.791) f1: (test=0.645) roc_auc: (test=0.910) 1.74min
[fit 19/20] END n_estimators=950; total=4147, TP=117, TN=3909, FP=41, FN=80; precision=0.741, recall=0.594
accuracy: (test=0.971) average_precision: (test=0.698) balanced_accuracy: (test=0.792) f1: (test=0.659) roc_auc: (test=0.911) 1.85min
[fit 20/20] END n_estimators=1000; total=4147, TP=116, TN=3911, FP=39, FN=81; precision=0.748, recall=0.589
accuracy: (test=0.971) average_precision: (test=0.699) balanced_accuracy: (test=0.789) f1: (test=0.659) roc_auc: (test=0.911) 1.95min
clf.best_estimator_params: {'n_estimators': 650}
best params found in line [14] for metric [roc_auc] in rank file
best params found in fit [13] for metric [roc_auc] in run_and_score file
clf.best_scoring_result: [Total: (test=4147) TP: (test=123.000) TN: (test=3867.000) FP: (test=83.000) FN: (test=74.000) precision: (test=0.597) recall: (test=0.624) accuracy: (test=0.962) average_precision: (test=0.665) balanced_accuracy: (test=0.802) f1: (test=0.610) roc_auc: (test=0.911) ]
write rank test to csv!!!
write over!!!
第二次
{'objective': 'binary:logistic', 'use_label_encoder': False, 'base_score': None, 'booster': None, 'colsample_bylevel': None, 'colsample_bynode': None, 'colsample_bytree': 0.8, 'gamma': 0, 'gpu_id': None, 'importance_type': 'gain', 'interaction_constraints': None, 'learning_rate': 0.1, 'max_delta_step': None, 'max_depth': 5, 'min_child_weight': 1, 'missing': nan, 'monotone_constraints': None, 'n_estimators': 650, 'n_jobs': None, 'num_parallel_tree': None, 'random_state': None, 'reg_alpha': 0, 'reg_lambda': 1, 'scale_pos_weight': None, 'subsample': 0.8, 'tree_method': 'gpu_hist', 'validate_parameters': None, 'verbosity': None, 'seed': 0, 'eval_metric': 'logloss'}
Fitting, totalling 54 fits
[fit 1/54] END max_depth=3, min_child_weight=1; total=4147, TP=132, TN=3623, FP=327, FN=65; precision=0.288, recall=0.670
accuracy: (test=0.905) average_precision: (test=0.446) balanced_accuracy: (test=0.794) f1: (test=0.402) roc_auc: (test=0.872) 42.65s
[fit 2/54] END max_depth=3, min_child_weight=2; total=4147, TP=134, TN=3634, FP=316, FN=63; precision=0.298, recall=0.680
accuracy: (test=0.909) average_precision: (test=0.434) balanced_accuracy: (test=0.800) f1: (test=0.414) roc_auc: (test=0.879) 42.77s
[fit 3/54] END max_depth=3, min_child_weight=3; total=4147, TP=131, TN=3620, FP=330, FN=66; precision=0.284, recall=0.665
accuracy: (test=0.905) average_precision: (test=0.416) balanced_accuracy: (test=0.791) f1: (test=0.398) roc_auc: (test=0.873) 42.43s
[fit 4/54] END max_depth=3, min_child_weight=4; total=4147, TP=135, TN=3613, FP=337, FN=62; precision=0.286, recall=0.685
accuracy: (test=0.904) average_precision: (test=0.428) balanced_accuracy: (test=0.800) f1: (test=0.404) roc_auc: (test=0.880) 42.34s
[fit 5/54] END max_depth=3, min_child_weight=5; total=4147, TP=133, TN=3607, FP=343, FN=64; precision=0.279, recall=0.675
accuracy: (test=0.902) average_precision: (test=0.431) balanced_accuracy: (test=0.794) f1: (test=0.395) roc_auc: (test=0.874) 42.61s
[fit 6/54] END max_depth=3, min_child_weight=6; total=4147, TP=136, TN=3611, FP=339, FN=61; precision=0.286, recall=0.690
accuracy: (test=0.904) average_precision: (test=0.415) balanced_accuracy: (test=0.802) f1: (test=0.405) roc_auc: (test=0.873) 42.65s
[fit 7/54] END max_depth=4, min_child_weight=1; total=4147, TP=127, TN=3790, FP=160, FN=70; precision=0.443, recall=0.645
accuracy: (test=0.945) average_precision: (test=0.545) balanced_accuracy: (test=0.802) f1: (test=0.525) roc_auc: (test=0.894) 54.74s
[fit 8/54] END max_depth=4, min_child_weight=2; total=4147, TP=127, TN=3785, FP=165, FN=70; precision=0.435, recall=0.645
accuracy: (test=0.943) average_precision: (test=0.573) balanced_accuracy: (test=0.801) f1: (test=0.519) roc_auc: (test=0.898) 54.83s
[fit 9/54] END max_depth=4, min_child_weight=3; total=4147, TP=132, TN=3773, FP=177, FN=65; precision=0.427, recall=0.670
accuracy: (test=0.942) average_precision: (test=0.561) balanced_accuracy: (test=0.813) f1: (test=0.522) roc_auc: (test=0.896) 55.15s
[fit 10/54] END max_depth=4, min_child_weight=4; total=4147, TP=135, TN=3776, FP=174, FN=62; precision=0.437, recall=0.685
accuracy: (test=0.943) average_precision: (test=0.569) balanced_accuracy: (test=0.821) f1: (test=0.534) roc_auc: (test=0.893) 54.49s
[fit 11/54] END max_depth=4, min_child_weight=5; total=4147, TP=134, TN=3776, FP=174, FN=63; precision=0.435, recall=0.680
accuracy: (test=0.943) average_precision: (test=0.562) balanced_accuracy: (test=0.818) f1: (test=0.531) roc_auc: (test=0.899) 54.36s
[fit 12/54] END max_depth=4, min_child_weight=6; total=4147, TP=132, TN=3782, FP=168, FN=65; precision=0.440, recall=0.670
accuracy: (test=0.944) average_precision: (test=0.573) balanced_accuracy: (test=0.814) f1: (test=0.531) roc_auc: (test=0.895) 54.62s
[fit 13/54] END max_depth=5, min_child_weight=1; total=4147, TP=123, TN=3867, FP=83, FN=74; precision=0.597, recall=0.624
accuracy: (test=0.962) average_precision: (test=0.665) balanced_accuracy: (test=0.802) f1: (test=0.610) roc_auc: (test=0.911) 1.26min
[fit 14/54] END max_depth=5, min_child_weight=2; total=4147, TP=121, TN=3868, FP=82, FN=76; precision=0.596, recall=0.614
accuracy: (test=0.962) average_precision: (test=0.661) balanced_accuracy: (test=0.797) f1: (test=0.605) roc_auc: (test=0.908) 1.24min
[fit 15/54] END max_depth=5, min_child_weight=3; total=4147, TP=125, TN=3870, FP=80, FN=72; precision=0.610, recall=0.635
accuracy: (test=0.963) average_precision: (test=0.666) balanced_accuracy: (test=0.807) f1: (test=0.622) roc_auc: (test=0.908) 1.23min
[fit 16/54] END max_depth=5, min_child_weight=4; total=4147, TP=125, TN=3873, FP=77, FN=72; precision=0.619, recall=0.635
accuracy: (test=0.964) average_precision: (test=0.656) balanced_accuracy: (test=0.808) f1: (test=0.627) roc_auc: (test=0.904) 1.23min
[fit 17/54] END max_depth=5, min_child_weight=5; total=4147, TP=125, TN=3863, FP=87, FN=72; precision=0.590, recall=0.635
accuracy: (test=0.962) average_precision: (test=0.654) balanced_accuracy: (test=0.806) f1: (test=0.611) roc_auc: (test=0.906) 1.22min
[fit 18/54] END max_depth=5, min_child_weight=6; total=4147, TP=128, TN=3871, FP=79, FN=69; precision=0.618, recall=0.650
accuracy: (test=0.964) average_precision: (test=0.671) balanced_accuracy: (test=0.815) f1: (test=0.634) roc_auc: (test=0.913) 1.21min
[fit 19/54] END max_depth=6, min_child_weight=1; total=4147, TP=119, TN=3914, FP=36, FN=78; precision=0.768, recall=0.604
accuracy: (test=0.973) average_precision: (test=0.712) balanced_accuracy: (test=0.797) f1: (test=0.676) roc_auc: (test=0.910) 1.81min
[fit 20/54] END max_depth=6, min_child_weight=2; total=4147, TP=112, TN=3911, FP=39, FN=85; precision=0.742, recall=0.569
accuracy: (test=0.970) average_precision: (test=0.703) balanced_accuracy: (test=0.779) f1: (test=0.644) roc_auc: (test=0.913) 1.75min
[fit 21/54] END max_depth=6, min_child_weight=3; total=4147, TP=116, TN=3912, FP=38, FN=81; precision=0.753, recall=0.589
accuracy: (test=0.971) average_precision: (test=0.709) balanced_accuracy: (test=0.790) f1: (test=0.661) roc_auc: (test=0.913) 1.72min
[fit 22/54] END max_depth=6, min_child_weight=4; total=4147, TP=116, TN=3912, FP=38, FN=81; precision=0.753, recall=0.589
accuracy: (test=0.971) average_precision: (test=0.719) balanced_accuracy: (test=0.790) f1: (test=0.661) roc_auc: (test=0.916) 1.68min
[fit 23/54] END max_depth=6, min_child_weight=5; total=4147, TP=118, TN=3906, FP=44, FN=79; precision=0.728, recall=0.599
accuracy: (test=0.970) average_precision: (test=0.701) balanced_accuracy: (test=0.794) f1: (test=0.657) roc_auc: (test=0.913) 1.67min
[fit 24/54] END max_depth=6, min_child_weight=6; total=4147, TP=121, TN=3908, FP=42, FN=76; precision=0.742, recall=0.614
accuracy: (test=0.972) average_precision: (test=0.698) balanced_accuracy: (test=0.802) f1: (test=0.672) roc_auc: (test=0.909) 1.64min
[fit 25/54] END max_depth=7, min_child_weight=1; total=4147, TP=116, TN=3929, FP=21, FN=81; precision=0.847, recall=0.589
accuracy: (test=0.975) average_precision: (test=0.727) balanced_accuracy: (test=0.792) f1: (test=0.695) roc_auc: (test=0.915) 2.60min
[fit 26/54] END max_depth=7, min_child_weight=2; total=4147, TP=120, TN=3929, FP=21, FN=77; precision=0.851, recall=0.609
accuracy: (test=0.976) average_precision: (test=0.734) balanced_accuracy: (test=0.802) f1: (test=0.710) roc_auc: (test=0.924) 2.43min
[fit 27/54] END max_depth=7, min_child_weight=3; total=4147, TP=113, TN=3928, FP=22, FN=84; precision=0.837, recall=0.574
accuracy: (test=0.974) average_precision: (test=0.725) balanced_accuracy: (test=0.784) f1: (test=0.681) roc_auc: (test=0.917) 2.33min
[fit 28/54] END max_depth=7, min_child_weight=4; total=4147, TP=113, TN=3923, FP=27, FN=84; precision=0.807, recall=0.574
accuracy: (test=0.973) average_precision: (test=0.713) balanced_accuracy: (test=0.783) f1: (test=0.671) roc_auc: (test=0.911) 2.23min
[fit 29/54] END max_depth=7, min_child_weight=5; total=4147, TP=118, TN=3929, FP=21, FN=79; precision=0.849, recall=0.599
accuracy: (test=0.976) average_precision: (test=0.732) balanced_accuracy: (test=0.797) f1: (test=0.702) roc_auc: (test=0.923) 2.19min
[fit 30/54] END max_depth=7, min_child_weight=6; total=4147, TP=118, TN=3925, FP=25, FN=79; precision=0.825, recall=0.599
accuracy: (test=0.975) average_precision: (test=0.730) balanced_accuracy: (test=0.796) f1: (test=0.694) roc_auc: (test=0.918) 2.14min
[fit 31/54] END max_depth=8, min_child_weight=1; total=4147, TP=113, TN=3933, FP=17, FN=84; precision=0.869, recall=0.574
accuracy: (test=0.976) average_precision: (test=0.740) balanced_accuracy: (test=0.785) f1: (test=0.691) roc_auc: (test=0.929) 3.46min
[fit 32/54] END max_depth=8, min_child_weight=2; total=4147, TP=114, TN=3928, FP=22, FN=83; precision=0.838, recall=0.579
accuracy: (test=0.975) average_precision: (test=0.744) balanced_accuracy: (test=0.787) f1: (test=0.685) roc_auc: (test=0.920) 3.09min
[fit 33/54] END max_depth=8, min_child_weight=3; total=4147, TP=115, TN=3932, FP=18, FN=82; precision=0.865, recall=0.584
accuracy: (test=0.976) average_precision: (test=0.738) balanced_accuracy: (test=0.790) f1: (test=0.697) roc_auc: (test=0.916) 2.93min
[fit 34/54] END max_depth=8, min_child_weight=4; total=4147, TP=112, TN=3927, FP=23, FN=85; precision=0.830, recall=0.569
accuracy: (test=0.974) average_precision: (test=0.727) balanced_accuracy: (test=0.781) f1: (test=0.675) roc_auc: (test=0.921) 2.82min
[fit 35/54] END max_depth=8, min_child_weight=5; total=4147, TP=115, TN=3928, FP=22, FN=82; precision=0.839, recall=0.584
accuracy: (test=0.975) average_precision: (test=0.722) balanced_accuracy: (test=0.789) f1: (test=0.689) roc_auc: (test=0.924) 2.70min
[fit 36/54] END max_depth=8, min_child_weight=6; total=4147, TP=116, TN=3926, FP=24, FN=81; precision=0.829, recall=0.589
accuracy: (test=0.975) average_precision: (test=0.732) balanced_accuracy: (test=0.791) f1: (test=0.688) roc_auc: (test=0.921) 2.63min
[fit 37/54] END max_depth=9, min_child_weight=1; total=4147, TP=113, TN=3935, FP=15, FN=84; precision=0.883, recall=0.574
accuracy: (test=0.976) average_precision: (test=0.749) balanced_accuracy: (test=0.785) f1: (test=0.695) roc_auc: (test=0.924) 4.25min
[fit 38/54] END max_depth=9, min_child_weight=2; total=4147, TP=113, TN=3937, FP=13, FN=84; precision=0.897, recall=0.574
accuracy: (test=0.977) average_precision: (test=0.734) balanced_accuracy: (test=0.785) f1: (test=0.700) roc_auc: (test=0.925) 3.76min
[fit 39/54] END max_depth=9, min_child_weight=3; total=4147, TP=116, TN=3929, FP=21, FN=81; precision=0.847, recall=0.589
accuracy: (test=0.975) average_precision: (test=0.732) balanced_accuracy: (test=0.792) f1: (test=0.695) roc_auc: (test=0.920) 3.49min
[fit 40/54] END max_depth=9, min_child_weight=4; total=4147, TP=112, TN=3935, FP=15, FN=85; precision=0.882, recall=0.569
accuracy: (test=0.976) average_precision: (test=0.736) balanced_accuracy: (test=0.782) f1: (test=0.691) roc_auc: (test=0.923) 3.33min
[fit 41/54] END max_depth=9, min_child_weight=5; total=4147, TP=112, TN=3931, FP=19, FN=85; precision=0.855, recall=0.569
accuracy: (test=0.975) average_precision: (test=0.736) balanced_accuracy: (test=0.782) f1: (test=0.683) roc_auc: (test=0.921) 3.19min
[fit 42/54] END max_depth=9, min_child_weight=6; total=4147, TP=112, TN=3931, FP=19, FN=85; precision=0.855, recall=0.569
accuracy: (test=0.975) average_precision: (test=0.740) balanced_accuracy: (test=0.782) f1: (test=0.683) roc_auc: (test=0.920) 3.11min
[fit 43/54] END max_depth=10, min_child_weight=1; total=4147, TP=113, TN=3939, FP=11, FN=84; precision=0.911, recall=0.574
accuracy: (test=0.977) average_precision: (test=0.740) balanced_accuracy: (test=0.785) f1: (test=0.704) roc_auc: (test=0.926) 4.88min
[fit 44/54] END max_depth=10, min_child_weight=2; total=4147, TP=111, TN=3933, FP=17, FN=86; precision=0.867, recall=0.563
accuracy: (test=0.975) average_precision: (test=0.742) balanced_accuracy: (test=0.780) f1: (test=0.683) roc_auc: (test=0.926) 4.26min
[fit 45/54] END max_depth=10, min_child_weight=3; total=4147, TP=112, TN=3936, FP=14, FN=85; precision=0.889, recall=0.569
accuracy: (test=0.976) average_precision: (test=0.738) balanced_accuracy: (test=0.782) f1: (test=0.693) roc_auc: (test=0.926) 3.93min
[fit 46/54] END max_depth=10, min_child_weight=4; total=4147, TP=116, TN=3930, FP=20, FN=81; precision=0.853, recall=0.589
accuracy: (test=0.976) average_precision: (test=0.744) balanced_accuracy: (test=0.792) f1: (test=0.697) roc_auc: (test=0.926) 3.75min
[fit 47/54] END max_depth=10, min_child_weight=5; total=4147, TP=114, TN=3933, FP=17, FN=83; precision=0.870, recall=0.579
accuracy: (test=0.976) average_precision: (test=0.732) balanced_accuracy: (test=0.787) f1: (test=0.695) roc_auc: (test=0.919) 3.59min
[fit 48/54] END max_depth=10, min_child_weight=6; total=4147, TP=112, TN=3930, FP=20, FN=85; precision=0.848, recall=0.569
accuracy: (test=0.975) average_precision: (test=0.734) balanced_accuracy: (test=0.782) f1: (test=0.681) roc_auc: (test=0.917) 3.53min
Traceback (most recent call last):
  File "xgboost_greedy_run.py", line 94, in <module>
    best_params = xgboost_grid_greedy(cv_params, other_params, '2')
  File "xgboost_greedy_run.py", line 38, in xgboost_grid_greedy
    clf = RunAndScore(data_list_dict, model, cv_params, met_grid, refit=refit, n_jobs=1, verbose=0)
  File "/mnt/share/PycharmProjects/myEPI/src/ML/ml_def.py", line 467, in __init__
    self.all_out = self.run_and_score()
  File "/mnt/share/PycharmProjects/myEPI/src/ML/ml_def.py", line 579, in run_and_score
    for cand_idx, params in enumerate(self.candidate_params, 1))
  File "/home/pbc/anaconda3/envs/ml/lib/python3.6/site-packages/joblib/parallel.py", line 1044, in __call__
    while self.dispatch_one_batch(iterator):
  File "/home/pbc/anaconda3/envs/ml/lib/python3.6/site-packages/joblib/parallel.py", line 859, in dispatch_one_batch
    self._dispatch(tasks)
  File "/home/pbc/anaconda3/envs/ml/lib/python3.6/site-packages/joblib/parallel.py", line 777, in _dispatch
    job = self._backend.apply_async(batch, callback=cb)
  File "/home/pbc/anaconda3/envs/ml/lib/python3.6/site-packages/joblib/_parallel_backends.py", line 208, in apply_async
    result = ImmediateResult(func)
  File "/home/pbc/anaconda3/envs/ml/lib/python3.6/site-packages/joblib/_parallel_backends.py", line 572, in __init__
    self.results = batch()
  File "/home/pbc/anaconda3/envs/ml/lib/python3.6/site-packages/joblib/parallel.py", line 263, in __call__
    for func, args, kwargs in self.items]
  File "/home/pbc/anaconda3/envs/ml/lib/python3.6/site-packages/joblib/parallel.py", line 263, in <listcomp>
    for func, args, kwargs in self.items]
  File "/mnt/share/PycharmProjects/myEPI/src/ML/ml_def.py", line 537, in fit_and_predict
    self.model_fit(model, self.data_list_dict["train_X"], self.data_list_dict["train_y"])
  File "/mnt/share/PycharmProjects/myEPI/src/ML/ml_def.py", line 481, in model_fit
    estimator.fit(train_X, train_y)
  File "/home/pbc/anaconda3/envs/ml/lib/python3.6/site-packages/xgboost/core.py", line 436, in inner_f
    return f(**kwargs)
  File "/home/pbc/anaconda3/envs/ml/lib/python3.6/site-packages/xgboost/sklearn.py", line 1187, in fit
    callbacks=callbacks,
  File "/home/pbc/anaconda3/envs/ml/lib/python3.6/site-packages/xgboost/training.py", line 197, in train
    early_stopping_rounds=early_stopping_rounds)
  File "/home/pbc/anaconda3/envs/ml/lib/python3.6/site-packages/xgboost/training.py", line 81, in _train_internal
    bst.update(dtrain, i, obj)
  File "/home/pbc/anaconda3/envs/ml/lib/python3.6/site-packages/xgboost/core.py", line 1501, in update
    dtrain.handle))
  File "/home/pbc/anaconda3/envs/ml/lib/python3.6/site-packages/xgboost/core.py", line 210, in _check_call
    raise XGBoostError(py_str(_LIB.XGBGetLastError()))
xgboost.core.XGBoostError: [00:21:03] ../src/tree/updater_gpu_hist.cu:793: Exception in gpu_hist: [00:21:03] ../src/c_api/../data/../common/device_helpers.cuh:414: Memory allocation error on worker 0: [00:21:03] ../src/tree/../common/common.h:45: ../src/tree/../common/device_helpers.cuh: 433: out of memory
Stack trace:
  [bt] (0) /home/pbc/anaconda3/envs/ml/lib/python3.6/site-packages/xgboost/lib/libxgboost.so(+0x9133f) [0x7fdb3f8ae33f]
  [bt] (1) /home/pbc/anaconda3/envs/ml/lib/python3.6/site-packages/xgboost/lib/libxgboost.so(+0x4ca9f8) [0x7fdb3fce79f8]
  [bt] (2) /home/pbc/anaconda3/envs/ml/lib/python3.6/site-packages/xgboost/lib/libxgboost.so(+0x4dfb9b) [0x7fdb3fcfcb9b]
  [bt] (3) /home/pbc/anaconda3/envs/ml/lib/python3.6/site-packages/xgboost/lib/libxgboost.so(+0x4e1ced) [0x7fdb3fcfeced]
  [bt] (4) /home/pbc/anaconda3/envs/ml/lib/python3.6/site-packages/xgboost/lib/libxgboost.so(+0x4e1f2e) [0x7fdb3fcfef2e]
  [bt] (5) /home/pbc/anaconda3/envs/ml/lib/python3.6/site-packages/xgboost/lib/libxgboost.so(+0x4e8857) [0x7fdb3fd05857]
  [bt] (6) /home/pbc/anaconda3/envs/ml/lib/python3.6/site-packages/xgboost/lib/libxgboost.so(+0x4e935e) [0x7fdb3fd0635e]
  [bt] (7) /home/pbc/anaconda3/envs/ml/lib/python3.6/site-packages/xgboost/lib/libxgboost.so(+0x18c862) [0x7fdb3f9a9862]
  [bt] (8) /home/pbc/anaconda3/envs/ml/lib/python3.6/site-packages/xgboost/lib/libxgboost.so(+0x18f14d) [0x7fdb3f9ac14d]


- Free memory: 592052224
- Requested memory: 650117120

Stack trace:
  [bt] (0) /home/pbc/anaconda3/envs/ml/lib/python3.6/site-packages/xgboost/lib/libxgboost.so(+0x9133f) [0x7fdb3f8ae33f]
  [bt] (1) /home/pbc/anaconda3/envs/ml/lib/python3.6/site-packages/xgboost/lib/libxgboost.so(+0x329275) [0x7fdb3fb46275]
  [bt] (2) /home/pbc/anaconda3/envs/ml/lib/python3.6/site-packages/xgboost/lib/libxgboost.so(+0x4dfd33) [0x7fdb3fcfcd33]
  [bt] (3) /home/pbc/anaconda3/envs/ml/lib/python3.6/site-packages/xgboost/lib/libxgboost.so(+0x4e1ced) [0x7fdb3fcfeced]
  [bt] (4) /home/pbc/anaconda3/envs/ml/lib/python3.6/site-packages/xgboost/lib/libxgboost.so(+0x4e1f2e) [0x7fdb3fcfef2e]
  [bt] (5) /home/pbc/anaconda3/envs/ml/lib/python3.6/site-packages/xgboost/lib/libxgboost.so(+0x4e8857) [0x7fdb3fd05857]
  [bt] (6) /home/pbc/anaconda3/envs/ml/lib/python3.6/site-packages/xgboost/lib/libxgboost.so(+0x4e935e) [0x7fdb3fd0635e]
  [bt] (7) /home/pbc/anaconda3/envs/ml/lib/python3.6/site-packages/xgboost/lib/libxgboost.so(+0x18c862) [0x7fdb3f9a9862]
  [bt] (8) /home/pbc/anaconda3/envs/ml/lib/python3.6/site-packages/xgboost/lib/libxgboost.so(+0x18f14d) [0x7fdb3f9ac14d]



Stack trace:
  [bt] (0) /home/pbc/anaconda3/envs/ml/lib/python3.6/site-packages/xgboost/lib/libxgboost.so(+0x9133f) [0x7fdb3f8ae33f]
  [bt] (1) /home/pbc/anaconda3/envs/ml/lib/python3.6/site-packages/xgboost/lib/libxgboost.so(+0x4e9a88) [0x7fdb3fd06a88]
  [bt] (2) /home/pbc/anaconda3/envs/ml/lib/python3.6/site-packages/xgboost/lib/libxgboost.so(+0x18c862) [0x7fdb3f9a9862]
  [bt] (3) /home/pbc/anaconda3/envs/ml/lib/python3.6/site-packages/xgboost/lib/libxgboost.so(+0x18f14d) [0x7fdb3f9ac14d]
  [bt] (4) /home/pbc/anaconda3/envs/ml/lib/python3.6/site-packages/xgboost/lib/libxgboost.so(+0x1b9b93) [0x7fdb3f9d6b93]
  [bt] (5) /home/pbc/anaconda3/envs/ml/lib/python3.6/site-packages/xgboost/lib/libxgboost.so(XGBoosterUpdateOneIter+0x50) [0x7fdb3f89ded0]
  [bt] (6) /home/pbc/anaconda3/envs/ml/lib/python3.6/lib-dynload/../../libffi.so.7(+0x69dd) [0x7fdb7037a9dd]
  [bt] (7) /home/pbc/anaconda3/envs/ml/lib/python3.6/lib-dynload/../../libffi.so.7(+0x6067) [0x7fdb7037a067]
  [bt] (8) /home/pbc/anaconda3/envs/ml/lib/python3.6/lib-dynload/_ctypes.cpython-36m-x86_64-linux-gnu.so(_ctypes_callproc+0x13a) [0x7fdb705a21da]


