nohup: ignoring input
experiment: K562 pseknc_deepforest
trainSet len: 71150
testSet len: 4147
Fitting, totalling 210 fits
[fit 1/210] END max_layers=20, n_estimators=2, n_trees=50; total=4147, TP=87, TN=3950, FP=0, FN=110
accuracy: (test=0.973) average_precision: (test=0.586) balanced_accuracy: (test=0.721) f1: (test=0.613) roc_auc: (test=0.799) 2.71min
[fit 4/210] END max_layers=20, n_estimators=2, n_trees=200; total=4147, TP=88, TN=3950, FP=0, FN=109
accuracy: (test=0.974) average_precision: (test=0.734) balanced_accuracy: (test=0.723) f1: (test=0.618) roc_auc: (test=0.923) 6.41min
[fit 7/210] END max_layers=20, n_estimators=2, n_trees=400; total=4147, TP=87, TN=3950, FP=0, FN=110
accuracy: (test=0.973) average_precision: (test=0.738) balanced_accuracy: (test=0.721) f1: (test=0.613) roc_auc: (test=0.912) 12.46min
[fit 11/210] END max_layers=20, n_estimators=5, n_trees=200; total=4147, TP=86, TN=3950, FP=0, FN=111
accuracy: (test=0.973) average_precision: (test=0.712) balanced_accuracy: (test=0.718) f1: (test=0.608) roc_auc: (test=0.913) 12.92min
/home/pbc/anaconda3/envs/ml/lib/python3.6/site-packages/joblib/externals/loky/process_executor.py:691: UserWarning: A worker stopped while some jobs were given to the executor. This can be caused by a too short worker timeout or by a memory leak.
  "timeout or by a memory leak.", UserWarning
[fit 3/210] END max_layers=20, n_estimators=2, n_trees=150; total=4147, TP=84, TN=3950, FP=0, FN=113
accuracy: (test=0.973) average_precision: (test=0.731) balanced_accuracy: (test=0.713) f1: (test=0.598) roc_auc: (test=0.920) 4.81min
[fit 6/210] END max_layers=20, n_estimators=2, n_trees=300; total=4147, TP=87, TN=3950, FP=0, FN=110
accuracy: (test=0.973) average_precision: (test=0.733) balanced_accuracy: (test=0.721) f1: (test=0.613) roc_auc: (test=0.917) 9.55min
[fit 9/210] END max_layers=20, n_estimators=5, n_trees=100; total=4147, TP=85, TN=3950, FP=0, FN=112
accuracy: (test=0.973) average_precision: (test=0.712) balanced_accuracy: (test=0.716) f1: (test=0.603) roc_auc: (test=0.894) 7.27min
[fit 12/210] END max_layers=20, n_estimators=5, n_trees=250; total=4147, TP=88, TN=3949, FP=1, FN=109
accuracy: (test=0.973) average_precision: (test=0.763) balanced_accuracy: (test=0.723) f1: (test=0.615) roc_auc: (test=0.933) 14.01min
[fit 2/210] END max_layers=20, n_estimators=2, n_trees=100; total=4147, TP=85, TN=3950, FP=0, FN=112
accuracy: (test=0.973) average_precision: (test=0.730) balanced_accuracy: (test=0.716) f1: (test=0.603) roc_auc: (test=0.912) 3.45min
[fit 5/210] END max_layers=20, n_estimators=2, n_trees=250; total=4147, TP=88, TN=3950, FP=0, FN=109
accuracy: (test=0.974) average_precision: (test=0.742) balanced_accuracy: (test=0.723) f1: (test=0.618) roc_auc: (test=0.917) 8.07min
[fit 8/210] END max_layers=20, n_estimators=5, n_trees=50; total=4147, TP=83, TN=3950, FP=0, FN=114
accuracy: (test=0.973) average_precision: (test=0.578) balanced_accuracy: (test=0.711) f1: (test=0.593) roc_auc: (test=0.787) 5.21min
[fit 10/210] END max_layers=20, n_estimators=5, n_trees=150; total=4147, TP=85, TN=3950, FP=0, FN=112
accuracy: (test=0.973) average_precision: (test=0.721) balanced_accuracy: (test=0.716) f1: (test=0.603) roc_auc: (test=0.902) 9.74min
[fit 13/210] END max_layers=20, n_estimators=5, n_trees=300; total=4147, TP=87, TN=3950, FP=0, FN=110
accuracy: (test=0.973) average_precision: (test=0.723) balanced_accuracy: (test=0.721) f1: (test=0.613) roc_auc: (test=0.910) 19.41min
[fit 15/210] END max_layers=20, n_estimators=8, n_trees=50; total=4147, TP=85, TN=3949, FP=1, FN=112
accuracy: (test=0.973) average_precision: (test=0.538) balanced_accuracy: (test=0.716) f1: (test=0.601) roc_auc: (test=0.752) 10.73min
[fit 17/210] END max_layers=20, n_estimators=8, n_trees=150; total=4147, TP=87, TN=3950, FP=0, FN=110
accuracy: (test=0.973) average_precision: (test=0.697) balanced_accuracy: (test=0.721) f1: (test=0.613) roc_auc: (test=0.885) 15.31min
[fit 16/210] END max_layers=20, n_estimators=8, n_trees=100; total=4147, TP=86, TN=3949, FP=1, FN=111
accuracy: (test=0.973) average_precision: (test=0.684) balanced_accuracy: (test=0.718) f1: (test=0.606) roc_auc: (test=0.865) 11.30min
[fit 19/210] END max_layers=20, n_estimators=8, n_trees=250; total=4147, TP=87, TN=3949, FP=1, FN=110
accuracy: (test=0.973) average_precision: (test=0.691) balanced_accuracy: (test=0.721) f1: (test=0.611) roc_auc: (test=0.875) 23.87min
[fit 22/210] END max_layers=20, n_estimators=10, n_trees=50; total=4147, TP=86, TN=3949, FP=1, FN=111
accuracy: (test=0.973) average_precision: (test=0.568) balanced_accuracy: (test=0.718) f1: (test=0.606) roc_auc: (test=0.777) 10.22min
[fit 24/210] END max_layers=20, n_estimators=10, n_trees=150; total=4147, TP=88, TN=3949, FP=1, FN=109
accuracy: (test=0.973) average_precision: (test=0.665) balanced_accuracy: (test=0.723) f1: (test=0.615) roc_auc: (test=0.846) 19.63min
[fit 14/210] END max_layers=20, n_estimators=5, n_trees=400; total=4147, TP=90, TN=3949, FP=1, FN=107
accuracy: (test=0.974) average_precision: (test=0.762) balanced_accuracy: (test=0.728) f1: (test=0.625) roc_auc: (test=0.928) 22.53min
[fit 18/210] END max_layers=20, n_estimators=8, n_trees=200; total=4147, TP=90, TN=3949, FP=1, FN=107
accuracy: (test=0.974) average_precision: (test=0.684) balanced_accuracy: (test=0.728) f1: (test=0.625) roc_auc: (test=0.871) 19.25min
[fit 21/210] END max_layers=20, n_estimators=8, n_trees=400; total=4147, TP=87, TN=3950, FP=0, FN=110
accuracy: (test=0.973) average_precision: (test=0.704) balanced_accuracy: (test=0.721) f1: (test=0.613) roc_auc: (test=0.890) 37.24min
[fit 20/210] END max_layers=20, n_estimators=8, n_trees=300; total=4147, TP=86, TN=3950, FP=0, FN=111
accuracy: (test=0.973) average_precision: (test=0.704) balanced_accuracy: (test=0.718) f1: (test=0.608) roc_auc: (test=0.886) 29.17min
[fit 23/210] END max_layers=20, n_estimators=10, n_trees=100; total=4147, TP=88, TN=3949, FP=1, FN=109
accuracy: (test=0.973) average_precision: (test=0.671) balanced_accuracy: (test=0.723) f1: (test=0.615) roc_auc: (test=0.847) 13.73min
[fit 25/210] END max_layers=20, n_estimators=10, n_trees=200; total=4147, TP=89, TN=3949, FP=1, FN=108
accuracy: (test=0.974) average_precision: (test=0.669) balanced_accuracy: (test=0.726) f1: (test=0.620) roc_auc: (test=0.852) 22.58min
[fit 28/210] END max_layers=20, n_estimators=10, n_trees=400; total=4147, TP=87, TN=3950, FP=0, FN=110
accuracy: (test=0.973) average_precision: (test=0.678) balanced_accuracy: (test=0.721) f1: (test=0.613) roc_auc: (test=0.862) 44.87min
[fit 26/210] END max_layers=20, n_estimators=10, n_trees=250; total=4147, TP=87, TN=3949, FP=1, FN=110
accuracy: (test=0.973) average_precision: (test=0.674) balanced_accuracy: (test=0.721) f1: (test=0.611) roc_auc: (test=0.855) 28.66min
[fit 29/210] END max_layers=20, n_estimators=13, n_trees=50; total=4147, TP=86, TN=3949, FP=1, FN=111
accuracy: (test=0.973) average_precision: (test=0.512) balanced_accuracy: (test=0.718) f1: (test=0.606) roc_auc: (test=0.745) 19.23min
[fit 31/210] END max_layers=20, n_estimators=13, n_trees=150; total=4147, TP=86, TN=3950, FP=0, FN=111
accuracy: (test=0.973) average_precision: (test=0.651) balanced_accuracy: (test=0.718) f1: (test=0.608) roc_auc: (test=0.831) 23.67min
[fit 34/210] END max_layers=20, n_estimators=13, n_trees=300; total=4147, TP=89, TN=3950, FP=0, FN=108
accuracy: (test=0.974) average_precision: (test=0.658) balanced_accuracy: (test=0.726) f1: (test=0.622) roc_auc: (test=0.836) 43.82min
[fit 27/210] END max_layers=20, n_estimators=10, n_trees=300; total=4147, TP=92, TN=3949, FP=1, FN=105
accuracy: (test=0.974) average_precision: (test=0.754) balanced_accuracy: (test=0.733) f1: (test=0.634) roc_auc: (test=0.927) 30.23min
[fit 30/210] END max_layers=20, n_estimators=13, n_trees=100; total=4147, TP=88, TN=3949, FP=1, FN=109
accuracy: (test=0.973) average_precision: (test=0.642) balanced_accuracy: (test=0.723) f1: (test=0.615) roc_auc: (test=0.825) 17.49min
[fit 32/210] END max_layers=20, n_estimators=13, n_trees=200; total=4147, TP=88, TN=3950, FP=0, FN=109
accuracy: (test=0.974) average_precision: (test=0.658) balanced_accuracy: (test=0.723) f1: (test=0.618) roc_auc: (test=0.838) 29.64min
[fit 35/210] END max_layers=20, n_estimators=13, n_trees=400; total=4147, TP=89, TN=3950, FP=0, FN=108
accuracy: (test=0.974) average_precision: (test=0.644) balanced_accuracy: (test=0.726) f1: (test=0.622) roc_auc: (test=0.828) 58.86min
[fit 40/210] END max_layers=50, n_estimators=2, n_trees=250; total=4147, TP=88, TN=3950, FP=0, FN=109
accuracy: (test=0.974) average_precision: (test=0.742) balanced_accuracy: (test=0.723) f1: (test=0.618) roc_auc: (test=0.917) 8.95min
[fit 42/210] END max_layers=50, n_estimators=2, n_trees=400; total=4147, TP=87, TN=3950, FP=0, FN=110
accuracy: (test=0.973) average_precision: (test=0.738) balanced_accuracy: (test=0.721) f1: (test=0.613) roc_auc: (test=0.912) 13.95min
[fit 45/210] END max_layers=50, n_estimators=5, n_trees=150; total=4147, TP=85, TN=3950, FP=0, FN=112
accuracy: (test=0.973) average_precision: (test=0.721) balanced_accuracy: (test=0.716) f1: (test=0.603) roc_auc: (test=0.902) 9.87min
[fit 48/210] END max_layers=50, n_estimators=5, n_trees=300; total=4147, TP=87, TN=3950, FP=0, FN=110
accuracy: (test=0.973) average_precision: (test=0.723) balanced_accuracy: (test=0.721) f1: (test=0.613) roc_auc: (test=0.910) 18.90min
[fit 46/210] END max_layers=50, n_estimators=5, n_trees=200; total=4147, TP=86, TN=3950, FP=0, FN=111
accuracy: (test=0.973) average_precision: (test=0.712) balanced_accuracy: (test=0.718) f1: (test=0.608) roc_auc: (test=0.913) 13.08min
[fit 49/210] END max_layers=50, n_estimators=5, n_trees=400; total=4147, TP=90, TN=3949, FP=1, FN=107
accuracy: (test=0.974) average_precision: (test=0.762) balanced_accuracy: (test=0.728) f1: (test=0.625) roc_auc: (test=0.928) 22.32min
[fit 52/210] END max_layers=50, n_estimators=8, n_trees=150; total=4147, TP=87, TN=3950, FP=0, FN=110
accuracy: (test=0.973) average_precision: (test=0.697) balanced_accuracy: (test=0.721) f1: (test=0.613) roc_auc: (test=0.885) 15.00min
[fit 55/210] END max_layers=50, n_estimators=8, n_trees=300; total=4147, TP=86, TN=3950, FP=0, FN=111
accuracy: (test=0.973) average_precision: (test=0.704) balanced_accuracy: (test=0.718) f1: (test=0.608) roc_auc: (test=0.886) 28.75min
[fit 53/210] END max_layers=50, n_estimators=8, n_trees=200; total=4147, TP=90, TN=3949, FP=1, FN=107
accuracy: (test=0.974) average_precision: (test=0.684) balanced_accuracy: (test=0.728) f1: (test=0.625) roc_auc: (test=0.871) 19.16min
[fit 56/210] END max_layers=50, n_estimators=8, n_trees=400; total=4147, TP=87, TN=3950, FP=0, FN=110
accuracy: (test=0.973) average_precision: (test=0.704) balanced_accuracy: (test=0.721) f1: (test=0.613) roc_auc: (test=0.890) 38.00min
[fit 59/210] END max_layers=50, n_estimators=10, n_trees=150; total=4147, TP=88, TN=3949, FP=1, FN=109
accuracy: (test=0.973) average_precision: (test=0.665) balanced_accuracy: (test=0.723) f1: (test=0.615) roc_auc: (test=0.846) 19.84min
[fit 61/210] END max_layers=50, n_estimators=10, n_trees=250; total=4147, TP=87, TN=3949, FP=1, FN=110
accuracy: (test=0.973) average_precision: (test=0.674) balanced_accuracy: (test=0.721) f1: (test=0.611) roc_auc: (test=0.855) 28.91min
[fit 33/210] END max_layers=20, n_estimators=13, n_trees=250; total=4147, TP=87, TN=3950, FP=0, FN=110
accuracy: (test=0.973) average_precision: (test=0.656) balanced_accuracy: (test=0.721) f1: (test=0.613) roc_auc: (test=0.837) 35.58min
[fit 36/210] END max_layers=50, n_estimators=2, n_trees=50; total=4147, TP=87, TN=3950, FP=0, FN=110
accuracy: (test=0.973) average_precision: (test=0.586) balanced_accuracy: (test=0.721) f1: (test=0.613) roc_auc: (test=0.799) 2.83min
[fit 37/210] END max_layers=50, n_estimators=2, n_trees=100; total=4147, TP=85, TN=3950, FP=0, FN=112
accuracy: (test=0.973) average_precision: (test=0.730) balanced_accuracy: (test=0.716) f1: (test=0.603) roc_auc: (test=0.912) 3.81min
[fit 38/210] END max_layers=50, n_estimators=2, n_trees=150; total=4147, TP=84, TN=3950, FP=0, FN=113
accuracy: (test=0.973) average_precision: (test=0.731) balanced_accuracy: (test=0.713) f1: (test=0.598) roc_auc: (test=0.920) 5.86min
[fit 39/210] END max_layers=50, n_estimators=2, n_trees=200; total=4147, TP=88, TN=3950, FP=0, FN=109
accuracy: (test=0.974) average_precision: (test=0.734) balanced_accuracy: (test=0.723) f1: (test=0.618) roc_auc: (test=0.923) 7.08min
[fit 41/210] END max_layers=50, n_estimators=2, n_trees=300; total=4147, TP=87, TN=3950, FP=0, FN=110
accuracy: (test=0.973) average_precision: (test=0.733) balanced_accuracy: (test=0.721) f1: (test=0.613) roc_auc: (test=0.917) 10.53min
[fit 43/210] END max_layers=50, n_estimators=5, n_trees=50; total=4147, TP=83, TN=3950, FP=0, FN=114
accuracy: (test=0.973) average_precision: (test=0.578) balanced_accuracy: (test=0.711) f1: (test=0.593) roc_auc: (test=0.787) 5.90min
[fit 44/210] END max_layers=50, n_estimators=5, n_trees=100; total=4147, TP=85, TN=3950, FP=0, FN=112
accuracy: (test=0.973) average_precision: (test=0.712) balanced_accuracy: (test=0.716) f1: (test=0.603) roc_auc: (test=0.894) 7.59min
[fit 47/210] END max_layers=50, n_estimators=5, n_trees=250; total=4147, TP=88, TN=3949, FP=1, FN=109
accuracy: (test=0.973) average_precision: (test=0.763) balanced_accuracy: (test=0.723) f1: (test=0.615) roc_auc: (test=0.933) 14.00min
[fit 50/210] END max_layers=50, n_estimators=8, n_trees=50; total=4147, TP=85, TN=3949, FP=1, FN=112
accuracy: (test=0.973) average_precision: (test=0.538) balanced_accuracy: (test=0.716) f1: (test=0.601) roc_auc: (test=0.752) 10.83min
[fit 51/210] END max_layers=50, n_estimators=8, n_trees=100; total=4147, TP=86, TN=3949, FP=1, FN=111
accuracy: (test=0.973) average_precision: (test=0.684) balanced_accuracy: (test=0.718) f1: (test=0.606) roc_auc: (test=0.865) 10.89min
[fit 54/210] END max_layers=50, n_estimators=8, n_trees=250; total=4147, TP=87, TN=3949, FP=1, FN=110
accuracy: (test=0.973) average_precision: (test=0.691) balanced_accuracy: (test=0.721) f1: (test=0.611) roc_auc: (test=0.875) 23.72min
[fit 57/210] END max_layers=50, n_estimators=10, n_trees=50; total=4147, TP=86, TN=3949, FP=1, FN=111
accuracy: (test=0.973) average_precision: (test=0.568) balanced_accuracy: (test=0.718) f1: (test=0.606) roc_auc: (test=0.777) 10.54min
[fit 58/210] END max_layers=50, n_estimators=10, n_trees=100; total=4147, TP=88, TN=3949, FP=1, FN=109
accuracy: (test=0.973) average_precision: (test=0.671) balanced_accuracy: (test=0.723) f1: (test=0.615) roc_auc: (test=0.847) 13.89min
[fit 60/210] END max_layers=50, n_estimators=10, n_trees=200; total=4147, TP=89, TN=3949, FP=1, FN=108
accuracy: (test=0.974) average_precision: (test=0.669) balanced_accuracy: (test=0.726) f1: (test=0.620) roc_auc: (test=0.852) 22.82min
[fit 63/210] END max_layers=50, n_estimators=10, n_trees=400; total=4147, TP=87, TN=3950, FP=0, FN=110
accuracy: (test=0.973) average_precision: (test=0.678) balanced_accuracy: (test=0.721) f1: (test=0.613) roc_auc: (test=0.862) 45.23min
[fit 64/210] END max_layers=50, n_estimators=13, n_trees=50; total=4147, TP=86, TN=3949, FP=1, FN=111
accuracy: (test=0.973) average_precision: (test=0.512) balanced_accuracy: (test=0.718) f1: (test=0.606) roc_auc: (test=0.745) 19.27min
[fit 66/210] END max_layers=50, n_estimators=13, n_trees=150; total=4147, TP=86, TN=3950, FP=0, FN=111
accuracy: (test=0.973) average_precision: (test=0.651) balanced_accuracy: (test=0.718) f1: (test=0.608) roc_auc: (test=0.831) 24.04min
[fit 62/210] END max_layers=50, n_estimators=10, n_trees=300; total=4147, TP=92, TN=3949, FP=1, FN=105
accuracy: (test=0.974) average_precision: (test=0.754) balanced_accuracy: (test=0.733) f1: (test=0.634) roc_auc: (test=0.927) 30.34min
[fit 65/210] END max_layers=50, n_estimators=13, n_trees=100; total=4147, TP=88, TN=3949, FP=1, FN=109
accuracy: (test=0.973) average_precision: (test=0.642) balanced_accuracy: (test=0.723) f1: (test=0.615) roc_auc: (test=0.825) 17.58min
[fit 67/210] END max_layers=50, n_estimators=13, n_trees=200; total=4147, TP=88, TN=3950, FP=0, FN=109
accuracy: (test=0.974) average_precision: (test=0.658) balanced_accuracy: (test=0.723) f1: (test=0.618) roc_auc: (test=0.838) 29.88min
[fit 70/210] END max_layers=50, n_estimators=13, n_trees=400; total=4147, TP=89, TN=3950, FP=0, FN=108
accuracy: (test=0.974) average_precision: (test=0.644) balanced_accuracy: (test=0.726) f1: (test=0.622) roc_auc: (test=0.828) 58.51min
[fit 80/210] END max_layers=80, n_estimators=5, n_trees=150; total=4147, TP=85, TN=3950, FP=0, FN=112
accuracy: (test=0.973) average_precision: (test=0.721) balanced_accuracy: (test=0.716) f1: (test=0.603) roc_auc: (test=0.902) 9.73min
[fit 83/210] END max_layers=80, n_estimators=5, n_trees=300; total=4147, TP=87, TN=3950, FP=0, FN=110
accuracy: (test=0.973) average_precision: (test=0.723) balanced_accuracy: (test=0.721) f1: (test=0.613) roc_auc: (test=0.910) 19.14min
[fit 87/210] END max_layers=80, n_estimators=8, n_trees=150; total=4147, TP=87, TN=3950, FP=0, FN=110
accuracy: (test=0.973) average_precision: (test=0.697) balanced_accuracy: (test=0.721) f1: (test=0.613) roc_auc: (test=0.885) 15.03min
[fit 90/210] END max_layers=80, n_estimators=8, n_trees=300; total=4147, TP=86, TN=3950, FP=0, FN=111
accuracy: (test=0.973) average_precision: (test=0.704) balanced_accuracy: (test=0.718) f1: (test=0.608) roc_auc: (test=0.886) 28.84min
[fit 93/210] END max_layers=80, n_estimators=10, n_trees=100; total=4147, TP=88, TN=3949, FP=1, FN=109
accuracy: (test=0.973) average_precision: (test=0.671) balanced_accuracy: (test=0.723) f1: (test=0.615) roc_auc: (test=0.847) 13.64min
[fit 95/210] END max_layers=80, n_estimators=10, n_trees=200; total=4147, TP=89, TN=3949, FP=1, FN=108
accuracy: (test=0.974) average_precision: (test=0.669) balanced_accuracy: (test=0.726) f1: (test=0.620) roc_auc: (test=0.852) 22.66min
[fit 68/210] END max_layers=50, n_estimators=13, n_trees=250; total=4147, TP=87, TN=3950, FP=0, FN=110
accuracy: (test=0.973) average_precision: (test=0.656) balanced_accuracy: (test=0.721) f1: (test=0.613) roc_auc: (test=0.837) 35.46min
[fit 71/210] END max_layers=80, n_estimators=2, n_trees=50; total=4147, TP=87, TN=3950, FP=0, FN=110
accuracy: (test=0.973) average_precision: (test=0.586) balanced_accuracy: (test=0.721) f1: (test=0.613) roc_auc: (test=0.799) 2.80min
[fit 72/210] END max_layers=80, n_estimators=2, n_trees=100; total=4147, TP=85, TN=3950, FP=0, FN=112
accuracy: (test=0.973) average_precision: (test=0.730) balanced_accuracy: (test=0.716) f1: (test=0.603) roc_auc: (test=0.912) 4.05min
[fit 73/210] END max_layers=80, n_estimators=2, n_trees=150; total=4147, TP=84, TN=3950, FP=0, FN=113
accuracy: (test=0.973) average_precision: (test=0.731) balanced_accuracy: (test=0.713) f1: (test=0.598) roc_auc: (test=0.920) 5.79min
[fit 74/210] END max_layers=80, n_estimators=2, n_trees=200; total=4147, TP=88, TN=3950, FP=0, FN=109
accuracy: (test=0.974) average_precision: (test=0.734) balanced_accuracy: (test=0.723) f1: (test=0.618) roc_auc: (test=0.923) 7.50min
[fit 76/210] END max_layers=80, n_estimators=2, n_trees=300; total=4147, TP=87, TN=3950, FP=0, FN=110
accuracy: (test=0.973) average_precision: (test=0.733) balanced_accuracy: (test=0.721) f1: (test=0.613) roc_auc: (test=0.917) 10.37min
[fit 78/210] END max_layers=80, n_estimators=5, n_trees=50; total=4147, TP=83, TN=3950, FP=0, FN=114
accuracy: (test=0.973) average_precision: (test=0.578) balanced_accuracy: (test=0.711) f1: (test=0.593) roc_auc: (test=0.787) 5.80min
[fit 79/210] END max_layers=80, n_estimators=5, n_trees=100; total=4147, TP=85, TN=3950, FP=0, FN=112
accuracy: (test=0.973) average_precision: (test=0.712) balanced_accuracy: (test=0.716) f1: (test=0.603) roc_auc: (test=0.894) 7.39min
[fit 82/210] END max_layers=80, n_estimators=5, n_trees=250; total=4147, TP=88, TN=3949, FP=1, FN=109
accuracy: (test=0.973) average_precision: (test=0.763) balanced_accuracy: (test=0.723) f1: (test=0.615) roc_auc: (test=0.933) 14.10min
[fit 85/210] END max_layers=80, n_estimators=8, n_trees=50; total=4147, TP=85, TN=3949, FP=1, FN=112
accuracy: (test=0.973) average_precision: (test=0.538) balanced_accuracy: (test=0.716) f1: (test=0.601) roc_auc: (test=0.752) 11.04min
[fit 86/210] END max_layers=80, n_estimators=8, n_trees=100; total=4147, TP=86, TN=3949, FP=1, FN=111
accuracy: (test=0.973) average_precision: (test=0.684) balanced_accuracy: (test=0.718) f1: (test=0.606) roc_auc: (test=0.865) 11.03min
[fit 89/210] END max_layers=80, n_estimators=8, n_trees=250; total=4147, TP=87, TN=3949, FP=1, FN=110
accuracy: (test=0.973) average_precision: (test=0.691) balanced_accuracy: (test=0.721) f1: (test=0.611) roc_auc: (test=0.875) 23.91min
[fit 92/210] END max_layers=80, n_estimators=10, n_trees=50; total=4147, TP=86, TN=3949, FP=1, FN=111
accuracy: (test=0.973) average_precision: (test=0.568) balanced_accuracy: (test=0.718) f1: (test=0.606) roc_auc: (test=0.777) 10.55min
[fit 94/210] END max_layers=80, n_estimators=10, n_trees=150; total=4147, TP=88, TN=3949, FP=1, FN=109
accuracy: (test=0.973) average_precision: (test=0.665) balanced_accuracy: (test=0.723) f1: (test=0.615) roc_auc: (test=0.846) 19.70min
[fit 97/210] END max_layers=80, n_estimators=10, n_trees=300; total=4147, TP=92, TN=3949, FP=1, FN=105
accuracy: (test=0.974) average_precision: (test=0.754) balanced_accuracy: (test=0.733) f1: (test=0.634) roc_auc: (test=0.927) 30.35min
[fit 100/210] END max_layers=80, n_estimators=13, n_trees=100; total=4147, TP=88, TN=3949, FP=1, FN=109
accuracy: (test=0.973) average_precision: (test=0.642) balanced_accuracy: (test=0.723) f1: (test=0.615) roc_auc: (test=0.825) 17.80min
[fit 102/210] END max_layers=80, n_estimators=13, n_trees=200; total=4147, TP=88, TN=3950, FP=0, FN=109
accuracy: (test=0.974) average_precision: (test=0.658) balanced_accuracy: (test=0.723) f1: (test=0.618) roc_auc: (test=0.838) 29.93min
[fit 105/210] END max_layers=80, n_estimators=13, n_trees=400; total=4147, TP=89, TN=3950, FP=0, FN=108
accuracy: (test=0.974) average_precision: (test=0.644) balanced_accuracy: (test=0.726) f1: (test=0.622) roc_auc: (test=0.828) 58.99min
[fit 115/210] END max_layers=120, n_estimators=5, n_trees=150; total=4147, TP=85, TN=3950, FP=0, FN=112
accuracy: (test=0.973) average_precision: (test=0.721) balanced_accuracy: (test=0.716) f1: (test=0.603) roc_auc: (test=0.902) 9.88min
[fit 118/210] END max_layers=120, n_estimators=5, n_trees=300; total=4147, TP=87, TN=3950, FP=0, FN=110
accuracy: (test=0.973) average_precision: (test=0.723) balanced_accuracy: (test=0.721) f1: (test=0.613) roc_auc: (test=0.910) 19.10min
[fit 122/210] END max_layers=120, n_estimators=8, n_trees=150; total=4147, TP=87, TN=3950, FP=0, FN=110
accuracy: (test=0.973) average_precision: (test=0.697) balanced_accuracy: (test=0.721) f1: (test=0.613) roc_auc: (test=0.885) 14.92min
[fit 125/210] END max_layers=120, n_estimators=8, n_trees=300; total=4147, TP=86, TN=3950, FP=0, FN=111
accuracy: (test=0.973) average_precision: (test=0.704) balanced_accuracy: (test=0.718) f1: (test=0.608) roc_auc: (test=0.886) 28.72min
[fit 129/210] END max_layers=120, n_estimators=10, n_trees=150; total=4147, TP=88, TN=3949, FP=1, FN=109
accuracy: (test=0.973) average_precision: (test=0.665) balanced_accuracy: (test=0.723) f1: (test=0.615) roc_auc: (test=0.846) 19.75min
[fit 131/210] END max_layers=120, n_estimators=10, n_trees=250; total=4147, TP=87, TN=3949, FP=1, FN=110
accuracy: (test=0.973) average_precision: (test=0.674) balanced_accuracy: (test=0.721) f1: (test=0.611) roc_auc: (test=0.855) 28.84min
[fit 134/210] END max_layers=120, n_estimators=13, n_trees=50; total=4147, TP=86, TN=3949, FP=1, FN=111
accuracy: (test=0.973) average_precision: (test=0.512) balanced_accuracy: (test=0.718) f1: (test=0.606) roc_auc: (test=0.745) 19.02min
[fit 136/210] END max_layers=120, n_estimators=13, n_trees=150; total=4147, TP=86, TN=3950, FP=0, FN=111
accuracy: (test=0.973) average_precision: (test=0.651) balanced_accuracy: (test=0.718) f1: (test=0.608) roc_auc: (test=0.831) 24.40min
[fit 69/210] END max_layers=50, n_estimators=13, n_trees=300; total=4147, TP=89, TN=3950, FP=0, FN=108
accuracy: (test=0.974) average_precision: (test=0.658) balanced_accuracy: (test=0.726) f1: (test=0.622) roc_auc: (test=0.836) 44.26min
[fit 75/210] END max_layers=80, n_estimators=2, n_trees=250; total=4147, TP=88, TN=3950, FP=0, FN=109
accuracy: (test=0.974) average_precision: (test=0.742) balanced_accuracy: (test=0.723) f1: (test=0.618) roc_auc: (test=0.917) 9.00min
[fit 77/210] END max_layers=80, n_estimators=2, n_trees=400; total=4147, TP=87, TN=3950, FP=0, FN=110
accuracy: (test=0.973) average_precision: (test=0.738) balanced_accuracy: (test=0.721) f1: (test=0.613) roc_auc: (test=0.912) 13.43min
[fit 81/210] END max_layers=80, n_estimators=5, n_trees=200; total=4147, TP=86, TN=3950, FP=0, FN=111
accuracy: (test=0.973) average_precision: (test=0.712) balanced_accuracy: (test=0.718) f1: (test=0.608) roc_auc: (test=0.913) 12.88min
[fit 84/210] END max_layers=80, n_estimators=5, n_trees=400; total=4147, TP=90, TN=3949, FP=1, FN=107
accuracy: (test=0.974) average_precision: (test=0.762) balanced_accuracy: (test=0.728) f1: (test=0.625) roc_auc: (test=0.928) 22.20min
[fit 88/210] END max_layers=80, n_estimators=8, n_trees=200; total=4147, TP=90, TN=3949, FP=1, FN=107
accuracy: (test=0.974) average_precision: (test=0.684) balanced_accuracy: (test=0.728) f1: (test=0.625) roc_auc: (test=0.871) 18.99min
[fit 91/210] END max_layers=80, n_estimators=8, n_trees=400; total=4147, TP=87, TN=3950, FP=0, FN=110
accuracy: (test=0.973) average_precision: (test=0.704) balanced_accuracy: (test=0.721) f1: (test=0.613) roc_auc: (test=0.890) 38.04min
[fit 96/210] END max_layers=80, n_estimators=10, n_trees=250; total=4147, TP=87, TN=3949, FP=1, FN=110
accuracy: (test=0.973) average_precision: (test=0.674) balanced_accuracy: (test=0.721) f1: (test=0.611) roc_auc: (test=0.855) 28.77min
[fit 99/210] END max_layers=80, n_estimators=13, n_trees=50; total=4147, TP=86, TN=3949, FP=1, FN=111
accuracy: (test=0.973) average_precision: (test=0.512) balanced_accuracy: (test=0.718) f1: (test=0.606) roc_auc: (test=0.745) 19.20min
[fit 101/210] END max_layers=80, n_estimators=13, n_trees=150; total=4147, TP=86, TN=3950, FP=0, FN=111
accuracy: (test=0.973) average_precision: (test=0.651) balanced_accuracy: (test=0.718) f1: (test=0.608) roc_auc: (test=0.831) 23.68min
[fit 104/210] END max_layers=80, n_estimators=13, n_trees=300; total=4147, TP=89, TN=3950, FP=0, FN=108
accuracy: (test=0.974) average_precision: (test=0.658) balanced_accuracy: (test=0.726) f1: (test=0.622) roc_auc: (test=0.836) 43.69min
[fit 110/210] END max_layers=120, n_estimators=2, n_trees=250; total=4147, TP=88, TN=3950, FP=0, FN=109
accuracy: (test=0.974) average_precision: (test=0.742) balanced_accuracy: (test=0.723) f1: (test=0.618) roc_auc: (test=0.917) 9.00min
[fit 112/210] END max_layers=120, n_estimators=2, n_trees=400; total=4147, TP=87, TN=3950, FP=0, FN=110
accuracy: (test=0.973) average_precision: (test=0.738) balanced_accuracy: (test=0.721) f1: (test=0.613) roc_auc: (test=0.912) 13.61min
[fit 116/210] END max_layers=120, n_estimators=5, n_trees=200; total=4147, TP=86, TN=3950, FP=0, FN=111
accuracy: (test=0.973) average_precision: (test=0.712) balanced_accuracy: (test=0.718) f1: (test=0.608) roc_auc: (test=0.913) 12.92min
[fit 119/210] END max_layers=120, n_estimators=5, n_trees=400; total=4147, TP=90, TN=3949, FP=1, FN=107
accuracy: (test=0.974) average_precision: (test=0.762) balanced_accuracy: (test=0.728) f1: (test=0.625) roc_auc: (test=0.928) 22.19min
[fit 123/210] END max_layers=120, n_estimators=8, n_trees=200; total=4147, TP=90, TN=3949, FP=1, FN=107
accuracy: (test=0.974) average_precision: (test=0.684) balanced_accuracy: (test=0.728) f1: (test=0.625) roc_auc: (test=0.871) 18.99min
[fit 126/210] END max_layers=120, n_estimators=8, n_trees=400; total=4147, TP=87, TN=3950, FP=0, FN=110
accuracy: (test=0.973) average_precision: (test=0.704) balanced_accuracy: (test=0.721) f1: (test=0.613) roc_auc: (test=0.890) 38.04min
[fit 132/210] END max_layers=120, n_estimators=10, n_trees=300; total=4147, TP=92, TN=3949, FP=1, FN=105
accuracy: (test=0.974) average_precision: (test=0.754) balanced_accuracy: (test=0.733) f1: (test=0.634) roc_auc: (test=0.927) 30.22min
[fit 135/210] END max_layers=120, n_estimators=13, n_trees=100; total=4147, TP=88, TN=3949, FP=1, FN=109
accuracy: (test=0.973) average_precision: (test=0.642) balanced_accuracy: (test=0.723) f1: (test=0.615) roc_auc: (test=0.825) 17.49min
[fit 137/210] END max_layers=120, n_estimators=13, n_trees=200; total=4147, TP=88, TN=3950, FP=0, FN=109
accuracy: (test=0.974) average_precision: (test=0.658) balanced_accuracy: (test=0.723) f1: (test=0.618) roc_auc: (test=0.838) 30.14min
[fit 140/210] END max_layers=120, n_estimators=13, n_trees=400; total=4147, TP=89, TN=3950, FP=0, FN=108
accuracy: (test=0.974) average_precision: (test=0.644) balanced_accuracy: (test=0.726) f1: (test=0.622) roc_auc: (test=0.828) 58.62min
[fit 150/210] END max_layers=150, n_estimators=5, n_trees=150; total=4147, TP=85, TN=3950, FP=0, FN=112
accuracy: (test=0.973) average_precision: (test=0.721) balanced_accuracy: (test=0.716) f1: (test=0.603) roc_auc: (test=0.902) 9.73min
[fit 153/210] END max_layers=150, n_estimators=5, n_trees=300; total=4147, TP=87, TN=3950, FP=0, FN=110
accuracy: (test=0.973) average_precision: (test=0.723) balanced_accuracy: (test=0.721) f1: (test=0.613) roc_auc: (test=0.910) 19.22min
[fit 156/210] END max_layers=150, n_estimators=8, n_trees=100; total=4147, TP=86, TN=3949, FP=1, FN=111
accuracy: (test=0.973) average_precision: (test=0.684) balanced_accuracy: (test=0.718) f1: (test=0.606) roc_auc: (test=0.865) 11.02min
[fit 159/210] END max_layers=150, n_estimators=8, n_trees=250; total=4147, TP=87, TN=3949, FP=1, FN=110
accuracy: (test=0.973) average_precision: (test=0.691) balanced_accuracy: (test=0.721) f1: (test=0.611) roc_auc: (test=0.875) 23.80min
[fit 162/210] END max_layers=150, n_estimators=10, n_trees=50; total=4147, TP=86, TN=3949, FP=1, FN=111
accuracy: (test=0.973) average_precision: (test=0.568) balanced_accuracy: (test=0.718) f1: (test=0.606) roc_auc: (test=0.777) 10.53min
[fit 164/210] END max_layers=150, n_estimators=10, n_trees=150; total=4147, TP=88, TN=3949, FP=1, FN=109
accuracy: (test=0.973) average_precision: (test=0.665) balanced_accuracy: (test=0.723) f1: (test=0.615) roc_auc: (test=0.846) 19.73min
[fit 98/210] END max_layers=80, n_estimators=10, n_trees=400; total=4147, TP=87, TN=3950, FP=0, FN=110
accuracy: (test=0.973) average_precision: (test=0.678) balanced_accuracy: (test=0.721) f1: (test=0.613) roc_auc: (test=0.862) 45.27min
[fit 103/210] END max_layers=80, n_estimators=13, n_trees=250; total=4147, TP=87, TN=3950, FP=0, FN=110
accuracy: (test=0.973) average_precision: (test=0.656) balanced_accuracy: (test=0.721) f1: (test=0.613) roc_auc: (test=0.837) 35.53min
[fit 106/210] END max_layers=120, n_estimators=2, n_trees=50; total=4147, TP=87, TN=3950, FP=0, FN=110
accuracy: (test=0.973) average_precision: (test=0.586) balanced_accuracy: (test=0.721) f1: (test=0.613) roc_auc: (test=0.799) 2.74min
[fit 107/210] END max_layers=120, n_estimators=2, n_trees=100; total=4147, TP=85, TN=3950, FP=0, FN=112
accuracy: (test=0.973) average_precision: (test=0.730) balanced_accuracy: (test=0.716) f1: (test=0.603) roc_auc: (test=0.912) 4.03min
[fit 108/210] END max_layers=120, n_estimators=2, n_trees=150; total=4147, TP=84, TN=3950, FP=0, FN=113
accuracy: (test=0.973) average_precision: (test=0.731) balanced_accuracy: (test=0.713) f1: (test=0.598) roc_auc: (test=0.920) 5.86min
[fit 109/210] END max_layers=120, n_estimators=2, n_trees=200; total=4147, TP=88, TN=3950, FP=0, FN=109
accuracy: (test=0.974) average_precision: (test=0.734) balanced_accuracy: (test=0.723) f1: (test=0.618) roc_auc: (test=0.923) 7.38min
[fit 111/210] END max_layers=120, n_estimators=2, n_trees=300; total=4147, TP=87, TN=3950, FP=0, FN=110
accuracy: (test=0.973) average_precision: (test=0.733) balanced_accuracy: (test=0.721) f1: (test=0.613) roc_auc: (test=0.917) 10.38min
[fit 113/210] END max_layers=120, n_estimators=5, n_trees=50; total=4147, TP=83, TN=3950, FP=0, FN=114
accuracy: (test=0.973) average_precision: (test=0.578) balanced_accuracy: (test=0.711) f1: (test=0.593) roc_auc: (test=0.787) 5.88min
[fit 114/210] END max_layers=120, n_estimators=5, n_trees=100; total=4147, TP=85, TN=3950, FP=0, FN=112
accuracy: (test=0.973) average_precision: (test=0.712) balanced_accuracy: (test=0.716) f1: (test=0.603) roc_auc: (test=0.894) 7.43min
[fit 117/210] END max_layers=120, n_estimators=5, n_trees=250; total=4147, TP=88, TN=3949, FP=1, FN=109
accuracy: (test=0.973) average_precision: (test=0.763) balanced_accuracy: (test=0.723) f1: (test=0.615) roc_auc: (test=0.933) 14.02min
[fit 120/210] END max_layers=120, n_estimators=8, n_trees=50; total=4147, TP=85, TN=3949, FP=1, FN=112
accuracy: (test=0.973) average_precision: (test=0.538) balanced_accuracy: (test=0.716) f1: (test=0.601) roc_auc: (test=0.752) 10.82min
[fit 121/210] END max_layers=120, n_estimators=8, n_trees=100; total=4147, TP=86, TN=3949, FP=1, FN=111
accuracy: (test=0.973) average_precision: (test=0.684) balanced_accuracy: (test=0.718) f1: (test=0.606) roc_auc: (test=0.865) 10.88min
[fit 124/210] END max_layers=120, n_estimators=8, n_trees=250; total=4147, TP=87, TN=3949, FP=1, FN=110
accuracy: (test=0.973) average_precision: (test=0.691) balanced_accuracy: (test=0.721) f1: (test=0.611) roc_auc: (test=0.875) 23.60min
[fit 127/210] END max_layers=120, n_estimators=10, n_trees=50; total=4147, TP=86, TN=3949, FP=1, FN=111
accuracy: (test=0.973) average_precision: (test=0.568) balanced_accuracy: (test=0.718) f1: (test=0.606) roc_auc: (test=0.777) 10.64min
[fit 128/210] END max_layers=120, n_estimators=10, n_trees=100; total=4147, TP=88, TN=3949, FP=1, FN=109
accuracy: (test=0.973) average_precision: (test=0.671) balanced_accuracy: (test=0.723) f1: (test=0.615) roc_auc: (test=0.847) 13.82min
[fit 130/210] END max_layers=120, n_estimators=10, n_trees=200; total=4147, TP=89, TN=3949, FP=1, FN=108
accuracy: (test=0.974) average_precision: (test=0.669) balanced_accuracy: (test=0.726) f1: (test=0.620) roc_auc: (test=0.852) 22.82min
[fit 133/210] END max_layers=120, n_estimators=10, n_trees=400; total=4147, TP=87, TN=3950, FP=0, FN=110
accuracy: (test=0.973) average_precision: (test=0.678) balanced_accuracy: (test=0.721) f1: (test=0.613) roc_auc: (test=0.862) 45.40min
[fit 138/210] END max_layers=120, n_estimators=13, n_trees=250; total=4147, TP=87, TN=3950, FP=0, FN=110
accuracy: (test=0.973) average_precision: (test=0.656) balanced_accuracy: (test=0.721) f1: (test=0.613) roc_auc: (test=0.837) 35.32min
[fit 141/210] END max_layers=150, n_estimators=2, n_trees=50; total=4147, TP=87, TN=3950, FP=0, FN=110
accuracy: (test=0.973) average_precision: (test=0.586) balanced_accuracy: (test=0.721) f1: (test=0.613) roc_auc: (test=0.799) 2.92min
[fit 142/210] END max_layers=150, n_estimators=2, n_trees=100; total=4147, TP=85, TN=3950, FP=0, FN=112
accuracy: (test=0.973) average_precision: (test=0.730) balanced_accuracy: (test=0.716) f1: (test=0.603) roc_auc: (test=0.912) 4.04min
[fit 143/210] END max_layers=150, n_estimators=2, n_trees=150; total=4147, TP=84, TN=3950, FP=0, FN=113
accuracy: (test=0.973) average_precision: (test=0.731) balanced_accuracy: (test=0.713) f1: (test=0.598) roc_auc: (test=0.920) 5.80min
[fit 144/210] END max_layers=150, n_estimators=2, n_trees=200; total=4147, TP=88, TN=3950, FP=0, FN=109
accuracy: (test=0.974) average_precision: (test=0.734) balanced_accuracy: (test=0.723) f1: (test=0.618) roc_auc: (test=0.923) 7.57min
[fit 146/210] END max_layers=150, n_estimators=2, n_trees=300; total=4147, TP=87, TN=3950, FP=0, FN=110
accuracy: (test=0.973) average_precision: (test=0.733) balanced_accuracy: (test=0.721) f1: (test=0.613) roc_auc: (test=0.917) 10.39min
[fit 148/210] END max_layers=150, n_estimators=5, n_trees=50; total=4147, TP=83, TN=3950, FP=0, FN=114
accuracy: (test=0.973) average_precision: (test=0.578) balanced_accuracy: (test=0.711) f1: (test=0.593) roc_auc: (test=0.787) 5.79min
[fit 149/210] END max_layers=150, n_estimators=5, n_trees=100; total=4147, TP=85, TN=3950, FP=0, FN=112
accuracy: (test=0.973) average_precision: (test=0.712) balanced_accuracy: (test=0.716) f1: (test=0.603) roc_auc: (test=0.894) 7.27min
[fit 152/210] END max_layers=150, n_estimators=5, n_trees=250; total=4147, TP=88, TN=3949, FP=1, FN=109
accuracy: (test=0.973) average_precision: (test=0.763) balanced_accuracy: (test=0.723) f1: (test=0.615) roc_auc: (test=0.933) 13.94min
[fit 155/210] END max_layers=150, n_estimators=8, n_trees=50; total=4147, TP=85, TN=3949, FP=1, FN=112
accuracy: (test=0.973) average_precision: (test=0.538) balanced_accuracy: (test=0.716) f1: (test=0.601) roc_auc: (test=0.752) 11.06min
[fit 157/210] END max_layers=150, n_estimators=8, n_trees=150; total=4147, TP=87, TN=3950, FP=0, FN=110
accuracy: (test=0.973) average_precision: (test=0.697) balanced_accuracy: (test=0.721) f1: (test=0.613) roc_auc: (test=0.885) 15.00min
[fit 160/210] END max_layers=150, n_estimators=8, n_trees=300; total=4147, TP=86, TN=3950, FP=0, FN=111
accuracy: (test=0.973) average_precision: (test=0.704) balanced_accuracy: (test=0.718) f1: (test=0.608) roc_auc: (test=0.886) 28.83min
[fit 163/210] END max_layers=150, n_estimators=10, n_trees=100; total=4147, TP=88, TN=3949, FP=1, FN=109
accuracy: (test=0.973) average_precision: (test=0.671) balanced_accuracy: (test=0.723) f1: (test=0.615) roc_auc: (test=0.847) 13.55min
[fit 165/210] END max_layers=150, n_estimators=10, n_trees=200; total=4147, TP=89, TN=3949, FP=1, FN=108
accuracy: (test=0.974) average_precision: (test=0.669) balanced_accuracy: (test=0.726) f1: (test=0.620) roc_auc: (test=0.852) 22.57min
[fit 168/210] END max_layers=150, n_estimators=10, n_trees=400; total=4147, TP=87, TN=3950, FP=0, FN=110
accuracy: (test=0.973) average_precision: (test=0.678) balanced_accuracy: (test=0.721) f1: (test=0.613) roc_auc: (test=0.862) 45.11min
[fit 173/210] END max_layers=150, n_estimators=13, n_trees=250; total=4147, TP=87, TN=3950, FP=0, FN=110
accuracy: (test=0.973) average_precision: (test=0.656) balanced_accuracy: (test=0.721) f1: (test=0.613) roc_auc: (test=0.837) 35.61min
[fit 176/210] END max_layers=200, n_estimators=2, n_trees=50; total=4147, TP=87, TN=3950, FP=0, FN=110
accuracy: (test=0.973) average_precision: (test=0.586) balanced_accuracy: (test=0.721) f1: (test=0.613) roc_auc: (test=0.799) 2.66min
[fit 177/210] END max_layers=200, n_estimators=2, n_trees=100; total=4147, TP=85, TN=3950, FP=0, FN=112
accuracy: (test=0.973) average_precision: (test=0.730) balanced_accuracy: (test=0.716) f1: (test=0.603) roc_auc: (test=0.912) 4.13min[fit 167/210] END max_layers=150, n_estimators=10, n_trees=300; total=4147, TP=92, TN=3949, FP=1, FN=105
accuracy: (test=0.974) average_precision: (test=0.754) balanced_accuracy: (test=0.733) f1: (test=0.634) roc_auc: (test=0.927) 30.29min
[fit 170/210] END max_layers=150, n_estimators=13, n_trees=100; total=4147, TP=88, TN=3949, FP=1, FN=109
accuracy: (test=0.973) average_precision: (test=0.642) balanced_accuracy: (test=0.723) f1: (test=0.615) roc_auc: (test=0.825) 17.88min
[fit 171/210] END max_layers=150, n_estimators=13, n_trees=150; total=4147, TP=86, TN=3950, FP=0, FN=111
accuracy: (test=0.973) average_precision: (test=0.651) balanced_accuracy: (test=0.718) f1: (test=0.608) roc_auc: (test=0.831) 23.94min
[fit 174/210] END max_layers=150, n_estimators=13, n_trees=300; total=4147, TP=89, TN=3950, FP=0, FN=108
accuracy: (test=0.974) average_precision: (test=0.658) balanced_accuracy: (test=0.726) f1: (test=0.622) roc_auc: (test=0.836) 44.21min
[fit 139/210] END max_layers=120, n_estimators=13, n_trees=300; total=4147, TP=89, TN=3950, FP=0, FN=108
accuracy: (test=0.974) average_precision: (test=0.658) balanced_accuracy: (test=0.726) f1: (test=0.622) roc_auc: (test=0.836) 44.52min
[fit 145/210] END max_layers=150, n_estimators=2, n_trees=250; total=4147, TP=88, TN=3950, FP=0, FN=109
accuracy: (test=0.974) average_precision: (test=0.742) balanced_accuracy: (test=0.723) f1: (test=0.618) roc_auc: (test=0.917) 8.99min
[fit 147/210] END max_layers=150, n_estimators=2, n_trees=400; total=4147, TP=87, TN=3950, FP=0, FN=110
accuracy: (test=0.973) average_precision: (test=0.738) balanced_accuracy: (test=0.721) f1: (test=0.613) roc_auc: (test=0.912) 13.27min
[fit 151/210] END max_layers=150, n_estimators=5, n_trees=200; total=4147, TP=86, TN=3950, FP=0, FN=111
accuracy: (test=0.973) average_precision: (test=0.712) balanced_accuracy: (test=0.718) f1: (test=0.608) roc_auc: (test=0.913) 12.85min
[fit 154/210] END max_layers=150, n_estimators=5, n_trees=400; total=4147, TP=90, TN=3949, FP=1, FN=107
accuracy: (test=0.974) average_precision: (test=0.762) balanced_accuracy: (test=0.728) f1: (test=0.625) roc_auc: (test=0.928) 22.35min
[fit 158/210] END max_layers=150, n_estimators=8, n_trees=200; total=4147, TP=90, TN=3949, FP=1, FN=107
accuracy: (test=0.974) average_precision: (test=0.684) balanced_accuracy: (test=0.728) f1: (test=0.625) roc_auc: (test=0.871) 18.92min
[fit 161/210] END max_layers=150, n_estimators=8, n_trees=400; total=4147, TP=87, TN=3950, FP=0, FN=110
accuracy: (test=0.973) average_precision: (test=0.704) balanced_accuracy: (test=0.721) f1: (test=0.613) roc_auc: (test=0.890) 37.93min
[fit 166/210] END max_layers=150, n_estimators=10, n_trees=250; total=4147, TP=87, TN=3949, FP=1, FN=110
accuracy: (test=0.973) average_precision: (test=0.674) balanced_accuracy: (test=0.721) f1: (test=0.611) roc_auc: (test=0.855) 28.76min
[fit 169/210] END max_layers=150, n_estimators=13, n_trees=50; total=4147, TP=86, TN=3949, FP=1, FN=111
accuracy: (test=0.973) average_precision: (test=0.512) balanced_accuracy: (test=0.718) f1: (test=0.606) roc_auc: (test=0.745) 19.56min
[fit 172/210] END max_layers=150, n_estimators=13, n_trees=200; total=4147, TP=88, TN=3950, FP=0, FN=109
accuracy: (test=0.974) average_precision: (test=0.658) balanced_accuracy: (test=0.723) f1: (test=0.618) roc_auc: (test=0.838) 29.65min
[fit 175/210] END max_layers=150, n_estimators=13, n_trees=400; total=4147, TP=89, TN=3950, FP=0, FN=108
accuracy: (test=0.974) average_precision: (test=0.644) balanced_accuracy: (test=0.726) f1: (test=0.622) roc_auc: (test=0.828) 58.71min
[fit 185/210] END max_layers=200, n_estimators=5, n_trees=150; total=4147, TP=85, TN=3950, FP=0, FN=112
accuracy: (test=0.973) average_precision: (test=0.721) balanced_accuracy: (test=0.716) f1: (test=0.603) roc_auc: (test=0.902) 9.69min
[fit 188/210] END max_layers=200, n_estimators=5, n_trees=300; total=4147, TP=87, TN=3950, FP=0, FN=110
accuracy: (test=0.973) average_precision: (test=0.723) balanced_accuracy: (test=0.721) f1: (test=0.613) roc_auc: (test=0.910) 19.04min
[fit 181/210] END max_layers=200, n_estimators=2, n_trees=300; total=4147, TP=87, TN=3950, FP=0, FN=110
accuracy: (test=0.973) average_precision: (test=0.733) balanced_accuracy: (test=0.721) f1: (test=0.613) roc_auc: (test=0.917) 10.43min
[fit 183/210] END max_layers=200, n_estimators=5, n_trees=50; total=4147, TP=83, TN=3950, FP=0, FN=114
accuracy: (test=0.973) average_precision: (test=0.578) balanced_accuracy: (test=0.711) f1: (test=0.593) roc_auc: (test=0.787) 5.80min
[fit 184/210] END max_layers=200, n_estimators=5, n_trees=100; total=4147, TP=85, TN=3950, FP=0, FN=112
accuracy: (test=0.973) average_precision: (test=0.712) balanced_accuracy: (test=0.716) f1: (test=0.603) roc_auc: (test=0.894) 7.36min
[fit 187/210] END max_layers=200, n_estimators=5, n_trees=250; total=4147, TP=88, TN=3949, FP=1, FN=109
accuracy: (test=0.973) average_precision: (test=0.763) balanced_accuracy: (test=0.723) f1: (test=0.615) roc_auc: (test=0.933) 14.06min
[fit 190/210] END max_layers=200, n_estimators=8, n_trees=50; total=4147, TP=85, TN=3949, FP=1, FN=112
accuracy: (test=0.973) average_precision: (test=0.538) balanced_accuracy: (test=0.716) f1: (test=0.601) roc_auc: (test=0.752) 10.86min
[fit 191/210] END max_layers=200, n_estimators=8, n_trees=100; total=4147, TP=86, TN=3949, FP=1, FN=111
accuracy: (test=0.973) average_precision: (test=0.684) balanced_accuracy: (test=0.718) f1: (test=0.606) roc_auc: (test=0.865) 11.02min
[fit 194/210] END max_layers=200, n_estimators=8, n_trees=250; total=4147, TP=87, TN=3949, FP=1, FN=110
accuracy: (test=0.973) average_precision: (test=0.691) balanced_accuracy: (test=0.721) f1: (test=0.611) roc_auc: (test=0.875) 23.88min
[fit 192/210] END max_layers=200, n_estimators=8, n_trees=150; total=4147, TP=87, TN=3950, FP=0, FN=110
accuracy: (test=0.973) average_precision: (test=0.697) balanced_accuracy: (test=0.721) f1: (test=0.613) roc_auc: (test=0.885) 14.97min
[fit 195/210] END max_layers=200, n_estimators=8, n_trees=300; total=4147, TP=86, TN=3950, FP=0, FN=111
accuracy: (test=0.973) average_precision: (test=0.704) balanced_accuracy: (test=0.718) f1: (test=0.608) roc_auc: (test=0.886) 29.10min
[fit 197/210] END max_layers=200, n_estimators=10, n_trees=50; total=4147, TP=86, TN=3949, FP=1, FN=111
accuracy: (test=0.973) average_precision: (test=0.568) balanced_accuracy: (test=0.718) f1: (test=0.606) roc_auc: (test=0.777) 10.57min
[fit 199/210] END max_layers=200, n_estimators=10, n_trees=150; total=4147, TP=88, TN=3949, FP=1, FN=109
accuracy: (test=0.973) average_precision: (test=0.665) balanced_accuracy: (test=0.723) f1: (test=0.615) roc_auc: (test=0.846) 19.71min
[fit 198/210] END max_layers=200, n_estimators=10, n_trees=100; total=4147, TP=88, TN=3949, FP=1, FN=109
accuracy: (test=0.973) average_precision: (test=0.671) balanced_accuracy: (test=0.723) f1: (test=0.615) roc_auc: (test=0.847) 13.78min
[fit 200/210] END max_layers=200, n_estimators=10, n_trees=200; total=4147, TP=89, TN=3949, FP=1, FN=108
accuracy: (test=0.974) average_precision: (test=0.669) balanced_accuracy: (test=0.726) f1: (test=0.620) roc_auc: (test=0.852) 22.66min
[fit 203/210] END max_layers=200, n_estimators=10, n_trees=400; total=4147, TP=87, TN=3950, FP=0, FN=110
accuracy: (test=0.973) average_precision: (test=0.678) balanced_accuracy: (test=0.721) f1: (test=0.613) roc_auc: (test=0.862) 45.18min
[fit 208/210] END max_layers=200, n_estimators=13, n_trees=250; total=4147, TP=87, TN=3950, FP=0, FN=110
accuracy: (test=0.973) average_precision: (test=0.656) balanced_accuracy: (test=0.721) f1: (test=0.613) roc_auc: (test=0.837) 35.45min
[fit 201/210] END max_layers=200, n_estimators=10, n_trees=250; total=4147, TP=87, TN=3949, FP=1, FN=110
accuracy: (test=0.973) average_precision: (test=0.674) balanced_accuracy: (test=0.721) f1: (test=0.611) roc_auc: (test=0.855) 28.83min
[fit 204/210] END max_layers=200, n_estimators=13, n_trees=50; total=4147, TP=86, TN=3949, FP=1, FN=111
accuracy: (test=0.973) average_precision: (test=0.512) balanced_accuracy: (test=0.718) f1: (test=0.606) roc_auc: (test=0.745) 19.15min
[fit 206/210] END max_layers=200, n_estimators=13, n_trees=150; total=4147, TP=86, TN=3950, FP=0, FN=111
accuracy: (test=0.973) average_precision: (test=0.651) balanced_accuracy: (test=0.718) f1: (test=0.608) roc_auc: (test=0.831) 23.70min
[fit 209/210] END max_layers=200, n_estimators=13, n_trees=300; total=4147, TP=89, TN=3950, FP=0, FN=108
accuracy: (test=0.974) average_precision: (test=0.658) balanced_accuracy: (test=0.726) f1: (test=0.622) roc_auc: (test=0.836) 39.55min

[fit 178/210] END max_layers=200, n_estimators=2, n_trees=150; total=4147, TP=84, TN=3950, FP=0, FN=113
accuracy: (test=0.973) average_precision: (test=0.731) balanced_accuracy: (test=0.713) f1: (test=0.598) roc_auc: (test=0.920) 5.83min
[fit 179/210] END max_layers=200, n_estimators=2, n_trees=200; total=4147, TP=88, TN=3950, FP=0, FN=109
accuracy: (test=0.974) average_precision: (test=0.734) balanced_accuracy: (test=0.723) f1: (test=0.618) roc_auc: (test=0.923) 7.70min
[fit 180/210] END max_layers=200, n_estimators=2, n_trees=250; total=4147, TP=88, TN=3950, FP=0, FN=109
accuracy: (test=0.974) average_precision: (test=0.742) balanced_accuracy: (test=0.723) f1: (test=0.618) roc_auc: (test=0.917) 9.04min
[fit 182/210] END max_layers=200, n_estimators=2, n_trees=400; total=4147, TP=87, TN=3950, FP=0, FN=110
accuracy: (test=0.973) average_precision: (test=0.738) balanced_accuracy: (test=0.721) f1: (test=0.613) roc_auc: (test=0.912) 13.43min
[fit 186/210] END max_layers=200, n_estimators=5, n_trees=200; total=4147, TP=86, TN=3950, FP=0, FN=111
accuracy: (test=0.973) average_precision: (test=0.712) balanced_accuracy: (test=0.718) f1: (test=0.608) roc_auc: (test=0.913) 12.91min
[fit 189/210] END max_layers=200, n_estimators=5, n_trees=400; total=4147, TP=90, TN=3949, FP=1, FN=107
accuracy: (test=0.974) average_precision: (test=0.762) balanced_accuracy: (test=0.728) f1: (test=0.625) roc_auc: (test=0.928) 22.20min
[fit 193/210] END max_layers=200, n_estimators=8, n_trees=200; total=4147, TP=90, TN=3949, FP=1, FN=107
accuracy: (test=0.974) average_precision: (test=0.684) balanced_accuracy: (test=0.728) f1: (test=0.625) roc_auc: (test=0.871) 18.96min
[fit 196/210] END max_layers=200, n_estimators=8, n_trees=400; total=4147, TP=87, TN=3950, FP=0, FN=110
accuracy: (test=0.973) average_precision: (test=0.704) balanced_accuracy: (test=0.721) f1: (test=0.613) roc_auc: (test=0.890) 38.04min
[fit 202/210] END max_layers=200, n_estimators=10, n_trees=300; total=4147, TP=92, TN=3949, FP=1, FN=105
accuracy: (test=0.974) average_precision: (test=0.754) balanced_accuracy: (test=0.733) f1: (test=0.634) roc_auc: (test=0.927) 30.35min
[fit 205/210] END max_layers=200, n_estimators=13, n_trees=100; total=4147, TP=88, TN=3949, FP=1, FN=109
accuracy: (test=0.973) average_precision: (test=0.642) balanced_accuracy: (test=0.723) f1: (test=0.615) roc_auc: (test=0.825) 17.67min
[fit 207/210] END max_layers=200, n_estimators=13, n_trees=200; total=4147, TP=88, TN=3950, FP=0, FN=109
accuracy: (test=0.974) average_precision: (test=0.658) balanced_accuracy: (test=0.723) f1: (test=0.618) roc_auc: (test=0.838) 29.88min
[fit 210/210] END max_layers=200, n_estimators=13, n_trees=400; total=4147, TP=89, TN=3950, FP=0, FN=108
accuracy: (test=0.974) average_precision: (test=0.644) balanced_accuracy: (test=0.726) f1: (test=0.622) roc_auc: (test=0.828) 45.56min
write rank test to csv!!!
write over!!!
clf.best_estimator_params: {'max_layers': 20, 'n_estimators': 5, 'n_trees': 250}
best params found in line [13] for metric [roc_auc] in rank file
total time spending: 23h 16m 22s
