nohup: ignoring input
created ex folder!!!
created rank folder!!!
experiment: HUVEC cksnap_deepforest
trainSet len:[X=54800,y=54800]
testSet len:[X=3192,y=3192]
Fitting, totalling 210 fits
[fit 1/210] END max_layers=10, n_estimators=2, n_trees=50; total=3192, TP=57, TN=3024, FP=16, FN=95; precision=0.781, recall=0.375
accuracy: (test=0.965) average_precision: (test=0.409) balanced_accuracy: (test=0.685) f1: (test=0.507) roc_auc: (test=0.716) 1.50min
[fit 3/210] END max_layers=10, n_estimators=2, n_trees=150; total=3192, TP=53, TN=3027, FP=13, FN=99; precision=0.803, recall=0.349
accuracy: (test=0.965) average_precision: (test=0.515) balanced_accuracy: (test=0.672) f1: (test=0.486) roc_auc: (test=0.817) 2.51min
[fit 5/210] END max_layers=10, n_estimators=2, n_trees=250; total=3192, TP=50, TN=3030, FP=10, FN=102; precision=0.833, recall=0.329
accuracy: (test=0.965) average_precision: (test=0.535) balanced_accuracy: (test=0.663) f1: (test=0.472) roc_auc: (test=0.828) 4.41min
[fit 7/210] END max_layers=10, n_estimators=2, n_trees=400; total=3192, TP=49, TN=3027, FP=13, FN=103; precision=0.790, recall=0.322
accuracy: (test=0.964) average_precision: (test=0.543) balanced_accuracy: (test=0.659) f1: (test=0.458) roc_auc: (test=0.834) 6.90min
[fit 2/210] END max_layers=10, n_estimators=2, n_trees=100; total=3192, TP=55, TN=3027, FP=13, FN=97; precision=0.809, recall=0.362
accuracy: (test=0.966) average_precision: (test=0.492) balanced_accuracy: (test=0.679) f1: (test=0.500) roc_auc: (test=0.788) 2.17min
[fit 4/210] END max_layers=10, n_estimators=2, n_trees=200; total=3192, TP=52, TN=3029, FP=11, FN=100; precision=0.825, recall=0.342
accuracy: (test=0.965) average_precision: (test=0.532) balanced_accuracy: (test=0.669) f1: (test=0.484) roc_auc: (test=0.830) 3.48min
[fit 6/210] END max_layers=10, n_estimators=2, n_trees=300; total=3192, TP=52, TN=3029, FP=11, FN=100; precision=0.825, recall=0.342
accuracy: (test=0.965) average_precision: (test=0.528) balanced_accuracy: (test=0.669) f1: (test=0.484) roc_auc: (test=0.816) 5.17min
[fit 8/210] END max_layers=10, n_estimators=5, n_trees=50; total=3192, TP=53, TN=3029, FP=11, FN=99; precision=0.828, recall=0.349
accuracy: (test=0.966) average_precision: (test=0.433) balanced_accuracy: (test=0.673) f1: (test=0.491) roc_auc: (test=0.735) 3.80min
[fit 9/210] END max_layers=10, n_estimators=5, n_trees=100; total=3192, TP=51, TN=3028, FP=12, FN=101; precision=0.810, recall=0.336
accuracy: (test=0.965) average_precision: (test=0.504) balanced_accuracy: (test=0.666) f1: (test=0.474) roc_auc: (test=0.782) 4.37min
[fit 11/210] END max_layers=10, n_estimators=5, n_trees=200; total=3192, TP=48, TN=3027, FP=13, FN=104; precision=0.787, recall=0.316
accuracy: (test=0.963) average_precision: (test=0.512) balanced_accuracy: (test=0.656) f1: (test=0.451) roc_auc: (test=0.798) 8.20min
[fit 10/210] END max_layers=10, n_estimators=5, n_trees=150; total=3192, TP=52, TN=3028, FP=12, FN=100; precision=0.812, recall=0.342
accuracy: (test=0.965) average_precision: (test=0.497) balanced_accuracy: (test=0.669) f1: (test=0.481) roc_auc: (test=0.783) 6.23min
[fit 12/210] END max_layers=10, n_estimators=5, n_trees=250; total=3192, TP=49, TN=3028, FP=12, FN=103; precision=0.803, recall=0.322
accuracy: (test=0.964) average_precision: (test=0.515) balanced_accuracy: (test=0.659) f1: (test=0.460) roc_auc: (test=0.791) 10.00min
[fit 14/210] END max_layers=10, n_estimators=5, n_trees=400; total=3192, TP=52, TN=3024, FP=16, FN=100; precision=0.765, recall=0.342
accuracy: (test=0.964) average_precision: (test=0.517) balanced_accuracy: (test=0.668) f1: (test=0.473) roc_auc: (test=0.794) 15.79min
[fit 17/210] END max_layers=10, n_estimators=8, n_trees=150; total=3192, TP=50, TN=3031, FP=9, FN=102; precision=0.847, recall=0.329
accuracy: (test=0.965) average_precision: (test=0.512) balanced_accuracy: (test=0.663) f1: (test=0.474) roc_auc: (test=0.786) 9.92min
[fit 19/210] END max_layers=10, n_estimators=8, n_trees=250; total=3192, TP=51, TN=3027, FP=13, FN=101; precision=0.797, recall=0.336
accuracy: (test=0.964) average_precision: (test=0.511) balanced_accuracy: (test=0.666) f1: (test=0.472) roc_auc: (test=0.790) 15.77min
[fit 13/210] END max_layers=10, n_estimators=5, n_trees=300; total=3192, TP=51, TN=3026, FP=14, FN=101; precision=0.785, recall=0.336
accuracy: (test=0.964) average_precision: (test=0.524) balanced_accuracy: (test=0.665) f1: (test=0.470) roc_auc: (test=0.802) 12.01min
[fit 15/210] END max_layers=10, n_estimators=8, n_trees=50; total=3192, TP=53, TN=3027, FP=13, FN=99; precision=0.803, recall=0.349
accuracy: (test=0.965) average_precision: (test=0.480) balanced_accuracy: (test=0.672) f1: (test=0.486) roc_auc: (test=0.766) 4.66min
[fit 16/210] END max_layers=10, n_estimators=8, n_trees=100; total=3192, TP=55, TN=3026, FP=14, FN=97; precision=0.797, recall=0.362
accuracy: (test=0.965) average_precision: (test=0.498) balanced_accuracy: (test=0.679) f1: (test=0.498) roc_auc: (test=0.778) 6.80min
[fit 18/210] END max_layers=10, n_estimators=8, n_trees=200; total=3192, TP=50, TN=3027, FP=13, FN=102; precision=0.794, recall=0.329
accuracy: (test=0.964) average_precision: (test=0.511) balanced_accuracy: (test=0.662) f1: (test=0.465) roc_auc: (test=0.792) 13.13min
[fit 20/210] END max_layers=10, n_estimators=8, n_trees=300; total=3192, TP=51, TN=3026, FP=14, FN=101; precision=0.785, recall=0.336
accuracy: (test=0.964) average_precision: (test=0.517) balanced_accuracy: (test=0.665) f1: (test=0.470) roc_auc: (test=0.790) 18.67min
[fit 22/210] END max_layers=10, n_estimators=10, n_trees=50; total=3192, TP=49, TN=3031, FP=9, FN=103; precision=0.845, recall=0.322
accuracy: (test=0.965) average_precision: (test=0.419) balanced_accuracy: (test=0.660) f1: (test=0.467) roc_auc: (test=0.714) 9.45min
[fit 23/210] END max_layers=10, n_estimators=10, n_trees=100; total=3192, TP=51, TN=3029, FP=11, FN=101; precision=0.823, recall=0.336
accuracy: (test=0.965) average_precision: (test=0.491) balanced_accuracy: (test=0.666) f1: (test=0.477) roc_auc: (test=0.777) 9.40min
[fit 25/210] END max_layers=10, n_estimators=10, n_trees=200; total=3192, TP=49, TN=3028, FP=12, FN=103; precision=0.803, recall=0.322
accuracy: (test=0.964) average_precision: (test=0.494) balanced_accuracy: (test=0.659) f1: (test=0.460) roc_auc: (test=0.780) 16.21min
[fit 21/210] END max_layers=10, n_estimators=8, n_trees=400; total=3192, TP=53, TN=3027, FP=13, FN=99; precision=0.803, recall=0.349
accuracy: (test=0.965) average_precision: (test=0.515) balanced_accuracy: (test=0.672) f1: (test=0.486) roc_auc: (test=0.787) 24.47min
[fit 24/210] END max_layers=10, n_estimators=10, n_trees=150; total=3192, TP=53, TN=3029, FP=11, FN=99; precision=0.828, recall=0.349
accuracy: (test=0.966) average_precision: (test=0.511) balanced_accuracy: (test=0.673) f1: (test=0.491) roc_auc: (test=0.786) 13.59min
[fit 26/210] END max_layers=10, n_estimators=10, n_trees=250; total=3192, TP=51, TN=3026, FP=14, FN=101; precision=0.785, recall=0.336
accuracy: (test=0.964) average_precision: (test=0.547) balanced_accuracy: (test=0.665) f1: (test=0.470) roc_auc: (test=0.829) 17.63min
[fit 28/210] END max_layers=10, n_estimators=10, n_trees=400; total=3192, TP=52, TN=3027, FP=13, FN=100; precision=0.800, recall=0.342
accuracy: (test=0.965) average_precision: (test=0.516) balanced_accuracy: (test=0.669) f1: (test=0.479) roc_auc: (test=0.792) 31.22min
[fit 31/210] END max_layers=10, n_estimators=13, n_trees=150; total=3192, TP=55, TN=3025, FP=15, FN=97; precision=0.786, recall=0.362
accuracy: (test=0.965) average_precision: (test=0.481) balanced_accuracy: (test=0.678) f1: (test=0.495) roc_auc: (test=0.766) 19.98min
[fit 33/210] END max_layers=10, n_estimators=13, n_trees=250; total=3192, TP=53, TN=3029, FP=11, FN=99; precision=0.828, recall=0.349
accuracy: (test=0.966) average_precision: (test=0.503) balanced_accuracy: (test=0.673) f1: (test=0.491) roc_auc: (test=0.777) 26.68min
[fit 27/210] END max_layers=10, n_estimators=10, n_trees=300; total=3192, TP=53, TN=3027, FP=13, FN=99; precision=0.803, recall=0.349
accuracy: (test=0.965) average_precision: (test=0.551) balanced_accuracy: (test=0.672) f1: (test=0.486) roc_auc: (test=0.844) 21.27min
[fit 29/210] END max_layers=10, n_estimators=13, n_trees=50; total=3192, TP=51, TN=3028, FP=12, FN=101; precision=0.810, recall=0.336
accuracy: (test=0.965) average_precision: (test=0.464) balanced_accuracy: (test=0.666) f1: (test=0.474) roc_auc: (test=0.750) 8.96min
[fit 30/210] END max_layers=10, n_estimators=13, n_trees=100; total=3192, TP=53, TN=3027, FP=13, FN=99; precision=0.803, recall=0.349
accuracy: (test=0.965) average_precision: (test=0.498) balanced_accuracy: (test=0.672) f1: (test=0.486) roc_auc: (test=0.781) 12.84min
[fit 32/210] END max_layers=10, n_estimators=13, n_trees=200; total=3192, TP=53, TN=3029, FP=11, FN=99; precision=0.828, recall=0.349
accuracy: (test=0.966) average_precision: (test=0.497) balanced_accuracy: (test=0.673) f1: (test=0.491) roc_auc: (test=0.775) 21.51min
[fit 34/210] END max_layers=10, n_estimators=13, n_trees=300; total=3192, TP=55, TN=3028, FP=12, FN=97; precision=0.821, recall=0.362
accuracy: (test=0.966) average_precision: (test=0.486) balanced_accuracy: (test=0.679) f1: (test=0.502) roc_auc: (test=0.763) 34.20min
[fit 36/210] END max_layers=15, n_estimators=2, n_trees=50; total=3192, TP=57, TN=3024, FP=16, FN=95; precision=0.781, recall=0.375
accuracy: (test=0.965) average_precision: (test=0.409) balanced_accuracy: (test=0.685) f1: (test=0.507) roc_auc: (test=0.716) 1.59min
[fit 37/210] END max_layers=15, n_estimators=2, n_trees=100; total=3192, TP=55, TN=3027, FP=13, FN=97; precision=0.809, recall=0.362
accuracy: (test=0.966) average_precision: (test=0.492) balanced_accuracy: (test=0.679) f1: (test=0.500) roc_auc: (test=0.788) 2.53min
[fit 38/210] END max_layers=15, n_estimators=2, n_trees=150; total=3192, TP=53, TN=3027, FP=13, FN=99; precision=0.803, recall=0.349
accuracy: (test=0.965) average_precision: (test=0.515) balanced_accuracy: (test=0.672) f1: (test=0.486) roc_auc: (test=0.817) 3.01min
[fit 39/210] END max_layers=15, n_estimators=2, n_trees=200; total=3192, TP=52, TN=3029, FP=11, FN=100; precision=0.825, recall=0.342
accuracy: (test=0.965) average_precision: (test=0.532) balanced_accuracy: (test=0.669) f1: (test=0.484) roc_auc: (test=0.830) 3.79min
[fit 40/210] END max_layers=15, n_estimators=2, n_trees=250; total=3192, TP=50, TN=3030, FP=10, FN=102; precision=0.833, recall=0.329
accuracy: (test=0.965) average_precision: (test=0.535) balanced_accuracy: (test=0.663) f1: (test=0.472) roc_auc: (test=0.828) 4.59min
[fit 41/210] END max_layers=15, n_estimators=2, n_trees=300; total=3192, TP=52, TN=3029, FP=11, FN=100; precision=0.825, recall=0.342
accuracy: (test=0.965) average_precision: (test=0.528) balanced_accuracy: (test=0.669) f1: (test=0.484) roc_auc: (test=0.816) 5.55min
[fit 42/210] END max_layers=15, n_estimators=2, n_trees=400; total=3192, TP=49, TN=3027, FP=13, FN=103; precision=0.790, recall=0.322
accuracy: (test=0.964) average_precision: (test=0.543) balanced_accuracy: (test=0.659) f1: (test=0.458) roc_auc: (test=0.834) 6.95min
[fit 43/210] END max_layers=15, n_estimators=5, n_trees=50; total=3192, TP=53, TN=3029, FP=11, FN=99; precision=0.828, recall=0.349
accuracy: (test=0.966) average_precision: (test=0.433) balanced_accuracy: (test=0.673) f1: (test=0.491) roc_auc: (test=0.735) 3.98min
[fit 44/210] END max_layers=15, n_estimators=5, n_trees=100; total=3192, TP=51, TN=3028, FP=12, FN=101; precision=0.810, recall=0.336
accuracy: (test=0.965) average_precision: (test=0.504) balanced_accuracy: (test=0.666) f1: (test=0.474) roc_auc: (test=0.782) 4.97min
[fit 46/210] END max_layers=15, n_estimators=5, n_trees=200; total=3192, TP=48, TN=3027, FP=13, FN=104; precision=0.787, recall=0.316
accuracy: (test=0.963) average_precision: (test=0.512) balanced_accuracy: (test=0.656) f1: (test=0.451) roc_auc: (test=0.798) 8.30min
[fit 48/210] END max_layers=15, n_estimators=5, n_trees=300; total=3192, TP=51, TN=3026, FP=14, FN=101; precision=0.785, recall=0.336
accuracy: (test=0.964) average_precision: (test=0.524) balanced_accuracy: (test=0.665) f1: (test=0.470) roc_auc: (test=0.802) 13.15min
[fit 50/210] END max_layers=15, n_estimators=8, n_trees=50; total=3192, TP=53, TN=3027, FP=13, FN=99; precision=0.803, recall=0.349
accuracy: (test=0.965) average_precision: (test=0.480) balanced_accuracy: (test=0.672) f1: (test=0.486) roc_auc: (test=0.766) 4.44min
[fit 51/210] END max_layers=15, n_estimators=8, n_trees=100; total=3192, TP=55, TN=3026, FP=14, FN=97; precision=0.797, recall=0.362
accuracy: (test=0.965) average_precision: (test=0.498) balanced_accuracy: (test=0.679) f1: (test=0.498) roc_auc: (test=0.778) 6.87min
[fit 52/210] END max_layers=15, n_estimators=8, n_trees=150; total=3192, TP=50, TN=3031, FP=9, FN=102; precision=0.847, recall=0.329
accuracy: (test=0.965) average_precision: (test=0.512) balanced_accuracy: (test=0.663) f1: (test=0.474) roc_auc: (test=0.786) 10.40min
[fit 54/210] END max_layers=15, n_estimators=8, n_trees=250; total=3192, TP=51, TN=3027, FP=13, FN=101; precision=0.797, recall=0.336
accuracy: (test=0.964) average_precision: (test=0.511) balanced_accuracy: (test=0.666) f1: (test=0.472) roc_auc: (test=0.790) 16.12min
[fit 56/210] END max_layers=15, n_estimators=8, n_trees=400; total=3192, TP=53, TN=3027, FP=13, FN=99; precision=0.803, recall=0.349
accuracy: (test=0.965) average_precision: (test=0.515) balanced_accuracy: (test=0.672) f1: (test=0.486) roc_auc: (test=0.787) 24.93min
[fit 60/210] END max_layers=15, n_estimators=10, n_trees=200; total=3192, TP=49, TN=3028, FP=12, FN=103; precision=0.803, recall=0.322
accuracy: (test=0.964) average_precision: (test=0.494) balanced_accuracy: (test=0.659) f1: (test=0.460) roc_auc: (test=0.780) 17.31min
[fit 62/210] END max_layers=15, n_estimators=10, n_trees=300; total=3192, TP=53, TN=3027, FP=13, FN=99; precision=0.803, recall=0.349
accuracy: (test=0.965) average_precision: (test=0.551) balanced_accuracy: (test=0.672) f1: (test=0.486) roc_auc: (test=0.844) 20.52min
[fit 64/210] END max_layers=15, n_estimators=13, n_trees=50; total=3192, TP=51, TN=3028, FP=12, FN=101; precision=0.810, recall=0.336
accuracy: (test=0.965) average_precision: (test=0.464) balanced_accuracy: (test=0.666) f1: (test=0.474) roc_auc: (test=0.750) 9.04min
[fit 65/210] END max_layers=15, n_estimators=13, n_trees=100; total=3192, TP=53, TN=3027, FP=13, FN=99; precision=0.803, recall=0.349
accuracy: (test=0.965) average_precision: (test=0.498) balanced_accuracy: (test=0.672) f1: (test=0.486) roc_auc: (test=0.781) 13.55min
[fit 66/210] END max_layers=15, n_estimators=13, n_trees=150; total=3192, TP=55, TN=3025, FP=15, FN=97; precision=0.786, recall=0.362
accuracy: (test=0.965) average_precision: (test=0.481) balanced_accuracy: (test=0.678) f1: (test=0.495) roc_auc: (test=0.766) 19.75min
[fit 68/210] END max_layers=15, n_estimators=13, n_trees=250; total=3192, TP=53, TN=3029, FP=11, FN=99; precision=0.828, recall=0.349
accuracy: (test=0.966) average_precision: (test=0.503) balanced_accuracy: (test=0.673) f1: (test=0.491) roc_auc: (test=0.777) 25.56min
[fit 35/210] END max_layers=10, n_estimators=13, n_trees=400; total=3192, TP=54, TN=3024, FP=16, FN=98; precision=0.771, recall=0.355
accuracy: (test=0.964) average_precision: (test=0.488) balanced_accuracy: (test=0.675) f1: (test=0.486) roc_auc: (test=0.766) 46.58min
[fit 45/210] END max_layers=15, n_estimators=5, n_trees=150; total=3192, TP=52, TN=3028, FP=12, FN=100; precision=0.812, recall=0.342
accuracy: (test=0.965) average_precision: (test=0.497) balanced_accuracy: (test=0.669) f1: (test=0.481) roc_auc: (test=0.783) 6.43min
[fit 47/210] END max_layers=15, n_estimators=5, n_trees=250; total=3192, TP=49, TN=3028, FP=12, FN=103; precision=0.803, recall=0.322
accuracy: (test=0.964) average_precision: (test=0.515) balanced_accuracy: (test=0.659) f1: (test=0.460) roc_auc: (test=0.791) 10.99min
[fit 49/210] END max_layers=15, n_estimators=5, n_trees=400; total=3192, TP=52, TN=3024, FP=16, FN=100; precision=0.765, recall=0.342
accuracy: (test=0.964) average_precision: (test=0.517) balanced_accuracy: (test=0.668) f1: (test=0.473) roc_auc: (test=0.794) 15.47min
[fit 53/210] END max_layers=15, n_estimators=8, n_trees=200; total=3192, TP=50, TN=3027, FP=13, FN=102; precision=0.794, recall=0.329
accuracy: (test=0.964) average_precision: (test=0.511) balanced_accuracy: (test=0.662) f1: (test=0.465) roc_auc: (test=0.792) 13.59min
[fit 55/210] END max_layers=15, n_estimators=8, n_trees=300; total=3192, TP=51, TN=3026, FP=14, FN=101; precision=0.785, recall=0.336
accuracy: (test=0.964) average_precision: (test=0.517) balanced_accuracy: (test=0.665) f1: (test=0.470) roc_auc: (test=0.790) 18.29min
[fit 57/210] END max_layers=15, n_estimators=10, n_trees=50; total=3192, TP=49, TN=3031, FP=9, FN=103; precision=0.845, recall=0.322
accuracy: (test=0.965) average_precision: (test=0.419) balanced_accuracy: (test=0.660) f1: (test=0.467) roc_auc: (test=0.714) 8.78min
[fit 58/210] END max_layers=15, n_estimators=10, n_trees=100; total=3192, TP=51, TN=3029, FP=11, FN=101; precision=0.823, recall=0.336
accuracy: (test=0.965) average_precision: (test=0.491) balanced_accuracy: (test=0.666) f1: (test=0.477) roc_auc: (test=0.777) 10.45min
[fit 59/210] END max_layers=15, n_estimators=10, n_trees=150; total=3192, TP=53, TN=3029, FP=11, FN=99; precision=0.828, recall=0.349
accuracy: (test=0.966) average_precision: (test=0.511) balanced_accuracy: (test=0.673) f1: (test=0.491) roc_auc: (test=0.786) 13.80min
[fit 61/210] END max_layers=15, n_estimators=10, n_trees=250; total=3192, TP=51, TN=3026, FP=14, FN=101; precision=0.785, recall=0.336
accuracy: (test=0.964) average_precision: (test=0.547) balanced_accuracy: (test=0.665) f1: (test=0.470) roc_auc: (test=0.829) 17.26min
[fit 63/210] END max_layers=15, n_estimators=10, n_trees=400; total=3192, TP=52, TN=3027, FP=13, FN=100; precision=0.800, recall=0.342
accuracy: (test=0.965) average_precision: (test=0.516) balanced_accuracy: (test=0.669) f1: (test=0.479) roc_auc: (test=0.792) 32.57min
[fit 67/210] END max_layers=15, n_estimators=13, n_trees=200; total=3192, TP=53, TN=3029, FP=11, FN=99; precision=0.828, recall=0.349
accuracy: (test=0.966) average_precision: (test=0.497) balanced_accuracy: (test=0.673) f1: (test=0.491) roc_auc: (test=0.775) 21.38min
[fit 69/210] END max_layers=15, n_estimators=13, n_trees=300; total=3192, TP=55, TN=3028, FP=12, FN=97; precision=0.821, recall=0.362
accuracy: (test=0.966) average_precision: (test=0.486) balanced_accuracy: (test=0.679) f1: (test=0.502) roc_auc: (test=0.763) 32.51min
[fit 71/210] END max_layers=20, n_estimators=2, n_trees=50; total=3192, TP=57, TN=3024, FP=16, FN=95; precision=0.781, recall=0.375
accuracy: (test=0.965) average_precision: (test=0.409) balanced_accuracy: (test=0.685) f1: (test=0.507) roc_auc: (test=0.716) 1.59min
[fit 72/210] END max_layers=20, n_estimators=2, n_trees=100; total=3192, TP=55, TN=3027, FP=13, FN=97; precision=0.809, recall=0.362
accuracy: (test=0.966) average_precision: (test=0.492) balanced_accuracy: (test=0.679) f1: (test=0.500) roc_auc: (test=0.788) 2.13min
[fit 73/210] END max_layers=20, n_estimators=2, n_trees=150; total=3192, TP=53, TN=3027, FP=13, FN=99; precision=0.803, recall=0.349
accuracy: (test=0.965) average_precision: (test=0.515) balanced_accuracy: (test=0.672) f1: (test=0.486) roc_auc: (test=0.817) 2.62min
[fit 74/210] END max_layers=20, n_estimators=2, n_trees=200; total=3192, TP=52, TN=3029, FP=11, FN=100; precision=0.825, recall=0.342
accuracy: (test=0.965) average_precision: (test=0.532) balanced_accuracy: (test=0.669) f1: (test=0.484) roc_auc: (test=0.830) 3.55min
[fit 75/210] END max_layers=20, n_estimators=2, n_trees=250; total=3192, TP=50, TN=3030, FP=10, FN=102; precision=0.833, recall=0.329
accuracy: (test=0.965) average_precision: (test=0.535) balanced_accuracy: (test=0.663) f1: (test=0.472) roc_auc: (test=0.828) 4.52min
[fit 76/210] END max_layers=20, n_estimators=2, n_trees=300; total=3192, TP=52, TN=3029, FP=11, FN=100; precision=0.825, recall=0.342
accuracy: (test=0.965) average_precision: (test=0.528) balanced_accuracy: (test=0.669) f1: (test=0.484) roc_auc: (test=0.816) 4.88min
[fit 77/210] END max_layers=20, n_estimators=2, n_trees=400; total=3192, TP=49, TN=3027, FP=13, FN=103; precision=0.790, recall=0.322
accuracy: (test=0.964) average_precision: (test=0.543) balanced_accuracy: (test=0.659) f1: (test=0.458) roc_auc: (test=0.834) 6.68min
[fit 78/210] END max_layers=20, n_estimators=5, n_trees=50; total=3192, TP=53, TN=3029, FP=11, FN=99; precision=0.828, recall=0.349
accuracy: (test=0.966) average_precision: (test=0.433) balanced_accuracy: (test=0.673) f1: (test=0.491) roc_auc: (test=0.735) 3.73min
[fit 79/210] END max_layers=20, n_estimators=5, n_trees=100; total=3192, TP=51, TN=3028, FP=12, FN=101; precision=0.810, recall=0.336
accuracy: (test=0.965) average_precision: (test=0.504) balanced_accuracy: (test=0.666) f1: (test=0.474) roc_auc: (test=0.782) 4.54min
[fit 81/210] END max_layers=20, n_estimators=5, n_trees=200; total=3192, TP=48, TN=3027, FP=13, FN=104; precision=0.787, recall=0.316
accuracy: (test=0.963) average_precision: (test=0.512) balanced_accuracy: (test=0.656) f1: (test=0.451) roc_auc: (test=0.798) 7.03min
[fit 83/210] END max_layers=20, n_estimators=5, n_trees=300; total=3192, TP=51, TN=3026, FP=14, FN=101; precision=0.785, recall=0.336
accuracy: (test=0.964) average_precision: (test=0.524) balanced_accuracy: (test=0.665) f1: (test=0.470) roc_auc: (test=0.802) 11.40min
[fit 85/210] END max_layers=20, n_estimators=8, n_trees=50; total=3192, TP=53, TN=3027, FP=13, FN=99; precision=0.803, recall=0.349
accuracy: (test=0.965) average_precision: (test=0.480) balanced_accuracy: (test=0.672) f1: (test=0.486) roc_auc: (test=0.766) 4.49min
[fit 86/210] END max_layers=20, n_estimators=8, n_trees=100; total=3192, TP=55, TN=3026, FP=14, FN=97; precision=0.797, recall=0.362
accuracy: (test=0.965) average_precision: (test=0.498) balanced_accuracy: (test=0.679) f1: (test=0.498) roc_auc: (test=0.778) 6.69min
[fit 88/210] END max_layers=20, n_estimators=8, n_trees=200; total=3192, TP=50, TN=3027, FP=13, FN=102; precision=0.794, recall=0.329
accuracy: (test=0.964) average_precision: (test=0.511) balanced_accuracy: (test=0.662) f1: (test=0.465) roc_auc: (test=0.792) 11.68min
[fit 90/210] END max_layers=20, n_estimators=8, n_trees=300; total=3192, TP=51, TN=3026, FP=14, FN=101; precision=0.785, recall=0.336
accuracy: (test=0.964) average_precision: (test=0.517) balanced_accuracy: (test=0.665) f1: (test=0.470) roc_auc: (test=0.790) 17.90min
[fit 92/210] END max_layers=20, n_estimators=10, n_trees=50; total=3192, TP=49, TN=3031, FP=9, FN=103; precision=0.845, recall=0.322
accuracy: (test=0.965) average_precision: (test=0.419) balanced_accuracy: (test=0.660) f1: (test=0.467) roc_auc: (test=0.714) 8.22min
[fit 93/210] END max_layers=20, n_estimators=10, n_trees=100; total=3192, TP=51, TN=3029, FP=11, FN=101; precision=0.823, recall=0.336
accuracy: (test=0.965) average_precision: (test=0.491) balanced_accuracy: (test=0.666) f1: (test=0.477) roc_auc: (test=0.777) 9.25min
[fit 95/210] END max_layers=20, n_estimators=10, n_trees=200; total=3192, TP=49, TN=3028, FP=12, FN=103; precision=0.803, recall=0.322
accuracy: (test=0.964) average_precision: (test=0.494) balanced_accuracy: (test=0.659) f1: (test=0.460) roc_auc: (test=0.780) 14.89min
[fit 97/210] END max_layers=20, n_estimators=10, n_trees=300; total=3192, TP=53, TN=3027, FP=13, FN=99; precision=0.803, recall=0.349
accuracy: (test=0.965) average_precision: (test=0.551) balanced_accuracy: (test=0.672) f1: (test=0.486) roc_auc: (test=0.844) 19.50min
[fit 99/210] END max_layers=20, n_estimators=13, n_trees=50; total=3192, TP=51, TN=3028, FP=12, FN=101; precision=0.810, recall=0.336
accuracy: (test=0.965) average_precision: (test=0.464) balanced_accuracy: (test=0.666) f1: (test=0.474) roc_auc: (test=0.750) 8.43min
[fit 100/210] END max_layers=20, n_estimators=13, n_trees=100; total=3192, TP=53, TN=3027, FP=13, FN=99; precision=0.803, recall=0.349
accuracy: (test=0.965) average_precision: (test=0.498) balanced_accuracy: (test=0.672) f1: (test=0.486) roc_auc: (test=0.781) 12.02min
[fit 101/210] END max_layers=20, n_estimators=13, n_trees=150; total=3192, TP=55, TN=3025, FP=15, FN=97; precision=0.786, recall=0.362
accuracy: (test=0.965) average_precision: (test=0.481) balanced_accuracy: (test=0.678) f1: (test=0.495) roc_auc: (test=0.766) 18.92min
[fit 103/210] END max_layers=20, n_estimators=13, n_trees=250; total=3192, TP=53, TN=3029, FP=11, FN=99; precision=0.828, recall=0.349
accuracy: (test=0.966) average_precision: (test=0.503) balanced_accuracy: (test=0.673) f1: (test=0.491) roc_auc: (test=0.777) 24.50min
[fit 105/210] END max_layers=20, n_estimators=13, n_trees=400; total=3192, TP=54, TN=3024, FP=16, FN=98; precision=0.771, recall=0.355
accuracy: (test=0.964) average_precision: (test=0.488) balanced_accuracy: (test=0.675) f1: (test=0.486) roc_auc: (test=0.766) 43.47min
[fit 115/210] END max_layers=50, n_estimators=5, n_trees=150; total=3192, TP=52, TN=3028, FP=12, FN=100; precision=0.812, recall=0.342
accuracy: (test=0.965) average_precision: (test=0.497) balanced_accuracy: (test=0.669) f1: (test=0.481) roc_auc: (test=0.783) 5.93min
[fit 117/210] END max_layers=50, n_estimators=5, n_trees=250; total=3192, TP=49, TN=3028, FP=12, FN=103; precision=0.803, recall=0.322
accuracy: (test=0.964) average_precision: (test=0.515) balanced_accuracy: (test=0.659) f1: (test=0.460) roc_auc: (test=0.791) 9.24min
[fit 119/210] END max_layers=50, n_estimators=5, n_trees=400; total=3192, TP=52, TN=3024, FP=16, FN=100; precision=0.765, recall=0.342
accuracy: (test=0.964) average_precision: (test=0.517) balanced_accuracy: (test=0.668) f1: (test=0.473) roc_auc: (test=0.794) 14.40min
[fit 122/210] END max_layers=50, n_estimators=8, n_trees=150; total=3192, TP=50, TN=3031, FP=9, FN=102; precision=0.847, recall=0.329
accuracy: (test=0.965) average_precision: (test=0.512) balanced_accuracy: (test=0.663) f1: (test=0.474) roc_auc: (test=0.786) 9.69min
[fit 124/210] END max_layers=50, n_estimators=8, n_trees=250; total=3192, TP=51, TN=3027, FP=13, FN=101; precision=0.797, recall=0.336
accuracy: (test=0.964) average_precision: (test=0.511) balanced_accuracy: (test=0.666) f1: (test=0.472) roc_auc: (test=0.790) 15.24min
[fit 70/210] END max_layers=15, n_estimators=13, n_trees=400; total=3192, TP=54, TN=3024, FP=16, FN=98; precision=0.771, recall=0.355
accuracy: (test=0.964) average_precision: (test=0.488) balanced_accuracy: (test=0.675) f1: (test=0.486) roc_auc: (test=0.766) 43.33min
[fit 80/210] END max_layers=20, n_estimators=5, n_trees=150; total=3192, TP=52, TN=3028, FP=12, FN=100; precision=0.812, recall=0.342
accuracy: (test=0.965) average_precision: (test=0.497) balanced_accuracy: (test=0.669) f1: (test=0.481) roc_auc: (test=0.783) 5.99min
[fit 82/210] END max_layers=20, n_estimators=5, n_trees=250; total=3192, TP=49, TN=3028, FP=12, FN=103; precision=0.803, recall=0.322
accuracy: (test=0.964) average_precision: (test=0.515) balanced_accuracy: (test=0.659) f1: (test=0.460) roc_auc: (test=0.791) 8.86min
[fit 84/210] END max_layers=20, n_estimators=5, n_trees=400; total=3192, TP=52, TN=3024, FP=16, FN=100; precision=0.765, recall=0.342
accuracy: (test=0.964) average_precision: (test=0.517) balanced_accuracy: (test=0.668) f1: (test=0.473) roc_auc: (test=0.794) 15.60min
[fit 87/210] END max_layers=20, n_estimators=8, n_trees=150; total=3192, TP=50, TN=3031, FP=9, FN=102; precision=0.847, recall=0.329
accuracy: (test=0.965) average_precision: (test=0.512) balanced_accuracy: (test=0.663) f1: (test=0.474) roc_auc: (test=0.786) 8.91min
[fit 89/210] END max_layers=20, n_estimators=8, n_trees=250; total=3192, TP=51, TN=3027, FP=13, FN=101; precision=0.797, recall=0.336
accuracy: (test=0.964) average_precision: (test=0.511) balanced_accuracy: (test=0.666) f1: (test=0.472) roc_auc: (test=0.790) 14.99min
[fit 91/210] END max_layers=20, n_estimators=8, n_trees=400; total=3192, TP=53, TN=3027, FP=13, FN=99; precision=0.803, recall=0.349
accuracy: (test=0.965) average_precision: (test=0.515) balanced_accuracy: (test=0.672) f1: (test=0.486) roc_auc: (test=0.787) 22.66min
[fit 94/210] END max_layers=20, n_estimators=10, n_trees=150; total=3192, TP=53, TN=3029, FP=11, FN=99; precision=0.828, recall=0.349
accuracy: (test=0.966) average_precision: (test=0.511) balanced_accuracy: (test=0.673) f1: (test=0.491) roc_auc: (test=0.786) 12.21min
[fit 96/210] END max_layers=20, n_estimators=10, n_trees=250; total=3192, TP=51, TN=3026, FP=14, FN=101; precision=0.785, recall=0.336
accuracy: (test=0.964) average_precision: (test=0.547) balanced_accuracy: (test=0.665) f1: (test=0.470) roc_auc: (test=0.829) 16.15min
[fit 98/210] END max_layers=20, n_estimators=10, n_trees=400; total=3192, TP=52, TN=3027, FP=13, FN=100; precision=0.800, recall=0.342
accuracy: (test=0.965) average_precision: (test=0.516) balanced_accuracy: (test=0.669) f1: (test=0.479) roc_auc: (test=0.792) 28.95min
[fit 102/210] END max_layers=20, n_estimators=13, n_trees=200; total=3192, TP=53, TN=3029, FP=11, FN=99; precision=0.828, recall=0.349
accuracy: (test=0.966) average_precision: (test=0.497) balanced_accuracy: (test=0.673) f1: (test=0.491) roc_auc: (test=0.775) 20.93min
[fit 104/210] END max_layers=20, n_estimators=13, n_trees=300; total=3192, TP=55, TN=3028, FP=12, FN=97; precision=0.821, recall=0.362
accuracy: (test=0.966) average_precision: (test=0.486) balanced_accuracy: (test=0.679) f1: (test=0.502) roc_auc: (test=0.763) 32.59min
[fit 106/210] END max_layers=50, n_estimators=2, n_trees=50; total=3192, TP=57, TN=3024, FP=16, FN=95; precision=0.781, recall=0.375
accuracy: (test=0.965) average_precision: (test=0.409) balanced_accuracy: (test=0.685) f1: (test=0.507) roc_auc: (test=0.716) 1.47min
[fit 107/210] END max_layers=50, n_estimators=2, n_trees=100; total=3192, TP=55, TN=3027, FP=13, FN=97; precision=0.809, recall=0.362
accuracy: (test=0.966) average_precision: (test=0.492) balanced_accuracy: (test=0.679) f1: (test=0.500) roc_auc: (test=0.788) 2.03min
[fit 108/210] END max_layers=50, n_estimators=2, n_trees=150; total=3192, TP=53, TN=3027, FP=13, FN=99; precision=0.803, recall=0.349
accuracy: (test=0.965) average_precision: (test=0.515) balanced_accuracy: (test=0.672) f1: (test=0.486) roc_auc: (test=0.817) 2.38min
[fit 109/210] END max_layers=50, n_estimators=2, n_trees=200; total=3192, TP=52, TN=3029, FP=11, FN=100; precision=0.825, recall=0.342
accuracy: (test=0.965) average_precision: (test=0.532) balanced_accuracy: (test=0.669) f1: (test=0.484) roc_auc: (test=0.830) 3.24min
[fit 110/210] END max_layers=50, n_estimators=2, n_trees=250; total=3192, TP=50, TN=3030, FP=10, FN=102; precision=0.833, recall=0.329
accuracy: (test=0.965) average_precision: (test=0.535) balanced_accuracy: (test=0.663) f1: (test=0.472) roc_auc: (test=0.828) 4.20min
[fit 111/210] END max_layers=50, n_estimators=2, n_trees=300; total=3192, TP=52, TN=3029, FP=11, FN=100; precision=0.825, recall=0.342
accuracy: (test=0.965) average_precision: (test=0.528) balanced_accuracy: (test=0.669) f1: (test=0.484) roc_auc: (test=0.816) 5.01min
[fit 112/210] END max_layers=50, n_estimators=2, n_trees=400; total=3192, TP=49, TN=3027, FP=13, FN=103; precision=0.790, recall=0.322
accuracy: (test=0.964) average_precision: (test=0.543) balanced_accuracy: (test=0.659) f1: (test=0.458) roc_auc: (test=0.834) 7.26min
[fit 113/210] END max_layers=50, n_estimators=5, n_trees=50; total=3192, TP=53, TN=3029, FP=11, FN=99; precision=0.828, recall=0.349
accuracy: (test=0.966) average_precision: (test=0.433) balanced_accuracy: (test=0.673) f1: (test=0.491) roc_auc: (test=0.735) 3.80min
[fit 114/210] END max_layers=50, n_estimators=5, n_trees=100; total=3192, TP=51, TN=3028, FP=12, FN=101; precision=0.810, recall=0.336
accuracy: (test=0.965) average_precision: (test=0.504) balanced_accuracy: (test=0.666) f1: (test=0.474) roc_auc: (test=0.782) 4.63min
[fit 116/210] END max_layers=50, n_estimators=5, n_trees=200; total=3192, TP=48, TN=3027, FP=13, FN=104; precision=0.787, recall=0.316
accuracy: (test=0.963) average_precision: (test=0.512) balanced_accuracy: (test=0.656) f1: (test=0.451) roc_auc: (test=0.798) 7.63min
[fit 118/210] END max_layers=50, n_estimators=5, n_trees=300; total=3192, TP=51, TN=3026, FP=14, FN=101; precision=0.785, recall=0.336
accuracy: (test=0.964) average_precision: (test=0.524) balanced_accuracy: (test=0.665) f1: (test=0.470) roc_auc: (test=0.802) 10.76min
[fit 120/210] END max_layers=50, n_estimators=8, n_trees=50; total=3192, TP=53, TN=3027, FP=13, FN=99; precision=0.803, recall=0.349
accuracy: (test=0.965) average_precision: (test=0.480) balanced_accuracy: (test=0.672) f1: (test=0.486) roc_auc: (test=0.766) 3.95min
[fit 121/210] END max_layers=50, n_estimators=8, n_trees=100; total=3192, TP=55, TN=3026, FP=14, FN=97; precision=0.797, recall=0.362
accuracy: (test=0.965) average_precision: (test=0.498) balanced_accuracy: (test=0.679) f1: (test=0.498) roc_auc: (test=0.778) 6.88min
[fit 123/210] END max_layers=50, n_estimators=8, n_trees=200; total=3192, TP=50, TN=3027, FP=13, FN=102; precision=0.794, recall=0.329
accuracy: (test=0.964) average_precision: (test=0.511) balanced_accuracy: (test=0.662) f1: (test=0.465) roc_auc: (test=0.792) 12.29min
[fit 125/210] END max_layers=50, n_estimators=8, n_trees=300; total=3192, TP=51, TN=3026, FP=14, FN=101; precision=0.785, recall=0.336
accuracy: (test=0.964) average_precision: (test=0.517) balanced_accuracy: (test=0.665) f1: (test=0.470) roc_auc: (test=0.790) 17.27min
[fit 127/210] END max_layers=50, n_estimators=10, n_trees=50; total=3192, TP=49, TN=3031, FP=9, FN=103; precision=0.845, recall=0.322
accuracy: (test=0.965) average_precision: (test=0.419) balanced_accuracy: (test=0.660) f1: (test=0.467) roc_auc: (test=0.714) 8.17min
[fit 128/210] END max_layers=50, n_estimators=10, n_trees=100; total=3192, TP=51, TN=3029, FP=11, FN=101; precision=0.823, recall=0.336
accuracy: (test=0.965) average_precision: (test=0.491) balanced_accuracy: (test=0.666) f1: (test=0.477) roc_auc: (test=0.777) 9.21min
[fit 130/210] END max_layers=50, n_estimators=10, n_trees=200; total=3192, TP=49, TN=3028, FP=12, FN=103; precision=0.803, recall=0.322
accuracy: (test=0.964) average_precision: (test=0.494) balanced_accuracy: (test=0.659) f1: (test=0.460) roc_auc: (test=0.780) 15.38min
[fit 132/210] END max_layers=50, n_estimators=10, n_trees=300; total=3192, TP=53, TN=3027, FP=13, FN=99; precision=0.803, recall=0.349
accuracy: (test=0.965) average_precision: (test=0.551) balanced_accuracy: (test=0.672) f1: (test=0.486) roc_auc: (test=0.844) 18.87min[fit 126/210] END max_layers=50, n_estimators=8, n_trees=400; total=3192, TP=53, TN=3027, FP=13, FN=99; precision=0.803, recall=0.349
accuracy: (test=0.965) average_precision: (test=0.515) balanced_accuracy: (test=0.672) f1: (test=0.486) roc_auc: (test=0.787) 22.44min
[fit 129/210] END max_layers=50, n_estimators=10, n_trees=150; total=3192, TP=53, TN=3029, FP=11, FN=99; precision=0.828, recall=0.349
accuracy: (test=0.966) average_precision: (test=0.511) balanced_accuracy: (test=0.673) f1: (test=0.491) roc_auc: (test=0.786) 12.05min
[fit 131/210] END max_layers=50, n_estimators=10, n_trees=250; total=3192, TP=51, TN=3026, FP=14, FN=101; precision=0.785, recall=0.336
accuracy: (test=0.964) average_precision: (test=0.547) balanced_accuracy: (test=0.665) f1: (test=0.470) roc_auc: (test=0.829) 16.19min
[fit 133/210] END max_layers=50, n_estimators=10, n_trees=400; total=3192, TP=52, TN=3027, FP=13, FN=100; precision=0.800, recall=0.342
accuracy: (test=0.965) average_precision: (test=0.516) balanced_accuracy: (test=0.669) f1: (test=0.479) roc_auc: (test=0.792) 29.12min
[fit 137/210] END max_layers=50, n_estimators=13, n_trees=200; total=3192, TP=53, TN=3029, FP=11, FN=99; precision=0.828, recall=0.349
accuracy: (test=0.966) average_precision: (test=0.497) balanced_accuracy: (test=0.673) f1: (test=0.491) roc_auc: (test=0.775) 19.53min
[fit 139/210] END max_layers=50, n_estimators=13, n_trees=300; total=3192, TP=55, TN=3028, FP=12, FN=97; precision=0.821, recall=0.362
accuracy: (test=0.966) average_precision: (test=0.486) balanced_accuracy: (test=0.679) f1: (test=0.502) roc_auc: (test=0.763) 32.14min
[fit 141/210] END max_layers=80, n_estimators=2, n_trees=50; total=3192, TP=57, TN=3024, FP=16, FN=95; precision=0.781, recall=0.375
accuracy: (test=0.965) average_precision: (test=0.409) balanced_accuracy: (test=0.685) f1: (test=0.507) roc_auc: (test=0.716) 1.61min
[fit 142/210] END max_layers=80, n_estimators=2, n_trees=100; total=3192, TP=55, TN=3027, FP=13, FN=97; precision=0.809, recall=0.362
accuracy: (test=0.966) average_precision: (test=0.492) balanced_accuracy: (test=0.679) f1: (test=0.500) roc_auc: (test=0.788) 2.41min
[fit 143/210] END max_layers=80, n_estimators=2, n_trees=150; total=3192, TP=53, TN=3027, FP=13, FN=99; precision=0.803, recall=0.349
accuracy: (test=0.965) average_precision: (test=0.515) balanced_accuracy: (test=0.672) f1: (test=0.486) roc_auc: (test=0.817) 2.79min
[fit 144/210] END max_layers=80, n_estimators=2, n_trees=200; total=3192, TP=52, TN=3029, FP=11, FN=100; precision=0.825, recall=0.342
accuracy: (test=0.965) average_precision: (test=0.532) balanced_accuracy: (test=0.669) f1: (test=0.484) roc_auc: (test=0.830) 3.41min
[fit 145/210] END max_layers=80, n_estimators=2, n_trees=250; total=3192, TP=50, TN=3030, FP=10, FN=102; precision=0.833, recall=0.329
accuracy: (test=0.965) average_precision: (test=0.535) balanced_accuracy: (test=0.663) f1: (test=0.472) roc_auc: (test=0.828) 3.98min
[fit 146/210] END max_layers=80, n_estimators=2, n_trees=300; total=3192, TP=52, TN=3029, FP=11, FN=100; precision=0.825, recall=0.342
accuracy: (test=0.965) average_precision: (test=0.528) balanced_accuracy: (test=0.669) f1: (test=0.484) roc_auc: (test=0.816) 4.86min
[fit 147/210] END max_layers=80, n_estimators=2, n_trees=400; total=3192, TP=49, TN=3027, FP=13, FN=103; precision=0.790, recall=0.322
accuracy: (test=0.964) average_precision: (test=0.543) balanced_accuracy: (test=0.659) f1: (test=0.458) roc_auc: (test=0.834) 7.11min
[fit 148/210] END max_layers=80, n_estimators=5, n_trees=50; total=3192, TP=53, TN=3029, FP=11, FN=99; precision=0.828, recall=0.349
accuracy: (test=0.966) average_precision: (test=0.433) balanced_accuracy: (test=0.673) f1: (test=0.491) roc_auc: (test=0.735) 3.90min
[fit 149/210] END max_layers=80, n_estimators=5, n_trees=100; total=3192, TP=51, TN=3028, FP=12, FN=101; precision=0.810, recall=0.336
accuracy: (test=0.965) average_precision: (test=0.504) balanced_accuracy: (test=0.666) f1: (test=0.474) roc_auc: (test=0.782) 4.20min
[fit 151/210] END max_layers=80, n_estimators=5, n_trees=200; total=3192, TP=48, TN=3027, FP=13, FN=104; precision=0.787, recall=0.316
accuracy: (test=0.963) average_precision: (test=0.512) balanced_accuracy: (test=0.656) f1: (test=0.451) roc_auc: (test=0.798) 6.99min
[fit 153/210] END max_layers=80, n_estimators=5, n_trees=300; total=3192, TP=51, TN=3026, FP=14, FN=101; precision=0.785, recall=0.336
accuracy: (test=0.964) average_precision: (test=0.524) balanced_accuracy: (test=0.665) f1: (test=0.470) roc_auc: (test=0.802) 11.45min
[fit 155/210] END max_layers=80, n_estimators=8, n_trees=50; total=3192, TP=53, TN=3027, FP=13, FN=99; precision=0.803, recall=0.349
accuracy: (test=0.965) average_precision: (test=0.480) balanced_accuracy: (test=0.672) f1: (test=0.486) roc_auc: (test=0.766) 4.40min
[fit 156/210] END max_layers=80, n_estimators=8, n_trees=100; total=3192, TP=55, TN=3026, FP=14, FN=97; precision=0.797, recall=0.362
accuracy: (test=0.965) average_precision: (test=0.498) balanced_accuracy: (test=0.679) f1: (test=0.498) roc_auc: (test=0.778) 6.84min
[fit 158/210] END max_layers=80, n_estimators=8, n_trees=200; total=3192, TP=50, TN=3027, FP=13, FN=102; precision=0.794, recall=0.329
accuracy: (test=0.964) average_precision: (test=0.511) balanced_accuracy: (test=0.662) f1: (test=0.465) roc_auc: (test=0.792) 11.46min
[fit 160/210] END max_layers=80, n_estimators=8, n_trees=300; total=3192, TP=51, TN=3026, FP=14, FN=101; precision=0.785, recall=0.336
accuracy: (test=0.964) average_precision: (test=0.517) balanced_accuracy: (test=0.665) f1: (test=0.470) roc_auc: (test=0.790) 17.26min
[fit 162/210] END max_layers=80, n_estimators=10, n_trees=50; total=3192, TP=49, TN=3031, FP=9, FN=103; precision=0.845, recall=0.322
accuracy: (test=0.965) average_precision: (test=0.419) balanced_accuracy: (test=0.660) f1: (test=0.467) roc_auc: (test=0.714) 9.28min
[fit 163/210] END max_layers=80, n_estimators=10, n_trees=100; total=3192, TP=51, TN=3029, FP=11, FN=101; precision=0.823, recall=0.336
accuracy: (test=0.965) average_precision: (test=0.491) balanced_accuracy: (test=0.666) f1: (test=0.477) roc_auc: (test=0.777) 8.71min
[fit 165/210] END max_layers=80, n_estimators=10, n_trees=200; total=3192, TP=49, TN=3028, FP=12, FN=103; precision=0.803, recall=0.322
accuracy: (test=0.964) average_precision: (test=0.494) balanced_accuracy: (test=0.659) f1: (test=0.460) roc_auc: (test=0.780) 15.58min
[fit 167/210] END max_layers=80, n_estimators=10, n_trees=300; total=3192, TP=53, TN=3027, FP=13, FN=99; precision=0.803, recall=0.349
accuracy: (test=0.965) average_precision: (test=0.551) balanced_accuracy: (test=0.672) f1: (test=0.486) roc_auc: (test=0.844) 18.30min
[fit 169/210] END max_layers=80, n_estimators=13, n_trees=50; total=3192, TP=51, TN=3028, FP=12, FN=101; precision=0.810, recall=0.336
accuracy: (test=0.965) average_precision: (test=0.464) balanced_accuracy: (test=0.666) f1: (test=0.474) roc_auc: (test=0.750) 8.19min
[fit 170/210] END max_layers=80, n_estimators=13, n_trees=100; total=3192, TP=53, TN=3027, FP=13, FN=99; precision=0.803, recall=0.349
accuracy: (test=0.965) average_precision: (test=0.498) balanced_accuracy: (test=0.672) f1: (test=0.486) roc_auc: (test=0.781) 12.68min
[fit 171/210] END max_layers=80, n_estimators=13, n_trees=150; total=3192, TP=55, TN=3025, FP=15, FN=97; precision=0.786, recall=0.362
accuracy: (test=0.965) average_precision: (test=0.481) balanced_accuracy: (test=0.678) f1: (test=0.495) roc_auc: (test=0.766) 18.18min
[fit 173/210] END max_layers=80, n_estimators=13, n_trees=250; total=3192, TP=53, TN=3029, FP=11, FN=99; precision=0.828, recall=0.349
accuracy: (test=0.966) average_precision: (test=0.503) balanced_accuracy: (test=0.673) f1: (test=0.491) roc_auc: (test=0.777) 25.45min

[fit 134/210] END max_layers=50, n_estimators=13, n_trees=50; total=3192, TP=51, TN=3028, FP=12, FN=101; precision=0.810, recall=0.336
accuracy: (test=0.965) average_precision: (test=0.464) balanced_accuracy: (test=0.666) f1: (test=0.474) roc_auc: (test=0.750) 8.62min
[fit 135/210] END max_layers=50, n_estimators=13, n_trees=100; total=3192, TP=53, TN=3027, FP=13, FN=99; precision=0.803, recall=0.349
accuracy: (test=0.965) average_precision: (test=0.498) balanced_accuracy: (test=0.672) f1: (test=0.486) roc_auc: (test=0.781) 12.10min
[fit 136/210] END max_layers=50, n_estimators=13, n_trees=150; total=3192, TP=55, TN=3025, FP=15, FN=97; precision=0.786, recall=0.362
accuracy: (test=0.965) average_precision: (test=0.481) balanced_accuracy: (test=0.678) f1: (test=0.495) roc_auc: (test=0.766) 17.28min
[fit 138/210] END max_layers=50, n_estimators=13, n_trees=250; total=3192, TP=53, TN=3029, FP=11, FN=99; precision=0.828, recall=0.349
accuracy: (test=0.966) average_precision: (test=0.503) balanced_accuracy: (test=0.673) f1: (test=0.491) roc_auc: (test=0.777) 24.80min
[fit 140/210] END max_layers=50, n_estimators=13, n_trees=400; total=3192, TP=54, TN=3024, FP=16, FN=98; precision=0.771, recall=0.355
accuracy: (test=0.964) average_precision: (test=0.488) balanced_accuracy: (test=0.675) f1: (test=0.486) roc_auc: (test=0.766) 43.68min
[fit 150/210] END max_layers=80, n_estimators=5, n_trees=150; total=3192, TP=52, TN=3028, FP=12, FN=100; precision=0.812, recall=0.342
accuracy: (test=0.965) average_precision: (test=0.497) balanced_accuracy: (test=0.669) f1: (test=0.481) roc_auc: (test=0.783) 5.75min
[fit 152/210] END max_layers=80, n_estimators=5, n_trees=250; total=3192, TP=49, TN=3028, FP=12, FN=103; precision=0.803, recall=0.322
accuracy: (test=0.964) average_precision: (test=0.515) balanced_accuracy: (test=0.659) f1: (test=0.460) roc_auc: (test=0.791) 8.95min
[fit 154/210] END max_layers=80, n_estimators=5, n_trees=400; total=3192, TP=52, TN=3024, FP=16, FN=100; precision=0.765, recall=0.342
accuracy: (test=0.964) average_precision: (test=0.517) balanced_accuracy: (test=0.668) f1: (test=0.473) roc_auc: (test=0.794) 15.40min
[fit 157/210] END max_layers=80, n_estimators=8, n_trees=150; total=3192, TP=50, TN=3031, FP=9, FN=102; precision=0.847, recall=0.329
accuracy: (test=0.965) average_precision: (test=0.512) balanced_accuracy: (test=0.663) f1: (test=0.474) roc_auc: (test=0.786) 9.34min
[fit 159/210] END max_layers=80, n_estimators=8, n_trees=250; total=3192, TP=51, TN=3027, FP=13, FN=101; precision=0.797, recall=0.336
accuracy: (test=0.964) average_precision: (test=0.511) balanced_accuracy: (test=0.666) f1: (test=0.472) roc_auc: (test=0.790) 14.64min
[fit 161/210] END max_layers=80, n_estimators=8, n_trees=400; total=3192, TP=53, TN=3027, FP=13, FN=99; precision=0.803, recall=0.349
accuracy: (test=0.965) average_precision: (test=0.515) balanced_accuracy: (test=0.672) f1: (test=0.486) roc_auc: (test=0.787) 23.50min
[fit 164/210] END max_layers=80, n_estimators=10, n_trees=150; total=3192, TP=53, TN=3029, FP=11, FN=99; precision=0.828, recall=0.349
accuracy: (test=0.966) average_precision: (test=0.511) balanced_accuracy: (test=0.673) f1: (test=0.491) roc_auc: (test=0.786) 12.12min
[fit 166/210] END max_layers=80, n_estimators=10, n_trees=250; total=3192, TP=51, TN=3026, FP=14, FN=101; precision=0.785, recall=0.336
accuracy: (test=0.964) average_precision: (test=0.547) balanced_accuracy: (test=0.665) f1: (test=0.470) roc_auc: (test=0.829) 16.25min
[fit 168/210] END max_layers=80, n_estimators=10, n_trees=400; total=3192, TP=52, TN=3027, FP=13, FN=100; precision=0.800, recall=0.342
accuracy: (test=0.965) average_precision: (test=0.516) balanced_accuracy: (test=0.669) f1: (test=0.479) roc_auc: (test=0.792) 29.47min
[fit 172/210] END max_layers=80, n_estimators=13, n_trees=200; total=3192, TP=53, TN=3029, FP=11, FN=99; precision=0.828, recall=0.349
accuracy: (test=0.966) average_precision: (test=0.497) balanced_accuracy: (test=0.673) f1: (test=0.491) roc_auc: (test=0.775) 19.48min
[fit 174/210] END max_layers=80, n_estimators=13, n_trees=300; total=3192, TP=55, TN=3028, FP=12, FN=97; precision=0.821, recall=0.362
accuracy: (test=0.966) average_precision: (test=0.486) balanced_accuracy: (test=0.679) f1: (test=0.502) roc_auc: (test=0.763) 33.26min
[fit 176/210] END max_layers=120, n_estimators=2, n_trees=50; total=3192, TP=57, TN=3024, FP=16, FN=95; precision=0.781, recall=0.375
accuracy: (test=0.965) average_precision: (test=0.409) balanced_accuracy: (test=0.685) f1: (test=0.507) roc_auc: (test=0.716) 1.42min
[fit 177/210] END max_layers=120, n_estimators=2, n_trees=100; total=3192, TP=55, TN=3027, FP=13, FN=97; precision=0.809, recall=0.362
accuracy: (test=0.966) average_precision: (test=0.492) balanced_accuracy: (test=0.679) f1: (test=0.500) roc_auc: (test=0.788) 2.24min
[fit 178/210] END max_layers=120, n_estimators=2, n_trees=150; total=3192, TP=53, TN=3027, FP=13, FN=99; precision=0.803, recall=0.349
accuracy: (test=0.965) average_precision: (test=0.515) balanced_accuracy: (test=0.672) f1: (test=0.486) roc_auc: (test=0.817) 2.54min
[fit 179/210] END max_layers=120, n_estimators=2, n_trees=200; total=3192, TP=52, TN=3029, FP=11, FN=100; precision=0.825, recall=0.342
accuracy: (test=0.965) average_precision: (test=0.532) balanced_accuracy: (test=0.669) f1: (test=0.484) roc_auc: (test=0.830) 3.44min
[fit 180/210] END max_layers=120, n_estimators=2, n_trees=250; total=3192, TP=50, TN=3030, FP=10, FN=102; precision=0.833, recall=0.329
accuracy: (test=0.965) average_precision: (test=0.535) balanced_accuracy: (test=0.663) f1: (test=0.472) roc_auc: (test=0.828) 4.15min
[fit 181/210] END max_layers=120, n_estimators=2, n_trees=300; total=3192, TP=52, TN=3029, FP=11, FN=100; precision=0.825, recall=0.342
accuracy: (test=0.965) average_precision: (test=0.528) balanced_accuracy: (test=0.669) f1: (test=0.484) roc_auc: (test=0.816) 5.10min
[fit 182/210] END max_layers=120, n_estimators=2, n_trees=400; total=3192, TP=49, TN=3027, FP=13, FN=103; precision=0.790, recall=0.322
accuracy: (test=0.964) average_precision: (test=0.543) balanced_accuracy: (test=0.659) f1: (test=0.458) roc_auc: (test=0.834) 7.10min
[fit 183/210] END max_layers=120, n_estimators=5, n_trees=50; total=3192, TP=53, TN=3029, FP=11, FN=99; precision=0.828, recall=0.349
accuracy: (test=0.966) average_precision: (test=0.433) balanced_accuracy: (test=0.673) f1: (test=0.491) roc_auc: (test=0.735) 3.27min
[fit 184/210] END max_layers=120, n_estimators=5, n_trees=100; total=3192, TP=51, TN=3028, FP=12, FN=101; precision=0.810, recall=0.336
accuracy: (test=0.965) average_precision: (test=0.504) balanced_accuracy: (test=0.666) f1: (test=0.474) roc_auc: (test=0.782) 4.05min
[fit 186/210] END max_layers=120, n_estimators=5, n_trees=200; total=3192, TP=48, TN=3027, FP=13, FN=104; precision=0.787, recall=0.316
accuracy: (test=0.963) average_precision: (test=0.512) balanced_accuracy: (test=0.656) f1: (test=0.451) roc_auc: (test=0.798) 8.11min
[fit 188/210] END max_layers=120, n_estimators=5, n_trees=300; total=3192, TP=51, TN=3026, FP=14, FN=101; precision=0.785, recall=0.336
accuracy: (test=0.964) average_precision: (test=0.524) balanced_accuracy: (test=0.665) f1: (test=0.470) roc_auc: (test=0.802) 11.06min
[fit 190/210] END max_layers=120, n_estimators=8, n_trees=50; total=3192, TP=53, TN=3027, FP=13, FN=99; precision=0.803, recall=0.349
accuracy: (test=0.965) average_precision: (test=0.480) balanced_accuracy: (test=0.672) f1: (test=0.486) roc_auc: (test=0.766) 4.05min
[fit 191/210] END max_layers=120, n_estimators=8, n_trees=100; total=3192, TP=55, TN=3026, FP=14, FN=97; precision=0.797, recall=0.362
accuracy: (test=0.965) average_precision: (test=0.498) balanced_accuracy: (test=0.679) f1: (test=0.498) roc_auc: (test=0.778) 7.06min
[fit 193/210] END max_layers=120, n_estimators=8, n_trees=200; total=3192, TP=50, TN=3027, FP=13, FN=102; precision=0.794, recall=0.329
accuracy: (test=0.964) average_precision: (test=0.511) balanced_accuracy: (test=0.662) f1: (test=0.465) roc_auc: (test=0.792) 11.27min
[fit 195/210] END max_layers=120, n_estimators=8, n_trees=300; total=3192, TP=51, TN=3026, FP=14, FN=101; precision=0.785, recall=0.336
accuracy: (test=0.964) average_precision: (test=0.517) balanced_accuracy: (test=0.665) f1: (test=0.470) roc_auc: (test=0.790) 16.82min[fit 175/210] END max_layers=80, n_estimators=13, n_trees=400; total=3192, TP=54, TN=3024, FP=16, FN=98; precision=0.771, recall=0.355
accuracy: (test=0.964) average_precision: (test=0.488) balanced_accuracy: (test=0.675) f1: (test=0.486) roc_auc: (test=0.766) 42.48min
[fit 185/210] END max_layers=120, n_estimators=5, n_trees=150; total=3192, TP=52, TN=3028, FP=12, FN=100; precision=0.812, recall=0.342
accuracy: (test=0.965) average_precision: (test=0.497) balanced_accuracy: (test=0.669) f1: (test=0.481) roc_auc: (test=0.783) 6.07min
[fit 187/210] END max_layers=120, n_estimators=5, n_trees=250; total=3192, TP=49, TN=3028, FP=12, FN=103; precision=0.803, recall=0.322
accuracy: (test=0.964) average_precision: (test=0.515) balanced_accuracy: (test=0.659) f1: (test=0.460) roc_auc: (test=0.791) 9.54min
[fit 189/210] END max_layers=120, n_estimators=5, n_trees=400; total=3192, TP=52, TN=3024, FP=16, FN=100; precision=0.765, recall=0.342
accuracy: (test=0.964) average_precision: (test=0.517) balanced_accuracy: (test=0.668) f1: (test=0.473) roc_auc: (test=0.794) 14.96min
[fit 192/210] END max_layers=120, n_estimators=8, n_trees=150; total=3192, TP=50, TN=3031, FP=9, FN=102; precision=0.847, recall=0.329
accuracy: (test=0.965) average_precision: (test=0.512) balanced_accuracy: (test=0.663) f1: (test=0.474) roc_auc: (test=0.786) 8.89min
[fit 194/210] END max_layers=120, n_estimators=8, n_trees=250; total=3192, TP=51, TN=3027, FP=13, FN=101; precision=0.797, recall=0.336
accuracy: (test=0.964) average_precision: (test=0.511) balanced_accuracy: (test=0.666) f1: (test=0.472) roc_auc: (test=0.790) 15.21min
[fit 196/210] END max_layers=120, n_estimators=8, n_trees=400; total=3192, TP=53, TN=3027, FP=13, FN=99; precision=0.803, recall=0.349
accuracy: (test=0.965) average_precision: (test=0.515) balanced_accuracy: (test=0.672) f1: (test=0.486) roc_auc: (test=0.787) 23.25min
[fit 199/210] END max_layers=120, n_estimators=10, n_trees=150; total=3192, TP=53, TN=3029, FP=11, FN=99; precision=0.828, recall=0.349
accuracy: (test=0.966) average_precision: (test=0.511) balanced_accuracy: (test=0.673) f1: (test=0.491) roc_auc: (test=0.786) 11.75min
[fit 201/210] END max_layers=120, n_estimators=10, n_trees=250; total=3192, TP=51, TN=3026, FP=14, FN=101; precision=0.785, recall=0.336
accuracy: (test=0.964) average_precision: (test=0.547) balanced_accuracy: (test=0.665) f1: (test=0.470) roc_auc: (test=0.829) 16.59min
[fit 203/210] END max_layers=120, n_estimators=10, n_trees=400; total=3192, TP=52, TN=3027, FP=13, FN=100; precision=0.800, recall=0.342
accuracy: (test=0.965) average_precision: (test=0.516) balanced_accuracy: (test=0.669) f1: (test=0.479) roc_auc: (test=0.792) 29.03min
[fit 207/210] END max_layers=120, n_estimators=13, n_trees=200; total=3192, TP=53, TN=3029, FP=11, FN=99; precision=0.828, recall=0.349
accuracy: (test=0.966) average_precision: (test=0.497) balanced_accuracy: (test=0.673) f1: (test=0.491) roc_auc: (test=0.775) 19.37min
[fit 209/210] END max_layers=120, n_estimators=13, n_trees=300; total=3192, TP=55, TN=3028, FP=12, FN=97; precision=0.821, recall=0.362
accuracy: (test=0.966) average_precision: (test=0.486) balanced_accuracy: (test=0.679) f1: (test=0.502) roc_auc: (test=0.763) 32.23min

[fit 197/210] END max_layers=120, n_estimators=10, n_trees=50; total=3192, TP=49, TN=3031, FP=9, FN=103; precision=0.845, recall=0.322
accuracy: (test=0.965) average_precision: (test=0.419) balanced_accuracy: (test=0.660) f1: (test=0.467) roc_auc: (test=0.714) 8.57min
[fit 198/210] END max_layers=120, n_estimators=10, n_trees=100; total=3192, TP=51, TN=3029, FP=11, FN=101; precision=0.823, recall=0.336
accuracy: (test=0.965) average_precision: (test=0.491) balanced_accuracy: (test=0.666) f1: (test=0.477) roc_auc: (test=0.777) 9.61min
[fit 200/210] END max_layers=120, n_estimators=10, n_trees=200; total=3192, TP=49, TN=3028, FP=12, FN=103; precision=0.803, recall=0.322
accuracy: (test=0.964) average_precision: (test=0.494) balanced_accuracy: (test=0.659) f1: (test=0.460) roc_auc: (test=0.780) 15.08min
[fit 202/210] END max_layers=120, n_estimators=10, n_trees=300; total=3192, TP=53, TN=3027, FP=13, FN=99; precision=0.803, recall=0.349
accuracy: (test=0.965) average_precision: (test=0.551) balanced_accuracy: (test=0.672) f1: (test=0.486) roc_auc: (test=0.844) 19.71min
[fit 204/210] END max_layers=120, n_estimators=13, n_trees=50; total=3192, TP=51, TN=3028, FP=12, FN=101; precision=0.810, recall=0.336
accuracy: (test=0.965) average_precision: (test=0.464) balanced_accuracy: (test=0.666) f1: (test=0.474) roc_auc: (test=0.750) 8.10min
[fit 205/210] END max_layers=120, n_estimators=13, n_trees=100; total=3192, TP=53, TN=3027, FP=13, FN=99; precision=0.803, recall=0.349
accuracy: (test=0.965) average_precision: (test=0.498) balanced_accuracy: (test=0.672) f1: (test=0.486) roc_auc: (test=0.781) 12.49min
[fit 206/210] END max_layers=120, n_estimators=13, n_trees=150; total=3192, TP=55, TN=3025, FP=15, FN=97; precision=0.786, recall=0.362
accuracy: (test=0.965) average_precision: (test=0.481) balanced_accuracy: (test=0.678) f1: (test=0.495) roc_auc: (test=0.766) 17.48min
[fit 208/210] END max_layers=120, n_estimators=13, n_trees=250; total=3192, TP=53, TN=3029, FP=11, FN=99; precision=0.828, recall=0.349
accuracy: (test=0.966) average_precision: (test=0.503) balanced_accuracy: (test=0.673) f1: (test=0.491) roc_auc: (test=0.777) 25.10min
[fit 210/210] END max_layers=120, n_estimators=13, n_trees=400; total=3192, TP=54, TN=3024, FP=16, FN=98; precision=0.771, recall=0.355
accuracy: (test=0.964) average_precision: (test=0.488) balanced_accuracy: (test=0.675) f1: (test=0.486) roc_auc: (test=0.766) 37.54min
write rank test to csv!!!
write over!!!
clf.best_estimator_params: {'max_layers': 10, 'n_estimators': 10, 'n_trees': 300}
best params found in line [28] for metric [roc_auc] in rank file
best params found in fit [27] for metric [roc_auc] in run_and_score file
clf.best_scoring_result: [Total: (test=3192) TP: (test=53.000) TN: (test=3027.000) FP: (test=13.000) FN: (test=99.000) precision: (test=0.803) recall: (test=0.349) accuracy: (test=0.965) average_precision: (test=0.551) balanced_accuracy: (test=0.672) f1: (test=0.486) roc_auc: (test=0.844) ]
total time spending: 22h 55m 48s
