nohup: ignoring input
experiment: NHEK cksnap_deepforest
trainSet len: 46280
testSet len: 2689
Fitting, totalling 210 fits
[fit 3/210] END max_layers=20, n_estimators=2, n_trees=150; total=2689, TP=96, TN=2556, FP=4, FN=33; precision=0.960, recall=0.744
accuracy: (test=0.986) average_precision: (test=0.873) balanced_accuracy: (test=0.871) f1: (test=0.838) roc_auc: (test=0.950) 1.37min
[fit 6/210] END max_layers=20, n_estimators=2, n_trees=300; total=2689, TP=90, TN=2558, FP=2, FN=39; precision=0.978, recall=0.698
accuracy: (test=0.985) average_precision: (test=0.857) balanced_accuracy: (test=0.848) f1: (test=0.814) roc_auc: (test=0.945) 3.04min
[fit 9/210] END max_layers=20, n_estimators=5, n_trees=100; total=2689, TP=96, TN=2555, FP=5, FN=33; precision=0.950, recall=0.744
accuracy: (test=0.986) average_precision: (test=0.867) balanced_accuracy: (test=0.871) f1: (test=0.835) roc_auc: (test=0.946) 2.11min
[fit 12/210] END max_layers=20, n_estimators=5, n_trees=250; total=2689, TP=92, TN=2557, FP=3, FN=37; precision=0.968, recall=0.713
accuracy: (test=0.985) average_precision: (test=0.851) balanced_accuracy: (test=0.856) f1: (test=0.821) roc_auc: (test=0.929) 5.28min
[fit 15/210] END max_layers=20, n_estimators=8, n_trees=50; total=2689, TP=97, TN=2550, FP=10, FN=32; precision=0.907, recall=0.752
accuracy: (test=0.984) average_precision: (test=0.811) balanced_accuracy: (test=0.874) f1: (test=0.822) roc_auc: (test=0.912) 2.67min
[fit 17/210] END max_layers=20, n_estimators=8, n_trees=150; total=2689, TP=95, TN=2556, FP=4, FN=34; precision=0.960, recall=0.736
accuracy: (test=0.986) average_precision: (test=0.847) balanced_accuracy: (test=0.867) f1: (test=0.833) roc_auc: (test=0.927) 4.53min
[fit 20/210] END max_layers=20, n_estimators=8, n_trees=300; total=2689, TP=97, TN=2553, FP=7, FN=32; precision=0.933, recall=0.752
accuracy: (test=0.985) average_precision: (test=0.877) balanced_accuracy: (test=0.875) f1: (test=0.833) roc_auc: (test=0.957) 7.51min
[fit 22/210] END max_layers=20, n_estimators=10, n_trees=50; total=2689, TP=97, TN=2551, FP=9, FN=32; precision=0.915, recall=0.752
accuracy: (test=0.985) average_precision: (test=0.818) balanced_accuracy: (test=0.874) f1: (test=0.826) roc_auc: (test=0.915) 3.37min
[fit 24/210] END max_layers=20, n_estimators=10, n_trees=150; total=2689, TP=94, TN=2556, FP=4, FN=35; precision=0.959, recall=0.729
accuracy: (test=0.985) average_precision: (test=0.840) balanced_accuracy: (test=0.864) f1: (test=0.828) roc_auc: (test=0.928) 5.92min
[fit 27/210] END max_layers=20, n_estimators=10, n_trees=300; total=2689, TP=92, TN=2557, FP=3, FN=37; precision=0.968, recall=0.713
accuracy: (test=0.985) average_precision: (test=0.827) balanced_accuracy: (test=0.856) f1: (test=0.821) roc_auc: (test=0.920) 12.32min
[fit 31/210] END max_layers=20, n_estimators=13, n_trees=150; total=2689, TP=90, TN=2557, FP=3, FN=39; precision=0.968, recall=0.698
accuracy: (test=0.984) average_precision: (test=0.827) balanced_accuracy: (test=0.848) f1: (test=0.811) roc_auc: (test=0.920) 8.77min
[fit 34/210] END max_layers=20, n_estimators=13, n_trees=300; total=2689, TP=91, TN=2556, FP=4, FN=38; precision=0.958, recall=0.705
accuracy: (test=0.984) average_precision: (test=0.832) balanced_accuracy: (test=0.852) f1: (test=0.812) roc_auc: (test=0.924) 13.62min
[fit 40/210] END max_layers=50, n_estimators=2, n_trees=250; total=2689, TP=92, TN=2554, FP=6, FN=37; precision=0.939, recall=0.713
accuracy: (test=0.984) average_precision: (test=0.876) balanced_accuracy: (test=0.855) f1: (test=0.811) roc_auc: (test=0.961) 2.28min
[fit 42/210] END max_layers=50, n_estimators=2, n_trees=400; total=2689, TP=92, TN=2555, FP=5, FN=37; precision=0.948, recall=0.713
accuracy: (test=0.984) average_precision: (test=0.881) balanced_accuracy: (test=0.856) f1: (test=0.814) roc_auc: (test=0.963) 3.42min
[fit 45/210] END max_layers=50, n_estimators=5, n_trees=150; total=2689, TP=93, TN=2554, FP=6, FN=36; precision=0.939, recall=0.721
accuracy: (test=0.984) average_precision: (test=0.863) balanced_accuracy: (test=0.859) f1: (test=0.816) roc_auc: (test=0.944) 3.10min
[fit 47/210] END max_layers=50, n_estimators=5, n_trees=250; total=2689, TP=92, TN=2557, FP=3, FN=37; precision=0.968, recall=0.713
accuracy: (test=0.985) average_precision: (test=0.851) balanced_accuracy: (test=0.856) f1: (test=0.821) roc_auc: (test=0.929) 5.28min
[fit 50/210] END max_layers=50, n_estimators=8, n_trees=50; total=2689, TP=97, TN=2550, FP=10, FN=32; precision=0.907, recall=0.752
accuracy: (test=0.984) average_precision: (test=0.811) balanced_accuracy: (test=0.874) f1: (test=0.822) roc_auc: (test=0.912) 2.62min
[fit 52/210] END max_layers=50, n_estimators=8, n_trees=150; total=2689, TP=95, TN=2556, FP=4, FN=34; precision=0.960, recall=0.736
accuracy: (test=0.986) average_precision: (test=0.847) balanced_accuracy: (test=0.867) f1: (test=0.833) roc_auc: (test=0.927) 4.47min
[fit 55/210] END max_layers=50, n_estimators=8, n_trees=300; total=2689, TP=97, TN=2553, FP=7, FN=32; precision=0.933, recall=0.752
accuracy: (test=0.985) average_precision: (test=0.877) balanced_accuracy: (test=0.875) f1: (test=0.833) roc_auc: (test=0.957) 7.33min
[fit 58/210] END max_layers=50, n_estimators=10, n_trees=100; total=2689, TP=95, TN=2555, FP=5, FN=34; precision=0.950, recall=0.736
accuracy: (test=0.985) average_precision: (test=0.843) balanced_accuracy: (test=0.867) f1: (test=0.830) roc_auc: (test=0.932) 4.17min
[fit 60/210] END max_layers=50, n_estimators=10, n_trees=200; total=2689, TP=93, TN=2557, FP=3, FN=36; precision=0.969, recall=0.721
accuracy: (test=0.985) average_precision: (test=0.847) balanced_accuracy: (test=0.860) f1: (test=0.827) roc_auc: (test=0.928) 7.41min
[fit 63/210] END max_layers=50, n_estimators=10, n_trees=400; total=2689, TP=90, TN=2557, FP=3, FN=39; precision=0.968, recall=0.698
accuracy: (test=0.984) average_precision: (test=0.816) balanced_accuracy: (test=0.848) f1: (test=0.811) roc_auc: (test=0.913) 15.72min
[fit 68/210] END max_layers=50, n_estimators=13, n_trees=250; total=2689, TP=94, TN=2555, FP=5, FN=35; precision=0.949, recall=0.729
accuracy: (test=0.985) average_precision: (test=0.851) balanced_accuracy: (test=0.863) f1: (test=0.825) roc_auc: (test=0.932) 11.41min
[fit 71/210] END max_layers=80, n_estimators=2, n_trees=50; total=2689, TP=95, TN=2552, FP=8, FN=34; precision=0.922, recall=0.736
accuracy: (test=0.984) average_precision: (test=0.856) balanced_accuracy: (test=0.867) f1: (test=0.819) roc_auc: (test=0.940) 36.99s
[fit 72/210] END max_layers=80, n_estimators=2, n_trees=100; total=2689, TP=95, TN=2555, FP=5, FN=34; precision=0.950, recall=0.736
accuracy: (test=0.985) average_precision: (test=0.871) balanced_accuracy: (test=0.867) f1: (test=0.830) roc_auc: (test=0.946) 1.02min
[fit 73/210] END max_layers=80, n_estimators=2, n_trees=150; total=2689, TP=96, TN=2556, FP=4, FN=33; precision=0.960, recall=0.744
accuracy: (test=0.986) average_precision: (test=0.873) balanced_accuracy: (test=0.871) f1: (test=0.838) roc_auc: (test=0.950) 1.43min
[fit 74/210] END max_layers=80, n_estimators=2, n_trees=200; total=2689, TP=96, TN=2552, FP=8, FN=33; precision=0.923, recall=0.744
accuracy: (test=0.985) average_precision: (test=0.881) balanced_accuracy: (test=0.871) f1: (test=0.824) roc_auc: (test=0.966) 1.49min
[fit 76/210] END max_layers=80, n_estimators=2, n_trees=300; total=2689, TP=90, TN=2558, FP=2, FN=39; precision=0.978, recall=0.698
accuracy: (test=0.985) average_precision: (test=0.857) balanced_accuracy: (test=0.848) f1: (test=0.814) roc_auc: (test=0.945) 3.06min
[fit 78/210] END max_layers=80, n_estimators=5, n_trees=50; total=2689, TP=96, TN=2551, FP=9, FN=33; precision=0.914, recall=0.744
accuracy: (test=0.984) average_precision: (test=0.812) balanced_accuracy: (test=0.870) f1: (test=0.821) roc_auc: (test=0.913) 1.77min
[fit 80/210] END max_layers=80, n_estimators=5, n_trees=150; total=2689, TP=93, TN=2554, FP=6, FN=36; precision=0.939, recall=0.721
accuracy: (test=0.984) average_precision: (test=0.863) balanced_accuracy: (test=0.859) f1: (test=0.816) roc_auc: (test=0.944) 3.01min
[fit 82/210] END max_layers=80, n_estimators=5, n_trees=250; total=2689, TP=92, TN=2557, FP=3, FN=37; precision=0.968, recall=0.713
accuracy: (test=0.985) average_precision: (test=0.851) balanced_accuracy: (test=0.856) f1: (test=0.821) roc_auc: (test=0.929) 5.24min[fit 2/210] END max_layers=20, n_estimators=2, n_trees=100; total=2689, TP=95, TN=2555, FP=5, FN=34; precision=0.950, recall=0.736
accuracy: (test=0.985) average_precision: (test=0.871) balanced_accuracy: (test=0.867) f1: (test=0.830) roc_auc: (test=0.946) 58.28s
[fit 5/210] END max_layers=20, n_estimators=2, n_trees=250; total=2689, TP=92, TN=2554, FP=6, FN=37; precision=0.939, recall=0.713
accuracy: (test=0.984) average_precision: (test=0.876) balanced_accuracy: (test=0.855) f1: (test=0.811) roc_auc: (test=0.961) 2.18min
[fit 8/210] END max_layers=20, n_estimators=5, n_trees=50; total=2689, TP=96, TN=2551, FP=9, FN=33; precision=0.914, recall=0.744
accuracy: (test=0.984) average_precision: (test=0.812) balanced_accuracy: (test=0.870) f1: (test=0.821) roc_auc: (test=0.913) 1.73min
[fit 10/210] END max_layers=20, n_estimators=5, n_trees=150; total=2689, TP=93, TN=2554, FP=6, FN=36; precision=0.939, recall=0.721
accuracy: (test=0.984) average_precision: (test=0.863) balanced_accuracy: (test=0.859) f1: (test=0.816) roc_auc: (test=0.944) 2.97min
[fit 13/210] END max_layers=20, n_estimators=5, n_trees=300; total=2689, TP=94, TN=2556, FP=4, FN=35; precision=0.959, recall=0.729
accuracy: (test=0.985) average_precision: (test=0.861) balanced_accuracy: (test=0.864) f1: (test=0.828) roc_auc: (test=0.939) 5.59min
[fit 16/210] END max_layers=20, n_estimators=8, n_trees=100; total=2689, TP=92, TN=2556, FP=4, FN=37; precision=0.958, recall=0.713
accuracy: (test=0.985) average_precision: (test=0.828) balanced_accuracy: (test=0.856) f1: (test=0.818) roc_auc: (test=0.924) 4.68min
[fit 19/210] END max_layers=20, n_estimators=8, n_trees=250; total=2689, TP=93, TN=2557, FP=3, FN=36; precision=0.969, recall=0.721
accuracy: (test=0.985) average_precision: (test=0.835) balanced_accuracy: (test=0.860) f1: (test=0.827) roc_auc: (test=0.920) 8.43min
[fit 23/210] END max_layers=20, n_estimators=10, n_trees=100; total=2689, TP=95, TN=2555, FP=5, FN=34; precision=0.950, recall=0.736
accuracy: (test=0.985) average_precision: (test=0.843) balanced_accuracy: (test=0.867) f1: (test=0.830) roc_auc: (test=0.932) 4.30min
[fit 25/210] END max_layers=20, n_estimators=10, n_trees=200; total=2689, TP=93, TN=2557, FP=3, FN=36; precision=0.969, recall=0.721
accuracy: (test=0.985) average_precision: (test=0.847) balanced_accuracy: (test=0.860) f1: (test=0.827) roc_auc: (test=0.928) 7.51min
[fit 28/210] END max_layers=20, n_estimators=10, n_trees=400; total=2689, TP=90, TN=2557, FP=3, FN=39; precision=0.968, recall=0.698
accuracy: (test=0.984) average_precision: (test=0.816) balanced_accuracy: (test=0.848) f1: (test=0.811) roc_auc: (test=0.913) 15.94min
[fit 33/210] END max_layers=20, n_estimators=13, n_trees=250; total=2689, TP=94, TN=2555, FP=5, FN=35; precision=0.949, recall=0.729
accuracy: (test=0.985) average_precision: (test=0.851) balanced_accuracy: (test=0.863) f1: (test=0.825) roc_auc: (test=0.932) 11.64min
[fit 36/210] END max_layers=50, n_estimators=2, n_trees=50; total=2689, TP=95, TN=2552, FP=8, FN=34; precision=0.922, recall=0.736
accuracy: (test=0.984) average_precision: (test=0.856) balanced_accuracy: (test=0.867) f1: (test=0.819) roc_auc: (test=0.940) 38.64s
[fit 37/210] END max_layers=50, n_estimators=2, n_trees=100; total=2689, TP=95, TN=2555, FP=5, FN=34; precision=0.950, recall=0.736
accuracy: (test=0.985) average_precision: (test=0.871) balanced_accuracy: (test=0.867) f1: (test=0.830) roc_auc: (test=0.946) 1.03min
[fit 38/210] END max_layers=50, n_estimators=2, n_trees=150; total=2689, TP=96, TN=2556, FP=4, FN=33; precision=0.960, recall=0.744
accuracy: (test=0.986) average_precision: (test=0.873) balanced_accuracy: (test=0.871) f1: (test=0.838) roc_auc: (test=0.950) 1.47min
[fit 39/210] END max_layers=50, n_estimators=2, n_trees=200; total=2689, TP=96, TN=2552, FP=8, FN=33; precision=0.923, recall=0.744
accuracy: (test=0.985) average_precision: (test=0.881) balanced_accuracy: (test=0.871) f1: (test=0.824) roc_auc: (test=0.966) 1.54min
[fit 41/210] END max_layers=50, n_estimators=2, n_trees=300; total=2689, TP=90, TN=2558, FP=2, FN=39; precision=0.978, recall=0.698
accuracy: (test=0.985) average_precision: (test=0.857) balanced_accuracy: (test=0.848) f1: (test=0.814) roc_auc: (test=0.945) 3.15min
[fit 43/210] END max_layers=50, n_estimators=5, n_trees=50; total=2689, TP=96, TN=2551, FP=9, FN=33; precision=0.914, recall=0.744
accuracy: (test=0.984) average_precision: (test=0.812) balanced_accuracy: (test=0.870) f1: (test=0.821) roc_auc: (test=0.913) 1.80min
[fit 44/210] END max_layers=50, n_estimators=5, n_trees=100; total=2689, TP=96, TN=2555, FP=5, FN=33; precision=0.950, recall=0.744
accuracy: (test=0.986) average_precision: (test=0.867) balanced_accuracy: (test=0.871) f1: (test=0.835) roc_auc: (test=0.946) 2.21min
[fit 46/210] END max_layers=50, n_estimators=5, n_trees=200; total=2689, TP=93, TN=2555, FP=5, FN=36; precision=0.949, recall=0.721
accuracy: (test=0.985) average_precision: (test=0.858) balanced_accuracy: (test=0.859) f1: (test=0.819) roc_auc: (test=0.945) 3.77min
[fit 49/210] END max_layers=50, n_estimators=5, n_trees=400; total=2689, TP=95, TN=2554, FP=6, FN=34; precision=0.941, recall=0.736
accuracy: (test=0.985) average_precision: (test=0.884) balanced_accuracy: (test=0.867) f1: (test=0.826) roc_auc: (test=0.971) 6.03min
[fit 53/210] END max_layers=50, n_estimators=8, n_trees=200; total=2689, TP=95, TN=2555, FP=5, FN=34; precision=0.950, recall=0.736
accuracy: (test=0.985) average_precision: (test=0.843) balanced_accuracy: (test=0.867) f1: (test=0.830) roc_auc: (test=0.931) 5.72min
[fit 56/210] END max_layers=50, n_estimators=8, n_trees=400; total=2689, TP=91, TN=2557, FP=3, FN=38; precision=0.968, recall=0.705
accuracy: (test=0.985) average_precision: (test=0.838) balanced_accuracy: (test=0.852) f1: (test=0.816) roc_auc: (test=0.930) 10.77min
[fit 61/210] END max_layers=50, n_estimators=10, n_trees=250; total=2689, TP=93, TN=2557, FP=3, FN=36; precision=0.969, recall=0.721
accuracy: (test=0.985) average_precision: (test=0.851) balanced_accuracy: (test=0.860) f1: (test=0.827) roc_auc: (test=0.932) 9.19min
[fit 64/210] END max_layers=50, n_estimators=13, n_trees=50; total=2689, TP=97, TN=2552, FP=8, FN=32; precision=0.924, recall=0.752
accuracy: (test=0.985) average_precision: (test=0.825) balanced_accuracy: (test=0.874) f1: (test=0.829) roc_auc: (test=0.920) 3.68min
[fit 65/210] END max_layers=50, n_estimators=13, n_trees=100; total=2689, TP=95, TN=2554, FP=6, FN=34; precision=0.941, recall=0.736
accuracy: (test=0.985) average_precision: (test=0.832) balanced_accuracy: (test=0.867) f1: (test=0.826) roc_auc: (test=0.924) 5.49min
[fit 67/210] END max_layers=50, n_estimators=13, n_trees=200; total=2689, TP=93, TN=2555, FP=5, FN=36; precision=0.949, recall=0.721
accuracy: (test=0.985) average_precision: (test=0.837) balanced_accuracy: (test=0.859) f1: (test=0.819) roc_auc: (test=0.928) 9.18min
[fit 70/210] END max_layers=50, n_estimators=13, n_trees=400; total=2689, TP=91, TN=2557, FP=3, FN=38; precision=0.968, recall=0.705
accuracy: (test=0.985) average_precision: (test=0.822) balanced_accuracy: (test=0.852) f1: (test=0.816) roc_auc: (test=0.917) 19.54min
[fit 83/210] END max_layers=80, n_estimators=5, n_trees=300; total=2689, TP=94, TN=2556, FP=4, FN=35; precision=0.959, recall=0.729
accuracy: (test=0.985) average_precision: (test=0.861) balanced_accuracy: (test=0.864) f1: (test=0.828) roc_auc: (test=0.939) 5.37min
[fit 86/210] END max_layers=80, n_estimators=8, n_trees=100; total=2689, TP=92, TN=2556, FP=4, FN=37; precision=0.958, recall=0.713
accuracy: (test=0.985) average_precision: (test=0.828) balanced_accuracy: (test=0.856) f1: (test=0.818) roc_auc: (test=0.924) 4.60min
[fit 89/210] END max_layers=80, n_estimators=8, n_trees=250; total=2689, TP=93, TN=2557, FP=3, FN=36; precision=0.969, recall=0.721
accuracy: (test=0.985) average_precision: (test=0.835) balanced_accuracy: (test=0.860) f1: (test=0.827) roc_auc: (test=0.920) 8.27min
[fit 92/210] END max_layers=80, n_estimators=10, n_trees=50; total=2689, TP=97, TN=2551, FP=9, FN=32; precision=0.915, recall=0.752
accuracy: (test=0.985) average_precision: (test=0.818) balanced_accuracy: (test=0.874) f1: (test=0.826) roc_auc: (test=0.915) 3.28min
[fit 1/210] END max_layers=20, n_estimators=2, n_trees=50; total=2689, TP=95, TN=2552, FP=8, FN=34; precision=0.922, recall=0.736
accuracy: (test=0.984) average_precision: (test=0.856) balanced_accuracy: (test=0.867) f1: (test=0.819) roc_auc: (test=0.940) 36.31s
[fit 4/210] END max_layers=20, n_estimators=2, n_trees=200; total=2689, TP=96, TN=2552, FP=8, FN=33; precision=0.923, recall=0.744
accuracy: (test=0.985) average_precision: (test=0.881) balanced_accuracy: (test=0.871) f1: (test=0.824) roc_auc: (test=0.966) 1.48min
[fit 7/210] END max_layers=20, n_estimators=2, n_trees=400; total=2689, TP=92, TN=2555, FP=5, FN=37; precision=0.948, recall=0.713
accuracy: (test=0.984) average_precision: (test=0.881) balanced_accuracy: (test=0.856) f1: (test=0.814) roc_auc: (test=0.963) 3.30min
[fit 11/210] END max_layers=20, n_estimators=5, n_trees=200; total=2689, TP=93, TN=2555, FP=5, FN=36; precision=0.949, recall=0.721
accuracy: (test=0.985) average_precision: (test=0.858) balanced_accuracy: (test=0.859) f1: (test=0.819) roc_auc: (test=0.945) 3.76min
[fit 14/210] END max_layers=20, n_estimators=5, n_trees=400; total=2689, TP=95, TN=2554, FP=6, FN=34; precision=0.941, recall=0.736
accuracy: (test=0.985) average_precision: (test=0.884) balanced_accuracy: (test=0.867) f1: (test=0.826) roc_auc: (test=0.971) 6.09min
[fit 18/210] END max_layers=20, n_estimators=8, n_trees=200; total=2689, TP=95, TN=2555, FP=5, FN=34; precision=0.950, recall=0.736
accuracy: (test=0.985) average_precision: (test=0.843) balanced_accuracy: (test=0.867) f1: (test=0.830) roc_auc: (test=0.931) 5.75min
[fit 21/210] END max_layers=20, n_estimators=8, n_trees=400; total=2689, TP=91, TN=2557, FP=3, FN=38; precision=0.968, recall=0.705
accuracy: (test=0.985) average_precision: (test=0.838) balanced_accuracy: (test=0.852) f1: (test=0.816) roc_auc: (test=0.930) 11.08min
[fit 26/210] END max_layers=20, n_estimators=10, n_trees=250; total=2689, TP=93, TN=2557, FP=3, FN=36; precision=0.969, recall=0.721
accuracy: (test=0.985) average_precision: (test=0.851) balanced_accuracy: (test=0.860) f1: (test=0.827) roc_auc: (test=0.932) 9.23min
[fit 29/210] END max_layers=20, n_estimators=13, n_trees=50; total=2689, TP=97, TN=2552, FP=8, FN=32; precision=0.924, recall=0.752
accuracy: (test=0.985) average_precision: (test=0.825) balanced_accuracy: (test=0.874) f1: (test=0.829) roc_auc: (test=0.920) 3.74min
[fit 30/210] END max_layers=20, n_estimators=13, n_trees=100; total=2689, TP=95, TN=2554, FP=6, FN=34; precision=0.941, recall=0.736
accuracy: (test=0.985) average_precision: (test=0.832) balanced_accuracy: (test=0.867) f1: (test=0.826) roc_auc: (test=0.924) 5.54min
[fit 32/210] END max_layers=20, n_estimators=13, n_trees=200; total=2689, TP=93, TN=2555, FP=5, FN=36; precision=0.949, recall=0.721
accuracy: (test=0.985) average_precision: (test=0.837) balanced_accuracy: (test=0.859) f1: (test=0.819) roc_auc: (test=0.928) 9.33min
[fit 35/210] END max_layers=20, n_estimators=13, n_trees=400; total=2689, TP=91, TN=2557, FP=3, FN=38; precision=0.968, recall=0.705
accuracy: (test=0.985) average_precision: (test=0.822) balanced_accuracy: (test=0.852) f1: (test=0.816) roc_auc: (test=0.917) 19.90min
[fit 48/210] END max_layers=50, n_estimators=5, n_trees=300; total=2689, TP=94, TN=2556, FP=4, FN=35; precision=0.959, recall=0.729
accuracy: (test=0.985) average_precision: (test=0.861) balanced_accuracy: (test=0.864) f1: (test=0.828) roc_auc: (test=0.939) 5.54min
[fit 51/210] END max_layers=50, n_estimators=8, n_trees=100; total=2689, TP=92, TN=2556, FP=4, FN=37; precision=0.958, recall=0.713
accuracy: (test=0.985) average_precision: (test=0.828) balanced_accuracy: (test=0.856) f1: (test=0.818) roc_auc: (test=0.924) 4.63min
[fit 54/210] END max_layers=50, n_estimators=8, n_trees=250; total=2689, TP=93, TN=2557, FP=3, FN=36; precision=0.969, recall=0.721
accuracy: (test=0.985) average_precision: (test=0.835) balanced_accuracy: (test=0.860) f1: (test=0.827) roc_auc: (test=0.920) 8.30min
[fit 57/210] END max_layers=50, n_estimators=10, n_trees=50; total=2689, TP=97, TN=2551, FP=9, FN=32; precision=0.915, recall=0.752
accuracy: (test=0.985) average_precision: (test=0.818) balanced_accuracy: (test=0.874) f1: (test=0.826) roc_auc: (test=0.915) 3.27min
[fit 59/210] END max_layers=50, n_estimators=10, n_trees=150; total=2689, TP=94, TN=2556, FP=4, FN=35; precision=0.959, recall=0.729
accuracy: (test=0.985) average_precision: (test=0.840) balanced_accuracy: (test=0.864) f1: (test=0.828) roc_auc: (test=0.928) 5.81min
[fit 62/210] END max_layers=50, n_estimators=10, n_trees=300; total=2689, TP=92, TN=2557, FP=3, FN=37; precision=0.968, recall=0.713
accuracy: (test=0.985) average_precision: (test=0.827) balanced_accuracy: (test=0.856) f1: (test=0.821) roc_auc: (test=0.920) 12.09min
[fit 66/210] END max_layers=50, n_estimators=13, n_trees=150; total=2689, TP=90, TN=2557, FP=3, FN=39; precision=0.968, recall=0.698
accuracy: (test=0.984) average_precision: (test=0.827) balanced_accuracy: (test=0.848) f1: (test=0.811) roc_auc: (test=0.920) 8.73min
[fit 69/210] END max_layers=50, n_estimators=13, n_trees=300; total=2689, TP=91, TN=2556, FP=4, FN=38; precision=0.958, recall=0.705
accuracy: (test=0.984) average_precision: (test=0.832) balanced_accuracy: (test=0.852) f1: (test=0.812) roc_auc: (test=0.924) 13.35min
[fit 75/210] END max_layers=80, n_estimators=2, n_trees=250; total=2689, TP=92, TN=2554, FP=6, FN=37; precision=0.939, recall=0.713
accuracy: (test=0.984) average_precision: (test=0.876) balanced_accuracy: (test=0.855) f1: (test=0.811) roc_auc: (test=0.961) 2.19min
[fit 77/210] END max_layers=80, n_estimators=2, n_trees=400; total=2689, TP=92, TN=2555, FP=5, FN=37; precision=0.948, recall=0.713
accuracy: (test=0.984) average_precision: (test=0.881) balanced_accuracy: (test=0.856) f1: (test=0.814) roc_auc: (test=0.963) 3.35min
[fit 79/210] END max_layers=80, n_estimators=5, n_trees=100; total=2689, TP=96, TN=2555, FP=5, FN=33; precision=0.950, recall=0.744
accuracy: (test=0.986) average_precision: (test=0.867) balanced_accuracy: (test=0.871) f1: (test=0.835) roc_auc: (test=0.946) 2.23min
[fit 81/210] END max_layers=80, n_estimators=5, n_trees=200; total=2689, TP=93, TN=2555, FP=5, FN=36; precision=0.949, recall=0.721
accuracy: (test=0.985) average_precision: (test=0.858) balanced_accuracy: (test=0.859) f1: (test=0.819) roc_auc: (test=0.945) 3.69min
[fit 84/210] END max_layers=80, n_estimators=5, n_trees=400; total=2689, TP=95, TN=2554, FP=6, FN=34; precision=0.941, recall=0.736
accuracy: (test=0.985) average_precision: (test=0.884) balanced_accuracy: (test=0.867) f1: (test=0.826) roc_auc: (test=0.971) 5.95min
[fit 88/210] END max_layers=80, n_estimators=8, n_trees=200; total=2689, TP=95, TN=2555, FP=5, FN=34; precision=0.950, recall=0.736
accuracy: (test=0.985) average_precision: (test=0.843) balanced_accuracy: (test=0.867) f1: (test=0.830) roc_auc: (test=0.931) 5.68min
[fit 91/210] END max_layers=80, n_estimators=8, n_trees=400; total=2689, TP=91, TN=2557, FP=3, FN=38; precision=0.968, recall=0.705
accuracy: (test=0.985) average_precision: (test=0.838) balanced_accuracy: (test=0.852) f1: (test=0.816) roc_auc: (test=0.930) 10.71min
[fit 96/210] END max_layers=80, n_estimators=10, n_trees=250; total=2689, TP=93, TN=2557, FP=3, FN=36; precision=0.969, recall=0.721
accuracy: (test=0.985) average_precision: (test=0.851) balanced_accuracy: (test=0.860) f1: (test=0.827) roc_auc: (test=0.932) 9.07min
[fit 99/210] END max_layers=80, n_estimators=13, n_trees=50; total=2689, TP=97, TN=2552, FP=8, FN=32; precision=0.924, recall=0.752
accuracy: (test=0.985) average_precision: (test=0.825) balanced_accuracy: (test=0.874) f1: (test=0.829) roc_auc: (test=0.920) 3.71min
[fit 100/210] END max_layers=80, n_estimators=13, n_trees=100; total=2689, TP=95, TN=2554, FP=6, FN=34; precision=0.941, recall=0.736
accuracy: (test=0.985) average_precision: (test=0.832) balanced_accuracy: (test=0.867) f1: (test=0.826) roc_auc: (test=0.924) 5.36min
[fit 102/210] END max_layers=80, n_estimators=13, n_trees=200; total=2689, TP=93, TN=2555, FP=5, FN=36; precision=0.949, recall=0.721
accuracy: (test=0.985) average_precision: (test=0.837) balanced_accuracy: (test=0.859) f1: (test=0.819) roc_auc: (test=0.928) 9.16min
[fit 85/210] END max_layers=80, n_estimators=8, n_trees=50; total=2689, TP=97, TN=2550, FP=10, FN=32; precision=0.907, recall=0.752
accuracy: (test=0.984) average_precision: (test=0.811) balanced_accuracy: (test=0.874) f1: (test=0.822) roc_auc: (test=0.912) 2.63min
[fit 87/210] END max_layers=80, n_estimators=8, n_trees=150; total=2689, TP=95, TN=2556, FP=4, FN=34; precision=0.960, recall=0.736
accuracy: (test=0.986) average_precision: (test=0.847) balanced_accuracy: (test=0.867) f1: (test=0.833) roc_auc: (test=0.927) 4.34min
[fit 90/210] END max_layers=80, n_estimators=8, n_trees=300; total=2689, TP=97, TN=2553, FP=7, FN=32; precision=0.933, recall=0.752
accuracy: (test=0.985) average_precision: (test=0.877) balanced_accuracy: (test=0.875) f1: (test=0.833) roc_auc: (test=0.957) 7.25min
[fit 93/210] END max_layers=80, n_estimators=10, n_trees=100; total=2689, TP=95, TN=2555, FP=5, FN=34; precision=0.950, recall=0.736
accuracy: (test=0.985) average_precision: (test=0.843) balanced_accuracy: (test=0.867) f1: (test=0.830) roc_auc: (test=0.932) 4.13min
[fit 95/210] END max_layers=80, n_estimators=10, n_trees=200; total=2689, TP=93, TN=2557, FP=3, FN=36; precision=0.969, recall=0.721
accuracy: (test=0.985) average_precision: (test=0.847) balanced_accuracy: (test=0.860) f1: (test=0.827) roc_auc: (test=0.928) 7.31min
[fit 98/210] END max_layers=80, n_estimators=10, n_trees=400; total=2689, TP=90, TN=2557, FP=3, FN=39; precision=0.968, recall=0.698
accuracy: (test=0.984) average_precision: (test=0.816) balanced_accuracy: (test=0.848) f1: (test=0.811) roc_auc: (test=0.913) 15.47min
[fit 103/210] END max_layers=80, n_estimators=13, n_trees=250; total=2689, TP=94, TN=2555, FP=5, FN=35; precision=0.949, recall=0.729
accuracy: (test=0.985) average_precision: (test=0.851) balanced_accuracy: (test=0.863) f1: (test=0.825) roc_auc: (test=0.932) 11.40min
[fit 106/210] END max_layers=120, n_estimators=2, n_trees=50; total=2689, TP=95, TN=2552, FP=8, FN=34; precision=0.922, recall=0.736
accuracy: (test=0.984) average_precision: (test=0.856) balanced_accuracy: (test=0.867) f1: (test=0.819) roc_auc: (test=0.940) 37.43s
[fit 107/210] END max_layers=120, n_estimators=2, n_trees=100; total=2689, TP=95, TN=2555, FP=5, FN=34; precision=0.950, recall=0.736
accuracy: (test=0.985) average_precision: (test=0.871) balanced_accuracy: (test=0.867) f1: (test=0.830) roc_auc: (test=0.946) 1.03min
[fit 108/210] END max_layers=120, n_estimators=2, n_trees=150; total=2689, TP=96, TN=2556, FP=4, FN=33; precision=0.960, recall=0.744
accuracy: (test=0.986) average_precision: (test=0.873) balanced_accuracy: (test=0.871) f1: (test=0.838) roc_auc: (test=0.950) 1.46min
[fit 109/210] END max_layers=120, n_estimators=2, n_trees=200; total=2689, TP=96, TN=2552, FP=8, FN=33; precision=0.923, recall=0.744
accuracy: (test=0.985) average_precision: (test=0.881) balanced_accuracy: (test=0.871) f1: (test=0.824) roc_auc: (test=0.966) 1.56min
[fit 110/210] END max_layers=120, n_estimators=2, n_trees=250; total=2689, TP=92, TN=2554, FP=6, FN=37; precision=0.939, recall=0.713
accuracy: (test=0.984) average_precision: (test=0.876) balanced_accuracy: (test=0.855) f1: (test=0.811) roc_auc: (test=0.961) 2.30min
[fit 112/210] END max_layers=120, n_estimators=2, n_trees=400; total=2689, TP=92, TN=2555, FP=5, FN=37; precision=0.948, recall=0.713
accuracy: (test=0.984) average_precision: (test=0.881) balanced_accuracy: (test=0.856) f1: (test=0.814) roc_auc: (test=0.963) 3.34min
[fit 115/210] END max_layers=120, n_estimators=5, n_trees=150; total=2689, TP=93, TN=2554, FP=6, FN=36; precision=0.939, recall=0.721
accuracy: (test=0.984) average_precision: (test=0.863) balanced_accuracy: (test=0.859) f1: (test=0.816) roc_auc: (test=0.944) 3.03min
[fit 117/210] END max_layers=120, n_estimators=5, n_trees=250; total=2689, TP=92, TN=2557, FP=3, FN=37; precision=0.968, recall=0.713
accuracy: (test=0.985) average_precision: (test=0.851) balanced_accuracy: (test=0.856) f1: (test=0.821) roc_auc: (test=0.929) 5.21min
[fit 120/210] END max_layers=120, n_estimators=8, n_trees=50; total=2689, TP=97, TN=2550, FP=10, FN=32; precision=0.907, recall=0.752
accuracy: (test=0.984) average_precision: (test=0.811) balanced_accuracy: (test=0.874) f1: (test=0.822) roc_auc: (test=0.912) 2.64min
[fit 122/210] END max_layers=120, n_estimators=8, n_trees=150; total=2689, TP=95, TN=2556, FP=4, FN=34; precision=0.960, recall=0.736
accuracy: (test=0.986) average_precision: (test=0.847) balanced_accuracy: (test=0.867) f1: (test=0.833) roc_auc: (test=0.927) 4.45min
[fit 125/210] END max_layers=120, n_estimators=8, n_trees=300; total=2689, TP=97, TN=2553, FP=7, FN=32; precision=0.933, recall=0.752
accuracy: (test=0.985) average_precision: (test=0.877) balanced_accuracy: (test=0.875) f1: (test=0.833) roc_auc: (test=0.957) 7.34min
[fit 128/210] END max_layers=120, n_estimators=10, n_trees=100; total=2689, TP=95, TN=2555, FP=5, FN=34; precision=0.950, recall=0.736
accuracy: (test=0.985) average_precision: (test=0.843) balanced_accuracy: (test=0.867) f1: (test=0.830) roc_auc: (test=0.932) 4.11min
[fit 130/210] END max_layers=120, n_estimators=10, n_trees=200; total=2689, TP=93, TN=2557, FP=3, FN=36; precision=0.969, recall=0.721
accuracy: (test=0.985) average_precision: (test=0.847) balanced_accuracy: (test=0.860) f1: (test=0.827) roc_auc: (test=0.928) 7.43min
[fit 133/210] END max_layers=120, n_estimators=10, n_trees=400; total=2689, TP=90, TN=2557, FP=3, FN=39; precision=0.968, recall=0.698
accuracy: (test=0.984) average_precision: (test=0.816) balanced_accuracy: (test=0.848) f1: (test=0.811) roc_auc: (test=0.913) 15.41min
[fit 138/210] END max_layers=120, n_estimators=13, n_trees=250; total=2689, TP=94, TN=2555, FP=5, FN=35; precision=0.949, recall=0.729
accuracy: (test=0.985) average_precision: (test=0.851) balanced_accuracy: (test=0.863) f1: (test=0.825) roc_auc: (test=0.932) 11.35min
[fit 141/210] END max_layers=150, n_estimators=2, n_trees=50; total=2689, TP=95, TN=2552, FP=8, FN=34; precision=0.922, recall=0.736
accuracy: (test=0.984) average_precision: (test=0.856) balanced_accuracy: (test=0.867) f1: (test=0.819) roc_auc: (test=0.940) 38.25s
[fit 142/210] END max_layers=150, n_estimators=2, n_trees=100; total=2689, TP=95, TN=2555, FP=5, FN=34; precision=0.950, recall=0.736
accuracy: (test=0.985) average_precision: (test=0.871) balanced_accuracy: (test=0.867) f1: (test=0.830) roc_auc: (test=0.946) 1.03min
[fit 143/210] END max_layers=150, n_estimators=2, n_trees=150; total=2689, TP=96, TN=2556, FP=4, FN=33; precision=0.960, recall=0.744
accuracy: (test=0.986) average_precision: (test=0.873) balanced_accuracy: (test=0.871) f1: (test=0.838) roc_auc: (test=0.950) 1.45min
[fit 144/210] END max_layers=150, n_estimators=2, n_trees=200; total=2689, TP=96, TN=2552, FP=8, FN=33; precision=0.923, recall=0.744
accuracy: (test=0.985) average_precision: (test=0.881) balanced_accuracy: (test=0.871) f1: (test=0.824) roc_auc: (test=0.966) 1.52min
[fit 146/210] END max_layers=150, n_estimators=2, n_trees=300; total=2689, TP=90, TN=2558, FP=2, FN=39; precision=0.978, recall=0.698
accuracy: (test=0.985) average_precision: (test=0.857) balanced_accuracy: (test=0.848) f1: (test=0.814) roc_auc: (test=0.945) 3.08min
[fit 148/210] END max_layers=150, n_estimators=5, n_trees=50; total=2689, TP=96, TN=2551, FP=9, FN=33; precision=0.914, recall=0.744
accuracy: (test=0.984) average_precision: (test=0.812) balanced_accuracy: (test=0.870) f1: (test=0.821) roc_auc: (test=0.913) 1.75min
[fit 149/210] END max_layers=150, n_estimators=5, n_trees=100; total=2689, TP=96, TN=2555, FP=5, FN=33; precision=0.950, recall=0.744
accuracy: (test=0.986) average_precision: (test=0.867) balanced_accuracy: (test=0.871) f1: (test=0.835) roc_auc: (test=0.946) 2.21min
[fit 151/210] END max_layers=150, n_estimators=5, n_trees=200; total=2689, TP=93, TN=2555, FP=5, FN=36; precision=0.949, recall=0.721
accuracy: (test=0.985) average_precision: (test=0.858) balanced_accuracy: (test=0.859) f1: (test=0.819) roc_auc: (test=0.945) 3.70min
[fit 154/210] END max_layers=150, n_estimators=5, n_trees=400; total=2689, TP=95, TN=2554, FP=6, FN=34; precision=0.941, recall=0.736
accuracy: (test=0.985) average_precision: (test=0.884) balanced_accuracy: (test=0.867) f1: (test=0.826) roc_auc: (test=0.971) 5.89min
[fit 94/210] END max_layers=80, n_estimators=10, n_trees=150; total=2689, TP=94, TN=2556, FP=4, FN=35; precision=0.959, recall=0.729
accuracy: (test=0.985) average_precision: (test=0.840) balanced_accuracy: (test=0.864) f1: (test=0.828) roc_auc: (test=0.928) 5.85min
[fit 97/210] END max_layers=80, n_estimators=10, n_trees=300; total=2689, TP=92, TN=2557, FP=3, FN=37; precision=0.968, recall=0.713
accuracy: (test=0.985) average_precision: (test=0.827) balanced_accuracy: (test=0.856) f1: (test=0.821) roc_auc: (test=0.920) 12.15min
[fit 101/210] END max_layers=80, n_estimators=13, n_trees=150; total=2689, TP=90, TN=2557, FP=3, FN=39; precision=0.968, recall=0.698
accuracy: (test=0.984) average_precision: (test=0.827) balanced_accuracy: (test=0.848) f1: (test=0.811) roc_auc: (test=0.920) 8.56min
[fit 104/210] END max_layers=80, n_estimators=13, n_trees=300; total=2689, TP=91, TN=2556, FP=4, FN=38; precision=0.958, recall=0.705
accuracy: (test=0.984) average_precision: (test=0.832) balanced_accuracy: (test=0.852) f1: (test=0.812) roc_auc: (test=0.924) 13.38min
[fit 111/210] END max_layers=120, n_estimators=2, n_trees=300; total=2689, TP=90, TN=2558, FP=2, FN=39; precision=0.978, recall=0.698
accuracy: (test=0.985) average_precision: (test=0.857) balanced_accuracy: (test=0.848) f1: (test=0.814) roc_auc: (test=0.945) 3.09min
[fit 113/210] END max_layers=120, n_estimators=5, n_trees=50; total=2689, TP=96, TN=2551, FP=9, FN=33; precision=0.914, recall=0.744
accuracy: (test=0.984) average_precision: (test=0.812) balanced_accuracy: (test=0.870) f1: (test=0.821) roc_auc: (test=0.913) 1.76min
[fit 114/210] END max_layers=120, n_estimators=5, n_trees=100; total=2689, TP=96, TN=2555, FP=5, FN=33; precision=0.950, recall=0.744
accuracy: (test=0.986) average_precision: (test=0.867) balanced_accuracy: (test=0.871) f1: (test=0.835) roc_auc: (test=0.946) 2.21min
[fit 116/210] END max_layers=120, n_estimators=5, n_trees=200; total=2689, TP=93, TN=2555, FP=5, FN=36; precision=0.949, recall=0.721
accuracy: (test=0.985) average_precision: (test=0.858) balanced_accuracy: (test=0.859) f1: (test=0.819) roc_auc: (test=0.945) 3.70min
[fit 119/210] END max_layers=120, n_estimators=5, n_trees=400; total=2689, TP=95, TN=2554, FP=6, FN=34; precision=0.941, recall=0.736
accuracy: (test=0.985) average_precision: (test=0.884) balanced_accuracy: (test=0.867) f1: (test=0.826) roc_auc: (test=0.971) 6.00min
[fit 123/210] END max_layers=120, n_estimators=8, n_trees=200; total=2689, TP=95, TN=2555, FP=5, FN=34; precision=0.950, recall=0.736
accuracy: (test=0.985) average_precision: (test=0.843) balanced_accuracy: (test=0.867) f1: (test=0.830) roc_auc: (test=0.931) 5.63min
[fit 126/210] END max_layers=120, n_estimators=8, n_trees=400; total=2689, TP=91, TN=2557, FP=3, FN=38; precision=0.968, recall=0.705
accuracy: (test=0.985) average_precision: (test=0.838) balanced_accuracy: (test=0.852) f1: (test=0.816) roc_auc: (test=0.930) 10.62min
[fit 131/210] END max_layers=120, n_estimators=10, n_trees=250; total=2689, TP=93, TN=2557, FP=3, FN=36; precision=0.969, recall=0.721
accuracy: (test=0.985) average_precision: (test=0.851) balanced_accuracy: (test=0.860) f1: (test=0.827) roc_auc: (test=0.932) 9.14min
[fit 134/210] END max_layers=120, n_estimators=13, n_trees=50; total=2689, TP=97, TN=2552, FP=8, FN=32; precision=0.924, recall=0.752
accuracy: (test=0.985) average_precision: (test=0.825) balanced_accuracy: (test=0.874) f1: (test=0.829) roc_auc: (test=0.920) 3.70min
[fit 135/210] END max_layers=120, n_estimators=13, n_trees=100; total=2689, TP=95, TN=2554, FP=6, FN=34; precision=0.941, recall=0.736
accuracy: (test=0.985) average_precision: (test=0.832) balanced_accuracy: (test=0.867) f1: (test=0.826) roc_auc: (test=0.924) 5.38min
[fit 137/210] END max_layers=120, n_estimators=13, n_trees=200; total=2689, TP=93, TN=2555, FP=5, FN=36; precision=0.949, recall=0.721
accuracy: (test=0.985) average_precision: (test=0.837) balanced_accuracy: (test=0.859) f1: (test=0.819) roc_auc: (test=0.928) 9.26min
[fit 140/210] END max_layers=120, n_estimators=13, n_trees=400; total=2689, TP=91, TN=2557, FP=3, FN=38; precision=0.968, recall=0.705
accuracy: (test=0.985) average_precision: (test=0.822) balanced_accuracy: (test=0.852) f1: (test=0.816) roc_auc: (test=0.917) 19.72min
[fit 153/210] END max_layers=150, n_estimators=5, n_trees=300; total=2689, TP=94, TN=2556, FP=4, FN=35; precision=0.959, recall=0.729
accuracy: (test=0.985) average_precision: (test=0.861) balanced_accuracy: (test=0.864) f1: (test=0.828) roc_auc: (test=0.939) 5.48min
[fit 156/210] END max_layers=150, n_estimators=8, n_trees=100; total=2689, TP=92, TN=2556, FP=4, FN=37; precision=0.958, recall=0.713
accuracy: (test=0.985) average_precision: (test=0.828) balanced_accuracy: (test=0.856) f1: (test=0.818) roc_auc: (test=0.924) 4.62min
[fit 159/210] END max_layers=150, n_estimators=8, n_trees=250; total=2689, TP=93, TN=2557, FP=3, FN=36; precision=0.969, recall=0.721
accuracy: (test=0.985) average_precision: (test=0.835) balanced_accuracy: (test=0.860) f1: (test=0.827) roc_auc: (test=0.920) 8.14min
[fit 162/210] END max_layers=150, n_estimators=10, n_trees=50; total=2689, TP=97, TN=2551, FP=9, FN=32; precision=0.915, recall=0.752
accuracy: (test=0.985) average_precision: (test=0.818) balanced_accuracy: (test=0.874) f1: (test=0.826) roc_auc: (test=0.915) 3.27min
[fit 164/210] END max_layers=150, n_estimators=10, n_trees=150; total=2689, TP=94, TN=2556, FP=4, FN=35; precision=0.959, recall=0.729
accuracy: (test=0.985) average_precision: (test=0.840) balanced_accuracy: (test=0.864) f1: (test=0.828) roc_auc: (test=0.928) 5.77min
[fit 167/210] END max_layers=150, n_estimators=10, n_trees=300; total=2689, TP=92, TN=2557, FP=3, FN=37; precision=0.968, recall=0.713
accuracy: (test=0.985) average_precision: (test=0.827) balanced_accuracy: (test=0.856) f1: (test=0.821) roc_auc: (test=0.920) 12.12min
[fit 171/210] END max_layers=150, n_estimators=13, n_trees=150; total=2689, TP=90, TN=2557, FP=3, FN=39; precision=0.968, recall=0.698
accuracy: (test=0.984) average_precision: (test=0.827) balanced_accuracy: (test=0.848) f1: (test=0.811) roc_auc: (test=0.920) 8.77min
[fit 174/210] END max_layers=150, n_estimators=13, n_trees=300; total=2689, TP=91, TN=2556, FP=4, FN=38; precision=0.958, recall=0.705
accuracy: (test=0.984) average_precision: (test=0.832) balanced_accuracy: (test=0.852) f1: (test=0.812) roc_auc: (test=0.924) 13.31min
[fit 180/210] END max_layers=200, n_estimators=2, n_trees=250; total=2689, TP=92, TN=2554, FP=6, FN=37; precision=0.939, recall=0.713
accuracy: (test=0.984) average_precision: (test=0.876) balanced_accuracy: (test=0.855) f1: (test=0.811) roc_auc: (test=0.961) 2.20min
[fit 182/210] END max_layers=200, n_estimators=2, n_trees=400; total=2689, TP=92, TN=2555, FP=5, FN=37; precision=0.948, recall=0.713
accuracy: (test=0.984) average_precision: (test=0.881) balanced_accuracy: (test=0.856) f1: (test=0.814) roc_auc: (test=0.963) 3.31min
[fit 185/210] END max_layers=200, n_estimators=5, n_trees=150; total=2689, TP=93, TN=2554, FP=6, FN=36; precision=0.939, recall=0.721
accuracy: (test=0.984) average_precision: (test=0.863) balanced_accuracy: (test=0.859) f1: (test=0.816) roc_auc: (test=0.944) 3.01min
[fit 187/210] END max_layers=200, n_estimators=5, n_trees=250; total=2689, TP=92, TN=2557, FP=3, FN=37; precision=0.968, recall=0.713
accuracy: (test=0.985) average_precision: (test=0.851) balanced_accuracy: (test=0.856) f1: (test=0.821) roc_auc: (test=0.929) 5.17min
[fit 190/210] END max_layers=200, n_estimators=8, n_trees=50; total=2689, TP=97, TN=2550, FP=10, FN=32; precision=0.907, recall=0.752
accuracy: (test=0.984) average_precision: (test=0.811) balanced_accuracy: (test=0.874) f1: (test=0.822) roc_auc: (test=0.912) 2.58min
[fit 192/210] END max_layers=200, n_estimators=8, n_trees=150; total=2689, TP=95, TN=2556, FP=4, FN=34; precision=0.960, recall=0.736
accuracy: (test=0.986) average_precision: (test=0.847) balanced_accuracy: (test=0.867) f1: (test=0.833) roc_auc: (test=0.927) 4.42min
[fit 195/210] END max_layers=200, n_estimators=8, n_trees=300; total=2689, TP=97, TN=2553, FP=7, FN=32; precision=0.933, recall=0.752
accuracy: (test=0.985) average_precision: (test=0.877) balanced_accuracy: (test=0.875) f1: (test=0.833) roc_auc: (test=0.957) 7.23min
[fit 105/210] END max_layers=80, n_estimators=13, n_trees=400; total=2689, TP=91, TN=2557, FP=3, FN=38; precision=0.968, recall=0.705
accuracy: (test=0.985) average_precision: (test=0.822) balanced_accuracy: (test=0.852) f1: (test=0.816) roc_auc: (test=0.917) 19.64min
[fit 118/210] END max_layers=120, n_estimators=5, n_trees=300; total=2689, TP=94, TN=2556, FP=4, FN=35; precision=0.959, recall=0.729
accuracy: (test=0.985) average_precision: (test=0.861) balanced_accuracy: (test=0.864) f1: (test=0.828) roc_auc: (test=0.939) 5.49min
[fit 121/210] END max_layers=120, n_estimators=8, n_trees=100; total=2689, TP=92, TN=2556, FP=4, FN=37; precision=0.958, recall=0.713
accuracy: (test=0.985) average_precision: (test=0.828) balanced_accuracy: (test=0.856) f1: (test=0.818) roc_auc: (test=0.924) 4.56min
[fit 124/210] END max_layers=120, n_estimators=8, n_trees=250; total=2689, TP=93, TN=2557, FP=3, FN=36; precision=0.969, recall=0.721
accuracy: (test=0.985) average_precision: (test=0.835) balanced_accuracy: (test=0.860) f1: (test=0.827) roc_auc: (test=0.920) 8.25min
[fit 127/210] END max_layers=120, n_estimators=10, n_trees=50; total=2689, TP=97, TN=2551, FP=9, FN=32; precision=0.915, recall=0.752
accuracy: (test=0.985) average_precision: (test=0.818) balanced_accuracy: (test=0.874) f1: (test=0.826) roc_auc: (test=0.915) 3.27min
[fit 129/210] END max_layers=120, n_estimators=10, n_trees=150; total=2689, TP=94, TN=2556, FP=4, FN=35; precision=0.959, recall=0.729
accuracy: (test=0.985) average_precision: (test=0.840) balanced_accuracy: (test=0.864) f1: (test=0.828) roc_auc: (test=0.928) 5.82min
[fit 132/210] END max_layers=120, n_estimators=10, n_trees=300; total=2689, TP=92, TN=2557, FP=3, FN=37; precision=0.968, recall=0.713
accuracy: (test=0.985) average_precision: (test=0.827) balanced_accuracy: (test=0.856) f1: (test=0.821) roc_auc: (test=0.920) 12.08min
[fit 136/210] END max_layers=120, n_estimators=13, n_trees=150; total=2689, TP=90, TN=2557, FP=3, FN=39; precision=0.968, recall=0.698
accuracy: (test=0.984) average_precision: (test=0.827) balanced_accuracy: (test=0.848) f1: (test=0.811) roc_auc: (test=0.920) 8.66min
[fit 139/210] END max_layers=120, n_estimators=13, n_trees=300; total=2689, TP=91, TN=2556, FP=4, FN=38; precision=0.958, recall=0.705
accuracy: (test=0.984) average_precision: (test=0.832) balanced_accuracy: (test=0.852) f1: (test=0.812) roc_auc: (test=0.924) 13.20min
[fit 145/210] END max_layers=150, n_estimators=2, n_trees=250; total=2689, TP=92, TN=2554, FP=6, FN=37; precision=0.939, recall=0.713
accuracy: (test=0.984) average_precision: (test=0.876) balanced_accuracy: (test=0.855) f1: (test=0.811) roc_auc: (test=0.961) 2.21min
[fit 147/210] END max_layers=150, n_estimators=2, n_trees=400; total=2689, TP=92, TN=2555, FP=5, FN=37; precision=0.948, recall=0.713
accuracy: (test=0.984) average_precision: (test=0.881) balanced_accuracy: (test=0.856) f1: (test=0.814) roc_auc: (test=0.963) 3.28min
[fit 150/210] END max_layers=150, n_estimators=5, n_trees=150; total=2689, TP=93, TN=2554, FP=6, FN=36; precision=0.939, recall=0.721
accuracy: (test=0.984) average_precision: (test=0.863) balanced_accuracy: (test=0.859) f1: (test=0.816) roc_auc: (test=0.944) 3.01min
[fit 152/210] END max_layers=150, n_estimators=5, n_trees=250; total=2689, TP=92, TN=2557, FP=3, FN=37; precision=0.968, recall=0.713
accuracy: (test=0.985) average_precision: (test=0.851) balanced_accuracy: (test=0.856) f1: (test=0.821) roc_auc: (test=0.929) 5.21min
[fit 155/210] END max_layers=150, n_estimators=8, n_trees=50; total=2689, TP=97, TN=2550, FP=10, FN=32; precision=0.907, recall=0.752
accuracy: (test=0.984) average_precision: (test=0.811) balanced_accuracy: (test=0.874) f1: (test=0.822) roc_auc: (test=0.912) 2.58min
[fit 157/210] END max_layers=150, n_estimators=8, n_trees=150; total=2689, TP=95, TN=2556, FP=4, FN=34; precision=0.960, recall=0.736
accuracy: (test=0.986) average_precision: (test=0.847) balanced_accuracy: (test=0.867) f1: (test=0.833) roc_auc: (test=0.927) 4.48min
[fit 160/210] END max_layers=150, n_estimators=8, n_trees=300; total=2689, TP=97, TN=2553, FP=7, FN=32; precision=0.933, recall=0.752
accuracy: (test=0.985) average_precision: (test=0.877) balanced_accuracy: (test=0.875) f1: (test=0.833) roc_auc: (test=0.957) 7.29min
[fit 163/210] END max_layers=150, n_estimators=10, n_trees=100; total=2689, TP=95, TN=2555, FP=5, FN=34; precision=0.950, recall=0.736
accuracy: (test=0.985) average_precision: (test=0.843) balanced_accuracy: (test=0.867) f1: (test=0.830) roc_auc: (test=0.932) 4.17min
[fit 165/210] END max_layers=150, n_estimators=10, n_trees=200; total=2689, TP=93, TN=2557, FP=3, FN=36; precision=0.969, recall=0.721
accuracy: (test=0.985) average_precision: (test=0.847) balanced_accuracy: (test=0.860) f1: (test=0.827) roc_auc: (test=0.928) 7.46min
[fit 168/210] END max_layers=150, n_estimators=10, n_trees=400; total=2689, TP=90, TN=2557, FP=3, FN=39; precision=0.968, recall=0.698
accuracy: (test=0.984) average_precision: (test=0.816) balanced_accuracy: (test=0.848) f1: (test=0.811) roc_auc: (test=0.913) 15.65min
[fit 173/210] END max_layers=150, n_estimators=13, n_trees=250; total=2689, TP=94, TN=2555, FP=5, FN=35; precision=0.949, recall=0.729
accuracy: (test=0.985) average_precision: (test=0.851) balanced_accuracy: (test=0.863) f1: (test=0.825) roc_auc: (test=0.932) 11.39min
[fit 176/210] END max_layers=200, n_estimators=2, n_trees=50; total=2689, TP=95, TN=2552, FP=8, FN=34; precision=0.922, recall=0.736
accuracy: (test=0.984) average_precision: (test=0.856) balanced_accuracy: (test=0.867) f1: (test=0.819) roc_auc: (test=0.940) 38.69s
[fit 177/210] END max_layers=200, n_estimators=2, n_trees=100; total=2689, TP=95, TN=2555, FP=5, FN=34; precision=0.950, recall=0.736
accuracy: (test=0.985) average_precision: (test=0.871) balanced_accuracy: (test=0.867) f1: (test=0.830) roc_auc: (test=0.946) 1.00min
[fit 178/210] END max_layers=200, n_estimators=2, n_trees=150; total=2689, TP=96, TN=2556, FP=4, FN=33; precision=0.960, recall=0.744
accuracy: (test=0.986) average_precision: (test=0.873) balanced_accuracy: (test=0.871) f1: (test=0.838) roc_auc: (test=0.950) 1.42min
[fit 179/210] END max_layers=200, n_estimators=2, n_trees=200; total=2689, TP=96, TN=2552, FP=8, FN=33; precision=0.923, recall=0.744
accuracy: (test=0.985) average_precision: (test=0.881) balanced_accuracy: (test=0.871) f1: (test=0.824) roc_auc: (test=0.966) 1.49min
[fit 181/210] END max_layers=200, n_estimators=2, n_trees=300; total=2689, TP=90, TN=2558, FP=2, FN=39; precision=0.978, recall=0.698
accuracy: (test=0.985) average_precision: (test=0.857) balanced_accuracy: (test=0.848) f1: (test=0.814) roc_auc: (test=0.945) 2.98min
[fit 183/210] END max_layers=200, n_estimators=5, n_trees=50; total=2689, TP=96, TN=2551, FP=9, FN=33; precision=0.914, recall=0.744
accuracy: (test=0.984) average_precision: (test=0.812) balanced_accuracy: (test=0.870) f1: (test=0.821) roc_auc: (test=0.913) 1.78min
[fit 184/210] END max_layers=200, n_estimators=5, n_trees=100; total=2689, TP=96, TN=2555, FP=5, FN=33; precision=0.950, recall=0.744
accuracy: (test=0.986) average_precision: (test=0.867) balanced_accuracy: (test=0.871) f1: (test=0.835) roc_auc: (test=0.946) 2.20min
[fit 186/210] END max_layers=200, n_estimators=5, n_trees=200; total=2689, TP=93, TN=2555, FP=5, FN=36; precision=0.949, recall=0.721
accuracy: (test=0.985) average_precision: (test=0.858) balanced_accuracy: (test=0.859) f1: (test=0.819) roc_auc: (test=0.945) 3.68min
[fit 189/210] END max_layers=200, n_estimators=5, n_trees=400; total=2689, TP=95, TN=2554, FP=6, FN=34; precision=0.941, recall=0.736
accuracy: (test=0.985) average_precision: (test=0.884) balanced_accuracy: (test=0.867) f1: (test=0.826) roc_auc: (test=0.971) 5.86min
[fit 193/210] END max_layers=200, n_estimators=8, n_trees=200; total=2689, TP=95, TN=2555, FP=5, FN=34; precision=0.950, recall=0.736
accuracy: (test=0.985) average_precision: (test=0.843) balanced_accuracy: (test=0.867) f1: (test=0.830) roc_auc: (test=0.931) 5.69min
[fit 196/210] END max_layers=200, n_estimators=8, n_trees=400; total=2689, TP=91, TN=2557, FP=3, FN=38; precision=0.968, recall=0.705
accuracy: (test=0.985) average_precision: (test=0.838) balanced_accuracy: (test=0.852) f1: (test=0.816) roc_auc: (test=0.930) 10.65min
[fit 198/210] END max_layers=200, n_estimators=10, n_trees=100; total=2689, TP=95, TN=2555, FP=5, FN=34; precision=0.950, recall=0.736
accuracy: (test=0.985) average_precision: (test=0.843) balanced_accuracy: (test=0.867) f1: (test=0.830) roc_auc: (test=0.932) 4.16min
[fit 200/210] END max_layers=200, n_estimators=10, n_trees=200; total=2689, TP=93, TN=2557, FP=3, FN=36; precision=0.969, recall=0.721
accuracy: (test=0.985) average_precision: (test=0.847) balanced_accuracy: (test=0.860) f1: (test=0.827) roc_auc: (test=0.928) 7.39min
[fit 203/210] END max_layers=200, n_estimators=10, n_trees=400; total=2689, TP=90, TN=2557, FP=3, FN=39; precision=0.968, recall=0.698
accuracy: (test=0.984) average_precision: (test=0.816) balanced_accuracy: (test=0.848) f1: (test=0.811) roc_auc: (test=0.913) 15.28min
[fit 208/210] END max_layers=200, n_estimators=13, n_trees=250; total=2689, TP=94, TN=2555, FP=5, FN=35; precision=0.949, recall=0.729
accuracy: (test=0.985) average_precision: (test=0.851) balanced_accuracy: (test=0.863) f1: (test=0.825) roc_auc: (test=0.932) 11.43min

[fit 158/210] END max_layers=150, n_estimators=8, n_trees=200; total=2689, TP=95, TN=2555, FP=5, FN=34; precision=0.950, recall=0.736
accuracy: (test=0.985) average_precision: (test=0.843) balanced_accuracy: (test=0.867) f1: (test=0.830) roc_auc: (test=0.931) 5.61min
[fit 161/210] END max_layers=150, n_estimators=8, n_trees=400; total=2689, TP=91, TN=2557, FP=3, FN=38; precision=0.968, recall=0.705
accuracy: (test=0.985) average_precision: (test=0.838) balanced_accuracy: (test=0.852) f1: (test=0.816) roc_auc: (test=0.930) 10.61min
[fit 166/210] END max_layers=150, n_estimators=10, n_trees=250; total=2689, TP=93, TN=2557, FP=3, FN=36; precision=0.969, recall=0.721
accuracy: (test=0.985) average_precision: (test=0.851) balanced_accuracy: (test=0.860) f1: (test=0.827) roc_auc: (test=0.932) 9.08min
[fit 169/210] END max_layers=150, n_estimators=13, n_trees=50; total=2689, TP=97, TN=2552, FP=8, FN=32; precision=0.924, recall=0.752
accuracy: (test=0.985) average_precision: (test=0.825) balanced_accuracy: (test=0.874) f1: (test=0.829) roc_auc: (test=0.920) 3.70min
[fit 170/210] END max_layers=150, n_estimators=13, n_trees=100; total=2689, TP=95, TN=2554, FP=6, FN=34; precision=0.941, recall=0.736
accuracy: (test=0.985) average_precision: (test=0.832) balanced_accuracy: (test=0.867) f1: (test=0.826) roc_auc: (test=0.924) 5.50min
[fit 172/210] END max_layers=150, n_estimators=13, n_trees=200; total=2689, TP=93, TN=2555, FP=5, FN=36; precision=0.949, recall=0.721
accuracy: (test=0.985) average_precision: (test=0.837) balanced_accuracy: (test=0.859) f1: (test=0.819) roc_auc: (test=0.928) 9.39min
[fit 175/210] END max_layers=150, n_estimators=13, n_trees=400; total=2689, TP=91, TN=2557, FP=3, FN=38; precision=0.968, recall=0.705
accuracy: (test=0.985) average_precision: (test=0.822) balanced_accuracy: (test=0.852) f1: (test=0.816) roc_auc: (test=0.917) 19.50min
[fit 188/210] END max_layers=200, n_estimators=5, n_trees=300; total=2689, TP=94, TN=2556, FP=4, FN=35; precision=0.959, recall=0.729
accuracy: (test=0.985) average_precision: (test=0.861) balanced_accuracy: (test=0.864) f1: (test=0.828) roc_auc: (test=0.939) 5.52min
[fit 191/210] END max_layers=200, n_estimators=8, n_trees=100; total=2689, TP=92, TN=2556, FP=4, FN=37; precision=0.958, recall=0.713
accuracy: (test=0.985) average_precision: (test=0.828) balanced_accuracy: (test=0.856) f1: (test=0.818) roc_auc: (test=0.924) 4.60min
[fit 194/210] END max_layers=200, n_estimators=8, n_trees=250; total=2689, TP=93, TN=2557, FP=3, FN=36; precision=0.969, recall=0.721
accuracy: (test=0.985) average_precision: (test=0.835) balanced_accuracy: (test=0.860) f1: (test=0.827) roc_auc: (test=0.920) 8.20min
[fit 197/210] END max_layers=200, n_estimators=10, n_trees=50; total=2689, TP=97, TN=2551, FP=9, FN=32; precision=0.915, recall=0.752
accuracy: (test=0.985) average_precision: (test=0.818) balanced_accuracy: (test=0.874) f1: (test=0.826) roc_auc: (test=0.915) 3.30min
[fit 199/210] END max_layers=200, n_estimators=10, n_trees=150; total=2689, TP=94, TN=2556, FP=4, FN=35; precision=0.959, recall=0.729
accuracy: (test=0.985) average_precision: (test=0.840) balanced_accuracy: (test=0.864) f1: (test=0.828) roc_auc: (test=0.928) 5.75min
[fit 202/210] END max_layers=200, n_estimators=10, n_trees=300; total=2689, TP=92, TN=2557, FP=3, FN=37; precision=0.968, recall=0.713
accuracy: (test=0.985) average_precision: (test=0.827) balanced_accuracy: (test=0.856) f1: (test=0.821) roc_auc: (test=0.920) 12.07min
[fit 206/210] END max_layers=200, n_estimators=13, n_trees=150; total=2689, TP=90, TN=2557, FP=3, FN=39; precision=0.968, recall=0.698
accuracy: (test=0.984) average_precision: (test=0.827) balanced_accuracy: (test=0.848) f1: (test=0.811) roc_auc: (test=0.920) 8.50min
[fit 209/210] END max_layers=200, n_estimators=13, n_trees=300; total=2689, TP=91, TN=2556, FP=4, FN=38; precision=0.958, recall=0.705
accuracy: (test=0.984) average_precision: (test=0.832) balanced_accuracy: (test=0.852) f1: (test=0.812) roc_auc: (test=0.924) 12.17min
write rank test to csv!!!
write over!!!
clf.best_estimator_params: {'max_layers': 20, 'n_estimators': 5, 'n_trees': 400}
best params found in line [15] for metric [roc_auc] in rank file
best params found in fit [14] for metric [roc_auc] in run_and_score file
total time spending: 7h 13m 33s

[fit 201/210] END max_layers=200, n_estimators=10, n_trees=250; total=2689, TP=93, TN=2557, FP=3, FN=36; precision=0.969, recall=0.721
accuracy: (test=0.985) average_precision: (test=0.851) balanced_accuracy: (test=0.860) f1: (test=0.827) roc_auc: (test=0.932) 9.09min
[fit 204/210] END max_layers=200, n_estimators=13, n_trees=50; total=2689, TP=97, TN=2552, FP=8, FN=32; precision=0.924, recall=0.752
accuracy: (test=0.985) average_precision: (test=0.825) balanced_accuracy: (test=0.874) f1: (test=0.829) roc_auc: (test=0.920) 3.70min
[fit 205/210] END max_layers=200, n_estimators=13, n_trees=100; total=2689, TP=95, TN=2554, FP=6, FN=34; precision=0.941, recall=0.736
accuracy: (test=0.985) average_precision: (test=0.832) balanced_accuracy: (test=0.867) f1: (test=0.826) roc_auc: (test=0.924) 5.40min
[fit 207/210] END max_layers=200, n_estimators=13, n_trees=200; total=2689, TP=93, TN=2555, FP=5, FN=36; precision=0.949, recall=0.721
accuracy: (test=0.985) average_precision: (test=0.837) balanced_accuracy: (test=0.859) f1: (test=0.819) roc_auc: (test=0.928) 9.15min
[fit 210/210] END max_layers=200, n_estimators=13, n_trees=400; total=2689, TP=91, TN=2557, FP=3, FN=38; precision=0.968, recall=0.705
accuracy: (test=0.985) average_precision: (test=0.822) balanced_accuracy: (test=0.852) f1: (test=0.816) roc_auc: (test=0.917) 14.57min
