nohup: 忽略输入
Intel(R) Extension for Scikit-learn* enabled (https://github.com/intel/scikit-learn-intelex)
experiment: NHEK
trainSet len: 46280
testSet len: 2689
Start Fit!!!
Fitting 5 folds for each of 704 candidates, totalling 3520 fits
[CV 1/5] END C=0.0009765625, gamma=0.0009765625, kernel=rbf; accuracy: (test=0.553) average_precision: (test=0.584) f1: (test=0.607) roc_auc: (test=0.582) total time= 5.4min
[CV 2/5] END C=0.0009765625, gamma=0.0009765625, kernel=rbf; accuracy: (test=0.544) average_precision: (test=0.573) f1: (test=0.606) roc_auc: (test=0.572) total time= 5.2min
[CV 3/5] END C=0.0009765625, gamma=0.0009765625, kernel=rbf; accuracy: (test=0.553) average_precision: (test=0.590) f1: (test=0.614) roc_auc: (test=0.588) total time= 5.2min
[CV 4/5] END C=0.0009765625, gamma=0.0009765625, kernel=rbf; accuracy: (test=0.555) average_precision: (test=0.595) f1: (test=0.621) roc_auc: (test=0.593) total time= 5.2min
[CV 5/5] END C=0.0009765625, gamma=0.0009765625, kernel=rbf; accuracy: (test=0.532) average_precision: (test=0.567) f1: (test=0.613) roc_auc: (test=0.563) total time= 5.5min
[CV 1/5] END C=0.0009765625, gamma=0.001953125, kernel=rbf; accuracy: (test=0.552) average_precision: (test=0.585) f1: (test=0.616) roc_auc: (test=0.582) total time= 5.2min
[CV 2/5] END C=0.0009765625, gamma=0.001953125, kernel=rbf; accuracy: (test=0.541) average_precision: (test=0.573) f1: (test=0.614) roc_auc: (test=0.572) total time= 5.4min
[CV 3/5] END C=0.0009765625, gamma=0.001953125, kernel=rbf; accuracy: (test=0.554) average_precision: (test=0.590) f1: (test=0.615) roc_auc: (test=0.588) total time= 5.3min
[CV 4/5] END C=0.0009765625, gamma=0.001953125, kernel=rbf; accuracy: (test=0.555) average_precision: (test=0.595) f1: (test=0.622) roc_auc: (test=0.593) total time= 5.3min
[CV 5/5] END C=0.0009765625, gamma=0.001953125, kernel=rbf; accuracy: (test=0.532) average_precision: (test=0.567) f1: (test=0.614) roc_auc: (test=0.563) total time= 5.2min
[CV 1/5] END C=0.0009765625, gamma=0.00390625, kernel=rbf; accuracy: (test=0.552) average_precision: (test=0.585) f1: (test=0.613) roc_auc: (test=0.582) total time= 5.2min
[CV 2/5] END C=0.0009765625, gamma=0.00390625, kernel=rbf; accuracy: (test=0.544) average_precision: (test=0.573) f1: (test=0.612) roc_auc: (test=0.572) total time= 5.2min
[CV 3/5] END C=0.0009765625, gamma=0.00390625, kernel=rbf; accuracy: (test=0.554) average_precision: (test=0.590) f1: (test=0.619) roc_auc: (test=0.588) total time= 5.2min
[CV 4/5] END C=0.0009765625, gamma=0.00390625, kernel=rbf; accuracy: (test=0.555) average_precision: (test=0.595) f1: (test=0.622) roc_auc: (test=0.593) total time= 5.2min
[CV 5/5] END C=0.0009765625, gamma=0.00390625, kernel=rbf; accuracy: (test=0.532) average_precision: (test=0.567) f1: (test=0.612) roc_auc: (test=0.563) total time= 5.2min
[CV 1/5] END C=0.0009765625, gamma=0.0078125, kernel=rbf; accuracy: (test=0.552) average_precision: (test=0.585) f1: (test=0.616) roc_auc: (test=0.582) total time= 5.2min
[CV 2/5] END C=0.0009765625, gamma=0.0078125, kernel=rbf; accuracy: (test=0.545) average_precision: (test=0.574) f1: (test=0.612) roc_auc: (test=0.572) total time= 5.2min
[CV 3/5] END C=0.0009765625, gamma=0.0078125, kernel=rbf; accuracy: (test=0.554) average_precision: (test=0.591) f1: (test=0.620) roc_auc: (test=0.588) total time= 5.2min
[CV 4/5] END C=0.0009765625, gamma=0.0078125, kernel=rbf; accuracy: (test=0.559) average_precision: (test=0.595) f1: (test=0.620) roc_auc: (test=0.593) total time= 5.2min
[CV 5/5] END C=0.0009765625, gamma=0.0078125, kernel=rbf; accuracy: (test=0.532) average_precision: (test=0.567) f1: (test=0.613) roc_auc: (test=0.563) total time= 5.2min
[CV 1/5] END C=0.0009765625, gamma=0.015625, kernel=rbf; accuracy: (test=0.552) average_precision: (test=0.585) f1: (test=0.617) roc_auc: (test=0.582) total time= 5.3min
[CV 2/5] END C=0.0009765625, gamma=0.015625, kernel=rbf; accuracy: (test=0.542) average_precision: (test=0.574) f1: (test=0.614) roc_auc: (test=0.572) total time= 5.2min
[CV 3/5] END C=0.0009765625, gamma=0.015625, kernel=rbf; accuracy: (test=0.553) average_precision: (test=0.590) f1: (test=0.610) roc_auc: (test=0.588) total time= 5.2min
[CV 4/5] END C=0.0009765625, gamma=0.015625, kernel=rbf; accuracy: (test=0.556) average_precision: (test=0.596) f1: (test=0.621) roc_auc: (test=0.593) total time= 5.2min
[CV 5/5] END C=0.0009765625, gamma=0.015625, kernel=rbf; accuracy: (test=0.532) average_precision: (test=0.567) f1: (test=0.614) roc_auc: (test=0.563) total time= 5.2min
[CV 1/5] END C=0.0009765625, gamma=0.03125, kernel=rbf; accuracy: (test=0.554) average_precision: (test=0.585) f1: (test=0.609) roc_auc: (test=0.582) total time= 5.2min
[CV 2/5] END C=0.0009765625, gamma=0.03125, kernel=rbf; accuracy: (test=0.542) average_precision: (test=0.575) f1: (test=0.615) roc_auc: (test=0.572) total time= 5.2min
[CV 3/5] END C=0.0009765625, gamma=0.03125, kernel=rbf; accuracy: (test=0.554) average_precision: (test=0.591) f1: (test=0.615) roc_auc: (test=0.588) total time= 5.2min
[CV 4/5] END C=0.0009765625, gamma=0.03125, kernel=rbf; accuracy: (test=0.559) average_precision: (test=0.596) f1: (test=0.620) roc_auc: (test=0.593) total time= 5.2min
[CV 5/5] END C=0.0009765625, gamma=0.03125, kernel=rbf; accuracy: (test=0.533) average_precision: (test=0.567) f1: (test=0.613) roc_auc: (test=0.563) total time= 5.2min
[CV 1/5] END C=0.0009765625, gamma=0.0625, kernel=rbf; accuracy: (test=0.552) average_precision: (test=0.585) f1: (test=0.612) roc_auc: (test=0.582) total time= 5.2min
[CV 2/5] END C=0.0009765625, gamma=0.0625, kernel=rbf; accuracy: (test=0.545) average_precision: (test=0.573) f1: (test=0.611) roc_auc: (test=0.572) total time= 5.2min
[CV 3/5] END C=0.0009765625, gamma=0.0625, kernel=rbf; accuracy: (test=0.552) average_precision: (test=0.591) f1: (test=0.612) roc_auc: (test=0.588) total time= 5.2min
[CV 4/5] END C=0.0009765625, gamma=0.0625, kernel=rbf; accuracy: (test=0.558) average_precision: (test=0.595) f1: (test=0.620) roc_auc: (test=0.593) total time= 5.2min
[CV 5/5] END C=0.0009765625, gamma=0.0625, kernel=rbf; accuracy: (test=0.532) average_precision: (test=0.567) f1: (test=0.612) roc_auc: (test=0.563) total time= 5.2min
[CV 1/5] END C=0.0009765625, gamma=0.125, kernel=rbf; accuracy: (test=0.552) average_precision: (test=0.585) f1: (test=0.612) roc_auc: (test=0.582) total time= 5.2min
[CV 2/5] END C=0.0009765625, gamma=0.125, kernel=rbf; accuracy: (test=0.545) average_precision: (test=0.574) f1: (test=0.610) roc_auc: (test=0.572) total time= 5.2min
[CV 3/5] END C=0.0009765625, gamma=0.125, kernel=rbf; accuracy: (test=0.555) average_precision: (test=0.591) f1: (test=0.622) roc_auc: (test=0.588) total time= 5.2min
[CV 4/5] END C=0.0009765625, gamma=0.125, kernel=rbf; accuracy: (test=0.556) average_precision: (test=0.596) f1: (test=0.621) roc_auc: (test=0.593) total time= 5.2min
[CV 5/5] END C=0.0009765625, gamma=0.125, kernel=rbf; accuracy: (test=0.533) average_precision: (test=0.567) f1: (test=0.612) roc_auc: (test=0.563) total time= 5.2min
[CV 1/5] END C=0.0009765625, gamma=0.25, kernel=rbf; accuracy: (test=0.552) average_precision: (test=0.585) f1: (test=0.612) roc_auc: (test=0.582) total time= 5.2min
[CV 2/5] END C=0.0009765625, gamma=0.25, kernel=rbf; accuracy: (test=0.542) average_precision: (test=0.573) f1: (test=0.612) roc_auc: (test=0.572) total time= 5.2min
[CV 3/5] END C=0.0009765625, gamma=0.25, kernel=rbf; accuracy: (test=0.554) average_precision: (test=0.590) f1: (test=0.619) roc_auc: (test=0.588) total time= 5.2min
[CV 4/5] END C=0.0009765625, gamma=0.25, kernel=rbf; accuracy: (test=0.555) average_precision: (test=0.595) f1: (test=0.622) roc_auc: (test=0.593) total time= 5.2min
[CV 5/5] END C=0.0009765625, gamma=0.25, kernel=rbf; accuracy: (test=0.533) average_precision: (test=0.567) f1: (test=0.611) roc_auc: (test=0.563) total time= 5.2min
[CV 1/5] END C=0.0009765625, gamma=0.5, kernel=rbf; accuracy: (test=0.554) average_precision: (test=0.586) f1: (test=0.621) roc_auc: (test=0.584) total time= 5.3min
[CV 2/5] END C=0.0009765625, gamma=0.5, kernel=rbf; accuracy: (test=0.539) average_precision: (test=0.574) f1: (test=0.621) roc_auc: (test=0.572) total time= 5.2min
[CV 3/5] END C=0.0009765625, gamma=0.5, kernel=rbf; accuracy: (test=0.552) average_precision: (test=0.590) f1: (test=0.632) roc_auc: (test=0.588) total time= 5.3min
[CV 4/5] END C=0.0009765625, gamma=0.5, kernel=rbf; accuracy: (test=0.552) average_precision: (test=0.596) f1: (test=0.634) roc_auc: (test=0.594) total time= 5.3min
[CV 5/5] END C=0.0009765625, gamma=0.5, kernel=rbf; accuracy: (test=0.533) average_precision: (test=0.568) f1: (test=0.616) roc_auc: (test=0.563) total time= 5.2min
[CV 1/5] END C=0.0009765625, gamma=1.0, kernel=rbf; accuracy: (test=0.554) average_precision: (test=0.586) f1: (test=0.623) roc_auc: (test=0.585) total time= 5.3min
[CV 2/5] END C=0.0009765625, gamma=1.0, kernel=rbf; accuracy: (test=0.540) average_precision: (test=0.574) f1: (test=0.619) roc_auc: (test=0.573) total time= 5.3min
[CV 3/5] END C=0.0009765625, gamma=1.0, kernel=rbf; accuracy: (test=0.554) average_precision: (test=0.590) f1: (test=0.626) roc_auc: (test=0.588) total time= 5.3min
[CV 4/5] END C=0.0009765625, gamma=1.0, kernel=rbf; accuracy: (test=0.553) average_precision: (test=0.596) f1: (test=0.636) roc_auc: (test=0.594) total time= 5.3min
[CV 5/5] END C=0.0009765625, gamma=1.0, kernel=rbf; accuracy: (test=0.533) average_precision: (test=0.568) f1: (test=0.622) roc_auc: (test=0.563) total time= 5.7min
[CV 1/5] END C=0.0009765625, gamma=2.0, kernel=rbf; accuracy: (test=0.555) average_precision: (test=0.587) f1: (test=0.620) roc_auc: (test=0.585) total time= 5.3min
[CV 2/5] END C=0.0009765625, gamma=2.0, kernel=rbf; accuracy: (test=0.540) average_precision: (test=0.575) f1: (test=0.618) roc_auc: (test=0.573) total time= 5.3min
[CV 3/5] END C=0.0009765625, gamma=2.0, kernel=rbf; accuracy: (test=0.554) average_precision: (test=0.591) f1: (test=0.622) roc_auc: (test=0.588) total time= 5.3min
[CV 4/5] END C=0.0009765625, gamma=2.0, kernel=rbf; accuracy: (test=0.556) average_precision: (test=0.596) f1: (test=0.628) roc_auc: (test=0.594) total time= 5.3min
[CV 5/5] END C=0.0009765625, gamma=2.0, kernel=rbf; accuracy: (test=0.533) average_precision: (test=0.569) f1: (test=0.617) roc_auc: (test=0.563) total time= 5.6min
[CV 1/5] END C=0.0009765625, gamma=4.0, kernel=rbf; accuracy: (test=0.555) average_precision: (test=0.587) f1: (test=0.616) roc_auc: (test=0.585) total time= 5.6min
[CV 2/5] END C=0.0009765625, gamma=4.0, kernel=rbf; accuracy: (test=0.543) average_precision: (test=0.576) f1: (test=0.618) roc_auc: (test=0.573) total time= 5.5min
[CV 3/5] END C=0.0009765625, gamma=4.0, kernel=rbf; accuracy: (test=0.555) average_precision: (test=0.592) f1: (test=0.627) roc_auc: (test=0.589) total time= 5.5min
[CV 4/5] END C=0.0009765625, gamma=4.0, kernel=rbf; accuracy: (test=0.555) average_precision: (test=0.597) f1: (test=0.628) roc_auc: (test=0.595) total time= 5.4min
[CV 5/5] END C=0.0009765625, gamma=4.0, kernel=rbf; accuracy: (test=0.533) average_precision: (test=0.569) f1: (test=0.613) roc_auc: (test=0.564) total time= 5.5min
[CV 1/5] END C=0.0009765625, gamma=8.0, kernel=rbf; accuracy: (test=0.557) average_precision: (test=0.588) f1: (test=0.615) roc_auc: (test=0.586) total time= 5.4min
[CV 2/5] END C=0.0009765625, gamma=8.0, kernel=rbf; accuracy: (test=0.546) average_precision: (test=0.577) f1: (test=0.612) roc_auc: (test=0.574) total time= 5.4min
[CV 3/5] END C=0.0009765625, gamma=8.0, kernel=rbf; accuracy: (test=0.554) average_precision: (test=0.593) f1: (test=0.619) roc_auc: (test=0.590) total time= 5.4min
[CV 4/5] END C=0.0009765625, gamma=8.0, kernel=rbf; accuracy: (test=0.559) average_precision: (test=0.598) f1: (test=0.622) roc_auc: (test=0.595) total time= 5.4min
[CV 5/5] END C=0.0009765625, gamma=8.0, kernel=rbf; accuracy: (test=0.534) average_precision: (test=0.570) f1: (test=0.614) roc_auc: (test=0.564) total time= 5.4min
[CV 1/5] END C=0.0009765625, gamma=16.0, kernel=rbf; accuracy: (test=0.558) average_precision: (test=0.590) f1: (test=0.615) roc_auc: (test=0.587) total time= 5.4min
[CV 2/5] END C=0.0009765625, gamma=16.0, kernel=rbf; accuracy: (test=0.547) average_precision: (test=0.580) f1: (test=0.612) roc_auc: (test=0.575) total time= 5.3min
[CV 3/5] END C=0.0009765625, gamma=16.0, kernel=rbf; accuracy: (test=0.555) average_precision: (test=0.595) f1: (test=0.620) roc_auc: (test=0.591) total time= 5.3min
[CV 4/5] END C=0.0009765625, gamma=16.0, kernel=rbf; accuracy: (test=0.559) average_precision: (test=0.601) f1: (test=0.622) roc_auc: (test=0.597) total time= 5.3min
[CV 5/5] END C=0.0009765625, gamma=16.0, kernel=rbf; accuracy: (test=0.536) average_precision: (test=0.571) f1: (test=0.614) roc_auc: (test=0.565) total time= 5.4min
terminate called after throwing an instance of 'std::bad_alloc'
  what():  std::bad_alloc
